CPXPARAM_Read_DataCheck                          1
CPXPARAM_TimeLimit                               14400
Tried aggregator 2 times.
MIP Presolve eliminated 806 rows and 424716 columns.
MIP Presolve added 28 rows and 0 columns.
MIP Presolve modified 463 coefficients.
Aggregator did 1032 substitutions.
Reduced MIP has 368716 rows, 11016 columns, and 752237 nonzeros.
Reduced MIP has 3516 binaries, 0 generals, 0 SOSs, and 0 indicators.
Presolve time = 0.85 sec. (4601.61 ticks)
Found incumbent of value 14.000000 after 1.70 sec. (5188.61 ticks)
Probing fixed 9 vars, tightened 0 bounds.
Probing time = 1.40 sec. (11.32 ticks)
Tried aggregator 1 time.
MIP Presolve eliminated 324104 rows and 5004 columns.
Reduced MIP has 44612 rows, 6012 columns, and 104029 nonzeros.
Reduced MIP has 3507 binaries, 0 generals, 0 SOSs, and 0 indicators.
Presolve time = 93.63 sec. (12457.43 ticks)
Probing time = 1.18 sec. (1.79 ticks)
Clique table members: 1215.
MIP emphasis: balance optimality and feasibility.
MIP search method: dynamic search.
Parallel mode: deterministic, using up to 24 threads.
Root relaxation solution time = 0.88 sec. (219.52 ticks)

        Nodes                                         Cuts/
   Node  Left     Objective  IInf  Best Integer    Best Bound    ItCnt     Gap

*     0+    0                           14.0000      995.0000              --- 
*     0+    0                          612.0000      995.0000            62.58%
      0     0      825.5000   249      612.0000      825.5000     3147   34.89%
Exception raised in listener 'MipGapPrinter': 'int' object is not callable, id=1
*     0+    0                          661.0000      825.5000            24.89%
Exception raised in listener 'MipGapPrinter': 'int' object is not callable, id=3
      0     0      776.6923   196      661.0000     Cuts: 520     3763   17.50%
      0     0      776.5000   249      661.0000     Cuts: 274     4369   17.47%
*     0+    0                          735.0000      776.5000             5.65%
Exception raised in listener 'MipGapPrinter': 'int' object is not callable, id=7
      0     0      776.5000   246      735.0000     Cuts: 157     4863    5.65%
*     0+    0                          750.0000      776.5000             3.53%
*     0+    0                          754.0000      776.5000             2.98%
*     0+    0                          756.0000      776.5000             2.71%
Exception raised in listener 'MipGapPrinter': 'int' object is not callable, id=10
      0     0      776.5000   203      756.0000     Cuts: 148     5511    2.71%
      0     0      776.5000   180      756.0000      Cuts: 87     5970    2.71%
      0     0      776.5000   198      756.0000     Cuts: 110     6511    2.71%
*     0+    0                          762.0000      776.5000             1.90%
*     0+    0                          764.0000      776.5000             1.64%
*     0+    0                          766.0000      776.5000             1.37%
Exception raised in listener 'MipGapPrinter': 'int' object is not callable, id=17
      0     0      776.5000   113      766.0000      Cuts: 23     6690    1.37%
      0     0      776.5000   150      766.0000     Cuts: 110     7100    1.37%
      0     2      776.5000    36      766.0000      776.5000     7100    1.37%
Elapsed time = 123.40 sec. (22983.61 ticks, tree = 0.02 MB, solutions = 10)
     22     9      776.5000    48      766.0000      776.5000     7183    1.37%
*   111+   13                          768.0000      776.5000             1.11%
Exception raised in listener 'MipGapPrinter': 'int' object is not callable, id=40
    153   123      776.5000    69      768.0000      776.5000    13280    1.11%
    269   250      776.5000    66      768.0000      776.5000    20017    1.11%
    451   393      776.5000   102      768.0000      776.5000    44579    1.11%
    719   587      776.5000    56      768.0000      776.5000    58111    1.11%
   1021   836      776.5000    90      768.0000      776.5000    68392    1.11%
   1432  1281      776.0000    72      768.0000      776.5000    86267    1.11%
   1833  1482      776.5000    49      768.0000      776.5000    95104    1.11%
   2220  1948      776.5000    92      768.0000      776.5000   113937    1.11%
   3413  2963      776.5000    46      768.0000      776.5000   160359    1.11%
Elapsed time = 154.58 sec. (26093.96 ticks, tree = 58.73 MB, solutions = 12)
*  4337+ 3855                          770.0000      776.5000             0.84%
Exception raised in listener 'MipGapPrinter': 'int' object is not callable, id=63
   4794  4495      776.0000    49      770.0000      776.5000   228636    0.84%
*  5389+ 3572                          772.0000      775.3333             0.43%
Exception raised in listener 'MipGapPrinter': 'int' object is not callable, id=65
   5389  3573      775.3333    22      772.0000      775.3333   285336    0.43%
*  5393+ 2381                          774.0000      775.3333             0.17%
Exception raised in listener 'MipGapPrinter': 'int' object is not callable, id=71
*  5411+  426                          775.0000      775.3333             0.04%
Exception raised in listener 'MipGapPrinter': 'int' object is not callable, id=77

GUB cover cuts applied:  185
Clique cuts applied:  20
Cover cuts applied:  155
Flow cuts applied:  8
Mixed integer rounding cuts applied:  22
Zero-half cuts applied:  56
Lift and project cuts applied:  7
Gomory fractional cuts applied:  122

Root node processing (before b&c):
  Real time             =  122.42 sec. (23023.49 ticks)
Parallel b&c, 24 threads:
  Real time             =   76.41 sec. (8130.82 ticks)
  Sync time (average)   =   31.39 sec.
  Wait time (average)   =    0.05 sec.
                          ------------
Total (root+branch&cut) =  198.82 sec. (31154.31 ticks)
status  = integer optimal solution
time    = 198.96 s.
problem = MILP
gap     = 0%

Objective value: 775.0
[50, 150, 8, 8, 400, 284, 775, 775, 0.0, 198.96]
number of spatial :  678
Heuristic Solution information :  [50, 150, 8, 8, 400, 265, 684, 6, 678]
