CPXPARAM_Read_DataCheck                          1
CPXPARAM_TimeLimit                               14400
Tried aggregator 2 times.
MIP Presolve eliminated 12700 rows and 113208 columns.
MIP Presolve modified 846 coefficients.
Aggregator did 1006 substitutions.
Reduced MIP has 140406 rows, 32526 columns, and 429026 nonzeros.
Reduced MIP has 30026 binaries, 0 generals, 0 SOSs, and 0 indicators.
Presolve time = 1.15 sec. (1800.22 ticks)
Probing time = 2.68 sec. (8.54 ticks)
Tried aggregator 1 time.
MIP Presolve eliminated 98000 rows and 2000 columns.
Reduced MIP has 42406 rows, 30526 columns, and 233026 nonzeros.
Reduced MIP has 30026 binaries, 0 generals, 0 SOSs, and 0 indicators.
Presolve time = 0.51 sec. (294.18 ticks)
Probing time = 1.40 sec. (6.58 ticks)
Clique table members: 16395.
MIP emphasis: balance optimality and feasibility.
MIP search method: dynamic search.
Parallel mode: deterministic, using up to 24 threads.
Root relaxation solution time = 6.03 sec. (1156.43 ticks)

        Nodes                                         Cuts/
   Node  Left     Objective  IInf  Best Integer    Best Bound    ItCnt     Gap

*     0+    0                          206.0000     1020.0000           395.15%
      0     0      465.9000   517      206.0000      465.9000    21299  126.17%
Exception raised in listener 'MipGapPrinter': 'int' object is not callable, id=1
*     0+    0                          325.0000      465.9000            43.35%
Exception raised in listener 'MipGapPrinter': 'int' object is not callable, id=3
      0     0      408.0000   488      325.0000     Cuts: 594    28700   25.54%
      0     0      390.0000   332      325.0000     Cuts: 563    35613   20.00%
      0     0      389.0000   362      325.0000     Cuts: 161    40065   19.69%
*     0+    0                          360.0000      389.0000             8.06%
*     0+    0                          363.0000      389.0000             7.16%
Exception raised in listener 'MipGapPrinter': 'int' object is not callable, id=9
      0     0      389.0000   400      363.0000     Cuts: 176    45069    7.16%
*     0+    0                          379.0000      389.0000             2.64%
Exception raised in listener 'MipGapPrinter': 'int' object is not callable, id=12
      0     0      389.0000   202      379.0000      Cuts: 16    48876    2.64%
*     0+    0                          380.0000      389.0000             2.37%
Exception raised in listener 'MipGapPrinter': 'int' object is not callable, id=14
      0     0      389.0000   314      380.0000      Cuts: 98    52533    2.37%
*     0+    0                          381.0000      389.0000             2.10%
*     0+    0                          382.0000      389.0000             1.83%
*     0+    0                          383.0000      389.0000             1.57%
Exception raised in listener 'MipGapPrinter': 'int' object is not callable, id=16
*     0+    0                          384.0000      389.0000             1.30%
Exception raised in listener 'MipGapPrinter': 'int' object is not callable, id=17
      0     2      389.0000   116      384.0000      389.0000    52533    1.30%
Elapsed time = 133.55 sec. (34487.84 ticks, tree = 0.02 MB, solutions = 10)
      2     4      389.0000   136      384.0000      389.0000    55344    1.30%
      5     7      389.0000   130      384.0000      389.0000    57811    1.30%
      6     8      389.0000   127      384.0000      389.0000    60351    1.30%
     10    11      389.0000   113      384.0000      389.0000    62344    1.30%
     16     4      389.0000   146      384.0000      389.0000    54330    1.30%
     22    22      389.0000   106      384.0000      389.0000    71011    1.30%
     27    25      389.0000    99      384.0000      389.0000    73723    1.30%
     33     8      389.0000   130      384.0000      389.0000    57913    1.30%
     47    38      389.0000   106      384.0000      389.0000    83128    1.30%
*    73+   23                          385.0000      389.0000             1.04%
     92    54      389.0000   162      385.0000      389.0000   110306    1.04%
Elapsed time = 162.31 sec. (38101.97 ticks, tree = 0.26 MB, solutions = 11)
Exception raised in listener 'MipGapPrinter': 'int' object is not callable, id=29
    128   107      389.0000   117      385.0000      389.0000   188363    1.04%
    249   160      389.0000   151      385.0000      389.0000   261696    1.04%
    404   249      389.0000   161      385.0000      389.0000   345755    1.04%
    508   333      388.8857   149      385.0000      389.0000   448947    1.04%
    622   447      387.2000    98      385.0000      389.0000   601515    1.04%
    781   527    infeasible            385.0000      389.0000   673858    1.04%
    915   655      389.0000   223      385.0000      389.0000   791348    1.04%
   1024   685      388.0000   141      385.0000      389.0000   838481    1.04%
   1116   715        cutoff            385.0000      389.0000   886866    1.04%
   1178   805      388.0000   220      385.0000      389.0000  1001364    1.04%
Elapsed time = 261.08 sec. (47748.42 ticks, tree = 8.52 MB, solutions = 13)
   1246   863      389.0000   201      385.0000      389.0000  1069033    1.04%
   1370   870      389.0000   187      385.0000      389.0000  1074435    1.04%
   1479   955      388.7750   171      385.0000      389.0000  1264849    1.04%
   1572  1014      386.0000    88      385.0000      389.0000  1336206    1.04%
   1639  1041      386.4444   129      385.0000      389.0000  1380359    1.04%
   1700  1070    infeasible            385.0000      389.0000  1420703    1.04%
   1749   950      389.0000   174      385.0000      389.0000  1255146    1.04%
   1792  1179      387.3760   169      385.0000      389.0000  1604906    1.04%
   1862  1213      389.0000   217      385.0000      389.0000  1717028    1.04%
   1939  1189      389.0000   191      385.0000      389.0000  1632513    1.04%
Elapsed time = 364.40 sec. (57398.63 ticks, tree = 12.82 MB, solutions = 13)
   2020  1261      386.0000   123      385.0000      389.0000  1766034    1.04%
   2095  1262        cutoff            385.0000      389.0000  1783990    1.04%
   2148  1399      389.0000   221      385.0000      389.0000  2002875    1.04%
   2236  1409      388.5273   174      385.0000      389.0000  2020665    1.04%
   2368  1410      387.1806   117      385.0000      389.0000  2000733    1.04%
   2467  1479      386.5000   136      385.0000      389.0000  2134021    1.04%
   2640  1530      386.5500   103      385.0000      389.0000  2218257    1.04%
   2770  1547      386.0500    53      385.0000      389.0000  2214228    1.04%
   2891  1673        cutoff            385.0000      389.0000  2350011    1.04%
   3011  1888      386.0000    93      385.0000      389.0000  2510277    1.04%
Elapsed time = 456.77 sec. (67020.61 ticks, tree = 23.84 MB, solutions = 13)
   3123  1820      387.6200   153      385.0000      389.0000  2474925    1.04%
   3246  1855      389.0000   137      385.0000      389.0000  2486119    1.04%
   3367  2161      386.9688   148      385.0000      389.0000  2693636    1.04%
   3513  2247      389.0000   154      385.0000      389.0000  2741440    1.04%
   3685  2194      387.0648   195      385.0000      389.0000  2711074    1.04%
   3821  2257      388.6079   188      385.0000      389.0000  2749130    1.04%
   3964  2279      389.0000   204      385.0000      389.0000  2777824    1.04%
   4080  2475      387.2333   157      385.0000      389.0000  2865116    1.04%
   4176  2606      386.1458   132      385.0000      389.0000  2917013    1.04%
   4227  2644      389.0000   174      385.0000      389.0000  2939018    1.04%
Elapsed time = 561.85 sec. (76631.08 ticks, tree = 34.43 MB, solutions = 13)
   4263  2889      386.5000    55      385.0000      389.0000  3073694    1.04%
   4313  2956      386.1674   132      385.0000      389.0000  3112605    1.04%
   4371  2997      387.6889   131      385.0000      389.0000  3146061    1.04%
   4441  3051      388.0000   175      385.0000      389.0000  3224710    1.04%
   4543  3118      387.3810   107      385.0000      389.0000  3284918    1.04%
   4666  3184      389.0000   203      385.0000      389.0000  3332524    1.04%
   4797  3092      387.5309   129      385.0000      389.0000  3277653    1.04%
   4905  3152      387.5000   136      385.0000      389.0000  3309458    1.04%
   5020  3507      386.8440   130      385.0000      389.0000  3495743    1.04%
   5149  3612      386.0000   126      385.0000      389.0000  3535461    1.04%
Elapsed time = 681.69 sec. (86264.22 ticks, tree = 56.10 MB, solutions = 13)
   5278  3510      389.0000   113      385.0000      389.0000  3503236    1.04%
   5424  3653      388.0000   156      385.0000      389.0000  3581137    1.04%
   5546  3755      386.3491   127      385.0000      389.0000  3632679    1.04%
   5606  3783      389.0000   123      385.0000      389.0000  3641995    1.04%
   5640  3875      389.0000   216      385.0000      389.0000  3692201    1.04%
   5654  3764      389.0000   281      385.0000      389.0000  3641566    1.04%
*  5660+ 2822                          386.0000      389.0000             0.78%
Exception raised in listener 'MipGapPrinter': 'int' object is not callable, id=51
   5660  2823      389.0000   140      386.0000      389.0000  4007239    0.78%
   5661  2824      389.0000   234      386.0000      389.0000  4011450    0.78%
   5662  2824      389.0000   247      386.0000      389.0000  4015152    0.78%
   5663  2824      389.0000   235      386.0000      389.0000  4015363    0.78%
Elapsed time = 2068.45 sec. (207099.16 ticks, tree = 50.85 MB, solutions = 14)
   5666  2263      389.0000   255      386.0000      389.0000  4018517    0.78%
   5669  1213      389.0000   238      386.0000      389.0000  4019294    0.78%
   5673   442      389.0000   178      386.0000      389.0000  4018418    0.78%
   5681    47      389.0000   180      386.0000      389.0000  4029360    0.78%
   5691    31      389.0000   160      386.0000      389.0000  4039412    0.78%
   5705    33      389.0000   232      386.0000      389.0000  4046048    0.78%
   5731    11      389.0000   295      386.0000      389.0000  4023194    0.78%
   5782    60      389.0000   205      386.0000      389.0000  4068174    0.78%
   5841    58      389.0000   189      386.0000      389.0000  4067717    0.78%
   5902   101      389.0000   175      386.0000      389.0000  4080627    0.78%
Elapsed time = 2209.33 sec. (218430.53 ticks, tree = 0.96 MB, solutions = 14)
   6005   240      389.0000   167      386.0000      389.0000  4169345    0.78%
   6120   234      388.7500   167      386.0000      389.0000  4167703    0.78%
   6235   289      387.0000   159      386.0000      389.0000  4180598    0.78%
   6359   378    infeasible            386.0000      389.0000  4205676    0.78%
   6521   501      389.0000   185      386.0000      389.0000  4248784    0.78%
   6706   589        cutoff            386.0000      389.0000  4280462    0.78%
   6846   797    infeasible            386.0000      389.0000  4356335    0.78%
   6918   836      389.0000   216      386.0000      389.0000  4363599    0.78%
   7019   872      389.0000   180      386.0000      389.0000  4379100    0.78%
   7188   963      387.0000   173      386.0000      389.0000  4405053    0.78%
Elapsed time = 2339.36 sec. (228041.82 ticks, tree = 8.41 MB, solutions = 14)
   7483   922      389.0000   250      386.0000      389.0000  4391673    0.78%
   7653  1022      388.9545   209      386.0000      389.0000  4446305    0.78%
   7779  1075      389.0000   214      386.0000      389.0000  4470971    0.78%
   7850  1499        cutoff            386.0000      389.0000  4619053    0.78%
   7907  1442      389.0000   247      386.0000      389.0000  4594379    0.78%
   7969  1514      387.8333   129      386.0000      389.0000  4625354    0.78%
   8048  1614      387.0000   121      386.0000      389.0000  4708790    0.78%
   8129  1683      387.0000    28      386.0000      389.0000  4751203    0.78%
*  8149+ 1677                          387.0000      389.0000             0.52%
   8210  1640      388.0000    96      387.0000      389.0000  4737621    0.52%
*  8461+ 1305                          388.0000      389.0000             0.26%
*  8520   894      integral     0      389.0000      389.0000  4881815    0.00%
   8639   915      389.0000    37      389.0000      389.0000  4887719    0.00%
Elapsed time = 2522.10 sec. (240572.68 ticks, tree = 5.63 MB, solutions = 17)
Exception raised in listener 'MipGapPrinter': 'int' object is not callable, id=70

GUB cover cuts applied:  173
Clique cuts applied:  8
Cover cuts applied:  104
Implied bound cuts applied:  209
Flow cuts applied:  10
Mixed integer rounding cuts applied:  40
Zero-half cuts applied:  60
Lift and project cuts applied:  4
Gomory fractional cuts applied:  93

Root node processing (before b&c):
  Real time             =  131.86 sec. (34460.44 ticks)
Parallel b&c, 24 threads:
  Real time             = 2422.10 sec. (209148.21 ticks)
  Sync time (average)   =  362.70 sec.
  Wait time (average)   =    0.30 sec.
                          ------------
Total (root+branch&cut) = 2553.97 sec. (243608.65 ticks)
status  = integer optimal solution
time    = 2554.8 s.
problem = MILP
gap     = 0%

Objective value: 389.0
[50, 50, 8, 8, 400, 141, 389, 389, 0.0, 2554.8]
number of spatial :  298
Heuristic Solution information :  [50, 50, 8, 8, 400, 122, 304, 6, 298]
