CPXPARAM_Read_DataCheck                          1
CPXPARAM_TimeLimit                               14400
Tried aggregator 2 times.
MIP Presolve eliminated 24928 rows and 84935 columns.
MIP Presolve modified 1336 coefficients.
Aggregator did 1006 substitutions.
Reduced MIP has 157157 rows, 60799 columns, and 606170 nonzeros.
Reduced MIP has 58299 binaries, 0 generals, 0 SOSs, and 0 indicators.
Presolve time = 0.51 sec. (2018.09 ticks)
Probing time = 0.29 sec. (13.97 ticks)
Tried aggregator 1 time.
MIP Presolve eliminated 73500 rows and 1500 columns.
Reduced MIP has 83657 rows, 59299 columns, and 459170 nonzeros.
Reduced MIP has 58299 binaries, 0 generals, 0 SOSs, and 0 indicators.
Presolve time = 0.33 sec. (519.64 ticks)
Probing time = 0.19 sec. (13.37 ticks)
Clique table members: 32016.
MIP emphasis: balance optimality and feasibility.
MIP search method: dynamic search.
Parallel mode: deterministic, using up to 24 threads.
Root relaxation solution time = 3.51 sec. (2868.27 ticks)

        Nodes                                         Cuts/
   Node  Left     Objective  IInf  Best Integer    Best Bound    ItCnt     Gap

*     0+    0                          168.0000     1020.0000           507.14%
      0     0      523.1000   742      168.0000      523.1000    36102  211.37%
Exception raised in listener 'MipGapPrinter': 'int' object is not callable, id=1
*     0+    0                          310.0000      523.1000            68.74%
Exception raised in listener 'MipGapPrinter': 'int' object is not callable, id=3
      0     0      464.5000   671      310.0000     Cuts: 788    50747   49.84%
      0     0      443.5000   591      310.0000     Cuts: 444    67381   43.06%
      0     0      441.0000   579      310.0000     Cuts: 339    78041   42.26%
*     0+    0                          384.0000      441.0000            14.84%
*     0+    0                          394.0000      441.0000            11.93%
*     0+    0                          411.0000      441.0000             7.30%
*     0+    0                          419.0000      441.0000             5.25%
Exception raised in listener 'MipGapPrinter': 'int' object is not callable, id=9
      0     0      441.0000   706      419.0000     Cuts: 228    91396    5.25%
      0     0      441.0000   432      419.0000      Cuts: 29    98289    5.25%
      0     0      441.0000   592      419.0000     Cuts: 212   108226    5.25%
*     0+    0                          421.0000      441.0000             4.75%
*     0+    0                          426.0000      441.0000             3.52%
*     0+    0                          429.0000      441.0000             2.80%
Exception raised in listener 'MipGapPrinter': 'int' object is not callable, id=16
Heuristic still looking.
      0     2      441.0000   273      429.0000      441.0000   108226    2.80%
Elapsed time = 406.56 sec. (152479.88 ticks, tree = 0.02 MB, solutions = 9)
      1     3      441.0000   250      429.0000      441.0000   109806    2.80%
      2     4      441.0000   232      429.0000      441.0000   111244    2.80%
      4     4      441.0000   223      429.0000      441.0000   110091    2.80%
      6     6      441.0000   264      429.0000      441.0000   112862    2.80%
      8     5      441.0000   248      429.0000      441.0000   111319    2.80%
     12    10      441.0000   281      429.0000      441.0000   114582    2.80%
     17    12      441.0000   280      429.0000      441.0000   117552    2.80%
     22    20      441.0000   343      429.0000      441.0000   120106    2.80%
     26    23      441.0000   365      429.0000      441.0000   122787    2.80%
     40    37      441.0000   298      429.0000      441.0000   131860    2.80%
Elapsed time = 455.79 sec. (159044.15 ticks, tree = 0.25 MB, solutions = 9)
     48    42      441.0000   305      429.0000      441.0000   136802    2.80%
     76    18      441.0000   304      429.0000      441.0000   119441    2.80%
    176    91      441.0000   322      429.0000      441.0000   158744    2.80%
    295   144      441.0000   270      429.0000      441.0000   184599    2.80%
    386   240      441.0000   290      429.0000      441.0000   237902    2.80%
    433   261      441.0000   337      429.0000      441.0000   254452    2.80%
    454   340      441.0000   297      429.0000      441.0000   293248    2.80%
    510   380      441.0000   326      429.0000      441.0000   317489    2.80%
    582   479      441.0000   289      429.0000      441.0000   370999    2.80%
    685   512      441.0000   292      429.0000      441.0000   388230    2.80%
Elapsed time = 546.30 sec. (168828.46 ticks, tree = 8.14 MB, solutions = 9)
    765   594      441.0000   293      429.0000      441.0000   438490    2.80%
    852   615      441.0000   227      429.0000      441.0000   456459    2.80%
    955   697      441.0000   285      429.0000      441.0000   521047    2.80%
   1067   749      441.0000   247      429.0000      441.0000   553107    2.80%
   1177   787    infeasible            429.0000      441.0000   623578    2.80%
   1323   884      441.0000   250      429.0000      441.0000   771736    2.80%
   1449   939      441.0000   301      429.0000      441.0000   858783    2.80%
   1589  1016    infeasible            429.0000      441.0000   971210    2.80%
   1700  1019      441.0000   226      429.0000      441.0000   986600    2.80%
   1821  1134      440.9063   218      429.0000      441.0000  1131819    2.80%
Elapsed time = 630.78 sec. (178477.66 ticks, tree = 18.81 MB, solutions = 9)
   1931  1173      440.5000   240      429.0000      441.0000  1200218    2.80%
   2054  1226    infeasible            429.0000      441.0000  1323866    2.80%
   2192  1203    infeasible            429.0000      441.0000  1259956    2.80%
   2341  1250      440.0000   249      429.0000      441.0000  1377993    2.80%
   2480  1276      440.5000   230      429.0000      441.0000  1404725    2.80%
   2621  1349      439.3125   193      429.0000      441.0000  1505537    2.80%
   2800  1390    infeasible            429.0000      441.0000  1614355    2.80%
   2977  1542      432.3750   131      429.0000      441.0000  1836279    2.80%
   3129  1489      434.2375   160      429.0000      441.0000  1749077    2.80%
   3308  1785      430.3750   107      429.0000      441.0000  2205027    2.80%
Elapsed time = 707.15 sec. (188053.99 ticks, tree = 35.35 MB, solutions = 9)
   3480  1876      438.8125   169      429.0000      441.0000  2339051    2.80%
   3656  1939    infeasible            429.0000      441.0000  2411477    2.80%
   3830  1928      434.8750   126      429.0000      441.0000  2392422    2.80%
   4004  2155      436.7500   139      429.0000      441.0000  2682869    2.80%
   4174  2162      436.6875   136      429.0000      441.0000  2690942    2.80%
   4354  2190      438.6302   176      429.0000      441.0000  2735067    2.80%
   4542  2519      432.2500    79      429.0000      441.0000  3099321    2.80%
   4715  2487      434.3125    96      429.0000      441.0000  3062568    2.80%
   4882  2501      441.0000   270      429.0000      441.0000  3096909    2.80%
   5031  2765      432.5000    70      429.0000      441.0000  3430529    2.80%
Elapsed time = 780.86 sec. (197636.70 ticks, tree = 65.04 MB, solutions = 9)
   5201  2802      440.0062   255      429.0000      441.0000  3463460    2.80%
   5382  2965    infeasible            429.0000      441.0000  3668494    2.80%
   5554  2968      430.6667    67      429.0000      441.0000  3598245    2.80%
   5731  3151      433.1771   154      429.0000      441.0000  3880212    2.80%
   5903  3231      439.5000   237      429.0000      441.0000  4007078    2.80%
   6066  3420      441.0000   289      429.0000      441.0000  4171327    2.80%
   6218  3404      437.7958   262      429.0000      441.0000  4170768    2.80%
   6394  3620    infeasible            429.0000      441.0000  4419179    2.80%
   6547  3716    infeasible            429.0000      441.0000  4525431    2.80%
   6717  3884      435.7500   151      429.0000      441.0000  4714108    2.80%
Elapsed time = 867.18 sec. (207211.98 ticks, tree = 96.11 MB, solutions = 9)
   6867  3794    infeasible            429.0000      441.0000  4642457    2.80%
   6990  4049      440.5000   211      429.0000      441.0000  4979467    2.80%
   7122  4001      436.9243   193      429.0000      441.0000  4901498    2.80%
   7251  4065      431.8750   139      429.0000      441.0000  5015705    2.80%
   7362  4276      441.0000   200      429.0000      441.0000  5326185    2.80%
*  7425+ 4227                          431.0000      441.0000             2.32%
   7483  4379      438.4722   127      431.0000      441.0000  5447262    2.32%
*  7512+ 4225                          432.0000      441.0000             2.08%
   7613  4305      440.3333   212      432.0000      441.0000  5362981    2.08%
   7693  4480      440.5000   226      432.0000      441.0000  5517544    2.08%
   7728  3976      433.1583   124      432.0000      441.0000  5551843    2.08%
   7733  4416      441.0000   260      432.0000      441.0000  5462099    2.08%
Elapsed time = 968.14 sec. (218797.56 ticks, tree = 115.76 MB, solutions = 11)
   7734  3938      441.0000   260      432.0000      441.0000  5511470    2.08%
   7735  3987      441.0000   389      432.0000      441.0000  5552181    2.08%
Exception raised in listener 'MipGapPrinter': 'int' object is not callable, id=50
   7736  4004      441.0000   346      432.0000      441.0000  5983598    2.08%
   7737  4005      441.0000   504      432.0000      441.0000  5997755    2.08%
   7738  4005      441.0000   565      432.0000      441.0000  6007131    2.08%
   7739  4005      441.0000   472      432.0000      441.0000  6018938    2.08%
   7740  4004      441.0000   468      432.0000      441.0000  6019017    2.08%
   7741  4004      441.0000   456      432.0000      441.0000  6019187    2.08%
   7742  4005      441.0000   519      432.0000      441.0000  6019508    2.08%
   7743  2002      441.0000   488      432.0000      441.0000  5994858    2.08%
Elapsed time = 2937.60 sec. (584239.51 ticks, tree = 59.07 MB, solutions = 11)
   7745  2008      441.0000   473      432.0000      441.0000  6031056    2.08%
   7747  1785      441.0000   494      432.0000      441.0000  6031092    2.08%
   7748  1785      441.0000   526      432.0000      441.0000  6032032    2.08%
   7749  1785      441.0000   525      432.0000      441.0000  6032033    2.08%
   7750  1785      441.0000   521      432.0000      441.0000  6032034    2.08%
   7752  1194      441.0000   485      432.0000      441.0000  6032076    2.08%
   7753  1196      441.0000   517      432.0000      441.0000  6044756    2.08%
   7757   115      441.0000   385      432.0000      441.0000  6057916    2.08%
   7760   101      441.0000   498      432.0000      441.0000  6068081    2.08%
   7763    95      441.0000   489      432.0000      441.0000  6068390    2.08%
Elapsed time = 3092.47 sec. (601541.76 ticks, tree = 2.84 MB, solutions = 11)
   7765    97      441.0000   486      432.0000      441.0000  6069884    2.08%
   7769    66      441.0000   499      432.0000      441.0000  6071973    2.08%
   7773    64      441.0000   391      432.0000      441.0000  6084301    2.08%
   7779    52      441.0000   389      432.0000      441.0000  6084363    2.08%
   7785    47      441.0000   382      432.0000      441.0000  6084373    2.08%
   7790    36      441.0000   570      432.0000      441.0000  6082479    2.08%
   7795    40      441.0000   348      432.0000      441.0000  6087420    2.08%
   7799    45      441.0000   315      432.0000      441.0000  6090572    2.08%
   7806    47      441.0000   315      432.0000      441.0000  6091281    2.08%
   7834    80      441.0000   372      432.0000      441.0000  6127877    2.08%
Elapsed time = 3257.62 sec. (616960.11 ticks, tree = 27.97 MB, solutions = 11)
   7872    88      439.0000   369      432.0000      441.0000  6128273    2.08%
   7915   108      441.0000   514      432.0000      441.0000  6155634    2.08%
   7975   142      441.0000   383      432.0000      441.0000  6197986    2.08%
   8030   195      441.0000   513      432.0000      441.0000  6248373    2.08%
   8118   270      441.0000   502      432.0000      441.0000  6430924    2.08%
   8208   287      441.0000   448      432.0000      441.0000  6466440    2.08%
   8310   401      439.0000   319      432.0000      441.0000  6544534    2.08%
   8410   458      441.0000   388      432.0000      441.0000  6573285    2.08%
   8531   547      439.0000   306      432.0000      441.0000  6620944    2.08%
   8668   573      441.0000   410      432.0000      441.0000  6632492    2.08%
Elapsed time = 3790.35 sec. (655370.74 ticks, tree = 196.63 MB, solutions = 11)
   8843   742      440.0000   367      432.0000      441.0000  6721215    2.08%
   9014   809      441.0000   297      432.0000      441.0000  6757374    2.08%
   9180   907    infeasible            432.0000      441.0000  6827918    2.08%
   9368  1177    infeasible            432.0000      441.0000  7039364    2.08%
   9558  1060    infeasible            432.0000      441.0000  6930114    2.08%
   9754  1173      438.0000   296      432.0000      441.0000  7032898    2.08%
   9975  1392      436.0000   229      432.0000      441.0000  7278835    2.08%
  10161  1412      439.0000   241      432.0000      441.0000  7285697    2.08%
  10279  1532      436.3750   306      432.0000      441.0000  7453519    2.08%
  10392  1630      440.0000   269      432.0000      441.0000  7562005    2.08%
Elapsed time = 4458.61 sec. (693658.76 ticks, tree = 679.52 MB, solutions = 11)
  10495  1810      441.0000   316      432.0000      441.0000  7840084    2.08%
  10587  1853      440.0000   231      432.0000      441.0000  7910637    2.08%
  10686  1921      441.0000   269      432.0000      441.0000  8129714    2.08%
  10798  1969      441.0000   310      432.0000      441.0000  8177617    2.08%
  10907  1977      441.0000   341      432.0000      441.0000  8186623    2.08%
  11026  2002      441.0000   295      432.0000      441.0000  8225258    2.08%
  11133  2126      441.0000   305      432.0000      441.0000  8465110    2.08%
  11263  2146      439.0000   370      432.0000      441.0000  8467972    2.08%
  11402  2195      437.7292   184      432.0000      441.0000  8565575    2.08%
  11520  2320      441.0000   327      432.0000      441.0000  8797888    2.08%
Elapsed time = 5060.04 sec. (731985.27 ticks, tree = 1084.22 MB, solutions = 11)
  11649  2356      441.0000   309      432.0000      441.0000  8810546    2.08%
  11783  2441      440.6204   255      432.0000      441.0000  9097101    2.08%
  11926  2478      441.0000   372      432.0000      441.0000  9162882    2.08%
  12065  2633      438.7133   271      432.0000      441.0000  9406779    2.08%
  12199  2675      440.0000   282      432.0000      441.0000  9474638    2.08%
  12345  2679      439.6083   223      432.0000      441.0000  9534464    2.08%
  12512  3000    infeasible            432.0000      441.0000 10087918    2.08%
  12714  3184      437.0000   327      432.0000      441.0000 10322535    2.08%
  12900  3177      439.0000   268      432.0000      441.0000 10318383    2.08%
  13064  3186      439.0000   254      432.0000      441.0000 10321210    2.08%
Elapsed time = 5619.69 sec. (770301.04 ticks, tree = 1626.66 MB, solutions = 11)
  13224  3303      435.2917   177      432.0000      441.0000 10489391    2.08%
* 13313+ 3606                          433.0000      441.0000             1.85%
  13362  3337      434.6500   197      433.0000      441.0000 10530265    1.85%
Exception raised in listener 'MipGapPrinter': 'int' object is not callable, id=89
  13501  3659      441.0000   304      433.0000      441.0000 10964707    1.85%
  13627  3609      439.3587   262      433.0000      441.0000 10899297    1.85%
  13733  3818      436.2500   180      433.0000      441.0000 11264485    1.85%
  13841  4106      440.0000   289      433.0000      441.0000 11944622    1.85%
  13962  3995      435.6667   153      433.0000      441.0000 11617789    1.85%
  14093  4134      439.0000   329      433.0000      441.0000 12022280    1.85%
  14239  4300      438.5417   287      433.0000      441.0000 12449793    1.85%
  14380  4360      441.0000   211      433.0000      441.0000 12589187    1.85%
Elapsed time = 6159.11 sec. (808646.59 ticks, tree = 2294.44 MB, solutions = 12)
Nodefile size = 226.56 MB (126.63 MB after compression)
  14499  4269      440.8250   264      433.0000      441.0000 12361137    1.85%
  14600  4548      439.5469   205      433.0000      441.0000 13021250    1.85%
* 14608+ 4599                          434.0000      441.0000             1.61%
  14684  4479      437.8750   194      434.0000      441.0000 12927488    1.61%
  14779  4616    infeasible            434.0000      441.0000 13704952    1.61%
Exception raised in listener 'MipGapPrinter': 'int' object is not callable, id=93
  14885  4693      438.4682   278      434.0000      441.0000 13462905    1.61%
  14983  4712      439.0636   293      434.0000      441.0000 14109831    1.61%
  15091  4662      441.0000   309      434.0000      441.0000 13775617    1.61%
  15207  4813      438.0000   205      434.0000      441.0000 14501119    1.61%
  15317  4892      437.8021   282      434.0000      441.0000 14781588    1.61%
  15422  4892      440.8781   210      434.0000      441.0000 14835406    1.61%
Elapsed time = 6561.16 sec. (847156.58 ticks, tree = 2632.22 MB, solutions = 13)
Nodefile size = 569.16 MB (317.99 MB after compression)
  15504  4942      440.0731   283      434.0000      441.0000 15162496    1.61%
  15588  5137      435.1542   294      434.0000      441.0000 15747962    1.61%
  15681  5220      440.0000   235      434.0000      441.0000 16152874    1.61%
  15779  5110      440.5196   211      434.0000      441.0000 15688327    1.61%
* 15829+ 5107                          436.0000      441.0000             1.15%
Exception raised in listener 'MipGapPrinter': 'int' object is not callable, id=96
  15868  4866      439.6000   281      436.0000      441.0000 16683916    1.15%
  15950  5269      438.4815   248      436.0000      441.0000 16486926    1.15%
  16029  5229      440.9531   256      436.0000      441.0000 16226610    1.15%
  16099  5195      441.0000   264      436.0000      441.0000 16094184    1.15%
  16181  4976        cutoff            436.0000      441.0000 17220071    1.15%
  16269  5078      441.0000   281      436.0000      441.0000 17649651    1.15%
Elapsed time = 7008.88 sec. (885872.50 ticks, tree = 2756.08 MB, solutions = 14)
Nodefile size = 689.07 MB (385.89 MB after compression)
  16354  5124      440.0000   239      436.0000      441.0000 17890528    1.15%
  16445  5120      440.9058   215      436.0000      441.0000 17793211    1.15%
  16518  5145      440.0000   195      436.0000      441.0000 18006970    1.15%
* 16558+ 5155                          437.0000      441.0000             0.92%
  16613  5321      440.0000   251      437.0000      441.0000 18505171    0.92%
  16702  5270      441.0000   276      437.0000      441.0000 18372042    0.92%
Exception raised in listener 'MipGapPrinter': 'int' object is not callable, id=99
  16799  5313      437.4795   212      437.0000      441.0000 18482470    0.92%
  16887  5147      439.3750   209      437.0000      441.0000 18791673    0.92%
  16960  5279      439.6667   251      437.0000      441.0000 19221748    0.92%
  17051  5287      440.1562   206      437.0000      441.0000 19298195    0.92%
  17105  5287      440.1518   215      437.0000      441.0000 19318597    0.92%
Elapsed time = 7495.12 sec. (924669.70 ticks, tree = 2883.51 MB, solutions = 15)
Nodefile size = 815.82 MB (456.83 MB after compression)
  17170  5326      439.4802   289      437.0000      441.0000 19456913    0.92%
  17249  5367      441.0000   306      437.0000      441.0000 19588806    0.92%
  17340  5390      440.9411   260      437.0000      441.0000 19621806    0.92%
  17451  5551    infeasible            437.0000      441.0000 20335911    0.92%
  17548  5732      440.0000   230      437.0000      441.0000 21063141    0.92%
  17647  5740      440.0000   241      437.0000      441.0000 21069634    0.92%
  17729  5466      441.0000   299      437.0000      441.0000 19956004    0.92%
  17816  5791      440.7438   249      437.0000      441.0000 21224641    0.92%
  17921  5846      441.0000   263      437.0000      441.0000 21510904    0.92%
  18013  5888      439.3333   269      437.0000      441.0000 21661317    0.92%
Elapsed time = 8122.93 sec. (963177.85 ticks, tree = 3241.72 MB, solutions = 15)
Nodefile size = 1171.79 MB (655.90 MB after compression)
  18084  5854    infeasible            437.0000      441.0000 21587858    0.92%
  18183  6034      439.5069   207      437.0000      441.0000 22142959    0.92%
  18282  6213      440.9405   208      437.0000      441.0000 22853862    0.92%
  18369  6239      440.8909   250      437.0000      441.0000 22955709    0.92%
  18469  6345      440.1750   244      437.0000      441.0000 23472940    0.92%
  18611  6333      440.9038   288      437.0000      441.0000 23365792    0.92%
  18738  6400      440.6250   249      437.0000      441.0000 23761364    0.92%
  18858  6409      440.0625   204      437.0000      441.0000 23759452    0.92%
  18980  6552      440.9567   227      437.0000      441.0000 24541085    0.92%
  19085  6733      441.0000   263      437.0000      441.0000 25119595    0.92%
Elapsed time = 8620.33 sec. (1001528.25 ticks, tree = 3734.91 MB, solutions = 15)
Nodefile size = 1666.84 MB (934.02 MB after compression)
  19182  6827      440.8778   188      437.0000      441.0000 25497180    0.92%
  19300  6881      440.9283   265      437.0000      441.0000 25685129    0.92%
  19449  6922      440.6563   274      437.0000      441.0000 25949001    0.92%
  19550  6865      439.2516   256      437.0000      441.0000 25648761    0.92%
  19663  6899      440.5765   257      437.0000      441.0000 25719920    0.92%
  19757  7264      440.5763   212      437.0000      441.0000 27077951    0.92%
  19867  7056      438.9426   207      437.0000      441.0000 26406976    0.92%
  19961  7298      440.5000   219      437.0000      441.0000 27207598    0.92%
  20057  7509      438.8750   188      437.0000      441.0000 27838038    0.92%
  20133  7342        cutoff            437.0000      441.0000 27331129    0.92%
Elapsed time = 9047.74 sec. (1040351.62 ticks, tree = 4078.14 MB, solutions = 15)
Nodefile size = 2003.53 MB (1123.58 MB after compression)
  20228  7531      439.4806   251      437.0000      441.0000 27925987    0.92%
  20307  7538      438.5833   199      437.0000      441.0000 27935191    0.92%
  20384  7560      440.8902   244      437.0000      441.0000 28033391    0.92%
  20483  7707    infeasible            437.0000      441.0000 28606546    0.92%
  20545  7709      439.6250   261      437.0000      441.0000 28673439    0.92%
  20595  7712      438.3125   217      437.0000      441.0000 28679076    0.92%
  20650  7800      440.0000   253      437.0000      441.0000 29115635    0.92%
  20728  7864      439.5000   223      437.0000      441.0000 29565670    0.92%
  20790  7833      439.5671   236      437.0000      441.0000 29293905    0.92%
  20857  7965      439.6360   289      437.0000      441.0000 30257499    0.92%
Elapsed time = 9477.80 sec. (1078935.85 ticks, tree = 4464.21 MB, solutions = 15)
Nodefile size = 2395.70 MB (1344.70 MB after compression)
  20915  8005      438.8750   200      437.0000      441.0000 30413443    0.92%
  20992  8062      439.6250   208      437.0000      441.0000 30728798    0.92%
  21077  7989      438.0000   166      437.0000      441.0000 30377614    0.92%
  21153  8100      439.3750   222      437.0000      441.0000 30918476    0.92%
  21218  8250      438.5431   188      437.0000      441.0000 31581190    0.92%
  21287  8162      439.4583   236      437.0000      441.0000 31270529    0.92%
  21355  8147      441.0000   261      437.0000      441.0000 31212216    0.92%
  21440  8193      441.0000   259      437.0000      441.0000 31482171    0.92%
  21517  8299      440.0809   248      437.0000      441.0000 32003209    0.92%
  21600  8303      439.6644   235      437.0000      441.0000 32016833    0.92%
Elapsed time = 9967.91 sec. (1117597.39 ticks, tree = 4681.29 MB, solutions = 15)
Nodefile size = 2602.26 MB (1461.54 MB after compression)
  21683  8433        cutoff            437.0000      441.0000 32550606    0.92%
  21754  8356      441.0000   241      437.0000      441.0000 32229845    0.92%
  21806  8418      439.0625   194      437.0000      441.0000 32477825    0.92%
  21864  8579      438.8523   186      437.0000      441.0000 33012391    0.92%
  21945  8598      441.0000   246      437.0000      441.0000 33124643    0.92%
  22007  8574      438.4167   236      437.0000      441.0000 32999500    0.92%
  22080  8614      439.0114   275      437.0000      441.0000 33244217    0.92%
  22160  8677      438.9844   251      437.0000      441.0000 33474502    0.92%
  22231  8841      440.9667   268      437.0000      441.0000 34450835    0.92%
  22275  8734      441.0000   294      437.0000      441.0000 33805623    0.92%
Elapsed time = 10516.24 sec. (1156176.56 ticks, tree = 4897.73 MB, solutions = 15)
Nodefile size = 2828.82 MB (1589.77 MB after compression)
  22329  8891      439.1250   218      437.0000      441.0000 34711059    0.92%
  22392  9028      440.1200   258      437.0000      441.0000 35379707    0.92%
  22466  9041      439.5448   197      437.0000      441.0000 35464591    0.92%
  22569  9054        cutoff            437.0000      441.0000 35474801    0.92%
  22637  9000      439.5000   187      437.0000      441.0000 35172113    0.92%
  22677  9156      440.0960   236      437.0000      441.0000 36413197    0.92%
  22737  9157      440.8462   203      437.0000      441.0000 36365285    0.92%
  22798  9119      440.5000   254      437.0000      441.0000 36102180    0.92%
  22859  9171      439.5574   266      437.0000      441.0000 36362387    0.92%
  22912  9184      440.9687   253      437.0000      441.0000 36440518    0.92%
Elapsed time = 11073.16 sec. (1194751.04 ticks, tree = 4913.08 MB, solutions = 15)
Nodefile size = 2846.22 MB (1598.46 MB after compression)
  22973  9244      438.5000   153      437.0000      441.0000 36889724    0.92%
  22995  9341      439.9896   184      437.0000      441.0000 37334727    0.92%
  23025  9225      439.4000   249      437.0000      441.0000 36787864    0.92%
  23091  9451      440.0208   225      437.0000      441.0000 37701276    0.92%
  23137  9362      440.5667   250      437.0000      441.0000 37390969    0.92%
  23191  9501      439.1316   220      437.0000      441.0000 37951516    0.92%
  23236  9487      440.0541   246      437.0000      441.0000 37837457    0.92%
  23287  9598      440.7200   281      437.0000      441.0000 38540312    0.92%
  23346  9607      440.1667   226      437.0000      441.0000 38562973    0.92%
  23419  9600      440.7433   251      437.0000      441.0000 38651917    0.92%
Elapsed time = 11650.63 sec. (1233966.51 ticks, tree = 4909.82 MB, solutions = 15)
Nodefile size = 2847.46 MB (1598.94 MB after compression)
  23469  9610      439.6063   266      437.0000      441.0000 38649074    0.92%
  23524  9604      440.1806   270      437.0000      441.0000 38684554    0.92%
  23575  9893      440.1250   267      437.0000      441.0000 39997984    0.92%
  23635  9898      439.8810   298      437.0000      441.0000 40000316    0.92%
  23675  9949      439.7750   270      437.0000      441.0000 40250914    0.92%
  23739  9924      438.6667   222      437.0000      441.0000 40005452    0.92%
  23810  9984      439.7684   259      437.0000      441.0000 40388620    0.92%
  23859  9936      440.2250   287      437.0000      441.0000 40165361    0.92%
  23903 10134      439.4553   258      437.0000      441.0000 40801562    0.92%
  23940 10138    infeasible            437.0000      441.0000 40813942    0.92%
Elapsed time = 12215.17 sec. (1273153.13 ticks, tree = 4951.55 MB, solutions = 15)
Nodefile size = 2877.25 MB (1614.74 MB after compression)
  23984 10171      439.6970   251      437.0000      441.0000 41004161    0.92%
  24043 10133        cutoff            437.0000      441.0000 40799946    0.92%
  24105 10160      441.0000   391      437.0000      441.0000 40979116    0.92%
  24144 10249      439.0000   276      437.0000      441.0000 41244722    0.92%
  24167 10265      440.0000   231      437.0000      441.0000 41294951    0.92%
  24207 10191      440.5872   287      437.0000      441.0000 41129894    0.92%
  24234 10232      440.6500   340      437.0000      441.0000 41229298    0.92%
  24270 10363      440.1333   236      437.0000      441.0000 41670969    0.92%
  24330 10399      439.4750   229      437.0000      441.0000 41828984    0.92%
  24383 10446      440.3625   251      437.0000      441.0000 42093447    0.92%
Elapsed time = 12713.07 sec. (1312170.71 ticks, tree = 4942.84 MB, solutions = 15)
Nodefile size = 2885.78 MB (1618.83 MB after compression)
  24442 10359      439.3394   287      437.0000      441.0000 41571903    0.92%
  24518 10541      440.2333   253      437.0000      441.0000 42564873    0.92%
  24581 10421      438.3548   332      437.0000      441.0000 42044598    0.92%
  24682 10590      439.4889   255      437.0000      441.0000 42838149    0.92%
  24753 10554      438.5833   227      437.0000      441.0000 42618552    0.92%
  24807 10607      438.3750   241      437.0000      441.0000 42866302    0.92%
  24841 10550      440.9531   269      437.0000      441.0000 42653056    0.92%
  24879 10635      438.0000   272      437.0000      441.0000 43086541    0.92%
  24924 10754      439.3693   258      437.0000      441.0000 43544831    0.92%
  24956 10760      439.2500   216      437.0000      441.0000 43570319    0.92%
Elapsed time = 13282.94 sec. (1351240.32 ticks, tree = 4956.13 MB, solutions = 15)
Nodefile size = 2886.25 MB (1619.03 MB after compression)
  24992 10843      440.5549   292      437.0000      441.0000 43967188    0.92%
  25048 10809      439.4583   257      437.0000      441.0000 43840046    0.92%
  25095 10827      440.5000   288      437.0000      441.0000 43909830    0.92%
  25136 11015      441.0000   394      437.0000      441.0000 44847570    0.92%
  25177 10960      440.0000   239      437.0000      441.0000 44592371    0.92%
  25231 10923      440.5845   342      437.0000      441.0000 44437526    0.92%
  25272 10979      440.7917   298      437.0000      441.0000 44714456    0.92%
  25338 11036      440.3447   274      437.0000      441.0000 45010400    0.92%
  25398 11139      438.9221   277      437.0000      441.0000 45421603    0.92%
  25451 11167      440.6375   277      437.0000      441.0000 45688055    0.92%
Elapsed time = 13964.08 sec. (1390262.18 ticks, tree = 4939.17 MB, solutions = 15)
Nodefile size = 2887.24 MB (1619.54 MB after compression)
  25490 11254      441.0000   295      437.0000      441.0000 46226731    0.92%
  25547 11229      439.6200   308      437.0000      441.0000 46193854    0.92%
  25635 11173      441.0000   278      437.0000      441.0000 45653521    0.92%
  25660 11194      438.6618   277      437.0000      441.0000 45908185    0.92%
  25711 11264      441.0000   285      437.0000      441.0000 46244535    0.92%
  25738 11236      440.0000   354      437.0000      441.0000 46190107    0.92%
  25749 11293      439.8125   249      437.0000      441.0000 46365237    0.92%

GUB cover cuts applied:  153
Clique cuts applied:  2
Cover cuts applied:  220
Implied bound cuts applied:  763
Flow cuts applied:  1
Mixed integer rounding cuts applied:  67
Zero-half cuts applied:  103
Lift and project cuts applied:  2
Gomory fractional cuts applied:  61

Root node processing (before b&c):
  Real time             =  404.39 sec. (152400.45 ticks)
Parallel b&c, 24 threads:
  Real time             = 14023.16 sec. (1271703.18 ticks)
  Sync time (average)   = 3351.05 sec.
  Wait time (average)   =    0.26 sec.
                          ------------
Total (root+branch&cut) = 14427.54 sec. (1424103.64 ticks)
status  = time limit exceeded
time    = 14427.8 s.
problem = MILP
gap     = 0.915332%

Objective value: 437.0
[50, 50, 8, 8, 400, 151, 437, 440, 0.92, 14427.79]
number of spatial :  345
Heuristic Solution information :  [50, 50, 8, 8, 400, 138, 351, 6, 345]
