CPXPARAM_Read_DataCheck                          1
CPXPARAM_TimeLimit                               14400
Tried aggregator 2 times.
MIP Presolve eliminated 49533 rows and 169811 columns.
MIP Presolve modified 2366 coefficients.
Aggregator did 1006 substitutions.
Reduced MIP has 313213 rows, 120923 columns, and 1211828 nonzeros.
Reduced MIP has 115923 binaries, 0 generals, 0 SOSs, and 0 indicators.
Presolve time = 1.09 sec. (4006.06 ticks)
Probing time = 0.46 sec. (29.89 ticks)
Tried aggregator 1 time.
MIP Presolve eliminated 147000 rows and 3000 columns.
Reduced MIP has 166213 rows, 117923 columns, and 917828 nonzeros.
Reduced MIP has 115923 binaries, 0 generals, 0 SOSs, and 0 indicators.
Presolve time = 0.95 sec. (1030.40 ticks)
Probing time = 0.32 sec. (29.04 ticks)
Clique table members: 63059.
MIP emphasis: balance optimality and feasibility.
MIP search method: dynamic search.
Parallel mode: deterministic, using up to 24 threads.
Root relaxation solution time = 5.27 sec. (3942.21 ticks)

        Nodes                                         Cuts/
   Node  Left     Objective  IInf  Best Integer    Best Bound    ItCnt     Gap

*     0+    0                          321.0000     1020.0000           217.76%
      0     0      816.0000  1401      321.0000      816.0000    29339  154.21%
Exception raised in listener 'MipGapPrinter': 'int' object is not callable, id=1
*     0+    0                          500.0000      816.0000            63.20%
Exception raised in listener 'MipGapPrinter': 'int' object is not callable, id=3
      0     0      766.0000  1204      500.0000     Cuts: 506    58727   53.20%
      0     0      758.5000  1322      500.0000     Cuts: 818    90897   51.70%
      0     0      748.0000  1345      500.0000     Cuts: 721   119982   49.60%
*     0+    0                          656.0000      748.0000            14.02%
*     0+    0                          679.0000      748.0000            10.16%
Exception raised in listener 'MipGapPrinter': 'int' object is not callable, id=9
      0     0      748.0000  1592      679.0000     Cuts: 740   148485   10.16%
      0     0      748.0000  1017      679.0000      Cuts: 60   175661   10.16%
      0     0      748.0000  1145      679.0000     Cuts: 530   209269   10.16%
*     0+    0                          722.0000      748.0000             3.60%
*     0+    0                          728.0000      748.0000             2.75%
*     0+    0                          736.0000      748.0000             1.63%
Exception raised in listener 'MipGapPrinter': 'int' object is not callable, id=16
Heuristic still looking.
Heuristic still looking.
      0     2      748.0000   680      736.0000      748.0000   209269    1.63%
Elapsed time = 3019.76 sec. (485519.89 ticks, tree = 0.02 MB, solutions = 7)
      1     3      748.0000   816      736.0000      748.0000   211814    1.63%
      2     4      748.0000   797      736.0000      748.0000   212560    1.63%
      3     5      748.0000   871      736.0000      748.0000   213912    1.63%
      4     4    infeasible            736.0000      748.0000   214424    1.63%
      5     6      748.0000   842      736.0000      748.0000   214287    1.63%
      6     3      748.0000   928      736.0000      748.0000   211291    1.63%
      7     6      748.0000   651      736.0000      748.0000   218775    1.63%
      8     8      748.0000   695      736.0000      748.0000   222059    1.63%
      9     5      748.0000   812      736.0000      748.0000   213025    1.63%
     13    12      748.0000   738      736.0000      748.0000   224310    1.63%
Elapsed time = 3419.82 sec. (518414.85 ticks, tree = 0.07 MB, solutions = 7)
     17    10      748.0000   773      736.0000      748.0000   225490    1.63%
     23    21      748.0000   864      736.0000      748.0000   235155    1.63%
     28    27      748.0000   875      736.0000      748.0000   239300    1.63%
     34    31      748.0000   809      736.0000      748.0000   240931    1.63%
     37    34      748.0000   781      736.0000      748.0000   242154    1.63%
     40    37      748.0000   760      736.0000      748.0000   243390    1.63%
     43    41      748.0000   698      736.0000      748.0000   245377    1.63%
     47    45      748.0000   693      736.0000      748.0000   247659    1.63%
     51    49      748.0000   708      736.0000      748.0000   249769    1.63%
     57    53      748.0000   697      736.0000      748.0000   251614    1.63%
Elapsed time = 3717.02 sec. (530453.71 ticks, tree = 6.43 MB, solutions = 7)
     62    57      748.0000   684      736.0000      748.0000   255200    1.63%
     70    60      748.0000   663      736.0000      748.0000   256413    1.63%
     84    57      748.0000   733      736.0000      748.0000   254603    1.63%
    102    80      748.0000   767      736.0000      748.0000   270003    1.63%
    122    71      748.0000   676      736.0000      748.0000   261095    1.63%
    143    84      748.0000   739      736.0000      748.0000   273405    1.63%
    170   121      748.0000   611      736.0000      748.0000   297997    1.63%
    198   132      748.0000   697      736.0000      748.0000   303121    1.63%
    226   162      748.0000   707      736.0000      748.0000   326020    1.63%
    256   214      748.0000   691      736.0000      748.0000   349337    1.63%
Elapsed time = 3931.30 sec. (540761.51 ticks, tree = 19.49 MB, solutions = 7)
    293   173      748.0000   749      736.0000      748.0000   330973    1.63%
    333   250      748.0000   716      736.0000      748.0000   369783    1.63%
    372   245    infeasible            736.0000      748.0000   370163    1.63%
    410   271      748.0000   706      736.0000      748.0000   383910    1.63%
    444   284      748.0000   730      736.0000      748.0000   388931    1.63%
    483   257      748.0000   711      736.0000      748.0000   374552    1.63%
    510   340      748.0000   695      736.0000      748.0000   422180    1.63%
    537   351      748.0000   661      736.0000      748.0000   431672    1.63%
    565   322      748.0000   814      736.0000      748.0000   415375    1.63%
    582   247      748.0000   606      736.0000      748.0000   370756    1.63%
Elapsed time = 4129.48 sec. (550448.28 ticks, tree = 29.40 MB, solutions = 7)
    607   414      748.0000   911      736.0000      748.0000   476671    1.63%
    628   490      748.0000   693      736.0000      748.0000   532814    1.63%
    647   448      748.0000   578      736.0000      748.0000   495893    1.63%
    667   480      748.0000   748      736.0000      748.0000   511660    1.63%
    683   491      748.0000   776      736.0000      748.0000   526130    1.63%
    701   524      748.0000   638      736.0000      748.0000   550139    1.63%
    718   516      748.0000   670      736.0000      748.0000   546979    1.63%
    737   564      748.0000   687      736.0000      748.0000   566225    1.63%
    761   556      748.0000   567      736.0000      748.0000   562757    1.63%
    781   579      748.0000   728      736.0000      748.0000   571831    1.63%
Elapsed time = 4350.01 sec. (560324.37 ticks, tree = 73.89 MB, solutions = 7)
    804   574      748.0000   712      736.0000      748.0000   573863    1.63%
    835   595      748.0000   639      736.0000      748.0000   580704    1.63%
    870   671      748.0000   713      736.0000      748.0000   619385    1.63%
    901   628      748.0000   637      736.0000      748.0000   601430    1.63%
    935   654      748.0000   529      736.0000      748.0000   613051    1.63%
    969   697      748.0000   740      736.0000      748.0000   631128    1.63%
   1008   363      748.0000   660      736.0000      748.0000   437986    1.63%
   1050   715      748.0000   629      736.0000      748.0000   640484    1.63%
   1093   393      748.0000   735      736.0000      748.0000   457574    1.63%
   1138   741      748.0000   443      736.0000      748.0000   654746    1.63%
Elapsed time = 4564.97 sec. (570266.18 ticks, tree = 87.73 MB, solutions = 7)
   1190   909      748.0000   458      736.0000      748.0000   730381    1.63%
   1243   834      748.0000   667      736.0000      748.0000   698590    1.63%
   1297   958      748.0000   700      736.0000      748.0000   752581    1.63%
   1351   918      748.0000   467      736.0000      748.0000   735312    1.63%
   1421  1010      748.0000   744      736.0000      748.0000   774956    1.63%
   1484  1037      748.0000   715      736.0000      748.0000   788082    1.63%
   1545  1139      748.0000   494      736.0000      748.0000   843039    1.63%
   1605  1053      748.0000   690      736.0000      748.0000   794971    1.63%
   1675  1070      748.0000   650      736.0000      748.0000   805610    1.63%
   1741  1157      748.0000   648      736.0000      748.0000   853067    1.63%
Elapsed time = 4778.16 sec. (579954.40 ticks, tree = 166.46 MB, solutions = 7)
   1803  1241      748.0000   625      736.0000      748.0000   887270    1.63%
   1859  1423      748.0000   721      736.0000      748.0000   968140    1.63%
   1918  1250      748.0000   611      736.0000      748.0000   889921    1.63%
   1963  1345      748.0000   644      736.0000      748.0000   937602    1.63%
   2019  1393      748.0000   651      736.0000      748.0000   959279    1.63%
   2073  1444    infeasible            736.0000      748.0000   982652    1.63%
   2128  1684      748.0000   678      736.0000      748.0000  1097245    1.63%
   2197  1675      748.0000   489      736.0000      748.0000  1091757    1.63%
   2264  1578      748.0000   578      736.0000      748.0000  1042081    1.63%
   2327  1580      748.0000   566      736.0000      748.0000  1042993    1.63%
Elapsed time = 4953.57 sec. (589610.43 ticks, tree = 235.52 MB, solutions = 7)
   2396  1642      748.0000   664      736.0000      748.0000  1077904    1.63%
   2463  1697      748.0000   729      736.0000      748.0000  1102546    1.63%
   2528  1825      748.0000   604      736.0000      748.0000  1166461    1.63%
   2594  1912      748.0000   608      736.0000      748.0000  1206284    1.63%
   2658  1972      748.0000   590      736.0000      748.0000  1231930    1.63%
   2731  1827    infeasible            736.0000      748.0000  1167368    1.63%
   2797  1921    infeasible            736.0000      748.0000  1209353    1.63%
   2865  1841      746.8333   245      736.0000      748.0000  1172788    1.63%
   2942  2273    infeasible            736.0000      748.0000  1372801    1.63%
   3014  1984      748.0000   580      736.0000      748.0000  1239927    1.63%
Elapsed time = 5139.63 sec. (599296.26 ticks, tree = 325.12 MB, solutions = 7)
   3081  2376      748.0000   698      736.0000      748.0000  1412760    1.63%
   3155  2287      748.0000   598      736.0000      748.0000  1376496    1.63%
   3240  2266      748.0000   728      736.0000      748.0000  1365484    1.63%
   3321  2380    infeasible            736.0000      748.0000  1411976    1.63%
   3394  2455      748.0000   558      736.0000      748.0000  1453467    1.63%
   3469  2267      748.0000   502      736.0000      748.0000  1370716    1.63%
   3553  2462      748.0000   590      736.0000      748.0000  1456001    1.63%
   3631  2801      748.0000   553      736.0000      748.0000  1624572    1.63%
   3713  2850      748.0000   565      736.0000      748.0000  1650021    1.63%
   4016  2788    infeasible            736.0000      748.0000  1622467    1.63%
Elapsed time = 5384.63 sec. (611818.98 ticks, tree = 504.67 MB, solutions = 7)
   4328  3257      748.0000   522      736.0000      748.0000  1873955    1.63%
   4670  3493      748.0000   348      736.0000      748.0000  2001243    1.63%
   4999  3901      748.0000   430      736.0000      748.0000  2210792    1.63%
   5250  3646      748.0000   648      736.0000      748.0000  2073427    1.63%
   5526  4261      748.0000   764      736.0000      748.0000  2399121    1.63%
   5828  4209      748.0000   421      736.0000      748.0000  2380787    1.63%
*  5953+ 3921                          738.0000      748.0000             1.36%
   6161  4321      748.0000   294      738.0000      748.0000  2434151    1.36%
Exception raised in listener 'MipGapPrinter': 'int' object is not callable, id=35
   6453  4858      748.0000   373      738.0000      748.0000  2750654    1.36%
   6817  4725      748.0000   277      738.0000      748.0000  2676422    1.36%
   7232  4997      748.0000   631      738.0000      748.0000  2815969    1.36%
Elapsed time = 6186.50 sec. (650163.96 ticks, tree = 1002.98 MB, solutions = 8)
   7685  5481    infeasible            738.0000      748.0000  3089930    1.36%
   8109  5429    infeasible            738.0000      748.0000  3056368    1.36%
   8539  6164      743.7583   129      738.0000      748.0000  3449670    1.36%
   8999  6260    infeasible            738.0000      748.0000  3521939    1.36%
   9440  6557      746.5000   235      738.0000      748.0000  3733023    1.36%
   9746  6480      746.0000   188      738.0000      748.0000  3680479    1.36%

GUB cover cuts applied:  198
Clique cuts applied:  14
Cover cuts applied:  75
Implied bound cuts applied:  2567
Flow cuts applied:  23
Mixed integer rounding cuts applied:  396
Zero-half cuts applied:  259
Lift and project cuts applied:  31
Gomory fractional cuts applied:  102

Root node processing (before b&c):
  Real time             = 3007.82 sec. (485326.18 ticks)
Parallel b&c, 24 threads:
  Real time             = 11393.44 sec. (616924.96 ticks)
  Sync time (average)   = 1098.85 sec.
  Wait time (average)   =    0.00 sec.
                          ------------
Total (root+branch&cut) = 14401.26 sec. (1102251.13 ticks)
status  = time limit exceeded
time    = 14402.7 s.
problem = MILP
gap     = 1.35501%

Objective value: 738.0
[50, 100, 8, 8, 400, 259, 738, 748, 1.36, 14402.74]
number of spatial :  638
Heuristic Solution information :  [50, 100, 8, 8, 400, 243, 644, 6, 638]
