CPXPARAM_Read_DataCheck                          1
CPXPARAM_TimeLimit                               14400
Tried aggregator 2 times.
MIP Presolve eliminated 821 rows and 141726 columns.
MIP Presolve added 152 rows and 0 columns.
MIP Presolve modified 336 coefficients.
Aggregator did 1057 substitutions.
Reduced MIP has 123408 rows, 4086 columns, and 251650 nonzeros.
Reduced MIP has 1586 binaries, 0 generals, 0 SOSs, and 0 indicators.
Presolve time = 0.51 sec. (1240.00 ticks)
Found incumbent of value 15.000000 after 1.20 sec. (1436.44 ticks)
Probing fixed 39 vars, tightened 0 bounds.
Probing time = 2.74 sec. (4.03 ticks)
Tried aggregator 1 time.
MIP Presolve eliminated 31928 rows and 689 columns.
Reduced MIP has 91480 rows, 3397 columns, and 187794 nonzeros.
Reduced MIP has 1547 binaries, 0 generals, 0 SOSs, and 0 indicators.
Presolve time = 0.08 sec. (70.53 ticks)
Probing time = 3.10 sec. (2.61 ticks)
Tried aggregator 1 time.
MIP Presolve eliminated 90650 rows and 1850 columns.
Reduced MIP has 830 rows, 1547 columns, and 6494 nonzeros.
Reduced MIP has 1547 binaries, 0 generals, 0 SOSs, and 0 indicators.
Presolve time = 0.04 sec. (37.19 ticks)
Probing time = 0.02 sec. (2.30 ticks)
Tried aggregator 1 time.
Reduced MIP has 830 rows, 1547 columns, and 6494 nonzeros.
Reduced MIP has 1547 binaries, 0 generals, 0 SOSs, and 0 indicators.
Presolve time = 0.02 sec. (3.94 ticks)
Probing time = 0.00 sec. (2.31 ticks)
Clique table members: 2111.
MIP emphasis: balance optimality and feasibility.
MIP search method: dynamic search.
Parallel mode: deterministic, using up to 24 threads.
Root relaxation solution time = 0.03 sec. (12.11 ticks)

        Nodes                                         Cuts/
   Node  Left     Objective  IInf  Best Integer    Best Bound    ItCnt     Gap

*     0+    0                           15.0000      849.0000              --- 
*     0+    0                          270.0000      849.0000           214.44%
*     0+    0                          275.0000      849.0000           208.73%
      0     0      391.7500   172      275.0000      391.7500     1098   42.45%
Exception raised in listener 'MipGapPrinter': 'int' object is not callable, id=1
*     0+    0                          317.0000      391.7500            23.58%
Exception raised in listener 'MipGapPrinter': 'int' object is not callable, id=3
*     0+    0                          329.0000      391.7500            19.07%
Exception raised in listener 'MipGapPrinter': 'int' object is not callable, id=4
      0     0      357.7917   122      329.0000     Cuts: 307     1495    8.75%
      0     0      343.1000    67      329.0000     Cuts: 285     1895    4.29%
      0     0      341.5000    33      329.0000      Cuts: 47     1940    3.80%
*     0+    0                          337.0000      341.5000             1.34%
Exception raised in listener 'MipGapPrinter': 'int' object is not callable, id=10
      0     0      341.5000    50      337.0000      Cuts: 18     1973    1.34%
      0     0      341.5000    40      337.0000      Cuts: 12     1997    1.34%
      0     0      341.5000    55      337.0000      Cuts: 47     2060    1.34%
*     0+    0                          340.0000      341.0000             0.29%
*     0+    0                          341.0000      341.0000             0.00%
      0     0        cutoff            341.0000      341.0000     2060    0.00%
Elapsed time = 47.71 sec. (2293.08 ticks, tree = 0.01 MB, solutions = 8)

GUB cover cuts applied:  164
Clique cuts applied:  14
Cover cuts applied:  29
Flow cuts applied:  3
Mixed integer rounding cuts applied:  25
Zero-half cuts applied:  63
Lift and project cuts applied:  1
Gomory fractional cuts applied:  119

Root node processing (before b&c):
  Real time             =   47.73 sec. (2303.92 ticks)
Parallel b&c, 24 threads:
  Real time             =    0.00 sec. (0.00 ticks)
  Sync time (average)   =    0.00 sec.
  Wait time (average)   =    0.00 sec.
                          ------------
Total (root+branch&cut) =   47.73 sec. (2303.92 ticks)
status  = integer optimal solution
time    = 47.8485 s.
problem = MILP
gap     = 0%

Objective value: 341.0
[50, 50, 8, 8, 400, 126, 341, 341, 0.0, 47.85]
number of spatial :  261
Heuristic Solution information :  [50, 50, 8, 8, 400, 114, 267, 6, 261]
