CPXPARAM_Read_DataCheck                          1
CPXPARAM_TimeLimit                               14400
Tried aggregator 2 times.
MIP Presolve eliminated 49832 rows and 453006 columns.
MIP Presolve modified 2466 coefficients.
Aggregator did 1006 substitutions.
Reduced MIP has 558310 rows, 127728 columns, and 1712324 nonzeros.
Reduced MIP has 117728 binaries, 0 generals, 0 SOSs, and 0 indicators.
Presolve time = 4.19 sec. (7147.67 ticks)
Probing time = 3.50 sec. (37.38 ticks)
Tried aggregator 1 time.
MIP Presolve eliminated 391962 rows and 7988 columns.
Reduced MIP has 166348 rows, 119740 columns, and 928400 nonzeros.
Reduced MIP has 117728 binaries, 0 generals, 0 SOSs, and 0 indicators.
Presolve time = 13.62 sec. (2670.73 ticks)
Probing time = 3.45 sec. (30.22 ticks)
Clique table members: 63597.
MIP emphasis: balance optimality and feasibility.
MIP search method: dynamic search.
Parallel mode: deterministic, using up to 24 threads.
Root relaxation solution time = 74.36 sec. (5525.23 ticks)

        Nodes                                         Cuts/
   Node  Left     Objective  IInf  Best Integer    Best Bound    ItCnt     Gap

*     0+    0                          656.0000     1020.0000            55.49%
      0     0     1008.0000  1198      656.0000     1008.0000    47310   53.66%
Exception raised in listener 'MipGapPrinter': 'int' object is not callable, id=1
*     0+    0                          807.0000     1008.0000            24.91%
Exception raised in listener 'MipGapPrinter': 'int' object is not callable, id=3
      0     0     1008.0000  1339      807.0000     Cuts: 923    77774   24.91%
      0     0     1008.0000  1314      807.0000     Cuts: 122   103391   24.91%
      0     0     1008.0000  1471      807.0000     Cuts: 645   129873   24.91%
*     0+    0                          913.0000     1008.0000            10.41%
*     0+    0                          922.0000     1008.0000             9.33%
Exception raised in listener 'MipGapPrinter': 'int' object is not callable, id=9
Heuristic still looking.
Heuristic still looking.
*     0+    0                          944.0000     1008.0000             6.78%
*     0+    0                          968.0000     1008.0000             4.13%
*     0+    0                          970.0000     1008.0000             3.92%
Exception raised in listener 'MipGapPrinter': 'int' object is not callable, id=10
      0     2     1008.0000   739      970.0000     1008.0000   129873    3.92%
Elapsed time = 8320.57 sec. (384407.56 ticks, tree = 0.02 MB, solutions = 7)
      1     3     1008.0000   710      970.0000     1008.0000   131849    3.92%
      2     4     1008.0000   726      970.0000     1008.0000   132191    3.92%
      3     5     1008.0000   764      970.0000     1008.0000   133365    3.92%
      4     6     1008.0000   780      970.0000     1008.0000   134059    3.92%
      5     7     1008.0000   821      970.0000     1008.0000   134879    3.92%
      6     8     1008.0000   787      970.0000     1008.0000   136079    3.92%
      7     9     1008.0000   780      970.0000     1008.0000   137383    3.92%
      8    10     1008.0000   789      970.0000     1008.0000   137714    3.92%
     10    12     1008.0000   773      970.0000     1008.0000   138025    3.92%
     12    14     1008.0000   664      970.0000     1008.0000   140095    3.92%
Elapsed time = 8929.21 sec. (393588.53 ticks, tree = 0.07 MB, solutions = 7)
     16    18     1008.0000   742      970.0000     1008.0000   141536    3.92%
     18    20     1008.0000   746      970.0000     1008.0000   142312    3.92%
     20    22     1008.0000   716      970.0000     1008.0000   142986    3.92%
     23    25     1008.0000   687      970.0000     1008.0000   144353    3.92%
*    26+    2                          974.0000     1008.0000             3.49%
*    26+    2                          976.0000     1008.0000             3.28%
     26     4     1008.0000   696      976.0000     1008.0000   131911    3.28%
     27    28     1008.0000   759      976.0000     1008.0000   146113    3.28%
     29     3     1008.0000   727      976.0000     1008.0000   130313    3.28%
*    32+   17                          982.0000     1008.0000             2.65%
     33    33     1008.0000   682      982.0000     1008.0000   149940    2.65%
     40    34     1008.0000   745      982.0000     1008.0000   150907    2.65%
     46    18     1008.0000   676      982.0000     1008.0000   141285    2.65%
Elapsed time = 9854.98 sec. (412729.48 ticks, tree = 0.02 MB, solutions = 15)
*    49+   17                          984.0000     1008.0000             2.44%
     55    44     1008.0000   697      984.0000     1008.0000   153319    2.44%
Exception raised in listener 'MipGapPrinter': 'int' object is not callable, id=36
     62    45     1008.0000   681      984.0000     1008.0000   154350    2.44%
     77    48     1008.0000   674      984.0000     1008.0000   162619    2.44%
     90    76     1008.0000   649      984.0000     1008.0000   180096    2.44%
    107    78     1008.0000   646      984.0000     1008.0000   181019    2.44%
    121    87     1008.0000   684      984.0000     1008.0000   185076    2.44%
    144    63     1008.0000   742      984.0000     1008.0000   168770    2.44%
    167   126     1008.0000   705      984.0000     1008.0000   208940    2.44%
    188   106     1008.0000   696      984.0000     1008.0000   197131    2.44%
    221    96     1008.0000   648      984.0000     1008.0000   190227    2.44%
Elapsed time = 10258.99 sec. (422624.16 ticks, tree = 1.63 MB, solutions = 44)
    246   101     1008.0000   735      984.0000     1008.0000   195307    2.44%
    274   132     1008.0000   657      984.0000     1008.0000   217279    2.44%
    294   166     1008.0000   680      984.0000     1008.0000   237595    2.44%
    323   181     1008.0000   710      984.0000     1008.0000   250951    2.44%
    367   270     1008.0000   749      984.0000     1008.0000   338904    2.44%
    418   310     1008.0000   757      984.0000     1008.0000   396311    2.44%
    460   249     1008.0000   617      984.0000     1008.0000   296950    2.44%
    503   277     1008.0000   570      984.0000     1008.0000   329576    2.44%
    537   289     1008.0000   630      984.0000     1008.0000   352278    2.44%
    562   135     1008.0000   676      984.0000     1008.0000   215608    2.44%
Elapsed time = 10692.14 sec. (432441.92 ticks, tree = 3.14 MB, solutions = 56)
    573   301     1008.0000   715      984.0000     1008.0000   386820    2.44%
    581   351     1008.0000   596      984.0000     1008.0000   436951    2.44%
    589   356     1008.0000   637      984.0000     1008.0000   438227    2.44%
    599   509     1008.0000   609      984.0000     1008.0000   534437    2.44%
    613   512     1008.0000   645      984.0000     1008.0000   535449    2.44%
    632   533     1008.0000   651      984.0000     1008.0000   544235    2.44%
    650   534     1008.0000   704      984.0000     1008.0000   544072    2.44%
    680   538     1008.0000   715      984.0000     1008.0000   545734    2.44%
    713   533     1008.0000   737      984.0000     1008.0000   543576    2.44%
    754   572     1008.0000   509      984.0000     1008.0000   562107    2.44%
Elapsed time = 11532.31 sec. (442600.67 ticks, tree = 17.64 MB, solutions = 56)
    806   578     1008.0000   541      984.0000     1008.0000   563901    2.44%
    859   599     1008.0000   711      984.0000     1008.0000   576756    2.44%
    917   586     1008.0000   525      984.0000     1008.0000   566807    2.44%
    972   686     1008.0000   614      984.0000     1008.0000   622321    2.44%
   1039   766     1008.0000   723      984.0000     1008.0000   653626    2.44%
   1096   675     1008.0000   645      984.0000     1008.0000   620685    2.44%
   1152   881     1008.0000   663      984.0000     1008.0000   713502    2.44%
   1216   679     1008.0000   634      984.0000     1008.0000   619593    2.44%
   1270   722     1008.0000   614      984.0000     1008.0000   636697    2.44%
   1314   891     1008.0000   621      984.0000     1008.0000   716475    2.44%
Elapsed time = 12046.32 sec. (452254.06 ticks, tree = 33.81 MB, solutions = 56)
   1360  1045     1008.0000   641      984.0000     1008.0000   787897    2.44%
   1399  1103     1008.0000   648      984.0000     1008.0000   805658    2.44%
   1438   977     1008.0000   551      984.0000     1008.0000   761272    2.44%
   1474  1107     1008.0000   656      984.0000     1008.0000   807626    2.44%
   1507  1176     1008.0000   767      984.0000     1008.0000   839117    2.44%
   1544  1111     1008.0000   639      984.0000     1008.0000   809668    2.44%
   1576  1123     1008.0000   664      984.0000     1008.0000   816444    2.44%
   1609  1241     1008.0000   594      984.0000     1008.0000   868570    2.44%
   1642  1181     1008.0000   626      984.0000     1008.0000   838589    2.44%
   1660  1310     1008.0000   631      984.0000     1008.0000   898245    2.44%
Elapsed time = 12404.74 sec. (462095.67 ticks, tree = 60.42 MB, solutions = 56)
   1678  1260     1008.0000   701      984.0000     1008.0000   875425    2.44%
   1699  1297     1008.0000   654      984.0000     1008.0000   894070    2.44%
   1712  1300     1008.0000   672      984.0000     1008.0000   895211    2.44%
   1725  1350     1008.0000   651      984.0000     1008.0000   915723    2.44%
   1737  1093     1008.0000   651      984.0000     1008.0000   800385    2.44%
   1759  1391     1008.0000   675      984.0000     1008.0000   931534    2.44%
   1781  1371     1008.0000   649      984.0000     1008.0000   925503    2.44%
   1804  1442     1008.0000   626      984.0000     1008.0000   952930    2.44%
   1831  1438     1008.0000   620      984.0000     1008.0000   950021    2.44%
   1864  1429     1008.0000   623      984.0000     1008.0000   947091    2.44%
Elapsed time = 12802.66 sec. (471890.62 ticks, tree = 68.96 MB, solutions = 56)
   1898  1480     1008.0000   681      984.0000     1008.0000   967328    2.44%
   1939  1437     1008.0000   617      984.0000     1008.0000   948954    2.44%
   1986  1579     1008.0000   577      984.0000     1008.0000  1012128    2.44%
   2025  1463     1008.0000   598      984.0000     1008.0000   963821    2.44%
   2083  1686     1008.0000   623      984.0000     1008.0000  1050423    2.44%
   2130  1632     1008.0000   478      984.0000     1008.0000  1033101    2.44%
   2181  1513     1008.0000   661      984.0000     1008.0000   978774    2.44%
   2245  1624     1008.0000   523      984.0000     1008.0000  1029147    2.44%
   2304  1629     1008.0000   593      984.0000     1008.0000  1030654    2.44%
   2371  1758     1008.0000   598      984.0000     1008.0000  1081643    2.44%
Elapsed time = 13186.36 sec. (481661.90 ticks, tree = 85.71 MB, solutions = 56)
   2427  1790     1008.0000   558      984.0000     1008.0000  1095251    2.44%
   2483  1726     1008.0000   593      984.0000     1008.0000  1065380    2.44%
   2545  2089     1008.0000   431      984.0000     1008.0000  1220352    2.44%
   2599  1848     1008.0000   632      984.0000     1008.0000  1120264    2.44%
   2660  2026     1008.0000   619      984.0000     1008.0000  1195037    2.44%
   2727  1808     1008.0000   540      984.0000     1008.0000  1102984    2.44%
   2777  2019     1008.0000   559      984.0000     1008.0000  1187779    2.44%
   2824  1962     1008.0000   702      984.0000     1008.0000  1172223    2.44%
   2878  2228     1008.0000   674      984.0000     1008.0000  1291607    2.44%
   3069  2290     1008.0000   578      984.0000     1008.0000  1317690    2.44%
Elapsed time = 13668.24 sec. (494221.49 ticks, tree = 112.62 MB, solutions = 56)
*  3089+ 2198                          986.0000     1008.0000             2.23%
Exception raised in listener 'MipGapPrinter': 'int' object is not callable, id=44
   3293  2635     1008.0000   513      986.0000     1008.0000  1468510    2.23%
   3489  2735     1008.0000   559      986.0000     1008.0000  1504187    2.23%
   3677  2746     1008.0000   525      986.0000     1008.0000  1507568    2.23%
   3864  2869     1008.0000   523      986.0000     1008.0000  1572449    2.23%
*  3892+ 2904                          990.0000     1008.0000             1.82%
   4043  3231     1008.0000   675      990.0000     1008.0000  1722669    1.82%
   4237  3427     1008.0000   566      990.0000     1008.0000  1802091    1.82%
   4425  3591     1008.0000   534      990.0000     1008.0000  1890210    1.82%
   4590  3759     1008.0000   471      990.0000     1008.0000  1957182    1.82%
Exception raised in listener 'MipGapPrinter': 'int' object is not callable, id=46
   4686  3590     1008.0000   503      990.0000     1008.0000  1882145    1.82%

GUB cover cuts applied:  23
Clique cuts applied:  29
Cover cuts applied:  81
Implied bound cuts applied:  1123
Flow cuts applied:  10
Mixed integer rounding cuts applied:  205
Zero-half cuts applied:  52

Root node processing (before b&c):
  Real time             = 8296.42 sec. (384406.45 ticks)
Parallel b&c, 24 threads:
  Real time             = 6104.69 sec. (154946.82 ticks)
  Sync time (average)   = 2233.83 sec.
  Wait time (average)   =    0.00 sec.
                          ------------
Total (root+branch&cut) = 14401.11 sec. (539353.27 ticks)
status  = time limit exceeded
time    = 14401.2 s.
problem = MILP
gap     = 1.81818%

Objective value: 990.0
[50, 200, 8, 8, 400, 385, 990, 1008, 1.82, 14401.21]
number of spatial :  892
Heuristic Solution information :  [50, 200, 8, 8, 400, 352, 898, 6, 892]
