CPXPARAM_Read_DataCheck                          1
CPXPARAM_TimeLimit                               14400
Tried aggregator 2 times.
MIP Presolve eliminated 780 rows and 283188 columns.
MIP Presolve added 38 rows and 0 columns.
MIP Presolve modified 403 coefficients.
Aggregator did 1004 substitutions.
Reduced MIP has 246089 rows, 7602 columns, and 502116 nonzeros.
Reduced MIP has 2602 binaries, 0 generals, 0 SOSs, and 0 indicators.
Presolve time = 0.84 sec. (2879.18 ticks)
Found incumbent of value 17.000000 after 2.41 sec. (3270.95 ticks)
Probing fixed 15 vars, tightened 0 bounds.
Probing time = 4.17 sec. (7.71 ticks)
Tried aggregator 1 time.
MIP Presolve eliminated 222578 rows and 3575 columns.
Reduced MIP has 23511 rows, 4027 columns, and 56960 nonzeros.
Reduced MIP has 2587 binaries, 0 generals, 0 SOSs, and 0 indicators.
Presolve time = 28.69 sec. (6328.16 ticks)
Probing time = 0.01 sec. (2.04 ticks)
Clique table members: 966.
MIP emphasis: balance optimality and feasibility.
MIP search method: dynamic search.
Parallel mode: deterministic, using up to 24 threads.
Root relaxation solution time = 0.14 sec. (110.95 ticks)

        Nodes                                         Cuts/
   Node  Left     Objective  IInf  Best Integer    Best Bound    ItCnt     Gap

*     0+    0                           17.0000      933.0000              --- 
*     0+    0                          443.0000      933.0000           110.61%
      0     0      662.3000   276      443.0000      662.3000     2426   49.50%
Exception raised in listener 'MipGapPrinter': 'int' object is not callable, id=1
*     0+    0                          540.0000      662.3000            22.65%
Exception raised in listener 'MipGapPrinter': 'int' object is not callable, id=3
      0     0      588.7000   181      540.0000     Cuts: 635     3903    9.02%
*     0+    0                          542.0000      588.7000             8.62%
Exception raised in listener 'MipGapPrinter': 'int' object is not callable, id=5
      0     0      580.1667   143      542.0000     Cuts: 223     4174    7.04%
*     0+    0                          559.0000      580.1667             3.79%
Exception raised in listener 'MipGapPrinter': 'int' object is not callable, id=7
      0     0      580.1667   157      559.0000      Cuts: 97     4346    3.79%
*     0+    0                          569.0000      580.1667             1.96%
Exception raised in listener 'MipGapPrinter': 'int' object is not callable, id=10
      0     0      580.1667    50      569.0000      Cuts: 10     4369    1.96%
      0     0      580.1667   109      569.0000      Cuts: 40     4494    1.96%
*     0+    0                          575.0000      580.1667             0.90%
*     0+    0                          576.0000      580.1667             0.72%
Exception raised in listener 'MipGapPrinter': 'int' object is not callable, id=15
      0     2      580.1667    20      576.0000      579.9167     4494    0.68%
Elapsed time = 53.41 sec. (11636.63 ticks, tree = 0.02 MB, solutions = 8)
    147    77      579.8750    97      576.0000      579.9167     5698    0.68%
*   180+   13                          577.0000      579.9167             0.51%
Exception raised in listener 'MipGapPrinter': 'int' object is not callable, id=36
    559   408      580.1667    34      577.0000      579.9167    12032    0.51%
   1459  1300      580.1667    14      577.0000      579.9167    25772    0.51%
   2327  2138      580.1667    30      577.0000      579.9167    37371    0.51%
*  2616+ 2272                          578.0000      579.9167             0.33%
Exception raised in listener 'MipGapPrinter': 'int' object is not callable, id=50
*  2841+ 2424                          579.0000      579.9167             0.16%
   2922  2550      580.1667    22      579.0000      579.9167    45736    0.16%
Exception raised in listener 'MipGapPrinter': 'int' object is not callable, id=51

GUB cover cuts applied:  178
Clique cuts applied:  22
Cover cuts applied:  134
Flow cuts applied:  10
Mixed integer rounding cuts applied:  20
Zero-half cuts applied:  73
Lift and project cuts applied:  3
Gomory fractional cuts applied:  139

Root node processing (before b&c):
  Real time             =   50.76 sec. (11642.11 ticks)
Parallel b&c, 24 threads:
  Real time             =   16.25 sec. (1359.24 ticks)
  Sync time (average)   =    9.31 sec.
  Wait time (average)   =    0.00 sec.
                          ------------
Total (root+branch&cut) =   67.02 sec. (13001.36 ticks)
status  = integer optimal solution
time    = 67.0279 s.
problem = MILP
gap     = 0%

Objective value: 579.0
[50, 100, 8, 8, 400, 201, 579, 579, 0.0, 67.03]
number of spatial :  476
Heuristic Solution information :  [50, 100, 8, 8, 400, 200, 482, 6, 476]
