CPXPARAM_Read_DataCheck                          1
CPXPARAM_TimeLimit                               14400
Tried aggregator 2 times.
MIP Presolve eliminated 25077 rows and 226447 columns.
MIP Presolve modified 1386 coefficients.
Aggregator did 1006 substitutions.
Reduced MIP has 279707 rows, 64287 columns, and 856974 nonzeros.
Reduced MIP has 59287 binaries, 0 generals, 0 SOSs, and 0 indicators.
Presolve time = 3.06 sec. (3580.56 ticks)
Probing time = 4.18 sec. (17.59 ticks)
Tried aggregator 1 time.
MIP Presolve eliminated 196000 rows and 4000 columns.
Reduced MIP has 83707 rows, 60287 columns, and 464974 nonzeros.
Reduced MIP has 59287 binaries, 0 generals, 0 SOSs, and 0 indicators.
Presolve time = 1.75 sec. (574.88 ticks)
Probing time = 2.80 sec. (13.78 ticks)
Clique table members: 32079.
MIP emphasis: balance optimality and feasibility.
MIP search method: dynamic search.
Parallel mode: deterministic, using up to 24 threads.
Root relaxation solution time = 9.50 sec. (2458.60 ticks)

        Nodes                                         Cuts/
   Node  Left     Objective  IInf  Best Integer    Best Bound    ItCnt     Gap

*     0+    0                          362.0000     1020.0000           181.77%
      0     0      765.5000   780      362.0000      765.5000    29159  111.46%
Exception raised in listener 'MipGapPrinter': 'int' object is not callable, id=1
*     0+    0                          527.0000      765.5000            45.26%
Exception raised in listener 'MipGapPrinter': 'int' object is not callable, id=3
      0     0      694.6667   772      527.0000     Cuts: 878    43419   31.82%
      0     0      680.6667   762      527.0000     Cuts: 425    53954   29.16%
      0     0      680.6667   821      527.0000     Cuts: 425    67157   29.16%
*     0+    0                          632.0000      680.6667             7.70%
*     0+    0                          640.0000      680.6667             6.35%
*     0+    0                          649.0000      680.6667             4.88%
Exception raised in listener 'MipGapPrinter': 'int' object is not callable, id=9
      0     0      680.6667   590      649.0000      Cuts: 23    74015    4.88%
*     0+    0                          661.0000      680.6667             2.98%
Exception raised in listener 'MipGapPrinter': 'int' object is not callable, id=12
      0     0      680.6667   681      661.0000     Cuts: 321    85208    2.98%
Heuristic still looking.
*     0+    0                          667.0000      680.6667             2.05%
Exception raised in listener 'MipGapPrinter': 'int' object is not callable, id=14
      0     2      680.6667   307      667.0000      680.6667    85208    2.05%
Elapsed time = 941.21 sec. (101302.42 ticks, tree = 0.02 MB, solutions = 7)
      1     3      680.6667   358      667.0000      680.6667    86424    2.05%
      3     5      680.6667   322      667.0000      680.6667    88045    2.05%
      5     5      680.6667   345      667.0000      680.6667    87036    2.05%
      6     3      680.6667   381      667.0000      680.6667    86139    2.05%
      9     7    infeasible            667.0000      680.6667    91637    2.05%
     11     9      680.6667   314      667.0000      680.6667    93965    2.05%
     14     9    infeasible            667.0000      680.6667    94654    2.05%
     16     4      680.6667   335      667.0000      680.6667    86578    2.05%
     18    12      680.6667   412      667.0000      680.6667    96883    2.05%
     26    19    infeasible            667.0000      680.6667   102539    2.05%
Elapsed time = 1048.47 sec. (107443.07 ticks, tree = 0.04 MB, solutions = 7)
     36    27      680.6667   311      667.0000      680.6667   106569    2.05%
     64    45      680.6667   280      667.0000      680.6667   121102    2.05%
    147    64      680.6667   404      667.0000      680.6667   133115    2.05%
    248   161      680.6667   356      667.0000      680.6667   188445    2.05%
    381   219    infeasible            667.0000      680.6667   235188    2.05%
*   453+   22                          669.0000      680.6667             1.74%
Exception raised in listener 'MipGapPrinter': 'int' object is not callable, id=25
    540   336      680.6667   268      669.0000      680.6667   290253    1.74%
    635   470      680.6667   192      669.0000      680.6667   338216    1.74%
    739   575      680.6667   190      669.0000      680.6667   378128    1.74%
    916   633      680.6667   231      669.0000      680.6667   397217    1.74%
   1145   816      680.6667   294      669.0000      680.6667   468544    1.74%
Elapsed time = 1280.54 sec. (117124.96 ticks, tree = 10.77 MB, solutions = 8)
   1345   803      680.6667   260      669.0000      680.6667   461563    1.74%
   1549  1005      680.6667   272      669.0000      680.6667   539301    1.74%
   1734  1101      680.6667   296      669.0000      680.6667   585133    1.74%
   1881  1218    infeasible            669.0000      680.6667   633082    1.74%
   2041  1193      680.6667   188      669.0000      680.6667   618642    1.74%
   2209  1469      680.6667   283      669.0000      680.6667   724070    1.74%
   2360  1655      680.6667   267      669.0000      680.6667   780540    1.74%
   2495  1619      680.6667   307      669.0000      680.6667   770920    1.74%
   2695  1841      680.6667   214      669.0000      680.6667   840114    1.74%
   2947  1905      680.6667   227      669.0000      680.6667   868440    1.74%
Elapsed time = 1527.96 sec. (126709.00 ticks, tree = 37.14 MB, solutions = 8)
   3192  2115      680.6667   213      669.0000      680.6667   950685    1.74%
   3427  2229      678.8333   161      669.0000      680.6667  1004831    1.74%
   3678  2448      678.5833   247      669.0000      680.6667  1111126    1.74%
   3963  2435      676.3333    92      669.0000      680.6667  1082653    1.74%
   4193  2583      677.6667   154      669.0000      680.6667  1179604    1.74%
   4430  2921    infeasible            669.0000      680.6667  1332247    1.74%
   4652  3097      674.0000   102      669.0000      680.6667  1430498    1.74%
   4875  3253      676.5000   153      669.0000      680.6667  1473751    1.74%
*  4943+ 3394                          670.0000      680.6667             1.59%
*  5025+ 3308                          671.0000      680.6667             1.44%
Exception raised in listener 'MipGapPrinter': 'int' object is not callable, id=39
   5062  3501      680.6667   125      671.0000      680.6667  1564526    1.44%
*  5078+ 3476                          672.0000      680.6667             1.29%
   5244  3483      679.8333   121      672.0000      680.6667  1564438    1.29%
Elapsed time = 1686.14 sec. (136291.18 ticks, tree = 87.59 MB, solutions = 11)
   5439  3678      676.3333    48      672.0000      680.6667  1630890    1.29%
Exception raised in listener 'MipGapPrinter': 'int' object is not callable, id=40
   5668  4136    infeasible            672.0000      680.6667  1771107    1.29%
   5920  4077      679.5833   137      672.0000      680.6667  1755969    1.29%
   6021  4152      680.6667   145      672.0000      680.6667  1778457    1.29%
   6022  2671      680.6667   236      672.0000      680.6667  1243440    1.29%
   6023  4635      680.6667   260      672.0000      680.6667  2043002    1.29%
   6024  4635      680.6667   416      672.0000      680.6667  2049912    1.29%
   6025  4636      680.6667   501      672.0000      680.6667  2059066    1.29%
   6026  4636      680.6667   641      672.0000      680.6667  2067574    1.29%
   6027  2781      680.6667   492      672.0000      680.6667  2050022    1.29%
Elapsed time = 4730.19 sec. (376911.85 ticks, tree = 81.79 MB, solutions = 13)
   6028  2781      680.6667   494      672.0000      680.6667  2058035    1.29%
   6029  2782      680.6667   593      672.0000      680.6667  2077845    1.29%
   6030  2783      680.6667   486      672.0000      680.6667  2083483    1.29%
   6032  2436      680.6667   581      672.0000      680.6667  2093700    1.29%
   6034  2437      680.6667   575      672.0000      680.6667  2102758    1.29%
   6035  2439      680.6667   540      672.0000      680.6667  2105653    1.29%
   6037  2251      680.6667   559      672.0000      680.6667  2105611    1.29%
   6038  2253      680.6667   489      672.0000      680.6667  2107778    1.29%
   6039  2254      680.6667   646      672.0000      680.6667  2108782    1.29%
   6042   935      680.6667   757      672.0000      680.6667  2106171    1.29%
Elapsed time = 5315.34 sec. (394933.85 ticks, tree = 27.15 MB, solutions = 13)
   6044   220      680.6667   516      672.0000      680.6667  2067955    1.29%
   6046   233      680.6667   627      672.0000      680.6667  2110489    1.29%
   6049   236      680.6667   520      672.0000      680.6667  2123131    1.29%
   6051   236      680.6667   567      672.0000      680.6667  2124264    1.29%
   6053   206      680.6667   512      672.0000      680.6667  2121331    1.29%
   6055   210      680.6667   614      672.0000      680.6667  2124650    1.29%
   6058    67      680.6667   604      672.0000      680.6667  2132517    1.29%
   6060    68      680.6667   475      672.0000      680.6667  2135002    1.29%
   6062    21      680.6667   531      672.0000      680.6667  2102352    1.29%
   6067    32      680.6667   594      672.0000      680.6667  2135777    1.29%
Elapsed time = 5925.15 sec. (410984.41 ticks, tree = 2.04 MB, solutions = 13)
   6069    33      680.6667   593      672.0000      680.6667  2145738    1.29%
   6078    31      680.6667   501      672.0000      680.6667  2134898    1.29%
   6085    34      680.6667   551      672.0000      680.6667  2155174    1.29%
   6093    41      680.6667   452      672.0000      680.6667  2160218    1.29%
   6100    43      680.6667   535      672.0000      680.6667  2161412    1.29%
   6113    38      680.6667   512      672.0000      680.6667  2157790    1.29%
   6126    46      680.6667   449      672.0000      680.6667  2161212    1.29%
   6138    48      680.6667   388      672.0000      680.6667  2162104    1.29%
   6149    53      680.6667   467      672.0000      680.6667  2168283    1.29%
   6162    43      680.6667   492      672.0000      680.6667  2159360    1.29%
Elapsed time = 6283.25 sec. (421711.22 ticks, tree = 2.83 MB, solutions = 13)
   6178    97    infeasible            672.0000      680.6667  2199302    1.29%
   6191    58      680.6667   399      672.0000      680.6667  2165643    1.29%
   6206    48      680.6667   469      672.0000      680.6667  2166986    1.29%
   6219    80      680.6667   394      672.0000      680.6667  2192994    1.29%
   6235   100      680.6667   396      672.0000      680.6667  2207404    1.29%
   6244    81    infeasible            672.0000      680.6667  2195881    1.29%
   6254   147      680.6667   388      672.0000      680.6667  2250065    1.29%
   6270   103      680.6667   458      672.0000      680.6667  2215954    1.29%
   6286   149      680.6667   356      672.0000      680.6667  2251513    1.29%
   6306   110      680.6667   521      672.0000      680.6667  2218129    1.29%
Elapsed time = 6535.43 sec. (431840.73 ticks, tree = 5.52 MB, solutions = 13)
   6324   186      680.6667   533      672.0000      680.6667  2331270    1.29%
   6347   187      680.6667   457      672.0000      680.6667  2331690    1.29%
   6376   249      680.6667   301      672.0000      680.6667  2491936    1.29%
   6408   259      680.6667   303      672.0000      680.6667  2505397    1.29%
   6447   255      680.6667   368      672.0000      680.6667  2497367    1.29%
   6483   242      680.6667   304      672.0000      680.6667  2481251    1.29%
   6523   230      680.6667   445      672.0000      680.6667  2451087    1.29%
   6559   232      680.6667   405      672.0000      680.6667  2451910    1.29%
   6599   246      680.6667   443      672.0000      680.6667  2492624    1.29%
   6839   398      680.6667   308      672.0000      680.6667  2611078    1.29%
Elapsed time = 6939.65 sec. (444626.44 ticks, tree = 10.33 MB, solutions = 13)
   7129   609    infeasible            672.0000      680.6667  2715504    1.29%
   7549   635      680.6667   168      672.0000      680.6667  2720356    1.29%
   8062  1090      679.0000   175      672.0000      680.6667  2939195    1.29%
   8674   896      676.6667   171      672.0000      680.6667  2859790    1.29%
   9414  1457    infeasible            672.0000      680.6667  3148717    1.29%
  10051  1705      676.6667    64      672.0000      680.6667  3231086    1.29%
  10527  1899      676.6667   128      672.0000      680.6667  3319969    1.29%
  10750  2968      679.0000   220      672.0000      680.6667  3890483    1.29%
  10931  3079      680.6667   171      672.0000      680.6667  3943718    1.29%
  11102  3104      676.9667   104      672.0000      680.6667  3981525    1.29%
Elapsed time = 8159.11 sec. (482928.59 ticks, tree = 85.89 MB, solutions = 13)
  11307  3350      678.4167    85      672.0000      680.6667  4289391    1.29%
  11564  3316      676.2667   135      672.0000      680.6667  4274308    1.29%
  11870  3376      676.5000    73      672.0000      680.6667  4326353    1.29%
  12228  3643      679.3333   124      672.0000      680.6667  4523923    1.29%
  12656  3996      675.4167    87      672.0000      680.6667  4841467    1.29%
  13118  4233      678.3333    93      672.0000      680.6667  5037070    1.29%
  13634  4499      676.6667    72      672.0000      680.6667  5197508    1.29%
  14128  4589      680.2500   128      672.0000      680.6667  5260278    1.29%
  14572  4984        cutoff            672.0000      680.6667  5524359    1.29%
  14995  5583    infeasible            672.0000      680.6667  6015686    1.29%
Elapsed time = 9292.12 sec. (521178.38 ticks, tree = 162.36 MB, solutions = 13)
  15475  5889      679.3333   139      672.0000      680.6667  6328526    1.29%
  16032  6299      675.3333    72      672.0000      680.6667  6595322    1.29%
  16609  6367      676.5417    58      672.0000      680.6667  6699630    1.29%
  17173  7129      676.4167    71      672.0000      680.6667  7121039    1.29%
  17618  7181      680.6667   144      672.0000      680.6667  7140608    1.29%
  17890  7657      680.6667   160      672.0000      680.6667  7423338    1.29%
  18130  7807      679.3333   105      672.0000      680.6667  7602386    1.29%
  18338  8085      679.3333   113      672.0000      680.6667  7817163    1.29%
  18475  8108      674.5000   148      672.0000      680.6667  7837319    1.29%
  18737  8298      675.6667    92      672.0000      680.6667  7910173    1.29%
Elapsed time = 10425.41 sec. (559500.06 ticks, tree = 246.32 MB, solutions = 13)
* 19015+ 7948                          674.0000      680.6667             0.99%
  19088  8441    infeasible            674.0000      680.6667  7968654    0.99%
Exception raised in listener 'MipGapPrinter': 'int' object is not callable, id=75
  19392  7794      679.3333   129      674.0000      680.6667  8256383    0.99%
  19850  8092      678.0000   100      674.0000      680.6667  8494604    0.99%
  20364  8440      680.6667   288      674.0000      680.6667  8760089    0.99%
  20863  8952    infeasible            674.0000      680.6667  9032264    0.99%
  21328  9069    infeasible            674.0000      680.6667  9101126    0.99%
  21973  9526      677.5000   118      674.0000      680.6667  9406291    0.99%
  22492  9460      675.3333    83      674.0000      680.6667  9354923    0.99%
  22991  9973      680.6667   174      674.0000      680.6667  9682026    0.99%
  23498 10310      679.3333   126      674.0000      680.6667  9878913    0.99%
Elapsed time = 11365.28 sec. (597723.30 ticks, tree = 307.69 MB, solutions = 15)
  24053 11081      676.6667    68      674.0000      680.6667 10413552    0.99%
  24547 11082      680.6667   153      674.0000      680.6667 10472207    0.99%
  24976 11949      680.6667   292      674.0000      680.6667 11078563    0.99%
  25381 11868      675.0000   150      674.0000      680.6667 11038410    0.99%
  25859 12147      676.6667   117      674.0000      680.6667 11197759    0.99%
  26303 12906      679.1667   154      674.0000      680.6667 11707207    0.99%
  26827 12792      676.6667    52      674.0000      680.6667 11624203    0.99%
  27302 13315      679.1806   126      674.0000      680.6667 12062239    0.99%
  27750 13220    infeasible            674.0000      680.6667 12031753    0.99%
  28209 14121      678.0000    78      674.0000      680.6667 12522495    0.99%
Elapsed time = 12346.56 sec. (635956.57 ticks, tree = 425.32 MB, solutions = 15)
  28651 14446      679.3333   129      674.0000      680.6667 12675099    0.99%
  29114 14603      680.2500   114      674.0000      680.6667 12795726    0.99%
  29698 15047      675.3333   106      674.0000      680.6667 12970357    0.99%
  30311 15181      675.6667   170      674.0000      680.6667 13047785    0.99%
  30862 15198    infeasible            674.0000      680.6667 13053644    0.99%
  31399 15686      677.8333   131      674.0000      680.6667 13387580    0.99%
  32019 16435    infeasible            674.0000      680.6667 13742623    0.99%
  32623 17080      676.6667    82      674.0000      680.6667 14073071    0.99%
  33219 17118      679.4167   144      674.0000      680.6667 14101348    0.99%
  33825 17423      675.3333   152      674.0000      680.6667 14309485    0.99%
Elapsed time = 13226.85 sec. (674168.49 ticks, tree = 528.01 MB, solutions = 15)
  34490 17897      675.6667   123      674.0000      680.6667 14568168    0.99%
  35096 17919      675.6667   130      674.0000      680.6667 14579270    0.99%
  35635 18627      675.0000    88      674.0000      680.6667 14872779    0.99%
  36208 19156      675.3333    75      674.0000      680.6667 15151022    0.99%
  36686 20111      675.0000   118      674.0000      680.6667 15720506    0.99%
  37124 20249      675.8333   178      674.0000      680.6667 15856143    0.99%
  37597 20824      679.3333   162      674.0000      680.6667 16178196    0.99%
  38047 20958      678.6667   131      674.0000      680.6667 16303940    0.99%
  38626 20981      678.0000   136      674.0000      680.6667 16316145    0.99%
  39227 21271      679.3333   145      674.0000      680.6667 16436880    0.99%
Elapsed time = 14252.54 sec. (712390.47 ticks, tree = 647.61 MB, solutions = 15)
  39826 21815      679.8333   186      674.0000      680.6667 16811263    0.99%
  40354 22036      675.3333   118      674.0000      680.6667 16861796    0.99%
* 40650+22273                          678.0000      680.6667             0.39%
  40861 22348    infeasible            678.0000      680.6667 17047193    0.39%
Exception raised in listener 'MipGapPrinter': 'int' object is not callable, id=96
  41403  9099      679.3333    93      678.0000      680.6667 17442347    0.39%

GUB cover cuts applied:  119
Clique cuts applied:  21
Cover cuts applied:  156
Implied bound cuts applied:  128
Flow cuts applied:  7
Mixed integer rounding cuts applied:  47
Zero-half cuts applied:  78
Lift and project cuts applied:  2
Gomory fractional cuts applied:  49

Root node processing (before b&c):
  Real time             =  930.33 sec. (101235.93 ticks)
Parallel b&c, 24 threads:
  Real time             = 13470.88 sec. (630004.94 ticks)
  Sync time (average)   = 3688.30 sec.
  Wait time (average)   =    0.40 sec.
                          ------------
Total (root+branch&cut) = 14401.21 sec. (731240.87 ticks)
status  = time limit exceeded
time    = 14401.5 s.
problem = MILP
gap     = 0.393314%

Objective value: 678.0
[50, 100, 8, 8, 400, 229, 678, 680, 0.39, 14401.49]
number of spatial :  569
Heuristic Solution information :  [50, 100, 8, 8, 400, 221, 575, 6, 569]
