CPXPARAM_Read_DataCheck                          1
CPXPARAM_TimeLimit                               14400
Tried aggregator 2 times.
MIP Presolve eliminated 37454 rows and 339709 columns.
MIP Presolve modified 1926 coefficients.
Aggregator did 1006 substitutions.
Reduced MIP has 419015 rows, 96025 columns, and 1284704 nonzeros.
Reduced MIP has 88525 binaries, 0 generals, 0 SOSs, and 0 indicators.
Presolve time = 4.56 sec. (5362.01 ticks)
Probing time = 4.13 sec. (27.20 ticks)
Tried aggregator 1 time.
MIP Presolve eliminated 294000 rows and 6000 columns.
Reduced MIP has 125015 rows, 90025 columns, and 696704 nonzeros.
Reduced MIP has 88525 binaries, 0 generals, 0 SOSs, and 0 indicators.
Presolve time = 3.00 sec. (858.22 ticks)
Probing time = 2.55 sec. (21.68 ticks)
Clique table members: 48097.
MIP emphasis: balance optimality and feasibility.
MIP search method: dynamic search.
Parallel mode: deterministic, using up to 24 threads.
Root relaxation solution time = 15.49 sec. (2710.41 ticks)

        Nodes                                         Cuts/
   Node  Left     Objective  IInf  Best Integer    Best Bound    ItCnt     Gap

*     0+    0                          534.0000     1020.0000            91.01%
      0     0      904.1250  1178      534.0000      904.1250    24203   69.31%
Exception raised in listener 'MipGapPrinter': 'int' object is not callable, id=1
*     0+    0                          722.0000      904.1250            25.23%
Exception raised in listener 'MipGapPrinter': 'int' object is not callable, id=3
      0     0      874.5000  1095      722.0000     Cuts: 865    46678   21.12%
      0     0      865.5000  1195      722.0000     Cuts: 629    64260   19.88%
      0     0      865.5000  1253      722.0000     Cuts: 639    86251   19.88%
*     0+    0                          784.0000      865.5000            10.40%
*     0+    0                          806.0000      865.5000             7.38%
*     0+    0                          814.0000      865.5000             6.33%
*     0+    0                          824.0000      865.5000             5.04%
Exception raised in listener 'MipGapPrinter': 'int' object is not callable, id=9
      0     0      865.5000   885      824.0000      Cuts: 78   101476    5.04%
      0     0      865.5000  1139      824.0000     Cuts: 549   119263    5.04%
Heuristic still looking.
Heuristic still looking.
*     0+    0                          830.0000      865.5000             4.28%
*     0+    0                          844.0000      865.5000             2.55%
*     0+    0                          848.0000      865.5000             2.06%
*     0+    0                          850.0000      865.5000             1.82%
Exception raised in listener 'MipGapPrinter': 'int' object is not callable, id=14
      0     2      865.5000   581      850.0000      865.5000   119263    1.82%
Elapsed time = 3738.44 sec. (266516.37 ticks, tree = 0.02 MB, solutions = 10)
      1     3      865.5000   579      850.0000      865.5000   119796    1.82%
      2     4      865.5000   600      850.0000      865.5000   121245    1.82%
      3     5      865.5000   629      850.0000      865.5000   121715    1.82%
      4     6      865.5000   649      850.0000      865.5000   122178    1.82%
      5     7      865.5000   641      850.0000      865.5000   123395    1.82%
      6     8      865.5000   589      850.0000      865.5000   124232    1.82%
      7     9      865.5000   603      850.0000      865.5000   124511    1.82%
      8    10      865.5000   637      850.0000      865.5000   125107    1.82%
     10     6      865.5000   605      850.0000      865.5000   121942    1.82%
     13    13      865.5000   612      850.0000      865.5000   126538    1.82%
Elapsed time = 3988.85 sec. (278839.83 ticks, tree = 1.02 MB, solutions = 10)
     21    17      865.5000   581      850.0000      865.5000   128969    1.82%
     28    27      865.5000   694      850.0000      865.5000   136553    1.82%
     41    33      865.5000   560      850.0000      865.5000   139048    1.82%
     54    35      865.5000   654      850.0000      865.5000   141862    1.82%
     70    35      865.5000   635      850.0000      865.5000   143788    1.82%
     91    37      865.5000   637      850.0000      865.5000   144638    1.82%
    115    73      865.5000   543      850.0000      865.5000   157101    1.82%
    141    91      865.5000   496      850.0000      865.5000   166042    1.82%
    163   143      865.5000   582      850.0000      865.5000   193792    1.82%
    204   144      865.5000   674      850.0000      865.5000   198667    1.82%
Elapsed time = 4259.93 sec. (288805.15 ticks, tree = 8.53 MB, solutions = 10)
    249   198      865.5000   628      850.0000      865.5000   240575    1.82%
    312   216      865.5000   563      850.0000      865.5000   245643    1.82%
    366   290      865.5000   506      850.0000      865.5000   282726    1.82%
    427   331      865.5000   514      850.0000      865.5000   299919    1.82%
    497   441      865.5000   543      850.0000      865.5000   336988    1.82%
    554   385      865.5000   596      850.0000      865.5000   320193    1.82%
    600   454      865.5000   483      850.0000      865.5000   341233    1.82%
    649   485      865.5000   532      850.0000      865.5000   352182    1.82%
    694   591      865.5000   573      850.0000      865.5000   391623    1.82%
    743   547      865.5000   503      850.0000      865.5000   378953    1.82%
Elapsed time = 4521.70 sec. (298495.95 ticks, tree = 43.85 MB, solutions = 10)
    798   690      865.5000   517      850.0000      865.5000   427203    1.82%
    849   695      865.5000   448      850.0000      865.5000   429100    1.82%
    901   732      865.5000   557      850.0000      865.5000   444536    1.82%
    953   756      865.5000   464      850.0000      865.5000   451265    1.82%
    995   851      865.5000   475      850.0000      865.5000   484991    1.82%
   1043   877      865.5000   497      850.0000      865.5000   494557    1.82%
   1086   913      865.5000   371      850.0000      865.5000   502060    1.82%
   1130   842      865.5000   587      850.0000      865.5000   485496    1.82%
*  1153+   22                          852.0000      865.5000             1.58%
   1179   980      865.5000   453      852.0000      865.5000   524288    1.58%
   1233   981      865.5000   598      852.0000      865.5000   525951    1.58%
Elapsed time = 4850.46 sec. (308254.77 ticks, tree = 106.89 MB, solutions = 11)
   1299  1067      865.5000   559      852.0000      865.5000   548357    1.58%
Exception raised in listener 'MipGapPrinter': 'int' object is not callable, id=36
   1377  1035      865.5000   344      852.0000      865.5000   538955    1.58%
   1453  1095      865.5000   423      852.0000      865.5000   554726    1.58%
   1539  1124      865.5000   468      852.0000      865.5000   567213    1.58%
   1625  1252    infeasible            852.0000      865.5000   605957    1.58%
   1707  1255    infeasible            852.0000      865.5000   607321    1.58%
   1787  1361      865.5000   447      852.0000      865.5000   637621    1.58%
   1892  1601    infeasible            852.0000      865.5000   708282    1.58%
   1998  1430      865.5000   458      852.0000      865.5000   657371    1.58%
*  2035+   23                          854.0000      865.5000             1.35%
   2119  1702    infeasible            854.0000      865.5000   736844    1.35%
Elapsed time = 5153.18 sec. (317872.18 ticks, tree = 217.12 MB, solutions = 11)
   2245  1706    infeasible            854.0000      865.5000   738815    1.35%
Exception raised in listener 'MipGapPrinter': 'int' object is not callable, id=39
   2372  1711      865.5000   344      854.0000      865.5000   740812    1.35%
   2498  2005      865.5000   388      854.0000      865.5000   826138    1.35%
   2634  2011      865.5000   382      854.0000      865.5000   827508    1.35%
   2760  2085      865.5000   457      854.0000      865.5000   851434    1.35%
   2870  2279      865.5000   419      854.0000      865.5000   909256    1.35%
   2987  2076      865.5000   393      854.0000      865.5000   842971    1.35%
   3097  2318      865.5000   656      854.0000      865.5000   922331    1.35%
   3222  2399      865.5000   485      854.0000      865.5000   953691    1.35%
   3351  2556      865.5000   344      854.0000      865.5000  1010950    1.35%
Elapsed time = 5451.44 sec. (327498.47 ticks, tree = 356.77 MB, solutions = 13)
   3476  2562      865.5000   342      854.0000      865.5000  1013125    1.35%
   3598  2752      865.5000   224      854.0000      865.5000  1061765    1.35%
   3719  2756      865.5000   260      854.0000      865.5000  1064178    1.35%
   3828  2851    infeasible            854.0000      865.5000  1089250    1.35%
   3965  2856      865.5000   256      854.0000      865.5000  1091471    1.35%
   4084  3199      865.5000   276      854.0000      865.5000  1193068    1.35%
   4208  3130      865.5000   270      854.0000      865.5000  1172622    1.35%
   4336  3152      865.5000   336      854.0000      865.5000  1180878    1.35%
   4449  3435      865.5000   356      854.0000      865.5000  1265443    1.35%
   4557  3515      865.5000   323      854.0000      865.5000  1283170    1.35%
Elapsed time = 5776.43 sec. (337103.58 ticks, tree = 530.93 MB, solutions = 13)
   4683  3647      865.5000   446      854.0000      865.5000  1310064    1.35%
   4793  3526    infeasible            854.0000      865.5000  1285880    1.35%
   4882  3701      865.5000   342      854.0000      865.5000  1322566    1.35%
   4962  3662      865.5000   459      854.0000      865.5000  1312652    1.35%
   5014  3813      865.5000   301      854.0000      865.5000  1342039    1.35%
   5076  4114      862.0000   291      854.0000      865.5000  1399166    1.35%
   5131  4128      865.5000   220      854.0000      865.5000  1401005    1.35%
   5194  4176    infeasible            854.0000      865.5000  1407162    1.35%
   5288  4125      865.5000   326      854.0000      865.5000  1400543    1.35%
   5402  4153      865.5000   282      854.0000      865.5000  1404298    1.35%
Elapsed time = 6087.74 sec. (346759.82 ticks, tree = 650.93 MB, solutions = 13)
   5552  4348      865.5000   182      854.0000      865.5000  1433930    1.35%
   5698  4352      865.5000   266      854.0000      865.5000  1433063    1.35%
*  5747+ 4010                          856.0000      865.5000             1.11%
   5865  4422      864.6667   140      856.0000      865.5000  1444871    1.11%
   6030  4450      861.5000   170      856.0000      865.5000  1446001    1.11%
   6182  4456      861.0000   167      856.0000      865.5000  1446988    1.11%
   6326  4933      865.5000   212      856.0000      865.5000  1525702    1.11%
   6474  4524      862.5000   139      856.0000      865.5000  1459680    1.11%
   6642  4695    infeasible            856.0000      865.5000  1487062    1.11%
   6799  5019      865.5000   451      856.0000      865.5000  1538720    1.11%
   6963  5192      864.2500   159      856.0000      865.5000  1579069    1.11%
Elapsed time = 6254.91 sec. (356338.20 ticks, tree = 813.65 MB, solutions = 13)
   7129  5089      856.5000   127      856.0000      865.5000  1551559    1.11%
   7293  5166      865.4000   230      856.0000      865.5000  1572637    1.11%
   7459  5141      865.5000   279      856.0000      865.5000  1567695    1.11%
   7623  5512      865.5000   276      856.0000      865.5000  1624434    1.11%
*  7785+ 4010                          858.0000      865.5000             0.87%
   7794  5849      865.5000   570      858.0000      865.5000  1682426    0.87%
   7969  5661      862.5000   265      858.0000      865.5000  1652221    0.87%
   8133  5535      865.5000   271      858.0000      865.5000  1628379    0.87%
   8305  5756    infeasible            858.0000      865.5000  1670006    0.87%
   8478  6299      863.0000   127      858.0000      865.5000  1743866    0.87%
   9087  6634      865.0000   185      858.0000      865.5000  1795082    0.87%
Elapsed time = 6510.30 sec. (368788.99 ticks, tree = 1001.13 MB, solutions = 13)
   9468  6729      865.5000   214      858.0000      865.5000  1805184    0.87%
  10069  7532      862.5000   214      858.0000      865.5000  1903867    0.87%
  10774  7674      865.5000   313      858.0000      865.5000  1925896    0.87%
* 11390+ 4010                          860.0000      865.5000             0.64%
  11545  8590      865.5000   213      860.0000      865.5000  2074477    0.64%
  11995  8582      860.7500   138      860.0000      865.5000  2077827    0.64%
  12105  8627      865.5000   520      860.0000      865.5000  2081957    0.64%

GUB cover cuts applied:  125
Clique cuts applied:  7
Cover cuts applied:  56
Implied bound cuts applied:  359
Flow cuts applied:  4
Mixed integer rounding cuts applied:  85
Zero-half cuts applied:  55
Lift and project cuts applied:  1
Gomory fractional cuts applied:  28

Root node processing (before b&c):
  Real time             = 3727.03 sec. (266401.39 ticks)
Parallel b&c, 24 threads:
  Real time             = 10673.61 sec. (464031.11 ticks)
  Sync time (average)   = 1113.20 sec.
  Wait time (average)   =    0.00 sec.
                          ------------
Total (root+branch&cut) = 14400.65 sec. (730432.50 ticks)
status  = time limit exceeded
time    = 14403.7 s.
problem = MILP
gap     = 0.639535%

Objective value: 860.0
[50, 150, 8, 8, 400, 320, 860, 865, 0.64, 14403.72]
number of spatial :  762
Heuristic Solution information :  [50, 150, 8, 8, 400, 294, 768, 6, 762]
