CPXPARAM_Read_DataCheck                          1
CPXPARAM_TimeLimit                               14400
Tried aggregator 2 times.
MIP Presolve eliminated 26047 rows and 85051 columns.
MIP Presolve modified 3505 coefficients.
Aggregator did 3741 substitutions.
Reduced MIP has 158781 rows, 62345 columns, and 761691 nonzeros.
Reduced MIP has 59845 binaries, 0 generals, 0 SOSs, and 0 indicators.
Presolve time = 0.73 sec. (6288.83 ticks)
Probing time = 0.32 sec. (17.30 ticks)
Tried aggregator 1 time.
MIP Presolve eliminated 73500 rows and 1500 columns.
Reduced MIP has 85281 rows, 60845 columns, and 614691 nonzeros.
Reduced MIP has 59845 binaries, 0 generals, 0 SOSs, and 0 indicators.
Presolve time = 0.40 sec. (1085.92 ticks)
Probing time = 0.14 sec. (17.19 ticks)
Clique table members: 31808.
MIP emphasis: balance optimality and feasibility.
MIP search method: dynamic search.
Parallel mode: deterministic, using up to 24 threads.
Root relaxation solution time = 4.97 sec. (4238.92 ticks)

        Nodes                                         Cuts/
   Node  Left     Objective  IInf  Best Integer    Best Bound    ItCnt     Gap

*     0+    0                          433.0000     3774.0000           771.59%
      0     0     1756.3056  1881      433.0000     1756.3056    67090  305.61%
Exception raised in listener 'MipGapPrinter': 'int' object is not callable, id=1
*     0+    0                          812.0000     1756.3056           116.29%
Exception raised in listener 'MipGapPrinter': 'int' object is not callable, id=3
      0     0     1589.2913  1974      812.0000    Cuts: 2027    85327   95.73%
      0     0     1480.6933  1978      812.0000    Cuts: 1674   105211   82.35%
      0     0     1398.2903  1834      812.0000    Cuts: 1420   118815   72.20%
*     0+    0                         1056.0000     1398.2903            32.41%
*     0+    0                         1076.0000     1398.2903            29.95%
Exception raised in listener 'MipGapPrinter': 'int' object is not callable, id=9
      0     0     1343.8229  1204     1076.0000    Cuts: 1197   145538   24.89%
      0     0     1323.5949  1341     1076.0000     Cuts: 717   161673   23.01%
      0     0     1304.9225  1273     1076.0000     Cuts: 693   177666   21.28%
*     0+    0                         1103.0000     1304.9225            18.31%
*     0+    0                         1129.0000     1304.9225            15.58%
*     0+    0                         1137.0000     1304.9225            14.77%
*     0+    0                         1145.0000     1304.9225            13.97%
Exception raised in listener 'MipGapPrinter': 'int' object is not callable, id=16
      0     0     1291.7620  1264     1145.0000     Cuts: 624   194937   12.82%
      0     0     1283.3728  1523     1145.0000     Cuts: 465   210712   12.08%
      0     0     1277.1944  1439     1145.0000     Cuts: 436   234187   11.55%
      0     0     1275.3889  1355     1145.0000     Cuts: 353   250282   11.39%
*     0+    0                         1148.0000     1275.3889            11.10%
Exception raised in listener 'MipGapPrinter': 'int' object is not callable, id=25
      0     0     1274.8889  1496     1148.0000     Cuts: 333   266709   11.05%
      0     0     1274.8889  1496     1148.0000     Cuts: 310   279274   11.05%
      0     0     1274.8889  1586     1148.0000     Cuts: 271   295434   11.05%
Heuristic still looking.
Heuristic still looking.
Heuristic still looking.
      0     2     1274.8889  1586     1148.0000     1274.8889   295434   11.05%
Elapsed time = 1219.47 sec. (435503.01 ticks, tree = 0.02 MB, solutions = 9)
      1     3     1274.8889  1186     1148.0000     1274.8889   315008   11.05%
      2     3     1274.8889  1490     1148.0000     1274.8889   296872   11.05%
      3     4     1274.8889  1136     1148.0000     1274.8889   316498   11.05%
      4     4     1274.8889  1108     1148.0000     1274.8889   331429   11.05%
      5     5     1274.8889  1270     1148.0000     1274.8889   334388   11.05%
      6     6     1274.8889   984     1148.0000     1274.8889   331295   11.05%
      7     7     1274.8889   914     1148.0000     1274.8889   348370   11.05%
      8     8     1274.8889  1018     1148.0000     1274.8889   366618   11.05%
      9     6     1274.8889  1077     1148.0000     1274.8889   331488   11.05%
     10     9     1274.8889   988     1148.0000     1274.8889   379918   11.05%
Elapsed time = 1466.77 sec. (508023.96 ticks, tree = 0.04 MB, solutions = 9)
     12    14     1274.8889   890     1148.0000     1274.8889   437245   11.05%
     13    15     1274.8889   912     1148.0000     1274.8889   438664   11.05%
     17     8     1274.8889   926     1148.0000     1274.8889   364468   11.05%
     19    21     1274.8889   828     1148.0000     1274.8889   491786   11.05%
     21    22     1274.8889   726     1148.0000     1274.8889   493456   11.05%
     23    25     1274.8889   627     1148.0000     1274.8889   510196   11.05%
     25    11     1274.8889  1041     1148.0000     1274.8889   395330   11.05%
     28     9     1274.8889  1271     1148.0000     1274.8889   380314   11.05%
     30    13     1274.8889   931     1148.0000     1274.8889   435856   11.05%
     33    18     1274.8889   793     1148.0000     1274.8889   463814   11.05%
Elapsed time = 1597.38 sec. (523248.86 ticks, tree = 0.02 MB, solutions = 9)
*    37+   22                         1170.0000     1274.8889             8.96%
     37    31     1274.8889   568     1170.0000     1274.8889   528363    8.96%
*    38+   23                         1185.0000     1274.8889             7.59%
     38    32     1274.8889   508     1185.0000     1274.8889   529795    7.59%
     39    23     1274.8889   863     1185.0000     1274.8889   520761    7.59%
*    40+   20                         1188.0000     1274.8889             7.31%
     40    19     1274.8889  1029     1188.0000     1274.8889   494256    7.31%
*    41+   23                         1194.0000     1274.8889             6.77%
     41    20     1274.8889  1380     1194.0000     1274.8889   506762    6.77%
*    43+   20                         1204.0000     1274.8889             5.89%
     44    28     1274.8889   778     1204.0000     1274.8889   528569    5.89%
*    46+   20                         1213.0000     1274.8889             5.10%
     46    30     1274.8889   822     1213.0000     1274.8889   541652    5.10%
     50    37     1274.8889   894     1213.0000     1274.8889   578601    5.10%
Exception raised in listener 'MipGapPrinter': 'int' object is not callable, id=46
     53    32     1274.8889  1071     1213.0000     1274.8889   558037    5.10%
     57    33     1274.8889  1317     1213.0000     1274.8889   573657    5.10%
Elapsed time = 1744.81 sec. (537808.10 ticks, tree = 0.07 MB, solutions = 12)
     61    14     1274.8889  1030     1213.0000     1274.8889   436973    5.10%
     65    55     1274.8889  1113     1213.0000     1274.8889   717716    5.10%
     66    40     1274.8889   918     1213.0000     1274.8889   645922    5.10%
     68    29     1274.8889  1137     1213.0000     1274.8889   545547    5.10%
     74    53     1274.8889   658     1213.0000     1274.8889   714107    5.10%
     78    61     1274.8889   689     1213.0000     1274.8889   764065    5.10%
     83    68     1274.8889   601     1213.0000     1274.8889   828105    5.10%
     85    53     1274.8889   596     1213.0000     1274.8889   725826    5.10%
     88    55     1274.8889   593     1213.0000     1274.8889   728430    5.10%
     92    38     1274.8889  1259     1213.0000     1274.8889   627760    5.10%
Elapsed time = 1879.87 sec. (551449.00 ticks, tree = 0.07 MB, solutions = 15)
     96    57     1274.8889   387     1213.0000     1274.8889   739381    5.10%
     98    68     1274.8889   817     1213.0000     1274.8889   838542    5.10%
    102    43     1274.8889  1286     1213.0000     1274.8889   676659    5.10%
Exception raised in listener 'MipGapPrinter': 'int' object is not callable, id=47
    107    42     1274.8889   913     1213.0000     1274.8889   661137    5.10%
    112    69     1274.8889   816     1213.0000     1274.8889   858279    5.10%
    118    74     1274.8889   630     1213.0000     1274.8889   859044    5.10%
    119    64     1274.8889   740     1213.0000     1274.8889   797303    5.10%
    121    87     1274.8889   972     1213.0000     1274.8889  1016541    5.10%
    124    66     1274.8889  1271     1213.0000     1274.8889   825954    5.10%
    127    90     1274.8889   370     1213.0000     1274.8889  1040528    5.10%
Elapsed time = 2011.92 sec. (565257.24 ticks, tree = 1.00 MB, solutions = 16)
    132    72     1274.8889   966     1213.0000     1274.8889   897861    5.10%
    139    90     1274.8889   901     1213.0000     1274.8889  1036059    5.10%
    142   101     1274.8889   972     1213.0000     1274.8889  1190059    5.10%
    148    91     1274.8889  1007     1213.0000     1274.8889  1053601    5.10%
    150   104     1274.8889  1092     1213.0000     1274.8889  1223175    5.10%
    152    70     1274.8889  1016     1213.0000     1274.8889   872978    5.10%
    155    96     1274.8889   561     1213.0000     1274.8889  1116223    5.10%
    156   108     1274.8889   957     1213.0000     1274.8889  1281310    5.10%
    160   150     1274.8889   332     1213.0000     1274.8889  1668883    5.10%
    161   137     1274.8889   637     1213.0000     1274.8889  1512948    5.10%
Elapsed time = 2155.32 sec. (578751.96 ticks, tree = 3.08 MB, solutions = 19)
    164   153     1274.8889   534     1213.0000     1274.8889  1703060    5.10%
    168   130     1274.8889   669     1213.0000     1274.8889  1446209    5.10%
    171   110     1274.8889  1171     1213.0000     1274.8889  1316658    5.10%
    176   152     1274.8889   332     1213.0000     1274.8889  1677401    5.10%
    181   156     1274.8889   416     1213.0000     1274.8889  1713619    5.10%
    183   102     1274.8889   993     1213.0000     1274.8889  1212360    5.10%
    186   175     1274.4167   305     1213.0000     1274.8889  1864966    5.10%
    194   177     1274.4167   300     1213.0000     1274.8889  1867554    5.10%
    201   182     1274.8889  1120     1213.0000     1274.8889  1978990    5.10%
    215   182     1274.8889  1143     1213.0000     1274.8889  1966040    5.10%
Elapsed time = 2253.58 sec. (590377.49 ticks, tree = 7.89 MB, solutions = 19)
    228   181     1274.8889   907     1213.0000     1274.8889  1952369    5.10%
    243   183     1274.8889   721     1213.0000     1274.8889  1953685    5.10%
    257   181     1274.8889  1033     1213.0000     1274.8889  1904770    5.10%
    278   185     1274.8889   546     1213.0000     1274.8889  1956807    5.10%
    292   193     1274.8889   991     1213.0000     1274.8889  2067825    5.10%
    309   156     1274.8889  1179     1213.0000     1274.8889  1749578    5.10%
    332   198     1274.8889   376     1213.0000     1274.8889  2121660    5.10%
    351   213     1274.8889  1146     1213.0000     1274.8889  2250123    5.10%
    367   213     1274.8889   946     1213.0000     1274.8889  2230958    5.10%
    389   217     1274.8889   509     1213.0000     1274.8889  2216290    5.10%
Elapsed time = 2356.22 sec. (600535.61 ticks, tree = 9.76 MB, solutions = 19)
    407   198     1274.8889   497     1213.0000     1274.8889  2097375    5.10%
    427   204     1274.8889   437     1213.0000     1274.8889  2131804    5.10%
    453   204     1274.8889   967     1213.0000     1274.8889  2160784    5.10%
    472   206     1274.8889   356     1213.0000     1274.8889  2135801    5.10%
    487   205     1274.8889   865     1213.0000     1274.8889  2163266    5.10%
    506   206     1274.8889   895     1213.0000     1274.8889  2164992    5.10%
    524   326     1274.8889   591     1213.0000     1274.8889  2410119    5.10%
    550   355     1274.8889   374     1213.0000     1274.8889  2495858    5.10%
    568   277     1274.6111   311     1213.0000     1274.8889  2334863    5.10%
    589   278     1274.6111   303     1213.0000     1274.8889  2336811    5.10%
Elapsed time = 2444.34 sec. (610325.47 ticks, tree = 10.39 MB, solutions = 19)
    609   346     1274.8889   445     1213.0000     1274.8889  2484994    5.10%
    629   404     1274.8889   472     1213.0000     1274.8889  2574743    5.10%
    652   362    infeasible           1213.0000     1274.8889  2508034    5.10%
    676   407     1274.8889   423     1213.0000     1274.8889  2579677    5.10%
    705   258    infeasible           1213.0000     1274.8889  2327436    5.10%
    731   366     1274.6111   320     1213.0000     1274.8889  2514263    5.10%
    761   341     1274.6905   276     1213.0000     1274.8889  2471269    5.10%
    786   422    infeasible           1213.0000     1274.8889  2598219    5.10%
    811   464    infeasible           1213.0000     1274.8889  2687619    5.10%
    917   392     1274.6111   270     1213.0000     1274.8889  2559939    5.10%
Elapsed time = 2567.01 sec. (623156.38 ticks, tree = 12.09 MB, solutions = 19)
   1019   531     1274.6111   237     1213.0000     1274.8889  2772590    5.10%
   1136   642    infeasible           1213.0000     1274.8889  2951258    5.10%
   1252   722     1274.6687   283     1213.0000     1274.8889  3067016    5.10%
   1368   920     1274.8889   464     1213.0000     1274.8889  3412846    5.10%
   1484   790     1274.5000   217     1213.0000     1274.8889  3203590    5.10%
   1595   922     1274.3456   221     1213.0000     1274.8889  3429508    5.10%
   1697  1015     1274.8889   509     1213.0000     1274.8889  3572061    5.10%
   1846  1268     1273.7500   290     1213.0000     1274.8889  4114691    5.10%
   1996  1271    infeasible           1213.0000     1274.8889  4122771    5.10%
   2152  1254     1274.8889   377     1213.0000     1274.8889  4070029    5.10%
Elapsed time = 2899.41 sec. (661535.47 ticks, tree = 31.65 MB, solutions = 19)
   2318  1260     1274.8021   329     1213.0000     1274.8889  4080244    5.10%
   2486  1461     1273.1667   184     1213.0000     1274.8889  4500738    5.10%
   2636  1480    infeasible           1213.0000     1274.8889  4553804    5.10%
   2786  1542    infeasible           1213.0000     1274.8889  4665997    5.10%
   2937  1870    infeasible           1213.0000     1274.8889  5378507    5.10%
   3070  1871     1270.1250   350     1213.0000     1274.8889  5390716    5.10%
   3206  1785     1274.5909   276     1213.0000     1274.8889  5173993    5.10%
   3344  2022     1272.7708   283     1213.0000     1274.8889  5825975    5.10%
   3471  2028    infeasible           1213.0000     1274.8889  5838560    5.10%
   3606  1958     1271.6389   237     1213.0000     1274.8889  5639782    5.10%
Elapsed time = 3321.02 sec. (699959.36 ticks, tree = 48.45 MB, solutions = 19)
   3755  2330     1272.7083   265     1213.0000     1274.8889  6765654    5.10%
   3898  2442    infeasible           1213.0000     1274.8889  7162721    5.10%
   4017  2370     1270.3017   312     1213.0000     1274.8889  6907251    5.10%
   4129  2573     1273.0556   317     1213.0000     1274.8889  7594531    5.10%
   4280  2701    infeasible           1213.0000     1274.8889  7990015    5.10%
   4429  2722     1272.5602   244     1213.0000     1274.8889  8051001    5.10%
   4541  2903     1262.7009   230     1213.0000     1274.8889  8653031    5.10%
   4667  2809     1264.6447   343     1213.0000     1274.8889  8323291    5.10%
   4805  2989     1274.8056   243     1213.0000     1274.8889  8898636    5.10%
   4939  3040     1269.3287   449     1213.0000     1274.8889  9136859    5.10%
Elapsed time = 3649.63 sec. (738370.92 ticks, tree = 84.58 MB, solutions = 19)
   5017  3080     1270.1349   275     1213.0000     1274.8889  9286517    5.10%
*  5059+ 3172                         1215.0000     1274.8889             4.93%
Exception raised in listener 'MipGapPrinter': 'int' object is not callable, id=59
   5098  3105     1262.0987   240     1215.0000     1274.8889  9350065    4.93%
*  5119+ 3173                         1217.0000     1274.8889             4.76%
*  5176+ 3170                         1218.0000     1274.8889             4.67%
   5190  3280     1266.4345   227     1218.0000     1274.8889  9937525    4.67%
   5294  3382     1265.1424   294     1218.0000     1274.8889 10198502    4.67%
   5427  3370     1263.0863   334     1218.0000     1274.8889 10194554    4.67%
Exception raised in listener 'MipGapPrinter': 'int' object is not callable, id=60
   5545  3531     1265.7135   318     1218.0000     1274.8889 10728750    4.67%
   5679  3354    infeasible           1218.0000     1274.8889 10170271    4.67%
   5782  3584     1274.7431   224     1218.0000     1274.8889 10845222    4.67%
   5904  3589     1274.7431   206     1218.0000     1274.8889 10856173    4.67%
   6053  3814    infeasible           1218.0000     1274.8889 11506558    4.67%
Elapsed time = 3984.49 sec. (776863.38 ticks, tree = 106.92 MB, solutions = 23)
   6173  3833     1264.1519   468     1218.0000     1274.8889 11612307    4.67%
   6283  3816     1258.8281   216     1218.0000     1274.8889 11586058    4.67%
   6343  3838    infeasible           1218.0000     1274.8889 11626395    4.67%
   6393  3984    infeasible           1218.0000     1274.8889 11948925    4.67%
   6420  3987     1274.6839   238     1218.0000     1274.8889 11962119    4.67%
*  6421+ 2870                         1219.0000     1274.8889             4.58%
Exception raised in listener 'MipGapPrinter': 'int' object is not callable, id=62
   6421  2871     1274.8889  1161     1219.0000     1274.8889 13110539    4.58%
   6422  2872     1274.8889  1233     1219.0000     1274.8889 13126498    4.58%
   6423  2872     1274.8889   814     1219.0000     1274.8889 13138025    4.58%
   6424  2873     1274.8889  1115     1219.0000     1274.8889 13153542    4.58%
   6426  2875     1274.8889   927     1219.0000     1274.8889 13161511    4.58%
Elapsed time = 6074.02 sec. (1462600.59 ticks, tree = 102.92 MB, solutions = 24)
   6429  2876     1274.8889   885     1219.0000     1274.8889 13166508    4.58%
   6433   719     1274.8889  1136     1219.0000     1274.8889 13125018    4.58%
   6435   729     1274.8889   997     1219.0000     1274.8889 13201045    4.58%
   6442   734     1274.8889   879     1219.0000     1274.8889 13220738    4.58%
   6448   739     1274.8889   549     1219.0000     1274.8889 13250501    4.58%
   6452   712     1274.8889   389     1219.0000     1274.8889 13258378    4.58%
   6458   716     1274.8611   354     1219.0000     1274.8889 13302371    4.58%
   6462   718     1274.8056   266     1219.0000     1274.8889 13325046    4.58%
   6465   102     1274.8889   962     1219.0000     1274.8889 13326716    4.58%
   6473    51     1274.8889   733     1219.0000     1274.8889 13381942    4.58%
Elapsed time = 6469.35 sec. (1507769.13 ticks, tree = 0.71 MB, solutions = 24)
   6484    47     1274.8889   837     1219.0000     1274.8889 13422045    4.58%
   6496    50     1274.8056   262     1219.0000     1274.8889 13466101    4.58%
   6519    52     1274.8889   561     1219.0000     1274.8889 13467087    4.58%
   6540    76     1274.8889   683     1219.0000     1274.8889 13663951    4.58%
   6581    87     1274.8889  1115     1219.0000     1274.8889 13721597    4.58%
   6621    88     1274.8889   799     1219.0000     1274.8889 13728042    4.58%
   6652   104     1274.8889   659     1219.0000     1274.8889 13865005    4.58%
   6683    18     1274.8889  1114     1219.0000     1274.8889 13213298    4.58%
   6703   234     1274.8889   592     1219.0000     1274.8889 14628140    4.58%
   6726   240     1274.8889   671     1219.0000     1274.8889 14675212    4.58%
Elapsed time = 6953.78 sec. (1547339.05 ticks, tree = 3.51 MB, solutions = 24)
   6769   260     1274.8889   548     1219.0000     1274.8889 14974838    4.58%
   6809   247     1274.8889   444     1219.0000     1274.8889 14814396    4.58%
   6862   262     1274.8889   406     1219.0000     1274.8889 14932698    4.58%
   6912   288     1274.8889   382     1219.0000     1274.8889 15473914    4.58%
   6964   388     1274.8889   604     1219.0000     1274.8889 16385332    4.58%
   7014   356     1274.8542   318     1219.0000     1274.8889 16088595    4.58%
   7045   405     1274.8889   514     1219.0000     1274.8889 16497880    4.58%
   7082   392     1274.8889   542     1219.0000     1274.8889 16432546    4.58%
   7123   488     1273.8875   383     1219.0000     1274.8889 17138531    4.58%
   7161   531     1274.8889   526     1219.0000     1274.8889 17525438    4.58%
Elapsed time = 7341.52 sec. (1586073.77 ticks, tree = 9.46 MB, solutions = 24)
   7230   631     1274.8855   399     1219.0000     1274.8889 18271346    4.58%
   7308   620     1274.8542   273     1219.0000     1274.8889 18145124    4.58%
   7406   676     1274.8542   242     1219.0000     1274.8889 18777293    4.58%
   7493   642     1274.8889   900     1219.0000     1274.8889 18331454    4.58%
   7590   682     1274.8542   227     1219.0000     1274.8889 18844240    4.58%
   7683   730     1274.4500   317     1219.0000     1274.8889 19381810    4.58%
   7788   686     1274.8542   208     1219.0000     1274.8889 18904196    4.58%
   7910   877     1274.8889   715     1219.0000     1274.8889 20527943    4.58%
   8016   910     1268.6905   317     1219.0000     1274.8889 20854507    4.58%
   8111   900     1274.5833   332     1219.0000     1274.8889 20757118    4.58%
Elapsed time = 7687.64 sec. (1624710.20 ticks, tree = 42.33 MB, solutions = 24)
   8210  1091     1274.8542   209     1219.0000     1274.8889 22721016    4.58%
   8305  1078     1274.8333   213     1219.0000     1274.8889 22608705    4.58%
   8384  1225     1274.8542   227     1219.0000     1274.8889 23848943    4.58%
   8481  1302     1274.8542   250     1219.0000     1274.8889 24972182    4.58%
   8587  1147     1274.8542   373     1219.0000     1274.8889 23184096    4.58%
   8675  1290    infeasible           1219.0000     1274.8889 24912784    4.58%
*  8716+ 1280                         1220.0000     1274.8889             4.50%
   8792  1402     1264.9446   279     1220.0000     1274.8889 26002395    4.50%
   8984  1411    infeasible           1220.0000     1274.8889 26009252    4.50%
   9100  1401    infeasible           1220.0000     1274.8889 26544768    4.50%
   9194  1550     1274.8333   220     1220.0000     1274.8889 28506452    4.50%
Elapsed time = 8015.90 sec. (1663212.10 ticks, tree = 92.68 MB, solutions = 25)
Exception raised in listener 'MipGapPrinter': 'int' object is not callable, id=85
   9241  1630     1274.8463   293     1220.0000     1274.8889 28988566    4.50%
*  9254+ 1676                         1222.0000     1274.8889             4.33%
   9301  1639     1274.7875   489     1222.0000     1274.8889 29067835    4.33%
   9360  1716     1268.9020   272     1222.0000     1274.8889 29806883    4.33%
   9425  1729     1273.6250   447     1222.0000     1274.8889 30155598    4.33%
   9497  1722     1274.6354   331     1222.0000     1274.8889 29947196    4.33%
Exception raised in listener 'MipGapPrinter': 'int' object is not callable, id=86
   9561  1787     1270.5667   271     1222.0000     1274.8889 31258933    4.33%
   9625  1817     1271.7921   211     1222.0000     1274.8889 31600789    4.33%
   9704  1823     1269.5667   213     1222.0000     1274.8889 31607969    4.33%
   9757  1893     1266.4025   231     1222.0000     1274.8889 31762600    4.33%
   9827  1910     1263.4523   314     1222.0000     1274.8889 31766917    4.33%
Elapsed time = 8359.06 sec. (1702063.69 ticks, tree = 111.08 MB, solutions = 26)
   9920  1909     1274.8333   319     1222.0000     1274.8889 32004767    4.33%
   9982  1993     1264.3724   283     1222.0000     1274.8889 32264780    4.33%
  10041  2044     1273.6562   248     1222.0000     1274.8889 32384157    4.33%
  10107  2196     1273.4332   296     1222.0000     1274.8889 33338294    4.33%
  10186  2161     1274.8194   241     1222.0000     1274.8889 32864260    4.33%
* 10220+ 2128                         1226.0000     1274.8889             3.99%
  10246  2053     1274.3005   395     1226.0000     1274.8889 32428785    3.99%
Exception raised in listener 'MipGapPrinter': 'int' object is not callable, id=88
  10312  2199     1273.6611   216     1226.0000     1274.8889 33210343    3.99%
  10377  2403     1274.3151   292     1226.0000     1274.8889 34128535    3.99%
  10434  2254     1263.1731   263     1226.0000     1274.8889 33642070    3.99%
  10491  2437     1265.4107   234     1226.0000     1274.8889 34205921    3.99%
Elapsed time = 8735.74 sec. (1741152.48 ticks, tree = 127.12 MB, solutions = 27)
  10542  2353     1263.5417   228     1226.0000     1274.8889 34033936    3.99%
  10593  2542     1267.6949   280     1226.0000     1274.8889 34620503    3.99%
  10666  2549    infeasible           1226.0000     1274.8889 34622790    3.99%
  10775  2610     1265.8681   317     1226.0000     1274.8889 34749619    3.99%
  10839  2606     1273.9551   274     1226.0000     1274.8889 34792547    3.99%
  10900  2648     1268.6444   270     1226.0000     1274.8889 34913735    3.99%
  10972  2619     1269.4583   235     1226.0000     1274.8889 34801439    3.99%
  11019  2707     1274.8210   291     1226.0000     1274.8889 35098012    3.99%
  11050  2669     1257.4642   398     1226.0000     1274.8889 34953555    3.99%
  11082  2760     1267.1789   286     1226.0000     1274.8889 35251859    3.99%
Elapsed time = 9129.05 sec. (1779749.44 ticks, tree = 139.21 MB, solutions = 27)
  11106  2762     1267.0913   317     1226.0000     1274.8889 35258726    3.99%
  11128  2822     1274.8889   778     1226.0000     1274.8889 35414888    3.99%
  11168  2911     1266.8763   267     1226.0000     1274.8889 35571066    3.99%
  11200  2891     1270.7214   282     1226.0000     1274.8889 35534204    3.99%
  11225  2830     1274.8889   502     1226.0000     1274.8889 35470622    3.99%
  11238  2920     1274.8542   381     1226.0000     1274.8889 35681884    3.99%
  11252  2942     1267.8155   391     1226.0000     1274.8889 35766928    3.99%
  11269  2967     1272.1922   399     1226.0000     1274.8889 35890826    3.99%
  11304  2987     1274.8542   354     1226.0000     1274.8889 35993106    3.99%
  11312  2956     1267.9333   366     1226.0000     1274.8889 35853065    3.99%
Elapsed time = 9551.70 sec. (1818814.71 ticks, tree = 143.79 MB, solutions = 27)
  11344  2930     1274.8509   450     1226.0000     1274.8889 35775579    3.99%
  11372  2994     1265.2130   317     1226.0000     1274.8889 36003561    3.99%
  11384  3013     1274.8500   330     1226.0000     1274.8889 36122000    3.99%
  11400  3050     1267.9561   388     1226.0000     1274.8889 36235138    3.99%
  11417  3024     1274.1303   318     1226.0000     1274.8889 36130266    3.99%
  11430  3087    infeasible           1226.0000     1274.8889 36417081    3.99%
  11446  3083     1274.8542   347     1226.0000     1274.8889 36369769    3.99%
  11465  3085     1274.8542   358     1226.0000     1274.8889 36377472    3.99%
  11478  3164     1274.8542   328     1226.0000     1274.8889 36687337    3.99%
  11487  3146     1274.8889   554     1226.0000     1274.8889 36630769    3.99%
Elapsed time = 10013.97 sec. (1859726.03 ticks, tree = 150.48 MB, solutions = 27)
  11499  3131     1264.2062   369     1226.0000     1274.8889 36579017    3.99%
  11512  3117     1274.8542   429     1226.0000     1274.8889 36551470    3.99%
  11523  3161     1268.0889   432     1226.0000     1274.8889 36664907    3.99%
  11536  3181     1274.7083   367     1226.0000     1274.8889 36818083    3.99%
  11547  3260     1259.8543   389     1226.0000     1274.8889 37055184    3.99%
  11564  3248     1268.4444   317     1226.0000     1274.8889 36978677    3.99%
  11582  3255     1269.0318   383     1226.0000     1274.8889 36983476    3.99%
  11599  3256     1267.7615   374     1226.0000     1274.8889 36989614    3.99%
  11603  3257     1268.4594   464     1226.0000     1274.8889 36995341    3.99%
  11620  3250     1274.8889   640     1226.0000     1274.8889 37063544    3.99%
Elapsed time = 10511.17 sec. (1900382.39 ticks, tree = 151.37 MB, solutions = 27)
  11639  3322     1268.3433   314     1226.0000     1274.8889 37326383    3.99%
  11651  3325     1266.3283   272     1226.0000     1274.8889 37333892    3.99%
* 11654+ 2626                         1227.0000     1274.8889             3.90%
  11679  3333     1268.1496   216     1227.0000     1274.8889 37340510    3.90%
  11694  3337     1268.1493   207     1227.0000     1274.8889 37345526    3.90%
  11722  3368     1274.8542   324     1227.0000     1274.8889 37621209    3.90%
  11751  3353     1273.2657   410     1227.0000     1274.8889 37585074    3.90%
  11773  3408     1265.5536   201     1227.0000     1274.8889 37644657    3.90%
  11815  3373     1274.2917   358     1227.0000     1274.8889 37689846    3.90%
  11838  3431     1274.8889   503     1227.0000     1274.8889 37794298    3.90%
  11867  3445     1271.5097   533     1227.0000     1274.8889 37911861    3.90%
Elapsed time = 10999.24 sec. (1942118.00 ticks, tree = 158.19 MB, solutions = 27)
  11893  3463     1274.8542   325     1227.0000     1274.8889 38077686    3.90%
  11926  3436     1261.9804   275     1227.0000     1274.8889 37860164    3.90%
  11957  3441     1262.5381   237     1227.0000     1274.8889 37865788    3.90%
  11986  3474     1269.0515   525     1227.0000     1274.8889 37933692    3.90%
  12018  3470     1274.8542   351     1227.0000     1274.8889 38106883    3.90%
  12044  3563     1263.3385   520     1227.0000     1274.8889 38515880    3.90%
  12090  3569     1258.1849   460     1227.0000     1274.8889 38521255    3.90%
  12133  3479     1274.8889   646     1227.0000     1274.8889 38189143    3.90%
  12166  3494     1265.3208   235     1227.0000     1274.8889 38192561    3.90%
  12200  3573     1258.7907   350     1227.0000     1274.8889 38595940    3.90%
Elapsed time = 11442.26 sec. (1982208.61 ticks, tree = 161.87 MB, solutions = 28)
  12234  3601     1253.1913   338     1227.0000     1274.8889 38746929    3.90%
  12266  3671     1269.5655   243     1227.0000     1274.8889 38939093    3.90%
  12298  3691     1274.8542   368     1227.0000     1274.8889 39044298    3.90%
  12318  3623     1258.9954   224     1227.0000     1274.8889 38854435    3.90%
  12347  3624     1257.5648   236     1227.0000     1274.8889 38856352    3.90%
  12375  3792     1274.8403   401     1227.0000     1274.8889 39261766    3.90%
  12399  3794     1274.8403   383     1227.0000     1274.8889 39268992    3.90%
  12421  3706     1274.8542   379     1227.0000     1274.8889 39115945    3.90%
  12435  3823     1274.8542   398     1227.0000     1274.8889 39312999    3.90%
  12458  3866     1274.8542   382     1227.0000     1274.8889 39534953    3.90%
Elapsed time = 11896.64 sec. (2022119.76 ticks, tree = 172.85 MB, solutions = 28)
  12485  3868     1274.8542   353     1227.0000     1274.8889 39543003    3.90%
Exception raised in listener 'MipGapPrinter': 'int' object is not callable, id=92
  12502  3918     1266.0225   339     1227.0000     1274.8889 39695961    3.90%
  12538  3963     1262.0545   308     1227.0000     1274.8889 39846046    3.90%
  12572  3977     1250.2520   371     1227.0000     1274.8889 39938722    3.90%
  12613  3893     1274.8542   370     1227.0000     1274.8889 39670744    3.90%
  12658  3982     1258.2102   397     1227.0000     1274.8889 39859002    3.90%
  12686  3912     1274.8725   424     1227.0000     1274.8889 39730677    3.90%
  12709  3941     1274.8438   480     1227.0000     1274.8889 39878332    3.90%
  12745  4064     1272.7917   313     1227.0000     1274.8889 40412327    3.90%
  12764  4065     1272.7917   352     1227.0000     1274.8889 40419232    3.90%
Elapsed time = 12349.09 sec. (2062268.10 ticks, tree = 179.34 MB, solutions = 28)
  12777  4078     1274.7635   498     1227.0000     1274.8889 40463499    3.90%
  12792  4102     1274.8238   468     1227.0000     1274.8889 40638647    3.90%
  12817  4053     1274.8542   452     1227.0000     1274.8889 40341531    3.90%
  12847  4056     1259.3316   412     1227.0000     1274.8889 40301884    3.90%
  12875  4085     1274.6923   467     1227.0000     1274.8889 40486731    3.90%
  12915  4169     1274.8542   280     1227.0000     1274.8889 40824367    3.90%
  12956  4164     1274.8889   567     1227.0000     1274.8889 40890466    3.90%
  13000  4119     1255.6171   367     1227.0000     1274.8889 40701106    3.90%
  13037  4095     1274.8542   465     1227.0000     1274.8889 40607115    3.90%
  13079  4233     1274.8542   255     1227.0000     1274.8889 41346899    3.90%
Elapsed time = 12755.52 sec. (2101220.20 ticks, tree = 185.32 MB, solutions = 28)
  13103  4237     1274.8542   254     1227.0000     1274.8889 41380524    3.90%
  13138  4344     1274.5700   632     1227.0000     1274.8889 41830023    3.90%
  13182  4302     1274.8542   516     1227.0000     1274.8889 41775502    3.90%
  13249  4212     1274.8125   250     1227.0000     1274.8889 41200605    3.90%
  13302  4209     1274.8542   326     1227.0000     1274.8889 41226179    3.90%
  13351  4369     1274.8542   268     1227.0000     1274.8889 41994760    3.90%
  13385  4310     1274.3333   301     1227.0000     1274.8889 41834995    3.90%
  13433  4352    infeasible           1227.0000     1274.8889 41898647    3.90%
  13470  4476     1271.1215   345     1227.0000     1274.8889 42600583    3.90%
  13512  4404     1274.8198   375     1227.0000     1274.8889 42151286    3.90%
Elapsed time = 13174.26 sec. (2140172.73 ticks, tree = 187.02 MB, solutions = 28)
  13548  4405     1254.9653   365     1227.0000     1274.8889 42145431    3.90%
  13583  4591     1274.8542   305     1227.0000     1274.8889 43682036    3.90%
  13630  4626     1272.9167   309     1227.0000     1274.8889 43985693    3.90%
  13659  4629     1273.0833   383     1227.0000     1274.8889 44086156    3.90%
  13692  4630     1272.9167   298     1227.0000     1274.8889 44004239    3.90%
  13728  4632     1272.9097   350     1227.0000     1274.8889 44012778    3.90%
  13769  4839     1274.8889   714     1227.0000     1274.8889 45520601    3.90%
  13828  4863     1273.2396   370     1227.0000     1274.8889 45661031    3.90%
  13885  4898     1274.8889   473     1227.0000     1274.8889 45802898    3.90%
  13922  4842     1274.8542   438     1227.0000     1274.8889 45484582    3.90%
Elapsed time = 13604.80 sec. (2179834.46 ticks, tree = 202.76 MB, solutions = 28)
  13965  4989     1257.3156   345     1227.0000     1274.8889 46096104    3.90%
  14025  4880     1269.2083   270     1227.0000     1274.8889 45756208    3.90%
  14084  4975     1258.9514   299     1227.0000     1274.8889 46061343    3.90%
  14122  5003     1257.2422   322     1227.0000     1274.8889 46106068    3.90%
  14183  5110     1262.0833   304     1227.0000     1274.8889 46677029    3.90%
  14241  5030     1266.6071   309     1227.0000     1274.8889 46180745    3.90%
  14282  5149     1274.1250   386     1227.0000     1274.8889 46934610    3.90%
  14325  5214     1272.9697   370     1227.0000     1274.8889 47263124    3.90%
  14394  5141     1274.8542   221     1227.0000     1274.8889 46856313    3.90%
  14448  5347    infeasible           1227.0000     1274.8889 47575394    3.90%
Elapsed time = 14036.19 sec. (2219103.44 ticks, tree = 221.88 MB, solutions = 28)
  14505  5407     1269.9336   329     1227.0000     1274.8889 48041356    3.90%
  14555  5267     1258.2187   342     1227.0000     1274.8889 47438789    3.90%
  14613  5180     1274.8518   301     1227.0000     1274.8889 47100132    3.90%
  14660  5202    infeasible           1227.0000     1274.8889 47282876    3.90%
  14716  5533     1274.7521   374     1227.0000     1274.8889 49015240    3.90%
  14766  5396     1274.8889   498     1227.0000     1274.8889 47999607    3.90%
  14805  5633     1240.2650   309     1227.0000     1274.8889 49631102    3.90%
  14864  5505     1272.6109   442     1227.0000     1274.8889 48754600    3.90%
  14910  5526     1261.3705   376     1227.0000     1274.8889 48935832    3.90%
  14958  5598     1262.7268   382     1227.0000     1274.8889 49428201    3.90%
Elapsed time = 14400.32 sec. (2258221.57 ticks, tree = 227.62 MB, solutions = 28)
  14978  3258     1268.4594   424     1227.0000     1274.8889 36996694    3.90%

GUB cover cuts applied:  859
Clique cuts applied:  11
Cover cuts applied:  182
Implied bound cuts applied:  1162
Flow cuts applied:  5
Mixed integer rounding cuts applied:  146
Zero-half cuts applied:  337
Lift and project cuts applied:  5
Gomory fractional cuts applied:  137

Root node processing (before b&c):
  Real time             = 1218.54 sec. (435355.92 ticks)
Parallel b&c, 24 threads:
  Real time             = 13181.94 sec. (1835968.59 ticks)
  Sync time (average)   = 2594.81 sec.
  Wait time (average)   =    0.27 sec.
                          ------------
Total (root+branch&cut) = 14400.48 sec. (2271324.51 ticks)
status  = time limit exceeded
time    = 14400.5 s.
problem = MILP
gap     = 3.90292%

Objective value: 1227.0
[50, 50, 8, 10, 400, 131, 1227, 1274, 3.9, 14400.55]
number of spatial :  981
Heuristic Solution information :  [50, 50, 8, 10, 400, 136, 1022, 41, 981]
