CPXPARAM_Read_DataCheck                          1
CPXPARAM_TimeLimit                               14400
Presolve has eliminated 98456 rows and 339959 columns...
Presolve has improved bounds 8482 times...
Aggregator has done 3741 substitutions...
Tried aggregator 2 times.
MIP Presolve eliminated 99867 rows and 339959 columns.
MIP Presolve modified 6595 coefficients.
Aggregator did 3741 substitutions.
Reduced MIP has 626941 rows, 242437 columns, and 3040747 nonzeros.
Reduced MIP has 232437 binaries, 0 generals, 0 SOSs, and 0 indicators.
Presolve time = 3.81 sec. (24278.67 ticks)
Probing time = 2.22 sec. (74.87 ticks)
Tried aggregator 1 time.
MIP Presolve eliminated 294000 rows and 6000 columns.
Reduced MIP has 332941 rows, 236437 columns, and 2452747 nonzeros.
Reduced MIP has 232437 binaries, 0 generals, 0 SOSs, and 0 indicators.
Presolve time = 3.27 sec. (4251.85 ticks)
Probing time = 3.16 sec. (66.34 ticks)
Clique table members: 125966.
MIP emphasis: balance optimality and feasibility.
MIP search method: dynamic search.
Parallel mode: deterministic, using up to 24 threads.
Root relaxation solution time = 87.34 sec. (16819.28 ticks)

        Nodes                                         Cuts/
   Node  Left     Objective  IInf  Best Integer    Best Bound    ItCnt     Gap

*     0+    0                         1583.0000     3774.0000           138.41%
      0     0     3774.0000  1473     1583.0000     3774.0000   113497  138.41%
Exception raised in listener 'MipGapPrinter': 'int' object is not callable, id=1
*     0+    0                         2620.0000     3774.0000            44.05%
Exception raised in listener 'MipGapPrinter': 'int' object is not callable, id=3
      0     0     3774.0000  1596     2620.0000     Cuts: 453   166854   44.05%
      0     0     3774.0000  1532     2620.0000     Cuts: 330   209303   44.05%
      0     0     3774.0000  1966     2620.0000     Cuts: 987   267081   44.05%
*     0+    0                         3375.0000     3774.0000            11.82%
*     0+    0                         3422.0000     3774.0000            10.29%
Heuristic still looking.
Heuristic still looking.
Exception raised in listener 'MipGapPrinter': 'int' object is not callable, id=9
      0     2     3774.0000   854     3422.0000     3774.0000   267081   10.29%
Elapsed time = 4516.82 sec. (857885.44 ticks, tree = 0.02 MB, solutions = 4)
      1     3     3774.0000  1504     3422.0000     3774.0000   322865   10.29%
      2     4     3774.0000  1669     3422.0000     3774.0000   399854   10.29%
      3     3     3774.0000  1491     3422.0000     3774.0000   331213   10.29%
      4     4     3774.0000  1872     3422.0000     3774.0000   378701   10.29%
      5     5     3774.0000  1773     3422.0000     3774.0000   465824   10.29%
      6     7     3774.0000  2138     3422.0000     3774.0000   589848   10.29%
      7     6     3774.0000  1996     3422.0000     3774.0000   552313   10.29%
      8    10     3774.0000  1929     3422.0000     3774.0000   748105   10.29%
      9    11     3774.0000  1968     3422.0000     3774.0000   755408   10.29%
     10    12     3774.0000  2236     3422.0000     3774.0000   757819   10.29%
Elapsed time = 8380.37 sec. (1455606.39 ticks, tree = 0.14 MB, solutions = 4)
     11    13     3774.0000  2100     3422.0000     3774.0000   758504   10.29%
     12    14     3774.0000  1904     3422.0000     3774.0000   761282   10.29%
     13    15     3774.0000  1903     3422.0000     3774.0000   765036   10.29%
     14    16     3774.0000  1982     3422.0000     3774.0000   766818   10.29%
     15    17     3774.0000  1890     3422.0000     3774.0000   771542   10.29%
     16    18     3774.0000  1975     3422.0000     3774.0000   773363   10.29%
     18    20     3774.0000  1784     3422.0000     3774.0000   776021   10.29%
     20    22     3774.0000  1728     3422.0000     3774.0000   780131   10.29%
     21    23     3774.0000  1763     3422.0000     3774.0000   781508   10.29%
     22    24     3774.0000  1742     3422.0000     3774.0000   785003   10.29%
Elapsed time = 10146.27 sec. (1522084.23 ticks, tree = 0.14 MB, solutions = 4)
     23    25     3774.0000  1656     3422.0000     3774.0000   788686   10.29%
     24    26     3774.0000  1570     3422.0000     3774.0000   790906   10.29%
     25    27     3774.0000  1569     3422.0000     3774.0000   796086   10.29%
     26    28     3774.0000  1518     3422.0000     3774.0000   797867   10.29%
     28    30     3774.0000  1515     3422.0000     3774.0000   801744   10.29%
     30    30    infeasible           3422.0000     3774.0000   805741   10.29%
     32    32     3774.0000  1463     3422.0000     3774.0000   809232   10.29%
     34    34     3774.0000  1467     3422.0000     3774.0000   812397   10.29%
     36    36     3774.0000  1444     3422.0000     3774.0000   817298   10.29%
     38    38     3774.0000  1412     3422.0000     3774.0000   821021   10.29%
Elapsed time = 10514.63 sec. (1538052.01 ticks, tree = 1.64 MB, solutions = 4)
     39    37    infeasible           3422.0000     3774.0000   825071   10.29%
     42    40     3774.0000  1423     3422.0000     3774.0000   827649   10.29%
     43    41     3774.0000  1423     3422.0000     3774.0000   832355   10.29%
     45    42     3774.0000  1400     3422.0000     3774.0000   833965   10.29%
     47     6     3774.0000  1976     3422.0000     3774.0000   510834   10.29%
     49    29     3774.0000  2759     3422.0000     3774.0000   881136   10.29%
     52    31     3774.0000  2162     3422.0000     3774.0000   886204   10.29%
     53    32     3774.0000  2153     3422.0000     3774.0000   889492   10.29%
     54    30     3774.0000  2052     3422.0000     3774.0000   940095   10.29%
     55    33     3774.0000  2148     3422.0000     3774.0000   891640   10.29%
Elapsed time = 11207.41 sec. (1565881.03 ticks, tree = 3.45 MB, solutions = 4)
     57    34     3774.0000  2130     3422.0000     3774.0000   893627   10.29%
     58    32     3774.0000  1907     3422.0000     3774.0000   942983   10.29%
     60    36     3774.0000  2130     3422.0000     3774.0000   901172   10.29%
     62    33     3774.0000  2142     3422.0000     3774.0000   944934   10.29%
     64    34     3774.0000  1903     3422.0000     3774.0000   948934   10.29%
     66    40     3774.0000  2095     3422.0000     3774.0000   911703   10.29%
     67    35     3774.0000  1874     3422.0000     3774.0000   950108   10.29%
     68    41     3774.0000  2051     3422.0000     3774.0000   916819   10.29%
     70    37     3774.0000  1929     3422.0000     3774.0000   951998   10.29%
     72    13     3774.0000  2129     3422.0000     3774.0000   758153   10.29%
Elapsed time = 12150.43 sec. (1613950.55 ticks, tree = 0.02 MB, solutions = 4)
     73    10     3774.0000  2057     3422.0000     3774.0000   748338   10.29%
     74    11     3774.0000  2053     3422.0000     3774.0000   752046   10.29%
     75    44     3774.0000  1375     3422.0000     3774.0000   836490   10.29%
     76    50     3774.0000  1115     3422.0000     3774.0000   977034   10.29%
     78    30     3774.0000  1684     3422.0000     3774.0000   936891   10.29%
     81    54     3774.0000  1139     3422.0000     3774.0000   982680   10.29%
     84    31     3774.0000  1678     3422.0000     3774.0000   938770   10.29%
     87    12     3774.0000  2212     3422.0000     3774.0000   757873   10.29%
     89    33     3774.0000  1597     3422.0000     3774.0000   940719   10.29%
     90    34     3774.0000  1603     3422.0000     3774.0000   941293   10.29%
Elapsed time = 12608.56 sec. (1631535.50 ticks, tree = 0.60 MB, solutions = 4)
     92    36     3774.0000  1559     3422.0000     3774.0000   941693   10.29%
     95    32     3774.0000  1897     3422.0000     3774.0000   950711   10.29%
*    97+   23                         3499.0000     3774.0000             7.86%
     97    39     3774.0000  1538     3499.0000     3774.0000   943000    7.86%
     99    41     3774.0000  1577     3499.0000     3774.0000   943699    7.86%
    101    42     3774.0000  1495     3499.0000     3774.0000   944160    7.86%
    104    33     3774.0000  1966     3499.0000     3774.0000   956511    7.86%
    105    43     3774.0000  1485     3499.0000     3774.0000   945267    7.86%
    107    44     3774.0000  1658     3499.0000     3774.0000   946469    7.86%
    111    34     3774.0000  1992     3499.0000     3774.0000   959736    7.86%
    113    47     3774.0000  1517     3499.0000     3774.0000   947904    7.86%
Elapsed time = 12967.96 sec. (1647244.60 ticks, tree = 2.33 MB, solutions = 4)
    119    19     3774.0000  1848     3499.0000     3774.0000   776069    7.86%
    125    39     3774.0000  1898     3499.0000     3774.0000   960858    7.86%
    126    40     3774.0000  1877     3499.0000     3774.0000   961500    7.86%
    130    51     3774.0000  1529     3499.0000     3774.0000   949559    7.86%
    132    53     3774.0000  1571     3499.0000     3774.0000   950104    7.86%
    135    54     3774.0000  1545     3499.0000     3774.0000   950817    7.86%
    138    41     3774.0000  1888     3499.0000     3774.0000   966097    7.86%
    141    56     3774.0000  1467     3499.0000     3774.0000   952612    7.86%
    144    57     3774.0000  1452     3499.0000     3774.0000   953247    7.86%
    147    53     3774.0000  1606     3499.0000     3774.0000   997663    7.86%
Elapsed time = 13295.31 sec. (1660552.69 ticks, tree = 2.50 MB, solutions = 4)
    150    59     3774.0000  1551     3499.0000     3774.0000  1021053    7.86%
    153    45     3774.0000  1697     3499.0000     3774.0000   969871    7.86%
    156    60     3774.0000  1520     3499.0000     3774.0000  1025877    7.86%
    160    47     3774.0000  1726     3499.0000     3774.0000   971271    7.86%
    164    62     3774.0000  1508     3499.0000     3774.0000  1031104    7.86%
    168    58     3774.0000  1534     3499.0000     3774.0000  1005691    7.86%
    170     5     3774.0000  1963     3499.0000     3774.0000   481783    7.86%
    172    64     3774.0000  1480     3499.0000     3774.0000  1037831    7.86%
    175    65     3774.0000  1536     3499.0000     3774.0000  1038959    7.86%
    176    60     3774.0000  1448     3499.0000     3774.0000  1014113    7.86%
Elapsed time = 13568.32 sec. (1672306.67 ticks, tree = 3.49 MB, solutions = 4)
    182    67     3774.0000  1479     3499.0000     3774.0000  1041401    7.86%
    185    55     3774.0000  1650     3499.0000     3774.0000  1003952    7.86%
    189    56     3774.0000  1681     3499.0000     3774.0000  1005287    7.86%
    192    62     3774.0000  1608     3499.0000     3774.0000  1014831    7.86%
    197    64     3774.0000  1379     3499.0000     3774.0000  1024026    7.86%
    202    59     3774.0000  1645     3499.0000     3774.0000  1008005    7.86%
    207    65     3774.0000  1683     3499.0000     3774.0000  1020684    7.86%
    211    61     3774.0000  1565     3499.0000     3774.0000  1009591    7.86%
    214    56     3774.0000  1493     3499.0000     3774.0000  1082292    7.86%
    226    58     3774.0000  1509     3499.0000     3774.0000  1087970    7.86%
Elapsed time = 13972.24 sec. (1687015.96 ticks, tree = 2.74 MB, solutions = 4)
    238    68     3774.0000  1364     3499.0000     3774.0000  1015352    7.86%
    256    62     3774.0000  1334     3499.0000     3774.0000  1087684    7.86%
    270    66     3774.0000  1425     3499.0000     3774.0000  1095327    7.86%
*   272+   23                         3678.0000     3774.0000             2.61%
    283    72     3774.0000  1310     3678.0000     3774.0000  1103732    2.61%
    297    82     3774.0000  1680     3678.0000     3774.0000  1214128    2.61%
    309    79     3774.0000  1353     3678.0000     3774.0000  1123565    2.61%
    314    82     3774.0000  1324     3678.0000     3774.0000  1132407    2.61%
*   315+   23                         3702.0000     3774.0000             1.94%
    315    59     3774.0000  1151     3702.0000     3774.0000   987270    1.94%
*   316+   23                         3710.0000     3774.0000             1.73%
*   316+   23                         3742.0000     3774.0000             0.86%
*   316+   23                         3774.0000     3774.0000             0.00%
    316     9     3774.0000  1963     3774.0000     3774.0000   807452    0.00%
    317    23     3774.0000  1710     3774.0000     3774.0000   781199    0.00%
Elapsed time = 14401.26 sec. (1910476.41 ticks, tree = 0.02 MB, solutions = 23)
Exception raised in listener 'MipGapPrinter': 'int' object is not callable, id=16

Clique cuts applied:  18
Cover cuts applied:  59
Implied bound cuts applied:  2108
Flow cuts applied:  8
Mixed integer rounding cuts applied:  185
Zero-half cuts applied:  90
Gomory fractional cuts applied:  4

Root node processing (before b&c):
  Real time             = 4514.26 sec. (856776.45 ticks)
Parallel b&c, 24 threads:
  Real time             = 9887.40 sec. (1118859.34 ticks)
  Sync time (average)   = 4857.27 sec.
  Wait time (average)   =    0.00 sec.
                          ------------
Total (root+branch&cut) = 14401.66 sec. (1975635.79 ticks)
status  = time limit exceeded
time    = 14402.1 s.
problem = MILP
gap     = 0%

Objective value: 3774.0
[50, 200, 8, 10, 400, 400, 3774, 3774, 0.0, 14402.06]
number of spatial :  3500
Heuristic Solution information :  [50, 200, 8, 10, 400, 380, 3541, 41, 3500]
