CPXPARAM_Read_DataCheck                          1
CPXPARAM_TimeLimit                               14400
Tried aggregator 2 times.
MIP Presolve eliminated 13820 rows and 113333 columns.
MIP Presolve modified 3015 coefficients.
Aggregator did 3741 substitutions.
Reduced MIP has 142031 rows, 34063 columns, and 515702 nonzeros.
Reduced MIP has 31563 binaries, 0 generals, 0 SOSs, and 0 indicators.
Presolve time = 0.48 sec. (5981.04 ticks)
Probing time = 0.31 sec. (10.00 ticks)
Tried aggregator 1 time.
MIP Presolve eliminated 98000 rows and 2000 columns.
Reduced MIP has 44031 rows, 32063 columns, and 319702 nonzeros.
Reduced MIP has 31563 binaries, 0 generals, 0 SOSs, and 0 indicators.
Presolve time = 0.22 sec. (598.79 ticks)
Probing time = 0.08 sec. (8.19 ticks)
Clique table members: 16145.
MIP emphasis: balance optimality and feasibility.
MIP search method: dynamic search.
Parallel mode: deterministic, using up to 24 threads.
Root relaxation solution time = 1.29 sec. (1434.67 ticks)

        Nodes                                         Cuts/
   Node  Left     Objective  IInf  Best Integer    Best Bound    ItCnt     Gap

*     0+    0                          562.0000     3774.0000           571.53%
      0     0     1556.0833  1647      562.0000     1556.0833    30373  176.88%
Exception raised in listener 'MipGapPrinter': 'int' object is not callable, id=1
*     0+    0                          853.0000     1556.0833            82.42%
Exception raised in listener 'MipGapPrinter': 'int' object is not callable, id=3
      0     0     1403.2384  1764      853.0000    Cuts: 1629    40172   64.51%
      0     0     1292.7061  1714      853.0000    Cuts: 1701    46801   51.55%
      0     0     1206.0983  1518      853.0000    Cuts: 1470    56721   41.39%
*     0+    0                          869.0000     1206.0983            38.79%
*     0+    0                          925.0000     1206.0983            30.39%
*     0+    0                          940.0000     1206.0983            28.31%
*     0+    0                          944.0000     1206.0983            27.76%
*     0+    0                          945.0000     1206.0983            27.63%
*     0+    0                          946.0000     1206.0983            27.49%
Exception raised in listener 'MipGapPrinter': 'int' object is not callable, id=9
      0     0     1169.9919  1262      946.0000    Cuts: 1068    65381   23.68%
      0     0     1149.7889  1473      946.0000     Cuts: 631    73735   21.54%
      0     0     1134.9669  1123      946.0000     Cuts: 515    80651   19.98%
      0     0     1124.1353  1413      946.0000     Cuts: 480    90392   18.83%
      0     0     1115.1664  1463      946.0000     Cuts: 401   100122   17.88%
      0     0     1111.6084  1375      946.0000     Cuts: 375   106211   17.51%
      0     0     1107.3280  1329      946.0000     Cuts: 280   113025   17.05%
      0     0     1104.7083  1334      946.0000     Cuts: 233   123594   16.78%
      0     0     1104.1111  1313      946.0000     Cuts: 248   132809   16.71%
*     0+    0                          993.0000     1104.1111            11.19%
*     0+    0                         1006.0000     1104.1111             9.75%
*     0+    0                         1019.0000     1104.1111             8.35%
Exception raised in listener 'MipGapPrinter': 'int' object is not callable, id=28
      0     0     1104.1111  1213     1019.0000     Cuts: 173   141154    8.35%
      0     0     1104.1111  1325     1019.0000     Cuts: 177   145938    8.35%
      0     0     1104.1111  1199     1019.0000     Cuts: 254   150631    8.35%
      0     0     1104.1111  1281     1019.0000     Cuts: 232   155078    8.35%
Heuristic still looking.
*     0+    0                         1028.0000     1104.1111             7.40%
Exception raised in listener 'MipGapPrinter': 'int' object is not callable, id=37
      0     2     1104.1111  1281     1028.0000     1104.1111   155078    7.40%
Elapsed time = 363.50 sec. (147689.13 ticks, tree = 0.02 MB, solutions = 12)
      1     3     1104.1111  1144     1028.0000     1104.1111   155492    7.40%
      2     4     1104.1111  1091     1028.0000     1104.1111   156067    7.40%
      3     5     1104.1111   951     1028.0000     1104.1111   157925    7.40%
      4     6     1104.1111  1032     1028.0000     1104.1111   158283    7.40%
      5     7     1104.1111   950     1028.0000     1104.1111   158608    7.40%
      6     8     1104.1111   832     1028.0000     1104.1111   160760    7.40%
      7     9     1104.1111   785     1028.0000     1104.1111   160993    7.40%
      9     3     1104.1111  1037     1028.0000     1104.1111   160387    7.40%
     11     4     1104.1111   977     1028.0000     1104.1111   161892    7.40%
     13     5     1104.1111   789     1028.0000     1104.1111   162077    7.40%
Elapsed time = 488.84 sec. (159578.40 ticks, tree = 0.02 MB, solutions = 12)
     15    13     1104.1111   684     1028.0000     1104.1111   172078    7.40%
     18    20     1104.1111   878     1028.0000     1104.1111   202163    7.40%
     21    15     1104.1111   767     1028.0000     1104.1111   184422    7.40%
     25    13     1104.1111   614     1028.0000     1104.1111   172372    7.40%
     33    19     1104.1111   867     1028.0000     1104.1111   203672    7.40%
     38    25     1104.1111   783     1028.0000     1104.1111   221250    7.40%
*    44+   20                         1043.0000     1104.1111             5.86%
     44    33     1104.1111   928     1043.0000     1104.1111   244890    5.86%
     52    31     1104.1111   511     1043.0000     1104.1111   225496    5.86%
     64    40     1104.1111   735     1043.0000     1104.1111   264078    5.86%
*    68+   20                         1047.0000     1104.1111             5.45%
     74    43     1104.1111   712     1047.0000     1104.1111   284944    5.45%
Elapsed time = 704.02 sec. (171657.99 ticks, tree = 0.79 MB, solutions = 12)
*    80+   20                         1052.0000     1104.1111             4.95%
     81    42     1104.1111   702     1052.0000     1104.1111   265911    4.95%
     87    12     1104.1111   887     1052.0000     1104.1111   171355    4.95%
     94    63     1104.1111   684     1052.0000     1104.1111   336042    4.95%
    104    95     1104.1111   677     1052.0000     1104.1111   437629    4.95%
    112    97     1104.1111   582     1052.0000     1104.1111   438506    4.95%
    123    89     1104.1111   729     1052.0000     1104.1111   411722    4.95%
Exception raised in listener 'MipGapPrinter': 'int' object is not callable, id=52
    132   119     1103.2472   363     1052.0000     1104.1111   525369    4.95%
    138    93     1104.1111   550     1052.0000     1104.1111   428152    4.95%
    150   116     1104.0704   315     1052.0000     1104.1111   523863    4.95%
    161   125     1104.1111   474     1052.0000     1104.1111   555270    4.95%
Elapsed time = 872.41 sec. (182225.39 ticks, tree = 9.26 MB, solutions = 19)
    174   129     1104.1111   409     1052.0000     1104.1111   567340    4.95%
    181   110     1104.1111   523     1052.0000     1104.1111   496127    4.95%
    192   156     1104.0704   219     1052.0000     1104.1111   653580    4.95%
    208   171     1104.1111   408     1052.0000     1104.1111   707511    4.95%
    220   199     1104.0704   238     1052.0000     1104.1111   782399    4.95%
    226   200     1104.0704   267     1052.0000     1104.1111   785240    4.95%
    240   175     1104.1111   409     1052.0000     1104.1111   722018    4.95%
    257   224     1103.9333   209     1052.0000     1104.1111   858564    4.95%
    275   236     1102.3816   269     1052.0000     1104.1111   887159    4.95%
    287   213     1104.1111   644     1052.0000     1104.1111   844539    4.95%
Elapsed time = 1031.93 sec. (192889.28 ticks, tree = 12.50 MB, solutions = 19)
    305   225     1104.1111   630     1052.0000     1104.1111   868272    4.95%
    318   276     1102.3810   303     1052.0000     1104.1111  1013750    4.95%
    340   239     1104.0625   304     1052.0000     1104.1111   916954    4.95%
    355   269     1104.1111   722     1052.0000     1104.1111   991629    4.95%
    372   294     1103.9630   452     1052.0000     1104.1111  1041810    4.95%
    391   286     1104.1111   717     1052.0000     1104.1111  1029032    4.95%
    413   299     1104.0625   190     1052.0000     1104.1111  1070142    4.95%
    429   365     1103.8500   186     1052.0000     1104.1111  1184834    4.95%
    450   369     1103.8500   139     1052.0000     1104.1111  1193203    4.95%
    469   312     1101.1763   308     1052.0000     1104.1111  1126075    4.95%
Elapsed time = 1143.82 sec. (203079.64 ticks, tree = 21.30 MB, solutions = 24)
    484   397     1103.9444   193     1052.0000     1104.1111  1243629    4.95%
    496   401     1104.0139   222     1052.0000     1104.1111  1257108    4.95%
    513   416     1102.3076   230     1052.0000     1104.1111  1292526    4.95%
    532   445     1103.6597   289     1052.0000     1104.1111  1379115    4.95%
    552   420     1102.3076   245     1052.0000     1104.1111  1307271    4.95%
    565   470     1104.0139   225     1052.0000     1104.1111  1509870    4.95%
    585   453     1104.1111   401     1052.0000     1104.1111  1422705    4.95%
    614   483     1103.7049   226     1052.0000     1104.1111  1536930    4.95%
    638   460     1100.6435   385     1052.0000     1104.1111  1402806    4.95%
    652   510     1104.1111   292     1052.0000     1104.1111  1665316    4.95%
Elapsed time = 1252.78 sec. (213090.61 ticks, tree = 33.52 MB, solutions = 24)
    664   465     1104.1111   426     1052.0000     1104.1111  1495692    4.95%
    683   511     1104.1111   288     1052.0000     1104.1111  1670116    4.95%
    701   558     1103.8194   216     1052.0000     1104.1111  1751409    4.95%
    722   526     1099.4634   258     1052.0000     1104.1111  1677637    4.95%
    744   560     1103.8194   182     1052.0000     1104.1111  1754440    4.95%
    756   584     1103.9333   131     1052.0000     1104.1111  1817850    4.95%
    781   594     1104.1111   459     1052.0000     1104.1111  1854510    4.95%
    801   619     1099.5937   233     1052.0000     1104.1111  1909196    4.95%
    813   551     1102.6250   353     1052.0000     1104.1111  1744671    4.95%
    838   593     1101.0417   227     1052.0000     1104.1111  1833747    4.95%
Elapsed time = 1377.62 sec. (223482.42 ticks, tree = 35.39 MB, solutions = 24)
    872   626    infeasible           1052.0000     1104.1111  1917586    4.95%
    892   629     1099.5402   276     1052.0000     1104.1111  1920104    4.95%
    910   614     1097.6015   247     1052.0000     1104.1111  1891747    4.95%
    937   663     1104.0513   275     1052.0000     1104.1111  2064004    4.95%
    976   721     1099.4340   260     1052.0000     1104.1111  2147209    4.95%
   1028   644     1103.4167   167     1052.0000     1104.1111  1981218    4.95%
   1088   648     1104.1111   392     1052.0000     1104.1111  2009870    4.95%
   1134   757     1099.4062   185     1052.0000     1104.1111  2263370    4.95%
   1182   851     1103.3413   299     1052.0000     1104.1111  2382944    4.95%
   1234   728     1091.9973   301     1052.0000     1104.1111  2137158    4.95%
Elapsed time = 1503.54 sec. (233250.10 ticks, tree = 36.82 MB, solutions = 24)
   1278   791     1104.1111   471     1052.0000     1104.1111  2315112    4.95%
   1338   767    infeasible           1052.0000     1104.1111  2273963    4.95%
   1403   928     1090.7878   345     1052.0000     1104.1111  2469790    4.95%
   1452   883     1088.8147   373     1052.0000     1104.1111  2371765    4.95%
   1516   748     1104.1111   427     1052.0000     1104.1111  2240391    4.95%
   1581   891     1083.5485   362     1052.0000     1104.1111  2377005    4.95%
   1625   938    infeasible           1052.0000     1104.1111  2476746    4.95%
   1689   977     1103.7595   186     1052.0000     1104.1111  2556584    4.95%
   1754  1227     1094.8332   315     1052.0000     1104.1111  2765410    4.95%
   1815  1010     1098.1500   269     1052.0000     1104.1111  2588707    4.95%
Elapsed time = 1602.20 sec. (242886.88 ticks, tree = 56.81 MB, solutions = 24)
   1888  1279     1074.1528   195     1052.0000     1104.1111  2808474    4.95%
   2008  1299     1065.7262   239     1052.0000     1104.1111  2810459    4.95%
   2096  1048     1066.7083   191     1052.0000     1104.1111  2624228    4.95%
   2218  1211    infeasible           1052.0000     1104.1111  2765269    4.95%
   2325  1220     1091.6854   233     1052.0000     1104.1111  2767282    4.95%
   2453  1177    infeasible           1052.0000     1104.1111  2736679    4.95%
   2546  1455     1081.2500   135     1052.0000     1104.1111  2962103    4.95%
   2649  1466     1055.0000    97     1052.0000     1104.1111  2962788    4.95%
   2719  1506     1099.6313   358     1052.0000     1104.1111  3024251    4.95%
   2997  1892     1103.6464   249     1052.0000     1104.1111  3300939    4.95%
Elapsed time = 1736.54 sec. (255371.13 ticks, tree = 336.69 MB, solutions = 24)
   3222  1888     1099.4502   407     1052.0000     1104.1111  3294114    4.95%
   3548  1915     1091.5601   275     1052.0000     1104.1111  3301849    4.95%
   3842  2349     1102.3724   314     1052.0000     1104.1111  3733420    4.95%
   4079  2420     1093.1667   252     1052.0000     1104.1111  3805855    4.95%
   4290  2386     1097.3506   436     1052.0000     1104.1111  3747055    4.95%
   4516  2619     1104.1111   375     1052.0000     1104.1111  4008680    4.95%
   4738  2850    infeasible           1052.0000     1104.1111  4258220    4.95%
   5049  3191     1103.1833   289     1052.0000     1104.1111  4577813    4.95%
   5247  3364     1103.1342   299     1052.0000     1104.1111  4884782    4.95%
*  5295+ 3233                         1053.0000     1104.1111             4.85%
   5425  3572     1103.9167   181     1053.0000     1104.1111  5077559    4.85%
Elapsed time = 2170.51 sec. (293701.43 ticks, tree = 395.53 MB, solutions = 25)
*  5448+ 3550                         1056.0000     1104.1111             4.56%
Exception raised in listener 'MipGapPrinter': 'int' object is not callable, id=69
   5673  3749     1090.2638   204     1056.0000     1104.1111  5192223    4.56%
   6087  3751     1100.3639   317     1056.0000     1104.1111  5216009    4.56%
Exception raised in listener 'MipGapPrinter': 'int' object is not callable, id=70
   6531  4059     1063.5833   140     1056.0000     1104.1111  5483968    4.56%
*  6578+ 4141                         1060.0000     1104.1111             4.16%
*  6583+ 4141                         1061.0000     1104.1111             4.06%
   6816  4252     1101.2708   291     1061.0000     1104.1111  5658840    4.06%
   6971  4367     1082.3750   337     1061.0000     1104.1111  5683359    4.06%
*  6979+ 3221                         1062.0000     1104.1111             3.97%
Exception raised in listener 'MipGapPrinter': 'int' object is not callable, id=71
   6979  3222     1104.1111  1226     1062.0000     1104.1111  6126888    3.97%
   6980  3222     1104.1111   660     1062.0000     1104.1111  6134311    3.97%
   6982  3224     1104.1111   719     1062.0000     1104.1111  6145503    3.97%
   6987  1433     1104.1111   700     1062.0000     1104.1111  6134777    3.97%
   6995  1443     1104.1111   579     1062.0000     1104.1111  6209884    3.97%
Elapsed time = 4960.41 sec. (499182.98 ticks, tree = 252.69 MB, solutions = 32)
   7010    50     1104.1111   541     1062.0000     1104.1111  6263301    3.97%
   7041    17     1104.1111   620     1062.0000     1104.1111  6211733    3.97%
   7107    64    infeasible           1062.0000     1104.1111  6501556    3.97%
   7188   129     1104.1111   413     1062.0000     1104.1111  6750282    3.97%
   7256   178     1101.7222   622     1062.0000     1104.1111  7037191    3.97%
   7304    25     1104.1111   626     1062.0000     1104.1111  6256028    3.97%
   7360   193     1104.1111   861     1062.0000     1104.1111  7173090    3.97%
   7425   260     1093.9375   449     1062.0000     1104.1111  7610935    3.97%
   7583   360     1067.4682   348     1062.0000     1104.1111  7778475    3.97%
   7715   392    infeasible           1062.0000     1104.1111  8012522    3.97%
Elapsed time = 5731.70 sec. (538498.75 ticks, tree = 31.99 MB, solutions = 32)
   7847   444     1104.1111   480     1062.0000     1104.1111  8105594    3.97%
   7952   444     1104.1111   616     1062.0000     1104.1111  8101641    3.97%
   8063   613     1103.2917   511     1062.0000     1104.1111  8462717    3.97%
   8199   744     1104.0772   405     1062.0000     1104.1111  8687160    3.97%
   8434   784     1102.7931   471     1062.0000     1104.1111  8739663    3.97%
*  8461+  795                         1064.0000     1104.1111             3.77%
   8699   931     1089.3699   264     1064.0000     1104.1111  8877029    3.77%
   8940  1142    infeasible           1064.0000     1104.1111  9203990    3.77%
Exception raised in listener 'MipGapPrinter': 'int' object is not callable, id=95
   9032  1020     1104.1111   784     1064.0000     1104.1111  9160350    3.77%
   9104  1286     1103.9130   483     1064.0000     1104.1111  9529318    3.77%
   9209  1254     1103.9199   570     1064.0000     1104.1111  9466750    3.77%
Elapsed time = 6136.05 sec. (576924.71 ticks, tree = 48.68 MB, solutions = 34)
   9338  1439     1095.6859   501     1064.0000     1104.1111  9860869    3.77%
   9491  1379     1104.1111   691     1064.0000     1104.1111  9755634    3.77%
   9612  1614     1078.3426   269     1064.0000     1104.1111 10139421    3.77%
   9734  1712     1100.8680   354     1064.0000     1104.1111 10302785    3.77%
   9822  1779     1101.9924   462     1064.0000     1104.1111 10359810    3.77%
*  9901+ 1749                         1065.0000     1104.1111             3.67%
   9907  1808     1099.3341   288     1065.0000     1104.1111 10406030    3.67%
  10056  1866     1099.9072   473     1065.0000     1104.1111 10575020    3.67%
  10162  2067     1104.1111   433     1065.0000     1104.1111 10979281    3.67%
  10318  2164    infeasible           1065.0000     1104.1111 11090479    3.67%
  10502  2214     1086.4991   433     1065.0000     1104.1111 11159965    3.67%
Elapsed time = 6504.00 sec. (615334.75 ticks, tree = 68.27 MB, solutions = 35)
Exception raised in listener 'MipGapPrinter': 'int' object is not callable, id=100
* 10578+ 2157                         1068.0000     1104.1111             3.38%
  10590  2288     1104.1111   419     1068.0000     1104.1111 11367237    3.38%
  10670  2373    infeasible           1068.0000     1104.1111 11472062    3.38%
  10844  2512    infeasible           1068.0000     1104.1111 11507859    3.38%
Exception raised in listener 'MipGapPrinter': 'int' object is not callable, id=101
  10947  2472     1103.4167   390     1068.0000     1104.1111 11590289    3.38%
  11050  2676    infeasible           1068.0000     1104.1111 11938375    3.38%
  11121  2594     1096.4815   657     1068.0000     1104.1111 11839332    3.38%
  11207  2745     1103.3594   537     1068.0000     1104.1111 12182306    3.38%
  11306  2883     1104.1111   402     1068.0000     1104.1111 12487052    3.38%
  11398  2906     1094.8611   420     1068.0000     1104.1111 12561393    3.38%
  11542  2973     1076.9388   284     1068.0000     1104.1111 12589429    3.38%
Elapsed time = 6915.88 sec. (653686.52 ticks, tree = 78.39 MB, solutions = 36)
Exception raised in listener 'MipGapPrinter': 'int' object is not callable, id=104
* 11643+ 2969                         1069.0000     1104.1111             3.28%
  11648  3103    infeasible           1069.0000     1104.1111 12893847    3.28%
  11720  3092     1103.0869   334     1069.0000     1104.1111 12879253    3.28%
  11786  3133    infeasible           1069.0000     1104.1111 12951957    3.28%
* 11846+ 3164                         1070.0000     1104.1111             3.19%
  11856  3209     1100.0948   499     1070.0000     1104.1111 13152803    3.19%
Exception raised in listener 'MipGapPrinter': 'int' object is not callable, id=105
  11940  3345     1102.4377   375     1070.0000     1104.1111 13307301    3.19%
  12047  3441     1103.0032   536     1070.0000     1104.1111 13387476    3.19%
  12178  3488    infeasible           1070.0000     1104.1111 13441766    3.19%
  12364  3546     1098.6324   407     1070.0000     1104.1111 13500931    3.19%
  12516  3559     1093.2876   465     1070.0000     1104.1111 13519448    3.19%
  12656  3874     1091.1838   520     1070.0000     1104.1111 13887485    3.19%
Elapsed time = 7383.61 sec. (692041.40 ticks, tree = 94.19 MB, solutions = 39)
  12848  3713     1104.1111   414     1070.0000     1104.1111 13787235    3.19%
* 12904+ 3854                         1071.0000     1104.1111             3.09%
  13063  3830     1098.7000   324     1071.0000     1104.1111 13861852    3.09%
  13166  4022    infeasible           1071.0000     1104.1111 14240017    3.09%
Exception raised in listener 'MipGapPrinter': 'int' object is not callable, id=108
  13220  4029     1104.1111   663     1071.0000     1104.1111 14272727    3.09%
  13287  4033    infeasible           1071.0000     1104.1111 14254935    3.09%
  13344  4223     1103.9990   361     1071.0000     1104.1111 14450873    3.09%
  13426  4405     1104.1111   341     1071.0000     1104.1111 14640839    3.09%
  13537  4510     1100.6623   495     1071.0000     1104.1111 14773616    3.09%
  13643  4628     1103.7778   385     1071.0000     1104.1111 15060769    3.09%
  13747  4630     1103.6061   371     1071.0000     1104.1111 15068911    3.09%
Elapsed time = 8002.96 sec. (730671.08 ticks, tree = 103.23 MB, solutions = 40)
  13857  4670     1088.5626   377     1071.0000     1104.1111 15120896    3.09%
  14038  4819     1096.1372   257     1071.0000     1104.1111 15368527    3.09%
  14280  4868     1095.2064   405     1071.0000     1104.1111 15449616    3.09%
  14439  4969     1101.5957   208     1071.0000     1104.1111 15682967    3.09%
  14625  2831     1103.9496   497     1071.0000     1104.1111 12320923    3.09%
  14756  5472     1088.7047   236     1071.0000     1104.1111 16196053    3.09%
  14892  5306     1095.6373   357     1071.0000     1104.1111 16063284    3.09%
  15077  5539     1084.1036   237     1071.0000     1104.1111 16205826    3.09%
  15274  5646     1090.9693   366     1071.0000     1104.1111 16406474    3.09%
  15463  5901     1094.1691   340     1071.0000     1104.1111 16700631    3.09%
Elapsed time = 8714.82 sec. (769077.76 ticks, tree = 130.01 MB, solutions = 40)
  15605  5918    infeasible           1071.0000     1104.1111 16708420    3.09%
  15776  5948     1096.8274   205     1071.0000     1104.1111 16784897    3.09%
  15921  6123     1083.2896   311     1071.0000     1104.1111 16954785    3.09%
  16051  6388     1104.0606   379     1071.0000     1104.1111 17220342    3.09%
  16267  6488     1099.0406   246     1071.0000     1104.1111 17312745    3.09%
  16513  6757     1089.4313   297     1071.0000     1104.1111 17700526    3.09%
  16658  6798     1090.5833   193     1071.0000     1104.1111 17739563    3.09%
  16836  6762     1084.2474   217     1071.0000     1104.1111 17694595    3.09%
  17013  6836     1085.5669   160     1071.0000     1104.1111 17753941    3.09%
  17178  7316     1075.6043   218     1071.0000     1104.1111 18226517    3.09%
Elapsed time = 9612.24 sec. (807543.65 ticks, tree = 152.41 MB, solutions = 40)
  17261  7157     1100.6376   524     1071.0000     1104.1111 18164460    3.09%
  17395  7523     1094.7613   706     1071.0000     1104.1111 18647147    3.09%
  17587  7703     1094.9987   260     1071.0000     1104.1111 18724062    3.09%
  17807  7562     1090.6320   582     1071.0000     1104.1111 18658132    3.09%
  18010  7680     1101.4174   221     1071.0000     1104.1111 18771558    3.09%
  18193  7819     1078.1401   305     1071.0000     1104.1111 18822296    3.09%
  18406  8296     1104.1111   289     1071.0000     1104.1111 19364050    3.09%
  18668  8094     1098.4167   504     1071.0000     1104.1111 19248647    3.09%
  18938  8825     1074.7670   366     1071.0000     1104.1111 19828825    3.09%
  19139  8372     1087.6278   340     1071.0000     1104.1111 19444176    3.09%
Elapsed time = 10485.55 sec. (845881.59 ticks, tree = 168.69 MB, solutions = 40)
  19345  8766     1093.5270   375     1071.0000     1104.1111 19757775    3.09%
  19537  9107     1087.3486   199     1071.0000     1104.1111 20088444    3.09%
  19704  9464     1091.3473   208     1071.0000     1104.1111 20468357    3.09%
  19875  9436     1087.2222   149     1071.0000     1104.1111 20339435    3.09%
  20008  9659     1096.0876   465     1071.0000     1104.1111 20634519    3.09%
  20133  9669     1093.8704   449     1071.0000     1104.1111 20639610    3.09%
  20250  9926     1100.3734   414     1071.0000     1104.1111 20931473    3.09%
  20448  9713     1096.3099   362     1071.0000     1104.1111 20732424    3.09%
  20664 10241     1080.1497   479     1071.0000     1104.1111 21178282    3.09%
  20814 10166     1088.3611   362     1071.0000     1104.1111 21147130    3.09%
Elapsed time = 11279.29 sec. (884225.36 ticks, tree = 197.27 MB, solutions = 40)
  21034 10430     1094.6944   256     1071.0000     1104.1111 21412783    3.09%
  21298 10444     1093.8134   242     1071.0000     1104.1111 21420507    3.09%
  21446 10635     1095.4896   306     1071.0000     1104.1111 21689459    3.09%
  21613 10884     1097.0912   428     1071.0000     1104.1111 21940474    3.09%
  21799 10945     1095.3333   401     1071.0000     1104.1111 22036691    3.09%
  22050 10881     1091.0324   261     1071.0000     1104.1111 21935460    3.09%
  22442 11587     1094.6307   446     1071.0000     1104.1111 22660593    3.09%
  22658 11560     1091.4673   441     1071.0000     1104.1111 22617976    3.09%
  22798 11458     1076.0192   223     1071.0000     1104.1111 22538954    3.09%
  22995 12154     1090.2409   281     1071.0000     1104.1111 23086597    3.09%
Elapsed time = 12086.88 sec. (922499.88 ticks, tree = 232.11 MB, solutions = 40)
  23145 12296     1102.4806   499     1071.0000     1104.1111 23197686    3.09%
  23264 12311     1096.5530   536     1071.0000     1104.1111 23203076    3.09%
  23448 12360     1079.1028   323     1071.0000     1104.1111 23237811    3.09%
  23587 12478     1095.8624   274     1071.0000     1104.1111 23477690    3.09%
  23648 12492     1081.6493   290     1071.0000     1104.1111 23512602    3.09%
  23794 12726     1101.4376   399     1071.0000     1104.1111 23704669    3.09%
  23898 12734     1100.6726   364     1071.0000     1104.1111 23712945    3.09%
  23998 13118     1091.1675   455     1071.0000     1104.1111 24198029    3.09%
  24112 13126     1088.7852   453     1071.0000     1104.1111 24205949    3.09%
  24233 13200     1088.3050   547     1071.0000     1104.1111 24283081    3.09%
Elapsed time = 12865.65 sec. (961006.44 ticks, tree = 244.53 MB, solutions = 40)
  24376 13407     1094.5833   193     1071.0000     1104.1111 24468403    3.09%
  24489 13507     1079.8102   195     1071.0000     1104.1111 24549940    3.09%
* 24518+12459                         1075.0000     1104.1111             2.71%
  24634 13558     1081.9823   389     1075.0000     1104.1111 24578247    2.71%
  24714 13435     1090.4077   503     1075.0000     1104.1111 24488864    2.71%
  24796 13725     1100.5000   415     1075.0000     1104.1111 24821752    2.71%
  24910 13727     1096.9444   489     1075.0000     1104.1111 24827559    2.71%
  24991 13471     1091.1371   557     1075.0000     1104.1111 25067772    2.71%
  25092 13542     1078.1481   360     1075.0000     1104.1111 25134546    2.71%
  25214 13217     1086.0466   278     1075.0000     1104.1111 24287544    2.71%
  25362 13738        cutoff           1075.0000     1104.1111 25399303    2.71%
Elapsed time = 13687.99 sec. (999566.15 ticks, tree = 252.37 MB, solutions = 41)
  25522 13865     1101.9808   595     1075.0000     1104.1111 25582074    2.71%
  25682 13890     1096.6181   458     1075.0000     1104.1111 25588608    2.71%
  25806 13968     1097.3560   562     1075.0000     1104.1111 25729472    2.71%
Exception raised in listener 'MipGapPrinter': 'int' object is not callable, id=125
  25997 14030        cutoff           1075.0000     1104.1111 25762652    2.71%
  26149 14352     1080.4385   237     1075.0000     1104.1111 26097913    2.71%
  26374 14133     1081.6166   246     1075.0000     1104.1111 25902400    2.71%
  26551 14530     1092.5212   350     1075.0000     1104.1111 26187863    2.71%
  26635 14336     1098.6757   433     1075.0000     1104.1111 26081861    2.71%
  26694 14557     1091.1506   435     1075.0000     1104.1111 26192095    2.71%
  26720 14573     1087.2688   282     1075.0000     1104.1111 26195119    2.71%
Elapsed time = 14405.64 sec. (1037997.46 ticks, tree = 273.05 MB, solutions = 41)

GUB cover cuts applied:  1117
Clique cuts applied:  14
Cover cuts applied:  308
Implied bound cuts applied:  1189
Flow cuts applied:  4
Mixed integer rounding cuts applied:  155
Zero-half cuts applied:  455
Lift and project cuts applied:  18
Gomory fractional cuts applied:  114

Root node processing (before b&c):
  Real time             =  358.70 sec. (147636.12 ticks)
Parallel b&c, 24 threads:
  Real time             = 14047.59 sec. (890798.19 ticks)
  Sync time (average)   = 3504.93 sec.
  Wait time (average)   =    0.62 sec.
                          ------------
Total (root+branch&cut) = 14406.29 sec. (1038434.31 ticks)
status  = time limit exceeded
time    = 14406.4 s.
problem = MILP
gap     = 2.70801%

Objective value: 1075.0
[50, 50, 8, 10, 400, 113, 1075, 1104, 2.71, 14406.39]
number of spatial :  837
Heuristic Solution information :  [50, 50, 8, 10, 400, 122, 878, 41, 837]
