CPXPARAM_Read_DataCheck                          1
CPXPARAM_TimeLimit                               14400
Aggregator has done 3741 substitutions...
Tried aggregator 2 times.
MIP Presolve eliminated 26197 rows and 226605 columns.
MIP Presolve modified 3555 coefficients.
Aggregator did 3741 substitutions.
Reduced MIP has 281337 rows, 65791 columns, and 1028684 nonzeros.
Reduced MIP has 60791 binaries, 0 generals, 0 SOSs, and 0 indicators.
Presolve time = 1.03 sec. (11673.07 ticks)
Probing time = 0.36 sec. (21.57 ticks)
Tried aggregator 1 time.
MIP Presolve eliminated 196000 rows and 4000 columns.
Reduced MIP has 85337 rows, 61791 columns, and 636684 nonzeros.
Reduced MIP has 60791 binaries, 0 generals, 0 SOSs, and 0 indicators.
Presolve time = 0.54 sec. (1175.58 ticks)
Probing time = 0.26 sec. (18.37 ticks)
Clique table members: 32062.
MIP emphasis: balance optimality and feasibility.
MIP search method: dynamic search.
Parallel mode: deterministic, using up to 24 threads.
Root relaxation solution time = 4.37 sec. (3774.96 ticks)

        Nodes                                         Cuts/
   Node  Left     Objective  IInf  Best Integer    Best Bound    ItCnt     Gap

*     0+    0                         1105.0000     3774.0000           241.54%
      0     0     2609.8333  1922     1105.0000     2609.8333    57126  136.18%
Exception raised in listener 'MipGapPrinter': 'int' object is not callable, id=1
*     0+    0                         1701.0000     2609.8333            53.43%
Exception raised in listener 'MipGapPrinter': 'int' object is not callable, id=3
      0     0     2466.0694  1943     1701.0000    Cuts: 1956    70366   44.98%
      0     0     2313.5012  1872     1701.0000    Cuts: 1376    87156   36.01%
      0     0     2225.2298  1632     1701.0000    Cuts: 1286   110881   30.82%
*     0+    0                         1828.0000     2225.2298            21.73%
*     0+    0                         1859.0000     2225.2298            19.70%
*     0+    0                         1872.0000     2225.2298            18.87%
*     0+    0                         1876.0000     2225.2298            18.62%
*     0+    0                         1896.0000     2225.2298            17.36%
Exception raised in listener 'MipGapPrinter': 'int' object is not callable, id=9
      0     0     2171.9580  1448     1896.0000    Cuts: 1082   128976   14.55%
      0     0     2121.9142  1454     1896.0000     Cuts: 997   144477   11.92%
      0     0     2094.4849  1530     1896.0000     Cuts: 897   162611   10.47%
      0     0     2085.4306  1632     1896.0000     Cuts: 736   180275    9.99%
      0     0     2083.7608  1582     1896.0000     Cuts: 446   199848    9.90%
      0     0     2083.6667  1729     1896.0000     Cuts: 368   221721    9.90%
*     0+    0                         1924.0000     2083.6667             8.30%
Exception raised in listener 'MipGapPrinter': 'int' object is not callable, id=22
      0     0     2083.6667  1411     1924.0000     Cuts: 392   240666    8.30%
*     0+    0                         1925.0000     2083.6667             8.24%
Exception raised in listener 'MipGapPrinter': 'int' object is not callable, id=24
      0     0     2083.6667  1497     1925.0000     Cuts: 361   262432    8.24%
Heuristic still looking.
Heuristic still looking.
Heuristic still looking.
*     0+    0                         1945.0000     2083.6667             7.13%
*     0+    0                         1974.0000     2083.6667             5.56%
*     0+    0                         1998.0000     2083.6667             4.29%
Exception raised in listener 'MipGapPrinter': 'int' object is not callable, id=26
      0     2     2083.6667  1497     1998.0000     2083.6667   262432    4.29%
Elapsed time = 6243.73 sec. (537898.03 ticks, tree = 0.02 MB, solutions = 12)
      1     3     2083.6667  1264     1998.0000     2083.6667   282927    4.29%
      2     3     2083.6667  1301     1998.0000     2083.6667   280625    4.29%
      3     4     2083.6667  1124     1998.0000     2083.6667   300453    4.29%
      4     6     2083.6667  1086     1998.0000     2083.6667   336368    4.29%
      5     5     2083.6667  1227     1998.0000     2083.6667   320129    4.29%
      6     4     2083.6667  1258     1998.0000     2083.6667   302067    4.29%
      7     7     2083.6667  1115     1998.0000     2083.6667   354036    4.29%
      8     6     2083.6667  1011     1998.0000     2083.6667   338175    4.29%
      9     5     2083.6667  1262     1998.0000     2083.6667   319033    4.29%
     10     8     2083.6667  1109     1998.0000     2083.6667   373231    4.29%
Elapsed time = 7143.16 sec. (628726.62 ticks, tree = 0.04 MB, solutions = 12)
     11     9     2083.6667  1210     1998.0000     2083.6667   391556    4.29%
     12     7     2083.6667   989     1998.0000     2083.6667   352772    4.29%
     14    13     2083.6667  1158     1998.0000     2083.6667   464568    4.29%
     15    12     2083.6667  1182     1998.0000     2083.6667   447672    4.29%
     18     9     2083.6667  1212     1998.0000     2083.6667   392747    4.29%
     19    10     2083.6667  1055     1998.0000     2083.6667   414339    4.29%
     20    10     2083.6667  1014     1998.0000     2083.6667   406432    4.29%
     21    15     2083.6667  1094     1998.0000     2083.6667   496934    4.29%
     22    19     2083.6667   976     1998.0000     2083.6667   568317    4.29%
     24    11     2083.6667  1274     1998.0000     2083.6667   428916    4.29%
Elapsed time = 7759.55 sec. (666184.28 ticks, tree = 0.02 MB, solutions = 12)
     27    27    infeasible           1998.0000     2083.6667   723690    4.29%
     29    22     2083.6667  1124     1998.0000     2083.6667   625839    4.29%
     30    20     2083.6667  1007     1998.0000     2083.6667   587388    4.29%
     32    14     2083.6667  1241     1998.0000     2083.6667   484224    4.29%
     34    13     2083.6667  1139     1998.0000     2083.6667   465975    4.29%
     35    24     2083.6667  1027     1998.0000     2083.6667   655289    4.29%
     36    30     2083.6667   921     1998.0000     2083.6667   750791    4.29%
*    38+   13                         2000.0000     2083.6667             4.18%
     38    31     2083.6667   962     2000.0000     2083.6667   768358    4.18%
*    39+   13                         2003.0000     2083.6667             4.03%
     41    27     2083.6667   938     2003.0000     2083.6667   709728    4.03%
     42    15     2083.6667  1069     2003.0000     2083.6667   497938    4.03%
Elapsed time = 8350.73 sec. (691500.95 ticks, tree = 0.02 MB, solutions = 14)
     45    33     2083.6667  1107     2003.0000     2083.6667   808396    4.03%
     46    34     2083.6667  1228     2003.0000     2083.6667   827725    4.03%
     47    35     2083.6667  1389     2003.0000     2083.6667   847052    4.03%
*    48+   18                         2004.0000     2083.6667             3.98%
     48    36     2083.6667  1430     2004.0000     2083.6667   866120    3.98%
*    49+   14                         2008.0000     2083.6667             3.77%
*    49+   14                         2022.0000     2083.6667             3.05%
     49    39     2083.6667  1034     2022.0000     2083.6667   908945    3.05%
     51    42     2083.6667  1010     2022.0000     2083.6667   960585    3.05%
     53    41     2083.6667  1192     2022.0000     2083.6667   943407    3.05%
     54    43     2083.6667  1011     2022.0000     2083.6667   979389    3.05%
     56    45     2083.6667  1015     2022.0000     2083.6667  1013085    3.05%
     57    44     2083.6667  1263     2022.0000     2083.6667   996307    3.05%
Elapsed time = 8957.04 sec. (710058.02 ticks, tree = 0.17 MB, solutions = 16)
     59    47     2083.6667  1208     2022.0000     2083.6667  1048429    3.05%
Exception raised in listener 'MipGapPrinter': 'int' object is not callable, id=35
     60    48     2083.6667  1109     2022.0000     2083.6667  1069139    3.05%
     62    50     2083.6667  1335     2022.0000     2083.6667  1106149    3.05%
     64    51     2083.6667  1063     2022.0000     2083.6667  1125893    3.05%
     65    40     2083.6667   861     2022.0000     2083.6667   926106    3.05%
     67    28     2083.6667  1283     2022.0000     2083.6667   746043    3.05%
     70    46     2083.6667  1157     2022.0000     2083.6667  1028829    3.05%
     72    47     2083.6667  1136     2022.0000     2083.6667  1045198    3.05%
     73    39     2083.6667  1211     2022.0000     2083.6667   915151    3.05%
     74    48     2083.6667  1002     2022.0000     2083.6667  1066281    3.05%
Elapsed time = 9634.24 sec. (733212.82 ticks, tree = 0.27 MB, solutions = 16)
     75    49     2083.6667  1073     2022.0000     2083.6667  1086327    3.05%
     77    59     2083.6667  1167     2022.0000     2083.6667  1279734    3.05%
     79    50     2083.6667  1166     2022.0000     2083.6667  1105343    3.05%
     80    57     2083.6667  1178     2022.0000     2083.6667  1247374    3.05%
     83    52     2083.6667   986     2022.0000     2083.6667  1143655    3.05%
     84    63     2083.6667  1026     2022.0000     2083.6667  1346693    3.05%
     85    65     2083.6667  1381     2022.0000     2083.6667  1383614    3.05%
     87    71     2083.6667  1037     2022.0000     2083.6667  1486321    3.05%
     88    69     2083.6667  1029     2022.0000     2083.6667  1454333    3.05%
     89    62     2083.6667   995     2022.0000     2083.6667  1332037    3.05%
Elapsed time = 10245.10 sec. (752228.20 ticks, tree = 0.61 MB, solutions = 16)
     90    20     2083.6667  1244     2022.0000     2083.6667   590144    3.05%
     93    56     2083.6667  1173     2022.0000     2083.6667  1207248    3.05%
     94    58     2083.6667   954     2022.0000     2083.6667  1239529    3.05%
     96    60     2083.6667  1163     2022.0000     2083.6667  1297464    3.05%
     98    58     2083.6667  1351     2022.0000     2083.6667  1264841    3.05%
     99    64     2083.6667   953     2022.0000     2083.6667  1364694    3.05%
    100    23     2083.6667  1202     2022.0000     2083.6667   640471    3.05%
    102    66     2083.6667  1084     2022.0000     2083.6667  1401275    3.05%
*   105+   15                         2028.0000     2083.6667             2.74%
    105    82     2083.6667   979     2028.0000     2083.6667  1658380    2.74%
    108    83     2083.6667   958     2028.0000     2083.6667  1659952    2.74%
Elapsed time = 10837.65 sec. (770908.70 ticks, tree = 0.74 MB, solutions = 20)
    110   101     2083.6667   787     2028.0000     2083.6667  2008838    2.74%
    113    17     2083.6667  1158     2028.0000     2083.6667   532172    2.74%
    116   105     2083.6667  1130     2028.0000     2083.6667  2039256    2.74%
    123   106     2083.6667  1040     2028.0000     2083.6667  2045077    2.74%
    128   107     2083.6667   895     2028.0000     2083.6667  2096463    2.74%
    133   107     2083.6667   833     2028.0000     2083.6667  2119003    2.74%
    142    92     2083.6667  1067     2028.0000     2083.6667  1784946    2.74%
    151    92     2083.6667   921     2028.0000     2083.6667  1852626    2.74%
    158   113     2083.6667   907     2028.0000     2083.6667  2219556    2.74%
    168   120     2083.6667  1018     2028.0000     2083.6667  2255705    2.74%
Elapsed time = 11177.56 sec. (781836.92 ticks, tree = 1.03 MB, solutions = 28)
    182   121     2083.6667   826     2028.0000     2083.6667  2261338    2.74%
    197   111     2083.6667   902     2028.0000     2083.6667  2148581    2.74%
    213   114     2083.6667  1102     2028.0000     2083.6667  2182405    2.74%
    226    95     2083.6667   818     2028.0000     2083.6667  1859034    2.74%
    240   105     2083.6667   627     2028.0000     2083.6667  1991221    2.74%
    256   121     2083.6667   771     2028.0000     2083.6667  2248832    2.74%
    266   122     2083.6667   633     2028.0000     2083.6667  2030719    2.74%
    283   100     2083.6667   793     2028.0000     2083.6667  1914551    2.74%
    296   124     2083.6667   559     2028.0000     2083.6667  2234818    2.74%
    311   119     2083.6667   849     2028.0000     2083.6667  2195457    2.74%
Elapsed time = 11524.89 sec. (791838.58 ticks, tree = 1.05 MB, solutions = 29)
    325   138     2083.6667  1055     2028.0000     2083.6667  2367061    2.74%
    339   121     2083.6667   712     2028.0000     2083.6667  2161711    2.74%
    351   166    infeasible           2028.0000     2083.6667  2489982    2.74%
Exception raised in listener 'MipGapPrinter': 'int' object is not callable, id=36
    366   124     2083.6667   688     2028.0000     2083.6667  2165056    2.74%
    378   117     2083.6667   669     2028.0000     2083.6667  2130002    2.74%
    393   118     2083.6667   622     2028.0000     2083.6667  2131707    2.74%
    405   120     2083.6667   584     2028.0000     2083.6667  2133433    2.74%
    419   147     2083.6667   834     2028.0000     2083.6667  2375219    2.74%
    433   135     2083.6667   711     2028.0000     2083.6667  2277069    2.74%
    480   154     2083.6667   950     2028.0000     2083.6667  2382636    2.74%
Elapsed time = 11823.78 sec. (804889.58 ticks, tree = 1.73 MB, solutions = 31)
    539   210     2083.6667   705     2028.0000     2083.6667  2622401    2.74%
    590   173     2083.6667   780     2028.0000     2083.6667  2471538    2.74%
    628   190     2083.6667   571     2028.0000     2083.6667  2533458    2.74%
    656   276     2083.6667   549     2028.0000     2083.6667  2760489    2.74%
    690   345     2083.6667   682     2028.0000     2083.6667  2899346    2.74%
    727   325     2083.6667   569     2028.0000     2083.6667  2876245    2.74%
    780   286     2083.6667   595     2028.0000     2083.6667  2774762    2.74%
    833   367     2083.6667   464     2028.0000     2083.6667  2923738    2.74%
    883   451     2083.6667   672     2028.0000     2083.6667  3080452    2.74%
    935   618     2083.6667   444     2028.0000     2083.6667  3423579    2.74%
Elapsed time = 12919.92 sec. (844080.66 ticks, tree = 14.91 MB, solutions = 31)
   1012   523     2083.6667   464     2028.0000     2083.6667  3215403    2.74%
   1120   574     2083.6667   380     2028.0000     2083.6667  3312210    2.74%
*  1219+  658                         2034.0000     2083.6667             2.44%
   1228   813     2083.6667   390     2034.0000     2083.6667  3864720    2.44%
   1346   469     2083.6667  1189     2034.0000     2083.6667  3134815    2.44%
Exception raised in listener 'MipGapPrinter': 'int' object is not callable, id=39
   1465   621     2083.3750   258     2034.0000     2083.6667  3423389    2.44%
   1600  1042     2083.3750   232     2034.0000     2083.6667  4326467    2.44%
   1753   767     2083.6667   482     2034.0000     2083.6667  3709677    2.44%
   1900   934     2083.6667   478     2034.0000     2083.6667  4148154    2.44%
   2057  1209     2083.4458   343     2034.0000     2083.6667  4648926    2.44%
   2222  1429     2083.6667   853     2034.0000     2083.6667  5132276    2.44%
Elapsed time = 13888.85 sec. (882539.86 ticks, tree = 63.59 MB, solutions = 32)
*  2332+ 1125                         2038.0000     2083.6667             2.24%
   2392  1251     2083.6667   738     2038.0000     2083.6667  4702985    2.24%
Exception raised in listener 'MipGapPrinter': 'int' object is not callable, id=40
   2544  1578     2083.3750   224     2038.0000     2083.6667  5466962    2.24%
   2695  1286     2083.3667   282     2038.0000     2083.6667  4803311    2.24%
   2842  1269     2083.3750   288     2038.0000     2083.6667  4734637    2.24%
   2969  1541     2083.3750   242     2038.0000     2083.6667  5361497    2.24%
   3104  1542    infeasible           2038.0000     2083.6667  5370174    2.24%
   3208  1546     2083.3750   238     2038.0000     2083.6667  5381123    2.24%

GUB cover cuts applied:  1013
Clique cuts applied:  9
Cover cuts applied:  65
Implied bound cuts applied:  2292
Flow cuts applied:  157
Mixed integer rounding cuts applied:  545
Zero-half cuts applied:  593
Lift and project cuts applied:  1
Gomory fractional cuts applied:  277

Root node processing (before b&c):
  Real time             = 6014.67 sec. (537770.29 ticks)
Parallel b&c, 24 threads:
  Real time             = 8386.52 sec. (374465.57 ticks)
  Sync time (average)   = 2660.87 sec.
  Wait time (average)   =    0.00 sec.
                          ------------
Total (root+branch&cut) = 14401.19 sec. (912235.86 ticks)
status  = time limit exceeded
time    = 14401.2 s.
problem = MILP
gap     = 2.24076%

Objective value: 2038.0
[50, 100, 8, 10, 400, 215, 2038, 2083, 2.24, 14401.21]
number of spatial :  1643
Heuristic Solution information :  [50, 100, 8, 10, 400, 216, 1684, 41, 1643]
