CPXPARAM_Read_DataCheck                          1
CPXPARAM_TimeLimit                               14400
Aggregator has done 3741 substitutions...
Tried aggregator 2 times.
MIP Presolve eliminated 50655 rows and 169969 columns.
MIP Presolve modified 4535 coefficients.
Aggregator did 3741 substitutions.
Reduced MIP has 314841 rows, 122427 columns, and 1522389 nonzeros.
Reduced MIP has 117427 binaries, 0 generals, 0 SOSs, and 0 indicators.
Presolve time = 1.49 sec. (12286.73 ticks)
Probing time = 0.62 sec. (39.88 ticks)
Tried aggregator 1 time.
MIP Presolve eliminated 147000 rows and 3000 columns.
Reduced MIP has 167841 rows, 119427 columns, and 1228389 nonzeros.
Reduced MIP has 117427 binaries, 0 generals, 0 SOSs, and 0 indicators.
Presolve time = 1.06 sec. (2136.46 ticks)
Probing time = 0.32 sec. (34.91 ticks)
Clique table members: 63244.
MIP emphasis: balance optimality and feasibility.
MIP search method: dynamic search.
Parallel mode: deterministic, using up to 24 threads.
Root relaxation solution time = 43.25 sec. (15496.29 ticks)

        Nodes                                         Cuts/
   Node  Left     Objective  IInf  Best Integer    Best Bound    ItCnt     Gap

*     0+    0                          912.0000     3774.0000           313.82%
      0     0     2899.6667  1931      912.0000     2899.6667   147141  217.95%
Exception raised in listener 'MipGapPrinter': 'int' object is not callable, id=1
*     0+    0                         1820.0000     2899.6667            59.32%
Exception raised in listener 'MipGapPrinter': 'int' object is not callable, id=3
      0     0     2764.9583  2400     1820.0000    Cuts: 1819   186373   51.92%
      0     0     2616.2477  2357     1820.0000    Cuts: 1432   226114   43.75%
      0     0     2527.5906  2349     1820.0000    Cuts: 1356   274153   38.88%
*     0+    0                         1891.0000     2527.5906            33.66%
*     0+    0                         1920.0000     2527.5906            31.65%
*     0+    0                         1979.0000     2527.5906            27.72%
*     0+    0                         1987.0000     2527.5906            27.21%
Exception raised in listener 'MipGapPrinter': 'int' object is not callable, id=9
      0     0     2450.6005  2138     1987.0000    Cuts: 1472   323027   23.33%
*     0+    0                         2179.0000     2450.6005            12.46%
Exception raised in listener 'MipGapPrinter': 'int' object is not callable, id=11
      0     0     2418.9367  2047     2179.0000    Cuts: 1254   364692   11.01%
      0     0     2406.2953  2132     2179.0000     Cuts: 988   407771   10.43%
      0     0     2396.6823  2259     2179.0000    Cuts: 1002   457771    9.99%
      0     0     2391.6042  1970     2179.0000     Cuts: 976   511370    9.76%
      0     0     2383.6354  2004     2179.0000    Cuts: 1027   569320    9.39%
*     0+    0                         2219.0000     2383.6354             7.42%
Exception raised in listener 'MipGapPrinter': 'int' object is not callable, id=21
      0     0     2380.1111  2513     2219.0000     Cuts: 973   612913    7.26%
      0     0     2380.1111  2341     2219.0000     Cuts: 686   661278    7.26%
      0     0     2380.1111  2283     2219.0000     Cuts: 645   703189    7.26%
      0     0     2380.1111  2204     2219.0000     Cuts: 559   750464    7.26%
*     0+    0                         2227.0000     2380.1111             6.88%
Exception raised in listener 'MipGapPrinter': 'int' object is not callable, id=30
      0     0     2380.1111  2547     2227.0000     Cuts: 638   836817    6.88%
      0     0     2380.1111  2418     2227.0000     Cuts: 852   887519    6.88%

GUB cover cuts applied:  996
Clique cuts applied:  14
Cover cuts applied:  42
Implied bound cuts applied:  3369
Flow cuts applied:  329
Mixed integer rounding cuts applied:  1154
Zero-half cuts applied:  629
Lift and project cuts applied:  4
Gomory fractional cuts applied:  288

Root node processing (before b&c):
  Real time             = 14400.77 sec. (2063344.94 ticks)
Parallel b&c, 24 threads:
  Real time             =    0.00 sec. (0.00 ticks)
  Sync time (average)   =    0.00 sec.
  Wait time (average)   =    0.00 sec.
                          ------------
Total (root+branch&cut) = 14400.77 sec. (2063344.94 ticks)
status  = time limit exceeded
time    = 14401.3 s.
problem = MILP
gap     = 6.87522%

Objective value: 2227.0
[50, 100, 8, 10, 400, 248, 2227, 2380, 6.88, 14401.31]
number of spatial :  1948
Heuristic Solution information :  [50, 100, 8, 10, 400, 244, 1989, 41, 1948]
