CPXPARAM_Read_DataCheck                          1
CPXPARAM_TimeLimit                               14400
Presolve has eliminated 49546 rows and 453144 columns...
Presolve has improved bounds 8852 times...
Aggregator has done 3741 substitutions...
Tried aggregator 2 times.
MIP Presolve eliminated 50957 rows and 453144 columns.
MIP Presolve modified 4635 coefficients.
Aggregator did 3741 substitutions.
Reduced MIP has 559938 rows, 129252 columns, and 2055283 nonzeros.
Reduced MIP has 119252 binaries, 0 generals, 0 SOSs, and 0 indicators.
Presolve time = 2.00 sec. (23054.83 ticks)
Probing time = 0.70 sec. (47.52 ticks)
Tried aggregator 1 time.
MIP Presolve eliminated 392000 rows and 8000 columns.
Reduced MIP has 167938 rows, 121252 columns, and 1271283 nonzeros.
Reduced MIP has 119252 binaries, 0 generals, 0 SOSs, and 0 indicators.
Presolve time = 1.19 sec. (2320.53 ticks)
Probing time = 0.59 sec. (35.10 ticks)
Clique table members: 63542.
MIP emphasis: balance optimality and feasibility.
MIP search method: dynamic search.
Parallel mode: deterministic, using up to 24 threads.
Root relaxation solution time = 21.14 sec. (8429.48 ticks)

        Nodes                                         Cuts/
   Node  Left     Objective  IInf  Best Integer    Best Bound    ItCnt     Gap

*     0+    0                         2026.0000     3774.0000            86.28%
      0     0     3724.5000  1141     2026.0000     3724.5000    82495   83.84%
Exception raised in listener 'MipGapPrinter': 'int' object is not callable, id=1
*     0+    0                         2694.0000     3724.5000            38.25%
Exception raised in listener 'MipGapPrinter': 'int' object is not callable, id=3
      0     0     3724.5000  1500     2694.0000     Cuts: 977   111932   38.25%
      0     0     3724.5000  1397     2694.0000     Cuts: 295   143321   38.25%
      0     0     3715.4333  1562     2694.0000     Cuts: 720   173549   37.92%
*     0+    0                         3273.0000     3715.4333            13.52%
*     0+    0                         3329.0000     3715.4333            11.61%
*     0+    0                         3363.0000     3715.4333            10.48%
*     0+    0                         3399.0000     3715.4333             9.31%
*     0+    0                         3418.0000     3715.4333             8.70%
Exception raised in listener 'MipGapPrinter': 'int' object is not callable, id=9
      0     0     3714.6000  1644     3418.0000     Cuts: 781   206006    8.68%
      0     0     3713.9167  1742     3418.0000     Cuts: 849   242490    8.66%
      0     0     3706.5500  1895     3418.0000     Cuts: 696   281159    8.44%
      0     0     3705.4167  1885     3418.0000     Cuts: 810   322257    8.41%
*     0+    0                         3582.0000     3705.4167             3.45%
Exception raised in listener 'MipGapPrinter': 'int' object is not callable, id=18
      0     0     3699.2000  1820     3582.0000     Cuts: 835   366262    3.27%
      0     0     3697.4167  2109     3582.0000     Cuts: 876   410457    3.22%
*     0+    0                         3590.0000     3697.4167             2.99%
*     0+    0                         3606.0000     3697.4167             2.54%
*     0+    0                         3614.0000     3697.4167             2.31%
Exception raised in listener 'MipGapPrinter': 'int' object is not callable, id=22
      0     0     3693.2500  1965     3614.0000     Cuts: 853   473386    2.19%

GUB cover cuts applied:  179
Clique cuts applied:  37
Cover cuts applied:  167
Implied bound cuts applied:  2713
Flow cuts applied:  492
Mixed integer rounding cuts applied:  1057
Zero-half cuts applied:  248
Lift and project cuts applied:  4
Gomory fractional cuts applied:  3

Root node processing (before b&c):
  Real time             = 14400.73 sec. (969462.27 ticks)
Parallel b&c, 24 threads:
  Real time             =    0.00 sec. (0.00 ticks)
  Sync time (average)   =    0.00 sec.
  Wait time (average)   =    0.00 sec.
                          ------------
Total (root+branch&cut) = 14400.73 sec. (969462.27 ticks)
status  = time limit exceeded
time    = 14401.3 s.
problem = MILP
gap     = 2.19286%

Objective value: 3614.0
[50, 200, 8, 10, 400, 380, 3614, 3693, 2.19, 14401.27]
number of spatial :  3155
Heuristic Solution information :  [50, 200, 8, 10, 400, 352, 3196, 41, 3155]
