CPXPARAM_Read_DataCheck                          1
CPXPARAM_TimeLimit                               14400
Tried aggregator 2 times.
MIP Presolve eliminated 49933 rows and 453051 columns.
MIP Presolve modified 2561 coefficients.
Aggregator did 1216 substitutions.
Reduced MIP has 558409 rows, 127773 columns, and 1719488 nonzeros.
Reduced MIP has 117773 binaries, 0 generals, 0 SOSs, and 0 indicators.
Presolve time = 2.48 sec. (8358.27 ticks)
Probing time = 1.24 sec. (36.98 ticks)
Tried aggregator 1 time.
MIP Presolve eliminated 392000 rows and 8000 columns.
Reduced MIP has 166409 rows, 119773 columns, and 935488 nonzeros.
Reduced MIP has 117773 binaries, 0 generals, 0 SOSs, and 0 indicators.
Presolve time = 1.33 sec. (1204.41 ticks)
Probing time = 2.25 sec. (29.78 ticks)
Clique table members: 63662.
MIP emphasis: balance optimality and feasibility.
MIP search method: dynamic search.
Parallel mode: deterministic, using up to 24 threads.
Root relaxation solution time = 10.42 sec. (2269.13 ticks)

        Nodes                                         Cuts/
   Node  Left     Objective  IInf  Best Integer    Best Bound    ItCnt     Gap

*     0+    0                          701.0000     1224.0000            74.61%
      0     0     1208.4000  1412      701.0000     1208.4000    16939   72.38%
Exception raised in listener 'MipGapPrinter': 'int' object is not callable, id=1
*     0+    0                          851.0000     1208.4000            42.00%
Exception raised in listener 'MipGapPrinter': 'int' object is not callable, id=3
      0     0     1208.4000  1412      851.0000     Cuts: 886    45062   42.00%
      0     0     1208.4000  1421      851.0000     Cuts: 836    76841   42.00%
Heuristic still looking.
*     0+    0                         1049.0000     1208.4000            15.20%
*     0+    0                         1108.0000     1208.4000             9.06%
*     0+    0                         1114.0000     1208.4000             8.47%
*     0+    0                         1122.0000     1208.4000             7.70%
Exception raised in listener 'MipGapPrinter': 'int' object is not callable, id=7
      0     2     1208.4000   583     1122.0000     1208.4000    76841    7.70%
Elapsed time = 1863.67 sec. (182486.14 ticks, tree = 0.02 MB, solutions = 6)
      1     3     1208.4000  1005     1122.0000     1208.4000   108716    7.70%
      2     4     1208.4000  1211     1122.0000     1208.4000   131865    7.70%
*     3+    1                         1130.0000     1208.4000             6.94%
*     3+    1                         1150.0000     1208.4000             5.08%
      3     5     1208.4000  1204     1150.0000     1208.4000   151766    5.08%
*     4+    1                         1156.0000     1208.4000             4.53%
*     4+    1                         1160.0000     1208.4000             4.17%
      4     6     1208.4000  1181     1160.0000     1208.4000   152844    4.17%
      5     7     1208.4000  1191     1160.0000     1208.4000   155384    4.17%
      7     9     1208.4000  1125     1160.0000     1208.4000   156482    4.17%
      8    10     1208.4000  1098     1160.0000     1208.4000   157600    4.17%
      9     3     1208.4000   973     1160.0000     1208.4000   106272    4.17%
Exception raised in listener 'MipGapPrinter': 'int' object is not callable, id=17
     11    13     1208.4000  1118     1160.0000     1208.4000   192509    4.17%
     13    15     1208.4000  1068     1160.0000     1208.4000   194839    4.17%
Elapsed time = 3349.82 sec. (276475.54 ticks, tree = 0.07 MB, solutions = 10)
     15    17     1208.4000  1039     1160.0000     1208.4000   197234    4.17%
     18    19     1208.4000   956     1160.0000     1208.4000   199320    4.17%
     22    23     1208.4000   944     1160.0000     1208.4000   210761    4.17%
     26    28     1208.4000   916     1160.0000     1208.4000   216461    4.17%
     31    31     1208.4000   914     1160.0000     1208.4000   219395    4.17%
     36    30     1208.4000   945     1160.0000     1208.4000   220258    4.17%
     39    31     1208.4000  1019     1160.0000     1208.4000   224329    4.17%
     45    39     1208.4000   858     1160.0000     1208.4000   228326    4.17%
     51    37     1208.4000   914     1160.0000     1208.4000   230653    4.17%
     58    32     1208.4000  1149     1160.0000     1208.4000   248608    4.17%
Elapsed time = 3683.13 sec. (288130.21 ticks, tree = 0.21 MB, solutions = 11)
     64    42     1208.4000   970     1160.0000     1208.4000   265041    4.17%
     67    43     1208.4000  1006     1160.0000     1208.4000   268640    4.17%
     70    45     1208.4000   923     1160.0000     1208.4000   270212    4.17%
     75    48     1208.4000  1015     1160.0000     1208.4000   273093    4.17%
     78    70     1208.4000  1241     1160.0000     1208.4000   308294    4.17%
     82    72     1208.4000  1243     1160.0000     1208.4000   314264    4.17%
*    84+   16                         1166.0000     1208.4000             3.64%
     84    74     1208.4000  1207     1166.0000     1208.4000   319388    3.64%
     86    76     1208.4000  1250     1166.0000     1208.4000   323019    3.64%
     88    78     1208.4000  1198     1166.0000     1208.4000   326817    3.64%
     91    77     1208.4000   801     1166.0000     1208.4000   336940    3.64%
Elapsed time = 3984.67 sec. (300818.14 ticks, tree = 2.46 MB, solutions = 11)
     95    81     1208.4000   740     1166.0000     1208.4000   339463    3.64%
     99    85     1208.4000   710     1166.0000     1208.4000   341745    3.64%
    105    91     1208.4000   697     1166.0000     1208.4000   343651    3.64%
    112   105     1208.4000   873     1166.0000     1208.4000   366402    3.64%
*   115+   16                         1180.0000     1208.4000             2.41%
    117   108    infeasible           1180.0000     1208.4000   367913    2.41%
    120    18     1208.4000  1039     1180.0000     1208.4000   197856    2.41%
*   122+   11                         1182.0000     1208.4000             2.23%
    122   106     1208.4000   938     1182.0000     1208.4000   367968    2.23%
    127   107     1208.4000   929     1182.0000     1208.4000   370041    2.23%
    135   113     1208.4000   881     1182.0000     1208.4000   371514    2.23%
    140    13     1208.4000  1096     1182.0000     1208.4000   197969    2.23%
Elapsed time = 4250.98 sec. (315491.36 ticks, tree = 0.07 MB, solutions = 23)
    143   121     1208.4000   895     1182.0000     1208.4000   378014    2.23%
    149   125     1208.4000   994     1182.0000     1208.4000   379167    2.23%
    156   138     1208.4000   934     1182.0000     1208.4000   399337    2.23%
    163   119     1208.4000  1042     1182.0000     1208.4000   382921    2.23%
    167   147     1208.4000  1066     1182.0000     1208.4000   411696    2.23%
Exception raised in listener 'MipGapPrinter': 'int' object is not callable, id=31
    179   158     1208.4000   841     1182.0000     1208.4000   418013    2.23%
    191   144     1208.4000  1045     1182.0000     1208.4000   414052    2.23%
    201   169     1208.4000   653     1182.0000     1208.4000   420618    2.23%
    215   164     1208.4000   994     1182.0000     1208.4000   433910    2.23%
    230   176     1208.4000  1048     1182.0000     1208.4000   456125    2.23%
Elapsed time = 4450.51 sec. (326666.50 ticks, tree = 5.24 MB, solutions = 31)
    246   177     1208.4000  1044     1182.0000     1208.4000   460106    2.23%
    260   171     1208.4000   976     1182.0000     1208.4000   448452    2.23%
    278    16     1208.4000  1066     1182.0000     1208.4000   195279    2.23%
Exception raised in listener 'MipGapPrinter': 'int' object is not callable, id=33
    289   211     1208.4000  1002     1182.0000     1208.4000   484472    2.23%
    302   198     1208.4000   972     1182.0000     1208.4000   473182    2.23%
    322   198     1208.4000   960     1182.0000     1208.4000   476354    2.23%
    341   259     1208.4000   613     1182.0000     1208.4000   534904    2.23%
    361   264     1208.4000   609     1182.0000     1208.4000   538111    2.23%
    384   205     1208.4000   969     1182.0000     1208.4000   483084    2.23%
    410   280     1208.4000   938     1182.0000     1208.4000   595881    2.23%
Elapsed time = 4674.63 sec. (336858.21 ticks, tree = 7.96 MB, solutions = 48)
    441   271     1208.4000   869     1182.0000     1208.4000   563812    2.23%
    464   285     1208.4000   951     1182.0000     1208.4000   597501    2.23%
    478   274     1208.4000   870     1182.0000     1208.4000   566294    2.23%
    499   305     1208.4000   805     1182.0000     1208.4000   666829    2.23%
    522   293     1208.4000   845     1182.0000     1208.4000   600368    2.23%
    543   341     1208.4000   755     1182.0000     1208.4000   760216    2.23%
    573   381     1208.4000   516     1182.0000     1208.4000   794644    2.23%
    598   291     1208.4000   985     1182.0000     1208.4000   637211    2.23%
    627   500     1208.4000   734     1182.0000     1208.4000   901584    2.23%
    656   504     1208.4000   744     1182.0000     1208.4000   903067    2.23%
Elapsed time = 4846.21 sec. (346605.27 ticks, tree = 15.15 MB, solutions = 56)
    687   400    infeasible           1182.0000     1208.4000   797971    2.23%
    712   408     1208.4000   734     1182.0000     1208.4000   852729    2.23%
    746   550     1208.4000   785     1182.0000     1208.4000   934004    2.23%
    780   572     1208.4000   767     1182.0000     1208.4000   939097    2.23%
    820   633     1208.4000   445     1182.0000     1208.4000   955539    2.23%
    858   639     1208.4000   470     1182.0000     1208.4000   957044    2.23%
    899   595     1208.4000   838     1182.0000     1208.4000   948438    2.23%
    927   482     1208.4000   740     1182.0000     1208.4000   892809    2.23%
    967   661     1208.4000   605     1182.0000     1208.4000   965017    2.23%
   1007   777     1208.4000   654     1182.0000     1208.4000  1021076    2.23%
Elapsed time = 5014.83 sec. (356390.40 ticks, tree = 39.55 MB, solutions = 56)
   1048   749     1208.4000   885     1182.0000     1208.4000  1008711    2.23%
   1093   597     1208.4000   637     1182.0000     1208.4000   951593    2.23%
   1136   610     1208.4000   785     1182.0000     1208.4000   954277    2.23%
   1176   789    infeasible           1182.0000     1208.4000  1025824    2.23%
   1221   999     1208.4000   796     1182.0000     1208.4000  1118009    2.23%
   1268   705     1208.4000   725     1182.0000     1208.4000   989186    2.23%
   1317   799     1208.4000   648     1182.0000     1208.4000  1030853    2.23%
   1363   724     1208.4000   815     1182.0000     1208.4000  1000137    2.23%
   1414   808     1208.4000   592     1182.0000     1208.4000  1034408    2.23%
   1476  1010     1208.4000  1045     1182.0000     1208.4000  1126343    2.23%
Elapsed time = 5172.51 sec. (366188.16 ticks, tree = 73.91 MB, solutions = 59)
   1522  1068     1208.4000   705     1182.0000     1208.4000  1154982    2.23%
   1569   898     1208.4000   767     1182.0000     1208.4000  1075295    2.23%
   1620  1001     1208.4000   630     1182.0000     1208.4000  1117575    2.23%
   1673  1033     1208.4000   707     1182.0000     1208.4000  1133356    2.23%
   1713  1220     1208.4000   659     1182.0000     1208.4000  1227738    2.23%
   1746  1152     1208.4000   564     1182.0000     1208.4000  1201266    2.23%
   1785  1227     1208.4000   615     1182.0000     1208.4000  1229813    2.23%
   1830  1158     1208.4000   537     1182.0000     1208.4000  1203084    2.23%
   1875  1237     1208.4000   654     1182.0000     1208.4000  1232675    2.23%
   2088  1608     1208.4000   562     1182.0000     1208.4000  1403450    2.23%
Elapsed time = 5372.85 sec. (378743.34 ticks, tree = 166.92 MB, solutions = 59)
   2324  1885     1208.4000   557     1182.0000     1208.4000  1524135    2.23%
   2605  1732     1208.4000   742     1182.0000     1208.4000  1467345    2.23%
   2857  1764     1208.4000   726     1182.0000     1208.4000  1478377    2.23%
   3021  2197     1208.4000   802     1182.0000     1208.4000  1660442    2.23%
   3208  2601     1208.4000   652     1182.0000     1208.4000  1819902    2.23%
   3381  2371     1208.4000   590     1182.0000     1208.4000  1738543    2.23%
   3607  2482    infeasible           1182.0000     1208.4000  1767007    2.23%
   3847  3094     1208.4000   613     1182.0000     1208.4000  2012880    2.23%
   4103  2743     1208.4000   526     1182.0000     1208.4000  1869133    2.23%
   4426  3427     1208.4000   595     1182.0000     1208.4000  2144737    2.23%
Elapsed time = 6019.82 sec. (417091.16 ticks, tree = 604.29 MB, solutions = 61)
   4733  3804     1208.4000   687     1182.0000     1208.4000  2298608    2.23%
   5060  3847     1208.4000   569     1182.0000     1208.4000  2315487    2.23%
*  5345+ 4306                         1186.0000     1208.4000             1.89%
   5363  3816     1201.9649   268     1186.0000     1208.4000  2324922    1.89%
Exception raised in listener 'MipGapPrinter': 'int' object is not callable, id=42
   5594  4065     1208.4000   675     1186.0000     1208.4000  2420778    1.89%
   5912  4842     1208.4000   459     1186.0000     1208.4000  2764482    1.89%
   6240  4812     1208.4000   445     1186.0000     1208.4000  2748984    1.89%
   6553  4998    infeasible           1186.0000     1208.4000  2834009    1.89%
   6888  5416     1208.4000   375     1186.0000     1208.4000  3017994    1.89%
   7252  6041     1208.4000   434     1186.0000     1208.4000  3291507    1.89%
   7634  5572     1208.4000   409     1186.0000     1208.4000  3076163    1.89%
Elapsed time = 6886.50 sec. (455331.58 ticks, tree = 1137.93 MB, solutions = 63)
   8047  6192     1207.4444   511     1186.0000     1208.4000  3367698    1.89%
   8460  6348     1208.2000   317     1186.0000     1208.4000  3453771    1.89%
   8864  6323     1207.6833   334     1186.0000     1208.4000  3423981    1.89%
   9294  6842    infeasible           1186.0000     1208.4000  3725363    1.89%
   9756  7584     1208.2000   350     1186.0000     1208.4000  4041210    1.89%
*  9994+ 4534                         1188.0000     1208.4000             1.72%
  10207  7884     1208.4000   420     1188.0000     1208.4000  4166565    1.72%
  10651  8513     1206.9667   197     1188.0000     1208.4000  4554569    1.72%
  11073  8262     1208.4000   274     1188.0000     1208.4000  4407166    1.72%
  11503  8462     1207.4000   212     1188.0000     1208.4000  4555430    1.72%
  11908  9487     1208.2000   354     1188.0000     1208.4000  5185666    1.72%
Elapsed time = 8034.85 sec. (493634.96 ticks, tree = 1958.93 MB, solutions = 64)
  12239  8974     1208.4000   352     1188.0000     1208.4000  4839205    1.72%
  12482  9316     1208.4000   324     1188.0000     1208.4000  5053532    1.72%
  12570  9667     1208.4000   488     1188.0000     1208.4000  5300908    1.72%

GUB cover cuts applied:  47
Clique cuts applied:  27
Cover cuts applied:  162
Implied bound cuts applied:  2454
Flow cuts applied:  84
Mixed integer rounding cuts applied:  525
Zero-half cuts applied:  165
Lift and project cuts applied:  1
Gomory fractional cuts applied:  39

Root node processing (before b&c):
  Real time             = 1340.97 sec. (182524.08 ticks)
Parallel b&c, 24 threads:
  Real time             = 13059.84 sec. (709145.71 ticks)
  Sync time (average)   = 3058.57 sec.
  Wait time (average)   =    0.00 sec.
                          ------------
Total (root+branch&cut) = 14400.81 sec. (891669.79 ticks)
status  = time limit exceeded
time    = 14402 s.
problem = MILP
gap     = 1.27946%

Objective value: 1188.0
[50, 200, 8, 10, 400, 382, 1188, 1203, 1.28, 14402.01]
number of spatial :  1073
Heuristic Solution information :  [50, 200, 8, 10, 400, 359, 1089, 16, 1073]
