CPXPARAM_Read_DataCheck                          1
CPXPARAM_TimeLimit                               14400
Tried aggregator 2 times.
MIP Presolve eliminated 25025 rows and 84905 columns.
MIP Presolve modified 1431 coefficients.
Aggregator did 1216 substitutions.
Reduced MIP has 157261 rows, 60919 columns, and 609658 nonzeros.
Reduced MIP has 58419 binaries, 0 generals, 0 SOSs, and 0 indicators.
Presolve time = 0.55 sec. (2335.97 ticks)
Probing time = 0.59 sec. (13.91 ticks)
Tried aggregator 1 time.
MIP Presolve eliminated 73500 rows and 1500 columns.
Reduced MIP has 83761 rows, 59419 columns, and 462658 nonzeros.
Reduced MIP has 58419 binaries, 0 generals, 0 SOSs, and 0 indicators.
Presolve time = 0.36 sec. (551.68 ticks)
Probing time = 0.31 sec. (13.28 ticks)
Clique table members: 31840.
MIP emphasis: balance optimality and feasibility.
MIP search method: dynamic search.
Parallel mode: deterministic, using up to 24 threads.
Root relaxation solution time = 3.10 sec. (2658.44 ticks)

        Nodes                                         Cuts/
   Node  Left     Objective  IInf  Best Integer    Best Bound    ItCnt     Gap

*     0+    0                          184.0000     1224.0000           565.22%
      0     0      536.0000   783      184.0000      536.0000    34923  191.30%
Exception raised in listener 'MipGapPrinter': 'int' object is not callable, id=1
*     0+    0                          346.0000      536.0000            54.91%
Exception raised in listener 'MipGapPrinter': 'int' object is not callable, id=3
      0     0      462.3333   685      346.0000     Cuts: 812    52352   33.62%
      0     0      452.6000   823      346.0000     Cuts: 428    68754   30.81%
      0     0      450.9500   840      346.0000     Cuts: 381    90358   30.33%
*     0+    0                          408.0000      450.9500            10.53%
*     0+    0                          417.0000      450.9500             8.14%
*     0+    0                          420.0000      450.9500             7.37%
Exception raised in listener 'MipGapPrinter': 'int' object is not callable, id=9
      0     0      449.0000   849      420.0000     Cuts: 654   110169    6.90%
      0     0      445.0000   918      420.0000     Cuts: 308   122624    5.95%
      0     0      445.0000  1145      420.0000     Cuts: 324   137366    5.95%
*     0+    0                          435.0000      445.0000             2.30%
*     0+    0                          436.0000      445.0000             2.06%
*     0+    0                          437.0000      445.0000             1.83%
Exception raised in listener 'MipGapPrinter': 'int' object is not callable, id=16
      0     0      445.0000   708      437.0000      Cuts: 41   147630    1.83%
      0     0      445.0000   716      437.0000     Cuts: 261   159503    1.83%
Heuristic still looking.
*     0+    0                          439.0000      445.0000             1.37%
Exception raised in listener 'MipGapPrinter': 'int' object is not callable, id=21
      0     2      445.0000   354      439.0000      445.0000   159503    1.37%
Elapsed time = 362.76 sec. (209371.27 ticks, tree = 0.02 MB, solutions = 9)
      1     3      445.0000   414      439.0000      445.0000   160761    1.37%
      2     4      445.0000   403      439.0000      445.0000   161415    1.37%
      3     5      445.0000   378      439.0000      445.0000   162014    1.37%
      4     6      445.0000   361      439.0000      445.0000   163233    1.37%
      6     8      445.0000   374      439.0000      445.0000   164173    1.37%
      7     9      445.0000   323      439.0000      445.0000   166112    1.37%
      8    10      445.0000   331      439.0000      445.0000   167078    1.37%
     10    12      445.0000   328      439.0000      445.0000   167727    1.37%
     12    14      445.0000   338      439.0000      445.0000   169183    1.37%
     14     9      445.0000   380      439.0000      445.0000   164483    1.37%
Elapsed time = 396.43 sec. (216839.44 ticks, tree = 0.02 MB, solutions = 9)
     18    18      445.0000   374      439.0000      445.0000   172377    1.37%
     28    26    infeasible            439.0000      445.0000   177399    1.37%
     34    33      445.0000   393      439.0000      445.0000   179829    1.37%
     49    36      445.0000   382      439.0000      445.0000   181296    1.37%
     85    55      445.0000   293      439.0000      445.0000   190175    1.37%
    140    62      445.0000   285      439.0000      445.0000   195592    1.37%
    217   126      445.0000   385      439.0000      445.0000   232993    1.37%
    304   200      445.0000   280      439.0000      445.0000   282527    1.37%
    385   224      445.0000   323      439.0000      445.0000   303188    1.37%
    484   259      445.0000   207      439.0000      445.0000   332738    1.37%
Elapsed time = 514.00 sec. (226861.45 ticks, tree = 3.70 MB, solutions = 9)
    583   350      445.0000   222      439.0000      445.0000   402560    1.37%
    691   407      443.2750   231      439.0000      445.0000   450546    1.37%
    793   457    infeasible            439.0000      445.0000   494009    1.37%
    884   496      445.0000   227      439.0000      445.0000   531276    1.37%
   1012   532    infeasible            439.0000      445.0000   567389    1.37%
   1165   637      444.7292   221      439.0000      445.0000   659730    1.37%
   1318   669      445.0000   243      439.0000      445.0000   695216    1.37%
   1473   774    infeasible            439.0000      445.0000   841530    1.37%
   1662   832      445.0000   268      439.0000      445.0000   869225    1.37%
   1840   926      442.1071   196      439.0000      445.0000   966095    1.37%
Elapsed time = 578.10 sec. (236458.55 ticks, tree = 13.71 MB, solutions = 9)
   2030   987      445.0000   270      439.0000      445.0000  1000788    1.37%
   2172  1053      442.3958   219      439.0000      445.0000  1078714    1.37%
   2314  1190    infeasible            439.0000      445.0000  1188672    1.37%
   2417  1169      445.0000   298      439.0000      445.0000  1144418    1.37%
   2546  1328    infeasible            439.0000      445.0000  1314326    1.37%
*  2604+   22                          440.0000      445.0000             1.14%
   2710  1289      441.7500   167      440.0000      445.0000  1276944    1.14%
   2913  1382      442.8187   171      440.0000      445.0000  1341029    1.14%
   3111  1411      442.4167   138      440.0000      445.0000  1361375    1.14%
   3309  1613      441.7292   210      440.0000      445.0000  1537354    1.14%
   3458  1697      445.0000   224      440.0000      445.0000  1611469    1.14%
Elapsed time = 647.39 sec. (246080.80 ticks, tree = 38.17 MB, solutions = 10)
Exception raised in listener 'MipGapPrinter': 'int' object is not callable, id=50
   3616  1819    infeasible            440.0000      445.0000  1734833    1.14%
   3813  1866      443.5000   222      440.0000      445.0000  1774939    1.14%
   3973  1949      441.6875   164      440.0000      445.0000  1816857    1.14%
   4129  2025    infeasible            440.0000      445.0000  1866407    1.14%
   4286  2177      445.0000   209      440.0000      445.0000  2006380    1.14%
   4396  2072      445.0000   199      440.0000      445.0000  1889654    1.14%
   4494  2203    infeasible            440.0000      445.0000  2050512    1.14%
   4600  2189      444.6000   175      440.0000      445.0000  2040123    1.14%
   4697  2409      444.0313   180      440.0000      445.0000  2253253    1.14%
   4814  2472      445.0000   199      440.0000      445.0000  2335821    1.14%
Elapsed time = 716.59 sec. (255698.53 ticks, tree = 60.98 MB, solutions = 10)
   4950  2564      445.0000   238      440.0000      445.0000  2486672    1.14%
   5093  2668      441.5000   212      440.0000      445.0000  2671366    1.14%
   5288  2698    infeasible            440.0000      445.0000  2744769    1.14%
   5446  2715      443.5833   156      440.0000      445.0000  2759249    1.14%
   5630  2765      441.0000   165      440.0000      445.0000  2833923    1.14%
   5813  3049      441.2500   152      440.0000      445.0000  3112705    1.14%
   5955  3183      441.9375   164      440.0000      445.0000  3240032    1.14%
   6126  3124      444.8438   227      440.0000      445.0000  3186275    1.14%
   6253  3192        cutoff            440.0000      445.0000  3250786    1.14%
   6377  3411      443.0000   182      440.0000      445.0000  3461541    1.14%
Elapsed time = 787.83 sec. (265308.58 ticks, tree = 89.26 MB, solutions = 10)
   6522  3397      445.0000   244      440.0000      445.0000  3436349    1.14%
   6689  3473      441.0000    82      440.0000      445.0000  3488912    1.14%
   6853  3622    infeasible            440.0000      445.0000  3621326    1.14%
   6972  3900      442.5000   175      440.0000      445.0000  3843130    1.14%
   7114  3829    infeasible            440.0000      445.0000  3791614    1.14%
   7231  3693      445.0000   182      440.0000      445.0000  3688414    1.14%
   7304  4167      442.0000   287      440.0000      445.0000  4099941    1.14%
   7384  4190      442.0000   163      440.0000      445.0000  4116735    1.14%
   7496  4185      445.0000   190      440.0000      445.0000  4120262    1.14%
   7626  4292      441.7500   125      440.0000      445.0000  4220190    1.14%
Elapsed time = 858.25 sec. (274957.15 ticks, tree = 117.03 MB, solutions = 10)
   7753  4274    infeasible            440.0000      445.0000  4204296    1.14%
   7838  4367      444.7500   186      440.0000      445.0000  4262515    1.14%
   7861  4445      441.8381   191      440.0000      445.0000  4301166    1.14%
   7869  4420      445.0000   200      440.0000      445.0000  4283105    1.14%
   7871  4698      445.0000   316      440.0000      445.0000  4660839    1.14%
   7872  4699      445.0000   452      440.0000      445.0000  4669683    1.14%
   7873  4699      445.0000   613      440.0000      445.0000  4679554    1.14%
   7874  4700      445.0000   659      440.0000      445.0000  4690019    1.14%
   7875  4701      445.0000   666      440.0000      445.0000  4700056    1.14%
   7877  3138      445.0000   497      440.0000      445.0000  4700839    1.14%
Elapsed time = 1511.00 sec. (597267.61 ticks, tree = 97.18 MB, solutions = 10)
   7878  2745      445.0000   666      440.0000      445.0000  4700074    1.14%
   7880  2748      445.0000   491      440.0000      445.0000  4701060    1.14%
   7882  2499      445.0000   459      440.0000      445.0000  4701272    1.14%
   7883  2500      445.0000   668      440.0000      445.0000  4701632    1.14%
   7884  2501      445.0000   410      440.0000      445.0000  4702339    1.14%
   7886   548      445.0000   457      440.0000      445.0000  4702793    1.14%
   7887   549      445.0000   441      440.0000      445.0000  4715375    1.14%
   7889   550      445.0000   390      440.0000      445.0000  4715669    1.14%
   7892   418      445.0000   371      440.0000      445.0000  4717027    1.14%
   7896   317      445.0000   338      440.0000      445.0000  4719956    1.14%
Elapsed time = 1630.56 sec. (613923.92 ticks, tree = 9.04 MB, solutions = 10)
   7901   105      445.0000   352      440.0000      445.0000  4720970    1.14%
   7904   105      445.0000   416      440.0000      445.0000  4722414    1.14%
   7909    51      445.0000   355      440.0000      445.0000  4723785    1.14%
   7917    35      445.0000   281      440.0000      445.0000  4724365    1.14%
   7924    34      445.0000   422      440.0000      445.0000  4726101    1.14%
   7931    34      445.0000   440      440.0000      445.0000  4724814    1.14%
   7943    40      445.0000   412      440.0000      445.0000  4727403    1.14%
   7954    58      445.0000   549      440.0000      445.0000  4740090    1.14%
   7970    57    infeasible            440.0000      445.0000  4738610    1.14%
   8044    77      444.5000   327      440.0000      445.0000  4754830    1.14%
Elapsed time = 1742.89 sec. (627371.29 ticks, tree = 0.97 MB, solutions = 10)
   8151   155      442.5000   281      440.0000      445.0000  4791067    1.14%
   8271   246      445.0000   305      440.0000      445.0000  4823121    1.14%
   8397   324      443.5000   366      440.0000      445.0000  4858447    1.14%
   8501   482      442.5000   276      440.0000      445.0000  4939116    1.14%
   8624   520      443.0000   271      440.0000      445.0000  5000302    1.14%
   8768   637      443.0000   421      440.0000      445.0000  5122626    1.14%
   8921   755      445.0000   431      440.0000      445.0000  5211089    1.14%
   9128   852      444.0000   309      440.0000      445.0000  5278801    1.14%
   9391   878      443.0000   343      440.0000      445.0000  5294184    1.14%
   9685  1256    infeasible            440.0000      445.0000  5580296    1.14%
Elapsed time = 2026.63 sec. (665709.57 ticks, tree = 23.38 MB, solutions = 10)
   9965  1339      444.0000   399      440.0000      445.0000  5637178    1.14%
  10260  1361    infeasible            440.0000      445.0000  5652559    1.14%
  10522  1690      442.5000   233      440.0000      445.0000  5944950    1.14%
  10685  1787      443.0000   260      440.0000      445.0000  6053246    1.14%
  10810  1945      445.0000   339      440.0000      445.0000  6238827    1.14%
  10938  2059      444.0000   338      440.0000      445.0000  6395437    1.14%
  11090  2025      444.0000   268      440.0000      445.0000  6354508    1.14%
  11250  2084      444.8125   306      440.0000      445.0000  6439257    1.14%
  11418  2269      441.9808   243      440.0000      445.0000  6592416    1.14%
  11593  2378      445.0000   337      440.0000      445.0000  6666241    1.14%
Elapsed time = 2292.53 sec. (704167.30 ticks, tree = 52.43 MB, solutions = 10)
  11754  2640      444.0000   258      440.0000      445.0000  6868767    1.14%
  11976  2723      445.0000   333      440.0000      445.0000  6893412    1.14%
  12327  2845      444.8955   231      440.0000      445.0000  6977089    1.14%
  12751  2837    infeasible            440.0000      445.0000  6972670    1.14%
  13079  3038      445.0000   319      440.0000      445.0000  7062406    1.14%
  13337  2877      445.0000   446      440.0000      445.0000  6997945    1.14%
  13527  3783      445.0000   334      440.0000      445.0000  7499230    1.14%
  13776  4195      441.1250   238      440.0000      445.0000  7749438    1.14%
  13985  4107      442.4343   290      440.0000      445.0000  7674570    1.14%
  14188  4475      445.0000   255      440.0000      445.0000  7918803    1.14%
Elapsed time = 2540.80 sec. (742433.71 ticks, tree = 109.72 MB, solutions = 10)
  14433  4454      441.0833   269      440.0000      445.0000  7895047    1.14%
  14664  4617      444.7500   297      440.0000      445.0000  8043348    1.14%
  14932  4924      442.0000   159      440.0000      445.0000  8255994    1.14%
  15123  5192      445.0000   219      440.0000      445.0000  8485653    1.14%
  15272  5310      445.0000   208      440.0000      445.0000  8612409    1.14%
  15372  5282      444.2500   241      440.0000      445.0000  8607893    1.14%
  15534  5490      445.0000   208      440.0000      445.0000  8834961    1.14%
  15759  5610      441.4746   284      440.0000      445.0000  8973415    1.14%
  15975  5983      445.0000   185      440.0000      445.0000  9182834    1.14%
  16234  5892      445.0000   198      440.0000      445.0000  9120269    1.14%
Elapsed time = 2870.77 sec. (780750.72 ticks, tree = 149.77 MB, solutions = 10)
  16470  6074      445.0000   188      440.0000      445.0000  9223011    1.14%
  16727  6310      445.0000   235      440.0000      445.0000  9472122    1.14%
  16982  6380      443.7353   174      440.0000      445.0000  9563300    1.14%
  17190  6696      443.0000   164      440.0000      445.0000  9893380    1.14%
* 17357+ 6898                          441.0000      445.0000             0.91%
Exception raised in listener 'MipGapPrinter': 'int' object is not callable, id=98
  17411  6945      444.0417   217      441.0000      445.0000 10183728    0.91%
  17655  6791      445.0000   292      441.0000      445.0000 10359178    0.91%
  17922  6816      444.8125   176      441.0000      445.0000 10479573    0.91%
  18115  6964      444.6194   208      441.0000      445.0000 10647278    0.91%
  18294  7072      444.0000   208      441.0000      445.0000 10798715    0.91%
  18444  7527      443.4000   211      441.0000      445.0000 11411016    0.91%
Elapsed time = 3356.42 sec. (819029.43 ticks, tree = 196.67 MB, solutions = 11)
  18632  7616    infeasible            441.0000      445.0000 11554341    0.91%
  18823  7676      445.0000   199      441.0000      445.0000 11708035    0.91%
  18949  7852      445.0000   315      441.0000      445.0000 11997001    0.91%
  19053  7983      445.0000   222      441.0000      445.0000 12339234    0.91%
  19136  7988      444.7500   190      441.0000      445.0000 12336797    0.91%
  19268  8223    infeasible            441.0000      445.0000 12741241    0.91%
  19432  8273      442.2500   205      441.0000      445.0000 12836475    0.91%
  19594  8345      444.6776   224      441.0000      445.0000 12923951    0.91%
  19777  8513      445.0000   220      441.0000      445.0000 13231616    0.91%
  19977  8612      442.3636   210      441.0000      445.0000 13330270    0.91%
Elapsed time = 3876.32 sec. (857474.18 ticks, tree = 237.46 MB, solutions = 11)
  20144  8617      444.3750   187      441.0000      445.0000 13348931    0.91%
  20325  8928      445.0000   358      441.0000      445.0000 13747136    0.91%
  20487  8829      444.4744   210      441.0000      445.0000 13639873    0.91%
  20634  8951      444.5088   202      441.0000      445.0000 13817795    0.91%
  20754  9196      442.5000   299      441.0000      445.0000 14256140    0.91%
  20889  9224      442.5000   186      441.0000      445.0000 14302802    0.91%
  20997  9590      445.0000   352      441.0000      445.0000 15005155    0.91%
  21104  9594      445.0000   325      441.0000      445.0000 15007927    0.91%
  21215  9554      444.9750   224      441.0000      445.0000 14998108    0.91%
  21312  9747      444.2222   172      441.0000      445.0000 15595385    0.91%
Elapsed time = 4270.39 sec. (895974.47 ticks, tree = 497.41 MB, solutions = 11)
  21450  9778      443.8833   233      441.0000      445.0000 15683309    0.91%
  21582  9850      442.5500   241      441.0000      445.0000 15892742    0.91%
  21706  9952      442.5000   311      441.0000      445.0000 16178483    0.91%
  21817  9921    infeasible            441.0000      445.0000 16097655    0.91%
  21903 10033      445.0000   253      441.0000      445.0000 16487573    0.91%
  21984 10052      444.0000   230      441.0000      445.0000 16525565    0.91%
  22085 10250      444.5833   175      441.0000      445.0000 16997891    0.91%
  22200 10263      443.2767   234      441.0000      445.0000 17045895    0.91%
  22282 10305      444.0000   239      441.0000      445.0000 17137661    0.91%
  22359 10430      444.0000   160      441.0000      445.0000 17376257    0.91%
Elapsed time = 4682.76 sec. (934418.84 ticks, tree = 887.04 MB, solutions = 11)
  22457 10512      444.8842   271      441.0000      445.0000 17578067    0.91%
  22516 10461    infeasible            441.0000      445.0000 17486559    0.91%
  22580 10569      443.0000   184      441.0000      445.0000 17662430    0.91%
  22677 10554      442.8707   343      441.0000      445.0000 17653787    0.91%
  22746 10570      445.0000   231      441.0000      445.0000 17702321    0.91%
  22822 10637      444.0000   271      441.0000      445.0000 17944800    0.91%
  22881 10769      444.4271   237      441.0000      445.0000 18349643    0.91%
  22944 10758      442.4861   282      441.0000      445.0000 18339531    0.91%
  23000 10761      444.7222   253      441.0000      445.0000 18412702    0.91%
  23075 10871      445.0000   301      441.0000      445.0000 18660470    0.91%
Elapsed time = 4974.39 sec. (972990.22 ticks, tree = 1118.85 MB, solutions = 11)
  23152 10898      443.6667   228      441.0000      445.0000 18716716    0.91%
  23219 11047      444.7022   264      441.0000      445.0000 19211130    0.91%
  23299 11089      443.3750   193      441.0000      445.0000 19311670    0.91%
  23356 11143      442.3333   215      441.0000      445.0000 19490562    0.91%
  23444 11101      444.8188   253      441.0000      445.0000 19360437    0.91%
  23512 11145      444.3250   184      441.0000      445.0000 19532001    0.91%
  23585 11254      443.9000   263      441.0000      445.0000 20008221    0.91%
  23666 11297      443.9675   193      441.0000      445.0000 20201514    0.91%
  23735 11324      444.2833   294      441.0000      445.0000 20345940    0.91%
  23821 11372      445.0000   276      441.0000      445.0000 20621495    0.91%
Elapsed time = 5318.70 sec. (1011590.38 ticks, tree = 1260.60 MB, solutions = 11)
  23920 11474      445.0000   274      441.0000      445.0000 20950269    0.91%
  24011 11399      442.0000    67      441.0000      445.0000 20605720    0.91%
  24088 11484      445.0000   326      441.0000      445.0000 20953016    0.91%
  24148 11553      444.9249   312      441.0000      445.0000 21148595    0.91%
  24207 11522      444.6667   190      441.0000      445.0000 21097998    0.91%
  24288 11777      444.1136   160      441.0000      445.0000 21633457    0.91%
  24379 11660      442.0000   123      441.0000      445.0000 21346937    0.91%
  24446 11709      444.5952   190      441.0000      445.0000 21455052    0.91%
  24534 11788        cutoff            441.0000      445.0000 21686253    0.91%
  24611 11872      443.6250   122      441.0000      445.0000 21972192    0.91%
Elapsed time = 5705.44 sec. (1050183.68 ticks, tree = 1280.78 MB, solutions = 11)
  24710 11990      444.0000   194      441.0000      445.0000 22414397    0.91%
  24819 11974      444.7000   222      441.0000      445.0000 22334377    0.91%
  24925 11983      443.8000   226      441.0000      445.0000 22344666    0.91%
  25007 12170      444.1346   200      441.0000      445.0000 23016216    0.91%
  25126 12158      442.0000    16      441.0000      445.0000 22888135    0.91%
* 25131 12141      integral     0      442.0000      445.0000 22888182    0.68%
  25250 12178      443.0000   191      442.0000      445.0000 23043618    0.68%
  25306 11059      445.0000   323      442.0000      445.0000 23415174    0.68%
  25367 11066      445.0000   337      442.0000      445.0000 23420389    0.68%
Exception raised in listener 'MipGapPrinter': 'int' object is not callable, id=119
  25438 11075      445.0000   327      442.0000      445.0000 23421612    0.68%
  25478 11191      444.9760   212      442.0000      445.0000 24105151    0.68%
Elapsed time = 6057.03 sec. (1088907.58 ticks, tree = 1167.88 MB, solutions = 12)
* 25526+11283                          443.0000      445.0000             0.45%
  25585 11231      443.0000   219      443.0000      445.0000 24231132    0.45%
  25707 11267      445.0000   352      443.0000      445.0000 24278189    0.45%
Exception raised in listener 'MipGapPrinter': 'int' object is not callable, id=120
  25753 11240      444.8500   192      443.0000      445.0000 24263352    0.45%
  25827  8733      444.3889   176      443.0000      445.0000 24681470    0.45%
  25893  8774      445.0000   310      443.0000      445.0000 24805833    0.45%
  25947  8782      444.9465   330      443.0000      445.0000 24787995    0.45%
  26006  8845      444.9141   232      443.0000      445.0000 25112387    0.45%
  26050  8839      444.0000   224      443.0000      445.0000 25024584    0.45%
* 26079+ 8779                          444.0000      445.0000             0.23%
  26100  8863      444.9782   306      444.0000      445.0000 25171357    0.23%
Exception raised in listener 'MipGapPrinter': 'int' object is not callable, id=121
  26150  8879      444.1667   200      444.0000      445.0000 25358506    0.23%
Elapsed time = 6553.77 sec. (1127614.94 ticks, tree = 846.75 MB, solutions = 14)
  26175  3898      445.0000   408      444.0000      445.0000 25634362    0.23%
  26208  3881      445.0000   280      444.0000      445.0000 25447569    0.23%
  26247  3874      445.0000   305      444.0000      445.0000 25551265    0.23%
  26280  3892        cutoff            444.0000      445.0000 25770693    0.23%
  26325  3911      445.0000   286      444.0000      445.0000 25873663    0.23%
  26378  3909      445.0000   313      444.0000      445.0000 25904624    0.23%
  26433  3913      445.0000   251      444.0000      445.0000 25943821    0.23%
  26484  3944      445.0000   394      444.0000      445.0000 26125820    0.23%
  26518  3942      445.0000   316      444.0000      445.0000 26233702    0.23%
  26577  4047      445.0000   337      444.0000      445.0000 26578838    0.23%
Elapsed time = 6892.67 sec. (1166367.90 ticks, tree = 243.56 MB, solutions = 14)
  26641  3983      445.0000   268      444.0000      445.0000 26308805    0.23%
  26689  4031      445.0000   332      444.0000      445.0000 26424911    0.23%
  26771  4049      445.0000   322      444.0000      445.0000 26573911    0.23%
  26834  4070      445.0000   243      444.0000      445.0000 26600881    0.23%
  26896  4121      445.0000   273      444.0000      445.0000 26872976    0.23%
  26940  4131      445.0000   319      444.0000      445.0000 27011508    0.23%
  26971  4245        cutoff            444.0000      445.0000 27241632    0.23%
  26991  4322      445.0000   313      444.0000      445.0000 27496360    0.23%
  27014  4262      445.0000   250      444.0000      445.0000 27290179    0.23%
  27045  4149      445.0000   314      444.0000      445.0000 27042466    0.23%
Elapsed time = 7234.92 sec. (1205281.52 ticks, tree = 317.97 MB, solutions = 14)
  27095  4351      445.0000   286      444.0000      445.0000 27807539    0.23%
  27151  4362      445.0000   263      444.0000      445.0000 27824160    0.23%
  27218  4353      445.0000   338      444.0000      445.0000 27842506    0.23%
  27248  4391      445.0000   375      444.0000      445.0000 27974977    0.23%
  27295  4212      445.0000   474      444.0000      445.0000 27185925    0.23%
  27336  4423      445.0000   268      444.0000      445.0000 28497842    0.23%
  27370  4383      445.0000   266      444.0000      445.0000 28034196    0.23%
  27406  4472      445.0000   281      444.0000      445.0000 28828858    0.23%
  27434  4503      445.0000   317      444.0000      445.0000 28988764    0.23%
  27467  4463    infeasible            444.0000      445.0000 28843824    0.23%
Elapsed time = 7581.24 sec. (1244261.48 ticks, tree = 514.68 MB, solutions = 14)
  27525  4547    infeasible            444.0000      445.0000 29316797    0.23%
  27564  4552    infeasible            444.0000      445.0000 29320096    0.23%
  27621  4573      445.0000   313      444.0000      445.0000 29376626    0.23%
  27680  4536      445.0000   427      444.0000      445.0000 29220070    0.23%
  27730  4535      445.0000   326      444.0000      445.0000 29249838    0.23%
  27777  4714      445.0000   291      444.0000      445.0000 29948750    0.23%
  27805  4601      445.0000   355      444.0000      445.0000 29583340    0.23%
  27839  4742      445.0000   358      444.0000      445.0000 30075889    0.23%
  27880  4763    infeasible            444.0000      445.0000 30091696    0.23%
  27924  4760      445.0000   419      444.0000      445.0000 30162264    0.23%
Elapsed time = 7915.83 sec. (1282874.93 ticks, tree = 715.07 MB, solutions = 14)
  27972  4791      445.0000   374      444.0000      445.0000 30329026    0.23%
  28026  4744      445.0000   335      444.0000      445.0000 30098344    0.23%
  28078  4621      445.0000   461      444.0000      445.0000 29769105    0.23%
  28126  4862      445.0000   313      444.0000      445.0000 30671195    0.23%
  28188  4821      445.0000   301      444.0000      445.0000 30566084    0.23%
  28227  4797        cutoff            444.0000      445.0000 30446750    0.23%
  28268  4958      445.0000   315      444.0000      445.0000 30904771    0.23%
  28298  4933      445.0000   451      444.0000      445.0000 30873172    0.23%
  28328  5014      445.0000   303      444.0000      445.0000 31185837    0.23%
  28358  4977      445.0000   307      444.0000      445.0000 30870559    0.23%
Elapsed time = 8268.83 sec. (1321798.61 ticks, tree = 878.27 MB, solutions = 14)
  28387  5022        cutoff            444.0000      445.0000 31359624    0.23%
  28406  5029      445.0000   453      444.0000      445.0000 31293574    0.23%
  28429  5033      445.0000   408      444.0000      445.0000 31332903    0.23%
  28454  4990        cutoff            444.0000      445.0000 31157124    0.23%
  28482  5027      445.0000   417      444.0000      445.0000 31421834    0.23%
  28534  5107      445.0000   321      444.0000      445.0000 31848183    0.23%
  28587  5036      445.0000   334      444.0000      445.0000 31476244    0.23%
  28641  5044      445.0000   345      444.0000      445.0000 31480682    0.23%
  28688  5046        cutoff            444.0000      445.0000 31639503    0.23%
  28740  5133      445.0000   283      444.0000      445.0000 31944213    0.23%
Elapsed time = 8624.95 sec. (1361271.75 ticks, tree = 987.28 MB, solutions = 14)
  28776  5200      445.0000   298      444.0000      445.0000 32319441    0.23%
  28815  5251      445.0000   287      444.0000      445.0000 32358692    0.23%
  28866  5258    infeasible            444.0000      445.0000 32444384    0.23%
  28908  5213      445.0000   222      444.0000      445.0000 32343479    0.23%
  28946  5328      445.0000   277      444.0000      445.0000 32577901    0.23%
  28978  5255    infeasible            444.0000      445.0000 32593492    0.23%
  29004  5434      445.0000   460      444.0000      445.0000 32814526    0.23%
  29026  5439      445.0000   323      444.0000      445.0000 32905642    0.23%
  29058  5443      445.0000   301      444.0000      445.0000 32916140    0.23%
  29084  5506      445.0000   411      444.0000      445.0000 33032899    0.23%
Elapsed time = 9012.74 sec. (1400707.27 ticks, tree = 1162.16 MB, solutions = 14)
  29110  5446      445.0000   341      444.0000      445.0000 32903652    0.23%
  29132  5519      445.0000   407      444.0000      445.0000 33210002    0.23%
  29196  5540      445.0000   342      444.0000      445.0000 33171924    0.23%
  29261  5562    infeasible            444.0000      445.0000 33733194    0.23%
  29308  5555      445.0000   309      444.0000      445.0000 33509386    0.23%
  29346  5546      445.0000   302      444.0000      445.0000 33411937    0.23%
  29403  5759      445.0000   296      444.0000      445.0000 33998345    0.23%
  29468  5653      445.0000   331      444.0000      445.0000 33823883    0.23%
  29522  5710      445.0000   309      444.0000      445.0000 33940810    0.23%
  29565  5763      445.0000   279      444.0000      445.0000 33957171    0.23%
Elapsed time = 9356.47 sec. (1439313.99 ticks, tree = 1174.08 MB, solutions = 14)
  29640  5771      445.0000   243      444.0000      445.0000 33962480    0.23%
  29742  5773      445.0000   279      444.0000      445.0000 34382336    0.23%
  29821  6017      445.0000   319      444.0000      445.0000 34872922    0.23%
  29858  5813      445.0000   291      444.0000      445.0000 34419348    0.23%
  29906  5813    infeasible            444.0000      445.0000 34599868    0.23%
  29970  6032      445.0000   323      444.0000      445.0000 34882266    0.23%
  30018  5914      445.0000   304      444.0000      445.0000 34836743    0.23%
  30069  6137      445.0000   384      444.0000      445.0000 35217006    0.23%
  30126  6096      445.0000   353      444.0000      445.0000 35120777    0.23%
  30173  6186      445.0000   281      444.0000      445.0000 35640839    0.23%
Elapsed time = 9696.21 sec. (1477954.33 ticks, tree = 1207.31 MB, solutions = 14)
  30227  6190      445.0000   370      444.0000      445.0000 35366904    0.23%
  30286  6185    infeasible            444.0000      445.0000 35658518    0.23%
  30316  6302    infeasible            444.0000      445.0000 35890100    0.23%
  30346  6228      445.0000   306      444.0000      445.0000 35575015    0.23%
  30356  6355        cutoff            444.0000      445.0000 36008275    0.23%
  30377  6400      445.0000   419      444.0000      445.0000 36126200    0.23%
  30395  6502      445.0000   369      444.0000      445.0000 36297704    0.23%
  30409  6415      445.0000   339      444.0000      445.0000 36169184    0.23%
  30448  6408      445.0000   330      444.0000      445.0000 36134988    0.23%
  30494  6526      445.0000   425      444.0000      445.0000 36588930    0.23%
Elapsed time = 10087.57 sec. (1517875.46 ticks, tree = 1409.24 MB, solutions = 14)
  30548  6445      445.0000   421      444.0000      445.0000 36240224    0.23%
  30615  6616      445.0000   219      444.0000      445.0000 37209207    0.23%
  30697  6543      445.0000   290      444.0000      445.0000 36723869    0.23%
  30757  6641      445.0000   352      444.0000      445.0000 37398483    0.23%
  30802  6554      445.0000   380      444.0000      445.0000 36876437    0.23%
  30846  6652      445.0000   302      444.0000      445.0000 37403353    0.23%
  30898  6624      445.0000   347      444.0000      445.0000 37186402    0.23%
  30950  6638      445.0000   426      444.0000      445.0000 37257369    0.23%
  31012  6777      445.0000   340      444.0000      445.0000 38026846    0.23%
  31083  6677      445.0000   320      444.0000      445.0000 37692671    0.23%
Elapsed time = 10499.71 sec. (1556503.21 ticks, tree = 1517.68 MB, solutions = 14)
  31154  6699      445.0000   355      444.0000      445.0000 37571638    0.23%
  31219  6710      445.0000   397      444.0000      445.0000 37717307    0.23%
  31271  6715      445.0000   349      444.0000      445.0000 37573521    0.23%
  31316  6799      445.0000   329      444.0000      445.0000 38032477    0.23%
  31358  6975      445.0000   316      444.0000      445.0000 38479260    0.23%
  31413  6882    infeasible            444.0000      445.0000 38383235    0.23%
  31462  7026      445.0000   351      444.0000      445.0000 38485975    0.23%
  31527  6949      445.0000   318      444.0000      445.0000 38442428    0.23%
  31581  7178      445.0000   301      444.0000      445.0000 39142219    0.23%
  31632  7112      445.0000   251      444.0000      445.0000 38672729    0.23%
Elapsed time = 11015.69 sec. (1595207.53 ticks, tree = 1794.34 MB, solutions = 14)
  31683  7053      445.0000   441      444.0000      445.0000 38490145    0.23%
  31733  7134      445.0000   300      444.0000      445.0000 38658354    0.23%
  31820  7323    infeasible            444.0000      445.0000 39448987    0.23%
  31903  7220      445.0000   402      444.0000      445.0000 39361152    0.23%
  31968  7197      445.0000   331      444.0000      445.0000 39184191    0.23%
  32014  7321      445.0000   309      444.0000      445.0000 39434110    0.23%
  32051  7494      445.0000   336      444.0000      445.0000 39871264    0.23%
  32111  7476      445.0000   249      444.0000      445.0000 39653008    0.23%
  32161  7346      445.0000   337      444.0000      445.0000 39555085    0.23%
  32224  7593      445.0000   382      444.0000      445.0000 40001417    0.23%
Elapsed time = 11592.45 sec. (1633678.22 ticks, tree = 2090.10 MB, solutions = 14)
Nodefile size = 27.15 MB (14.45 MB after compression)
  32285  7613      445.0000   390      444.0000      445.0000 40093955    0.23%
  32349  7665      445.0000   279      444.0000      445.0000 40210131    0.23%
  32386  7655      445.0000   415      444.0000      445.0000 40149851    0.23%
  32431  7476      445.0000   306      444.0000      445.0000 39848064    0.23%
  32465  7829      445.0000   269      444.0000      445.0000 40454416    0.23%
  32522  7646        cutoff            444.0000      445.0000 40252136    0.23%
  32577  7734      445.0000   434      444.0000      445.0000 40359894    0.23%
  32623  7849      445.0000   466      444.0000      445.0000 40682668    0.23%
  32670  7911      445.0000   371      444.0000      445.0000 40886614    0.23%
  32725  7839      445.0000   319      444.0000      445.0000 40599004    0.23%
Elapsed time = 12207.65 sec. (1672510.29 ticks, tree = 2093.43 MB, solutions = 14)
Nodefile size = 14.99 MB (5.09 MB after compression)
  32780  7848      445.0000   389      444.0000      445.0000 40611140    0.23%
  32830  7862      445.0000   390      444.0000      445.0000 40707324    0.23%
  32889  8078      445.0000   431      444.0000      445.0000 41251632    0.23%
  32939  8140      445.0000   435      444.0000      445.0000 41611554    0.23%
  33001  8194      445.0000   372      444.0000      445.0000 41740962    0.23%
  33072  8008      445.0000   255      444.0000      445.0000 41000503    0.23%
  33165  8236      445.0000   306      444.0000      445.0000 41971181    0.23%
  33258  8224      445.0000   387      444.0000      445.0000 41888858    0.23%
  33321  8075      445.0000   391      444.0000      445.0000 41179505    0.23%
  33402  8400      445.0000   373      444.0000      445.0000 42081078    0.23%
Elapsed time = 12792.49 sec. (1711169.86 ticks, tree = 2161.81 MB, solutions = 14)
Nodefile size = 59.52 MB (25.94 MB after compression)
  33491  8306      445.0000   287      444.0000      445.0000 42012366    0.23%
  33586  8366      445.0000   290      444.0000      445.0000 42043936    0.23%
  33679  8363      445.0000   340      444.0000      445.0000 42072917    0.23%
  33766  8377      445.0000   321      444.0000      445.0000 42029179    0.23%
  33857  8387      445.0000   318      444.0000      445.0000 42031543    0.23%
  33942  8477      445.0000   338      444.0000      445.0000 42248038    0.23%
  34040  8571      445.0000   227      444.0000      445.0000 42494876    0.23%
  34130  8591      445.0000   274      444.0000      445.0000 42547587    0.23%
  34204  8914      445.0000   171      444.0000      445.0000 42912936    0.23%
  34277  8923      445.0000   144      444.0000      445.0000 42925901    0.23%
Elapsed time = 13404.77 sec. (1749740.26 ticks, tree = 2166.22 MB, solutions = 14)
Nodefile size = 49.22 MB (16.77 MB after compression)
  34335  8578      445.0000   319      444.0000      445.0000 42652270    0.23%
  34409  9214      445.0000   308      444.0000      445.0000 43470166    0.23%
  34489  9138      445.0000   210      444.0000      445.0000 43267008    0.23%
  34576  9231      445.0000   234      444.0000      445.0000 43511072    0.23%
  34652  9155      445.0000   226      444.0000      445.0000 43400632    0.23%
  34740  9013    infeasible            444.0000      445.0000 43049736    0.23%
  34797  9170      445.0000   250      444.0000      445.0000 43406613    0.23%
  34871  9323      445.0000   311      444.0000      445.0000 43856320    0.23%
  34956  9275      445.0000   270      444.0000      445.0000 43725709    0.23%
  35006  9418    infeasible            444.0000      445.0000 44178772    0.23%
Elapsed time = 14080.33 sec. (1788880.60 ticks, tree = 2201.21 MB, solutions = 14)
Nodefile size = 88.85 MB (34.69 MB after compression)
  35085  9664      445.0000   390      444.0000      445.0000 44487559    0.23%
  35144  9395      445.0000   493      444.0000      445.0000 44053732    0.23%
  35231  9475      445.0000   319      444.0000      445.0000 44243761    0.23%
  35329  9579      445.0000   358      444.0000      445.0000 44312993    0.23%
  35440  9438      445.0000   252      444.0000      445.0000 44232486    0.23%
  35516  9501      445.0000   259      444.0000      445.0000 44255259    0.23%
  35593  9516      445.0000   291      444.0000      445.0000 44259657    0.23%
  35637  9583      445.0000   418      444.0000      445.0000 44292332    0.23%

GUB cover cuts applied:  194
Clique cuts applied:  11
Cover cuts applied:  443
Implied bound cuts applied:  917
Flow cuts applied:  11
Mixed integer rounding cuts applied:  124
Zero-half cuts applied:  134
Lift and project cuts applied:  7
Gomory fractional cuts applied:  79

Root node processing (before b&c):
  Real time             =  360.32 sec. (209290.38 ticks)
Parallel b&c, 24 threads:
  Real time             = 14059.52 sec. (1645865.94 ticks)
  Sync time (average)   = 3326.22 sec.
  Wait time (average)   =    0.20 sec.
                          ------------
Total (root+branch&cut) = 14419.84 sec. (1855156.32 ticks)
status  = time limit exceeded
time    = 14419.9 s.
problem = MILP
gap     = 0.225225%

Objective value: 444.0
[50, 50, 8, 10, 400, 149, 444, 444, 0.23, 14419.9]
number of spatial :  373
Heuristic Solution information :  [50, 50, 8, 10, 400, 131, 389, 16, 373]
