CPXPARAM_Read_DataCheck                          1
CPXPARAM_TimeLimit                               14400
Tried aggregator 2 times.
MIP Presolve eliminated 98848 rows and 339747 columns.
MIP Presolve modified 4521 coefficients.
Aggregator did 1216 substitutions.
Reduced MIP has 625419 rows, 241077 columns, and 2435088 nonzeros.
Reduced MIP has 231077 binaries, 0 generals, 0 SOSs, and 0 indicators.
Presolve time = 3.42 sec. (9245.52 ticks)
Probing time = 1.61 sec. (66.29 ticks)
Tried aggregator 1 time.
MIP Presolve eliminated 294000 rows and 6000 columns.
Reduced MIP has 331419 rows, 235077 columns, and 1847088 nonzeros.
Reduced MIP has 231077 binaries, 0 generals, 0 SOSs, and 0 indicators.
Presolve time = 3.41 sec. (2183.05 ticks)
Probing time = 2.01 sec. (65.96 ticks)
Clique table members: 126156.
MIP emphasis: balance optimality and feasibility.
MIP search method: dynamic search.
Parallel mode: deterministic, using up to 24 threads.
Root relaxation solution time = 38.27 sec. (8866.62 ticks)

        Nodes                                         Cuts/
   Node  Left     Objective  IInf  Best Integer    Best Bound    ItCnt     Gap

*     0+    0                          611.0000     1224.0000           100.33%
      0     0     1224.0000  1769      611.0000     1224.0000    55692  100.33%
Exception raised in listener 'MipGapPrinter': 'int' object is not callable, id=1
*     0+    0                          847.0000     1224.0000            44.51%
Exception raised in listener 'MipGapPrinter': 'int' object is not callable, id=3
      0     0     1224.0000  1643      847.0000     Cuts: 312    98175   44.51%
      0     0     1224.0000  2092      847.0000    Cuts: 1030   208812   44.51%
      0     0     1224.0000  1540      847.0000     Cuts: 128   276341   44.51%
*     0+    0                          971.0000     1224.0000            26.06%
*     0+    0                         1074.0000     1224.0000            13.97%
*     0+    0                         1137.0000     1224.0000             7.65%
*     0+    0                         1151.0000     1224.0000             6.34%
*     0+    0                         1155.0000     1224.0000             5.97%
*     0+    0                         1162.0000     1224.0000             5.34%
Exception raised in listener 'MipGapPrinter': 'int' object is not callable, id=9
      0     0     1224.0000  2031     1162.0000    Cuts: 1146   348834    5.34%
Heuristic still looking.
Heuristic still looking.
*     0+    0                         1222.0000     1224.0000             0.16%
Exception raised in listener 'MipGapPrinter': 'int' object is not callable, id=12
      0     2     1224.0000   560     1222.0000     1224.0000   348834    0.16%
Elapsed time = 10676.53 sec. (1512481.19 ticks, tree = 0.02 MB, solutions = 9)
      1     3     1224.0000   621     1222.0000     1224.0000   352952    0.16%
      2     4     1224.0000   676     1222.0000     1224.0000   354085    0.16%
      3     5     1224.0000   634     1222.0000     1224.0000   355185    0.16%
      4     6     1224.0000   672     1222.0000     1224.0000   356026    0.16%
      5     7     1224.0000   660     1222.0000     1224.0000   356294    0.16%
      6     8     1224.0000   720     1222.0000     1224.0000   358225    0.16%
      7     9     1224.0000   705     1222.0000     1224.0000   359684    0.16%
      8    10     1224.0000   744     1222.0000     1224.0000   361282    0.16%
      9    11     1224.0000   748     1222.0000     1224.0000   363608    0.16%
     10     9     1224.0000   721     1222.0000     1224.0000   359030    0.16%
Elapsed time = 11110.40 sec. (1549403.53 ticks, tree = 0.02 MB, solutions = 9)
     11     6     1224.0000   647     1222.0000     1224.0000   355462    0.16%
     12    13     1224.0000   852     1222.0000     1224.0000   378440    0.16%
     15    17     1224.0000   859     1222.0000     1224.0000   393790    0.16%
     20    21     1224.0000   828     1222.0000     1224.0000   398069    0.16%
     25    26     1224.0000   904     1222.0000     1224.0000   405118    0.16%
     29    30     1224.0000   819     1222.0000     1224.0000   410673    0.16%
     33    32     1224.0000   830     1222.0000     1224.0000   411162    0.16%
     38    35     1224.0000   825     1222.0000     1224.0000   414026    0.16%
     43    10     1224.0000   705     1222.0000     1224.0000   359750    0.16%
     50    46     1224.0000   800     1222.0000     1224.0000   431627    0.16%
Elapsed time = 11354.58 sec. (1561309.96 ticks, tree = 2.42 MB, solutions = 9)
     52    43     1224.0000   821     1222.0000     1224.0000   437298    0.16%
     58    47     1224.0000   811     1222.0000     1224.0000   438848    0.16%
     66    57     1224.0000   793     1222.0000     1224.0000   448655    0.16%
     69    61     1224.0000   802     1222.0000     1224.0000   455889    0.16%
     74    63     1224.0000   785     1222.0000     1224.0000   458063    0.16%
     78    70     1224.0000   773     1222.0000     1224.0000   464299    0.16%
     84    72     1224.0000   769     1222.0000     1224.0000   466451    0.16%
     90    76     1224.0000   776     1222.0000     1224.0000   480990    0.16%
     93    82     1224.0000   773     1222.0000     1224.0000   487204    0.16%
    101    83     1224.0000   805     1222.0000     1224.0000   508742    0.16%
Elapsed time = 11579.23 sec. (1571992.17 ticks, tree = 5.21 MB, solutions = 9)
    108    90     1224.0000   785     1222.0000     1224.0000   520633    0.16%
    116    92     1224.0000   840     1222.0000     1224.0000   524672    0.16%
    125    89     1224.0000   825     1222.0000     1224.0000   516411    0.16%
    135   109     1224.0000   778     1222.0000     1224.0000   560689    0.16%
    144   110     1224.0000   747     1222.0000     1224.0000   558224    0.16%
    150   114     1224.0000   782     1222.0000     1224.0000   567332    0.16%
    157   133     1224.0000   801     1222.0000     1224.0000   582735    0.16%
    160   143     1224.0000   808     1222.0000     1224.0000   595113    0.16%
    164   149     1224.0000   854     1222.0000     1224.0000   600926    0.16%
    171   152     1224.0000   822     1222.0000     1224.0000   602820    0.16%
Elapsed time = 11809.14 sec. (1583582.47 ticks, tree = 12.21 MB, solutions = 9)
    177   158     1224.0000   823     1222.0000     1224.0000   609717    0.16%
    181   160     1224.0000   812     1222.0000     1224.0000   613566    0.16%
    186   165     1224.0000   778     1222.0000     1224.0000   618920    0.16%
    195   166     1224.0000   809     1222.0000     1224.0000   640001    0.16%
    208   182     1224.0000   786     1222.0000     1224.0000   680459    0.16%
    217   170     1224.0000   827     1222.0000     1224.0000   644096    0.16%
    224   173     1224.0000   792     1222.0000     1224.0000   668244    0.16%
    233   211     1224.0000   824     1222.0000     1224.0000   710134    0.16%
    240   207     1224.0000   790     1222.0000     1224.0000   704187    0.16%
    248   223     1224.0000   813     1222.0000     1224.0000   724836    0.16%
Elapsed time = 12051.50 sec. (1594464.53 ticks, tree = 18.26 MB, solutions = 9)
    255   225     1224.0000   814     1222.0000     1224.0000   727875    0.16%
    261   239     1224.0000   856     1222.0000     1224.0000   748999    0.16%
    269   243     1224.0000   809     1222.0000     1224.0000   757735    0.16%
    276   246     1224.0000   810     1222.0000     1224.0000   760812    0.16%
    283   249     1224.0000   832     1222.0000     1224.0000   762904    0.16%
    290   256     1224.0000   813     1222.0000     1224.0000   776059    0.16%
    294   264     1224.0000   812     1222.0000     1224.0000   785093    0.16%
    304   266     1224.0000   795     1222.0000     1224.0000   788722    0.16%
    309   269     1224.0000   790     1222.0000     1224.0000   792372    0.16%
    315   271     1224.0000   804     1222.0000     1224.0000   793670    0.16%
Elapsed time = 12320.51 sec. (1605472.10 ticks, tree = 22.74 MB, solutions = 9)
    322   282     1224.0000   837     1222.0000     1224.0000   803029    0.16%
    329   289     1224.0000   761     1222.0000     1224.0000   815714    0.16%
    337   300     1224.0000   835     1222.0000     1224.0000   840859    0.16%
    344   294     1224.0000   774     1222.0000     1224.0000   820150    0.16%
    351   295     1224.0000   901     1222.0000     1224.0000   835031    0.16%
    360   299     1224.0000   703     1222.0000     1224.0000   823332    0.16%
    371   321     1224.0000   713     1222.0000     1224.0000   893256    0.16%
    378   334     1224.0000   886     1222.0000     1224.0000   904024    0.16%
    388   346     1224.0000   830     1222.0000     1224.0000   913645    0.16%
    403   349     1224.0000   823     1222.0000     1224.0000   915813    0.16%
Elapsed time = 12563.32 sec. (1616199.32 ticks, tree = 27.66 MB, solutions = 9)
    420   313     1224.0000   901     1222.0000     1224.0000   889411    0.16%
    435   345     1224.0000   919     1222.0000     1224.0000   912014    0.16%
    450   372     1224.0000   698     1222.0000     1224.0000   966361    0.16%
    468   388     1224.0000   921     1222.0000     1224.0000   976873    0.16%
    478   399     1224.0000   838     1222.0000     1224.0000   994885    0.16%
    491   391     1224.0000   949     1222.0000     1224.0000   983327    0.16%
    505   410     1224.0000   778     1222.0000     1224.0000  1012459    0.16%
    525   424     1224.0000   801     1222.0000     1224.0000  1020531    0.16%
    539   464     1224.0000   798     1222.0000     1224.0000  1065015    0.16%
    559   446     1224.0000   639     1222.0000     1224.0000  1050194    0.16%
Elapsed time = 12792.46 sec. (1626452.48 ticks, tree = 34.22 MB, solutions = 9)
    572   484     1224.0000   743     1222.0000     1224.0000  1095751    0.16%
    587   474     1224.0000   861     1222.0000     1224.0000  1089157    0.16%
    604   489     1224.0000   729     1222.0000     1224.0000  1096855    0.16%
    623   499     1224.0000   775     1222.0000     1224.0000  1109120    0.16%
    639   501     1224.0000   780     1222.0000     1224.0000  1111074    0.16%
    653   532     1224.0000   794     1222.0000     1224.0000  1147038    0.16%
    672   513     1224.0000   591     1222.0000     1224.0000  1126014    0.16%
    697   538     1224.0000   794     1222.0000     1224.0000  1151468    0.16%
    722   558     1224.0000   805     1222.0000     1224.0000  1217132    0.16%
    749   560     1224.0000   788     1222.0000     1224.0000  1218077    0.16%
Elapsed time = 12975.18 sec. (1636257.04 ticks, tree = 43.91 MB, solutions = 9)
    775   630     1224.0000   592     1222.0000     1224.0000  1265558    0.16%
    802   682     1224.0000   729     1222.0000     1224.0000  1350789    0.16%
    821   684     1224.0000   736     1222.0000     1224.0000  1352598    0.16%
    846   640     1224.0000   808     1222.0000     1224.0000  1304280    0.16%
    874   661     1224.0000   773     1222.0000     1224.0000  1345680    0.16%
    902   689     1224.0000   709     1222.0000     1224.0000  1359909    0.16%
    928   750     1224.0000   686     1222.0000     1224.0000  1441080    0.16%
    953   825     1224.0000   766     1222.0000     1224.0000  1515419    0.16%
    980   825     1224.0000   788     1222.0000     1224.0000  1517245    0.16%
   1086   854     1224.0000   672     1222.0000     1224.0000  1540437    0.16%
Elapsed time = 13236.31 sec. (1649032.34 ticks, tree = 75.96 MB, solutions = 9)
   1209   902     1224.0000   636     1222.0000     1224.0000  1587637    0.16%
   1337  1105     1224.0000   629     1222.0000     1224.0000  1772738    0.16%
   1467  1303     1224.0000   664     1222.0000     1224.0000  1965916    0.16%
   1605  1262     1224.0000   775     1222.0000     1224.0000  1929654    0.16%
   1747  1405     1224.0000   607     1222.0000     1224.0000  2056577    0.16%
   1903  1611     1224.0000   635     1222.0000     1224.0000  2255064    0.16%
   2057  1621     1224.0000   632     1222.0000     1224.0000  2263231    0.16%
   2193  1767     1224.0000   651     1222.0000     1224.0000  2418847    0.16%
   2329  1751     1224.0000   564     1222.0000     1224.0000  2391784    0.16%
   2459  1969     1224.0000   518     1222.0000     1224.0000  2568423    0.16%
Elapsed time = 13904.56 sec. (1687513.97 ticks, tree = 199.86 MB, solutions = 9)
   2555  2145     1224.0000   650     1222.0000     1224.0000  2702366    0.16%
   2636  2033     1224.0000   543     1222.0000     1224.0000  2618393    0.16%
   2686  1936     1224.0000   411     1222.0000     1224.0000  2539800    0.16%
   2749  2287     1224.0000   695     1222.0000     1224.0000  2806412    0.16%
*  2760+ 1628                         1224.0000     1224.0000             0.00%
   2797  2127     1224.0000   450     1224.0000     1224.0000  2683073    0.00%
   2832  2309     1224.0000   609     1224.0000     1224.0000  2824100    0.00%
   2840  2209     1224.0000   708     1224.0000     1224.0000  2745858    0.00%
   2841  1627     1224.0000   630     1224.0000     1224.0000  2267098    0.00%
Exception raised in listener 'MipGapPrinter': 'int' object is not callable, id=34

Clique cuts applied:  20
Cover cuts applied:  67
Implied bound cuts applied:  1836
Flow cuts applied:  8
Mixed integer rounding cuts applied:  232
Zero-half cuts applied:  103
Gomory fractional cuts applied:  5

Root node processing (before b&c):
  Real time             = 10670.41 sec. (1512015.53 ticks)
Parallel b&c, 24 threads:
  Real time             = 3731.02 sec. (306210.72 ticks)
  Sync time (average)   =  833.91 sec.
  Wait time (average)   =    0.00 sec.
                          ------------
Total (root+branch&cut) = 14401.43 sec. (1818226.24 ticks)
status  = time limit exceeded
time    = 14402.2 s.
problem = MILP
gap     = 0%

Objective value: 1224.0
[50, 200, 8, 10, 400, 400, 1224, 1224, 0.0, 14402.16]
number of spatial :  1136
Heuristic Solution information :  [50, 200, 8, 10, 400, 378, 1152, 16, 1136]
