CPXPARAM_Read_DataCheck                          1
CPXPARAM_TimeLimit                               14400
Tried aggregator 2 times.
MIP Presolve eliminated 37552 rows and 339701 columns.
MIP Presolve modified 2021 coefficients.
Aggregator did 1216 substitutions.
Reduced MIP has 419115 rows, 96123 columns, and 1290422 nonzeros.
Reduced MIP has 88623 binaries, 0 generals, 0 SOSs, and 0 indicators.
Presolve time = 1.29 sec. (6272.08 ticks)
Probing time = 1.22 sec. (26.97 ticks)
Tried aggregator 1 time.
MIP Presolve eliminated 294000 rows and 6000 columns.
Reduced MIP has 125115 rows, 90123 columns, and 702422 nonzeros.
Reduced MIP has 88623 binaries, 0 generals, 0 SOSs, and 0 indicators.
Presolve time = 0.68 sec. (906.09 ticks)
Probing time = 0.50 sec. (21.48 ticks)
Clique table members: 48068.
MIP emphasis: balance optimality and feasibility.
MIP search method: dynamic search.
Parallel mode: deterministic, using up to 24 threads.
Root relaxation solution time = 9.75 sec. (4910.73 ticks)

        Nodes                                         Cuts/
   Node  Left     Objective  IInf  Best Integer    Best Bound    ItCnt     Gap

*     0+    0                          594.0000     1224.0000           106.06%
      0     0     1074.8889  1116      594.0000     1074.8889    47876   80.96%
Exception raised in listener 'MipGapPrinter': 'int' object is not callable, id=1
*     0+    0                          829.0000     1074.8889            29.66%
Exception raised in listener 'MipGapPrinter': 'int' object is not callable, id=3
      0     0     1049.8889  1280      829.0000    Cuts: 1011    71431   26.65%
      0     0     1049.8889  1311      829.0000     Cuts: 739    96784   26.65%
      0     0     1042.5208  1087      829.0000     Cuts: 258   117341   25.76%
*     0+    0                          877.0000     1042.5208            18.87%
*     0+    0                          899.0000     1042.5208            15.96%
*     0+    0                          912.0000     1042.5208            14.31%
*     0+    0                          922.0000     1042.5208            13.07%
*     0+    0                          944.0000     1042.5208            10.44%
*     0+    0                          965.0000     1042.5208             8.03%
*     0+    0                          969.0000     1042.5208             7.59%
Exception raised in listener 'MipGapPrinter': 'int' object is not callable, id=9
      0     0     1040.7500  1199      969.0000     Cuts: 519   141144    7.40%
      0     0     1037.3611  1382      969.0000     Cuts: 794   166497    7.05%
      0     0     1034.2222  1435      969.0000     Cuts: 743   189242    6.73%
*     0+    0                          984.0000     1034.2222             5.10%
*     0+    0                          987.0000     1034.2222             4.78%
*     0+    0                          991.0000     1034.2222             4.36%
*     0+    0                          993.0000     1034.2222             4.15%
*     0+    0                          994.0000     1034.2222             4.05%
Exception raised in listener 'MipGapPrinter': 'int' object is not callable, id=16
      0     0     1034.2222  1258      994.0000     Cuts: 557   213977    4.05%
*     0+    0                         1003.0000     1034.2222             3.11%
Exception raised in listener 'MipGapPrinter': 'int' object is not callable, id=19
      0     0     1034.2222  1460     1003.0000     Cuts: 612   237653    3.11%
Heuristic still looking.
Heuristic still looking.
Heuristic still looking.
*     0+    0                         1010.0000     1034.2222             2.40%
*     0+    0                         1013.0000     1034.2222             2.09%
*     0+    0                         1015.0000     1034.2222             1.89%
*     0+    0                         1017.0000     1034.2222             1.69%
Exception raised in listener 'MipGapPrinter': 'int' object is not callable, id=21
      0     2     1034.2222   649     1017.0000     1034.2222   237653    1.69%
Elapsed time = 6530.18 sec. (501505.10 ticks, tree = 0.02 MB, solutions = 19)
      1     3     1034.2222   661     1017.0000     1034.2222   238276    1.69%
      2     4     1034.2222   742     1017.0000     1034.2222   239436    1.69%
      3     5     1034.2222   644     1017.0000     1034.2222   240299    1.69%
      5     6     1034.2222   644     1017.0000     1034.2222   240874    1.69%
      6     6     1034.2222   668     1017.0000     1034.2222   242367    1.69%
      7     7     1034.2222   683     1017.0000     1034.2222   243275    1.69%
      8     8     1034.2222   685     1017.0000     1034.2222   243718    1.69%
      9     4     1034.2222   651     1017.0000     1034.2222   238845    1.69%
     11    10     1034.2222   653     1017.0000     1034.2222   245416    1.69%
     15    14     1034.2222   710     1017.0000     1034.2222   248799    1.69%
Elapsed time = 6877.41 sec. (516696.77 ticks, tree = 0.06 MB, solutions = 19)
     19    19     1034.2222   612     1017.0000     1034.2222   253027    1.69%
     22    21     1034.2222   727     1017.0000     1034.2222   255131    1.69%
     27    26     1034.2222   640     1017.0000     1034.2222   259820    1.69%
     30     3     1034.2222   716     1017.0000     1034.2222   238717    1.69%
     31    28     1034.2222   686     1017.0000     1034.2222   263375    1.69%
     33    29     1034.2222   654     1017.0000     1034.2222   265716    1.69%
     38    31     1034.2222   647     1017.0000     1034.2222   265115    1.69%
     45    35     1034.2222   666     1017.0000     1034.2222   271309    1.69%
     52    36     1034.2222   660     1017.0000     1034.2222   270094    1.69%
     63    19     1034.2222   610     1017.0000     1034.2222   252884    1.69%
Elapsed time = 7234.02 sec. (527911.15 ticks, tree = 0.02 MB, solutions = 19)
     78    37     1034.2222   664     1017.0000     1034.2222   273407    1.69%
    104    56     1034.2222   630     1017.0000     1034.2222   286123    1.69%
    131    59     1034.2222   653     1017.0000     1034.2222   291230    1.69%
    170    85     1034.2222   550     1017.0000     1034.2222   304599    1.69%
    216    93     1034.2222   659     1017.0000     1034.2222   312973    1.69%
    261   183     1034.2222   628     1017.0000     1034.2222   381925    1.69%
*   269+   22                         1019.0000     1034.2222             1.49%
    320   214    infeasible           1019.0000     1034.2222   411256    1.49%
    361   232     1034.2222   586     1019.0000     1034.2222   420718    1.49%
    373   270     1034.2222   496     1019.0000     1034.2222   452020    1.49%
    389   273     1034.2222   554     1019.0000     1034.2222   458275    1.49%
Elapsed time = 7553.23 sec. (537821.57 ticks, tree = 6.72 MB, solutions = 20)
Exception raised in listener 'MipGapPrinter': 'int' object is not callable, id=32
    420   297     1034.2222   556     1019.0000     1034.2222   470325    1.49%
    452   359     1034.2222   528     1019.0000     1034.2222   508598    1.49%
    498   368     1034.2222   502     1019.0000     1034.2222   509226    1.49%
    534   424     1034.2222   455     1019.0000     1034.2222   535439    1.49%
    574   414     1034.2222   566     1019.0000     1034.2222   530144    1.49%
    622   472     1034.2222   602     1019.0000     1034.2222   557191    1.49%
    667   530     1034.2222   551     1019.0000     1034.2222   582361    1.49%
    717   524     1034.2222   525     1019.0000     1034.2222   581006    1.49%
    766   554     1034.2222   534     1019.0000     1034.2222   592879    1.49%
    817   580     1034.2222   566     1019.0000     1034.2222   607556    1.49%
Elapsed time = 7819.06 sec. (547573.78 ticks, tree = 18.86 MB, solutions = 20)
    869   663     1034.2222   552     1019.0000     1034.2222   660504    1.49%
    917   629     1034.2222   543     1019.0000     1034.2222   641584    1.49%
    964   690    infeasible           1019.0000     1034.2222   674734    1.49%
   1004   703     1034.2222   626     1019.0000     1034.2222   681478    1.49%
   1055   739     1034.2222   549     1019.0000     1034.2222   695975    1.49%
   1117   815     1034.2222   617     1019.0000     1034.2222   738280    1.49%
   1184   863     1034.2222   536     1019.0000     1034.2222   757540    1.49%
   1238   878     1034.2222   480     1019.0000     1034.2222   765402    1.49%
   1303   900     1034.2222   420     1019.0000     1034.2222   781170    1.49%
   1382  1014     1034.2222   494     1019.0000     1034.2222   845901    1.49%
Elapsed time = 8107.18 sec. (557268.46 ticks, tree = 28.14 MB, solutions = 20)
   1453  1055     1034.2222   438     1019.0000     1034.2222   863096    1.49%
   1540   989     1034.2222   373     1019.0000     1034.2222   823363    1.49%
   1627  1238     1034.2222   350     1019.0000     1034.2222   964979    1.49%
   1717  1339     1034.2222   541     1019.0000     1034.2222  1015458    1.49%
   1803  1189     1034.2222   469     1019.0000     1034.2222   937581    1.49%
   1882  1332     1034.2222   436     1019.0000     1034.2222  1013267    1.49%
   1977  1522    infeasible           1019.0000     1034.2222  1126881    1.49%
   2068  1439     1034.2222   426     1019.0000     1034.2222  1064570    1.49%
   2168  1562     1034.2222   361     1019.0000     1034.2222  1152135    1.49%
   2266  1445     1034.2222   395     1019.0000     1034.2222  1081357    1.49%
Elapsed time = 8355.36 sec. (566870.54 ticks, tree = 48.86 MB, solutions = 20)
   2365  1781     1034.2222   386     1019.0000     1034.2222  1275300    1.49%
   2463  1758     1034.2222   440     1019.0000     1034.2222  1262104    1.49%
   2575  1721     1034.2222   416     1019.0000     1034.2222  1244217    1.49%
   2698   336     1034.2222   916     1019.0000     1034.2222   521370    1.49%
   2827  1880     1034.2222   423     1019.0000     1034.2222  1346021    1.49%
   2938  2190     1034.2222   372     1019.0000     1034.2222  1558701    1.49%
   3064  2032     1034.2222   341     1019.0000     1034.2222  1443273    1.49%
   3178  2239     1034.2222   362     1019.0000     1034.2222  1590075    1.49%
   3300  2296     1034.2222   341     1019.0000     1034.2222  1633755    1.49%
   3428  2398     1034.2222   390     1019.0000     1034.2222  1702698    1.49%
Elapsed time = 8591.48 sec. (576465.27 ticks, tree = 87.73 MB, solutions = 22)
   3555  2463     1034.2222   387     1019.0000     1034.2222  1745765    1.49%
   3681  2674     1034.2222   308     1019.0000     1034.2222  1876893    1.49%
   3800  2394    infeasible           1019.0000     1034.2222  1694082    1.49%
   3940  2521     1034.2222   354     1019.0000     1034.2222  1763414    1.49%
   4057  2779     1034.2222   524     1019.0000     1034.2222  1936124    1.49%
   4183  2832     1034.2222   347     1019.0000     1034.2222  1978253    1.49%
   4315  2861     1034.2222   407     1019.0000     1034.2222  1988454    1.49%
   4443  3157     1034.2222   398     1019.0000     1034.2222  2203532    1.49%
   4569  3122     1034.2222   340     1019.0000     1034.2222  2187677    1.49%
   4683  3080     1034.2222   438     1019.0000     1034.2222  2148261    1.49%
Elapsed time = 8882.10 sec. (586079.59 ticks, tree = 117.38 MB, solutions = 22)
   4792  3466     1034.2222   414     1019.0000     1034.2222  2429844    1.49%
   4899  3355     1034.2222   350     1019.0000     1034.2222  2338503    1.49%
   5003  3666     1034.2222   331     1019.0000     1034.2222  2602376    1.49%
   5094  3547     1034.2222   379     1019.0000     1034.2222  2495957    1.49%
   5166  3912     1034.2222   321     1019.0000     1034.2222  2786608    1.49%
   5213  3938     1034.2222   437     1019.0000     1034.2222  2800657    1.49%
   5250  3737     1034.2222   561     1019.0000     1034.2222  2649836    1.49%
   5308  3893     1034.2222   300     1019.0000     1034.2222  2769823    1.49%
   5370  3950     1034.2222   479     1019.0000     1034.2222  2807499    1.49%
   5439  4067    infeasible           1019.0000     1034.2222  2926606    1.49%
Elapsed time = 9208.24 sec. (595749.17 ticks, tree = 164.29 MB, solutions = 22)
   5517  4141    infeasible           1019.0000     1034.2222  2985529    1.49%
*  5607+ 3841                         1020.0000     1034.2222             1.39%
   5616  4168     1034.2222   327     1020.0000     1034.2222  3017071    1.39%
   5728  4083     1034.2222   319     1020.0000     1034.2222  2938749    1.39%
   5835  4092    infeasible           1020.0000     1034.2222  2952534    1.39%
   5942  4179     1034.2222   361     1020.0000     1034.2222  3032191    1.39%
   6021  4276     1034.2222   493     1020.0000     1034.2222  3115984    1.39%
   6068  4286     1034.2222   290     1020.0000     1034.2222  3124253    1.39%
   6077  3225     1034.2222   555     1020.0000     1034.2222  2259418    1.39%

GUB cover cuts applied:  321
Clique cuts applied:  16
Cover cuts applied:  75
Implied bound cuts applied:  2609
Flow cuts applied:  7
Mixed integer rounding cuts applied:  543
Zero-half cuts applied:  219
Lift and project cuts applied:  10
Gomory fractional cuts applied:  93

Root node processing (before b&c):
  Real time             = 6512.04 sec. (501412.22 ticks)
Parallel b&c, 24 threads:
  Real time             = 7888.47 sec. (465370.09 ticks)
  Sync time (average)   =  897.64 sec.
  Wait time (average)   =    0.00 sec.
                          ------------
Total (root+branch&cut) = 14400.51 sec. (966782.31 ticks)
status  = time limit exceeded
time    = 14401.9 s.
problem = MILP
gap     = 0.882353%

Objective value: 1020.0
[50, 150, 8, 10, 400, 320, 1020, 1028, 0.88, 14401.87]
number of spatial :  913
Heuristic Solution information :  [50, 150, 8, 10, 400, 307, 929, 16, 913]
