CPXPARAM_Read_DataCheck                          1
CPXPARAM_TimeLimit                               14400
Tried aggregator 2 times.
MIP Presolve eliminated 12798 rows and 113155 columns.
MIP Presolve modified 941 coefficients.
Aggregator did 1216 substitutions.
Reduced MIP has 140511 rows, 32669 columns, and 431255 nonzeros.
Reduced MIP has 30169 binaries, 0 generals, 0 SOSs, and 0 indicators.
Presolve time = 0.36 sec. (2110.26 ticks)
Probing time = 0.53 sec. (8.53 ticks)
Tried aggregator 1 time.
MIP Presolve eliminated 98000 rows and 2000 columns.
Reduced MIP has 42511 rows, 30669 columns, and 235255 nonzeros.
Reduced MIP has 30169 binaries, 0 generals, 0 SOSs, and 0 indicators.
Presolve time = 0.19 sec. (311.50 ticks)
Probing time = 0.10 sec. (6.56 ticks)
Clique table members: 16116.
MIP emphasis: balance optimality and feasibility.
MIP search method: dynamic search.
Parallel mode: deterministic, using up to 24 threads.
Root relaxation solution time = 0.99 sec. (1231.48 ticks)

        Nodes                                         Cuts/
   Node  Left     Objective  IInf  Best Integer    Best Bound    ItCnt     Gap

*     0+    0                          238.0000     1224.0000           414.29%
      0     0      498.0000   543      238.0000      498.0000     6354  109.24%
Exception raised in listener 'MipGapPrinter': 'int' object is not callable, id=1
*     0+    0                          341.0000      498.0000            46.04%
Exception raised in listener 'MipGapPrinter': 'int' object is not callable, id=3
      0     0      418.6667   430      341.0000     Cuts: 457    13395   22.78%
      0     0      413.3333   374      341.0000     Cuts: 324    19702   21.21%
      0     0      412.4500   426      341.0000     Cuts: 204    25272   20.95%
*     0+    0                          388.0000      412.4500             6.30%
*     0+    0                          389.0000      412.4500             6.03%
*     0+    0                          390.0000      412.4500             5.76%
Exception raised in listener 'MipGapPrinter': 'int' object is not callable, id=9
      0     0      411.1375   508      390.0000     Cuts: 176    33200    5.42%
      0     0      410.3750   441      390.0000     Cuts: 202    40431    5.22%
*     0+    0                          393.0000      410.3750             4.42%
Exception raised in listener 'MipGapPrinter': 'int' object is not callable, id=14
      0     0      410.0000   518      393.0000     Cuts: 230    47654    4.33%
*     0+    0                          397.0000      410.0000             3.27%
Exception raised in listener 'MipGapPrinter': 'int' object is not callable, id=16
      0     0      409.2500   502      397.0000     Cuts: 174    53532    3.09%
      0     0      409.0000   443      397.0000     Cuts: 165    59900    3.02%
      0     0      407.0000   586      397.0000     Cuts: 141    64898    2.52%
*     0+    0                          402.0000      407.0000             1.24%
*     0+    0                          403.0000      407.0000             0.99%
Exception raised in listener 'MipGapPrinter': 'int' object is not callable, id=23
      0     0      407.0000   466      403.0000     Cuts: 162    70925    0.99%
      0     0      407.0000   420      403.0000     Cuts: 148    76739    0.99%
      0     0      407.0000   468      403.0000     Cuts: 144    81890    0.99%
*     0+    0                          405.0000      407.0000             0.49%
Exception raised in listener 'MipGapPrinter': 'int' object is not callable, id=30
      0     0      407.0000   229      405.0000      Cuts: 18    84834    0.49%
      0     0      407.0000   462      405.0000     Cuts: 130    89602    0.49%
      0     2      407.0000   116      405.0000      407.0000    89602    0.49%
Elapsed time = 84.87 sec. (66825.85 ticks, tree = 0.02 MB, solutions = 10)
      2     4      407.0000   195      405.0000      407.0000    90684    0.49%
      5     7      407.0000   153      405.0000      407.0000    91785    0.49%
      7     4      407.0000   148      405.0000      407.0000    90499    0.49%
     10     8      407.0000   206      405.0000      407.0000    92236    0.49%
     16    14      407.0000   176      405.0000      407.0000    97973    0.49%
     25    22      407.0000   179      405.0000      407.0000   102347    0.49%
     36    27      407.0000   171      405.0000      407.0000   108612    0.49%
     49    33      407.0000   190      405.0000      407.0000   118325    0.49%
     70    48      407.0000   208      405.0000      407.0000   127977    0.49%
    191   110      407.0000   218      405.0000      407.0000   199234    0.49%
Elapsed time = 104.88 sec. (70374.08 ticks, tree = 2.45 MB, solutions = 10)
    287   218      407.0000   195      405.0000      407.0000   371793    0.49%
    415   307      407.0000   210      405.0000      407.0000   532665    0.49%
    565   406      406.1667   183      405.0000      407.0000   701138    0.49%
    646   482      406.3500   166      405.0000      407.0000   821399    0.49%
    731   536      406.6690   176      405.0000      407.0000   893873    0.49%
    844   596      407.0000   226      405.0000      407.0000   964179    0.49%
    971   585      407.0000   153      405.0000      407.0000   951845    0.49%
   1077   725      407.0000   248      405.0000      407.0000  1165683    0.49%
   1134   785      406.0000   130      405.0000      407.0000  1264907    0.49%
   1212   808      406.7083   183      405.0000      407.0000  1338534    0.49%
Elapsed time = 179.01 sec. (79986.74 ticks, tree = 29.19 MB, solutions = 10)
   1297   861      406.7500   170      405.0000      407.0000  1432993    0.49%
   1422   945      406.2500   138      405.0000      407.0000  1602153    0.49%
   1521  1015      406.4583   154      405.0000      407.0000  1661612    0.49%
   1603  1071      406.6375   208      405.0000      407.0000  1724347    0.49%
   1683  1108      406.0769   179      405.0000      407.0000  1761963    0.49%
   1743  1147    infeasible            405.0000      407.0000  1805575    0.49%
   1824  1159      406.8125   198      405.0000      407.0000  1823513    0.49%
   1903  1255      406.4323   228      405.0000      407.0000  1941116    0.49%
   1988  1302      406.1667   209      405.0000      407.0000  2023901    0.49%
   2098  1284      406.7500   176      405.0000      407.0000  2020445    0.49%
Elapsed time = 269.17 sec. (89642.45 ticks, tree = 35.92 MB, solutions = 10)
   2215  1381      406.4986   203      405.0000      407.0000  2178657    0.49%
   2340  1464    infeasible            405.0000      407.0000  2281932    0.49%
   2487  1562      406.7500   249      405.0000      407.0000  2448685    0.49%
   2639  1555      406.1917   202      405.0000      407.0000  2424575    0.49%
   2763  1738      406.6322   249      405.0000      407.0000  2648522    0.49%
   2875  1649      406.5601   221      405.0000      407.0000  2545555    0.49%
   3000  1937      407.0000   243      405.0000      407.0000  2917573    0.49%
   3126  1911      407.0000   337      405.0000      407.0000  2881711    0.49%
   3210  2071      406.7031   163      405.0000      407.0000  3072344    0.49%
   3293  2160      406.7667   206      405.0000      407.0000  3167492    0.49%
Elapsed time = 353.50 sec. (99254.19 ticks, tree = 56.72 MB, solutions = 10)
   3347  2217      406.3750   214      405.0000      407.0000  3228210    0.49%
   3424  2339      406.6250   191      405.0000      407.0000  3411690    0.49%
   3496  2399      406.0278   204      405.0000      407.0000  3511885    0.49%
   3584  2467      407.0000   205      405.0000      407.0000  3681933    0.49%
   3663  2416      406.9375   225      405.0000      407.0000  3541706    0.49%
   3761  2452      406.7500   173      405.0000      407.0000  3662542    0.49%
   3872  2544      406.8972   236      405.0000      407.0000  3821062    0.49%
   3995  2700      407.0000   242      405.0000      407.0000  4035769    0.49%
   4129  2747      406.1813   178      405.0000      407.0000  4108737    0.49%
   4233  2901      406.0000   160      405.0000      407.0000  4269045    0.49%
Elapsed time = 444.30 sec. (108841.20 ticks, tree = 69.36 MB, solutions = 10)
   4328  2864      407.0000   203      405.0000      407.0000  4208885    0.49%
   4387  3001      406.0000   242      405.0000      407.0000  4367352    0.49%
   4469  3122      406.3750   196      405.0000      407.0000  4527493    0.49%
   4543  3136      406.2500   226      405.0000      407.0000  4530704    0.49%
   4602  3320      406.2500   243      405.0000      407.0000  4721641    0.49%
   4701  3262      406.3333   250      405.0000      407.0000  4654313    0.49%
   4824  3427    infeasible            405.0000      407.0000  4820355    0.49%
   4912  3545      406.2109   148      405.0000      407.0000  4890257    0.49%
   5006  3459      407.0000   182      405.0000      407.0000  4845998    0.49%
   5121  3617      406.4524   177      405.0000      407.0000  4961397    0.49%
Elapsed time = 549.00 sec. (118425.27 ticks, tree = 89.21 MB, solutions = 10)
   5238  3699      406.9375   235      405.0000      407.0000  4995132    0.49%
   5357  3670      407.0000   192      405.0000      407.0000  4981186    0.49%
   5434  3910      407.0000   212      405.0000      407.0000  5099377    0.49%
   5490  3882    infeasible            405.0000      407.0000  5092270    0.49%
   5524  3819      406.9850   290      405.0000      407.0000  5083777    0.49%
   5525  3887      406.0000   274      405.0000      407.0000  5092922    0.49%
   5526  4234      407.0000   158      405.0000      407.0000  5359555    0.49%
   5527  4235      407.0000   228      405.0000      407.0000  5362243    0.49%
   5528  4235      407.0000   271      405.0000      407.0000  5366308    0.49%
   5529  4235      407.0000   300      405.0000      407.0000  5369807    0.49%
Elapsed time = 1134.77 sec. (221592.65 ticks, tree = 146.99 MB, solutions = 10)
   5533  2541      407.0000   176      405.0000      407.0000  5359794    0.49%
   5538  2182      407.0000   291      405.0000      407.0000  5370475    0.49%
   5540  1910      407.0000   199      405.0000      407.0000  5376690    0.49%
   5545  1067      407.0000   239      405.0000      407.0000  5379857    0.49%
   5551  1070      407.0000   242      405.0000      407.0000  5382524    0.49%
   5559   316      407.0000   190      405.0000      407.0000  5386551    0.49%
   5582    34      407.0000   256      405.0000      407.0000  5396779    0.49%
   5627    40      407.0000   205      405.0000      407.0000  5403039    0.49%
   5691    79      407.0000   265      405.0000      407.0000  5424035    0.49%
   5754   135      407.0000   195      405.0000      407.0000  5446001    0.49%
Elapsed time = 1224.98 sec. (231771.19 ticks, tree = 18.12 MB, solutions = 10)
   5849   151      407.0000   265      405.0000      407.0000  5455002    0.49%
   5987   214    infeasible            405.0000      407.0000  5488266    0.49%
   6150   268      406.3958   176      405.0000      407.0000  5511107    0.49%
   6334   350    infeasible            405.0000      407.0000  5548203    0.49%
   6556   477      406.0000   138      405.0000      407.0000  5593387    0.49%
   6810   640      407.0000   176      405.0000      407.0000  5645516    0.49%
   6969   721      406.7000   190      405.0000      407.0000  5673232    0.49%
   7118   802      406.8750   161      405.0000      407.0000  5707286    0.49%
   7248   938    infeasible            405.0000      407.0000  5775593    0.49%
   7344   951      407.0000   136      405.0000      407.0000  5782351    0.49%
Elapsed time = 1312.15 sec. (241360.59 ticks, tree = 130.86 MB, solutions = 10)
   7420  1035      406.2500   210      405.0000      407.0000  5824906    0.49%
   7497  1054    infeasible            405.0000      407.0000  5831476    0.49%
   7565  1087      407.0000   211      405.0000      407.0000  5864536    0.49%
   7636  1149      406.0000   201      405.0000      407.0000  5939177    0.49%
   7737  1170      406.8333   163      405.0000      407.0000  5948666    0.49%
   7873  1224      406.0000   162      405.0000      407.0000  5974134    0.49%
   7980  1266      407.0000   246      405.0000      407.0000  6027415    0.49%
   8175  1289      406.9231   183      405.0000      407.0000  6052173    0.49%
   8346  1295    infeasible            405.0000      407.0000  6041734    0.49%
   8773  1814      406.7875   215      405.0000      407.0000  6329952    0.49%
Elapsed time = 1417.89 sec. (253847.01 ticks, tree = 239.29 MB, solutions = 10)
   9088  1976      407.0000   168      405.0000      407.0000  6529265    0.49%
   9410  2099      406.5000   173      405.0000      407.0000  6666567    0.49%
   9654  2225      406.6000   194      405.0000      407.0000  6771303    0.49%
   9851  2347      407.0000   120      405.0000      407.0000  6897846    0.49%
  10065  2457    infeasible            405.0000      407.0000  7120702    0.49%
  10266  2528      406.8750   213      405.0000      407.0000  7217595    0.49%
  10493  2661    infeasible            405.0000      407.0000  7377232    0.49%
  10759  2799      406.7917   209      405.0000      407.0000  7599866    0.49%
  10958  2986      407.0000   299      405.0000      407.0000  7811982    0.49%
  11183  3126        cutoff            405.0000      407.0000  7985077    0.49%
Elapsed time = 1923.99 sec. (292188.82 ticks, tree = 268.19 MB, solutions = 10)
  11378  3258      406.0000   149      405.0000      407.0000  8235886    0.49%
  11710  3390      406.0000   116      405.0000      407.0000  8330246    0.49%
  12086  3632      406.0000   114      405.0000      407.0000  8528687    0.49%
  12440  3745    infeasible            405.0000      407.0000  8615034    0.49%
  12793  4213    infeasible            405.0000      407.0000  8997752    0.49%
  13061  4285    infeasible            405.0000      407.0000  9058604    0.49%
  13318  4421      406.0000    87      405.0000      407.0000  9196622    0.49%
  13768  4603    infeasible            405.0000      407.0000  9462075    0.49%
  14061  4869    infeasible            405.0000      407.0000  9674331    0.49%
  14319  4891      406.7500   192      405.0000      407.0000  9692030    0.49%
Elapsed time = 2541.61 sec. (330410.88 ticks, tree = 295.74 MB, solutions = 10)
  14565  5056      406.0000   220      405.0000      407.0000  9883484    0.49%
  14782  5285      407.0000    50      405.0000      407.0000 10135971    0.49%
  14978  5509      406.0000    98      405.0000      407.0000 10407644    0.49%
  15249  5509      406.5119   191      405.0000      407.0000 10439465    0.49%
  15412  5650      406.5000   299      405.0000      407.0000 10688218    0.49%
  15619  5756      406.0000   154      405.0000      407.0000 10841560    0.49%
  15827  5819      407.0000    48      405.0000      407.0000 10925038    0.49%
  15944  5845      407.0000   102      405.0000      407.0000 10993576    0.49%
  16069  5977      407.0000   241      405.0000      407.0000 11344206    0.49%
  16205  6003      406.7500   183      405.0000      407.0000 11499803    0.49%
Elapsed time = 3176.43 sec. (369086.20 ticks, tree = 316.03 MB, solutions = 10)
  16277  6022      406.8167   280      405.0000      407.0000 11686688    0.49%
  16400  6062      406.0000   238      405.0000      407.0000 11933335    0.49%
  16522  6053    infeasible            405.0000      407.0000 11952501    0.49%
  16711  6114    infeasible            405.0000      407.0000 12162666    0.49%
  16891  6079      406.0000   151      405.0000      407.0000 12206037    0.49%
  17053  6152      407.0000   200      405.0000      407.0000 12270386    0.49%
  17242  6271    infeasible            405.0000      407.0000 12508671    0.49%
  17469  6507      406.0000   179      405.0000      407.0000 12830860    0.49%
  17787  6502      406.0000    39      405.0000      407.0000 12734481    0.49%
  17955  6766      406.9000   197      405.0000      407.0000 13181528    0.49%
Elapsed time = 3779.62 sec. (407532.94 ticks, tree = 309.99 MB, solutions = 10)
  18119  6874      406.0000   133      405.0000      407.0000 13355741    0.49%
  18277  6944      406.0000   269      405.0000      407.0000 13501269    0.49%
  18380  6948      406.5667   259      405.0000      407.0000 13598105    0.49%
  18510  7125      407.0000   214      405.0000      407.0000 13911587    0.49%
  18727  7150      406.0000   172      405.0000      407.0000 13918362    0.49%
  18926  7190      406.3333   246      405.0000      407.0000 14097540    0.49%
  19203  7250    infeasible            405.0000      407.0000 14178486    0.49%
  19532  7399      406.0000   179      405.0000      407.0000 14289773    0.49%
* 19665  7610      integral     0      406.0000      407.0000 14627440    0.25%
Exception raised in listener 'MipGapPrinter': 'int' object is not callable, id=131
  19846  7593      407.0000   154      406.0000      407.0000 14587386    0.25%
  19974  7757      407.0000   222      406.0000      407.0000 14769598    0.25%
Elapsed time = 4284.80 sec. (445847.54 ticks, tree = 332.80 MB, solutions = 11)
  20037  1472      407.0000   249      406.0000      407.0000 15283602    0.25%
  20075  1495      407.0000   234      406.0000      407.0000 15393092    0.25%
  20112  1497      407.0000   226      406.0000      407.0000 15463036    0.25%
  20171  1515      407.0000   151      406.0000      407.0000 15575445    0.25%
  20232  1505    infeasible            406.0000      407.0000 15566400    0.25%
  20298  1562      407.0000   321      406.0000      407.0000 15805026    0.25%
  20378  1559    infeasible            406.0000      407.0000 15882210    0.25%
  20454  1595      407.0000   239      406.0000      407.0000 16102055    0.25%
  20536  1609      407.0000   569      406.0000      407.0000 16183581    0.25%
  20572  1575      407.0000   285      406.0000      407.0000 15817106    0.25%
Elapsed time = 4744.63 sec. (484861.35 ticks, tree = 84.65 MB, solutions = 11)
  20611  1631      407.0000   284      406.0000      407.0000 16393634    0.25%
  20651  1671    infeasible            406.0000      407.0000 16648632    0.25%
  20700  1702      407.0000   266      406.0000      407.0000 16826458    0.25%
  20746  1708    infeasible            406.0000      407.0000 16936676    0.25%
  20824  1717      407.0000   289      406.0000      407.0000 17061965    0.25%
  20909  1744      407.0000   269      406.0000      407.0000 17008331    0.25%
  20967  1715    infeasible            406.0000      407.0000 17226558    0.25%
  21024  1774    infeasible            406.0000      407.0000 17389748    0.25%
  21062  1777    infeasible            406.0000      407.0000 17521443    0.25%
  21104  1724      407.0000   375      406.0000      407.0000 17244107    0.25%
Elapsed time = 5237.85 sec. (523414.84 ticks, tree = 91.69 MB, solutions = 11)
  21182  1804    infeasible            406.0000      407.0000 17757106    0.25%
  21240  1798    infeasible            406.0000      407.0000 18110038    0.25%
  21294  1801    infeasible            406.0000      407.0000 17926386    0.25%
  21313  1798      407.0000   200      406.0000      407.0000 18112745    0.25%
  21347  1833    infeasible            406.0000      407.0000 18604680    0.25%
  21401  1878      407.0000   297      406.0000      407.0000 18793563    0.25%
  21460  1860    infeasible            406.0000      407.0000 18734926    0.25%
  21513  1902    infeasible            406.0000      407.0000 19128668    0.25%
  21568  1920    infeasible            406.0000      407.0000 19190982    0.25%
  21625  1903      407.0000   261      406.0000      407.0000 19329736    0.25%
Elapsed time = 5747.06 sec. (562294.53 ticks, tree = 91.21 MB, solutions = 11)
  21684  1918      407.0000   181      406.0000      407.0000 19225416    0.25%
  21704  1905      407.0000   455      406.0000      407.0000 19551195    0.25%
  21757  1954      407.0000   171      406.0000      407.0000 19844223    0.25%
  21807  1940      407.0000   383      406.0000      407.0000 19835795    0.25%
  21885  2001      407.0000   277      406.0000      407.0000 20069657    0.25%
  21966  1968      407.0000   281      406.0000      407.0000 19867039    0.25%
  22048  2019    infeasible            406.0000      407.0000 20439317    0.25%
  22111  2033      407.0000   299      406.0000      407.0000 20403405    0.25%
  22172  2049      407.0000   151      406.0000      407.0000 20828503    0.25%
  22241  2071      407.0000   268      406.0000      407.0000 20985643    0.25%
Elapsed time = 6233.75 sec. (601052.11 ticks, tree = 83.55 MB, solutions = 11)
  22296  2039    infeasible            406.0000      407.0000 20861194    0.25%
  22350  2051        cutoff            406.0000      407.0000 21091594    0.25%
  22402  2080      407.0000   209      406.0000      407.0000 21158740    0.25%
  22492  2073      407.0000   190      406.0000      407.0000 21543875    0.25%
  22568  2072    infeasible            406.0000      407.0000 21487921    0.25%
  22610  2066        cutoff            406.0000      407.0000 21575352    0.25%
  22655  2119        cutoff            406.0000      407.0000 21717942    0.25%
  22704  2127      407.0000   216      406.0000      407.0000 22004482    0.25%
  22757  2126      407.0000   224      406.0000      407.0000 22162591    0.25%
  22807  2154      407.0000   195      406.0000      407.0000 22419187    0.25%
Elapsed time = 6894.92 sec. (639642.15 ticks, tree = 77.53 MB, solutions = 11)
  22870  2163      407.0000   371      406.0000      407.0000 22725352    0.25%
  22929  2144      407.0000   216      406.0000      407.0000 22492833    0.25%
  22998  2074      407.0000   413      406.0000      407.0000 21678613    0.25%
  23068  2219    infeasible            406.0000      407.0000 23127825    0.25%
  23119  2122      407.0000   509      406.0000      407.0000 22155143    0.25%
  23182  2245      407.0000   241      406.0000      407.0000 23224589    0.25%
  23253  2243    infeasible            406.0000      407.0000 23221850    0.25%
  23345  2301      407.0000   244      406.0000      407.0000 23552793    0.25%
  23472  2343      407.0000   107      406.0000      407.0000 23800629    0.25%
  23550  2334    infeasible            406.0000      407.0000 23876730    0.25%
Elapsed time = 7833.71 sec. (678212.06 ticks, tree = 83.88 MB, solutions = 11)
  23609  2354    infeasible            406.0000      407.0000 24043773    0.25%
  23707  2351      407.0000   196      406.0000      407.0000 24000540    0.25%
  23795  2364      407.0000   237      406.0000      407.0000 24111020    0.25%
  23871  2356      407.0000   264      406.0000      407.0000 24029039    0.25%
  23953  2376      407.0000    83      406.0000      407.0000 24252453    0.25%
  24020  2387    infeasible            406.0000      407.0000 24562472    0.25%
  24070  2399        cutoff            406.0000      407.0000 24504363    0.25%
  24149  2420      407.0000   212      406.0000      407.0000 24442274    0.25%
  24219  2408      407.0000   284      406.0000      407.0000 24905249    0.25%
  24280  2411      407.0000   429      406.0000      407.0000 24394793    0.25%
Elapsed time = 8819.55 sec. (716975.81 ticks, tree = 76.49 MB, solutions = 11)
  24337  2444    infeasible            406.0000      407.0000 25385138    0.25%
  24418  2450      407.0000   209      406.0000      407.0000 25843833    0.25%
  24483  2441    infeasible            406.0000      407.0000 25700688    0.25%
  24552  2435      407.0000   309      406.0000      407.0000 25595911    0.25%
  24622  2458    infeasible            406.0000      407.0000 25854604    0.25%
  24671  2436    infeasible            406.0000      407.0000 26020866    0.25%
  24710  2444      407.0000   286      406.0000      407.0000 26057600    0.25%
  24791  2433    infeasible            406.0000      407.0000 26122465    0.25%
  24845  2458      407.0000   346      406.0000      407.0000 26970836    0.25%
  24908  2461      407.0000   314      406.0000      407.0000 26946276    0.25%
Elapsed time = 9698.43 sec. (756485.71 ticks, tree = 72.52 MB, solutions = 11)
  24977  2477      407.0000   306      406.0000      407.0000 27249987    0.25%
  25041  2489      407.0000   270      406.0000      407.0000 27260786    0.25%
  25089  2453      407.0000   170      406.0000      407.0000 27051706    0.25%
  25132  2520      407.0000   127      406.0000      407.0000 27864680    0.25%
  25174  2525      407.0000   114      406.0000      407.0000 27877087    0.25%
  25240  2527      407.0000   255      406.0000      407.0000 28003753    0.25%
  25300  2501    infeasible            406.0000      407.0000 27764287    0.25%
  25364  2471      407.0000   557      406.0000      407.0000 27309142    0.25%
  25423  2490      407.0000   496      406.0000      407.0000 27499306    0.25%
  25494  2565      407.0000   363      406.0000      407.0000 28818467    0.25%
Elapsed time = 10353.21 sec. (795283.69 ticks, tree = 74.17 MB, solutions = 11)
  25581  2575      407.0000   297      406.0000      407.0000 28512482    0.25%
  25657  2567      407.0000   197      406.0000      407.0000 28716582    0.25%
  25705  2575    infeasible            406.0000      407.0000 28951388    0.25%
  25760  2593      407.0000   394      406.0000      407.0000 29295261    0.25%
  25809  2571    infeasible            406.0000      407.0000 28805015    0.25%
  25862  2624    infeasible            406.0000      407.0000 29607361    0.25%
  25898  2611      407.0000   291      406.0000      407.0000 29691470    0.25%
  25955  2623    infeasible            406.0000      407.0000 29670507    0.25%
  26018  2630      407.0000   212      406.0000      407.0000 29987400    0.25%
  26089  2630      407.0000   238      406.0000      407.0000 30077472    0.25%
Elapsed time = 11035.33 sec. (833983.78 ticks, tree = 66.80 MB, solutions = 11)
  26143  2614      407.0000   132      406.0000      407.0000 29738955    0.25%
  26175  2633      407.0000   384      406.0000      407.0000 30016646    0.25%
  26228  2637      407.0000   234      406.0000      407.0000 30111445    0.25%
  26274  2623      407.0000   159      406.0000      407.0000 30169274    0.25%
  26319  2672    infeasible            406.0000      407.0000 30722218    0.25%
  26366  2643      407.0000   218      406.0000      407.0000 30600386    0.25%
  26435  2676      407.0000   306      406.0000      407.0000 31266115    0.25%
  26483  2681      407.0000   224      406.0000      407.0000 31304557    0.25%
  26533  2684      407.0000   147      406.0000      407.0000 31362934    0.25%
  26586  2666      407.0000   306      406.0000      407.0000 30972146    0.25%
Elapsed time = 11699.17 sec. (872609.04 ticks, tree = 64.92 MB, solutions = 11)
  26642  2699      407.0000   418      406.0000      407.0000 31556938    0.25%
  26694  2711      407.0000   183      406.0000      407.0000 31564708    0.25%
  26765  2731      407.0000   370      406.0000      407.0000 32175473    0.25%
  26822  2725    infeasible            406.0000      407.0000 31877312    0.25%
  26911  2709      407.0000   192      406.0000      407.0000 31793233    0.25%
  26967  2768      407.0000   260      406.0000      407.0000 32519202    0.25%
  27034  2773      407.0000   259      406.0000      407.0000 32479379    0.25%
  27114  2760      407.0000   361      406.0000      407.0000 32476373    0.25%
  27174  2795      407.0000   187      406.0000      407.0000 33006919    0.25%
  27244  2763      407.0000   208      406.0000      407.0000 32652836    0.25%
Elapsed time = 12177.72 sec. (911587.47 ticks, tree = 63.44 MB, solutions = 11)
  27305  2793    infeasible            406.0000      407.0000 32836544    0.25%
  27384  2792    infeasible            406.0000      407.0000 32985520    0.25%
  27444  2891        cutoff            406.0000      407.0000 33652040    0.25%
  27495  2920      407.0000   228      406.0000      407.0000 34018181    0.25%
  27579  2917      407.0000   181      406.0000      407.0000 33721028    0.25%
  27653  2956    infeasible            406.0000      407.0000 34318444    0.25%
  27710  2958      407.0000   202      406.0000      407.0000 34261638    0.25%
  27820  3003      407.0000   166      406.0000      407.0000 34789889    0.25%
  28028  3050      407.0000   103      406.0000      407.0000 34880464    0.25%
  28139  2976      407.0000   232      406.0000      407.0000 34668607    0.25%
Elapsed time = 12611.18 sec. (950286.66 ticks, tree = 67.11 MB, solutions = 11)
  28247  3003      407.0000   101      406.0000      407.0000 34537547    0.25%
  28311  3090      407.0000   309      406.0000      407.0000 35206839    0.25%
  28389  3076    infeasible            406.0000      407.0000 35143766    0.25%
  28439  3112      407.0000   401      406.0000      407.0000 35395770    0.25%
  28488  3087      407.0000   214      406.0000      407.0000 35276862    0.25%
  28617  3124      407.0000   145      406.0000      407.0000 35313172    0.25%
  28742  3240      407.0000   307      406.0000      407.0000 35814088    0.25%
  28868  3301    infeasible            406.0000      407.0000 35989831    0.25%
  29014  3322      407.0000   237      406.0000      407.0000 36208174    0.25%
  29193  3305      407.0000    87      406.0000      407.0000 36002522    0.25%
Elapsed time = 13036.26 sec. (988956.49 ticks, tree = 75.07 MB, solutions = 11)
  29350  3374      407.0000   306      406.0000      407.0000 36351641    0.25%
  29581  3378    infeasible            406.0000      407.0000 36327280    0.25%
  29862  3355      407.0000    95      406.0000      407.0000 36316253    0.25%
  30075  3484    infeasible            406.0000      407.0000 36834606    0.25%
  30301  3390    infeasible            406.0000      407.0000 36546941    0.25%
  30519  3450    infeasible            406.0000      407.0000 36759012    0.25%
  30779  3622      407.0000   198      406.0000      407.0000 37034677    0.25%
  31141  3630    infeasible            406.0000      407.0000 37102654    0.25%
  31375  3555      407.0000   192      406.0000      407.0000 36944473    0.25%
  31701  3638      407.0000   140      406.0000      407.0000 37417169    0.25%
Elapsed time = 13427.85 sec. (1027187.98 ticks, tree = 79.90 MB, solutions = 11)
  32140  3495    infeasible            406.0000      407.0000 36942417    0.25%
  32584  3655    infeasible            406.0000      407.0000 37372589    0.25%
  33027  3700        cutoff            406.0000      407.0000 37766645    0.25%
  33334  3738      407.0000   317      406.0000      407.0000 37896585    0.25%
  33459  3894    infeasible            406.0000      407.0000 38198495    0.25%
  33548  3792      407.0000   170      406.0000      407.0000 38016701    0.25%
  33676  3895    infeasible            406.0000      407.0000 38306357    0.25%
  33762  3856    infeasible            406.0000      407.0000 38540509    0.25%
  33875  3861      407.0000   227      406.0000      407.0000 38588322    0.25%
  33986  3864      407.0000   203      406.0000      407.0000 38447611    0.25%
Elapsed time = 13836.15 sec. (1065627.67 ticks, tree = 82.49 MB, solutions = 11)
  34098  3874      407.0000   158      406.0000      407.0000 38518333    0.25%
  34182  3866      407.0000   215      406.0000      407.0000 38453007    0.25%
  34267  3883      407.0000   257      406.0000      407.0000 39014098    0.25%
  34347  3904      407.0000   406      406.0000      407.0000 38261904    0.25%
  34470  3899      407.0000   200      406.0000      407.0000 38862008    0.25%
  34546  3888      407.0000   212      406.0000      407.0000 39083439    0.25%
  34618  3890    infeasible            406.0000      407.0000 39093124    0.25%
  34705  3855    infeasible            406.0000      407.0000 39521221    0.25%
  34792  3833      407.0000   236      406.0000      407.0000 39244805    0.25%
  34903  3844      407.0000   242      406.0000      407.0000 39689917    0.25%
Elapsed time = 14299.16 sec. (1104278.01 ticks, tree = 79.17 MB, solutions = 11)
  35033  3851    infeasible            406.0000      407.0000 39737560    0.25%
  35102  3869    infeasible            406.0000      407.0000 39973205    0.25%
  35126  3846      407.0000   443      406.0000      407.0000 39359428    0.25%

GUB cover cuts applied:  235
Clique cuts applied:  21
Cover cuts applied:  822
Implied bound cuts applied:  1462
Flow cuts applied:  23
Mixed integer rounding cuts applied:  157
Zero-half cuts applied:  233
Lift and project cuts applied:  17
Gomory fractional cuts applied:  98

Root node processing (before b&c):
  Real time             =   83.92 sec. (66788.88 ticks)
Parallel b&c, 24 threads:
  Real time             = 14316.68 sec. (1050439.40 ticks)
  Sync time (average)   = 2308.06 sec.
  Wait time (average)   =    0.21 sec.
                          ------------
Total (root+branch&cut) = 14400.60 sec. (1117228.28 ticks)
status  = time limit exceeded
time    = 14400.8 s.
problem = MILP
gap     = 0.246305%

Objective value: 406.0
[50, 50, 8, 10, 400, 139, 406, 406, 0.25, 14400.78]
number of spatial :  340
Heuristic Solution information :  [50, 50, 8, 10, 400, 131, 356, 16, 340]
