CPXPARAM_Read_DataCheck                          1
CPXPARAM_TimeLimit                               14400
Tried aggregator 2 times.
MIP Presolve eliminated 49632 rows and 169833 columns.
MIP Presolve modified 2461 coefficients.
Aggregator did 1216 substitutions.
Reduced MIP has 313313 rows, 120991 columns, and 1218246 nonzeros.
Reduced MIP has 115991 binaries, 0 generals, 0 SOSs, and 0 indicators.
Presolve time = 1.14 sec. (4649.13 ticks)
Probing time = 0.69 sec. (29.56 ticks)
Tried aggregator 1 time.
MIP Presolve eliminated 147000 rows and 3000 columns.
Reduced MIP has 166313 rows, 117991 columns, and 924246 nonzeros.
Reduced MIP has 115991 binaries, 0 generals, 0 SOSs, and 0 indicators.
Presolve time = 0.76 sec. (1092.64 ticks)
Probing time = 0.45 sec. (28.67 ticks)
Clique table members: 63338.
MIP emphasis: balance optimality and feasibility.
MIP search method: dynamic search.
Parallel mode: deterministic, using up to 24 threads.
Root relaxation solution time = 13.82 sec. (8465.11 ticks)

        Nodes                                         Cuts/
   Node  Left     Objective  IInf  Best Integer    Best Bound    ItCnt     Gap

*     0+    0                          350.0000     1224.0000           249.71%
      0     0      912.0000  1224      350.0000      912.0000    69051  160.57%
Exception raised in listener 'MipGapPrinter': 'int' object is not callable, id=1
*     0+    0                          573.0000      912.0000            59.16%
Exception raised in listener 'MipGapPrinter': 'int' object is not callable, id=3
      0     0      851.0278  1332      573.0000    Cuts: 1116   101698   48.52%
      0     0      837.7778  1582      573.0000     Cuts: 897   135012   46.21%
      0     0      826.7500  1533      573.0000     Cuts: 772   163305   44.28%
*     0+    0                          710.0000      826.7500            16.44%
*     0+    0                          714.0000      826.7500            15.79%
*     0+    0                          726.0000      826.7500            13.88%
*     0+    0                          734.0000      826.7500            12.64%
*     0+    0                          738.0000      826.7500            12.03%
Exception raised in listener 'MipGapPrinter': 'int' object is not callable, id=9
      0     0      821.0000  1564      738.0000     Cuts: 808   192052   11.25%
      0     0      821.0000  1622      738.0000     Cuts: 777   231271   11.25%
*     0+    0                          787.0000      821.0000             4.32%
Exception raised in listener 'MipGapPrinter': 'int' object is not callable, id=14
      0     0      821.0000  1256      787.0000      Cuts: 78   267233    4.32%
*     0+    0                          792.0000      821.0000             3.66%
Exception raised in listener 'MipGapPrinter': 'int' object is not callable, id=16
      0     0      821.0000  1459      792.0000     Cuts: 497   295708    3.66%
Heuristic still looking.
Heuristic still looking.
*     0+    0                          793.0000      821.0000             3.53%
*     0+    0                          795.0000      821.0000             3.27%
*     0+    0                          796.0000      821.0000             3.14%
*     0+    0                          797.0000      821.0000             3.01%
Exception raised in listener 'MipGapPrinter': 'int' object is not callable, id=18
      0     2      821.0000   603      797.0000      821.0000   295708    3.01%
Elapsed time = 2735.61 sec. (745884.61 ticks, tree = 0.02 MB, solutions = 13)
      1     3      821.0000   766      797.0000      821.0000   298316    3.01%
      2     4      821.0000   825      797.0000      821.0000   299302    3.01%
      3     5      821.0000   773      797.0000      821.0000   300062    3.01%
      4     6      821.0000   742      797.0000      821.0000   300967    3.01%
      5     7      821.0000   681      797.0000      821.0000   302095    3.01%
      6     8      821.0000   733      797.0000      821.0000   302575    3.01%
      7     9      821.0000   744      797.0000      821.0000   302828    3.01%
      8    10      821.0000   801      797.0000      821.0000   303762    3.01%
      9    11      821.0000   809      797.0000      821.0000   304005    3.01%
     10     7      821.0000   737      797.0000      821.0000   301150    3.01%
Elapsed time = 2876.62 sec. (761029.65 ticks, tree = 0.02 MB, solutions = 13)
     11    13      821.0000   672      797.0000      821.0000   305810    3.01%
     15    17      821.0000   784      797.0000      821.0000   306926    3.01%
     19    21      821.0000   896      797.0000      821.0000   308608    3.01%
     25    24      821.0000   663      797.0000      821.0000   312283    3.01%
     29     9      821.0000   747      797.0000      821.0000   302822    3.01%
     37    33      821.0000   648      797.0000      821.0000   317009    3.01%
     52    36      821.0000   675      797.0000      821.0000   320097    3.01%
     71    44      821.0000   609      797.0000      821.0000   318975    3.01%
     91    36      821.0000   881      797.0000      821.0000   322703    3.01%
    116    78      821.0000   712      797.0000      821.0000   333125    3.01%
Elapsed time = 3045.89 sec. (771286.15 ticks, tree = 2.19 MB, solutions = 13)
    137    87      821.0000   765      797.0000      821.0000   339284    3.01%
    170    47      821.0000   719      797.0000      821.0000   327012    3.01%
    203    97      821.0000   687      797.0000      821.0000   345633    3.01%
    232   150      821.0000   743      797.0000      821.0000   360603    3.01%
    270   199      821.0000   732      797.0000      821.0000   380512    3.01%
    313   228      821.0000   784      797.0000      821.0000   393478    3.01%
    353   244      821.0000   781      797.0000      821.0000   397493    3.01%
    384   283      821.0000   663      797.0000      821.0000   408459    3.01%
    412   297      821.0000   715      797.0000      821.0000   410866    3.01%
*   437+   21                          798.0000      821.0000             2.88%
    448   302      821.0000   726      798.0000      821.0000   412143    2.88%
Elapsed time = 3204.78 sec. (781233.41 ticks, tree = 9.09 MB, solutions = 13)
    481   391      821.0000   691      798.0000      821.0000   440328    2.88%
*   504+   21                          800.0000      821.0000             2.62%
    512   409      821.0000   627      800.0000      821.0000   443037    2.62%
    535   422      821.0000   688      800.0000      821.0000   446413    2.62%
    548   446      821.0000   665      800.0000      821.0000   451763    2.62%
    563   463      821.0000   597      800.0000      821.0000   454721    2.62%
    580   470      821.0000   623      800.0000      821.0000   460775    2.62%
    601   485      821.0000   752      800.0000      821.0000   465131    2.62%
    625   522      821.0000   639      800.0000      821.0000   476549    2.62%
    654   512      821.0000   672      800.0000      821.0000   473661    2.62%
*   694+   21                          801.0000      821.0000             2.50%
    696   549      821.0000   601      801.0000      821.0000   481503    2.50%
Elapsed time = 3378.75 sec. (790934.95 ticks, tree = 17.71 MB, solutions = 13)
    733   561      821.0000   538      801.0000      821.0000   487105    2.50%
    774   610    infeasible            801.0000      821.0000   495224    2.50%
    816   603      821.0000   641      801.0000      821.0000   493680    2.50%
    864   681      821.0000   572      801.0000      821.0000   507576    2.50%
*   867+   21                          802.0000      821.0000             2.37%
    920   731      821.0000   643      802.0000      821.0000   516708    2.37%
    979   760      821.0000   679      802.0000      821.0000   523348    2.37%
Exception raised in listener 'MipGapPrinter': 'int' object is not callable, id=34
   1034   767      821.0000   760      802.0000      821.0000   524948    2.37%
   1092   799      821.0000   512      802.0000      821.0000   533056    2.37%
   1163   899    infeasible            802.0000      821.0000   558303    2.37%
   1232   892      821.0000   637      802.0000      821.0000   554171    2.37%
Elapsed time = 3509.85 sec. (800629.78 ticks, tree = 33.27 MB, solutions = 17)
   1304   939    infeasible            802.0000      821.0000   571489    2.37%
   1372   988      821.0000   689      802.0000      821.0000   578885    2.37%
   1450  1065      821.0000   604      802.0000      821.0000   596280    2.37%
   1540  1149      821.0000   690      802.0000      821.0000   615692    2.37%
   1616  1180      821.0000   651      802.0000      821.0000   620008    2.37%
   1683  1304      821.0000   657      802.0000      821.0000   648642    2.37%
   1748  1403      821.0000   702      802.0000      821.0000   674326    2.37%
   1813  1437      821.0000   644      802.0000      821.0000   683357    2.37%
   1877  1356    infeasible            802.0000      821.0000   661501    2.37%
   1926  1344      821.0000   512      802.0000      821.0000   660312    2.37%
Elapsed time = 3654.80 sec. (810376.52 ticks, tree = 54.57 MB, solutions = 21)
   1978  1510      821.0000   505      802.0000      821.0000   702089    2.37%
   2036  1514      821.0000   515      802.0000      821.0000   702445    2.37%
   2079  1482      821.0000   516      802.0000      821.0000   695678    2.37%
   2126  1586    infeasible            802.0000      821.0000   721497    2.37%
   2173  1660      821.0000   741      802.0000      821.0000   736318    2.37%
   2229  1699      821.0000   668      802.0000      821.0000   748138    2.37%
   2305  1694      821.0000   548      802.0000      821.0000   745614    2.37%
   2380  1710      821.0000   664      802.0000      821.0000   750360    2.37%
   2454  1709      821.0000   570      802.0000      821.0000   751604    2.37%
   2534  1723      821.0000   608      802.0000      821.0000   752313    2.37%
Elapsed time = 3791.91 sec. (820035.82 ticks, tree = 73.08 MB, solutions = 21)
   2609  1820      821.0000   436      802.0000      821.0000   781226    2.37%
   2693  1839      821.0000   477      802.0000      821.0000   784579    2.37%
   2776  1845      821.0000   489      802.0000      821.0000   785727    2.37%
   2865  1849      821.0000   492      802.0000      821.0000   786874    2.37%
   2961  2022      821.0000   418      802.0000      821.0000   840098    2.37%
   3054  2001      821.0000   712      802.0000      821.0000   835293    2.37%
   3152    20      821.0000   667      802.0000      821.0000   308690    2.37%
   3262  2158      821.0000   733      802.0000      821.0000   863703    2.37%
   3373  2113      821.0000   644      802.0000      821.0000   857416    2.37%
   3497  2195      821.0000   660      802.0000      821.0000   876455    2.37%
Elapsed time = 3924.85 sec. (829647.61 ticks, tree = 95.16 MB, solutions = 21)
   3632  2321    infeasible            802.0000      821.0000   910014    2.37%
   3769  2487      821.0000   713      802.0000      821.0000   949999    2.37%
   3903  2480      821.0000   665      802.0000      821.0000   947396    2.37%
   4033  2645    infeasible            802.0000      821.0000  1005302    2.37%
   4166  2588      821.0000   745      802.0000      821.0000   986246    2.37%
   4294  2691      821.0000   653      802.0000      821.0000  1019385    2.37%
   4430   236      821.0000   662      802.0000      821.0000   397830    2.37%
   4585  2702      821.0000   669      802.0000      821.0000  1023686    2.37%
   4734  2993      821.0000   505      802.0000      821.0000  1091821    2.37%
   4886  2955      821.0000   789      802.0000      821.0000  1082916    2.37%
Elapsed time = 4053.84 sec. (839275.43 ticks, tree = 133.50 MB, solutions = 21)
   5036  2961      821.0000   791      802.0000      821.0000  1083836    2.37%
   5184  3000      821.0000   501      802.0000      821.0000  1095291    2.37%
   5308  3346      820.5000   344      802.0000      821.0000  1204787    2.37%
   5424  3257      821.0000   499      802.0000      821.0000  1180434    2.37%
   5534  3710      821.0000   509      802.0000      821.0000  1298146    2.37%
   5673  3619      821.0000   318      802.0000      821.0000  1276634    2.37%
   5813  3579      821.0000   468      802.0000      821.0000  1266238    2.37%
   5955  3690    infeasible            802.0000      821.0000  1297154    2.37%
   6105  3866      821.0000   532      802.0000      821.0000  1328872    2.37%
   6684  4320      821.0000   599      802.0000      821.0000  1485889    2.37%
Elapsed time = 4218.69 sec. (851736.65 ticks, tree = 216.09 MB, solutions = 21)
   7278  4672      820.5000   260      802.0000      821.0000  1616342    2.37%
*  7454+ 3317                          803.0000      821.0000             2.24%
   7847  4861      821.0000   455      803.0000      821.0000  1683901    2.24%
*  8066+ 3317                          804.0000      821.0000             2.11%
   8341  5243      820.5000   517      804.0000      821.0000  1827918    2.11%
   8781  5586    infeasible            804.0000      821.0000  2003578    2.11%
   9201  6043      820.5000   335      804.0000      821.0000  2319457    2.11%
   9509  6291      820.5000   395      804.0000      821.0000  2577094    2.11%
Exception raised in listener 'MipGapPrinter': 'int' object is not callable, id=51
   9824  6669      819.5000   391      804.0000      821.0000  2824582    2.11%
  10196  6576    infeasible            804.0000      821.0000  2737723    2.11%
  10578  7011      814.4667   121      804.0000      821.0000  3103860    2.11%
* 10853+ 3472                          805.0000      821.0000             1.99%
  10998  7107      813.2000   117      805.0000      821.0000  3220075    1.99%
Elapsed time = 4680.02 sec. (889989.62 ticks, tree = 385.83 MB, solutions = 25)
  11149  7333      819.5000   367      805.0000      821.0000  3311502    1.99%
  11175  4926      821.0000   748      805.0000      821.0000  1702055    1.99%
  11177    25      821.0000   936      805.0000      821.0000   311275    1.99%
* 11178+ 5230                          806.0000      821.0000             1.86%
Exception raised in listener 'MipGapPrinter': 'int' object is not callable, id=53
  11178  5231      821.0000   652      806.0000      821.0000  4093362    1.86%
  11179  5231      821.0000   970      806.0000      821.0000  4119190    1.86%
  11180  5232      821.0000  1057      806.0000      821.0000  4143817    1.86%

GUB cover cuts applied:  176
Cover cuts applied:  9
Implied bound cuts applied:  40
Flow cuts applied:  1
Mixed integer rounding cuts applied:  5
Zero-half cuts applied:  81
Lift and project cuts applied:  7
Gomory fractional cuts applied:  65

Root node processing (before b&c):
  Real time             = 2719.51 sec. (745732.16 ticks)
Parallel b&c, 24 threads:
  Real time             = 11683.11 sec. (1281828.16 ticks)
  Sync time (average)   = 1443.33 sec.
  Wait time (average)   =    1.38 sec.
                          ------------
Total (root+branch&cut) = 14402.62 sec. (2027560.31 ticks)
status  = time limit exceeded
time    = 14403.8 s.
problem = MILP
gap     = 1.86104%

Objective value: 806.0
[50, 100, 8, 10, 400, 255, 806, 820, 1.86, 14403.79]
number of spatial :  750
Heuristic Solution information :  [50, 100, 8, 10, 400, 250, 766, 16, 750]
