CPXPARAM_Read_DataCheck                          1
CPXPARAM_TimeLimit                               14400
Tried aggregator 2 times.
MIP Presolve eliminated 25178 rows and 226438 columns.
MIP Presolve modified 1481 coefficients.
Aggregator did 1216 substitutions.
Reduced MIP has 279810 rows, 64386 columns, and 860762 nonzeros.
Reduced MIP has 59386 binaries, 0 generals, 0 SOSs, and 0 indicators.
Presolve time = 0.75 sec. (4189.70 ticks)
Probing time = 0.42 sec. (17.48 ticks)
Tried aggregator 1 time.
MIP Presolve eliminated 196000 rows and 4000 columns.
Reduced MIP has 83810 rows, 60386 columns, and 468762 nonzeros.
Reduced MIP has 59386 binaries, 0 generals, 0 SOSs, and 0 indicators.
Presolve time = 0.52 sec. (608.99 ticks)
Probing time = 0.25 sec. (13.66 ticks)
Clique table members: 31934.
MIP emphasis: balance optimality and feasibility.
MIP search method: dynamic search.
Parallel mode: deterministic, using up to 24 threads.
Root relaxation solution time = 2.66 sec. (1967.54 ticks)

        Nodes                                         Cuts/
   Node  Left     Objective  IInf  Best Integer    Best Bound    ItCnt     Gap

*     0+    0                          387.0000     1224.0000           216.28%
      0     0      804.0000   844      387.0000      804.0000    24527  107.75%
Exception raised in listener 'MipGapPrinter': 'int' object is not callable, id=1
*     0+    0                          507.0000      804.0000            58.58%
Exception raised in listener 'MipGapPrinter': 'int' object is not callable, id=3
      0     0      744.0000   804      507.0000     Cuts: 931    35425   46.75%
      0     0      725.7500   863      507.0000     Cuts: 535    44759   43.15%
      0     0      713.0000   939      507.0000     Cuts: 413    53844   40.63%
*     0+    0                          626.0000      713.0000            13.90%
*     0+    0                          650.0000      713.0000             9.69%
*     0+    0                          659.0000      713.0000             8.19%
Exception raised in listener 'MipGapPrinter': 'int' object is not callable, id=9
      0     0      713.0000   913      659.0000     Cuts: 344    62604    8.19%
      0     0      713.0000  1053      659.0000     Cuts: 301    73945    8.19%
      0     0      713.0000   571      659.0000      Cuts: 28    79900    8.19%
*     0+    0                          673.0000      713.0000             5.94%
*     0+    0                          687.0000      713.0000             3.78%
*     0+    0                          688.0000      713.0000             3.63%
*     0+    0                          692.0000      713.0000             3.03%
*     0+    0                          694.0000      713.0000             2.74%
Exception raised in listener 'MipGapPrinter': 'int' object is not callable, id=16
      0     0      713.0000   738      694.0000     Cuts: 301    90194    2.74%
Heuristic still looking.
*     0+    0                          696.0000      713.0000             2.44%
Exception raised in listener 'MipGapPrinter': 'int' object is not callable, id=19
      0     2      713.0000   322      696.0000      713.0000    90194    2.44%
Elapsed time = 736.87 sec. (130799.38 ticks, tree = 0.02 MB, solutions = 11)
      1     3      713.0000   493      696.0000      713.0000    98051    2.44%
      2     3      713.0000   320      696.0000      713.0000    90218    2.44%
      3     4      713.0000   584      696.0000      713.0000   108442    2.44%
      4     5      713.0000   510      696.0000      713.0000   106382    2.44%
      6     8      713.0000   568      696.0000      713.0000   128581    2.44%
      7     6      713.0000   652      696.0000      713.0000   121068    2.44%
      8     8    infeasible            696.0000      713.0000   141815    2.44%
      9     7      713.0000   626      696.0000      713.0000   128960    2.44%
     10     5      713.0000   549      696.0000      713.0000   109825    2.44%
     11     9      713.0000   661      696.0000      713.0000   139196    2.44%
Elapsed time = 901.43 sec. (153484.69 ticks, tree = 0.04 MB, solutions = 11)
     13     6      713.0000   671      696.0000      713.0000   121787    2.44%
     14     8      713.0000   651      696.0000      713.0000   131793    2.44%
     17     9      713.0000   635      696.0000      713.0000   138652    2.44%
     22    10      713.0000   706      696.0000      713.0000   166029    2.44%
     23    14      713.0000   647      696.0000      713.0000   212274    2.44%
     25    16      713.0000   760      696.0000      713.0000   238923    2.44%
     29    20      713.0000   541      696.0000      713.0000   249201    2.44%
     31    11      713.0000   613      696.0000      713.0000   177427    2.44%
     34    23      713.0000   655      696.0000      713.0000   296404    2.44%
     37    35    infeasible            696.0000      713.0000   444183    2.44%
Elapsed time = 1114.13 sec. (171200.02 ticks, tree = 0.02 MB, solutions = 11)
     42    24      713.0000   777      696.0000      713.0000   310844    2.44%
     46    21      713.0000   664      696.0000      713.0000   271608    2.44%
     48    18      713.0000   704      696.0000      713.0000   263453    2.44%
     52    41      713.0000   630      696.0000      713.0000   497922    2.44%
     55    38      713.0000   633      696.0000      713.0000   465303    2.44%
     57    36      713.0000   712      696.0000      713.0000   443410    2.44%
     65    47      713.0000   715      696.0000      713.0000   575336    2.44%
*    66+   22                          699.0000      713.0000             2.00%
*    66+   22                          702.0000      713.0000             1.57%
     67    46      713.0000   712      702.0000      713.0000   564781    1.57%
     68    42      713.0000   624      702.0000      713.0000   508420    1.57%
     71    46      713.0000   582      702.0000      713.0000   563314    1.57%
Elapsed time = 1311.06 sec. (184275.74 ticks, tree = 0.19 MB, solutions = 11)
     75    41      713.0000   705      702.0000      713.0000   500092    1.57%
     81    52      713.0000   865      702.0000      713.0000   649994    1.57%
     85    55      713.0000   694      702.0000      713.0000   683615    1.57%
     89    65      713.0000   692      702.0000      713.0000   787763    1.57%
     92    69      713.0000   730      702.0000      713.0000   849310    1.57%
     94    64      713.0000   764      702.0000      713.0000   777379    1.57%
*    98+   23                          703.0000      713.0000             1.42%
     99    75      713.0000   764      703.0000      713.0000   921089    1.42%
    103    78      713.0000   754      703.0000      713.0000   945644    1.42%
    107    70      713.0000   751      703.0000      713.0000   858751    1.42%
    111    71      713.0000   662      703.0000      713.0000   872930    1.42%
Elapsed time = 1526.23 sec. (196534.81 ticks, tree = 0.64 MB, solutions = 13)
    117    87      713.0000   706      703.0000      713.0000  1041910    1.42%
    120    88      713.0000   811      703.0000      713.0000  1053368    1.42%
Exception raised in listener 'MipGapPrinter': 'int' object is not callable, id=30
    125    73      713.0000   717      703.0000      713.0000   895754    1.42%
    134    95      713.0000   736      703.0000      713.0000  1126438    1.42%
    140    80      713.0000   755      703.0000      713.0000   971680    1.42%
    144   120      713.0000   767      703.0000      713.0000  1396626    1.42%
    152   125      713.0000   678      703.0000      713.0000  1445489    1.42%
    165   105      713.0000   704      703.0000      713.0000  1248329    1.42%
    179   136      713.0000   685      703.0000      713.0000  1448835    1.42%
    191   131      713.0000   785      703.0000      713.0000  1525154    1.42%
Elapsed time = 1786.34 sec. (207705.75 ticks, tree = 1.07 MB, solutions = 16)
    208   140      713.0000   710      703.0000      713.0000  1542003    1.42%
    220    94      713.0000   765      703.0000      713.0000  1120804    1.42%
    237   142      713.0000   734      703.0000      713.0000  1449474    1.42%
    259   150      713.0000   634      703.0000      713.0000  1451277    1.42%
    264   137      713.0000   730      703.0000      713.0000  1572940    1.42%
    267   150      713.0000   662      703.0000      713.0000  1669230    1.42%
    274   143      713.0000   852      703.0000      713.0000  1601090    1.42%
    287   223      713.0000   597      703.0000      713.0000  1788915    1.42%
    300   239      713.0000   537      703.0000      713.0000  1844232    1.42%
    307   125      713.0000   852      703.0000      713.0000  1433390    1.42%
Elapsed time = 2043.84 sec. (218264.26 ticks, tree = 0.97 MB, solutions = 16)
    335   252      713.0000   573      703.0000      713.0000  1888147    1.42%
    383   263    infeasible            703.0000      713.0000  1966002    1.42%
    439   265      713.0000   676      703.0000      713.0000  1981468    1.42%
    479   278      713.0000   436      703.0000      713.0000  1970357    1.42%
    503   314      713.0000   708      703.0000      713.0000  2043974    1.42%
    543   292      713.0000   387      703.0000      713.0000  1975590    1.42%
    609   344      713.0000   487      703.0000      713.0000  2135383    1.42%
    663   314      713.0000   340      703.0000      713.0000  1981601    1.42%
    729   282      713.0000   425      703.0000      713.0000  1893331    1.42%
    812   267      713.0000   559      703.0000      713.0000  1964297    1.42%
Elapsed time = 2294.50 sec. (227950.80 ticks, tree = 7.17 MB, solutions = 17)
    862   285      713.0000   606      703.0000      713.0000  2004396    1.42%
    924   290      713.0000   607      703.0000      713.0000  2005439    1.42%
   1003   388      712.5000   301      703.0000      713.0000  2151405    1.42%
   1102   573      713.0000   279      703.0000      713.0000  2217664    1.42%
   1208   404      712.5000   286      703.0000      713.0000  2153844    1.42%
   1338   620      713.0000   501      703.0000      713.0000  2231728    1.42%
   1471   732      713.0000   498      703.0000      713.0000  2271170    1.42%
   1602   609      712.0000   202      703.0000      713.0000  2222313    1.42%
   1702   538    infeasible            703.0000      713.0000  2215359    1.42%
   1851   623      713.0000   384      703.0000      713.0000  2230312    1.42%
Elapsed time = 2504.53 sec. (237567.91 ticks, tree = 17.45 MB, solutions = 17)
   2043   975    infeasible            703.0000      713.0000  2414384    1.42%
   2248   712      713.0000   488      703.0000      713.0000  2250863    1.42%
   2465   743      713.0000   433      703.0000      713.0000  2275386    1.42%
   2713   843      713.0000   329      703.0000      713.0000  2331152    1.42%
   2975  1017      711.0000   219      703.0000      713.0000  2423015    1.42%
*  3119+ 1442                          704.0000      713.0000             1.28%
   3223  1386      711.6000   138      704.0000      713.0000  2532800    1.28%
Exception raised in listener 'MipGapPrinter': 'int' object is not callable, id=35
   3467   949      713.0000   229      704.0000      713.0000  2376468    1.28%
   3726  1608      713.0000   219      704.0000      713.0000  2580504    1.28%
   3994  1234      711.0000   162      704.0000      713.0000  2503359    1.28%
   4268  1514      713.0000   257      704.0000      713.0000  2564842    1.28%
Elapsed time = 2693.33 sec. (247153.85 ticks, tree = 39.42 MB, solutions = 18)
   4554  1258      711.0000   109      704.0000      713.0000  2514776    1.28%
   4820  2626    infeasible            704.0000      713.0000  2861390    1.28%
   5087  2248    infeasible            704.0000      713.0000  2752170    1.28%
   5348  3132      713.0000   284      704.0000      713.0000  2995172    1.28%
   5628  2585      711.0000    74      704.0000      713.0000  2851350    1.28%
   5907  3040    infeasible            704.0000      713.0000  2966752    1.28%
   6164  2850      712.5000   189      704.0000      713.0000  2939211    1.28%
   6395  3379      708.5000   122      704.0000      713.0000  3083380    1.28%
*  6552+ 3477                          705.0000      713.0000             1.13%
   6568  3393      709.0000    99      705.0000      713.0000  3086603    1.13%
*  6885+ 3408                          706.0000      713.0000             0.99%
*  6975+ 3871                          707.0000      713.0000             0.85%
*  7182+ 3871                          708.0000      713.0000             0.71%
Exception raised in listener 'MipGapPrinter': 'int' object is not callable, id=37
   7497  4296      709.1667   136      708.0000      713.0000  3351940    0.71%
Elapsed time = 2955.09 sec. (259576.30 ticks, tree = 124.21 MB, solutions = 29)
   8289  4468      709.4056   154      708.0000      713.0000  3421608    0.71%
   8474  4545      713.0000   449      708.0000      713.0000  3439713    0.71%
Exception raised in listener 'MipGapPrinter': 'int' object is not callable, id=38
   8475  5944      713.0000   261      708.0000      713.0000  4028097    0.71%
   8477  5943      713.0000   381      708.0000      713.0000  4032605    0.71%
   8480  5946      713.0000   377      708.0000      713.0000  4032880    0.71%
   8487  5950      713.0000   337      708.0000      713.0000  4032909    0.71%
   8494  5954      713.0000   372      708.0000      713.0000  4033943    0.71%
   8501   108      713.0000   602      708.0000      713.0000  4034213    0.71%
   8512    38      713.0000   468      708.0000      713.0000  4043444    0.71%
   8540    10      713.0000   446      708.0000      713.0000  4038182    0.71%
Elapsed time = 6622.32 sec. (520793.48 ticks, tree = 0.02 MB, solutions = 29)
   8590    90      713.0000   433      708.0000      713.0000  4135055    0.71%
   8675   100      713.0000   453      708.0000      713.0000  4144079    0.71%
   8836   191      713.0000   330      708.0000      713.0000  4205731    0.71%
   9050   272      713.0000   471      708.0000      713.0000  4238860    0.71%
   9295   603      713.0000   351      708.0000      713.0000  4316978    0.71%
   9706   826      711.0000   290      708.0000      713.0000  4366973    0.71%
  10265  1095      713.0000   376      708.0000      713.0000  4413310    0.71%
  10830  1431      713.0000   323      708.0000      713.0000  4467329    0.71%
  11552  1953      712.5000   185      708.0000      713.0000  4567291    0.71%
  12378  2281      711.0000   320      708.0000      713.0000  4620748    0.71%
Elapsed time = 7292.55 sec. (559139.83 ticks, tree = 55.82 MB, solutions = 29)
  13273  2622    infeasible            708.0000      713.0000  4710332    0.71%
  14269  3416      712.5000   198      708.0000      713.0000  4898495    0.71%
  15313  3817      712.0000   221      708.0000      713.0000  5013606    0.71%
  16527  4429      709.0000   157      708.0000      713.0000  5194185    0.71%
  17396  5487      712.0000   218      708.0000      713.0000  5497030    0.71%
  17704  5646      713.0000   197      708.0000      713.0000  5535155    0.71%
  18459  5919      712.5000   188      708.0000      713.0000  5618984    0.71%
  19682  6316      713.0000   206      708.0000      713.0000  5689050    0.71%
  20113  7503      712.3333   202      708.0000      713.0000  5967003    0.71%
* 20302+ 7299                          710.0000      713.0000             0.42%
Exception raised in listener 'MipGapPrinter': 'int' object is not callable, id=81
  20760  6210    infeasible            710.0000      713.0000  6092967    0.42%
Elapsed time = 7931.78 sec. (597336.68 ticks, tree = 174.70 MB, solutions = 30)
  21328  6583      713.0000   245      710.0000      713.0000  6199527    0.42%
  21812  6845      712.0000   247      710.0000      713.0000  6329142    0.42%
  22126  7024      713.0000   289      710.0000      713.0000  6485313    0.42%
  22515  7211      711.0000   152      710.0000      713.0000  6665004    0.42%
  22857  7407      711.0000   323      710.0000      713.0000  6760519    0.42%
* 22925+ 6717                          711.0000      713.0000             0.28%
  23094  7628      711.0000   183      711.0000      713.0000  6881372    0.28%
  23319  5455      713.0000   297      711.0000      713.0000  6984864    0.28%
Exception raised in listener 'MipGapPrinter': 'int' object is not callable, id=86
  23590  5503    infeasible            711.0000      713.0000  7058534    0.28%
  23930  5759      712.2500   202      711.0000      713.0000  7251993    0.28%
  24305  6051      713.0000   312      711.0000      713.0000  7460077    0.28%
Elapsed time = 8923.52 sec. (635577.35 ticks, tree = 168.41 MB, solutions = 31)
  24610  6040      712.0000   239      711.0000      713.0000  7442261    0.28%
  25121  6358      712.0000   207      711.0000      713.0000  7668924    0.28%
  25774  6490      712.0000   260      711.0000      713.0000  7777513    0.28%
  26360  7162      712.0000   234      711.0000      713.0000  8009232    0.28%
  26957  7793      712.0000   263      711.0000      713.0000  8365510    0.28%
  27307  8282      712.0000   157      711.0000      713.0000  8700380    0.28%
  27651  8309      712.0000    90      711.0000      713.0000  8711213    0.28%
  28114  8713      713.0000   325      711.0000      713.0000  9291042    0.28%
  28577  9151      712.0000   242      711.0000      713.0000  9552754    0.28%
  29045  9204      712.0000   285      711.0000      713.0000  9606084    0.28%
Elapsed time = 9643.74 sec. (673821.01 ticks, tree = 267.79 MB, solutions = 31)
* 29253+ 9590                          712.0000      713.0000             0.14%
Exception raised in listener 'MipGapPrinter': 'int' object is not callable, id=95
  29317  9780      712.0000   174      712.0000      713.0000 10016755    0.14%
  29501  4637    infeasible            712.0000      713.0000 10222045    0.14%
  29576  4658      713.0000   324      712.0000      713.0000 10259535    0.14%
  29720  4683      713.0000   242      712.0000      713.0000 10414536    0.14%
  29929  4723      713.0000   369      712.0000      713.0000 10651710    0.14%
  30031  4918      713.0000   269      712.0000      713.0000 11125431    0.14%
  30131  4950      713.0000   331      712.0000      713.0000 11286458    0.14%
  30274  4973      713.0000   304      712.0000      713.0000 11438127    0.14%
  30419  5008      713.0000   327      712.0000      713.0000 11556411    0.14%
  30559  5179      713.0000   210      712.0000      713.0000 12132503    0.14%
Elapsed time = 10248.12 sec. (712225.31 ticks, tree = 136.10 MB, solutions = 32)
  30680  5169      713.0000   385      712.0000      713.0000 12094204    0.14%
  30838  5224      713.0000   215      712.0000      713.0000 12370361    0.14%
  31001  5289      713.0000   299      712.0000      713.0000 12634133    0.14%
  31173  5369      713.0000   215      712.0000      713.0000 12862144    0.14%
  31315  5472      713.0000   244      712.0000      713.0000 13254621    0.14%
  31448  5473    infeasible            712.0000      713.0000 13298086    0.14%
  31589  5548    infeasible            712.0000      713.0000 13561775    0.14%
  31742  5643      713.0000   387      712.0000      713.0000 14050167    0.14%
  31873  5791      713.0000   368      712.0000      713.0000 14414996    0.14%
  32016  5860      713.0000   224      712.0000      713.0000 14484565    0.14%
Elapsed time = 10894.89 sec. (750613.49 ticks, tree = 157.16 MB, solutions = 32)
  32131  5936      713.0000   344      712.0000      713.0000 14762687    0.14%
  32293  5939      713.0000   372      712.0000      713.0000 14733421    0.14%
  32437  6093      713.0000   395      712.0000      713.0000 15290321    0.14%
  32584  6094    infeasible            712.0000      713.0000 15419797    0.14%
  32737  6127    infeasible            712.0000      713.0000 15547772    0.14%
  32901  6313      713.0000   260      712.0000      713.0000 16040618    0.14%
  33108  6403    infeasible            712.0000      713.0000 16290180    0.14%
  33326  6394      713.0000   241      712.0000      713.0000 16266860    0.14%
  33578  6498    infeasible            712.0000      713.0000 16598006    0.14%
  33925  6743      713.0000   166      712.0000      713.0000 16950143    0.14%
Elapsed time = 11489.95 sec. (788944.69 ticks, tree = 184.72 MB, solutions = 32)
  34318  6871    infeasible            712.0000      713.0000 17163739    0.14%
  34745  7113    infeasible            712.0000      713.0000 17325334    0.14%
  35304  7254      713.0000   153      712.0000      713.0000 17432373    0.14%
* 35307+ 7065                          713.0000      713.0000             0.00%
  35745  7670        cutoff            713.0000      713.0000 17847122    0.00%
  35827  7565    infeasible            713.0000      713.0000 17789475    0.00%
Exception raised in listener 'MipGapPrinter': 'int' object is not callable, id=113

GUB cover cuts applied:  196
Clique cuts applied:  17
Cover cuts applied:  643
Implied bound cuts applied:  459
Flow cuts applied:  13
Mixed integer rounding cuts applied:  40
Zero-half cuts applied:  85
Lift and project cuts applied:  1
Gomory fractional cuts applied:  97

Root node processing (before b&c):
  Real time             =  710.12 sec. (130781.90 ticks)
Parallel b&c, 24 threads:
  Real time             = 11057.85 sec. (678289.02 ticks)
  Sync time (average)   = 2364.47 sec.
  Wait time (average)   =    0.65 sec.
                          ------------
Total (root+branch&cut) = 11767.96 sec. (809070.91 ticks)
status  = integer optimal solution
time    = 11769.6 s.
problem = MILP
gap     = 0%

Objective value: 713.0
[50, 100, 8, 10, 400, 232, 713, 713, 0.0, 11769.59]
number of spatial :  640
Heuristic Solution information :  [50, 100, 8, 10, 400, 226, 656, 16, 640]
