CPXPARAM_Read_DataCheck                          1
CPXPARAM_TimeLimit                               14400
Presolve has eliminated 98459 rows and 339911 columns...
Presolve has improved bounds 7213 times...
Tried aggregator 2 times.
MIP Presolve eliminated 99516 rows and 339911 columns.
MIP Presolve modified 6189 coefficients.
Aggregator did 3127 substitutions.
Reduced MIP has 626681 rows, 242229 columns, and 2841357 nonzeros.
Reduced MIP has 232229 binaries, 0 generals, 0 SOSs, and 0 indicators.
Presolve time = 4.43 sec. (20537.81 ticks)
Probing time = 0.99 sec. (73.99 ticks)
Tried aggregator 1 time.
MIP Presolve eliminated 294000 rows and 6000 columns.
Reduced MIP has 332681 rows, 236229 columns, and 2253357 nonzeros.
Reduced MIP has 232229 binaries, 0 generals, 0 SOSs, and 0 indicators.
Presolve time = 2.56 sec. (3840.50 ticks)
Probing time = 0.81 sec. (64.82 ticks)
Clique table members: 125748.
MIP emphasis: balance optimality and feasibility.
MIP search method: dynamic search.
Parallel mode: deterministic, using up to 24 threads.
Root relaxation solution time = 121.60 sec. (16662.07 ticks)

        Nodes                                         Cuts/
   Node  Left     Objective  IInf  Best Integer    Best Bound    ItCnt     Gap

*     0+    0                         1444.0000     3162.0000           118.98%
      0     0     3162.0000  1550     1444.0000     3162.0000   107895  118.98%
Exception raised in listener 'MipGapPrinter': 'int' object is not callable, id=1
*     0+    0                         2208.0000     3162.0000            43.21%
Exception raised in listener 'MipGapPrinter': 'int' object is not callable, id=3
      0     0     3162.0000  1625     2208.0000     Cuts: 390   173759   43.21%
      0     0     3162.0000  1673     2208.0000     Cuts: 327   230088   43.21%
Heuristic still looking.
Heuristic still looking.
*     0+    0                         2622.0000     3162.0000            20.59%
*     0+    0                         2831.0000     3162.0000            11.69%
*     0+    0                         2849.0000     3162.0000            10.99%
*     0+    0                         2857.0000     3162.0000            10.68%
Exception raised in listener 'MipGapPrinter': 'int' object is not callable, id=7
      0     2     3162.0000   937     2857.0000     3162.0000   230088   10.68%
Elapsed time = 3289.37 sec. (678673.59 ticks, tree = 0.02 MB, solutions = 6)
      1     3     3162.0000  1486     2857.0000     3162.0000   288715   10.68%
*     2+    1                         2875.0000     3162.0000             9.98%
*     2+    1                         3015.0000     3162.0000             4.88%
      2     3     3162.0000  1549     3015.0000     3162.0000   281779    4.88%
Exception raised in listener 'MipGapPrinter': 'int' object is not callable, id=10
      3     4     3162.0000  1702     3015.0000     3162.0000   351423    4.88%
      4     5     3162.0000  1827     3015.0000     3162.0000   395333    4.88%
      5     6     3162.0000  1805     3015.0000     3162.0000   455332    4.88%
*     6+    4                         3056.0000     3162.0000             3.47%
      6     6     3162.0000  1911     3056.0000     3162.0000   452658    3.47%
Exception raised in listener 'MipGapPrinter': 'int' object is not callable, id=12
      7     8     3162.0000  2046     3056.0000     3162.0000   593797    3.47%
      8    10     3162.0000  2112     3056.0000     3162.0000   647646    3.47%
      9    11     3162.0000  2121     3056.0000     3162.0000   651185    3.47%
     10    12     3162.0000  2766     3056.0000     3162.0000   655454    3.47%
Elapsed time = 7311.40 sec. (1300127.47 ticks, tree = 0.14 MB, solutions = 9)
     11    13     3162.0000  2459     3056.0000     3162.0000   656369    3.47%
     12     9     3162.0000  1994     3056.0000     3162.0000   613803    3.47%
     13     7     3162.0000  1867     3056.0000     3162.0000   567232    3.47%
     14    14     3162.0000  2468     3056.0000     3162.0000   658220    3.47%
     15    15     3162.0000  1997     3056.0000     3162.0000   710823    3.47%
     16    18     3162.0000  2106     3056.0000     3162.0000   828466    3.47%
     17    19     3162.0000  2054     3056.0000     3162.0000   830304    3.47%
     18    17     3162.0000  2231     3056.0000     3162.0000   824793    3.47%
     20    16     3162.0000  1786     3056.0000     3162.0000   820517    3.47%
     21    21     3162.0000  2338     3056.0000     3162.0000   836179    3.47%
Elapsed time = 10890.24 sec. (1424856.29 ticks, tree = 0.14 MB, solutions = 9)
     22    22     3162.0000  2597     3056.0000     3162.0000   841816    3.47%
     23    24     3162.0000  2114     3056.0000     3162.0000   846723    3.47%
     25    23     3162.0000  2320     3056.0000     3162.0000   844273    3.47%
     26    27     3162.0000  2210     3056.0000     3162.0000   854849    3.47%
     28    30     3162.0000  2008     3056.0000     3162.0000   866731    3.47%
*    29+    2                         3072.0000     3162.0000             2.93%
     30    28     3162.0000  2216     3072.0000     3162.0000   859854    2.93%
     31    30     3162.0000  2105     3072.0000     3162.0000   867993    2.93%
*    33+    2                         3086.0000     3162.0000             2.46%
     33    31     3162.0000  2065     3086.0000     3162.0000   868434    2.46%
     34    32     3162.0000  1891     3086.0000     3162.0000   878929    2.46%
     36    33     3162.0000  2079     3086.0000     3162.0000   873728    2.46%
Elapsed time = 11605.30 sec. (1441963.30 ticks, tree = 0.77 MB, solutions = 9)
     39    34     3162.0000  1898     3086.0000     3162.0000   887014    2.46%
     44    35     3162.0000  2009     3086.0000     3162.0000   879275    2.46%
     45    36     3162.0000  1899     3086.0000     3162.0000   883450    2.46%
     47    37     3162.0000  1909     3086.0000     3162.0000   887822    2.46%
*    48+    2                         3100.0000     3162.0000             2.00%
     50    34     3162.0000  1824     3100.0000     3162.0000   889662    2.00%
     52    39     3162.0000  1890     3100.0000     3162.0000   895578    2.00%
     53    35     3162.0000  1850     3100.0000     3162.0000   894799    2.00%
     56    41     3162.0000  1858     3100.0000     3162.0000   903518    2.00%
     58    42     3162.0000  1826     3100.0000     3162.0000   908399    2.00%
     61     5     3162.0000  1875     3100.0000     3162.0000   410474    2.00%
Elapsed time = 12409.65 sec. (1463783.51 ticks, tree = 0.02 MB, solutions = 14)
     62    32     3162.0000  1724     3100.0000     3162.0000   976185    2.00%
     63    33     3162.0000  1649     3100.0000     3162.0000   976808    2.00%
     64    34     3162.0000  1675     3100.0000     3162.0000   977461    2.00%
     66    36     3162.0000  1678     3100.0000     3162.0000   978210    2.00%
     68    38     3162.0000  1662     3100.0000     3162.0000   979103    2.00%
     70    40     3162.0000  1707     3100.0000     3162.0000   980037    2.00%
     74    35     3162.0000  1728     3100.0000     3162.0000  1044430    2.00%
     76    43     3162.0000  1636     3100.0000     3162.0000   980933    2.00%
     79     7     3162.0000  1886     3100.0000     3162.0000   529690    2.00%
     81    38     3162.0000  1741     3100.0000     3162.0000  1047452    2.00%
Elapsed time = 13179.14 sec. (1487285.90 ticks, tree = 0.87 MB, solutions = 14)
     84    46     3162.0000  1617     3100.0000     3162.0000   983743    2.00%
     86    47     3162.0000  1608     3100.0000     3162.0000   984617    2.00%
     88    48     3162.0000  1650     3100.0000     3162.0000   985516    2.00%
     91    43     3162.0000  1639     3100.0000     3162.0000  1049850    2.00%
     93    44     3162.0000  1633     3100.0000     3162.0000  1052446    2.00%
     94    34     3162.0000  1871     3100.0000     3162.0000  1120605    2.00%
     96    46     3162.0000  1673     3100.0000     3162.0000  1056843    2.00%
     98    47     3162.0000  1732     3100.0000     3162.0000  1062469    2.00%
     99    36     3162.0000  1895     3100.0000     3162.0000  1122890    2.00%
    101    49     3162.0000  1673     3100.0000     3162.0000  1070946    2.00%
Elapsed time = 13918.74 sec. (1510957.15 ticks, tree = 2.04 MB, solutions = 14)
    103    37     3162.0000  1735     3100.0000     3162.0000  1124636    2.00%
    105    38     3162.0000  1916     3100.0000     3162.0000  1126537    2.00%
    108    39     3162.0000  1899     3100.0000     3162.0000  1127766    2.00%
    109    54     3162.0000  1666     3100.0000     3162.0000  1073628    2.00%
    112    56     3162.0000  1651     3100.0000     3162.0000  1074807    2.00%
    114    41     3162.0000  1878     3100.0000     3162.0000  1131945    2.00%
    115    58     3162.0000  1618     3100.0000     3162.0000  1076556    2.00%
    118    43     3162.0000  1807     3100.0000     3162.0000  1139208    2.00%
    119    60     3162.0000  1663     3100.0000     3162.0000  1078000    2.00%
    121    44     3162.0000  1724     3100.0000     3162.0000  1143572    2.00%
Elapsed time = 14397.41 sec. (1530354.62 ticks, tree = 1.59 MB, solutions = 14)
*   122+   10                         3108.0000     3162.0000             1.74%
    122    62     3162.0000  1629     3108.0000     3162.0000  1079199    1.74%
*   123+   10                         3112.0000     3162.0000             1.61%
    123    63     3162.0000  1576     3112.0000     3162.0000  1079888    1.61%
    124    64     3162.0000  1651     3112.0000     3162.0000  1081197    1.61%
    126    66     3162.0000  1614     3112.0000     3162.0000  1082178    1.61%
    127    67     3162.0000  1581     3112.0000     3162.0000  1082863    1.61%
    128    68     3162.0000  1572     3112.0000     3162.0000  1083692    1.61%
    129    69     3162.0000  1587     3112.0000     3162.0000  1085197    1.61%
    130    70     3162.0000  1571     3112.0000     3162.0000  1086015    1.61%
    131    71     3162.0000  1662     3112.0000     3162.0000  1087049    1.61%
    132    72     3162.0000  1721     3112.0000     3162.0000  1087937    1.61%
Elapsed time = 14400.77 sec. (1550474.90 ticks, tree = 4.35 MB, solutions = 14)
    133    73     3162.0000  1795     3112.0000     3162.0000  1088705    1.61%
    134    36     3162.0000  1788     3112.0000     3162.0000   889578    1.61%
    135     8     3162.0000  2021     3112.0000     3162.0000   584094    1.61%
    136    12     3162.0000  2138     3112.0000     3162.0000   651390    1.61%
    137    10     3162.0000  2066     3112.0000     3162.0000   645458    1.61%
    138     9     3162.0000  2014     3112.0000     3162.0000   609924    1.61%
    139    11     3162.0000  2208     3112.0000     3162.0000   648822    1.61%
    140    13     3162.0000  2490     3112.0000     3162.0000   655883    1.61%
Exception raised in listener 'MipGapPrinter': 'int' object is not callable, id=22

Clique cuts applied:  12
Cover cuts applied:  51
Implied bound cuts applied:  1090
Flow cuts applied:  6
Mixed integer rounding cuts applied:  59
Zero-half cuts applied:  56
Gomory fractional cuts applied:  8

Root node processing (before b&c):
  Real time             = 3282.32 sec. (677786.03 ticks)
Parallel b&c, 24 threads:
  Real time             = 11119.67 sec. (1035641.41 ticks)
  Sync time (average)   = 6082.19 sec.
  Wait time (average)   =    0.00 sec.
                          ------------
Total (root+branch&cut) = 14401.99 sec. (1713427.43 ticks)
status  = time limit exceeded
time    = 14402.2 s.
problem = MILP
gap     = 1.60668%

Objective value: 3112.0
[50, 200, 8, 8, 400, 391, 3112, 3162, 1.61, 14402.19]
number of spatial :  2843
Heuristic Solution information :  [50, 200, 8, 8, 400, 375, 2870, 27, 2843]
