CPXPARAM_Read_DataCheck                          1
CPXPARAM_TimeLimit                               14400
Presolve has eliminated 49548 rows and 453126 columns...
Presolve has improved bounds 7582 times...
Tried aggregator 2 times.
MIP Presolve eliminated 50605 rows and 453126 columns.
MIP Presolve modified 4229 coefficients.
Aggregator did 3127 substitutions.
Reduced MIP has 559676 rows, 129014 columns, and 1945021 nonzeros.
Reduced MIP has 119014 binaries, 0 generals, 0 SOSs, and 0 indicators.
Presolve time = 16.41 sec. (19427.64 ticks)
Probing time = 7.28 sec. (46.05 ticks)
Tried aggregator 1 time.
MIP Presolve eliminated 392000 rows and 8000 columns.
Reduced MIP has 167676 rows, 121014 columns, and 1161021 nonzeros.
Reduced MIP has 119014 binaries, 0 generals, 0 SOSs, and 0 indicators.
Presolve time = 7.18 sec. (2101.20 ticks)
Probing time = 4.38 sec. (35.20 ticks)
Clique table members: 63577.
MIP emphasis: balance optimality and feasibility.
MIP search method: dynamic search.
Parallel mode: deterministic, using up to 24 threads.
Root relaxation solution time = 158.95 sec. (8317.05 ticks)

        Nodes                                         Cuts/
   Node  Left     Objective  IInf  Best Integer    Best Bound    ItCnt     Gap

*     0+    0                         1796.0000     3162.0000            76.06%
      0     0     3128.8667  1157     1796.0000     3128.8667    75017   74.21%
Exception raised in listener 'MipGapPrinter': 'int' object is not callable, id=1
*     0+    0                         2300.0000     3128.8667            36.04%
Exception raised in listener 'MipGapPrinter': 'int' object is not callable, id=3
      0     0     3128.8667  1320     2300.0000     Cuts: 900   103923   36.04%
      0     0     3128.8667  1331     2300.0000     Cuts: 263   127895   36.04%
Heuristic still looking.
Heuristic still looking.
*     0+    0                         2794.0000     3128.8667            11.99%
*     0+    0                         2814.0000     3128.8667            11.19%
*     0+    0                         2882.0000     3128.8667             8.57%
*     0+    0                         2926.0000     3128.8667             6.93%
*     0+    0                         2952.0000     3128.8667             5.99%
*     0+    0                         2966.0000     3128.8667             5.49%
Exception raised in listener 'MipGapPrinter': 'int' object is not callable, id=7
      0     2     3128.8667   707     2966.0000     3128.8667   127895    5.49%
Elapsed time = 3588.84 sec. (195020.79 ticks, tree = 0.02 MB, solutions = 8)
      1     3     3128.8667   985     2966.0000     3128.8667   149029    5.49%
      2     4     3128.8667  1155     2966.0000     3128.8667   170317    5.49%
*     3+    1                         3002.0000     3128.8667             4.23%
      3     3     3128.8667  1073     3002.0000     3128.8667   156343    4.23%
Exception raised in listener 'MipGapPrinter': 'int' object is not callable, id=11
      4     5     3128.8667  1276     3002.0000     3128.8667   191319    4.23%
      5     7     3128.8667  1320     3002.0000     3128.8667   222582    4.23%
      6     8     3128.8667  1437     3002.0000     3128.8667   223620    4.23%
      7     9     3128.8667  1557     3002.0000     3128.8667   225755    4.23%
      8    10     3128.8667  1362     3002.0000     3128.8667   226221    4.23%
      9    11     3128.8667  1288     3002.0000     3128.8667   226816    4.23%
     10    12     3128.8667  1213     3002.0000     3128.8667   230118    4.23%
Elapsed time = 5696.70 sec. (278590.39 ticks, tree = 1.17 MB, solutions = 9)
     11    13     3128.8667  1250     3002.0000     3128.8667   237830    4.23%
*    12+    2                         3040.0000     3128.8667             2.92%
     12    14     3128.8667  1144     3040.0000     3128.8667   241140    2.92%
     14    16     3128.8667  1143     3040.0000     3128.8667   245642    2.92%
     17    19     3128.8667  1061     3040.0000     3128.8667   249596    2.92%
     19     4     3128.8667  1168     3040.0000     3128.8667   169953    2.92%
Exception raised in listener 'MipGapPrinter': 'int' object is not callable, id=26
     21    23     3128.8667   905     3040.0000     3128.8667   279111    2.92%
     24    26     3128.8667   913     3040.0000     3128.8667   280575    2.92%
     28    30     3128.8667   913     3040.0000     3128.8667   281430    2.92%
     30    22     3128.8667  1123     3040.0000     3128.8667   290226    2.92%
     33    34     3128.8667   898     3040.0000     3128.8667   283638    2.92%
Elapsed time = 6132.41 sec. (293693.22 ticks, tree = 0.52 MB, solutions = 10)
     38    37     3128.8667   873     3040.0000     3128.8667   289499    2.92%
     42    30     3128.8667  1032     3040.0000     3128.8667   304381    2.92%
     45    31     3128.8667  1028     3040.0000     3128.8667   304963    2.92%
     49    44     3128.8667   871     3040.0000     3128.8667   298436    2.92%
     53    33     3128.8667  1001     3040.0000     3128.8667   307405    2.92%
     57    50    infeasible           3040.0000     3128.8667   374667    2.92%
     59    35     3128.8667   993     3040.0000     3128.8667   309815    2.92%
     63    59    infeasible           3040.0000     3128.8667   384640    2.92%
     67    61     3128.8667   983     3040.0000     3128.8667   386134    2.92%
     70    62     3128.8667   991     3040.0000     3128.8667   387609    2.92%
Elapsed time = 6386.58 sec. (305453.38 ticks, tree = 1.86 MB, solutions = 12)
     72    64     3128.8667   918     3040.0000     3128.8667   388727    2.92%
     73    32     3128.8667  1227     3040.0000     3128.8667   336181    2.92%
     77    65     3128.8667  1121     3040.0000     3128.8667   399489    2.92%
     82    67     3128.8667  1134     3040.0000     3128.8667   403127    2.92%
*    85+   11                         3058.0000     3128.8667             2.32%
     87    80     3128.8667  1358     3058.0000     3128.8667   418407    2.32%
     90    74    infeasible           3058.0000     3128.8667   414475    2.32%
     97    77     3128.8667   888     3058.0000     3128.8667   419122    2.32%
    103    83     3128.8667  1289     3058.0000     3128.8667   427911    2.32%
*   107+   11                         3062.0000     3128.8667             2.18%
    107    84     3128.8667  1272     3062.0000     3128.8667   431905    2.18%
    112    86     3128.8667   756     3062.0000     3128.8667   435330    2.18%
Elapsed time = 6681.41 sec. (316973.74 ticks, tree = 2.79 MB, solutions = 12)
    118    94     3128.8667  1247     3062.0000     3128.8667   461839    2.18%
    126    96     3128.8667  1258     3062.0000     3128.8667   464898    2.18%
    134    98     3128.8667  1238     3062.0000     3128.8667   468726    2.18%
    140   119     3128.8667   882     3062.0000     3128.8667   525948    2.18%
    146   121     3128.8667   873     3062.0000     3128.8667   529526    2.18%
    153   130     3128.8667   873     3062.0000     3128.8667   555731    2.18%
    162   143     3128.8667   907     3062.0000     3128.8667   582932    2.18%
    173   144     3128.8667   631     3062.0000     3128.8667   574064    2.18%
    184   154     3128.8667   865     3062.0000     3128.8667   609963    2.18%
    193   156     3128.8667   840     3062.0000     3128.8667   614660    2.18%
Elapsed time = 6856.17 sec. (327605.86 ticks, tree = 5.67 MB, solutions = 13)
    202   158     3128.8667   869     3062.0000     3128.8667   620541    2.18%
    214   147     3128.8667  1142     3062.0000     3128.8667   606342    2.18%
    221   195     3128.8667   595     3062.0000     3128.8667   695443    2.18%
    231   188     3128.8667   820     3062.0000     3128.8667   685060    2.18%
    243   195     3128.8667  1110     3062.0000     3128.8667   711856    2.18%
    255     8     3128.8667  1350     3062.0000     3128.8667   225206    2.18%
    267   178     3128.8667  1174     3062.0000     3128.8667   676568    2.18%
Exception raised in listener 'MipGapPrinter': 'int' object is not callable, id=38
    279   220     3128.8667  1010     3062.0000     3128.8667   764000    2.18%
    291   243     3128.8667   571     3062.0000     3128.8667   831155    2.18%
*   306+   20                         3066.0000     3128.8667             2.05%
    308   237     3128.8667   732     3066.0000     3128.8667   803009    2.05%
Elapsed time = 7015.57 sec. (338147.48 ticks, tree = 9.42 MB, solutions = 20)
    319   246     3128.8667   554     3066.0000     3128.8667   842613    2.05%
    329   247     3128.8667   570     3066.0000     3128.8667   848858    2.05%
    344   259     3128.8667   752     3066.0000     3128.8667   862140    2.05%
Exception raised in listener 'MipGapPrinter': 'int' object is not callable, id=39
    355   276     3128.8667   690     3066.0000     3128.8667   911500    2.05%
    369   293     3128.8667   536     3066.0000     3128.8667   953357    2.05%
    382   301     3128.8667  1003     3066.0000     3128.8667  1005120    2.05%
    395   337     3128.8667   650     3066.0000     3128.8667  1136700    2.05%
    414   341     3128.8667   958     3066.0000     3128.8667  1166084    2.05%
    435   307     3128.8667   554     3066.0000     3128.8667   973377    2.05%
    457   320     3128.8667  1291     3066.0000     3128.8667  1097218    2.05%
Elapsed time = 7199.13 sec. (348475.39 ticks, tree = 10.58 MB, solutions = 35)
*   476+   21                         3070.0000     3128.8667             1.92%
    479   360     3128.8667   797     3070.0000     3128.8667  1214888    1.92%
    503   379     3128.8667   577     3070.0000     3128.8667  1248411    1.92%
    530   387     3128.8667   720     3070.0000     3128.8667  1303150    1.92%
    560   368     3128.8667   724     3070.0000     3128.8667  1230735    1.92%
    591   397     3128.8667   870     3070.0000     3128.8667  1315786    1.92%
    613   395     3128.8667   651     3070.0000     3128.8667  1319863    1.92%
    640   419     3128.8667  1025     3070.0000     3128.8667  1412589    1.92%
    669   523     3128.8667  1020     3070.0000     3128.8667  1748349    1.92%
    700   438     3128.8667   666     3070.0000     3128.8667  1467386    1.92%
    726   570     3128.8667   855     3070.0000     3128.8667  1868898    1.92%
Elapsed time = 7420.09 sec. (358395.59 ticks, tree = 17.13 MB, solutions = 39)
    753   506     3128.8667   643     3070.0000     3128.8667  1646594    1.92%
    779   587     3128.8667   859     3070.0000     3128.8667  1935286    1.92%
    806   497     3128.8667   477     3070.0000     3128.8667  1584886    1.92%
    840   502     3128.8667   479     3070.0000     3128.8667  1591576    1.92%
    871   454     3128.8667   927     3070.0000     3128.8667  1547671    1.92%
    897   507     3128.8667   468     3070.0000     3128.8667  1596494    1.92%
    920   595     3128.8667   909     3070.0000     3128.8667  1956139    1.92%
    956   615     3128.8667   639     3070.0000     3128.8667  1992438    1.92%
    987   585    infeasible           3070.0000     3128.8667  1929731    1.92%
   1021   656     3128.8667  1068     3070.0000     3128.8667  2120405    1.92%
Elapsed time = 7641.23 sec. (368196.67 ticks, tree = 19.72 MB, solutions = 39)
   1057   699     3128.8667   790     3070.0000     3128.8667  2251761    1.92%
   1093   798     3128.8667   462     3070.0000     3128.8667  2425771    1.92%
   1127   890     3128.8667   653     3070.0000     3128.8667  2670866    1.92%
   1156   892     3128.8667   652     3070.0000     3128.8667  2676753    1.92%
   1192   757     3128.8667   793     3070.0000     3128.8667  2383549    1.92%
   1224   711     3128.8667   819     3070.0000     3128.8667  2271980    1.92%
   1256   841     3128.8667   677     3070.0000     3128.8667  2533230    1.92%
   1288   917     3128.8667   958     3070.0000     3128.8667  2735184    1.92%
   1314   867     3128.8667   638     3070.0000     3128.8667  2574850    1.92%
Exception raised in listener 'MipGapPrinter': 'int' object is not callable, id=43
   1448  1103     3128.8667   411     3070.0000     3128.8667  3077423    1.92%
Elapsed time = 7910.03 sec. (380844.33 ticks, tree = 40.85 MB, solutions = 40)
   1577  1017     3128.8667   705     3070.0000     3128.8667  2923551    1.92%
   1737  1194     3128.8667   649     3070.0000     3128.8667  3251698    1.92%
   1913  1183     3128.8667   891     3070.0000     3128.8667  3262556    1.92%
   2097  1201     3128.8667   748     3070.0000     3128.8667  3301576    1.92%
   2309  1491     3128.8667   587     3070.0000     3128.8667  3853435    1.92%
   2525  1836     3128.8667   593     3070.0000     3128.8667  4601280    1.92%
   2751  1778    infeasible           3070.0000     3128.8667  4508952    1.92%
   2988  2026     3128.8667   589     3070.0000     3128.8667  5008973    1.92%
   3203  2056     3128.8667   510     3070.0000     3128.8667  5099928    1.92%
   3410  2428     3128.8667   387     3070.0000     3128.8667  5925207    1.92%
Elapsed time = 8712.46 sec. (419142.51 ticks, tree = 108.81 MB, solutions = 42)
   3599  2435     3128.8667   391     3070.0000     3128.8667  5946827    1.92%
   3790  2235     3128.8667   624     3070.0000     3128.8667  5488737    1.92%
   3992  3000     3128.8667   741     3070.0000     3128.8667  7165452    1.92%
   4198  3220     3128.8667   680     3070.0000     3128.8667  7693843    1.92%
   4454  3270     3128.8667   565     3070.0000     3128.8667  7792709    1.92%
   4702  3146    infeasible           3070.0000     3128.8667  7542037    1.92%
   4947  3371     3128.8667   513     3070.0000     3128.8667  8025102    1.92%
   5198  3709     3128.8667   475     3070.0000     3128.8667  8815380    1.92%
*  5367+ 3876                         3074.0000     3128.8667             1.78%
   5389  3654    infeasible           3074.0000     3128.8667  8674603    1.78%
   5542  4149     3128.8667   622     3074.0000     3128.8667  9760749    1.78%
Elapsed time = 9609.15 sec. (457545.23 ticks, tree = 227.00 MB, solutions = 45)
   5689  4164     3128.8667   632     3074.0000     3128.8667  9782026    1.78%
   5825  4221     3128.8667   455     3074.0000     3128.8667  9974671    1.78%
   5852  4205     3128.8667   439     3074.0000     3128.8667  9903150    1.78%
   5853  2263     3128.8667   693     3074.0000     3128.8667  5548838    1.78%
   5854   927     3128.8667   779     3074.0000     3128.8667  2748551    1.78%

GUB cover cuts applied:  105
Clique cuts applied:  44
Cover cuts applied:  189
Implied bound cuts applied:  3135
Flow cuts applied:  290
Mixed integer rounding cuts applied:  685
Zero-half cuts applied:  249
Lift and project cuts applied:  1
Gomory fractional cuts applied:  88

Root node processing (before b&c):
  Real time             = 3289.73 sec. (194823.21 ticks)
Parallel b&c, 24 threads:
  Real time             = 11110.55 sec. (712293.07 ticks)
  Sync time (average)   = 3407.23 sec.
  Wait time (average)   =    0.00 sec.
                          ------------
Total (root+branch&cut) = 14400.28 sec. (907116.28 ticks)
status  = time limit exceeded
time    = 14401.2 s.
problem = MILP
gap     = 1.01496%

Objective value: 3074.0
[50, 200, 8, 8, 400, 378, 3074, 3105, 1.01, 14401.19]
number of spatial :  2614
Heuristic Solution information :  [50, 200, 8, 8, 400, 350, 2641, 27, 2614]
