CPXPARAM_Read_DataCheck                          1
CPXPARAM_TimeLimit                               14400
Tried aggregator 2 times.
MIP Presolve eliminated 25851 rows and 226525 columns.
MIP Presolve modified 3149 coefficients.
Aggregator did 3127 substitutions.
Reduced MIP has 281075 rows, 65615 columns, and 974811 nonzeros.
Reduced MIP has 60615 binaries, 0 generals, 0 SOSs, and 0 indicators.
Presolve time = 6.34 sec. (9817.77 ticks)
Probing time = 5.78 sec. (20.38 ticks)
Tried aggregator 1 time.
MIP Presolve eliminated 196000 rows and 4000 columns.
Reduced MIP has 85075 rows, 61615 columns, and 582811 nonzeros.
Reduced MIP has 60615 binaries, 0 generals, 0 SOSs, and 0 indicators.
Presolve time = 3.51 sec. (1063.36 ticks)
Probing time = 3.81 sec. (17.00 ticks)
Clique table members: 31992.
MIP emphasis: balance optimality and feasibility.
MIP search method: dynamic search.
Parallel mode: deterministic, using up to 24 threads.
Root relaxation solution time = 37.58 sec. (2828.45 ticks)

        Nodes                                         Cuts/
   Node  Left     Objective  IInf  Best Integer    Best Bound    ItCnt     Gap

*     0+    0                         1026.0000     3162.0000           208.19%
      0     0     2318.8056  1617     1026.0000     2318.8056    42918  126.00%
Exception raised in listener 'MipGapPrinter': 'int' object is not callable, id=1
*     0+    0                         1474.0000     2318.8056            57.31%
Exception raised in listener 'MipGapPrinter': 'int' object is not callable, id=3
      0     0     2121.9028  1602     1474.0000    Cuts: 1807    55293   43.96%
      0     0     1948.9056  1515     1474.0000    Cuts: 1292    76394   32.22%
      0     0     1866.2342  1429     1474.0000     Cuts: 941    90062   26.61%
*     0+    0                         1563.0000     1866.2342            19.40%
*     0+    0                         1566.0000     1866.2342            19.17%
*     0+    0                         1589.0000     1866.2342            17.45%
*     0+    0                         1590.0000     1866.2342            17.37%
Exception raised in listener 'MipGapPrinter': 'int' object is not callable, id=9
      0     0     1833.0069  1647     1590.0000     Cuts: 920   109033   15.28%
      0     0     1815.9996  1442     1590.0000     Cuts: 909   123812   14.21%
      0     0     1796.0849  1433     1590.0000     Cuts: 853   150371   12.96%
      0     0     1784.1173  1277     1590.0000     Cuts: 683   170057   12.21%
      0     0     1777.1173  1639     1590.0000     Cuts: 684   188696   11.77%
*     0+    0                         1638.0000     1777.1173             8.49%
Exception raised in listener 'MipGapPrinter': 'int' object is not callable, id=20
      0     0     1775.5556  1506     1638.0000     Cuts: 488   206886    8.40%
*     0+    0                         1674.0000     1775.5556             6.07%
*     0+    0                         1706.0000     1775.5556             4.08%
*     0+    0                         1713.0000     1775.5556             3.65%
*     0+    0                         1717.0000     1775.5556             3.41%
*     0+    0                         1718.0000     1775.5556             3.35%
*     0+    0                         1726.0000     1775.5556             2.87%
*     0+    0                         1735.0000     1775.5556             2.34%
Exception raised in listener 'MipGapPrinter': 'int' object is not callable, id=22
      0     0     1775.5556  1442     1735.0000     Cuts: 355   223403    2.34%
      0     0     1775.5556  1380     1735.0000     Cuts: 342   241450    2.34%
      0     0     1775.5556  1440     1735.0000     Cuts: 371   260363    2.34%
      0     0     1775.5556  1664     1735.0000     Cuts: 351   277084    2.34%
Heuristic still looking.
Heuristic still looking.
*     0+    0                         1737.0000     1775.5556             2.22%
Exception raised in listener 'MipGapPrinter': 'int' object is not callable, id=31
      0     2     1775.5556  1664     1737.0000     1775.5556   277084    2.22%
Elapsed time = 8366.10 sec. (501212.16 ticks, tree = 0.02 MB, solutions = 15)
      1     3     1775.5556  1445     1737.0000     1775.5556   280754    2.22%
      2     4     1775.5556  1305     1737.0000     1775.5556   284178    2.22%
      3     5     1775.5556  1124     1737.0000     1775.5556   286740    2.22%
      4     6     1775.5556  1007     1737.0000     1775.5556   289702    2.22%
      5     7     1775.5556  1040     1737.0000     1775.5556   291304    2.22%
      6     8     1775.5556   969     1737.0000     1775.5556   293552    2.22%
      7     9     1775.5556  1002     1737.0000     1775.5556   296318    2.22%
      8    10     1775.5556   906     1737.0000     1775.5556   299130    2.22%
      9    11     1775.5556   939     1737.0000     1775.5556   300694    2.22%
     10    12     1775.5556   910     1737.0000     1775.5556   304000    2.22%
Elapsed time = 8646.99 sec. (515916.47 ticks, tree = 0.04 MB, solutions = 15)
     11    13     1775.5556   813     1737.0000     1775.5556   306576    2.22%
     12    14     1775.5556   778     1737.0000     1775.5556   309610    2.22%
     13    15     1775.5556   821     1737.0000     1775.5556   313517    2.22%
     16    10     1775.5556   951     1737.0000     1775.5556   297284    2.22%
     19    19     1775.5556   877     1737.0000     1775.5556   322046    2.22%
     21     9     1775.5556   994     1737.0000     1775.5556   294659    2.22%
     25    24     1775.5556   820     1737.0000     1775.5556   329318    2.22%
     29     5     1775.5556  1221     1737.0000     1775.5556   286223    2.22%
     33    31     1775.5556   769     1737.0000     1775.5556   348301    2.22%
     38    33     1775.5556   950     1737.0000     1775.5556   351562    2.22%
Elapsed time = 8920.18 sec. (528918.38 ticks, tree = 0.09 MB, solutions = 15)
     48    36     1775.5556   823     1737.0000     1775.5556   358152    2.22%
     58    35     1775.5556   760     1737.0000     1775.5556   357731    2.22%
     69    13     1775.5556   805     1737.0000     1775.5556   306141    2.22%
     83    39     1775.5556   703     1737.0000     1775.5556   365793    2.22%
     98     7     1775.5556   960     1737.0000     1775.5556   291020    2.22%
    113    67     1775.5556   789     1737.0000     1775.5556   428281    2.22%
    130    66     1775.5556   598     1737.0000     1775.5556   420774    2.22%
    144   101     1775.5556   608     1737.0000     1775.5556   512126    2.22%
    165    87     1775.5556   970     1737.0000     1775.5556   477232    2.22%
    181   123     1775.5556   649     1737.0000     1775.5556   572073    2.22%
Elapsed time = 9111.28 sec. (538952.72 ticks, tree = 1.64 MB, solutions = 15)
    198   126     1775.5556   714     1737.0000     1775.5556   586414    2.22%
    218   172     1775.5556   661     1737.0000     1775.5556   709160    2.22%
    231   170     1775.5556   344     1737.0000     1775.5556   708372    2.22%
    248   183     1775.5556   520     1737.0000     1775.5556   742222    2.22%
    270   215     1775.5556   560     1737.0000     1775.5556   838532    2.22%
    289   232     1775.5556   382     1737.0000     1775.5556   897073    2.22%
    310   256     1775.5556   453     1737.0000     1775.5556   982850    2.22%
    334   234     1775.5556   380     1737.0000     1775.5556   907713    2.22%
    354   267     1775.5556   460     1737.0000     1775.5556  1026245    2.22%
    372   256     1775.5556   766     1737.0000     1775.5556   977713    2.22%
Elapsed time = 9308.97 sec. (548882.95 ticks, tree = 3.18 MB, solutions = 15)
    392   326    infeasible           1737.0000     1775.5556  1267450    2.22%
*   393+   23                         1741.0000     1775.5556             1.98%
    412   318     1775.5556   890     1741.0000     1775.5556  1205531    1.98%
    431   303     1775.5556   540     1741.0000     1775.5556  1139883    1.98%
    448   341     1775.5556   425     1741.0000     1775.5556  1356954    1.98%
    466   356     1775.5556   700     1741.0000     1775.5556  1416442    1.98%
    479   355    infeasible           1741.0000     1775.5556  1417810    1.98%
    496   343     1775.5556   425     1741.0000     1775.5556  1367080    1.98%
    510   371     1775.5556   570     1741.0000     1775.5556  1464879    1.98%
    520   396     1775.5556   284     1741.0000     1775.5556  1601185    1.98%
    530   434     1775.5556   607     1741.0000     1775.5556  1769232    1.98%
Elapsed time = 9525.22 sec. (558980.15 ticks, tree = 6.15 MB, solutions = 15)
    542   444     1775.5556   371     1741.0000     1775.5556  1835511    1.98%
    551   446     1775.5556   309     1741.0000     1775.5556  1841510    1.98%
    562   446    infeasible           1741.0000     1775.5556  1859729    1.98%
    576   446    infeasible           1741.0000     1775.5556  1864414    1.98%
    590   456     1775.5556   469     1741.0000     1775.5556  1889610    1.98%
    607   399     1775.5556   682     1741.0000     1775.5556  1650192    1.98%
    623   485     1775.5556   344     1741.0000     1775.5556  2034021    1.98%
    641   490     1775.5556   465     1741.0000     1775.5556  2068800    1.98%
    660   504    infeasible           1741.0000     1775.5556  2148235    1.98%
    681   504    infeasible           1741.0000     1775.5556  2152267    1.98%
Elapsed time = 9719.18 sec. (568993.46 ticks, tree = 8.45 MB, solutions = 15)
    696   552     1775.5556   343     1741.0000     1775.5556  2418068    1.98%
    710   532     1775.5556   256     1741.0000     1775.5556  2307564    1.98%
    724   554     1775.5556   318     1741.0000     1775.5556  2434050    1.98%
    733   534     1775.5556   320     1741.0000     1775.5556  2298172    1.98%
    740   573     1775.5556   497     1741.0000     1775.5556  2509659    1.98%
    745   621     1775.5556   401     1741.0000     1775.5556  2760593    1.98%
    753   621    infeasible           1741.0000     1775.5556  2763694    1.98%
    756   622     1775.5556   260     1741.0000     1775.5556  2769686    1.98%
    764   579     1775.5556   647     1741.0000     1775.5556  2552684    1.98%
    770   625     1775.5556   327     1741.0000     1775.5556  2799991    1.98%
Elapsed time = 9935.09 sec. (579885.08 ticks, tree = 10.22 MB, solutions = 15)
    781   652     1775.5556   251     1741.0000     1775.5556  3023345    1.98%
    794   648     1775.5556   292     1741.0000     1775.5556  3005011    1.98%
    806   667    infeasible           1741.0000     1775.5556  3142542    1.98%
    823   668     1775.5556   434     1741.0000     1775.5556  3128885    1.98%
    846   664     1775.5556   329     1741.0000     1775.5556  3099282    1.98%
    865   677     1775.5556   258     1741.0000     1775.5556  3199116    1.98%
    888   675     1775.5556   360     1741.0000     1775.5556  3172616    1.98%
    914   667    infeasible           1741.0000     1775.5556  3115860    1.98%
    933   701     1775.5556   245     1741.0000     1775.5556  3422451    1.98%
    956   697     1775.5556   789     1741.0000     1775.5556  3378457    1.98%
Elapsed time = 10081.79 sec. (589822.03 ticks, tree = 12.27 MB, solutions = 15)
    980   693     1775.5556   381     1741.0000     1775.5556  3274746    1.98%
    997   743     1775.5556   338     1741.0000     1775.5556  3644572    1.98%
   1017   743     1775.5556   406     1741.0000     1775.5556  3649403    1.98%
   1036   704     1775.5556   587     1741.0000     1775.5556  3391841    1.98%
   1068   726     1775.5556   213     1741.0000     1775.5556  3554985    1.98%
   1093   805     1775.5556   273     1741.0000     1775.5556  3995626    1.98%
   1121   763     1775.5556   364     1741.0000     1775.5556  3767430    1.98%
Exception raised in listener 'MipGapPrinter': 'int' object is not callable, id=52
   1150   776     1775.5556   348     1741.0000     1775.5556  3840433    1.98%
   1179   867     1775.5556   725     1741.0000     1775.5556  4331735    1.98%
   1205   850    infeasible           1741.0000     1775.5556  4244962    1.98%
Elapsed time = 10220.42 sec. (599795.14 ticks, tree = 15.31 MB, solutions = 16)
   1229   836     1775.5556   734     1741.0000     1775.5556  4090096    1.98%
   1253   873     1775.5556   333     1741.0000     1775.5556  4392363    1.98%
   1274   852     1775.5556   423     1741.0000     1775.5556  4222263    1.98%
   1296   903     1775.5556   282     1741.0000     1775.5556  4516568    1.98%
   1324   921     1775.5556   915     1741.0000     1775.5556  4633151    1.98%
   1347   926     1775.5556   247     1741.0000     1775.5556  4681783    1.98%
Exception raised in listener 'MipGapPrinter': 'int' object is not callable, id=53
   1365   905     1775.5556   248     1741.0000     1775.5556  4536090    1.98%
   1380   922     1775.5556   295     1741.0000     1775.5556  4627036    1.98%
   1395   933     1775.5556   308     1741.0000     1775.5556  4753651    1.98%
   1445   972     1775.5556   297     1741.0000     1775.5556  4931721    1.98%
Elapsed time = 10451.53 sec. (612774.98 ticks, tree = 18.67 MB, solutions = 17)
   1509  1044     1775.5556   297     1741.0000     1775.5556  5373024    1.98%
   1578  1126     1775.5556   299     1741.0000     1775.5556  5844077    1.98%
   1652  1186     1775.5556  1022     1741.0000     1775.5556  6295331    1.98%
   1740  1166     1775.5556   313     1741.0000     1775.5556  6147830    1.98%
   1830  1199     1775.5556   238     1741.0000     1775.5556  6420432    1.98%
   1901  1270    infeasible           1741.0000     1775.5556  6959149    1.98%
   1987  1321     1775.5556   615     1741.0000     1775.5556  7169818    1.98%
   2071  1412     1775.0952   271     1741.0000     1775.5556  7961039    1.98%
   2168  1409     1775.5556   290     1741.0000     1775.5556  7961202    1.98%
   2254  1391    infeasible           1741.0000     1775.5556  7717543    1.98%
Elapsed time = 11089.85 sec. (651443.63 ticks, tree = 44.85 MB, solutions = 17)
   2351  1508     1774.9164   407     1741.0000     1775.5556  8660393    1.98%
   2463  1454     1775.5556   381     1741.0000     1775.5556  8304940    1.98%
   2589  1532     1775.5556   412     1741.0000     1775.5556  8769475    1.98%
   2697  1726     1775.5556   614     1741.0000     1775.5556 10392290    1.98%
   2808  1675    infeasible           1741.0000     1775.5556  9963666    1.98%
   2907  1861     1775.1389   396     1741.0000     1775.5556 11499078    1.98%
   3016  1733     1774.6667   274     1741.0000     1775.5556 10535929    1.98%
   3116  1863     1774.5982   305     1741.0000     1775.5556 11547175    1.98%
   3243  2004     1775.5556   342     1741.0000     1775.5556 12776591    1.98%
   3340  1921     1775.5556   341     1741.0000     1775.5556 12020804    1.98%
Elapsed time = 11666.11 sec. (690131.91 ticks, tree = 66.20 MB, solutions = 17)
   3446  2118     1775.5556   273     1741.0000     1775.5556 14143989    1.98%
   3554  2158    infeasible           1741.0000     1775.5556 14503777    1.98%
   3644  2197     1772.8005   337     1741.0000     1775.5556 14710430    1.98%
   3736  2198     1772.8005   304     1741.0000     1775.5556 14715907    1.98%
   3822  2384     1775.5556   232     1741.0000     1775.5556 16340311    1.98%
   3895  2311     1775.4340   278     1741.0000     1775.5556 15808220    1.98%
   3979  2425     1775.5556   248     1741.0000     1775.5556 16700075    1.98%
   4071  2508     1775.5556   209     1741.0000     1775.5556 17376364    1.98%
   4158  2533     1775.4340   233     1741.0000     1775.5556 17664180    1.98%
   4238  2523     1775.2963   234     1741.0000     1775.5556 17568389    1.98%
Elapsed time = 12249.79 sec. (728725.54 ticks, tree = 87.44 MB, solutions = 17)
   4319  2672    infeasible           1741.0000     1775.5556 18716443    1.98%
   4408  2612     1772.5553   229     1741.0000     1775.5556 18174732    1.98%
   4497  2802     1774.3333   157     1741.0000     1775.5556 19844662    1.98%
   4581  2840     1775.5556   254     1741.0000     1775.5556 20269940    1.98%
   4664  2815     1763.4167   146     1741.0000     1775.5556 19805498    1.98%
   4753  2835     1775.4444   287     1741.0000     1775.5556 20214040    1.98%
   4839  2849     1775.5556   271     1741.0000     1775.5556 20356539    1.98%
   4927  3115     1769.8615   337     1741.0000     1775.5556 22341232    1.98%
   5005  2997    infeasible           1741.0000     1775.5556 21534260    1.98%
   5080  3224    infeasible           1741.0000     1775.5556 23319528    1.98%
Elapsed time = 12815.42 sec. (767344.48 ticks, tree = 111.12 MB, solutions = 17)
   5161  3081     1774.1109   260     1741.0000     1775.5556 22055570    1.98%
   5257  3346    infeasible           1741.0000     1775.5556 23990831    1.98%
   5350  3357     1765.5833   113     1741.0000     1775.5556 23960566    1.98%
   5430  3211     1769.1935   336     1741.0000     1775.5556 23227498    1.98%
   5521  3420     1775.5556   296     1741.0000     1775.5556 24673947    1.98%
   5618  3400     1774.3197   408     1741.0000     1775.5556 24435595    1.98%
   5726  3531     1775.5556   156     1741.0000     1775.5556 25637235    1.98%
   5812  3625     1773.8611   196     1741.0000     1775.5556 26218562    1.98%
   5902  3526     1773.2361   179     1741.0000     1775.5556 25496021    1.98%
   5996  3672     1774.7506   361     1741.0000     1775.5556 26647707    1.98%
Elapsed time = 13357.09 sec. (805984.70 ticks, tree = 128.06 MB, solutions = 17)
   6076  3732     1775.5556   333     1741.0000     1775.5556 27075329    1.98%
   6182  3772     1768.9306   213     1741.0000     1775.5556 27296478    1.98%
   6294  3981     1762.8611   186     1741.0000     1775.5556 29090641    1.98%
   6404  3929     1772.0708   310     1741.0000     1775.5556 28619059    1.98%
   6535  3927     1774.1944   286     1741.0000     1775.5556 28620861    1.98%
*  6632+ 4160                         1742.0000     1775.5556             1.93%
   6651  4142     1763.5896   304     1742.0000     1775.5556 30282242    1.93%
Exception raised in listener 'MipGapPrinter': 'int' object is not callable, id=68
   6761  4049     1775.5556   239     1742.0000     1775.5556 29673144    1.93%
   6862  4303     1775.5556   514     1742.0000     1775.5556 31348204    1.93%
   6969  4355     1772.0957   302     1742.0000     1775.5556 31818077    1.93%
   7076  4519     1773.4184   278     1742.0000     1775.5556 33020979    1.93%
Elapsed time = 13888.56 sec. (844621.18 ticks, tree = 151.16 MB, solutions = 18)
   7167  4382    infeasible           1742.0000     1775.5556 32090176    1.93%
   7258  4524     1773.4411   282     1742.0000     1775.5556 33060110    1.93%
*  7319+ 4316                         1745.0000     1775.5556             1.75%
   7323  4318     1775.5556   383     1745.0000     1775.5556 31401651    1.75%
   7393  4520     1773.0239   273     1745.0000     1775.5556 33019768    1.75%
*  7457+ 4788                         1751.0000     1775.5556             1.40%
   7482  4811     1775.5556   250     1751.0000     1775.5556 35267004    1.40%
   7549  4855     1775.5556   187     1751.0000     1775.5556 35549429    1.40%
   7628  4980     1775.5556   793     1751.0000     1775.5556 36534515    1.40%
*  7711+ 4949                         1752.0000     1775.5556             1.34%
   7714  4941     1775.5556   300     1752.0000     1775.5556 36238696    1.34%
*  7744+ 4949                         1753.0000     1775.5556             1.29%
   7799  4962     1774.7361   233     1753.0000     1775.5556 36464105    1.29%
   7884  5186     1762.8316   241     1753.0000     1775.5556 38002119    1.29%
Elapsed time = 14400.26 sec. (883102.53 ticks, tree = 178.25 MB, solutions = 23)
   7929  4996     1775.5556   157     1753.0000     1775.5556 36679352    1.29%
Exception raised in listener 'MipGapPrinter': 'int' object is not callable, id=71

GUB cover cuts applied:  985
Clique cuts applied:  20
Cover cuts applied:  79
Implied bound cuts applied:  2317
Flow cuts applied:  158
Mixed integer rounding cuts applied:  481
Zero-half cuts applied:  499
Lift and project cuts applied:  3
Gomory fractional cuts applied:  322

Root node processing (before b&c):
  Real time             = 8316.42 sec. (501090.38 ticks)
Parallel b&c, 24 threads:
  Real time             = 6084.19 sec. (393120.75 ticks)
  Sync time (average)   = 1316.07 sec.
  Wait time (average)   =    0.00 sec.
                          ------------
Total (root+branch&cut) = 14400.62 sec. (894211.14 ticks)
status  = time limit exceeded
time    = 14401.1 s.
problem = MILP
gap     = 1.28668%

Objective value: 1753.0
[50, 100, 8, 8, 400, 214, 1753, 1775, 1.29, 14401.07]
number of spatial :  1481
Heuristic Solution information :  [50, 100, 8, 8, 400, 221, 1508, 27, 1481]
