CPXPARAM_Read_DataCheck                          1
CPXPARAM_TimeLimit                               14400
Tried aggregator 2 times.
MIP Presolve eliminated 13468 rows and 113286 columns.
MIP Presolve modified 2609 coefficients.
Aggregator did 3127 substitutions.
Reduced MIP has 141772 rows, 33854 columns, and 488749 nonzeros.
Reduced MIP has 31354 binaries, 0 generals, 0 SOSs, and 0 indicators.
Presolve time = 2.53 sec. (5011.25 ticks)
Probing time = 4.60 sec. (9.54 ticks)
Tried aggregator 1 time.
MIP Presolve eliminated 98000 rows and 2000 columns.
Reduced MIP has 43772 rows, 31854 columns, and 292749 nonzeros.
Reduced MIP has 31354 binaries, 0 generals, 0 SOSs, and 0 indicators.
Presolve time = 1.54 sec. (543.23 ticks)
Probing time = 3.45 sec. (7.71 ticks)
Clique table members: 16274.
MIP emphasis: balance optimality and feasibility.
MIP search method: dynamic search.
Parallel mode: deterministic, using up to 24 threads.
Root relaxation solution time = 7.16 sec. (891.30 ticks)

        Nodes                                         Cuts/
   Node  Left     Objective  IInf  Best Integer    Best Bound    ItCnt     Gap

*     0+    0                          548.0000     3162.0000           477.01%
      0     0     1378.0667  1542      548.0000     1378.0667    16885  151.47%
Exception raised in listener 'MipGapPrinter': 'int' object is not callable, id=1
*     0+    0                          734.0000     1378.0667            87.75%
Exception raised in listener 'MipGapPrinter': 'int' object is not callable, id=3
      0     0     1298.0037  1494      734.0000    Cuts: 1871    23313   76.84%
      0     0     1178.0712  1595      734.0000    Cuts: 1377    32848   60.50%
      0     0     1084.0557  1378      734.0000    Cuts: 1232    41293   47.69%
*     0+    0                          800.0000     1084.0557            35.51%
*     0+    0                          805.0000     1084.0557            34.67%
*     0+    0                          817.0000     1084.0557            32.69%
*     0+    0                          823.0000     1084.0557            31.72%
*     0+    0                          831.0000     1084.0557            30.45%
Exception raised in listener 'MipGapPrinter': 'int' object is not callable, id=9
      0     0     1034.4366   991      831.0000     Cuts: 900    51987   24.48%
      0     0     1005.3026  1171      831.0000     Cuts: 594    59930   20.98%
      0     0      983.5859  1235      831.0000     Cuts: 505    68195   18.36%
*     0+    0                          867.0000      983.5859            13.45%
Exception raised in listener 'MipGapPrinter': 'int' object is not callable, id=16
      0     0      970.6677  1070      867.0000     Cuts: 438    77619   11.96%
      0     0      964.1111   758      867.0000     Cuts: 312    84305   11.20%
      0     0      961.6667  1171      867.0000     Cuts: 273    90496   10.92%
*     0+    0                          887.0000      961.6667             8.42%
*     0+    0                          900.0000      961.6667             6.85%
*     0+    0                          912.0000      961.6667             5.45%
*     0+    0                          916.0000      961.6667             4.99%
Exception raised in listener 'MipGapPrinter': 'int' object is not callable, id=23
      0     0      961.6667  1454      916.0000     Cuts: 244    98248    4.99%
      0     0      961.6667  1088      916.0000     Cuts: 204   104627    4.99%
      0     0      961.6667  1296      916.0000     Cuts: 146   111322    4.99%
Heuristic still looking.
      0     2      961.6667  1296      916.0000      961.6667   111322    4.99%
Elapsed time = 1239.15 sec. (98262.39 ticks, tree = 0.02 MB, solutions = 12)
      1     3      961.6667  1232      916.0000      961.6667   119220    4.99%
      2     4      961.6667   806      916.0000      961.6667   125429    4.99%
      3     3      961.6667  1088      916.0000      961.6667   117883    4.99%
      4     4      961.6667   780      916.0000      961.6667   124173    4.99%
      5     5      961.6667   855      916.0000      961.6667   129229    4.99%
      6     8      961.6667   678      916.0000      961.6667   144828    4.99%
      7     6      961.6667   968      916.0000      961.6667   137571    4.99%
      9    10      961.6667   808      916.0000      961.6667   154276    4.99%
     11    13      961.6667   643      916.0000      961.6667   168012    4.99%
     15    14      961.6667   528      916.0000      961.6667   169732    4.99%
Elapsed time = 1419.02 sec. (112274.83 ticks, tree = 0.03 MB, solutions = 12)
     21    21      961.6667   736      916.0000      961.6667   198691    4.99%
     27    17      961.6667   607      916.0000      961.6667   182555    4.99%
     45    35      961.6667   698      916.0000      961.6667   227822    4.99%
     75    39      961.6667   600      916.0000      961.6667   241729    4.99%
    112    47      961.6667   782      916.0000      961.6667   277988    4.99%
*   142+   20                          926.0000      961.6667             3.85%
    152    51      961.6667   700      926.0000      961.6667   289109    3.85%
*   157+   20                          928.0000      961.6667             3.63%
    196    53      961.6667   798      928.0000      961.6667   296850    3.63%
    238   178      961.6667   511      928.0000      961.6667   695719    3.63%
*   250+   20                          929.0000      961.6667             3.52%
*   287+   20                          931.0000      961.6667             3.29%
    295   252      961.1806   297      931.0000      961.6667   855980    3.29%
*   297+   20                          932.0000      961.6667             3.18%
    342   259      961.6667   525      932.0000      961.6667   864209    3.18%
Elapsed time = 1626.20 sec. (122106.93 ticks, tree = 3.00 MB, solutions = 17)
    378   263      961.6667   680      932.0000      961.6667   876204    3.18%
Exception raised in listener 'MipGapPrinter': 'int' object is not callable, id=45
    421   315    infeasible            932.0000      961.6667   958027    3.18%
    460   342      961.6667   206      932.0000      961.6667  1001234    3.18%
    515   424      961.6667   433      932.0000      961.6667  1289831    3.18%
    589   453      961.1944   405      932.0000      961.6667  1343992    3.18%
    659   500      961.6667   522      932.0000      961.6667  1403651    3.18%
    730   467      961.5741   368      932.0000      961.6667  1361036    3.18%
    789   595      960.8333   230      932.0000      961.6667  1513462    3.18%
    834   632      961.6667   380      932.0000      961.6667  1568302    3.18%
    870   673      961.0595   238      932.0000      961.6667  1612822    3.18%
Elapsed time = 1844.73 sec. (131758.65 ticks, tree = 6.94 MB, solutions = 20)
    918   743      961.6000   169      932.0000      961.6667  1715589    3.18%
    958   725      961.6000   173      932.0000      961.6667  1682684    3.18%
   1038   817      957.7246   206      932.0000      961.6667  1804757    3.18%
   1116   743      960.5000   193      932.0000      961.6667  1710128    3.18%
   1200   934      957.8807   289      932.0000      961.6667  1978269    3.18%
   1278   944      957.1636   339      932.0000      961.6667  1980414    3.18%
   1367   877      961.6667   252      932.0000      961.6667  1924612    3.18%
   1428  1107      958.5992   171      932.0000      961.6667  2151661    3.18%
   1523  1091      961.5083   156      932.0000      961.6667  2134371    3.18%
   1632  1036      959.1667   182      932.0000      961.6667  2083342    3.18%
Elapsed time = 2073.65 sec. (141419.24 ticks, tree = 40.46 MB, solutions = 20)
   1746  1146      955.5132   321      932.0000      961.6667  2176702    3.18%
   1854  1276      956.6154   241      932.0000      961.6667  2281006    3.18%
   1986  1310      960.0781   166      932.0000      961.6667  2318822    3.18%
   2116  1461      960.5833   214      932.0000      961.6667  2398567    3.18%
   2240  1401      950.6545   284      932.0000      961.6667  2351645    3.18%
   2350  1446      956.3785   171      932.0000      961.6667  2370457    3.18%
   2482  1465      960.5833   259      932.0000      961.6667  2404110    3.18%
   2621  1707      941.9167   146      932.0000      961.6667  2495614    3.18%
   2753  1884      948.5417   220      932.0000      961.6667  2617856    3.18%
   2884  1833      956.9097   215      932.0000      961.6667  2575909    3.18%
Elapsed time = 2295.92 sec. (151003.43 ticks, tree = 271.97 MB, solutions = 25)
   3012  1828      948.7697   271      932.0000      961.6667  2567788    3.18%
   3150  1922      952.4376   217      932.0000      961.6667  2640237    3.18%
   3272  2005      948.5000   108      932.0000      961.6667  2655625    3.18%
   3395  2357      948.6667   173      932.0000      961.6667  2832475    3.18%
   3540  2317      949.5046   146      932.0000      961.6667  2775888    3.18%
   3639  2440      960.0000   134      932.0000      961.6667  2861982    3.18%
   3732  2679      960.6296   340      932.0000      961.6667  2964250    3.18%
   3852  2513      940.7903   190      932.0000      961.6667  2910284    3.18%
   3936  2760      946.3815   208      932.0000      961.6667  3022581    3.18%
   4026  2842        cutoff            932.0000      961.6667  3098752    3.18%
Elapsed time = 2535.74 sec. (160617.57 ticks, tree = 522.94 MB, solutions = 25)
   4081  2857      952.3426   288      932.0000      961.6667  3114434    3.18%
   4161  2855    infeasible            932.0000      961.6667  3101632    3.18%
   4243  2968        cutoff            932.0000      961.6667  3181454    3.18%
   4375  3117      961.5029   308      932.0000      961.6667  3280865    3.18%
   4514  3109        cutoff            932.0000      961.6667  3254725    3.18%
   4658  3235      938.3819   124      932.0000      961.6667  3353787    3.18%
   4792  3283      948.8056   372      932.0000      961.6667  3412641    3.18%
   4901  3391      935.3333    99      932.0000      961.6667  3444556    3.18%
*  4923+ 3445                          933.0000      961.6667             3.07%
Exception raised in listener 'MipGapPrinter': 'int' object is not callable, id=60
   4980  3382      961.5556   332      933.0000      961.6667  3458847    3.07%
*  4991+ 3458                          934.0000      961.6667             2.96%
*  4993+ 3458                          936.0000      961.6667             2.74%
*  4995+ 3556                          937.0000      961.6667             2.63%
*  5003+ 3472                          938.0000      961.6667             2.52%
*  5009+ 3472                          939.0000      961.6667             2.41%
Exception raised in listener 'MipGapPrinter': 'int' object is not callable, id=61
   5023  3423      961.0000   428      939.0000      961.6667  3497750    2.41%
Elapsed time = 2793.69 sec. (170300.38 ticks, tree = 619.84 MB, solutions = 31)
   5056  3381    infeasible            939.0000      961.6667  3610979    2.41%
   5094  3559      961.6667   232      939.0000      961.6667  3570630    2.41%
   5141  3417      960.5556   240      939.0000      961.6667  3638732    2.41%
   5199  3481      961.6667   251      939.0000      961.6667  3610058    2.41%
   5225  3450      961.0278   348      939.0000      961.6667  3691896    2.41%
   5229  3474      961.6667   425      939.0000      961.6667  3593927    2.41%
   5232  3469      961.6667   485      939.0000      961.6667  3713176    2.41%
*  5234+ 2424                          942.0000      961.6667             2.09%
Exception raised in listener 'MipGapPrinter': 'int' object is not callable, id=62
   5234  2425      961.6667  1193      942.0000      961.6667  3971950    2.09%
   5235  2426      961.6667   740      942.0000      961.6667  3978181    2.09%
   5236  2426      961.6667   860      942.0000      961.6667  3984305    2.09%
Elapsed time = 4761.00 sec. (295447.37 ticks, tree = 518.12 MB, solutions = 36)
   5237  2426      961.6667   750      942.0000      961.6667  3990714    2.09%
   5238  2427      961.6667   750      942.0000      961.6667  3990843    2.09%
   5239  1941      961.6667   661      942.0000      961.6667  3978520    2.09%
   5240  1943      961.6667   910      942.0000      961.6667  3990974    2.09%
   5241  1944      961.6667   899      942.0000      961.6667  3991314    2.09%
   5243  1703      961.6667   864      942.0000      961.6667  3991339    2.09%
   5244  1704      961.6667   676      942.0000      961.6667  3996031    2.09%
   5246   464      961.6667  1049      942.0000      961.6667  3981873    2.09%
   5249   440      961.6667   624      942.0000      961.6667  4015004    2.09%
   5251   414      961.6667   664      942.0000      961.6667  4015829    2.09%
Elapsed time = 5101.67 sec. (318300.27 ticks, tree = 85.30 MB, solutions = 36)
   5256   127      961.6667   801      942.0000      961.6667  4018219    2.09%
   5259    98      961.6667   602      942.0000      961.6667  4024172    2.09%
   5262    48      961.6667   889      942.0000      961.6667  4024061    2.09%
   5264    39      961.6667   551      942.0000      961.6667  4039509    2.09%
   5272    31      961.6667   501      942.0000      961.6667  4053923    2.09%
   5282    33      961.6667   676      942.0000      961.6667  4043929    2.09%
   5289    31      961.6667   848      942.0000      961.6667  4050107    2.09%
   5296    32      961.6667   921      942.0000      961.6667  4058055    2.09%
   5304    40      961.6667   924      942.0000      961.6667  4081008    2.09%
   5348    49      961.6667   729      942.0000      961.6667  4091603    2.09%
Elapsed time = 5458.30 sec. (332692.01 ticks, tree = 4.36 MB, solutions = 36)
   5414   116    infeasible            942.0000      961.6667  4292030    2.09%
   5505   148      961.6667   561      942.0000      961.6667  4351441    2.09%
   5564   191      961.6667   405      942.0000      961.6667  4497241    2.09%
   5631   261      961.6667   421      942.0000      961.6667  4795578    2.09%
   5731   275      961.6667   755      942.0000      961.6667  4867761    2.09%
   5873   293    infeasible            942.0000      961.6667  4946441    2.09%
   6007   371      961.6667   426      942.0000      961.6667  5218761    2.09%
   6161   449      961.6667   334      942.0000      961.6667  5583454    2.09%
   6314   508      961.6667   308      942.0000      961.6667  5894569    2.09%
   6462   583    infeasible            942.0000      961.6667  6148798    2.09%
Elapsed time = 6203.77 sec. (371165.99 ticks, tree = 44.83 MB, solutions = 36)
   6590   644      961.6667   740      942.0000      961.6667  6446680    2.09%
   6694   808      961.1528   706      942.0000      961.6667  7195768    2.09%
   6815   815      961.5880   409      942.0000      961.6667  7236483    2.09%
   6921   856      961.6667   509      942.0000      961.6667  7307036    2.09%
   7023   943      958.8694   357      942.0000      961.6667  7548887    2.09%
   7145   983      946.3567   411      942.0000      961.6667  7554170    2.09%
   7264  1008      951.1181   335      942.0000      961.6667  7634805    2.09%
*  7281+  990                          944.0000      961.6667             1.87%
Exception raised in listener 'MipGapPrinter': 'int' object is not callable, id=88
   7389  1149      961.6667   549      944.0000      961.6667  7854174    1.87%
   7484  1222      961.5139   401      944.0000      961.6667  7943747    1.87%
   7584  1296      961.3601   552      944.0000      961.6667  8093247    1.87%
Elapsed time = 6699.95 sec. (409781.85 ticks, tree = 87.55 MB, solutions = 38)
   7710  1267    infeasible            944.0000      961.6667  8017787    1.87%
*  7769+ 1293                          946.0000      961.6667             1.66%
   7810  1313      961.0135   469      946.0000      961.6667  8122440    1.66%
Exception raised in listener 'MipGapPrinter': 'int' object is not callable, id=90
   7876  1499      960.7778   596      946.0000      961.6667  8368056    1.66%
   7948  1459      961.6667   786      946.0000      961.6667  8313415    1.66%
   7996  1485      961.6667   327      946.0000      961.6667  8364525    1.66%
   8108  1635      961.6667   572      946.0000      961.6667  8649861    1.66%
   8194  1579      959.8056   554      946.0000      961.6667  8486625    1.66%
   8270  1695    infeasible            946.0000      961.6667  8729025    1.66%
   8333  1730      959.8056   558      946.0000      961.6667  8781696    1.66%
   8393  1857      959.1296   343      946.0000      961.6667  9023966    1.66%
Elapsed time = 7169.33 sec. (448655.93 ticks, tree = 252.55 MB, solutions = 39)
   8446  1816      961.6667   667      946.0000      961.6667  8956967    1.66%
   8508  1907      961.6667   523      946.0000      961.6667  9085537    1.66%
   8581  1985      959.8056   381      946.0000      961.6667  9299834    1.66%
   8648  1967      961.6667   367      946.0000      961.6667  9288924    1.66%
   8723  2037      961.5029   491      946.0000      961.6667  9406009    1.66%
   8799  2046      953.0278   502      946.0000      961.6667  9413972    1.66%
   8873  2179      959.4016   473      946.0000      961.6667  9686792    1.66%
   8970  2228      961.6667   510      946.0000      961.6667  9764886    1.66%
   9054  2238      961.6667   454      946.0000      961.6667  9768263    1.66%
   9151  2308      961.6667   540      946.0000      961.6667  9907240    1.66%
Elapsed time = 7541.37 sec. (487573.31 ticks, tree = 306.29 MB, solutions = 39)
   9242  2425      961.3065   386      946.0000      961.6667 10102365    1.66%
   9325  2491      952.9861   467      946.0000      961.6667 10241636    1.66%
   9424  2506      961.6667   395      946.0000      961.6667 10282967    1.66%
   9514  2449      960.4444   378      946.0000      961.6667 10144494    1.66%
   9594  2651      953.0667   301      946.0000      961.6667 10544863    1.66%
   9667  2780      961.6667   445      946.0000      961.6667 10683474    1.66%
   9745  2815      961.6667   444      946.0000      961.6667 10760480    1.66%
   9845  2820      961.6667   520      946.0000      961.6667 10765219    1.66%
   9945  2785      961.0972   392      946.0000      961.6667 10680669    1.66%
  10046  2945      960.7778   473      946.0000      961.6667 10940914    1.66%
Elapsed time = 7987.74 sec. (526159.10 ticks, tree = 522.72 MB, solutions = 39)
  10142  3041      961.6667   563      946.0000      961.6667 11069171    1.66%
  10227  2933      961.6667   338      946.0000      961.6667 10932514    1.66%
  10298  3141      961.4722   347      946.0000      961.6667 11259258    1.66%
  10421  3147      961.2917   270      946.0000      961.6667 11262487    1.66%
  10537  3152      960.2778   277      946.0000      961.6667 11266956    1.66%
  10664  3311      961.6667   633      946.0000      961.6667 11446064    1.66%
  10771  3402      959.5000   277      946.0000      961.6667 11586806    1.66%
  10885  3437      961.6528   732      946.0000      961.6667 11659751    1.66%
  11004  3580      957.8750   280      946.0000      961.6667 11659923    1.66%
  11097  3747      958.9167   152      946.0000      961.6667 11958752    1.66%
Elapsed time = 8551.88 sec. (564756.34 ticks, tree = 782.23 MB, solutions = 39)
  11214  3687      949.3194   512      946.0000      961.6667 11871800    1.66%
  11316  3844      961.6667   424      946.0000      961.6667 12055688    1.66%
  11401  3849      961.6667   337      946.0000      961.6667 12062497    1.66%
  11476  4090      958.9167   323      946.0000      961.6667 12324139    1.66%
  11617  4124      961.6667   526      946.0000      961.6667 12370097    1.66%
  11736  4101      955.7778   313      946.0000      961.6667 12335117    1.66%
  11833  4255      957.7222   335      946.0000      961.6667 12486881    1.66%
  11956  4276      957.6997   330      946.0000      961.6667 12584761    1.66%
  12050  4363      959.2356   398      946.0000      961.6667 12670918    1.66%
  12209  4480      949.9570   500      946.0000      961.6667 12808777    1.66%
Elapsed time = 9238.98 sec. (603134.51 ticks, tree = 863.82 MB, solutions = 39)
  12319  4631      960.7517   557      946.0000      961.6667 12963731    1.66%
  12441  4615      947.0956   357      946.0000      961.6667 12919758    1.66%
  12587  4938      952.7966   234      946.0000      961.6667 13224616    1.66%
  12701  5084      957.2604   370      946.0000      961.6667 13382566    1.66%
  12794  4715      961.4898   680      946.0000      961.6667 13074219    1.66%
  12916  5253      961.2242   657      946.0000      961.6667 13615103    1.66%
  13028  5359      960.6998   532      946.0000      961.6667 13712939    1.66%
  13172  5191      955.2179   644      946.0000      961.6667 13557588    1.66%
  13307  5318      955.3110   509      946.0000      961.6667 13641231    1.66%
  13496  5332      957.6849   434      946.0000      961.6667 13676544    1.66%
Elapsed time = 9938.05 sec. (641476.10 ticks, tree = 1118.46 MB, solutions = 39)
  13687  5650      949.5376   583      946.0000      961.6667 13909551    1.66%
  13807  5716      954.1513   454      946.0000      961.6667 13995945    1.66%
  13910  5841      961.6667   384      946.0000      961.6667 14046905    1.66%
  13992  5883      951.9167   439      946.0000      961.6667 14085689    1.66%
  14068  5937      961.6062   420      946.0000      961.6667 14132538    1.66%
  14184  6344      953.5000   320      946.0000      961.6667 14423872    1.66%
  14264  6299      960.5833   461      946.0000      961.6667 14401863    1.66%
  14367  6521      958.5833   257      946.0000      961.6667 14683120    1.66%
  14502  6393      961.6667   529      946.0000      961.6667 14532216    1.66%
  14596  6487      950.8095   375      946.0000      961.6667 14641938    1.66%
Elapsed time = 10413.91 sec. (679919.08 ticks, tree = 1531.23 MB, solutions = 39)
  14677  6471      958.2113   537      946.0000      961.6667 14612987    1.66%
* 14751+ 6592                          948.0000      961.6667             1.44%
  14782  6656      956.9872   364      948.0000      961.6667 14785552    1.44%
  14865  6898      958.8426   368      948.0000      961.6667 15031840    1.44%
  14951  6842      953.3301   523      948.0000      961.6667 15034774    1.44%
  15031  6875      953.1668   485      948.0000      961.6667 15035735    1.44%
Exception raised in listener 'MipGapPrinter': 'int' object is not callable, id=109
  15127  6916      952.8107   561      948.0000      961.6667 15037679    1.44%
  15173  6864      953.0556   573      948.0000      961.6667 15065866    1.44%
  15237  6896      961.6667   344      948.0000      961.6667 15271145    1.44%
  15358  6976      960.5259   359      948.0000      961.6667 15310169    1.44%
  15486  6999      959.7441   282      948.0000      961.6667 15312665    1.44%
Elapsed time = 10903.04 sec. (718453.14 ticks, tree = 1591.29 MB, solutions = 41)
  15580  7020      956.3206   223      948.0000      961.6667 15334705    1.44%
  15743  7052      961.6667   468      948.0000      961.6667 15423200    1.44%
  15902  7370      953.9168   364      948.0000      961.6667 15632578    1.44%
  16014  7482      960.0000   630      948.0000      961.6667 15731250    1.44%
  16080  7398      951.1993   229      948.0000      961.6667 15640246    1.44%
  16196  7432      961.4444   446      948.0000      961.6667 15653840    1.44%
  16340  7471      961.6667   673      948.0000      961.6667 15726121    1.44%
  16418  7911      956.6804   262      948.0000      961.6667 15996887    1.44%
  16503  7923      956.6751   339      948.0000      961.6667 15998362    1.44%
  16611  8047      961.5702   498      948.0000      961.6667 16132372    1.44%
Elapsed time = 11395.83 sec. (756853.11 ticks, tree = 1784.09 MB, solutions = 41)
  16728  7970        cutoff            948.0000      961.6667 16003461    1.44%
  16836  8063      961.5278   390      948.0000      961.6667 16138651    1.44%
  16963  8070    infeasible            948.0000      961.6667 16207734    1.44%
  17103  8188      961.5442   433      948.0000      961.6667 16342207    1.44%
  17186  8416      961.5833   470      948.0000      961.6667 16439833    1.44%
  17282  8541      961.6667   500      948.0000      961.6667 16585357    1.44%
  17409  8800      961.4444   447      948.0000      961.6667 16894069    1.44%
  17522  8686      961.6667   560      948.0000      961.6667 16827226    1.44%
  17624  8890      952.6603   138      948.0000      961.6667 16835098    1.44%
  17727  8981      956.1958   403      948.0000      961.6667 17147106    1.44%
Elapsed time = 11914.31 sec. (795254.96 ticks, tree = 2052.40 MB, solutions = 41)
  17846  8954      961.2278   424      948.0000      961.6667 17100804    1.44%
  17957  9148      957.3395   205      948.0000      961.6667 17315640    1.44%
  18084  9171      961.6667   337      948.0000      961.6667 17410966    1.44%
  18213  9211    infeasible            948.0000      961.6667 17324277    1.44%
  18359  9246      961.6667   598      948.0000      961.6667 17545107    1.44%
  18514  9268      961.6667   398      948.0000      961.6667 17614190    1.44%
  18670  9444      954.5556   409      948.0000      961.6667 17656602    1.44%
  18804  9462      959.8728   280      948.0000      961.6667 17643718    1.44%
  19028  9789      960.2624   385      948.0000      961.6667 17858506    1.44%
  19241  9821      958.9497   346      948.0000      961.6667 17861543    1.44%
Elapsed time = 12408.73 sec. (833715.80 ticks, tree = 2271.22 MB, solutions = 41)
Nodefile size = 183.13 MB (115.27 MB after compression)
  19469  9940      961.6667   251      948.0000      961.6667 18071885    1.44%
  19717 10349      950.7717   237      948.0000      961.6667 18240888    1.44%
  19995 10450      961.6641   522      948.0000      961.6667 18406802    1.44%
  20160 10514      955.4918   410      948.0000      961.6667 18351632    1.44%
  20385 11015      951.4770   266      948.0000      961.6667 18631309    1.44%
  20584 10685      952.5990   167      948.0000      961.6667 18481431    1.44%
  20817 11415      956.3116   271      948.0000      961.6667 18883356    1.44%
  21020 11074      961.6667   397      948.0000      961.6667 18776980    1.44%
  21236 11441      959.5167   491      948.0000      961.6667 18937048    1.44%
  21439 11844      955.1661   457      948.0000      961.6667 19102427    1.44%
Elapsed time = 12912.44 sec. (872011.02 ticks, tree = 3002.27 MB, solutions = 41)
Nodefile size = 941.11 MB (596.28 MB after compression)
  21682 11672      956.6039   355      948.0000      961.6667 18995605    1.44%
  21918 12308      961.6667   429      948.0000      961.6667 19387341    1.44%
  22167 11929      957.9983   371      948.0000      961.6667 19190779    1.44%
  22468 12843      950.2959   283      948.0000      961.6667 19541361    1.44%
  22736 12863      961.6440   356      948.0000      961.6667 19696219    1.44%
  23051 12948      961.5317   192      948.0000      961.6667 19753280    1.44%
  23294 13427        cutoff            948.0000      961.6667 19929786    1.44%
  23460 13672      961.3208   317      948.0000      961.6667 20093253    1.44%
  23714 13893      961.2257   390      948.0000      961.6667 20202987    1.44%
  23973 13919      960.8983   253      948.0000      961.6667 20206286    1.44%
Elapsed time = 13446.37 sec. (910256.58 ticks, tree = 3753.52 MB, solutions = 41)
Nodefile size = 1678.84 MB (1062.42 MB after compression)
  24237 14233      958.8107   175      948.0000      961.6667 20427608    1.44%
  24428 14416      960.8448   444      948.0000      961.6667 20497331    1.44%
  24643 14095      956.4607   293      948.0000      961.6667 20386406    1.44%
  24852 14349    infeasible            948.0000      961.6667 20453917    1.44%
  25023 15010      961.2222   350      948.0000      961.6667 20812138    1.44%
* 25057+14123                          951.0000      961.6667             1.12%
* 25082+14123                          953.0000      961.6667             0.91%
  25089 15012      961.1397   408      953.0000      961.6667 20815646    0.91%
  25198 14896      961.1111   393      953.0000      961.6667 20699568    0.91%
Exception raised in listener 'MipGapPrinter': 'int' object is not callable, id=122
  25339 14950      951.2301   388      953.0000      961.6667 21058280    0.91%
* 25358+14453                          955.0000      961.6667             0.70%
  25469 15031      952.1825   338      955.0000      961.6667 20773995    0.70%
  25600 14938      960.8247   413      955.0000      961.6667 21055176    0.70%
Elapsed time = 13934.29 sec. (948774.99 ticks, tree = 4151.55 MB, solutions = 43)
Nodefile size = 2090.18 MB (1323.67 MB after compression)
  25736 14948      960.4106   507      955.0000      961.6667 21058699    0.70%
  25847 11281      960.5749   391      955.0000      961.6667 21298122    0.70%
Exception raised in listener 'MipGapPrinter': 'int' object is not callable, id=123
  26014 11178      961.5538   363      955.0000      961.6667 21186290    0.70%
  26222 11553      961.5835   379      955.0000      961.6667 21458188    0.70%
  26375 11461      958.1013   246      955.0000      961.6667 21332676    0.70%
  26524 11643      957.4162   435      955.0000      961.6667 21527697    0.70%
  26810 11698      957.0875   277      955.0000      961.6667 21553937    0.70%
* 26892+12042                          957.0000      961.6667             0.49%
  26946  9975      959.8389   351      957.0000      961.6667 21725183    0.49%
  27098 11991      961.6667   541      957.0000      961.6667 21633656    0.49%
  27147 11857      957.3750   202      957.0000      961.6667 21590588    0.49%
Elapsed time = 14412.80 sec. (987120.75 ticks, tree = 3235.07 MB, solutions = 50)
Nodefile size = 1158.09 MB (731.65 MB after compression)
  27152 15190      956.2694   335      957.0000      961.6667 20919637    0.49%
  27153 11215      961.1012   480      957.0000      961.6667 21271628    0.49%
Exception raised in listener 'MipGapPrinter': 'int' object is not callable, id=124

GUB cover cuts applied:  1015
Clique cuts applied:  16
Cover cuts applied:  299
Implied bound cuts applied:  1081
Flow cuts applied:  7
Mixed integer rounding cuts applied:  199
Zero-half cuts applied:  358
Lift and project cuts applied:  9
Gomory fractional cuts applied:  112

Root node processing (before b&c):
  Real time             = 1167.59 sec. (98231.42 ticks)
Parallel b&c, 24 threads:
  Real time             = 13262.71 sec. (917457.60 ticks)
  Sync time (average)   = 3043.97 sec.
  Wait time (average)   =    0.43 sec.
                          ------------
Total (root+branch&cut) = 14430.30 sec. (1015689.01 ticks)
status  = time limit exceeded
time    = 14430.7 s.
problem = MILP
gap     = 0.487635%

Objective value: 957.0
[50, 50, 8, 8, 400, 110, 957, 961, 0.49, 14430.66]
number of spatial :  755
Heuristic Solution information :  [50, 50, 8, 8, 400, 123, 782, 27, 755]
