CPXPARAM_Read_DataCheck                          1
CPXPARAM_TimeLimit                               14400
Aggregator has done 3127 substitutions...
Tried aggregator 2 times.
MIP Presolve eliminated 74912 rows and 254888 columns.
MIP Presolve modified 5159 coefficients.
Aggregator did 3127 substitutions.
Reduced MIP has 470634 rows, 182252 columns, and 2132561 nonzeros.
Reduced MIP has 174752 binaries, 0 generals, 0 SOSs, and 0 indicators.
Presolve time = 4.21 sec. (15456.12 ticks)
Probing time = 2.09 sec. (57.25 ticks)
Tried aggregator 1 time.
MIP Presolve eliminated 220500 rows and 4500 columns.
Reduced MIP has 250134 rows, 177752 columns, and 1691561 nonzeros.
Reduced MIP has 174752 binaries, 0 generals, 0 SOSs, and 0 indicators.
Presolve time = 2.03 sec. (2878.55 ticks)
Probing time = 1.57 sec. (49.68 ticks)
Clique table members: 94747.
MIP emphasis: balance optimality and feasibility.
MIP search method: dynamic search.
Parallel mode: deterministic, using up to 24 threads.
Root relaxation solution time = 162.12 sec. (28173.12 ticks)

        Nodes                                         Cuts/
   Node  Left     Objective  IInf  Best Integer    Best Bound    ItCnt     Gap

*     0+    0                         1282.0000     3162.0000           146.65%
      0     0     3054.6667  1446     1282.0000     3054.6667   195404  138.27%
Exception raised in listener 'MipGapPrinter': 'int' object is not callable, id=1
*     0+    0                         2092.0000     3054.6667            46.02%
Exception raised in listener 'MipGapPrinter': 'int' object is not callable, id=3
      0     0     3022.1667  1977     2092.0000    Cuts: 1131   283427   44.46%
      0     0     2993.0000  2023     2092.0000     Cuts: 960   359406   43.07%
*     0+    0                         2247.0000     2993.0000            33.20%
Exception raised in listener 'MipGapPrinter': 'int' object is not callable, id=7
      0     0     2978.0000  2209     2247.0000    Cuts: 1092   424071   32.53%
*     0+    0                         2620.0000     2978.0000            13.66%
*     0+    0                         2656.0000     2978.0000            12.12%
*     0+    0                         2673.0000     2978.0000            11.41%
*     0+    0                         2842.0000     2978.0000             4.79%
Exception raised in listener 'MipGapPrinter': 'int' object is not callable, id=9
      0     0     2978.0000  2280     2842.0000    Cuts: 1193   490236    4.79%
*     0+    0                         2900.0000     2978.0000             2.69%
Exception raised in listener 'MipGapPrinter': 'int' object is not callable, id=11
      0     0     2978.0000  1833     2900.0000     Cuts: 211   550332    2.69%
      0     0     2978.0000  2094     2900.0000     Cuts: 890   607142    2.69%
Heuristic still looking.
Heuristic still looking.
      0     2     2978.0000   963     2900.0000     2978.0000   607142    2.69%
Elapsed time = 9928.52 sec. (1747319.06 ticks, tree = 0.02 MB, solutions = 8)
      1     3     2978.0000  1067     2900.0000     2978.0000   609707    2.69%
      2     4     2978.0000   978     2900.0000     2978.0000   612741    2.69%
      3     5     2978.0000   981     2900.0000     2978.0000   615353    2.69%
      4     6     2978.0000  1060     2900.0000     2978.0000   616538    2.69%
      5     7     2978.0000  1067     2900.0000     2978.0000   617561    2.69%
      6     8     2978.0000  1056     2900.0000     2978.0000   619189    2.69%
      7     9     2978.0000  1096     2900.0000     2978.0000   619578    2.69%
      8    10     2978.0000  1054     2900.0000     2978.0000   620822    2.69%
      9    11     2978.0000  1059     2900.0000     2978.0000   622189    2.69%
     10    12     2978.0000  1038     2900.0000     2978.0000   624163    2.69%
Elapsed time = 10471.47 sec. (1774566.12 ticks, tree = 0.09 MB, solutions = 8)
     11    13     2978.0000   915     2900.0000     2978.0000   626170    2.69%
     12    14     2978.0000   940     2900.0000     2978.0000   628279    2.69%
     13    15     2978.0000   923     2900.0000     2978.0000   628853    2.69%
     14    16     2978.0000   913     2900.0000     2978.0000   629650    2.69%
     16    18     2978.0000   944     2900.0000     2978.0000   632584    2.69%
     17    19     2978.0000   922     2900.0000     2978.0000   633372    2.69%
     20    22     2978.0000   870     2900.0000     2978.0000   635482    2.69%
     22    24     2978.0000   933     2900.0000     2978.0000   636652    2.69%
     23    25     2978.0000   952     2900.0000     2978.0000   637645    2.69%
     24    26     2978.0000   917     2900.0000     2978.0000   639268    2.69%
Elapsed time = 10898.15 sec. (1789591.44 ticks, tree = 0.10 MB, solutions = 8)
     26    28     2978.0000   893     2900.0000     2978.0000   640900    2.69%
     28    30     2978.0000   877     2900.0000     2978.0000   641644    2.69%
     30    32     2978.0000   866     2900.0000     2978.0000   643132    2.69%
     31    33     2978.0000   832     2900.0000     2978.0000   644885    2.69%
     33    35     2978.0000   801     2900.0000     2978.0000   647350    2.69%
     36    36    infeasible           2900.0000     2978.0000   648890    2.69%
     38    36    infeasible           2900.0000     2978.0000   650434    2.69%
     40    38     2978.0000   779     2900.0000     2978.0000   652589    2.69%
     42    40     2978.0000   798     2900.0000     2978.0000   654840    2.69%
     44    42     2978.0000   811     2900.0000     2978.0000   655881    2.69%
Elapsed time = 11354.70 sec. (1803832.28 ticks, tree = 1.39 MB, solutions = 8)
     46    44     2978.0000   794     2900.0000     2978.0000   656912    2.69%
     47    45     2978.0000   840     2900.0000     2978.0000   658141    2.69%
     48    46     2978.0000   895     2900.0000     2978.0000   659852    2.69%
     50    48     2978.0000   850     2900.0000     2978.0000   660322    2.69%
     52    48    infeasible           2900.0000     2978.0000   661165    2.69%
     54    50     2978.0000   875     2900.0000     2978.0000   662803    2.69%
     56    52     2978.0000   872     2900.0000     2978.0000   663522    2.69%
     59    54     2978.0000   875     2900.0000     2978.0000   665584    2.69%
     62    57     2978.0000   858     2900.0000     2978.0000   666913    2.69%
     65    59     2978.0000   814     2900.0000     2978.0000   669045    2.69%
Elapsed time = 11737.05 sec. (1816904.18 ticks, tree = 2.65 MB, solutions = 8)
     68    58     2978.0000   943     2900.0000     2978.0000   671017    2.69%
     73    59     2978.0000   947     2900.0000     2978.0000   671973    2.69%
     79    70     2978.0000   802     2900.0000     2978.0000   683131    2.69%
     83    65     2978.0000   968     2900.0000     2978.0000   678621    2.69%
     88    69     2978.0000   957     2900.0000     2978.0000   681434    2.69%
     91    11     2978.0000  1051     2900.0000     2978.0000   621473    2.69%
     95    76     2978.0000   953     2900.0000     2978.0000   687870    2.69%
    100    76     2978.0000   850     2900.0000     2978.0000   689432    2.69%
    105    86     2978.0000   885     2900.0000     2978.0000   695587    2.69%
    109    89     2978.0000   826     2900.0000     2978.0000   701476    2.69%
Elapsed time = 11987.69 sec. (1828154.08 ticks, tree = 3.75 MB, solutions = 8)
    115    95     2978.0000   961     2900.0000     2978.0000   704254    2.69%
    126   100     2978.0000   896     2900.0000     2978.0000   708159    2.69%
    132   101     2978.0000   934     2900.0000     2978.0000   709208    2.69%
    143   106     2978.0000   783     2900.0000     2978.0000   712192    2.69%
    151   122     2978.0000   921     2900.0000     2978.0000   734632    2.69%
    158    24     2978.0000   891     2900.0000     2978.0000   636229    2.69%
    168   112     2978.0000   924     2900.0000     2978.0000   726585    2.69%
    179   136     2978.0000   826     2900.0000     2978.0000   750105    2.69%
    187   124     2978.0000   901     2900.0000     2978.0000   737796    2.69%
    195   160     2978.0000   745     2900.0000     2978.0000   768955    2.69%
Elapsed time = 12250.34 sec. (1838464.26 ticks, tree = 7.85 MB, solutions = 8)
    208   156     2978.0000   773     2900.0000     2978.0000   767923    2.69%
    220   167     2978.0000   813     2900.0000     2978.0000   775947    2.69%
    229   179     2978.0000   849     2900.0000     2978.0000   786147    2.69%
    235   168     2978.0000   835     2900.0000     2978.0000   778046    2.69%
    248   207     2978.0000   835     2900.0000     2978.0000   809342    2.69%
    258   215     2978.0000   835     2900.0000     2978.0000   818180    2.69%
    270   226     2978.0000   815     2900.0000     2978.0000   831059    2.69%
    282   234     2978.0000   731     2900.0000     2978.0000   838374    2.69%
    290   223     2978.0000   836     2900.0000     2978.0000   828160    2.69%
    306   250     2978.0000   825     2900.0000     2978.0000   849284    2.69%
Elapsed time = 12537.92 sec. (1848820.93 ticks, tree = 12.49 MB, solutions = 8)
    319   233     2978.0000   843     2900.0000     2978.0000   837704    2.69%
    336   253    infeasible           2900.0000     2978.0000   857200    2.69%
    346   238     2978.0000   769     2900.0000     2978.0000   837217    2.69%
    359   274     2978.0000   773     2900.0000     2978.0000   868839    2.69%
    371   297     2978.0000   669     2900.0000     2978.0000   891791    2.69%
    381   257     2978.0000   948     2900.0000     2978.0000   860032    2.69%
    389   317     2978.0000   753     2900.0000     2978.0000   911622    2.69%
    398   318     2978.0000   788     2900.0000     2978.0000   912368    2.69%
    410   254     2978.0000  1035     2900.0000     2978.0000   859517    2.69%
    422   321     2978.0000   766     2900.0000     2978.0000   914667    2.69%
Elapsed time = 12786.43 sec. (1859055.71 ticks, tree = 16.31 MB, solutions = 8)
    431   346     2978.0000   875     2900.0000     2978.0000   951590    2.69%
    446   364     2978.0000   666     2900.0000     2978.0000   966506    2.69%
    461   331     2978.0000   770     2900.0000     2978.0000   930842    2.69%
    474   330     2978.0000   875     2900.0000     2978.0000   932771    2.69%
    487   349     2978.0000   734     2900.0000     2978.0000   951256    2.69%
    502   387     2978.0000   758     2900.0000     2978.0000   988337    2.69%
    518   373     2978.0000   727     2900.0000     2978.0000   972986    2.69%
    529   389     2978.0000   800     2900.0000     2978.0000   990458    2.69%
    541   375     2978.0000   854     2900.0000     2978.0000   976257    2.69%
    557   404     2978.0000   748     2900.0000     2978.0000  1000009    2.69%
Elapsed time = 13017.43 sec. (1869198.60 ticks, tree = 18.66 MB, solutions = 8)
    572   433     2978.0000   838     2900.0000     2978.0000  1031066    2.69%
    589   458     2978.0000   805     2900.0000     2978.0000  1049134    2.69%
    603   440     2978.0000   931     2900.0000     2978.0000  1035820    2.69%
    620   434     2978.0000   696     2900.0000     2978.0000  1032888    2.69%
    635   450     2978.0000   760     2900.0000     2978.0000  1044710    2.69%
    655   476     2978.0000   887     2900.0000     2978.0000  1068588    2.69%
    671   505     2978.0000  1038     2900.0000     2978.0000  1098913    2.69%
    686   504     2978.0000   670     2900.0000     2978.0000  1095197    2.69%
    700   490     2978.0000   814     2900.0000     2978.0000  1076925    2.69%
    769   503     2978.0000   696     2900.0000     2978.0000  1088131    2.69%
Elapsed time = 13382.25 sec. (1882657.32 ticks, tree = 20.31 MB, solutions = 8)
    825   561     2978.0000   715     2900.0000     2978.0000  1144900    2.69%
    894   531     2978.0000   919     2900.0000     2978.0000  1126352    2.69%
    957   620     2978.0000   940     2900.0000     2978.0000  1213690    2.69%
   1023   691     2978.0000   741     2900.0000     2978.0000  1272814    2.69%
   1088   698     2978.0000   734     2900.0000     2978.0000  1277253    2.69%
   1149   854    infeasible           2900.0000     2978.0000  1405098    2.69%
   1207   935    infeasible           2900.0000     2978.0000  1461005    2.69%
   1269   919     2978.0000   654     2900.0000     2978.0000  1448755    2.69%
   1326   899     2978.0000   763     2900.0000     2978.0000  1442516    2.69%
   1394  1031     2978.0000   721     2900.0000     2978.0000  1561539    2.69%
Elapsed time = 14402.48 sec. (1921326.98 ticks, tree = 53.52 MB, solutions = 8)
   1410   407     2978.0000   637     2900.0000     2978.0000  1004316    2.69%

GUB cover cuts applied:  130
Clique cuts applied:  21
Cover cuts applied:  58
Implied bound cuts applied:  2406
Flow cuts applied:  2
Mixed integer rounding cuts applied:  561
Zero-half cuts applied:  138
Lift and project cuts applied:  25
Gomory fractional cuts applied:  2

Root node processing (before b&c):
  Real time             = 9919.05 sec. (1746695.87 ticks)
Parallel b&c, 24 threads:
  Real time             = 4484.30 sec. (212746.62 ticks)
  Sync time (average)   = 1120.67 sec.
  Wait time (average)   =    0.00 sec.
                          ------------
Total (root+branch&cut) = 14403.34 sec. (1959442.49 ticks)
status  = time limit exceeded
time    = 14403.7 s.
problem = MILP
gap     = 2.68966%

Objective value: 2900.0
[50, 150, 8, 8, 400, 344, 2900, 2977, 2.69, 14403.65]
number of spatial :  2333
Heuristic Solution information :  [50, 150, 8, 8, 400, 321, 2360, 27, 2333]
