CPXPARAM_Read_DataCheck                          1
CPXPARAM_TimeLimit                               14400
Tried aggregator 2 times.
MIP Presolve eliminated 25697 rows and 84946 columns.
MIP Presolve modified 3099 coefficients.
Aggregator did 3127 substitutions.
Reduced MIP has 158526 rows, 62194 columns, and 713473 nonzeros.
Reduced MIP has 59694 binaries, 0 generals, 0 SOSs, and 0 indicators.
Presolve time = 0.71 sec. (5291.70 ticks)
Probing time = 0.26 sec. (16.32 ticks)
Tried aggregator 1 time.
MIP Presolve eliminated 73500 rows and 1500 columns.
Reduced MIP has 85026 rows, 60694 columns, and 566473 nonzeros.
Reduced MIP has 59694 binaries, 0 generals, 0 SOSs, and 0 indicators.
Presolve time = 0.39 sec. (982.51 ticks)
Probing time = 0.13 sec. (16.07 ticks)
Clique table members: 31627.
MIP emphasis: balance optimality and feasibility.
MIP search method: dynamic search.
Parallel mode: deterministic, using up to 24 threads.
Root relaxation solution time = 3.85 sec. (3447.66 ticks)

        Nodes                                         Cuts/
   Node  Left     Objective  IInf  Best Integer    Best Bound    ItCnt     Gap

*     0+    0                          505.0000     3162.0000           526.14%
      0     0     1536.3750  1794      505.0000     1536.3750    49677  204.23%
Exception raised in listener 'MipGapPrinter': 'int' object is not callable, id=1
*     0+    0                          838.0000     1536.3750            83.34%
Exception raised in listener 'MipGapPrinter': 'int' object is not callable, id=3
      0     0     1435.4398  1796      838.0000    Cuts: 1363    65306   71.29%
      0     0     1340.6897  1914      838.0000    Cuts: 1472    80770   59.99%
      0     0     1253.0456  1435      838.0000    Cuts: 1359    98414   49.53%
*     0+    0                          916.0000     1253.0456            36.80%
*     0+    0                          955.0000     1253.0456            31.21%
Exception raised in listener 'MipGapPrinter': 'int' object is not callable, id=9
      0     0     1183.5618  1473      955.0000    Cuts: 1201   122518   23.93%
      0     0     1140.6791  1335      955.0000     Cuts: 871   148994   19.44%
      0     0     1113.8787  1104      955.0000     Cuts: 781   171900   16.64%
*     0+    0                          990.0000     1113.8787            12.51%
Exception raised in listener 'MipGapPrinter': 'int' object is not callable, id=16
      0     0     1096.5560  1600      990.0000     Cuts: 623   189758   10.76%
      0     0     1092.5093  1779      990.0000     Cuts: 465   201960   10.35%
      0     0     1092.2222  1915      990.0000     Cuts: 338   220248   10.33%
*     0+    0                         1006.0000     1092.2222             8.57%
Exception raised in listener 'MipGapPrinter': 'int' object is not callable, id=23
      0     0     1092.2222  1671     1006.0000     Cuts: 331   235371    8.57%
      0     0     1092.2222  1724     1006.0000     Cuts: 296   250285    8.57%
*     0+    0                         1015.0000     1092.2222             7.61%
Exception raised in listener 'MipGapPrinter': 'int' object is not callable, id=27
      0     0     1092.2222  1772     1015.0000     Cuts: 338   267695    7.61%
Heuristic still looking.
Heuristic still looking.
Heuristic still looking.
*     0+    0                         1019.0000     1092.2222             7.19%
Exception raised in listener 'MipGapPrinter': 'int' object is not callable, id=29
      0     2     1092.2222  1772     1019.0000     1092.2222   267695    7.19%
Elapsed time = 1137.93 sec. (488435.77 ticks, tree = 0.02 MB, solutions = 8)
      1     3     1092.2222  1512     1019.0000     1092.2222   272979    7.19%
      2     4     1092.2222  1438     1019.0000     1092.2222   275292    7.19%
      3     5     1092.2222  1397     1019.0000     1092.2222   276831    7.19%
      4     6     1092.2222  1434     1019.0000     1092.2222   277526    7.19%
      5     7     1092.2222  1408     1019.0000     1092.2222   279005    7.19%
      6     8     1092.2222  1211     1019.0000     1092.2222   281423    7.19%
      7     9     1092.2222  1226     1019.0000     1092.2222   284158    7.19%
      8    10     1092.2222  1277     1019.0000     1092.2222   287607    7.19%
      9    11     1092.2222  1149     1019.0000     1092.2222   290056    7.19%
     11    13     1092.2222  1034     1019.0000     1092.2222   293503    7.19%
Elapsed time = 1204.43 sec. (500498.16 ticks, tree = 0.04 MB, solutions = 8)
     13    15     1092.2222   903     1019.0000     1092.2222   298134    7.19%
     15    17     1092.2222   885     1019.0000     1092.2222   303441    7.19%
     18     6     1092.2222  1387     1019.0000     1092.2222   279027    7.19%
     21    23     1092.2222   362     1019.0000     1092.2222   322527    7.19%
     26    28     1092.2222  1104     1019.0000     1092.2222   340602    7.19%
     34    30     1092.2222  1290     1019.0000     1092.2222   343725    7.19%
     44    34     1092.2222   596     1019.0000     1092.2222   374354    7.19%
     63    48     1092.2222   924     1019.0000     1092.2222   412126    7.19%
     78    50     1092.2222   873     1019.0000     1092.2222   415832    7.19%
    103    77     1092.2222   974     1019.0000     1092.2222   499118    7.19%
Elapsed time = 1305.28 sec. (512169.39 ticks, tree = 0.82 MB, solutions = 8)
    130    67     1092.2222   942     1019.0000     1092.2222   464063    7.19%
    164    69    infeasible           1019.0000     1092.2222   493817    7.19%
    203    88     1092.2222  1296     1019.0000     1092.2222   523486    7.19%
    247   168    infeasible           1019.0000     1092.2222   800795    7.19%
    290   207     1092.2222   427     1019.0000     1092.2222   931382    7.19%
    333   210     1092.2222   521     1019.0000     1092.2222   952165    7.19%
    373   288     1092.2222   895     1019.0000     1092.2222  1182599    7.19%
    419   262     1092.2222   884     1019.0000     1092.2222  1127560    7.19%
    457   329     1092.2222   891     1019.0000     1092.2222  1330130    7.19%
    487   307     1092.2143   372     1019.0000     1092.2222  1259260    7.19%
Elapsed time = 1400.86 sec. (522008.88 ticks, tree = 3.38 MB, solutions = 8)
    521   306     1091.9444   243     1019.0000     1092.2222  1267588    7.19%
    565   430     1092.2222   517     1019.0000     1092.2222  1666558    7.19%
    601   442     1092.2222   651     1019.0000     1092.2222  1683218    7.19%
    626   429     1091.9815   350     1019.0000     1092.2222  1666019    7.19%
    657   446     1092.2222  1371     1019.0000     1092.2222  1694868    7.19%
    696   546     1091.9444   257     1019.0000     1092.2222  2164770    7.19%
    733   565     1092.2222   451     1019.0000     1092.2222  2237369    7.19%
    753   547     1092.2222  1382     1019.0000     1092.2222  2113869    7.19%
    783   598     1092.2222   507     1019.0000     1092.2222  2382563    7.19%
    806   597     1091.9444   296     1019.0000     1092.2222  2383271    7.19%
Elapsed time = 1488.50 sec. (531789.37 ticks, tree = 8.28 MB, solutions = 8)
    836   681     1092.2222   587     1019.0000     1092.2222  2716452    7.19%
    876   630     1092.2222   404     1019.0000     1092.2222  2525075    7.19%
    914   683     1092.2222   443     1019.0000     1092.2222  2731033    7.19%
    948   708     1091.9097   354     1019.0000     1092.2222  2822245    7.19%
    994   704    infeasible           1019.0000     1092.2222  2777579    7.19%
   1029   715     1091.9444   240     1019.0000     1092.2222  2860925    7.19%
   1067   651     1091.9444   285     1019.0000     1092.2222  2632855    7.19%
   1100   831     1092.2222   497     1019.0000     1092.2222  3376497    7.19%
   1126   843     1091.9444   314     1019.0000     1092.2222  3427660    7.19%
   1167   864     1091.9444   291     1019.0000     1092.2222  3583291    7.19%
Elapsed time = 1570.96 sec. (541642.91 ticks, tree = 17.24 MB, solutions = 8)
   1204   839     1092.2222   408     1019.0000     1092.2222  3419911    7.19%
   1248   898     1091.9097   298     1019.0000     1092.2222  3782701    7.19%
   1299   896     1090.9846   343     1019.0000     1092.2222  3727903    7.19%
   1347   916     1091.9444   248     1019.0000     1092.2222  3861482    7.19%
   1395   990     1091.9815   271     1019.0000     1092.2222  4252126    7.19%
   1447  1026     1091.9128   252     1019.0000     1092.2222  4430600    7.19%
   1500  1061    infeasible           1019.0000     1092.2222  4614470    7.19%
   1555  1116     1092.0833   411     1019.0000     1092.2222  4880165    7.19%
   1603  1071     1088.0833   278     1019.0000     1092.2222  4654970    7.19%
   1643  1079     1091.9444   299     1019.0000     1092.2222  4690853    7.19%
Elapsed time = 1642.99 sec. (551402.77 ticks, tree = 24.04 MB, solutions = 8)
   1680  1130    infeasible           1019.0000     1092.2222  5007124    7.19%
   1723  1138    infeasible           1019.0000     1092.2222  5056210    7.19%
   1770  1196     1091.9128   326     1019.0000     1092.2222  5342253    7.19%
   1805  1256     1091.9444   283     1019.0000     1092.2222  5660709    7.19%
   1846  1133     1091.9271   406     1019.0000     1092.2222  5018145    7.19%
   1899  1289     1088.0833   278     1019.0000     1092.2222  5886599    7.19%
   1941  1331    infeasible           1019.0000     1092.2222  6122360    7.19%
   1981  1328    infeasible           1019.0000     1092.2222  6100418    7.19%
   2009  1345     1091.9097   327     1019.0000     1092.2222  6172857    7.19%
   2039  1306    infeasible           1019.0000     1092.2222  5941604    7.19%
Elapsed time = 1729.65 sec. (561246.83 ticks, tree = 32.17 MB, solutions = 8)
   2067  1349    infeasible           1019.0000     1092.2222  6186662    7.19%
   2098  1361     1091.9444   262     1019.0000     1092.2222  6235887    7.19%
   2137  1367     1091.9444   259     1019.0000     1092.2222  6284620    7.19%
   2173  1363     1091.9444   269     1019.0000     1092.2222  6249178    7.19%
   2208  1412     1087.3056   267     1019.0000     1092.2222  6561179    7.19%
   2252  1482    infeasible           1019.0000     1092.2222  7020311    7.19%
   2284  1480     1090.3611   256     1019.0000     1092.2222  6999943    7.19%
   2308  1491     1088.0833   247     1019.0000     1092.2222  7090799    7.19%
   2344  1477    infeasible           1019.0000     1092.2222  6981792    7.19%
   2367  1456     1091.9444   295     1019.0000     1092.2222  6865122    7.19%
Elapsed time = 1832.98 sec. (571163.48 ticks, tree = 65.95 MB, solutions = 8)
   2391  1504     1091.9444   242     1019.0000     1092.2222  7196680    7.19%
   2429  1517     1091.9444   270     1019.0000     1092.2222  7327536    7.19%
   2454  1595     1087.8194   287     1019.0000     1092.2222  7797176    7.19%
   2490  1606     1091.9444   250     1019.0000     1092.2222  7902282    7.19%
   2519  1600     1091.9444   253     1019.0000     1092.2222  7858521    7.19%
   2558  1556     1091.4441   325     1019.0000     1092.2222  7570647    7.19%
   2597  1608     1091.9444   256     1019.0000     1092.2222  7922670    7.19%
   2638  1632    infeasible           1019.0000     1092.2222  8050675    7.19%
   2667  1582     1091.9097   286     1019.0000     1092.2222  7740605    7.19%
   2701  1630     1091.9444   225     1019.0000     1092.2222  8103933    7.19%
Elapsed time = 1941.74 sec. (580970.60 ticks, tree = 89.85 MB, solutions = 8)
   2734  1780     1091.8958   270     1019.0000     1092.2222  9007440    7.19%
   2778  1709     1091.9444   223     1019.0000     1092.2222  8566628    7.19%
   2814  1712     1091.9444   226     1019.0000     1092.2222  8575100    7.19%
   2858  1678    infeasible           1019.0000     1092.2222  8359328    7.19%
   2894  1802     1091.0035   322     1019.0000     1092.2222  9242406    7.19%
   2935  1833     1085.5833   320     1019.0000     1092.2222  9389801    7.19%
   2975  1857     1091.2118   284     1019.0000     1092.2222  9559245    7.19%
   3007  1883     1086.3750   220     1019.0000     1092.2222  9730429    7.19%
   3037  1887    infeasible           1019.0000     1092.2222  9773003    7.19%
   3166  1830    infeasible           1019.0000     1092.2222  9331133    7.19%
Elapsed time = 2105.49 sec. (593564.56 ticks, tree = 129.23 MB, solutions = 8)
   3291  2107     1089.0833   318     1019.0000     1092.2222 10620384    7.19%
   3385  2090    infeasible           1019.0000     1092.2222 10556872    7.19%
   3507  2193     1091.8333   243     1019.0000     1092.2222 11325751    7.19%
   3644  2225     1088.7812   304     1019.0000     1092.2222 11729378    7.19%
   3736  2198     1091.7778   321     1019.0000     1092.2222 11370383    7.19%
   3830  2311     1091.9167   249     1019.0000     1092.2222 12672774    7.19%
   3917  2426     1091.9167   230     1019.0000     1092.2222 13737294    7.19%
   3989  2474     1088.7813   336     1019.0000     1092.2222 14187434    7.19%
   4094  2542     1090.9583   359     1019.0000     1092.2222 15002646    7.19%
   4223  2569     1090.3611   371     1019.0000     1092.2222 15269130    7.19%
Elapsed time = 2441.12 sec. (632134.23 ticks, tree = 329.32 MB, solutions = 8)
   4400  2553     1088.1480   357     1019.0000     1092.2222 15061010    7.19%
   4556  2600     1091.8095   303     1019.0000     1092.2222 15597640    7.19%
   4751  2776     1072.4861   230     1019.0000     1092.2222 15926204    7.19%
   4907  2852    infeasible           1019.0000     1092.2222 16077947    7.19%
   5083  2959     1082.8426   317     1019.0000     1092.2222 16219077    7.19%
*  5158+ 2780                         1020.0000     1092.2222             7.08%
Exception raised in listener 'MipGapPrinter': 'int' object is not callable, id=77
   5267  2959     1080.5278   446     1020.0000     1092.2222 16222210    7.08%
   5418  3097     1075.5688   286     1020.0000     1092.2222 16404757    7.08%
   5594  3356     1073.6964   258     1020.0000     1092.2222 16694549    7.08%
   5704  3281     1091.9167   327     1020.0000     1092.2222 16607171    7.08%
   5840  3367     1065.2847   277     1020.0000     1092.2222 16712395    7.08%
Elapsed time = 2761.49 sec. (670440.48 ticks, tree = 868.84 MB, solutions = 9)
   6031  3446     1081.9693   344     1020.0000     1092.2222 16810569    7.08%
   6137  3604     1081.2386   449     1020.0000     1092.2222 17073105    7.08%
   6253  3620    infeasible           1020.0000     1092.2222 17110105    7.08%
   6337  3683     1074.1080   366     1020.0000     1092.2222 17152003    7.08%
   6459  3782     1088.4219   295     1020.0000     1092.2222 17365011    7.08%
   6550  3843     1088.3690   225     1020.0000     1092.2222 17484108    7.08%
   6628  3968     1066.4964   245     1020.0000     1092.2222 17693852    7.08%
   6699  3955     1087.6094   364     1020.0000     1092.2222 17686975    7.08%
   6762  3952     1087.7500   340     1020.0000     1092.2222 17664758    7.08%
   6823  4012     1081.2500   341     1020.0000     1092.2222 17841748    7.08%
Elapsed time = 3104.16 sec. (709270.74 ticks, tree = 1211.62 MB, solutions = 9)
   6904  4080     1083.7569   423     1020.0000     1092.2222 17958775    7.08%
   6956  4160     1089.8258   334     1020.0000     1092.2222 18146912    7.08%
   7011  4226     1084.1111   275     1020.0000     1092.2222 18382433    7.08%
   7075  4265     1079.3977   340     1020.0000     1092.2222 18517783    7.08%
   7136  4293     1091.9444   409     1020.0000     1092.2222 18588883    7.08%
*  7157+ 4342                         1036.0000     1092.2222             5.43%
   7181  4328     1090.7656   320     1036.0000     1092.2222 18722311    5.43%
Exception raised in listener 'MipGapPrinter': 'int' object is not callable, id=83
   7237  4317     1078.4444   359     1036.0000     1092.2222 18656519    5.43%
   7289  4455     1090.2083   286     1036.0000     1092.2222 19114832    5.43%
*  7310+ 4365                         1037.0000     1092.2222             5.33%
*  7319+ 4365                         1041.0000     1092.2222             4.92%
*  7337+ 4365                         1043.0000     1092.2222             4.72%
   7337  4445     1091.9128   307     1043.0000     1092.2222 19072082    4.72%
*  7353+ 4366                         1045.0000     1092.2222             4.52%
Exception raised in listener 'MipGapPrinter': 'int' object is not callable, id=84
*  7367+ 4366                         1049.0000     1092.2222             4.12%
   7385  4431     1092.2222   942     1049.0000     1092.2222 19043931    4.12%
Elapsed time = 3478.75 sec. (748503.67 ticks, tree = 1394.69 MB, solutions = 16)
*  7388+ 4366                         1051.0000     1092.2222             3.92%
*  7409+ 4366                         1052.0000     1092.2222             3.82%
   7451  4493    infeasible           1052.0000     1092.2222 19295772    3.82%
   7524  4570     1090.1875   322     1052.0000     1092.2222 19796691    3.82%
   7580  4554     1076.0247   280     1052.0000     1092.2222 19717836    3.82%
   7620  4585     1085.0538   431     1052.0000     1092.2222 19878784    3.82%
   7665  4728     1083.9306   429     1052.0000     1092.2222 20639233    3.82%
   7720  4785     1092.2222   610     1052.0000     1092.2222 20782640    3.82%
   7802  4769     1089.9167   402     1052.0000     1092.2222 20732887    3.82%
   7886  4823     1091.9444   395     1052.0000     1092.2222 20916931    3.82%
*  7942+ 4366                         1054.0000     1092.2222             3.63%
   7965  4868     1091.9815   320     1054.0000     1092.2222 21022875    3.63%
   8050  4961     1090.1840   349     1054.0000     1092.2222 21364461    3.63%
Elapsed time = 3864.44 sec. (787077.93 ticks, tree = 1598.21 MB, solutions = 28)
   8141  4966     1091.9681   521     1054.0000     1092.2222 21277708    3.63%
   8222  4980     1092.2222   831     1054.0000     1092.2222 21306397    3.63%
Exception raised in listener 'MipGapPrinter': 'int' object is not callable, id=88
   8284  5035     1073.2569   268     1054.0000     1092.2222 21800944    3.63%
   8346  5121     1091.6250   408     1054.0000     1092.2222 22151192    3.63%
   8398  5050     1090.8380   488     1054.0000     1092.2222 21943106    3.63%
   8420  5153     1080.3148   399     1054.0000     1092.2222 22388525    3.63%
   8426  5016     1092.2222   743     1054.0000     1092.2222 21755178    3.63%
   8427  5303     1092.2222  1577     1054.0000     1092.2222 23214923    3.63%
   8428  5304     1092.2222  1072     1054.0000     1092.2222 23230197    3.63%
   8429  5304     1092.2222   885     1054.0000     1092.2222 23243173    3.63%
Elapsed time = 6307.09 sec. (1401856.08 ticks, tree = 1702.69 MB, solutions = 28)
   8430  5304     1092.2222   971     1054.0000     1092.2222 23256624    3.63%
   8431  5305     1092.2222   970     1054.0000     1092.2222 23270418    3.63%
   8433  5305     1092.2222   958     1054.0000     1092.2222 23281203    3.63%
   8436  1768     1092.2222  1138     1054.0000     1092.2222 23230302    3.63%
   8437  1769     1092.2222   898     1054.0000     1092.2222 23243553    3.63%
   8439  1775     1092.2222   956     1054.0000     1092.2222 23301769    3.63%
   8442  1650    infeasible           1054.0000     1092.2222 23308948    3.63%
   8444   514     1092.2222  1034     1054.0000     1092.2222 23317067    3.63%
   8449   228     1092.2222  1023     1054.0000     1092.2222 23281086    3.63%
   8460   208     1092.2222   973     1054.0000     1092.2222 23402965    3.63%
Elapsed time = 6731.07 sec. (1474100.96 ticks, tree = 57.90 MB, solutions = 28)
   8472   192     1092.2222   890     1054.0000     1092.2222 23421685    3.63%
   8493    37     1092.2222   801     1054.0000     1092.2222 23420082    3.63%
   8517    34     1092.2222   808     1054.0000     1092.2222 23433667    3.63%
   8542     9     1092.2222   897     1054.0000     1092.2222 23283472    3.63%
   8566   105     1092.2222   851     1054.0000     1092.2222 23674095    3.63%
   8597    89     1092.2222   971     1054.0000     1092.2222 23614848    3.63%
   8627   137     1092.2222  1016     1054.0000     1092.2222 23856105    3.63%
   8655   160    infeasible           1054.0000     1092.2222 23924730    3.63%
   8683   183    infeasible           1054.0000     1092.2222 23962551    3.63%
   8722   200     1092.2222   990     1054.0000     1092.2222 24039897    3.63%
Elapsed time = 7136.56 sec. (1513480.77 ticks, tree = 2.80 MB, solutions = 28)
   8763   218     1092.2222   947     1054.0000     1092.2222 24097965    3.63%
   8812   231     1092.2222   711     1054.0000     1092.2222 24115137    3.63%
   8856   238     1092.2222   943     1054.0000     1092.2222 24210304    3.63%
   8900   265     1092.2222   807     1054.0000     1092.2222 24366615    3.63%
   8951   300    infeasible           1054.0000     1092.2222 24443776    3.63%
   9029   354     1092.2222   853     1054.0000     1092.2222 24659582    3.63%
   9120   399     1092.2222   837     1054.0000     1092.2222 24851745    3.63%
   9190   366     1092.2222   746     1054.0000     1092.2222 24733146    3.63%
   9284   440     1092.2222   942     1054.0000     1092.2222 24965666    3.63%
   9372   602     1092.2222   850     1054.0000     1092.2222 25441067    3.63%
Elapsed time = 7599.42 sec. (1552311.51 ticks, tree = 8.54 MB, solutions = 28)
   9420   536     1092.2222   906     1054.0000     1092.2222 25306309    3.63%
   9481   545    infeasible           1054.0000     1092.2222 25376084    3.63%
   9535   645     1092.1127   589     1054.0000     1092.2222 25655874    3.63%
   9609   756     1092.2222   883     1054.0000     1092.2222 26178295    3.63%
   9693   752     1092.2222   923     1054.0000     1092.2222 26091325    3.63%
   9793   794     1092.2222   446     1054.0000     1092.2222 26420751    3.63%
   9907   868     1092.2222   908     1054.0000     1092.2222 26773513    3.63%
  10009   904    infeasible           1054.0000     1092.2222 27017409    3.63%
  10107   909     1092.2222   910     1054.0000     1092.2222 27040052    3.63%
  10196  1039     1092.2222  1124     1054.0000     1092.2222 27768031    3.63%
Elapsed time = 8069.55 sec. (1591040.00 ticks, tree = 16.93 MB, solutions = 28)
  10295  1043     1092.2222   954     1054.0000     1092.2222 27787182    3.63%
  10412  1051    infeasible           1054.0000     1092.2222 27905200    3.63%
  10519  1152     1092.2222   532     1054.0000     1092.2222 28550890    3.63%
  10628  1145    infeasible           1054.0000     1092.2222 28465353    3.63%
  10708  1294    infeasible           1054.0000     1092.2222 29811649    3.63%
  10786  1333     1091.1463   389     1054.0000     1092.2222 30162368    3.63%
  10845  1215     1092.2222   741     1054.0000     1092.2222 29285280    3.63%
  10909  1438     1092.2222   646     1054.0000     1092.2222 30938673    3.63%
  10973  1423     1092.2222   484     1054.0000     1092.2222 30786465    3.63%
  11048  1408     1091.4094   447     1054.0000     1092.2222 30663278    3.63%
Elapsed time = 8473.28 sec. (1629743.45 ticks, tree = 26.23 MB, solutions = 28)
* 11074+ 1448                         1056.0000     1092.2222             3.43%
  11101  1498     1091.2959   608     1056.0000     1092.2222 31674746    3.43%
  11151  1534     1089.0825   365     1056.0000     1092.2222 32053472    3.43%
  11220  1517     1090.5904   607     1056.0000     1092.2222 31842232    3.43%
* 11293+ 1591                         1062.0000     1092.2222             2.85%
  11295  1599    infeasible           1062.0000     1092.2222 32590459    2.85%
Exception raised in listener 'MipGapPrinter': 'int' object is not callable, id=109
  11370  1674     1089.1578   421     1062.0000     1092.2222 33333691    2.85%
  11426  1708     1090.7036   281     1062.0000     1092.2222 33932646    2.85%
  11507  1678    infeasible           1062.0000     1092.2222 33664264    2.85%
  11602  1682     1088.0277   529     1062.0000     1092.2222 33341789    2.85%
  11705  1690     1086.9671   370     1062.0000     1092.2222 33794471    2.85%
  11818  1833     1079.5851   355     1062.0000     1092.2222 35062490    2.85%
Elapsed time = 8838.64 sec. (1668240.89 ticks, tree = 37.42 MB, solutions = 30)
  11885  1847     1091.9976   519     1062.0000     1092.2222 35244018    2.85%
  11949  1805    infeasible           1062.0000     1092.2222 35004116    2.85%
  12002  1864     1092.2222   806     1062.0000     1092.2222 35425040    2.85%
  12042  1891     1089.0083   354     1062.0000     1092.2222 35728934    2.85%
  12069  2067     1092.2222   472     1062.0000     1092.2222 36808355    2.85%
  12129  2122     1081.2778   417     1062.0000     1092.2222 37192952    2.85%
  12177  2158     1092.2222   642     1062.0000     1092.2222 37389692    2.85%
  12232  2181     1084.1182   484     1062.0000     1092.2222 37540221    2.85%
  12290  2222     1089.9969   331     1062.0000     1092.2222 37783828    2.85%
  12382  2235     1088.8357   328     1062.0000     1092.2222 37787871    2.85%
Elapsed time = 9227.87 sec. (1707147.78 ticks, tree = 51.69 MB, solutions = 30)
  12462  2239     1088.5702   355     1062.0000     1092.2222 37791874    2.85%
  12541  2285     1091.9298   746     1062.0000     1092.2222 38420152    2.85%
  12612  2425     1089.0989   360     1062.0000     1092.2222 38955427    2.85%
  12673  2472     1087.1672   390     1062.0000     1092.2222 39117145    2.85%
  12731  2474     1085.0417   183     1062.0000     1092.2222 38871656    2.85%
  12790  2483     1092.0261   344     1062.0000     1092.2222 39223430    2.85%
  12823  2538     1081.5625   249     1062.0000     1092.2222 39427071    2.85%
  12862  2556     1090.3571   531     1062.0000     1092.2222 39534909    2.85%
  12891  2545     1080.6042   287     1062.0000     1092.2222 39441716    2.85%
  12936  2581    infeasible           1062.0000     1092.2222 39636444    2.85%
Elapsed time = 9691.88 sec. (1746480.68 ticks, tree = 69.44 MB, solutions = 30)
  12953  2565    infeasible           1062.0000     1092.2222 39615403    2.85%
  12966  2578     1092.2222   851     1062.0000     1092.2222 39664164    2.85%
  12983  2618     1091.5457   245     1062.0000     1092.2222 39836587    2.85%
  13000  2643     1092.2222   452     1062.0000     1092.2222 39956938    2.85%
  13029  2650     1092.2222   659     1062.0000     1092.2222 40033445    2.85%
  13057  2626     1090.4167   434     1062.0000     1092.2222 39859742    2.85%
  13092  2640     1092.2222   392     1062.0000     1092.2222 39892714    2.85%
  13119  2649     1092.1528   479     1062.0000     1092.2222 40039400    2.85%
  13154  2655    infeasible           1062.0000     1092.2222 40036317    2.85%
  13201  2675     1086.9941   391     1062.0000     1092.2222 40244146    2.85%
Elapsed time = 10160.73 sec. (1785375.15 ticks, tree = 69.96 MB, solutions = 30)
  13245  2717     1092.2222   474     1062.0000     1092.2222 40514661    2.85%
  13263  2724     1092.2222   591     1062.0000     1092.2222 40540209    2.85%
  13290  2819     1090.0139   396     1062.0000     1092.2222 40872839    2.85%
  13319  2842     1089.6554   471     1062.0000     1092.2222 41059067    2.85%
  13352  2821     1090.0139   419     1062.0000     1092.2222 40883218    2.85%
  13397  2909     1092.2222   689     1062.0000     1092.2222 41476122    2.85%
  13435  2897     1092.2222   611     1062.0000     1092.2222 41338019    2.85%
  13471  2909     1091.3021   494     1062.0000     1092.2222 41469295    2.85%
  13499  2931     1092.2222   595     1062.0000     1092.2222 41534909    2.85%
  13531  2910    infeasible           1062.0000     1092.2222 41499363    2.85%
Elapsed time = 10801.35 sec. (1824791.85 ticks, tree = 77.14 MB, solutions = 30)
  13575  3068     1092.1230   473     1062.0000     1092.2222 42449922    2.85%
  13617  3006     1092.2222   748     1062.0000     1092.2222 42061057    2.85%
  13652  3087    infeasible           1062.0000     1092.2222 42654676    2.85%
  13707  3122     1092.2222   842     1062.0000     1092.2222 42757132    2.85%
  13738  3085     1090.5000   374     1062.0000     1092.2222 42566589    2.85%
  13777  3121     1092.2222   731     1062.0000     1092.2222 42746274    2.85%
  13793  3137     1091.9633   454     1062.0000     1092.2222 42949350    2.85%
  13825  3145     1091.5809   410     1062.0000     1092.2222 42953626    2.85%
  13841  3133     1092.2222   715     1062.0000     1092.2222 42763731    2.85%
  13852  3149     1092.2222   755     1062.0000     1092.2222 42996351    2.85%
Elapsed time = 11685.46 sec. (1864099.80 ticks, tree = 85.73 MB, solutions = 30)
  13879  3161     1092.2222   641     1062.0000     1092.2222 43008291    2.85%
  13909  3194     1092.2222   586     1062.0000     1092.2222 43109828    2.85%
  13940  3341     1092.2222   552     1062.0000     1092.2222 43430990    2.85%
  13960  3345    infeasible           1062.0000     1092.2222 43452765    2.85%
  13977  3361     1092.2222   289     1062.0000     1092.2222 43526986    2.85%
  14011  3306    infeasible           1062.0000     1092.2222 43325494    2.85%
  14031  3395     1092.2222   857     1062.0000     1092.2222 43661705    2.85%
  14065  3315    infeasible           1062.0000     1092.2222 43436533    2.85%
  14101  3316     1092.1984   360     1062.0000     1092.2222 43449806    2.85%
  14159  3509    infeasible           1062.0000     1092.2222 43821122    2.85%
Elapsed time = 12337.44 sec. (1903197.83 ticks, tree = 101.82 MB, solutions = 30)
* 14172+ 3375                         1064.0000     1092.2222             2.65%
  14237  3532    infeasible           1064.0000     1092.2222 43841972    2.65%
  14270  3561     1092.2222   422     1064.0000     1092.2222 44219368    2.65%
  14283  3542     1091.1757   377     1064.0000     1092.2222 44118691    2.65%
  14307  3611     1092.2222   408     1064.0000     1092.2222 44480974    2.65%
  14323  3568     1092.2222   455     1064.0000     1092.2222 44274958    2.65%
  14337  3620     1092.2222   314     1064.0000     1092.2222 44531855    2.65%
  14366  3629     1091.9919   458     1064.0000     1092.2222 44579022    2.65%
Exception raised in listener 'MipGapPrinter': 'int' object is not callable, id=117
  14396  3581     1092.2222   865     1064.0000     1092.2222 44405793    2.65%
  14422  3755     1092.2222   693     1064.0000     1092.2222 45296311    2.65%
  14454  3765     1092.2222   903     1064.0000     1092.2222 45314819    2.65%
Elapsed time = 13000.74 sec. (1943677.79 ticks, tree = 112.75 MB, solutions = 31)
  14479  3667     1085.6786   414     1064.0000     1092.2222 44739920    2.65%
  14507  3777     1077.5107   337     1064.0000     1092.2222 45366640    2.65%
  14535  3708     1092.2222  1041     1064.0000     1092.2222 45005497    2.65%
  14553  3805        cutoff           1064.0000     1092.2222 45416523    2.65%
  14570  3835     1085.0334   377     1064.0000     1092.2222 45485387    2.65%
  14590  3840     1084.9251   435     1064.0000     1092.2222 45490322    2.65%
  14623  3845     1084.6721   418     1064.0000     1092.2222 45494833    2.65%
  14651  3843     1092.2222   642     1064.0000     1092.2222 45629131    2.65%
  14680  3781     1092.2222   371     1064.0000     1092.2222 45381570    2.65%
  14698  3888     1092.2222   518     1064.0000     1092.2222 45893493    2.65%
Elapsed time = 13652.18 sec. (1983112.08 ticks, tree = 125.23 MB, solutions = 31)
  14725  3943     1084.6716   385     1064.0000     1092.2222 45978692    2.65%
  14753  3943     1092.2222   552     1064.0000     1092.2222 45980661    2.65%
  14779  3966     1092.2222   705     1064.0000     1092.2222 46131827    2.65%
  14812  3846     1092.2222   585     1064.0000     1092.2222 45650529    2.65%
  14837  3960     1092.2222   381     1064.0000     1092.2222 46119254    2.65%
  14864  4005     1092.2222   512     1064.0000     1092.2222 46347921    2.65%
  14913  3983     1092.2222   446     1064.0000     1092.2222 46156109    2.65%
  14978  3966    infeasible           1064.0000     1092.2222 46157373    2.65%
  15015  4112     1092.1667   255     1064.0000     1092.2222 46780979    2.65%
  15057  4062     1092.2222   251     1064.0000     1092.2222 46589483    2.65%
Elapsed time = 14323.16 sec. (2021953.49 ticks, tree = 126.39 MB, solutions = 31)
  15094  4132     1087.2054   395     1064.0000     1092.2222 46931219    2.65%
  15124  4070     1091.4148   398     1064.0000     1092.2222 46644320    2.65%
  15127  3359     1092.2222   377     1064.0000     1092.2222 43503817    2.65%

GUB cover cuts applied:  917
Clique cuts applied:  18
Cover cuts applied:  177
Implied bound cuts applied:  1542
Flow cuts applied:  10
Mixed integer rounding cuts applied:  200
Zero-half cuts applied:  306
Lift and project cuts applied:  18
Gomory fractional cuts applied:  147

Root node processing (before b&c):
  Real time             = 1137.24 sec. (488312.36 ticks)
Parallel b&c, 24 threads:
  Real time             = 13264.00 sec. (1634430.60 ticks)
  Sync time (average)   = 2604.50 sec.
  Wait time (average)   =    0.35 sec.
                          ------------
Total (root+branch&cut) = 14401.24 sec. (2122742.96 ticks)
status  = time limit exceeded
time    = 14401.4 s.
problem = MILP
gap     = 2.65246%

Objective value: 1064.0
[50, 50, 8, 8, 400, 130, 1064, 1092, 2.65, 14401.4]
number of spatial :  884
Heuristic Solution information :  [50, 50, 8, 8, 400, 134, 911, 27, 884]
