CPXPARAM_Read_DataCheck                          1
CPXPARAM_TimeLimit                               14400
Tried aggregator 2 times.
MIP Presolve eliminated 26723 rows and 87111 columns.
MIP Presolve modified 1432 coefficients.
Aggregator did 708 substitutions.
Reduced MIP has 155058 rows, 58609 columns, and 587055 nonzeros.
Reduced MIP has 56109 binaries, 0 generals, 0 SOSs, and 0 indicators.
Presolve time = 0.73 sec. (1531.03 ticks)
Probing time = 3.84 sec. (13.48 ticks)
Tried aggregator 1 time.
MIP Presolve eliminated 73500 rows and 1500 columns.
Reduced MIP has 81558 rows, 57109 columns, and 440055 nonzeros.
Reduced MIP has 56109 binaries, 0 generals, 0 SOSs, and 0 indicators.
Presolve time = 0.85 sec. (506.66 ticks)
Probing time = 2.14 sec. (12.83 ticks)
Clique table members: 30095.
MIP emphasis: balance optimality and feasibility.
MIP search method: dynamic search.
Parallel mode: deterministic, using up to 24 threads.
Root relaxation solution time = 14.29 sec. (5260.49 ticks)

        Nodes                                         Cuts/
   Node  Left     Objective  IInf  Best Integer    Best Bound    ItCnt     Gap

*     0+    0                          115.0000      714.0000           520.87%
      0     0      426.0000  1002      115.0000      426.0000    71334  270.43%
Exception raised in listener 'MipGapPrinter': 'int' object is not callable, id=1
*     0+    0                          235.0000      426.0000            81.28%
Exception raised in listener 'MipGapPrinter': 'int' object is not callable, id=3
      0     0      369.6250   973      235.0000     Cuts: 506    90004   57.29%
      0     0      325.0833   875      235.0000     Cuts: 600   110994   38.33%
      0     0      312.7500   846      235.0000     Cuts: 362   125536   33.09%
*     0+    0                          273.0000      312.7500            14.56%
*     0+    0                          285.0000      312.7500             9.74%
Exception raised in listener 'MipGapPrinter': 'int' object is not callable, id=9
      0     0      312.0000   815      285.0000     Cuts: 422   138363    9.47%
      0     0      312.0000   873      285.0000     Cuts: 340   154535    9.47%
      0     0      312.0000   746      285.0000      Cuts: 34   167673    9.47%
*     0+    0                          287.0000      312.0000             8.71%
*     0+    0                          289.0000      312.0000             7.96%
*     0+    0                          291.0000      312.0000             7.22%
Exception raised in listener 'MipGapPrinter': 'int' object is not callable, id=16
      0     0      312.0000   752      291.0000     Cuts: 263   179697    7.22%
Heuristic still looking.
*     0+    0                          293.0000      312.0000             6.48%
*     0+    0                          295.0000      312.0000             5.76%
*     0+    0                          299.0000      312.0000             4.35%
Exception raised in listener 'MipGapPrinter': 'int' object is not callable, id=19
      0     2      312.0000   355      299.0000      312.0000   179697    4.35%
Elapsed time = 1398.65 sec. (196542.81 ticks, tree = 0.02 MB, solutions = 10)
      2     4      312.0000   356      299.0000      312.0000   181681    4.35%
      3     5      312.0000   385      299.0000      312.0000   182868    4.35%
      4     6      312.0000   423      299.0000      312.0000   184122    4.35%
      6     8      312.0000   367      299.0000      312.0000   184938    4.35%
      7     9      312.0000   407      299.0000      312.0000   185722    4.35%
      8    10      312.0000   360      299.0000      312.0000   186659    4.35%
      9    11      312.0000   328      299.0000      312.0000   187689    4.35%
*    11+    4                          300.0000      312.0000             4.00%
     11    12      312.0000   339      300.0000      312.0000   188238    4.00%
     12    12      312.0000   337      300.0000      312.0000   191161    4.00%
     23    23      312.0000   319      300.0000      312.0000   202866    4.00%
Elapsed time = 1518.50 sec. (204319.46 ticks, tree = 0.04 MB, solutions = 12)
     52    32      312.0000   299      300.0000      312.0000   209565    4.00%
     91    37    infeasible            300.0000      312.0000   220429    4.00%
    124    59      312.0000   210      300.0000      312.0000   232115    4.00%
Exception raised in listener 'MipGapPrinter': 'int' object is not callable, id=32
    166   107      312.0000   374      300.0000      312.0000   269293    4.00%
    212   146      312.0000   392      300.0000      312.0000   301799    4.00%
    280   190    infeasible            300.0000      312.0000   343723    4.00%
    341   220      312.0000   267      300.0000      312.0000   375717    4.00%
    412   254    infeasible            300.0000      312.0000   408682    4.00%
    480   308    infeasible            300.0000      312.0000   447309    4.00%
    537   325      312.0000   366      300.0000      312.0000   459274    4.00%
Elapsed time = 1712.33 sec. (214050.19 ticks, tree = 4.34 MB, solutions = 14)
    621   371      312.0000   294      300.0000      312.0000   505550    4.00%
    714   408      312.0000   282      300.0000      312.0000   522555    4.00%
    825   500      312.0000   280      300.0000      312.0000   604319    4.00%
    935   590      312.0000   209      300.0000      312.0000   682849    4.00%
   1051   665      312.0000   254      300.0000      312.0000   764119    4.00%
   1181   738      312.0000   224      300.0000      312.0000   885573    4.00%
   1307   756      312.0000   208      300.0000      312.0000   911355    4.00%
   1431   916      312.0000   237      300.0000      312.0000  1058369    4.00%
   1531   940      309.1667   164      300.0000      312.0000  1086012    4.00%
   1629   977      312.0000   249      300.0000      312.0000  1130609    4.00%
Elapsed time = 1867.23 sec. (223648.94 ticks, tree = 13.97 MB, solutions = 15)
   1728  1091    infeasible            300.0000      312.0000  1277627    4.00%
   1827  1175      312.0000   213      300.0000      312.0000  1365842    4.00%
   1936  1244      307.5000   150      300.0000      312.0000  1444808    4.00%
   2049  1248      307.5000   124      300.0000      312.0000  1452283    4.00%
   2174  1328    infeasible            300.0000      312.0000  1595015    4.00%
   2297  1324      312.0000   244      300.0000      312.0000  1553088    4.00%
   2416  1541      309.2143   280      300.0000      312.0000  1862008    4.00%
   2540  1656      312.0000   240      300.0000      312.0000  2016226    4.00%
   2662  1650      312.0000   253      300.0000      312.0000  2001663    4.00%
   2778  1687    infeasible            300.0000      312.0000  2126954    4.00%
Elapsed time = 2033.53 sec. (233233.61 ticks, tree = 29.56 MB, solutions = 15)
   2898  1739      312.0000   260      300.0000      312.0000  2229513    4.00%
   3010  1820    infeasible            300.0000      312.0000  2406575    4.00%
   3115  1783    infeasible            300.0000      312.0000  2346079    4.00%
   3226  2031      311.7679   191      300.0000      312.0000  2780634    4.00%
   3336  2016      307.9939   158      300.0000      312.0000  2743360    4.00%
   3428  2166      308.0556   168      300.0000      312.0000  3077030    4.00%
   3504  2196      307.6667   151      300.0000      312.0000  3133605    4.00%
   3574  2212      307.0000   119      300.0000      312.0000  3165058    4.00%
   3663  2193      310.6667   218      300.0000      312.0000  3130236    4.00%
   3770  2287      309.0000   178      300.0000      312.0000  3334632    4.00%
Elapsed time = 2170.95 sec. (242868.68 ticks, tree = 45.01 MB, solutions = 15)
   3876  2358    infeasible            300.0000      312.0000  3613804    4.00%
   3978  2490      309.1905   217      300.0000      312.0000  3903358    4.00%
   4082  2510      308.5000   157      300.0000      312.0000  3951090    4.00%
   4187  2490      311.8286   246      300.0000      312.0000  3935025    4.00%
   4260  2612      309.8333   157      300.0000      312.0000  4208039    4.00%
   4361  2738      304.0000    63      300.0000      312.0000  4521932    4.00%
   4468  2807    infeasible            300.0000      312.0000  4635946    4.00%
   4576  2870      307.6667   127      300.0000      312.0000  4713955    4.00%
   4665  2839    infeasible            300.0000      312.0000  4650466    4.00%
   4745  2865      312.0000   181      300.0000      312.0000  4708299    4.00%
Elapsed time = 2308.25 sec. (252488.96 ticks, tree = 61.40 MB, solutions = 15)
   4812  3012    infeasible            300.0000      312.0000  4958568    4.00%
   4890  2989      311.3628   149      300.0000      312.0000  4905950    4.00%
   4981  3197      310.1667   139      300.0000      312.0000  5272883    4.00%
   5064  3229      304.0889    97      300.0000      312.0000  5312016    4.00%
   5187  3287    infeasible            300.0000      312.0000  5347993    4.00%
   5293  3399    infeasible            300.0000      312.0000  5603202    4.00%
   5400  3403    infeasible            300.0000      312.0000  5609248    4.00%
   5484  3336      306.4286   115      300.0000      312.0000  5414811    4.00%
   5574  3548      309.5000   121      300.0000      312.0000  5797602    4.00%
   5656  3442      311.5143   199      300.0000      312.0000  5676562    4.00%
Elapsed time = 2494.86 sec. (262135.59 ticks, tree = 108.78 MB, solutions = 15)
   5724  3511      312.0000   183      300.0000      312.0000  5748431    4.00%
   5796  3667      311.9167   213      300.0000      312.0000  6083702    4.00%
   5867  3675      310.5000   180      300.0000      312.0000  6088869    4.00%
   5939  3755    infeasible            300.0000      312.0000  6239461    4.00%
   6007  3582      312.0000   170      300.0000      312.0000  5875464    4.00%
   6074  3935      303.7009   127      300.0000      312.0000  6544099    4.00%
   6137  3896      309.5238   157      300.0000      312.0000  6475404    4.00%
   6205  3819      310.5417   225      300.0000      312.0000  6404056    4.00%
   6261  4018      312.0000   212      300.0000      312.0000  6783835    4.00%
   6315  4137      303.3125   139      300.0000      312.0000  6956682    4.00%
Elapsed time = 2767.74 sec. (271880.68 ticks, tree = 129.76 MB, solutions = 15)
   6375  4140      302.3746   146      300.0000      312.0000  6961895    4.00%
   6464  4154    infeasible            300.0000      312.0000  7011562    4.00%
   6538  4160      307.6095   143      300.0000      312.0000  7016753    4.00%
   6609  4210      311.0714   209      300.0000      312.0000  7138147    4.00%
   6679  4358      308.7500   131      300.0000      312.0000  7397128    4.00%
   6755  4352        cutoff            300.0000      312.0000  7367311    4.00%
   6849  4440      309.8333   118      300.0000      312.0000  7591597    4.00%
*  6885+ 4392                          301.0000      312.0000             3.65%
   6931  4359      312.0000   421      301.0000      312.0000  7383702    3.65%
Exception raised in listener 'MipGapPrinter': 'int' object is not callable, id=56
   7001  4460      306.3333   146      301.0000      312.0000  7594099    3.65%
   7104  4482        cutoff            301.0000      312.0000  7699992    3.65%
Elapsed time = 2983.79 sec. (281506.79 ticks, tree = 139.90 MB, solutions = 16)
*  7157+ 4528                          302.0000      312.0000             3.31%
   7186  4428      312.0000   315      302.0000      312.0000  7689010    3.31%
   7227  4477      312.0000   439      302.0000      312.0000  7727770    3.31%
*  7228+ 4571                          303.0000      312.0000             2.97%
   7247  4542      311.5000   225      303.0000      312.0000  7852748    2.97%
*  7249+ 4546                          304.0000      312.0000             2.63%
   7268  4543      311.6667   203      304.0000      312.0000  7855981    2.63%
   7305  4298      308.8750   209      304.0000      312.0000  8071343    2.63%
Exception raised in listener 'MipGapPrinter': 'int' object is not callable, id=57
   7329  4307      312.0000   523      304.0000      312.0000  8137164    2.63%
   7374  4323      305.8571   163      304.0000      312.0000  8074296    2.63%
   7400  4333      308.7500   148      304.0000      312.0000  8196192    2.63%
   7436  4352      310.2500   136      304.0000      312.0000  8230174    2.63%
   7498  4341      310.1276   284      304.0000      312.0000  8236158    2.63%
Elapsed time = 3254.38 sec. (294490.07 ticks, tree = 151.58 MB, solutions = 25)
   7500  4495      312.0000   311      304.0000      312.0000  8610197    2.63%
   7501  4496      312.0000   501      304.0000      312.0000  8621675    2.63%
   7502  4497      312.0000   482      304.0000      312.0000  8633044    2.63%
   7503  4498      312.0000   535      304.0000      312.0000  8642925    2.63%
   7504  4498      312.0000   610      304.0000      312.0000  8653606    2.63%
   7506  1928      312.0000   509      304.0000      312.0000  8621927    2.63%
   7509  1934      312.0000   612      304.0000      312.0000  8671708    2.63%
   7512   966      312.0000   534      304.0000      312.0000  8642953    2.63%
   7517   312      312.0000   427      304.0000      312.0000  8695560    2.63%
   7529    71      312.0000   436      304.0000      312.0000  8713120    2.63%
Elapsed time = 8196.14 sec. (609652.79 ticks, tree = 3.31 MB, solutions = 25)
   7541    16      312.0000   687      304.0000      312.0000  8693935    2.63%
   7553    15      312.0000   489      304.0000      312.0000  8672613    2.63%
   7577    33      312.0000   648      304.0000      312.0000  8717750    2.63%
*  7584+   23                          305.0000      312.0000             2.30%
   7629    55      312.0000   334      305.0000      312.0000  8745023    2.30%
   7693    87      311.8095   390      305.0000      312.0000  8772155    2.30%
   7759   121      312.0000   421      305.0000      312.0000  8789860    2.30%
Exception raised in listener 'MipGapPrinter': 'int' object is not callable, id=73
   7839   200    infeasible            305.0000      312.0000  8843477    2.30%
   7914   272      312.0000   289      305.0000      312.0000  8918969    2.30%
   8004   304      312.0000   389      305.0000      312.0000  8931382    2.30%
   8138   387      311.8095   455      305.0000      312.0000  9018634    2.30%
Elapsed time = 9185.48 sec. (648647.37 ticks, tree = 118.05 MB, solutions = 28)
   8277   523      311.8095   470      305.0000      312.0000  9128159    2.30%
   8443   590      312.0000   458      305.0000      312.0000  9167480    2.30%
   8649   685      312.0000   435      305.0000      312.0000  9235082    2.30%
   8870   712      312.0000   424      305.0000      312.0000  9246899    2.30%
   9098   973      311.8333   372      305.0000      312.0000  9465489    2.30%
   9344  1010      312.0000   402      305.0000      312.0000  9480833    2.30%
   9579  1170      312.0000   357      305.0000      312.0000  9626758    2.30%
   9790  1146      312.0000   295      305.0000      312.0000  9611786    2.30%
   9960  1549      311.8829   240      305.0000      312.0000 10048352    2.30%
  10057  1521      312.0000   405      305.0000      312.0000  9994650    2.30%
Elapsed time = 9794.81 sec. (686953.98 ticks, tree = 614.31 MB, solutions = 28)
  10160  1569      312.0000   296      305.0000      312.0000 10075595    2.30%
  10264  1773      310.0591   286      305.0000      312.0000 10520178    2.30%
  10374  1737      312.0000   522      305.0000      312.0000 10333858    2.30%
  10479  1818      312.0000   327      305.0000      312.0000 10642795    2.30%
  10572  1813      312.0000   329      305.0000      312.0000 10616531    2.30%
  10660  1908      312.0000   349      305.0000      312.0000 10984256    2.30%
  10747  1953      312.0000   547      305.0000      312.0000 11101578    2.30%
  10841  2001      310.2311   309      305.0000      312.0000 11327633    2.30%
  10948  1997      311.2150   266      305.0000      312.0000 11306653    2.30%
  11063  2128      312.0000   411      305.0000      312.0000 11606535    2.30%
Elapsed time = 10444.73 sec. (725578.79 ticks, tree = 956.13 MB, solutions = 28)
  11191  2170      312.0000   390      305.0000      312.0000 11678583    2.30%
  11325  2124      311.5837   345      305.0000      312.0000 11619474    2.30%
  11470  2329      308.3405   225      305.0000      312.0000 11870136    2.30%
  11606  2337      306.1786   202      305.0000      312.0000 11878894    2.30%
  11756  2578      310.3512   278      305.0000      312.0000 12333114    2.30%
  11924  2471      310.4881   250      305.0000      312.0000 12215401    2.30%
  12073  2547      311.0291   238      305.0000      312.0000 12324922    2.30%
  12228  2782      311.6161   294      305.0000      312.0000 12762534    2.30%
  12368  2761      311.5302   324      305.0000      312.0000 12747359    2.30%
  12487  3085      311.1857   279      305.0000      312.0000 13320304    2.30%
Elapsed time = 10990.26 sec. (764147.58 ticks, tree = 1528.72 MB, solutions = 28)
  12622  3165      311.6429   290      305.0000      312.0000 13494415    2.30%
  12747  3220      312.0000   490      305.0000      312.0000 13660474    2.30%
  12884  3227      309.6190   318      305.0000      312.0000 13658508    2.30%
  13021  3241      309.1429   295      305.0000      312.0000 13667984    2.30%
  13152  3387      310.2595   219      305.0000      312.0000 14007456    2.30%
  13268  3425      311.9524   309      305.0000      312.0000 14116161    2.30%
  13388  3588      311.3705   296      305.0000      312.0000 14403808    2.30%
  13540  3597      310.0952   217      305.0000      312.0000 14462144    2.30%
  13674  3652      312.0000   328      305.0000      312.0000 14548355    2.30%
  13813  3862      309.4256   225      305.0000      312.0000 14934523    2.30%
Elapsed time = 11634.68 sec. (802438.47 ticks, tree = 1964.34 MB, solutions = 28)
  13967  3972      311.7502   328      305.0000      312.0000 15141129    2.30%
  14086  3994      308.8716   290      305.0000      312.0000 15231377    2.30%
  14207  4148      310.7143   285      305.0000      312.0000 15462368    2.30%
  14338  4131      309.2619   200      305.0000      312.0000 15463307    2.30%
  14466  4279      311.0726   228      305.0000      312.0000 15694964    2.30%
  14624  4330      308.4369   231      305.0000      312.0000 15910720    2.30%
  14776  4530      309.9286   223      305.0000      312.0000 16231522    2.30%
  14930  4558      311.5951   285      305.0000      312.0000 16326399    2.30%
  15056  4807      311.3304   313      305.0000      312.0000 16655339    2.30%
  15194  4926      307.8282   265      305.0000      312.0000 16993018    2.30%
Elapsed time = 12023.77 sec. (840719.06 ticks, tree = 2556.42 MB, solutions = 28)
Nodefile size = 491.04 MB (274.32 MB after compression)
  15349  4841      311.3429   309      305.0000      312.0000 16735116    2.30%
  15491  5081      311.1429   359      305.0000      312.0000 17281773    2.30%
  15632  5041      311.5714   310      305.0000      312.0000 17229367    2.30%
  15756  5370      310.8612   360      305.0000      312.0000 17931121    2.30%
  15876  5329      310.6548   290      305.0000      312.0000 17847846    2.30%
  15996  5462      309.2927   312      305.0000      312.0000 18053083    2.30%
  16125  5617      311.5477   299      305.0000      312.0000 18542954    2.30%
  16285  5650      311.1429   289      305.0000      312.0000 18584101    2.30%
  16420  5719      310.7857   314      305.0000      312.0000 18672414    2.30%
  16586  5904      311.7857   340      305.0000      312.0000 19129659    2.30%
Elapsed time = 12440.25 sec. (879152.62 ticks, tree = 3117.78 MB, solutions = 28)
Nodefile size = 1050.54 MB (585.94 MB after compression)
  16761  5789      311.7857   300      305.0000      312.0000 18914938    2.30%
  16950  6077      311.6216   254      305.0000      312.0000 19387484    2.30%
  17118  6353      311.6071   314      305.0000      312.0000 19845650    2.30%
  17361  6465      308.5051   259      305.0000      312.0000 19997042    2.30%
  17584  6240      310.6429   342      305.0000      312.0000 19668867    2.30%
  17738  6560      309.0286   322      305.0000      312.0000 20044217    2.30%
  17840  6687      311.8294   305      305.0000      312.0000 20243164    2.30%
  17913  6982      311.0000   276      305.0000      312.0000 20483233    2.30%
  17992  7122      312.0000   281      305.0000      312.0000 20614601    2.30%
  18069  7094      309.7143   338      305.0000      312.0000 20571086    2.30%
Elapsed time = 12878.03 sec. (917580.23 ticks, tree = 3770.41 MB, solutions = 28)
Nodefile size = 1704.10 MB (949.02 MB after compression)
  18148  7221      311.3472   339      305.0000      312.0000 20795656    2.30%
  18228  7130      310.8643   283      305.0000      312.0000 20638050    2.30%
  18316  7230      311.0714   317      305.0000      312.0000 20808463    2.30%
  18422  7389      312.0000   310      305.0000      312.0000 21235595    2.30%
  18555  7358      310.8164   272      305.0000      312.0000 21148737    2.30%
  18692  7550      310.5000   285      305.0000      312.0000 21613665    2.30%
  18796  7624      309.9206   302      305.0000      312.0000 21716906    2.30%
  18935  7563      310.1905   263      305.0000      312.0000 21631642    2.30%
  19095  7608      310.1571   290      305.0000      312.0000 21674624    2.30%
  19237  7940      309.6275   279      305.0000      312.0000 22282536    2.30%
Elapsed time = 13306.96 sec. (956002.16 ticks, tree = 4237.62 MB, solutions = 28)
Nodefile size = 2167.07 MB (1206.94 MB after compression)
  19429  7844      311.1429   259      305.0000      312.0000 22211595    2.30%
  19609  8056      309.9048   211      305.0000      312.0000 22431746    2.30%
  19784  8165      307.1429   211      305.0000      312.0000 22548926    2.30%
  19931  8529      309.0452   262      305.0000      312.0000 22935967    2.30%
  20089  8276      311.0190   314      305.0000      312.0000 22632885    2.30%
  20226  8868      309.7381   338      305.0000      312.0000 23369107    2.30%
  20392  8603      308.8105   230      305.0000      312.0000 23049655    2.30%
  20529  9053      312.0000   389      305.0000      312.0000 23799011    2.30%
  20654  9105      306.2377   217      305.0000      312.0000 23914148    2.30%
  20763  9037      311.0000   347      305.0000      312.0000 23702553    2.30%
Elapsed time = 13770.06 sec. (994390.82 ticks, tree = 4792.99 MB, solutions = 28)
Nodefile size = 2709.97 MB (1510.31 MB after compression)
  20840  9090      308.5141   288      305.0000      312.0000 23882285    2.30%
  20947  9482      306.9460   228      305.0000      312.0000 24637403    2.30%
  21051  9552      310.8029   346      305.0000      312.0000 24765357    2.30%
  21157  9517      306.3810   218      305.0000      312.0000 24642592    2.30%
  21281  9463      312.0000   480      305.0000      312.0000 24593289    2.30%
  21387  9590      311.0238   356      305.0000      312.0000 24891347    2.30%
  21489  9695      311.6349   301      305.0000      312.0000 24990947    2.30%
  21619  9948      311.8730   334      305.0000      312.0000 25241683    2.30%
  21780  9967      312.0000   389      305.0000      312.0000 25288776    2.30%
  21923  9947      311.1429   430      305.0000      312.0000 25274202    2.30%
Elapsed time = 14294.63 sec. (1033260.97 ticks, tree = 5268.90 MB, solutions = 28)
Nodefile size = 3204.71 MB (1788.82 MB after compression)
  22090 10188      310.1429   259      305.0000      312.0000 25694581    2.30%
  22241 10200      309.9388   255      305.0000      312.0000 25705348    2.30%
  22364 10218      309.8571   280      305.0000      312.0000 25721571    2.30%
  22427 10321      310.9770   417      305.0000      312.0000 25941147    2.30%

GUB cover cuts applied:  265
Clique cuts applied:  3
Cover cuts applied:  98
Implied bound cuts applied:  207
Flow cuts applied:  4
Mixed integer rounding cuts applied:  48
Zero-half cuts applied:  93
Lift and project cuts applied:  12
Gomory fractional cuts applied:  69

Root node processing (before b&c):
  Real time             = 1391.34 sec. (196483.30 ticks)
Parallel b&c, 24 threads:
  Real time             = 13012.59 sec. (854804.52 ticks)
  Sync time (average)   = 3673.62 sec.
  Wait time (average)   =    0.79 sec.
                          ------------
Total (root+branch&cut) = 14403.93 sec. (1051287.82 ticks)
status  = time limit exceeded
time    = 14403.9 s.
problem = MILP
gap     = 2.29508%

Objective value: 305.0
[50, 50, 8, 2, 400, 159, 305, 312, 2.3, 14403.94]
number of spatial :  273
Heuristic Solution information :  [50, 50, 8, 2, 400, 135, 281, 8, 273]
