CPXPARAM_Read_DataCheck                          1
CPXPARAM_TimeLimit                               14400
Tried aggregator 2 times.
MIP Presolve eliminated 26871 rows and 228767 columns.
MIP Presolve modified 1482 coefficients.
Aggregator did 708 substitutions.
Reduced MIP has 277615 rows, 61953 columns, and 838487 nonzeros.
Reduced MIP has 56953 binaries, 0 generals, 0 SOSs, and 0 indicators.
Presolve time = 0.70 sec. (2671.53 ticks)
Probing time = 0.31 sec. (17.04 ticks)
Tried aggregator 1 time.
MIP Presolve eliminated 195988 rows and 3996 columns.
Reduced MIP has 81627 rows, 57957 columns, and 446511 nonzeros.
Reduced MIP has 56953 binaries, 0 generals, 0 SOSs, and 0 indicators.
Presolve time = 0.49 sec. (621.91 ticks)
Probing time = 0.20 sec. (13.18 ticks)
Clique table members: 30039.
MIP emphasis: balance optimality and feasibility.
MIP search method: dynamic search.
Parallel mode: deterministic, using up to 24 threads.
Root relaxation solution time = 3.09 sec. (2697.31 ticks)

        Nodes                                         Cuts/
   Node  Left     Objective  IInf  Best Integer    Best Bound    ItCnt     Gap

*     0+    0                          324.0000      714.0000           120.37%
      0     0      612.2667   781      324.0000      612.2667    31943   88.97%
Exception raised in listener 'MipGapPrinter': 'int' object is not callable, id=1
*     0+    0                          450.0000      612.2667            36.06%
Exception raised in listener 'MipGapPrinter': 'int' object is not callable, id=3
      0     0      588.5833   816      450.0000     Cuts: 624    45194   30.80%
      0     0      579.8333   859      450.0000     Cuts: 522    60056   28.85%
      0     0      564.6000   964      450.0000     Cuts: 418    71874   25.47%
*     0+    0                          470.0000      564.6000            20.13%
*     0+    0                          474.0000      564.6000            19.11%
*     0+    0                          476.0000      564.6000            18.61%
*     0+    0                          490.0000      564.6000            15.22%
*     0+    0                          498.0000      564.6000            13.37%
Exception raised in listener 'MipGapPrinter': 'int' object is not callable, id=9
      0     0      561.6000  1078      498.0000     Cuts: 552    83739   12.77%
      0     0      556.5833  1089      498.0000     Cuts: 557    96830   11.76%
      0     0      551.0000  1112      498.0000     Cuts: 454   109087   10.64%
*     0+    0                          509.0000      551.0000             8.25%
Exception raised in listener 'MipGapPrinter': 'int' object is not callable, id=16
      0     0      550.5000  1063      509.0000     Cuts: 381   122946    8.15%
      0     0      550.5000  1180      509.0000     Cuts: 387   135954    8.15%
*     0+    0                          522.0000      550.5000             5.46%
Exception raised in listener 'MipGapPrinter': 'int' object is not callable, id=21
      0     0      550.5000   707      522.0000      Cuts: 24   146440    5.46%
*     0+    0                          530.0000      550.5000             3.87%
*     0+    0                          534.0000      550.5000             3.09%
*     0+    0                          538.0000      550.5000             2.32%
Exception raised in listener 'MipGapPrinter': 'int' object is not callable, id=23
      0     0      550.5000   756      538.0000     Cuts: 276   157587    2.32%
Heuristic still looking.
      0     2      550.5000   348      538.0000      550.5000   157587    2.32%
Elapsed time = 754.42 sec. (212284.43 ticks, tree = 0.02 MB, solutions = 12)
      1     3      550.5000   369      538.0000      550.5000   159167    2.32%
      2     4      550.5000   391      538.0000      550.5000   160749    2.32%
      3     5      550.5000   366      538.0000      550.5000   161997    2.32%
      5     7      550.5000   374      538.0000      550.5000   162687    2.32%
      6     8      550.5000   329      538.0000      550.5000   163413    2.32%
      9    11      550.5000   367      538.0000      550.5000   164056    2.32%
     11    13      550.5000   386      538.0000      550.5000   165406    2.32%
     13    15      550.5000   414      538.0000      550.5000   165909    2.32%
     16    18      550.5000   378      538.0000      550.5000   166757    2.32%
     22    23      550.5000   375      538.0000      550.5000   171696    2.32%
Elapsed time = 827.47 sec. (216766.61 ticks, tree = 0.04 MB, solutions = 12)
     33     9      550.5000   344      538.0000      550.5000   163485    2.32%
     75    47      550.5000   344      538.0000      550.5000   183714    2.32%
    106    87      550.5000   351      538.0000      550.5000   205767    2.32%
    156    96      550.5000   336      538.0000      550.5000   214695    2.32%
    206   152      550.5000   383      538.0000      550.5000   251969    2.32%
    242   171      550.5000   393      538.0000      550.5000   264364    2.32%
    289   216    infeasible            538.0000      550.5000   288055    2.32%
    343   258      550.5000   283      538.0000      550.5000   307755    2.32%
    379   279      550.5000   401      538.0000      550.5000   325564    2.32%
    450   330      550.4643   295      538.0000      550.5000   353687    2.32%
Elapsed time = 1015.00 sec. (226503.19 ticks, tree = 4.06 MB, solutions = 12)
    548   356      550.5000   335      538.0000      550.5000   376043    2.32%
    650   478      550.5000   269      538.0000      550.5000   457687    2.32%
    735   486      550.4643   261      538.0000      550.5000   462089    2.32%
    846   652      550.4643   262      538.0000      550.5000   551040    2.32%
    974   788    infeasible            538.0000      550.5000   623675    2.32%
   1096   879      550.4643   312      538.0000      550.5000   667927    2.32%
   1223  1001      550.5000   376      538.0000      550.5000   750107    2.32%
   1352   988      550.5000   310      538.0000      550.5000   744570    2.32%
   1492  1183      550.4444   237      538.0000      550.5000   857243    2.32%
   1638  1109      550.1667   294      538.0000      550.5000   821696    2.32%
Elapsed time = 1199.64 sec. (236096.45 ticks, tree = 18.52 MB, solutions = 12)
   1787  1336    infeasible            538.0000      550.5000   960670    2.32%
   1970  1521      550.4643   264      538.0000      550.5000  1082647    2.32%
   2146  1560      550.5000   239      538.0000      550.5000  1110007    2.32%
   2320  1715      550.5000   248      538.0000      550.5000  1222506    2.32%
   2486  1910    infeasible            538.0000      550.5000  1344915    2.32%
   2628  1987      550.3095   187      538.0000      550.5000  1423210    2.32%
   2782  2274      550.4444   230      538.0000      550.5000  1644051    2.32%
   2940  2358      550.1667   194      538.0000      550.5000  1750272    2.32%
   3096  2435      550.5000   244      538.0000      550.5000  1822502    2.32%
   3251  2343    infeasible            538.0000      550.5000  1729193    2.32%
Elapsed time = 1335.88 sec. (245696.58 ticks, tree = 47.03 MB, solutions = 12)
   3406  2465      550.1667   225      538.0000      550.5000  1859615    2.32%
   3556  2313      550.4444   189      538.0000      550.5000  1690318    2.32%
   3697  2751      549.7569   182      538.0000      550.5000  2173343    2.32%
   3847  2789      550.3095   253      538.0000      550.5000  2219461    2.32%
   3992  3068    infeasible            538.0000      550.5000  2545894    2.32%
   4127  3075      549.0185   161      538.0000      550.5000  2551105    2.32%
   4260  3348      548.4444   152      538.0000      550.5000  2915374    2.32%
   4389  3328      550.3095   185      538.0000      550.5000  2889595    2.32%
   4509  3500      550.4444   251      538.0000      550.5000  3146464    2.32%
   4641  3493      549.7500   202      538.0000      550.5000  3138478    2.32%
Elapsed time = 1455.55 sec. (255312.10 ticks, tree = 77.74 MB, solutions = 12)
   4730  3614      550.1373   238      538.0000      550.5000  3314365    2.32%
   4818  3581      550.4444   218      538.0000      550.5000  3284929    2.32%
   4905  3870      550.3095   266      538.0000      550.5000  3769665    2.32%
   4984  3883      550.4643   277      538.0000      550.5000  3802248    2.32%
   5076  3902      549.5000   144      538.0000      550.5000  3844223    2.32%
*  5117+ 3826                          540.0000      550.5000             1.94%
*  5143+ 3827                          542.0000      550.5000             1.57%
   5192  3885      550.5000   252      542.0000      550.5000  3800373    1.57%
   5291  3944      544.1667    83      542.0000      550.5000  3918790    1.57%
   5374  4048      550.4444   163      542.0000      550.5000  4065532    1.57%
   5445  4054      550.4444   203      542.0000      550.5000  4071947    1.57%
   5470  3984      550.5000   262      542.0000      550.5000  3963576    1.57%
Elapsed time = 1567.28 sec. (265393.56 ticks, tree = 92.45 MB, solutions = 15)
Exception raised in listener 'MipGapPrinter': 'int' object is not callable, id=65
   5471  4315      550.5000   325      542.0000      550.5000  4530870    1.57%
   5472  4316      550.5000   490      542.0000      550.5000  4540204    1.57%
   5473  4317      550.5000   602      542.0000      550.5000  4548615    1.57%
   5474  4318      550.5000   715      542.0000      550.5000  4560347    1.57%
   5475  2590      550.5000   526      542.0000      550.5000  4540268    1.57%
   5476  2593      550.5000   687      542.0000      550.5000  4568851    1.57%
   5477  2595      550.5000   675      542.0000      550.5000  4578920    1.57%
   5478  2270      550.5000   556      542.0000      550.5000  4578680    1.57%
   5480  1009      550.5000   594      542.0000      550.5000  4549474    1.57%
   5482   923      550.5000   665      542.0000      550.5000  4592172    1.57%
Elapsed time = 4388.58 sec. (528525.24 ticks, tree = 26.24 MB, solutions = 15)
   5483   925      550.5000   582      542.0000      550.5000  4601075    1.57%
   5485   854      550.5000   596      542.0000      550.5000  4605577    1.57%
   5486   855      550.5000   562      542.0000      550.5000  4605547    1.57%
   5487   858      550.5000   555      542.0000      550.5000  4609238    1.57%
   5488   810      550.5000   561      542.0000      550.5000  4609122    1.57%
   5491   271      550.5000   543      542.0000      550.5000  4609738    1.57%
   5494   212      550.5000   519      542.0000      550.5000  4610259    1.57%
   5495   213      550.5000   562      542.0000      550.5000  4610255    1.57%
   5499   180      550.5000   532      542.0000      550.5000  4612680    1.57%
   5502   169      550.5000   517      542.0000      550.5000  4612734    1.57%
Elapsed time = 4735.10 sec. (543531.71 ticks, tree = 5.86 MB, solutions = 15)
   5504    54      550.5000   626      542.0000      550.5000  4613707    1.57%
   5508    48      549.7500   781      542.0000      550.5000  4616376    1.57%
   5512    37      550.5000   448      542.0000      550.5000  4614984    1.57%
   5518    36      550.5000   396      542.0000      550.5000  4615591    1.57%
   5523    35      550.5000   548      542.0000      550.5000  4616860    1.57%
   5528    34      550.5000   751      542.0000      550.5000  4625884    1.57%
   5536    47      550.5000   362      542.0000      550.5000  4631686    1.57%
   5539    53      550.5000   499      542.0000      550.5000  4641279    1.57%
   5545    36      550.5000   725      542.0000      550.5000  4629593    1.57%
   5553    48      549.7500   633      542.0000      550.5000  4639023    1.57%
Elapsed time = 4976.56 sec. (555041.76 ticks, tree = 9.18 MB, solutions = 15)
   5562    51      550.5000   527      542.0000      550.5000  4638039    1.57%
   5576    51      550.5000   542      542.0000      550.5000  4634955    1.57%
   5591    63      550.5000   576      542.0000      550.5000  4658729    1.57%
   5604    11      550.5000   711      542.0000      550.5000  4591065    1.57%
   5621    81      550.5000   462      542.0000      550.5000  4667429    1.57%
   5638    74      549.7500   504      542.0000      550.5000  4663421    1.57%
   5658    70      550.5000   638      542.0000      550.5000  4664038    1.57%
   5675    93      550.5000   467      542.0000      550.5000  4670811    1.57%
   5692    71      550.5000   514      542.0000      550.5000  4660657    1.57%
   5757   172      550.5000   398      542.0000      550.5000  4704918    1.57%
Elapsed time = 5223.87 sec. (568525.86 ticks, tree = 54.78 MB, solutions = 15)
   5844   270      550.5000   489      542.0000      550.5000  4757692    1.57%
   5935   286      550.5000   488      542.0000      550.5000  4771395    1.57%
   6059   363    infeasible            542.0000      550.5000  4849238    1.57%
   6203   446      550.5000   487      542.0000      550.5000  4889661    1.57%
   6352   449      550.5000   442      542.0000      550.5000  4896991    1.57%
   6509   690      550.5000   475      542.0000      550.5000  4994963    1.57%
   6659   673      550.5000   447      542.0000      550.5000  4991138    1.57%
   6829   761      550.3000   365      542.0000      550.5000  5021238    1.57%
   7040  1153      550.5000   365      542.0000      550.5000  5183107    1.57%
   7249  1145      550.3000   387      542.0000      550.5000  5174566    1.57%
Elapsed time = 5931.08 sec. (606960.64 ticks, tree = 430.23 MB, solutions = 15)
   7459  1532      550.3000   364      542.0000      550.5000  5314816    1.57%
   7715  1678      549.5000   355      542.0000      550.5000  5397025    1.57%
   7964  1900      549.0000   386      542.0000      550.5000  5497565    1.57%
   8230  1916      548.5000   310      542.0000      550.5000  5517134    1.57%
   8510  2199      550.5000   494      542.0000      550.5000  5599279    1.57%
   8784  2314      549.4500   389      542.0000      550.5000  5669727    1.57%
   9053  2342      549.4286   356      542.0000      550.5000  5690168    1.57%
   9313  2737      549.5000   344      542.0000      550.5000  6072163    1.57%
   9556  3186      550.2857   337      542.0000      550.5000  6415386    1.57%
   9735  3277      547.4167   177      542.0000      550.5000  6552797    1.57%
Elapsed time = 6688.52 sec. (645237.45 ticks, tree = 1495.62 MB, solutions = 15)
   9892  3474    infeasible            542.0000      550.5000  6799379    1.57%
  10030  3555      550.3000   337      542.0000      550.5000  6900750    1.57%
  10176  3586      550.4286   349      542.0000      550.5000  6972791    1.57%
  10313  3633    infeasible            542.0000      550.5000  7076307    1.57%
  10454  3745      549.0000   198      542.0000      550.5000  7250334    1.57%
  10593  3890      550.5000   622      542.0000      550.5000  7493070    1.57%
  10766  3861      550.3000   306      542.0000      550.5000  7428810    1.57%
  10927  4016      544.7500   287      542.0000      550.5000  7668323    1.57%
  11081  4078      545.7500   228      542.0000      550.5000  7764624    1.57%
  11238  4299      550.5000   425      542.0000      550.5000  7946777    1.57%
Elapsed time = 7636.91 sec. (683583.26 ticks, tree = 2108.28 MB, solutions = 15)
Nodefile size = 45.97 MB (25.77 MB after compression)
  11391  4303      550.3000   326      542.0000      550.5000  7943623    1.57%
  11544  4470      548.2500   256      542.0000      550.5000  8158608    1.57%
  11719  4627      550.4286   371      542.0000      550.5000  8265120    1.57%
  11896  4701      548.5000   143      542.0000      550.5000  8351130    1.57%
  12075  4802      544.7500   159      542.0000      550.5000  8501636    1.57%
  12246  5020      549.5200   280      542.0000      550.5000  8753397    1.57%
  12427  5142      546.1111   175      542.0000      550.5000  8871998    1.57%
  12607  5111      550.5000   354      542.0000      550.5000  8853590    1.57%
  12791  5193    infeasible            542.0000      550.5000  8910170    1.57%
  12959  5347      550.5000   349      542.0000      550.5000  9018273    1.57%
Elapsed time = 8317.88 sec. (721859.76 ticks, tree = 2767.80 MB, solutions = 15)
Nodefile size = 695.58 MB (390.31 MB after compression)
  13146  5493      550.5000   358      542.0000      550.5000  9209261    1.57%
  13347  5804      550.5000   382      542.0000      550.5000  9554757    1.57%
  13544  5765      549.7500   351      542.0000      550.5000  9528001    1.57%
  13727  5961      550.3000   245      542.0000      550.5000  9693895    1.57%
  13950  6175    infeasible            542.0000      550.5000  9829542    1.57%
  14151  6195      550.5000   314      542.0000      550.5000  9846298    1.57%
  14349  6305      549.5893   255      542.0000      550.5000  9912198    1.57%
  14540  6594    infeasible            542.0000      550.5000 10124013    1.57%
  14745  6676      550.2857   215      542.0000      550.5000 10227715    1.57%
  14922  6874      550.5000   393      542.0000      550.5000 10412940    1.57%
Elapsed time = 8928.30 sec. (760182.41 ticks, tree = 3670.15 MB, solutions = 15)
Nodefile size = 1598.84 MB (896.55 MB after compression)
  15089  7176      550.5000   363      542.0000      550.5000 10677557    1.57%
  15278  7122      549.4286   267      542.0000      550.5000 10649014    1.57%
  15472  7433      550.2500   216      542.0000      550.5000 10911540    1.57%
  15657  7508      549.4286   251      542.0000      550.5000 10997300    1.57%
  15850  7820      550.5000   386      542.0000      550.5000 11291934    1.57%
  16070  7864      549.3611   219      542.0000      550.5000 11334909    1.57%
  16301  7908      550.5000   257      542.0000      550.5000 11431632    1.57%
  16540  7929      549.0000   234      542.0000      550.5000 11492302    1.57%
  16734  8015      545.2659   152      542.0000      550.5000 11651462    1.57%
  16879  8652      547.6944   201      542.0000      550.5000 12644933    1.57%
Elapsed time = 9640.82 sec. (798639.80 ticks, tree = 4588.66 MB, solutions = 15)
Nodefile size = 2520.59 MB (1410.45 MB after compression)
  17064  8827      549.4286   227      542.0000      550.5000 12893817    1.57%
  17261  8618      549.0556   209      542.0000      550.5000 12545741    1.57%
  17477  9048      550.5000   368      542.0000      550.5000 13290418    1.57%
  17708  9019      547.8079   272      542.0000      550.5000 13253509    1.57%
  17978  9238      550.0556   221      542.0000      550.5000 13484824    1.57%
  18246  9539      550.5000   282      542.0000      550.5000 13867874    1.57%
  18469  9638      550.5000   371      542.0000      550.5000 13915877    1.57%
  18733  9764      547.5000   192      542.0000      550.5000 14050975    1.57%
  18970 10104      548.6667   239      542.0000      550.5000 14433541    1.57%
  19232 10042      545.3968   161      542.0000      550.5000 14389316    1.57%
Elapsed time = 10224.97 sec. (836967.35 ticks, tree = 5279.24 MB, solutions = 15)
Nodefile size = 3203.74 MB (1791.13 MB after compression)
  19475  9929      550.3929   203      542.0000      550.5000 14239167    1.57%
  19667 10508      547.4144   255      542.0000      550.5000 15063312    1.57%
  19870 10460      549.1429   228      542.0000      550.5000 15001399    1.57%
  20109 10813      548.9167   203      542.0000      550.5000 15662159    1.57%
  20390 10724      546.8571   220      542.0000      550.5000 15469528    1.57%
  20635 10993    infeasible            542.0000      550.5000 15991995    1.57%
  20886 10939    infeasible            542.0000      550.5000 15918050    1.57%
  21260 11377      547.8167   191      542.0000      550.5000 16564598    1.57%
  21640 11262      550.5000   196      542.0000      550.5000 16433640    1.57%
  21930 11527      545.9167   205      542.0000      550.5000 16804046    1.57%
Elapsed time = 10683.56 sec. (875233.79 ticks, tree = 5936.73 MB, solutions = 15)
Nodefile size = 3853.13 MB (2152.67 MB after compression)
  22158 11788      548.1667   235      542.0000      550.5000 17225454    1.57%
  22334 11907      548.0471   185      542.0000      550.5000 17363390    1.57%
  22483 12570      547.5046   249      542.0000      550.5000 18226616    1.57%
  22661 12481      546.5833   207      542.0000      550.5000 18125704    1.57%
  22821 12645      550.1333   292      542.0000      550.5000 18660585    1.57%
  22973 12658      549.8611   218      542.0000      550.5000 18666864    1.57%
  23137 12654      550.2500   226      542.0000      550.5000 18650446    1.57%
  23307 12777      550.0139   241      542.0000      550.5000 19191667    1.57%
  23538 12925      550.1765   252      542.0000      550.5000 19473162    1.57%
  23860 12874      550.3833   239      542.0000      550.5000 19338860    1.57%
Elapsed time = 11192.68 sec. (913595.41 ticks, tree = 6515.14 MB, solutions = 15)
Nodefile size = 4434.65 MB (2476.23 MB after compression)
  24067 13219      550.0000   237      542.0000      550.5000 19926809    1.57%
  24306 13172      548.8611   218      542.0000      550.5000 19860562    1.57%
  24498 13339      550.3833   269      542.0000      550.5000 20112712    1.57%
  24686 13584    infeasible            542.0000      550.5000 20491903    1.57%
  24962 13714      545.2500   250      542.0000      550.5000 20733261    1.57%
  25183 13885      550.4898   286      542.0000      550.5000 21111146    1.57%
  25369 13950      550.3625   300      542.0000      550.5000 21284137    1.57%
  25531 14141      549.4583   280      542.0000      550.5000 21619431    1.57%
  25712 14126      549.7500   254      542.0000      550.5000 21594438    1.57%
  25885 14136      549.7476   253      542.0000      550.5000 21610578    1.57%
Elapsed time = 11593.69 sec. (951959.64 ticks, tree = 7145.35 MB, solutions = 15)
Nodefile size = 5063.02 MB (2826.80 MB after compression)
  26071 14481      545.9167   250      542.0000      550.5000 22409478    1.57%
  26208 14573      550.2500   363      542.0000      550.5000 22666659    1.57%
  26393 14583      550.1607   292      542.0000      550.5000 22679406    1.57%
  26576 14593      550.5000   297      542.0000      550.5000 22692052    1.57%
  26732 15066    infeasible            542.0000      550.5000 23870712    1.57%
  26852 15043      543.3125   248      542.0000      550.5000 23836188    1.57%
  26953 14943      547.7955   285      542.0000      550.5000 23611154    1.57%
  27053 15245      548.9375   277      542.0000      550.5000 24193563    1.57%
  27190 15331    infeasible            542.0000      550.5000 24571834    1.57%
  27300 15416      549.4314   310      542.0000      550.5000 24894867    1.57%
Elapsed time = 12029.76 sec. (990352.96 ticks, tree = 7757.93 MB, solutions = 15)
Nodefile size = 5684.99 MB (3173.98 MB after compression)
  27428 15043      550.5000   311      542.0000      550.5000 23848104    1.57%
  27562 15472      549.7500   320      542.0000      550.5000 25242327    1.57%
  27702 15462      549.8118   392      542.0000      550.5000 25135747    1.57%
  27814 15707      550.1726   260      542.0000      550.5000 26123492    1.57%
  27934 15837    infeasible            542.0000      550.5000 26665582    1.57%
  28045 15809      549.7813   277      542.0000      550.5000 26533418    1.57%
  28135 15900      548.4444   368      542.0000      550.5000 26910636    1.57%
  28235 15821      549.4028   257      542.0000      550.5000 26556785    1.57%
  28327 15973      550.3958   301      542.0000      550.5000 27099549    1.57%
  28429 16139      546.7882   277      542.0000      550.5000 27807115    1.57%
Elapsed time = 12613.20 sec. (1028901.10 ticks, tree = 8135.92 MB, solutions = 15)
Nodefile size = 6060.28 MB (3384.66 MB after compression)
  28517 16283      550.5000   304      542.0000      550.5000 28339034    1.57%
  28597 16208      547.4375   261      542.0000      550.5000 28028136    1.57%
  28662 16317      550.5000   274      542.0000      550.5000 28449571    1.57%
  28730 16324      550.5000   261      542.0000      550.5000 28454985    1.57%
  28789 16401      547.3839   276      542.0000      550.5000 29140542    1.57%
  28874 16520      548.5729   278      542.0000      550.5000 29669376    1.57%
  28948 16582      549.7333   245      542.0000      550.5000 30193843    1.57%
  29009 16526      550.4107   305      542.0000      550.5000 29807555    1.57%
  29082 16634      549.3142   278      542.0000      550.5000 30521823    1.57%
  29168 16639      549.0404   240      542.0000      550.5000 30549680    1.57%
Elapsed time = 13251.60 sec. (1067563.67 ticks, tree = 8403.63 MB, solutions = 15)
Nodefile size = 6326.27 MB (3534.60 MB after compression)
  29261 16603      550.0500   330      542.0000      550.5000 30387519    1.57%
  29368 16805      544.7500   201      542.0000      550.5000 31226588    1.57%
  29484 16816      547.1486   304      542.0000      550.5000 31217112    1.57%
  29577 16887      547.7500   281      542.0000      550.5000 31857223    1.57%
  29657 16779      550.4549   312      542.0000      550.5000 31182693    1.57%
  29746 16964    infeasible            542.0000      550.5000 32105631    1.57%
  29839 16980      550.2500   287      542.0000      550.5000 32201192    1.57%
  29925 17052      549.9531   292      542.0000      550.5000 32629642    1.57%
  30002 17213      550.0515   332      542.0000      550.5000 33504909    1.57%
  30101 17235      549.8611   302      542.0000      550.5000 33715055    1.57%
Elapsed time = 13827.89 sec. (1106153.95 ticks, tree = 8741.98 MB, solutions = 15)
Nodefile size = 6669.98 MB (3728.96 MB after compression)
  30176 17243      550.4167   290      542.0000      550.5000 33725617    1.57%
  30258 17325      546.4583   247      542.0000      550.5000 34252889    1.57%
  30329 17411      545.0000   257      542.0000      550.5000 34673582    1.57%
  30412 17502      550.3929   302      542.0000      550.5000 35265860    1.57%
  30501 17500      549.5000   285      542.0000      550.5000 35249562    1.57%
  30585 17511      549.3843   345      542.0000      550.5000 35543753    1.57%
  30681 17615      550.5000   292      542.0000      550.5000 36260039    1.57%
  30781 17578      545.9405   302      542.0000      550.5000 35748371    1.57%
  30889 17597      549.2500   263      542.0000      550.5000 36079658    1.57%
  30986 17665      549.7500   335      542.0000      550.5000 36527053    1.57%
Elapsed time = 14402.61 sec. (1144770.26 ticks, tree = 8926.98 MB, solutions = 15)
Nodefile size = 6853.20 MB (3832.14 MB after compression)
  31026 17632      548.4125   283      542.0000      550.5000 36288812    1.57%

GUB cover cuts applied:  312
Clique cuts applied:  32
Cover cuts applied:  477
Implied bound cuts applied:  405
Flow cuts applied:  15
Mixed integer rounding cuts applied:  105
Zero-half cuts applied:  110
Lift and project cuts applied:  4
Gomory fractional cuts applied:  31

Root node processing (before b&c):
  Real time             =  748.12 sec. (212219.07 ticks)
Parallel b&c, 24 threads:
  Real time             = 13666.56 sec. (937071.55 ticks)
  Sync time (average)   = 4448.89 sec.
  Wait time (average)   =    0.90 sec.
                          ------------
Total (root+branch&cut) = 14414.68 sec. (1149290.61 ticks)
status  = time limit exceeded
time    = 14414.7 s.
problem = MILP
gap     = 1.56827%

Objective value: 542.0
[50, 100, 8, 2, 400, 246, 542, 550, 1.57, 14414.7]
number of spatial :  473
Heuristic Solution information :  [50, 100, 8, 2, 400, 221, 481, 8, 473]
