CPXPARAM_Read_DataCheck                          1
CPXPARAM_TimeLimit                               14400
Tried aggregator 2 times.
MIP Presolve eliminated 13495 rows and 114448 columns.
MIP Presolve modified 942 coefficients.
Aggregator did 708 substitutions.
Reduced MIP has 139308 rows, 31272 columns, and 419154 nonzeros.
Reduced MIP has 28772 binaries, 0 generals, 0 SOSs, and 0 indicators.
Presolve time = 0.33 sec. (1338.51 ticks)
Probing time = 0.19 sec. (8.29 ticks)
Tried aggregator 1 time.
MIP Presolve eliminated 98000 rows and 2000 columns.
Reduced MIP has 41308 rows, 29272 columns, and 223154 nonzeros.
Reduced MIP has 28772 binaries, 0 generals, 0 SOSs, and 0 indicators.
Presolve time = 0.18 sec. (284.12 ticks)
Probing time = 0.08 sec. (6.32 ticks)
Clique table members: 15323.
MIP emphasis: balance optimality and feasibility.
MIP search method: dynamic search.
Parallel mode: deterministic, using up to 24 threads.
Root relaxation solution time = 0.65 sec. (693.38 ticks)

        Nodes                                         Cuts/
   Node  Left     Objective  IInf  Best Integer    Best Bound    ItCnt     Gap

*     0+    0                          153.0000      714.0000           366.67%
      0     0      387.8889   667      153.0000      387.8889    11432  153.52%
Exception raised in listener 'MipGapPrinter': 'int' object is not callable, id=1
*     0+    0                          197.0000      387.8889            96.90%
Exception raised in listener 'MipGapPrinter': 'int' object is not callable, id=3
      0     0      333.9651   773      197.0000     Cuts: 663    19432   69.53%
      0     0      273.6917   546      197.0000     Cuts: 523    27440   38.93%
      0     0      270.1071   648      197.0000     Cuts: 334    33445   37.11%
*     0+    0                          224.0000      270.1071            20.58%
*     0+    0                          236.0000      270.1071            14.45%
Exception raised in listener 'MipGapPrinter': 'int' object is not callable, id=9
      0     0      270.0000   551      236.0000     Cuts: 181    38613   14.41%
      0     0      270.0000   559      236.0000     Cuts: 202    44878   14.41%
      0     0      270.0000   424      236.0000      Cuts: 21    49578   14.41%
*     0+    0                          244.0000      270.0000            10.66%
*     0+    0                          249.0000      270.0000             8.43%
Exception raised in listener 'MipGapPrinter': 'int' object is not callable, id=16
      0     0      270.0000   518      249.0000     Cuts: 161    54551    8.43%
Heuristic still looking.
*     0+    0                          256.0000      270.0000             5.47%
*     0+    0                          260.0000      270.0000             3.85%
Exception raised in listener 'MipGapPrinter': 'int' object is not callable, id=19
      0     2      270.0000   299      260.0000      270.0000    54551    3.85%
Elapsed time = 46.71 sec. (50809.81 ticks, tree = 0.02 MB, solutions = 8)
      1     3      270.0000   372      260.0000      270.0000    59062    3.85%
      3     3      270.0000   388      260.0000      270.0000    59195    3.85%
      4     4      270.0000   432      260.0000      270.0000    63391    3.85%
      5     4      270.0000   421      260.0000      270.0000    68435    3.85%
      6     6      270.0000   395      260.0000      270.0000    77818    3.85%
      7     5      270.0000   424      260.0000      270.0000    73452    3.85%
      8     4      270.0000   490      260.0000      270.0000    69384    3.85%
      9     7      270.0000   362      260.0000      270.0000    82584    3.85%
     10     8      270.0000   319      260.0000      270.0000    87960    3.85%
*    11+    3                          262.0000      270.0000             3.05%
Exception raised in listener 'MipGapPrinter': 'int' object is not callable, id=25
     12     9      270.0000   353      262.0000      270.0000    94794    3.05%
Elapsed time = 68.19 sec. (62777.56 ticks, tree = 0.03 MB, solutions = 9)
*    13+    4                          263.0000      270.0000             2.66%
     14    11      270.0000   345      263.0000      270.0000   103164    2.66%
Exception raised in listener 'MipGapPrinter': 'int' object is not callable, id=26
     20    14      270.0000   345      263.0000      270.0000   120152    2.66%
     24    11      270.0000   314      263.0000      270.0000   102356    2.66%
     30    20      270.0000   503      263.0000      270.0000   155018    2.66%
     48    34      270.0000   420      263.0000      270.0000   204402    2.66%
     66    13      270.0000   358      263.0000      270.0000   113813    2.66%
     86    54      270.0000   226      263.0000      270.0000   207907    2.66%
     97    87      270.0000   246      263.0000      270.0000   290027    2.66%
*   124+   20                          264.0000      270.0000             2.27%
    130    48      270.0000   340      264.0000      270.0000   248003    2.27%
*   145+   20                          265.0000      270.0000             1.89%
    157    66      270.0000   403      265.0000      270.0000   271333    1.89%
Elapsed time = 134.27 sec. (73811.16 ticks, tree = 0.32 MB, solutions = 18)
    201   140      270.0000   284      265.0000      270.0000   397762    1.89%
Exception raised in listener 'MipGapPrinter': 'int' object is not callable, id=31
    246   158      270.0000   234      265.0000      270.0000   406579    1.89%
    276   237      270.0000   301      265.0000      270.0000   554194    1.89%
    326   173      270.0000   327      265.0000      270.0000   477564    1.89%
    357   291      268.8571   163      265.0000      270.0000   687993    1.89%
    390   243      270.0000   297      265.0000      270.0000   563580    1.89%
    436   345      268.5714   149      265.0000      270.0000   759784    1.89%
    490   278      270.0000   229      265.0000      270.0000   684008    1.89%
    571   422      267.1171   166      265.0000      270.0000   886507    1.89%
    655   436      270.0000   230      265.0000      270.0000   895887    1.89%
Elapsed time = 199.61 sec. (83551.89 ticks, tree = 11.62 MB, solutions = 20)
    771   476      270.0000   240      265.0000      270.0000   925183    1.89%
    865   641      269.9718   207      265.0000      270.0000  1137675    1.89%
    979   649      269.7821   273      265.0000      270.0000  1169725    1.89%
   1091   654      269.6667   102      265.0000      270.0000  1152315    1.89%
   1128   726      270.0000   238      265.0000      270.0000  1238888    1.89%
   1207   859      269.5714   112      265.0000      270.0000  1358200    1.89%
   1282   777      270.0000   340      265.0000      270.0000  1301974    1.89%
   1378   871      269.5000   102      265.0000      270.0000  1362520    1.89%
   1474  1067      268.8333   151      265.0000      270.0000  1621088    1.89%
   1592  1165      270.0000   304      265.0000      270.0000  1697194    1.89%
Elapsed time = 252.89 sec. (93216.18 ticks, tree = 21.96 MB, solutions = 20)
   1731  1183      270.0000   234      265.0000      270.0000  1702947    1.89%
   1875  1169      270.0000   222      265.0000      270.0000  1714588    1.89%
   2012  1191      268.7857   105      265.0000      270.0000  1776285    1.89%
   2213  1245      269.6360   209      265.0000      270.0000  1850239    1.89%
   2361  1308      268.5317   116      265.0000      270.0000  1883510    1.89%
   2507  1564      269.9628   149      265.0000      270.0000  2161928    1.89%
   2695  1671      267.5833    90      265.0000      270.0000  2292594    1.89%
   2851  1905      268.0312   132      265.0000      270.0000  2572592    1.89%
   2971  2072      267.5000    53      265.0000      270.0000  2781194    1.89%
   3092  2255      267.0000    98      265.0000      270.0000  2909481    1.89%
Elapsed time = 298.39 sec. (102802.23 ticks, tree = 37.76 MB, solutions = 20)
   3180  2246      268.4333   123      265.0000      270.0000  2903208    1.89%
   3277  2116      268.3884   192      265.0000      270.0000  2818419    1.89%
   3385  2424      266.8333    93      265.0000      270.0000  3030205    1.89%
   3493  2464      269.3163   131      265.0000      270.0000  3079393    1.89%
   3617  2439    infeasible            265.0000      270.0000  3049905    1.89%
   3758  2591      270.0000   278      265.0000      270.0000  3156596    1.89%
   3893  2655      266.5612   117      265.0000      270.0000  3237928    1.89%
   3977  2605      269.6905   225      265.0000      270.0000  3187338    1.89%
   4077  2850      269.8342   210      265.0000      270.0000  3340980    1.89%
   4175  2891      269.3167   152      265.0000      270.0000  3364041    1.89%
Elapsed time = 370.14 sec. (112431.26 ticks, tree = 46.61 MB, solutions = 20)
   4261  3077      269.9821   172      265.0000      270.0000  3462598    1.89%
   4341  3149      268.8921   187      265.0000      270.0000  3525164    1.89%
   4408  3156      268.1667   170      265.0000      270.0000  3527493    1.89%
   4489  3306    infeasible            265.0000      270.0000  3677243    1.89%
   4582  3387      269.0714   202      265.0000      270.0000  3763293    1.89%
   4680  3432      266.6667    87      265.0000      270.0000  3755233    1.89%
   4773  3328      268.5000   157      265.0000      270.0000  3732047    1.89%
   4858  3435      268.3889   146      265.0000      270.0000  3839266    1.89%
   4941  3493        cutoff            265.0000      270.0000  3885280    1.89%
*  4977+ 3689                          266.0000      270.0000             1.50%
   5010  3757      268.1667   142      266.0000      270.0000  4064730    1.50%
Elapsed time = 431.56 sec. (122132.82 ticks, tree = 63.57 MB, solutions = 21)
Exception raised in listener 'MipGapPrinter': 'int' object is not callable, id=46
   5066  3757      269.7571   163      266.0000      270.0000  4055042    1.50%
   5129  3777    infeasible            266.0000      270.0000  4084338    1.50%
   5209  3789      269.9841   119      266.0000      270.0000  4091016    1.50%
   5271  3453      267.8310   144      266.0000      270.0000  4180484    1.50%
   5302  3461      267.3175   174      266.0000      270.0000  4183197    1.50%
   5305  3713      270.0000   257      266.0000      270.0000  4456517    1.50%
   5307  3714      270.0000   322      266.0000      270.0000  4462195    1.50%
   5308  2785    infeasible            266.0000      270.0000  4466877    1.50%
   5309  2786      270.0000   295      266.0000      270.0000  4456651    1.50%
   5310  2787      270.0000   342      266.0000      270.0000  4470247    1.50%
Elapsed time = 654.00 sec. (229030.08 ticks, tree = 55.45 MB, solutions = 22)
   5312  2787      270.0000   347      266.0000      270.0000  4474100    1.50%
   5313  2788      270.0000   331      266.0000      270.0000  4478723    1.50%
   5316  1747      270.0000   312      266.0000      270.0000  4485416    1.50%
   5320  1430      270.0000   340      266.0000      270.0000  4488608    1.50%
   5324   286      270.0000   388      266.0000      270.0000  4460916    1.50%
   5330   113      270.0000   308      266.0000      270.0000  4496229    1.50%
   5335    53      270.0000   324      266.0000      270.0000  4497485    1.50%
   5347    39      270.0000   306      266.0000      270.0000  4502451    1.50%
   5371    36      270.0000   239      266.0000      270.0000  4503353    1.50%
   5409    37      270.0000   274      266.0000      270.0000  4504057    1.50%
Elapsed time = 739.84 sec. (241256.46 ticks, tree = 2.66 MB, solutions = 22)
   5461    24      270.0000   260      266.0000      270.0000  4499176    1.50%
   5506    43      269.9762   238      266.0000      270.0000  4512221    1.50%
   5562   124      269.9762   249      266.0000      270.0000  4551809    1.50%
   5632   118      270.0000   282      266.0000      270.0000  4547943    1.50%
   5706   209      269.8333   258      266.0000      270.0000  4619131    1.50%
   5837   314      269.5625   166      266.0000      270.0000  4722028    1.50%
   6010   378      269.5714   217      266.0000      270.0000  4767722    1.50%
   6199   351      270.0000   220      266.0000      270.0000  4742732    1.50%
   6380   595      269.3032   220      266.0000      270.0000  4849720    1.50%
   6982  1124      269.6564   222      266.0000      270.0000  5082765    1.50%
Elapsed time = 844.52 sec. (253734.45 ticks, tree = 160.80 MB, solutions = 22)
   7317  1358      270.0000   250      266.0000      270.0000  5250471    1.50%
   7808  1512      269.0000   138      266.0000      270.0000  5305755    1.50%
   8311  2029      269.8571   252      266.0000      270.0000  5535436    1.50%
   8668  2420      269.9286   203      266.0000      270.0000  5683787    1.50%
*  8731+ 1895                          268.0000      270.0000             0.75%
   9048  1985      269.4286   153      268.0000      270.0000  5723410    0.75%
Exception raised in listener 'MipGapPrinter': 'int' object is not callable, id=72
   9460  2283      269.0000   157      268.0000      270.0000  5900152    0.75%
   9798  2582      269.9286   201      268.0000      270.0000  6141488    0.75%
  10122  2737      269.8571   189      268.0000      270.0000  6245862    0.75%
  10463  3014      269.7143   210      268.0000      270.0000  6415798    0.75%
  10779  3351      269.0000   293      268.0000      270.0000  6543692    0.75%
Elapsed time = 1335.70 sec. (291992.01 ticks, tree = 709.16 MB, solutions = 23)
  11145  3648        cutoff            268.0000      270.0000  6761618    0.75%
  11617  3749      269.9077   326      268.0000      270.0000  6862401    0.75%
  12258  4351      270.0000   293      268.0000      270.0000  7107156    0.75%
  12899  4766      269.2054   202      268.0000      270.0000  7216233    0.75%
  13392  5310      269.7143   167      268.0000      270.0000  7380786    0.75%
  13744  5713      270.0000   287      268.0000      270.0000  7507826    0.75%
  14150  5867      269.5714   227      268.0000      270.0000  7593479    0.75%
  14602  6156      269.4167   183      268.0000      270.0000  7710680    0.75%
  15021  6637      269.3251   206      268.0000      270.0000  7872392    0.75%
  15432  6977      269.4167   181      268.0000      270.0000  8011133    0.75%
Elapsed time = 1726.47 sec. (330249.86 ticks, tree = 1464.98 MB, solutions = 23)
  15817  7427      269.3095   200      268.0000      270.0000  8143918    0.75%
  16178  7627      269.1071   193      268.0000      270.0000  8236148    0.75%
  16386  7991      269.2643   213      268.0000      270.0000  8424107    0.75%
  16827  8068      269.1429   136      268.0000      270.0000  8468224    0.75%
  17309  8328      270.0000   242      268.0000      270.0000  8608446    0.75%
  17733  8852      270.0000   280      268.0000      270.0000  8921239    0.75%
  18072  9251      269.9762   309      268.0000      270.0000  9091359    0.75%
  18297  9493      269.0000   135      268.0000      270.0000  9173340    0.75%
  18524  9847      269.7143   256      268.0000      270.0000  9353896    0.75%
  18823 10008      269.4286   198      268.0000      270.0000  9447046    0.75%
Elapsed time = 2040.65 sec. (368485.84 ticks, tree = 2124.77 MB, solutions = 23)
Nodefile size = 69.43 MB (39.49 MB after compression)
  19265 10129      269.5714   206      268.0000      270.0000  9505190    0.75%
  19672 10310      269.5238   308      268.0000      270.0000  9743838    0.75%
  19998 10940      269.2143   138      268.0000      270.0000 10149675    0.75%
  20339 11243      269.7143   279      268.0000      270.0000 10278548    0.75%
  20663 11391      269.7500   280      268.0000      270.0000 10345887    0.75%
  20936 11678      269.1548   110      268.0000      270.0000 10496200    0.75%
  21163 11630      269.9821   374      268.0000      270.0000 10489651    0.75%
  21417 12039      269.5000   198      268.0000      270.0000 10729666    0.75%
  21657 12101      270.0000   373      268.0000      270.0000 10775824    0.75%
  21851 12235      270.0000   375      268.0000      270.0000 10876013    0.75%
Elapsed time = 2348.27 sec. (406710.80 ticks, tree = 2387.02 MB, solutions = 23)
Nodefile size = 332.25 MB (189.97 MB after compression)
* 21894+11991                          269.0000      270.0000             0.37%
  22088 12402    infeasible            269.0000      270.0000 10986493    0.37%
Exception raised in listener 'MipGapPrinter': 'int' object is not callable, id=101
  22162 12406      269.7262   370      269.0000      270.0000 10987201    0.37%
  22181  1603        cutoff            269.0000      270.0000 11285790    0.37%
  22190  1598      270.0000   481      269.0000      270.0000 11376512    0.37%
  22197 12401      270.0000   327      269.0000      270.0000 10996630    0.37%
  22209  1615      270.0000   428      269.0000      270.0000 11236516    0.37%
  22247  1599      270.0000   306      269.0000      270.0000 11537454    0.37%
  22282  1609      270.0000   389      269.0000      270.0000 11702490    0.37%
  22317  1602      270.0000   493      269.0000      270.0000 11566598    0.37%
  22367  1662      270.0000   351      269.0000      270.0000 11923554    0.37%
Elapsed time = 2742.11 sec. (446820.08 ticks, tree = 215.27 MB, solutions = 24)
  22426  1686      270.0000   275      269.0000      270.0000 12048490    0.37%
  22467  1686      270.0000   350      269.0000      270.0000 12066887    0.37%
  22511  1717      270.0000   353      269.0000      270.0000 12218143    0.37%
  22601  1767      270.0000   370      269.0000      270.0000 12265363    0.37%
  22641  1795      270.0000   320      269.0000      270.0000 12407262    0.37%
  22668  1866        cutoff            269.0000      270.0000 12653377    0.37%
  22682  1848      270.0000   411      269.0000      270.0000 12584160    0.37%
  22697  1876      270.0000   260      269.0000      270.0000 12677659    0.37%
  22716  1880        cutoff            269.0000      270.0000 12795296    0.37%
  22739  1886      270.0000   380      269.0000      270.0000 12883640    0.37%
Elapsed time = 3193.52 sec. (486070.73 ticks, tree = 276.51 MB, solutions = 24)
  22771  1887      270.0000   467      269.0000      270.0000 12849646    0.37%
  22820  1893    infeasible            269.0000      270.0000 13236259    0.37%
  22900  1919      270.0000   329      269.0000      270.0000 13250721    0.37%
  22948  1926      270.0000   566      269.0000      270.0000 13381757    0.37%
  23002  1972        cutoff            269.0000      270.0000 13662401    0.37%
  23051  2006      270.0000   282      269.0000      270.0000 13704701    0.37%
  23081  2042      270.0000   385      269.0000      270.0000 13999683    0.37%
  23125  2047      270.0000   388      269.0000      270.0000 14042984    0.37%
  23161  2058        cutoff            269.0000      270.0000 14074347    0.37%
  23201  2080      270.0000   509      269.0000      270.0000 14218051    0.37%
Elapsed time = 3663.88 sec. (525169.24 ticks, tree = 294.37 MB, solutions = 24)
  23231  2082      270.0000   390      269.0000      270.0000 14202933    0.37%
  23283  2150    infeasible            269.0000      270.0000 14541439    0.37%
  23330  2186      270.0000   177      269.0000      270.0000 14856399    0.37%
  23378  2173      270.0000   359      269.0000      270.0000 14703422    0.37%
  23414  2203      270.0000   363      269.0000      270.0000 15002312    0.37%
  23450  2221      270.0000   445      269.0000      270.0000 15099767    0.37%
  23492  2244      270.0000   277      269.0000      270.0000 15281858    0.37%
  23529  2244      270.0000   412      269.0000      270.0000 15401576    0.37%
  23551  2250      270.0000   330      269.0000      270.0000 15405205    0.37%
  23579  2272      270.0000   245      269.0000      270.0000 15484113    0.37%
Elapsed time = 4262.84 sec. (564610.72 ticks, tree = 318.01 MB, solutions = 24)
  23600  2316      270.0000   391      269.0000      270.0000 15642499    0.37%
  23634  2244      270.0000   469      269.0000      270.0000 15294239    0.37%
  23661  2238      270.0000   603      269.0000      270.0000 15232995    0.37%
  23689  2330      270.0000   421      269.0000      270.0000 15926981    0.37%
  23724  2359    infeasible            269.0000      270.0000 16200335    0.37%
  23763  2359      270.0000   396      269.0000      270.0000 16210247    0.37%
  23823  2389      270.0000   226      269.0000      270.0000 16417696    0.37%
  23868  2378      270.0000   433      269.0000      270.0000 16262296    0.37%
  23921  2410      270.0000   333      269.0000      270.0000 16577231    0.37%
  23965  2396      270.0000   276      269.0000      270.0000 16574778    0.37%
Elapsed time = 4978.72 sec. (603415.51 ticks, tree = 355.12 MB, solutions = 24)
  24002  2449      270.0000   318      269.0000      270.0000 16798894    0.37%
  24039  2467      270.0000   324      269.0000      270.0000 16816577    0.37%
  24094  2462      270.0000   436      269.0000      270.0000 16797905    0.37%
  24128  2445        cutoff            269.0000      270.0000 16835774    0.37%
  24153  2523    infeasible            269.0000      270.0000 17218148    0.37%
  24179  2507      270.0000   423      269.0000      270.0000 17071230    0.37%
  24191  2544      270.0000   515      269.0000      270.0000 17363000    0.37%
  24213  2538        cutoff            269.0000      270.0000 17421668    0.37%
  24240  2547      270.0000   221      269.0000      270.0000 17499661    0.37%
  24267  2526      270.0000   527      269.0000      270.0000 17678745    0.37%
Elapsed time = 5700.34 sec. (642602.13 ticks, tree = 393.82 MB, solutions = 24)
  24289  2526        cutoff            269.0000      270.0000 17857935    0.37%
  24318  2520        cutoff            269.0000      270.0000 17873246    0.37%
  24336  2530        cutoff            269.0000      270.0000 18051188    0.37%
  24357  2534        cutoff            269.0000      270.0000 18187899    0.37%
  24375  2536      270.0000   410      269.0000      270.0000 18268134    0.37%
  24424  2555    infeasible            269.0000      270.0000 18171194    0.37%
  24459  2544        cutoff            269.0000      270.0000 18363126    0.37%
  24490  2550      270.0000   348      269.0000      270.0000 18298704    0.37%
  24556  2587      270.0000   358      269.0000      270.0000 18470312    0.37%
  24590  2568      270.0000   435      269.0000      270.0000 18673148    0.37%
Elapsed time = 6752.77 sec. (683312.47 ticks, tree = 418.65 MB, solutions = 24)
  24630  2591      270.0000   559      269.0000      270.0000 18506882    0.37%
  24672  2570      270.0000   646      269.0000      270.0000 18731927    0.37%
  24712  2570        cutoff            269.0000      270.0000 18723443    0.37%
  24733  2565        cutoff            269.0000      270.0000 18819392    0.37%
  24766  2540      270.0000   616      269.0000      270.0000 18380200    0.37%
  24789  2604      270.0000   403      269.0000      270.0000 19010641    0.37%
  24804  2680        cutoff            269.0000      270.0000 19284629    0.37%
  24819  2734      270.0000   238      269.0000      270.0000 19543577    0.37%
  24842  2722    infeasible            269.0000      270.0000 19707490    0.37%
  24869  2729      270.0000   443      269.0000      270.0000 19739512    0.37%
Elapsed time = 7781.74 sec. (723525.92 ticks, tree = 427.42 MB, solutions = 24)
  24886  2731      270.0000   461      269.0000      270.0000 19478135    0.37%
  24920  2723      270.0000   318      269.0000      270.0000 19679718    0.37%
  24968  2747      270.0000   408      269.0000      270.0000 19941394    0.37%
  25012  2762        cutoff            269.0000      270.0000 20201244    0.37%
  25060  2781      270.0000   327      269.0000      270.0000 20230440    0.37%
  25099  2741        cutoff            269.0000      270.0000 20141616    0.37%
  25140  2812      270.0000   376      269.0000      270.0000 20549855    0.37%
  25179  2790    infeasible            269.0000      270.0000 20480094    0.37%
  25204  2802    infeasible            269.0000      270.0000 20733124    0.37%
  25229  2842      270.0000   417      269.0000      270.0000 20947024    0.37%
Elapsed time = 8614.11 sec. (762554.53 ticks, tree = 460.29 MB, solutions = 24)
  25258  2851      270.0000   517      269.0000      270.0000 20981226    0.37%
  25302  2856      270.0000   312      269.0000      270.0000 20976374    0.37%
  25332  2858    infeasible            269.0000      270.0000 20950125    0.37%
  25368  2843        cutoff            269.0000      270.0000 20849547    0.37%
  25392  2873    infeasible            269.0000      270.0000 21450279    0.37%
  25426  2907      270.0000   551      269.0000      270.0000 21480616    0.37%
  25460  2927    infeasible            269.0000      270.0000 21514213    0.37%
  25496  2932      270.0000   631      269.0000      270.0000 21658662    0.37%
  25510  2925      270.0000   520      269.0000      270.0000 21627596    0.37%
  25556  3009      270.0000   478      269.0000      270.0000 22111066    0.37%
Elapsed time = 9390.05 sec. (802463.36 ticks, tree = 513.65 MB, solutions = 24)
  25590  3014      270.0000   416      269.0000      270.0000 22163726    0.37%
  25651  3043      270.0000   495      269.0000      270.0000 22337894    0.37%
  25698  3045      270.0000   434      269.0000      270.0000 22304680    0.37%
  25776  3024      270.0000   247      269.0000      270.0000 22146804    0.37%
  25841  3074    infeasible            269.0000      270.0000 22667932    0.37%
  25889  3091        cutoff            269.0000      270.0000 22796857    0.37%
  25918  3080      270.0000   248      269.0000      270.0000 22401483    0.37%
  25963  3151    infeasible            269.0000      270.0000 22964549    0.37%
  26014  3135        cutoff            269.0000      270.0000 22902163    0.37%
  26033  3141      270.0000   634      269.0000      270.0000 23185446    0.37%
Elapsed time = 10104.50 sec. (842302.77 ticks, tree = 555.15 MB, solutions = 24)
  26073  3131      270.0000   391      269.0000      270.0000 23343655    0.37%
  26122  3129      270.0000   427      269.0000      270.0000 23462557    0.37%
  26160  3139      270.0000   388      269.0000      270.0000 23102018    0.37%
  26198  3175      270.0000   305      269.0000      270.0000 23211790    0.37%
  26249  3165      270.0000   452      269.0000      270.0000 23519161    0.37%
  26290  3168        cutoff            269.0000      270.0000 23665247    0.37%
  26329  3170      270.0000   456      269.0000      270.0000 23529331    0.37%
  26356  3256        cutoff            269.0000      270.0000 24049197    0.37%
  26381  3237        cutoff            269.0000      270.0000 23711473    0.37%
  26401  3306      270.0000   417      269.0000      270.0000 24314809    0.37%
Elapsed time = 10817.94 sec. (882095.77 ticks, tree = 565.78 MB, solutions = 24)
  26428  3311      270.0000   463      269.0000      270.0000 24347328    0.37%
  26452  3333      270.0000   412      269.0000      270.0000 24654677    0.37%
  26473  3313        cutoff            269.0000      270.0000 24358460    0.37%
  26489  3339      270.0000   587      269.0000      270.0000 24721352    0.37%
  26517  3331        cutoff            269.0000      270.0000 24991568    0.37%
  26575  3338      270.0000   572      269.0000      270.0000 24907149    0.37%
  26616  3334      270.0000   418      269.0000      270.0000 24886172    0.37%
  26676  3349      270.0000   428      269.0000      270.0000 25101134    0.37%
  26716  3358      270.0000   358      269.0000      270.0000 25103510    0.37%
  26766  3394      270.0000   321      269.0000      270.0000 25534728    0.37%
Elapsed time = 11489.70 sec. (922534.40 ticks, tree = 596.33 MB, solutions = 24)
  26817  3388    infeasible            269.0000      270.0000 25544231    0.37%
  26858  3398    infeasible            269.0000      270.0000 25589319    0.37%
  26903  3455      270.0000   266      269.0000      270.0000 25798366    0.37%
  26957  3437        cutoff            269.0000      270.0000 25850571    0.37%
  26998  3456      270.0000   301      269.0000      270.0000 26082787    0.37%
  27040  3449      270.0000   305      269.0000      270.0000 26180716    0.37%
  27077  3462        cutoff            269.0000      270.0000 25877448    0.37%
  27133  3459      270.0000   270      269.0000      270.0000 26196919    0.37%
  27163  3436        cutoff            269.0000      270.0000 26285934    0.37%
  27188  3389      270.0000   536      269.0000      270.0000 25717751    0.37%
Elapsed time = 12100.97 sec. (961705.63 ticks, tree = 598.22 MB, solutions = 24)
  27223  3492      270.0000   351      269.0000      270.0000 26557586    0.37%
  27259  3456    infeasible            269.0000      270.0000 26392958    0.37%
  27300  3551    infeasible            269.0000      270.0000 26773641    0.37%
  27338  3546    infeasible            269.0000      270.0000 26742759    0.37%
  27379  3546      270.0000   442      269.0000      270.0000 26853321    0.37%
  27400  3548      270.0000   509      269.0000      270.0000 27026144    0.37%
  27427  3545      270.0000   445      269.0000      270.0000 27154059    0.37%
  27440  3552      270.0000   512      269.0000      270.0000 27036441    0.37%
  27471  3534    infeasible            269.0000      270.0000 27269060    0.37%
  27500  3577    infeasible            269.0000      270.0000 27628004    0.37%
Elapsed time = 12811.77 sec. (1001277.65 ticks, tree = 610.42 MB, solutions = 24)
  27522  3550        cutoff            269.0000      270.0000 27340974    0.37%
  27550  3602        cutoff            269.0000      270.0000 27740792    0.37%
  27576  3607      270.0000   427      269.0000      270.0000 27759832    0.37%
  27608  3647      270.0000   403      269.0000      270.0000 28198360    0.37%
  27634  3640        cutoff            269.0000      270.0000 28253983    0.37%
  27664  3667      270.0000   648      269.0000      270.0000 28600040    0.37%
  27694  3637    infeasible            269.0000      270.0000 28275544    0.37%
  27718  3637      270.0000   305      269.0000      270.0000 28394688    0.37%
  27763  3686        cutoff            269.0000      270.0000 28684609    0.37%
  27801  3643      270.0000   417      269.0000      270.0000 28506473    0.37%
Elapsed time = 13426.30 sec. (1040153.43 ticks, tree = 607.87 MB, solutions = 24)
  27869  3682        cutoff            269.0000      270.0000 28880519    0.37%
  27909  3766      270.0000   341      269.0000      270.0000 29230743    0.37%
  27945  3717      270.0000   357      269.0000      270.0000 28900966    0.37%
  27992  3774    infeasible            269.0000      270.0000 29476836    0.37%
  28078  3724      270.0000   247      269.0000      270.0000 29213752    0.37%
  28122  3762      270.0000   262      269.0000      270.0000 29341855    0.37%
  28180  3773    infeasible            269.0000      270.0000 29393305    0.37%
  28235  3784      270.0000   420      269.0000      270.0000 29506392    0.37%
  28271  3779      270.0000   275      269.0000      270.0000 29489644    0.37%
  28318  3776      270.0000   275      269.0000      270.0000 29583293    0.37%
Elapsed time = 14086.09 sec. (1079018.10 ticks, tree = 648.83 MB, solutions = 24)
  28374  3830      270.0000   200      269.0000      270.0000 29725291    0.37%
  28413  3882      270.0000   307      269.0000      270.0000 30484655    0.37%
  28467  3868    infeasible            269.0000      270.0000 30328893    0.37%
  28496  3769      270.0000   528      269.0000      270.0000 29582678    0.37%
  28541  3859      270.0000   233      269.0000      270.0000 30382970    0.37%
  28565  3841      270.0000   584      269.0000      270.0000 29831581    0.37%

GUB cover cuts applied:  376
Clique cuts applied:  8
Cover cuts applied:  458
Implied bound cuts applied:  1093
Flow cuts applied:  9
Mixed integer rounding cuts applied:  85
Zero-half cuts applied:  157
Lift and project cuts applied:  11
Gomory fractional cuts applied:  49

Root node processing (before b&c):
  Real time             =   44.83 sec. (50792.92 ticks)
Parallel b&c, 24 threads:
  Real time             = 14356.46 sec. (1053034.87 ticks)
  Sync time (average)   = 2570.64 sec.
  Wait time (average)   =    0.15 sec.
                          ------------
Total (root+branch&cut) = 14401.28 sec. (1103827.79 ticks)
status  = time limit exceeded
time    = 14401.4 s.
problem = MILP
gap     = 0.371747%

Objective value: 269.0
[50, 50, 8, 2, 400, 150, 269, 269, 0.37, 14401.35]
number of spatial :  227
Heuristic Solution information :  [50, 50, 8, 2, 400, 120, 235, 8, 227]
