CPXPARAM_Read_DataCheck                          1
CPXPARAM_TimeLimit                               14400
Tried aggregator 2 times.
MIP Presolve eliminated 14646 rows and 115709 columns.
MIP Presolve modified 830 coefficients.
Aggregator did 302 substitutions.
Reduced MIP has 137749 rows, 29601 columns, and 393026 nonzeros.
Reduced MIP has 27101 binaries, 0 generals, 0 SOSs, and 0 indicators.
Presolve time = 0.39 sec. (744.26 ticks)
Probing time = 1.59 sec. (7.90 ticks)
Tried aggregator 1 time.
MIP Presolve eliminated 98054 rows and 2070 columns.
MIP Presolve modified 145 coefficients.
Reduced MIP has 39695 rows, 27527 columns, and 196091 nonzeros.
Reduced MIP has 27027 binaries, 0 generals, 0 SOSs, and 0 indicators.
Presolve time = 0.22 sec. (209.65 ticks)
Probing time = 1.09 sec. (5.87 ticks)
Clique table members: 14149.
MIP emphasis: balance optimality and feasibility.
MIP search method: dynamic search.
Parallel mode: deterministic, using up to 24 threads.
Root relaxation solution time = 1.17 sec. (636.22 ticks)

        Nodes                                         Cuts/
   Node  Left     Objective  IInf  Best Integer    Best Bound    ItCnt     Gap

*     0+    0                           96.0000      306.0000           218.75%
      0     0      186.7500   403       96.0000      186.7500     9827   94.53%
Exception raised in listener 'MipGapPrinter': 'int' object is not callable, id=1
*     0+    0                          119.0000      186.7500            56.93%
Exception raised in listener 'MipGapPrinter': 'int' object is not callable, id=3
      0     0      160.1429   336      119.0000     Cuts: 386    17786   34.57%
      0     0      158.8571   361      119.0000     Cuts: 164    22131   33.49%
      0     0      158.8571   412      119.0000     Cuts: 142    26676   33.49%
*     0+    0                          129.0000      158.8571            23.15%
*     0+    0                          135.0000      158.8571            17.67%
*     0+    0                          136.0000      158.8571            16.81%
Exception raised in listener 'MipGapPrinter': 'int' object is not callable, id=9
      0     0      158.8571   265      136.0000      Cuts: 21    29751   16.81%
      0     0      158.8571   360      136.0000     Cuts: 113    33264   16.81%
*     0+    0                          146.0000      158.8571             8.81%
Exception raised in listener 'MipGapPrinter': 'int' object is not callable, id=14
      0     2      158.8571   162      146.0000      158.8571    33264    8.81%
Elapsed time = 32.40 sec. (20314.91 ticks, tree = 0.02 MB, solutions = 6)
      2     4      158.8571   166      146.0000      158.8571    35305    8.81%
      6     4      158.8571   193      146.0000      158.8571    34758    8.81%
      8     8      158.8571   214      146.0000      158.8571    39313    8.81%
     14    14      158.4286   243      146.0000      158.8571    41866    8.81%
*    15+    3                          147.0000      158.8571             8.07%
     34    21      158.8571   302      147.0000      158.8571    47631    8.07%
     49    31      158.8571   256      147.0000      158.8571    50006    8.07%
Exception raised in listener 'MipGapPrinter': 'int' object is not callable, id=22
     74    44      158.8571   311      147.0000      158.8571    55817    8.07%
    103    46      158.4286   242      147.0000      158.8571    56648    8.07%
    140    90      158.4286   230      147.0000      158.8571    69589    8.07%
    388   288      158.4286   181      147.0000      158.8571   142264    8.07%
Elapsed time = 75.86 sec. (24738.97 ticks, tree = 8.06 MB, solutions = 7)
    654   449    infeasible            147.0000      158.8571   229874    8.07%
    926   723      158.8571   266      147.0000      158.8571   368032    8.07%
   1249   965      158.7857   161      147.0000      158.8571   499953    8.07%
   1556  1203    infeasible            147.0000      158.8571   646491    8.07%
   1872  1463      158.4286   197      147.0000      158.8571   833026    8.07%
   2216  1557      156.1762    76      147.0000      158.8571   866169    8.07%
   2610  1913      158.7226   217      147.0000      158.8571  1048209    8.07%
   3044  2179      157.6393   126      147.0000      158.8571  1151563    8.07%
   3457  2514      153.0476    51      147.0000      158.8571  1264125    8.07%
   3778  2917    infeasible            147.0000      158.8571  1415517    8.07%
Elapsed time = 207.37 sec. (34307.70 ticks, tree = 115.68 MB, solutions = 7)
   4000  3030      158.0770   170      147.0000      158.8571  1460218    8.07%
   4267  3234    infeasible            147.0000      158.8571  1603380    8.07%
   4614  3328      158.8571   187      147.0000      158.8571  1649394    8.07%
*  4861+ 3781                          149.0000      158.8571             6.62%
*  4865+ 3781                          150.0000      158.8571             5.90%
*  4878+ 3781                          151.0000      158.8571             5.20%
   4901  3753      151.1925    50      151.0000      158.8571  1821356    5.20%
Exception raised in listener 'MipGapPrinter': 'int' object is not callable, id=41
   5104  3678      158.2821   170      151.0000      158.8571  1902377    5.20%
   5252  3887      157.7857   160      151.0000      158.8571  1990457    5.20%
   5332  3948      158.2848   201      151.0000      158.8571  2037674    5.20%
   5340  3952      158.7795   220      151.0000      158.8571  2036623    5.20%
   5342  4107      158.8571   250      151.0000      158.8571  2228375    5.20%
   5343  4107      158.8571   297      151.0000      158.8571  2233529    5.20%
Elapsed time = 436.31 sec. (121458.86 ticks, tree = 200.65 MB, solutions = 15)
   5344  4107      158.8571   286      151.0000      158.8571  2238763    5.20%
   5345  4108      158.8571   298      151.0000      158.8571  2242460    5.20%
   5346  4108      158.8571   270      151.0000      158.8571  2245778    5.20%
   5347  4108      158.8571   260      151.0000      158.8571  2246518    5.20%
   5349  2464      158.8571   245      151.0000      158.8571  2228386    5.20%
   5351  2469      158.8571   273      151.0000      158.8571  2247031    5.20%
   5353  2195    infeasible            151.0000      158.8571  2247116    5.20%
   5358  1542      158.8571   272      151.0000      158.8571  2252047    5.20%
   5362  1322      158.8571   321      151.0000      158.8571  2252912    5.20%
   5364  1322      158.8571   318      151.0000      158.8571  2252943    5.20%
Elapsed time = 506.91 sec. (138605.99 ticks, tree = 63.82 MB, solutions = 15)
   5370   103      158.8571   273      151.0000      158.8571  2257738    5.20%
   5376    59    infeasible            151.0000      158.8571  2268505    5.20%
   5384     4      158.8571   297      151.0000      158.8571  2243861    5.20%
   5395    32      158.8571   245      151.0000      158.8571  2273616    5.20%
   5409    34      158.8571   283      151.0000      158.8571  2287444    5.20%
   5426    50      158.8571   229      151.0000      158.8571  2304197    5.20%
   5445    63      158.8571   274      151.0000      158.8571  2316577    5.20%
   5470    60      158.7143   299      151.0000      158.8571  2311864    5.20%
   5497    66      158.8571   324      151.0000      158.8571  2318329    5.20%
   5541   101      158.7857   318      151.0000      158.8571  2362531    5.20%
Elapsed time = 596.23 sec. (148450.63 ticks, tree = 7.59 MB, solutions = 15)
   5575   112      158.8571   291      151.0000      158.8571  2382588    5.20%
   5607   184      158.8571   259      151.0000      158.8571  2458245    5.20%
   5660   177      158.8571   294      151.0000      158.8571  2452586    5.20%
   5727   232      158.7143   250      151.0000      158.8571  2603174    5.20%
   5820   212      158.0000   344      151.0000      158.8571  2572842    5.20%
   5898   330      158.8571   281      151.0000      158.8571  2745714    5.20%
   5947   418      158.8571   262      151.0000      158.8571  2812302    5.20%
   5991   419      158.8571   203      151.0000      158.8571  2814135    5.20%
   6036   415      158.2857   231      151.0000      158.8571  2810855    5.20%
   6087   483      158.8571   219      151.0000      158.8571  2909903    5.20%
Elapsed time = 681.41 sec. (158106.31 ticks, tree = 59.06 MB, solutions = 15)
   6133   453      157.4491   189      151.0000      158.8571  2856786    5.20%
   6180   523      158.7143   222      151.0000      158.8571  2970925    5.20%
   6232   575      157.9660   192      151.0000      158.8571  3034741    5.20%
   6285   629      156.6634   164      151.0000      158.8571  3096162    5.20%
   6356   595      158.3080   149      151.0000      158.8571  3066895    5.20%
   6423   707      158.1370   172      151.0000      158.8571  3184370    5.20%
   6506   741      158.4286   227      151.0000      158.8571  3230280    5.20%
   6557   724      158.4478   200      151.0000      158.8571  3212571    5.20%
   6601   781      158.2503   272      151.0000      158.8571  3260923    5.20%
   6638   843      157.8002   267      151.0000      158.8571  3334336    5.20%
Elapsed time = 781.49 sec. (167844.07 ticks, tree = 92.99 MB, solutions = 15)
   6663   811      158.8571   238      151.0000      158.8571  3295771    5.20%
   6697  1007      158.6984   249      151.0000      158.8571  3576114    5.20%
   6738   999      158.8571   278      151.0000      158.8571  3553116    5.20%
   6773  1029      156.4984   129      151.0000      158.8571  3616784    5.20%
   6819  1044    infeasible            151.0000      158.8571  3653777    5.20%
   6863  1077      155.6139   147      151.0000      158.8571  3741201    5.20%
   6899  1047      157.7143   253      151.0000      158.8571  3639207    5.20%
   6946  1115      156.4167   121      151.0000      158.8571  3799559    5.20%
   6991  1143      158.7143   286      151.0000      158.8571  3875499    5.20%
   7045  1201      156.7817   143      151.0000      158.8571  3938627    5.20%
Elapsed time = 891.66 sec. (177595.56 ticks, tree = 105.76 MB, solutions = 15)
   7105  1202      156.6076   166      151.0000      158.8571  3943313    5.20%
   7161  1275      158.8571   243      151.0000      158.8571  4065192    5.20%
   7208  1289      158.5946   182      151.0000      158.8571  4079400    5.20%
   7262  1301      157.0095   118      151.0000      158.8571  4116732    5.20%
   7309  1291      158.1429   250      151.0000      158.8571  4105613    5.20%
   7376  1314      157.1476   214      151.0000      158.8571  4210730    5.20%
   7444  1377      155.1101   164      151.0000      158.8571  4351531    5.20%
   7536  1333      155.5476    59      151.0000      158.8571  4132522    5.20%
   7627  1315      157.8798   187      151.0000      158.8571  4155320    5.20%
   7743  1572      158.1027   217      151.0000      158.8571  4573113    5.20%
Elapsed time = 1017.96 sec. (187265.15 ticks, tree = 123.52 MB, solutions = 15)
   7859  1687      154.5508   182      151.0000      158.8571  4607617    5.20%
   7952  1491        cutoff            151.0000      158.8571  4499471    5.20%
*  7953+ 1691                          152.0000      158.8571             4.51%
   8044  1481      157.2071   234      152.0000      158.8571  4516680    4.51%
Exception raised in listener 'MipGapPrinter': 'int' object is not callable, id=69
   8157  1757      156.7025   211      152.0000      158.8571  4651731    4.51%
*  8161+ 1777                          153.0000      158.8571             3.83%
   8210  1709    infeasible            153.0000      158.8571  4630661    3.83%
   8251  1716      157.6790   188      153.0000      158.8571  4616603    3.83%
*  8268+ 1885                          154.0000      158.8571             3.15%
   8310  1852      154.3786   128      154.0000      158.8571  4709415    3.15%
   8358  1876      157.4318   149      154.0000      158.8571  4716610    3.15%
   8399  1925      158.8000   280      154.0000      158.8571  4748914    3.15%
   8568  1946      157.2554   215      154.0000      158.8571  4817071    3.15%
Elapsed time = 1205.74 sec. (199824.82 ticks, tree = 181.83 MB, solutions = 18)
   8748  1923      158.8000   244      154.0000      158.8571  4805373    3.15%
Exception raised in listener 'MipGapPrinter': 'int' object is not callable, id=70
   8962  2222      156.0925   146      154.0000      158.8571  4973900    3.15%
   9058  2315      155.5714   217      154.0000      158.8571  5099028    3.15%
   9160  2392        cutoff            154.0000      158.8571  5146865    3.15%
   9287  2418      158.7762   245      154.0000      158.8571  5266236    3.15%
   9389  2508      157.0545   151      154.0000      158.8571  5285305    3.15%
   9460  2631      157.0691   289      154.0000      158.8571  5409326    3.15%
   9536  2710      158.6336   310      154.0000      158.8571  5448288    3.15%
   9630  2798      158.8571   309      154.0000      158.8571  5603518    3.15%
   9694  2861      158.8000   317      154.0000      158.8571  5681888    3.15%
Elapsed time = 1729.57 sec. (238310.40 ticks, tree = 355.40 MB, solutions = 19)
   9827  2936      156.1461   154      154.0000      158.8571  5837339    3.15%
   9995  3019        cutoff            154.0000      158.8571  6015615    3.15%
  10071  3143      158.7778   272      154.0000      158.8571  6211587    3.15%
  10211  3191      157.2323   231      154.0000      158.8571  6287039    3.15%
  10295  3251      156.1198   214      154.0000      158.8571  6434739    3.15%
  10481  3432      155.3118   192      154.0000      158.8571  6680818    3.15%
  10591  3579      157.8412   313      154.0000      158.8571  6843785    3.15%
  10703  3482      158.6429   335      154.0000      158.8571  6781552    3.15%
  10880  3734      157.7779   270      154.0000      158.8571  7021378    3.15%
* 10973+ 3709                          155.0000      158.8571             2.49%
  11048  3713      158.8571   290      155.0000      158.8571  7025192    2.49%
Elapsed time = 2249.10 sec. (276908.84 ticks, tree = 381.85 MB, solutions = 20)
  11146  3544      156.4286   158      155.0000      158.8571  7247360    2.49%
Exception raised in listener 'MipGapPrinter': 'int' object is not callable, id=78
  11218  3614      156.3583   278      155.0000      158.8571  7420371    2.49%
  11306  3611      157.9712   279      155.0000      158.8571  7348483    2.49%
  11438  3667      158.0663   258      155.0000      158.8571  7471642    2.49%
  11597  3687      158.2852   276      155.0000      158.8571  7492529    2.49%
  11753  3871      156.4581   192      155.0000      158.8571  7689904    2.49%
  11882  4113      157.9166   273      155.0000      158.8571  7905420    2.49%
  11929  4033      158.0779   293      155.0000      158.8571  7853116    2.49%
  11994  4066      158.8571   368      155.0000      158.8571  7889242    2.49%
  12119  4143      156.4093   201      155.0000      158.8571  7976026    2.49%
Elapsed time = 2514.16 sec. (315386.72 ticks, tree = 379.82 MB, solutions = 20)
  12189  4333      158.5316   274      155.0000      158.8571  8182486    2.49%
  12290  4412      157.1946   315      155.0000      158.8571  8211030    2.49%
  12433  4579      157.5337   290      155.0000      158.8571  8344242    2.49%
  12531  4621      157.5095   287      155.0000      158.8571  8435176    2.49%
  12636  4710      157.7148   292      155.0000      158.8571  8535883    2.49%
  12763  4845      157.9481   302      155.0000      158.8571  8700716    2.49%
  12903  4999      157.5637   233      155.0000      158.8571  8855721    2.49%
  13001  5018      156.9945   211      155.0000      158.8571  8860610    2.49%
  13132  5064      158.1850   300      155.0000      158.8571  9047299    2.49%
  13304  5133      158.4351   331      155.0000      158.8571  9159281    2.49%
Elapsed time = 2775.50 sec. (353819.46 ticks, tree = 469.47 MB, solutions = 20)
  13472  5540      158.1261   296      155.0000      158.8571  9501102    2.49%
  13700  5736      156.9426   226      155.0000      158.8571  9607587    2.49%
  13926  5803      156.5127   205      155.0000      158.8571  9610482    2.49%
  14115  5880      157.3197   238      155.0000      158.8571  9739126    2.49%
  14317  6047      156.3186   240      155.0000      158.8571  9818559    2.49%
  14544  6157      157.0079   135      155.0000      158.8571  9892041    2.49%
  14715  6280      157.3962   187      155.0000      158.8571  9982059    2.49%
  14856  6077      158.5381   260      155.0000      158.8571  9826539    2.49%
  14987  6505      156.9809   294      155.0000      158.8571 10086538    2.49%
  15117  6688      157.2689   298      155.0000      158.8571 10223771    2.49%
Elapsed time = 3063.49 sec. (392302.90 ticks, tree = 703.37 MB, solutions = 20)
  15231  6770      156.4540   149      155.0000      158.8571 10260572    2.49%
  15331  6873      158.5327   259      155.0000      158.8571 10344761    2.49%
  15410  6939        cutoff            155.0000      158.8571 10393774    2.49%
  15510  7109      156.1584   170      155.0000      158.8571 10551794    2.49%
  15625  7177      158.8571   415      155.0000      158.8571 10662549    2.49%
  15758  7151      157.7497   204      155.0000      158.8571 10615308    2.49%
  15838  7276      158.0124   210      155.0000      158.8571 10829869    2.49%
  15940  7585      157.8917   240      155.0000      158.8571 11006730    2.49%
  16050  7587      156.0339   158      155.0000      158.8571 11001387    2.49%
  16121  7732      158.0530   319      155.0000      158.8571 11228788    2.49%
Elapsed time = 3340.55 sec. (430733.74 ticks, tree = 851.21 MB, solutions = 20)
  16205  7707      158.8571   363      155.0000      158.8571 11193983    2.49%
  16294  7905      158.3280   363      155.0000      158.8571 11460911    2.49%
  16392  7927      157.7003   256      155.0000      158.8571 11463813    2.49%
  16464  7891      157.7167   193      155.0000      158.8571 11465212    2.49%
  16546  7836      158.8571   410      155.0000      158.8571 11461705    2.49%
  16644  8179      156.2521   233      155.0000      158.8571 11784470    2.49%
  16717  8216      157.5577   234      155.0000      158.8571 11836746    2.49%
  16778  8344      156.7664   208      155.0000      158.8571 12086396    2.49%
  16853  8244      157.9150   262      155.0000      158.8571 11939110    2.49%
  16947  8462      157.5526   319      155.0000      158.8571 12235749    2.49%
Elapsed time = 3622.09 sec. (469164.23 ticks, tree = 868.23 MB, solutions = 20)
  17158  8488      157.5502   247      155.0000      158.8571 12291533    2.49%
  17312  8670      156.4161   245      155.0000      158.8571 12421125    2.49%
  17371  8506      157.3363   247      155.0000      158.8571 12286100    2.49%
  17451  8836      157.7798   274      155.0000      158.8571 12608912    2.49%
  17592  8875      157.6795   280      155.0000      158.8571 12630365    2.49%
  17665  8293      157.9045   285      155.0000      158.8571 12066610    2.49%
  17734  9002      157.5646   290      155.0000      158.8571 12758676    2.49%
  17849  9058      157.0236   242      155.0000      158.8571 12778255    2.49%
  17963  9206      157.1049   277      155.0000      158.8571 12960174    2.49%
  18095  9195      156.0401   234      155.0000      158.8571 12947942    2.49%
Elapsed time = 3918.12 sec. (508074.29 ticks, tree = 1060.87 MB, solutions = 20)
  18215  9269      158.5714   333      155.0000      158.8571 13065560    2.49%
  18289  9243      158.4627   249      155.0000      158.8571 13093540    2.49%
  18388  9453      156.7155   321      155.0000      158.8571 13141594    2.49%
  18444  9492      158.7143   330      155.0000      158.8571 13270557    2.49%
  18510  9509      158.7012   260      155.0000      158.8571 13330200    2.49%
  18626  9881      157.4855   233      155.0000      158.8571 13768977    2.49%
  18825  9733      158.8571   257      155.0000      158.8571 13531492    2.49%
  19012  9874      156.6024   215      155.0000      158.8571 13706801    2.49%
  19213  9939      157.9973   249      155.0000      158.8571 13890008    2.49%
  19350 10259      157.3046   302      155.0000      158.8571 14123346    2.49%
Elapsed time = 4204.95 sec. (546602.24 ticks, tree = 1198.87 MB, solutions = 20)
  19453 10532      156.6220   276      155.0000      158.8571 14187879    2.49%
  19550 10601      158.7857   348      155.0000      158.8571 14414631    2.49%
  19666 10572      158.7500   316      155.0000      158.8571 14387535    2.49%
  19770 10803      158.0000   365      155.0000      158.8571 14591730    2.49%
  19854 10726      158.7253   321      155.0000      158.8571 14575299    2.49%
  19974 10568      158.5661   327      155.0000      158.8571 14374373    2.49%
  20101 11096      156.8652   307      155.0000      158.8571 14914694    2.49%
  20250 11115      156.2220   299      155.0000      158.8571 14919503    2.49%
  20306 11211      158.7791   335      155.0000      158.8571 15041366    2.49%
  20394 11118      158.4286   261      155.0000      158.8571 14933008    2.49%
Elapsed time = 4520.08 sec. (585115.24 ticks, tree = 1213.59 MB, solutions = 20)
  20509 11560      157.1880   361      155.0000      158.8571 15325130    2.49%
  20599 11520      158.7143   391      155.0000      158.8571 15283761    2.49%
  20689 11772      156.7476   221      155.0000      158.8571 15608419    2.49%
  20765 11689      158.8571   319      155.0000      158.8571 15568645    2.49%
  20804 11795      158.0524   278      155.0000      158.8571 15653319    2.49%
  20841 11661      157.8571   322      155.0000      158.8571 15520672    2.49%
  20873 11799      158.8571   418      155.0000      158.8571 15710980    2.49%
  20943 11894      158.7689   311      155.0000      158.8571 15828579    2.49%
  21018 12031    infeasible            155.0000      158.8571 16049653    2.49%
  21095 12107      158.8571   391      155.0000      158.8571 16136581    2.49%
Elapsed time = 4849.57 sec. (623699.80 ticks, tree = 1349.07 MB, solutions = 20)
  21211 12196      157.1371   278      155.0000      158.8571 16165229    2.49%
  21343 12317      158.5714   207      155.0000      158.8571 16411740    2.49%
  21401 12221      158.0057   369      155.0000      158.8571 16302022    2.49%
  21477 12488      157.1908   262      155.0000      158.8571 16563796    2.49%
  21535 12504      157.0658   261      155.0000      158.8571 16582508    2.49%
  21642 12407      158.2049   292      155.0000      158.8571 16545392    2.49%
  21763 12682      156.5635   221      155.0000      158.8571 17032240    2.49%
  21906 12592      157.3532   250      155.0000      158.8571 16755200    2.49%
  21981 12681      157.0159   267      155.0000      158.8571 16975638    2.49%
  22018 12562      158.5714   356      155.0000      158.8571 16703765    2.49%
Elapsed time = 5337.86 sec. (662657.01 ticks, tree = 1439.26 MB, solutions = 20)
  22044 12696      158.6995   362      155.0000      158.8571 17112900    2.49%
  22074 12858      158.8571   407      155.0000      158.8571 17465779    2.49%
  22122 12874      158.4195   290      155.0000      158.8571 17504006    2.49%
  22159 12908      158.0818   349      155.0000      158.8571 17538965    2.49%
  22224 12926        cutoff            155.0000      158.8571 17511088    2.49%
  22259 12963      157.9679   342      155.0000      158.8571 17598167    2.49%
  22299 12250      156.6827   290      155.0000      158.8571 16168189    2.49%
  22389 13006      156.9262   241      155.0000      158.8571 17627088    2.49%
  22424 13017      158.2257   370      155.0000      158.8571 17764792    2.49%
  22470 13185      156.9853   261      155.0000      158.8571 17820542    2.49%
Elapsed time = 5823.49 sec. (702462.09 ticks, tree = 1492.48 MB, solutions = 20)
  22561 13296      156.6357   228      155.0000      158.8571 17950115    2.49%
  22682 13345      158.3672   308      155.0000      158.8571 17976192    2.49%
  22774 13393      158.5486   347      155.0000      158.8571 18005583    2.49%
  22837 13202      158.7143   430      155.0000      158.8571 17875019    2.49%
  22882 13493      158.7143   378      155.0000      158.8571 18136076    2.49%
  22947 13619      157.9799   310      155.0000      158.8571 18285023    2.49%
  23031 13601      158.2941   303      155.0000      158.8571 18259838    2.49%
  23105 13640      157.2669   309      155.0000      158.8571 18288808    2.49%
  23226 13633      158.0672   269      155.0000      158.8571 18274210    2.49%
  23273 13747      158.2805   423      155.0000      158.8571 18408677    2.49%
Elapsed time = 6290.00 sec. (741066.11 ticks, tree = 1557.54 MB, solutions = 20)
  23383 13761      158.8571   464      155.0000      158.8571 18424734    2.49%
  23521 13708      158.0018   321      155.0000      158.8571 18392948    2.49%
  23676 13829      157.4764   280      155.0000      158.8571 18456218    2.49%
  23815 14198      156.2382   233      155.0000      158.8571 18704825    2.49%
  23983 14333      157.3242   326      155.0000      158.8571 18793522    2.49%
  24139 14084    infeasible            155.0000      158.8571 18708530    2.49%
  24211 14373      157.3818   296      155.0000      158.8571 18824681    2.49%
  24267 14535      156.6713   267      155.0000      158.8571 18952820    2.49%
  24373 14635      156.4073   240      155.0000      158.8571 19071068    2.49%
  24470 14473      158.0329   246      155.0000      158.8571 18884687    2.49%
Elapsed time = 6771.37 sec. (779723.86 ticks, tree = 1780.31 MB, solutions = 20)
  24538 13622      156.8964   141      155.0000      158.8571 18265391    2.49%
  24678 14639      157.2173   376      155.0000      158.8571 19066910    2.49%
  24808 14951      156.5598   225      155.0000      158.8571 19208776    2.49%
  24980 14960      158.8425   339      155.0000      158.8571 19286834    2.49%
  25121 14962      157.5411   139      155.0000      158.8571 19187261    2.49%
  25199 15540      157.2893   171      155.0000      158.8571 19614788    2.49%
  25292 15107      158.8571   408      155.0000      158.8571 19350797    2.49%
  25385 15711      158.6508   298      155.0000      158.8571 19717269    2.49%
  25526 15932      157.4052   336      155.0000      158.8571 19927044    2.49%
  25690 15380      158.2342   335      155.0000      158.8571 19569208    2.49%
Elapsed time = 7265.78 sec. (818340.05 ticks, tree = 1959.81 MB, solutions = 20)
  25887 15750      157.7824   262      155.0000      158.8571 19729607    2.49%
  26144 15751      156.7509   268      155.0000      158.8571 19707338    2.49%
  26436 16315      156.6548   200      155.0000      158.8571 20222000    2.49%
  26722 16423      156.6190   278      155.0000      158.8571 20266362    2.49%
  26998 16521      156.6450   228      155.0000      158.8571 20292186    2.49%
  27232 16779        cutoff            155.0000      158.8571 20405933    2.49%
  27395 17028      157.8066   353      155.0000      158.8571 20570487    2.49%
  27538 15828      158.7143   433      155.0000      158.8571 19804157    2.49%
  27687 17088      156.9551   238      155.0000      158.8571 20578247    2.49%
  27911 17499      156.9587   279      155.0000      158.8571 20839625    2.49%
Elapsed time = 7751.40 sec. (856671.89 ticks, tree = 2255.23 MB, solutions = 20)
Nodefile size = 203.19 MB (124.67 MB after compression)
  28075 17422      157.4915   257      155.0000      158.8571 20798101    2.49%
  28220 17768      156.0674   381      155.0000      158.8571 20963400    2.49%
  28293 17309      158.6880   382      155.0000      158.8571 20750391    2.49%
  28377 17914      156.8552   338      155.0000      158.8571 21036797    2.49%
  28441 17650      158.7953   321      155.0000      158.8571 20930704    2.49%
  28534 17949      156.3536   246      155.0000      158.8571 21040663    2.49%
  28658 18275      158.5126   385      155.0000      158.8571 21288702    2.49%
  28804 18286      158.3068   370      155.0000      158.8571 21290503    2.49%
  28957 17962      158.4772   410      155.0000      158.8571 21130110    2.49%
  29147 18285      157.8352   331      155.0000      158.8571 21274744    2.49%
Elapsed time = 8217.68 sec. (895083.03 ticks, tree = 2489.33 MB, solutions = 20)
Nodefile size = 436.59 MB (270.03 MB after compression)
  29372 18086      156.3248   367      155.0000      158.8571 21222964    2.49%
  29563 19234      157.2974   312      155.0000      158.8571 21699254    2.49%
  29741 19094      156.8116   187      155.0000      158.8571 21668186    2.49%
  29894 18919      158.1258   337      155.0000      158.8571 21622179    2.49%
  30096 19386      157.0820   215      155.0000      158.8571 21847495    2.49%
  30336 19561      156.6943   254      155.0000      158.8571 21931423    2.49%
  30525 19789        cutoff            155.0000      158.8571 21985866    2.49%
  30677 19411      156.7689   224      155.0000      158.8571 21841109    2.49%
  30879 19297      156.8571   287      155.0000      158.8571 21788879    2.49%
  31031 19470      157.8296   358      155.0000      158.8571 21888166    2.49%
Elapsed time = 8675.13 sec. (933383.98 ticks, tree = 2548.63 MB, solutions = 20)
Nodefile size = 476.72 MB (293.74 MB after compression)
  31206 19587      158.4888   354      155.0000      158.8571 21956418    2.49%
  31401 20448      157.3395   308      155.0000      158.8571 22366696    2.49%
  31546 20609      158.8571   396      155.0000      158.8571 22460448    2.49%
  31647 20268      157.6509   276      155.0000      158.8571 22201565    2.49%
  31758 20968      156.6157   192      155.0000      158.8571 22648681    2.49%
  31897 20790      158.2792   330      155.0000      158.8571 22610025    2.49%
  32059 21141      157.3667   176      155.0000      158.8571 22733733    2.49%
  32213 21432      158.0857   332      155.0000      158.8571 22928870    2.49%
  32451 21450      157.6558   361      155.0000      158.8571 22932322    2.49%
  32614 21338      157.7335   319      155.0000      158.8571 22854145    2.49%
Elapsed time = 9192.90 sec. (971820.42 ticks, tree = 2996.02 MB, solutions = 20)
Nodefile size = 942.17 MB (584.90 MB after compression)
  32785 21379      157.4902   396      155.0000      158.8571 22856670    2.49%
  32974 22189      157.2944   300      155.0000      158.8571 23245246    2.49%
  33147 21914      157.1951   407      155.0000      158.8571 23193300    2.49%
  33331 21853      157.0854   405      155.0000      158.8571 23170434    2.49%
  33452 22502      158.4989   387      155.0000      158.8571 23496572    2.49%
  33561 22488      157.8704   317      155.0000      158.8571 23485223    2.49%
  33661 22319      158.6255   379      155.0000      158.8571 23377971    2.49%
  33829 22376      156.2700   193      155.0000      158.8571 23394018    2.49%
  34031 23018      158.6796   393      155.0000      158.8571 23779043    2.49%
  34101 23036      158.3239   400      155.0000      158.8571 23781670    2.49%
Elapsed time = 9745.81 sec. (1010236.95 ticks, tree = 3053.51 MB, solutions = 20)
Nodefile size = 993.01 MB (613.07 MB after compression)
  34158 22871      157.3606   299      155.0000      158.8571 23696182    2.49%
  34253 23227      157.2739   319      155.0000      158.8571 23865200    2.49%
  34392 22977      158.7143   604      155.0000      158.8571 23746928    2.49%
  34520 23307      157.1190   304      155.0000      158.8571 23868195    2.49%
  34618 23355      157.2811   293      155.0000      158.8571 23946025    2.49%
  34754 23177      158.2989   288      155.0000      158.8571 23835852    2.49%
  34936 23308      158.7860   309      155.0000      158.8571 23946205    2.49%
  35040 23314      158.6905   273      155.0000      158.8571 23950272    2.49%
  35184 23761      158.3633   333      155.0000      158.8571 24184750    2.49%
  35325 23781      158.2110   306      155.0000      158.8571 24186249    2.49%
Elapsed time = 10319.17 sec. (1048698.26 ticks, tree = 3202.89 MB, solutions = 20)
Nodefile size = 1137.70 MB (702.69 MB after compression)
  35460 23776      157.6926   318      155.0000      158.8571 24150792    2.49%
  35605 24124      158.8571   544      155.0000      158.8571 24349955    2.49%
  35743 24422      156.0501   270      155.0000      158.8571 24401041    2.49%
  35973 23744      158.8571   437      155.0000      158.8571 24172720    2.49%
  36135 24471      157.1636   203      155.0000      158.8571 24390405    2.49%
  36302 25104      156.4735   287      155.0000      158.8571 24644908    2.49%
  36508 24898      156.8795   260      155.0000      158.8571 24530836    2.49%
  36708 24558      158.1637   381      155.0000      158.8571 24486955    2.49%
  36903 25231      156.0923   270      155.0000      158.8571 24668013    2.49%
  37014 25227      158.8571   415      155.0000      158.8571 24756104    2.49%
Elapsed time = 10876.23 sec. (1087157.00 ticks, tree = 3682.82 MB, solutions = 20)
Nodefile size = 1626.80 MB (1011.23 MB after compression)
  37094 25309      158.7143   411      155.0000      158.8571 24852069    2.49%
  37151 25239      158.8571   411      155.0000      158.8571 24781369    2.49%
  37217 25549      157.9490   295      155.0000      158.8571 24977339    2.49%
  37358 25692      156.8802   285      155.0000      158.8571 25024094    2.49%
  37471 25512      156.4175   277      155.0000      158.8571 24923930    2.49%
  37563 25905      158.5413   329      155.0000      158.8571 25097927    2.49%
  37706 25877      156.4133   198      155.0000      158.8571 25056035    2.49%
  37894 25886      157.5786   350      155.0000      158.8571 25078446    2.49%
  38081 26132      158.0419   303      155.0000      158.8571 25274028    2.49%
  38258 26686      157.0786   170      155.0000      158.8571 25601862    2.49%
Elapsed time = 11419.98 sec. (1125708.49 ticks, tree = 3962.54 MB, solutions = 20)
Nodefile size = 1908.82 MB (1195.46 MB after compression)
  38344 26215      158.0000   533      155.0000      158.8571 25379209    2.49%
  38441 26929      156.3368   160      155.0000      158.8571 25685106    2.49%
  38580 27205      158.4759   323      155.0000      158.8571 25806107    2.49%
  38701 27216      157.5256   312      155.0000      158.8571 25810195    2.49%
  38804 27452      157.6447   258      155.0000      158.8571 26010760    2.49%
  38882 27048      158.7143   378      155.0000      158.8571 25756944    2.49%
  38991 27058      158.4222   281      155.0000      158.8571 25756238    2.49%
  39087 27077      158.8571   518      155.0000      158.8571 25781634    2.49%
  39214 26950      158.7143   555      155.0000      158.8571 25697863    2.49%
  39402 27826      157.8610   331      155.0000      158.8571 26214577    2.49%
Elapsed time = 11976.04 sec. (1164299.09 ticks, tree = 4002.17 MB, solutions = 20)
Nodefile size = 1932.29 MB (1208.35 MB after compression)
  39626 27560      158.4065   340      155.0000      158.8571 26096957    2.49%
  39827 27943      156.7850   320      155.0000      158.8571 26327880    2.49%
  40107 27911      157.6709   340      155.0000      158.8571 26299673    2.49%
  40348 27642      158.8571   406      155.0000      158.8571 26162433    2.49%
  40545 28346      156.2094   296      155.0000      158.8571 26558293    2.49%
  40717 28246      156.5995   307      155.0000      158.8571 26485811    2.49%
  40897 28293      156.5386   292      155.0000      158.8571 26543110    2.49%
  41061 28762      156.3183   268      155.0000      158.8571 26765702    2.49%
  41268 28578      156.9343   253      155.0000      158.8571 26764420    2.49%
  41479 29481      158.2857   350      155.0000      158.8571 27110265    2.49%
Elapsed time = 12559.80 sec. (1202617.42 ticks, tree = 4376.57 MB, solutions = 20)
Nodefile size = 2323.15 MB (1457.27 MB after compression)
  41598 28854      157.2175   290      155.0000      158.8571 26856786    2.49%
  41779 28891      157.0825   282      155.0000      158.8571 26858555    2.49%
  41987 29511      157.6681   353      155.0000      158.8571 27121422    2.49%
  42311 28936      156.5985   139      155.0000      158.8571 26914613    2.49%
  42507 29065      156.3141   308      155.0000      158.8571 26990509    2.49%
  42705 30205      158.6553   432      155.0000      158.8571 27444961    2.49%
  42827 30340      158.2012   340      155.0000      158.8571 27536364    2.49%
  42902 30359      156.7971   256      155.0000      158.8571 27540585    2.49%
  43081 30271      156.0295   315      155.0000      158.8571 27456382    2.49%
  43223 31108      158.2857   472      155.0000      158.8571 27826919    2.49%
Elapsed time = 13211.02 sec. (1241106.31 ticks, tree = 4911.84 MB, solutions = 20)
Nodefile size = 2856.67 MB (1809.10 MB after compression)
  43392 30427      156.6775   284      155.0000      158.8571 27557030    2.49%
  43498 30506      158.5931   432      155.0000      158.8571 27638223    2.49%
  43623 31586      158.0000   486      155.0000      158.8571 28014249    2.49%
  43827 30479      156.2441   159      155.0000      158.8571 27614733    2.49%
  44080 31667      156.2722   313      155.0000      158.8571 28110100    2.49%
  44269 32068      156.8015   214      155.0000      158.8571 28283835    2.49%
  44425 31836    infeasible            155.0000      158.8571 28186734    2.49%
  44528 31669      156.6686   309      155.0000      158.8571 28094173    2.49%
  44702 31846      156.4405   148      155.0000      158.8571 28168905    2.49%
  44900 31700      158.3412   382      155.0000      158.8571 28132835    2.49%
Elapsed time = 13918.91 sec. (1279537.59 ticks, tree = 4973.09 MB, solutions = 20)
Nodefile size = 2917.37 MB (1846.22 MB after compression)
  45137 31875      156.2556   222      155.0000      158.8571 28205482    2.49%
  45340 32639      156.8963   204      155.0000      158.8571 28610618    2.49%
  45476 32257      156.6656   354      155.0000      158.8571 28397435    2.49%
  45583 32664      157.7620   284      155.0000      158.8571 28698030    2.49%
  45707 32652      157.0543   282      155.0000      158.8571 28683663    2.49%
  45786 33129      157.5534   348      155.0000      158.8571 28969234    2.49%
  45824 32699      158.5714   487      155.0000      158.8571 28744441    2.49%

GUB cover cuts applied:  92
Clique cuts applied:  9
Cover cuts applied:  408
Implied bound cuts applied:  1979
Flow cuts applied:  6
Mixed integer rounding cuts applied:  171
Zero-half cuts applied:  452
Lift and project cuts applied:  11
Gomory fractional cuts applied:  43

Root node processing (before b&c):
  Real time             =   31.35 sec. (20299.58 ticks)
Parallel b&c, 24 threads:
  Real time             = 14405.77 sec. (1294127.51 ticks)
  Sync time (average)   = 3315.47 sec.
  Wait time (average)   =    0.15 sec.
                          ------------
Total (root+branch&cut) = 14437.12 sec. (1314427.10 ticks)
status  = time limit exceeded
time    = 14437.2 s.
problem = MILP
gap     = 2.48848%

Objective value: 155.0
[50, 50, 8, 2, 400, 115, 155, 158, 2.49, 14437.19]
number of spatial :  133
Heuristic Solution information :  [50, 50, 8, 2, 400, 102, 135, 2, 133]
