CPXPARAM_Read_DataCheck                          1
CPXPARAM_TimeLimit                               14400
Tried aggregator 2 times.
MIP Presolve eliminated 1024 rows and 568240 columns.
MIP Presolve added 2 rows and 0 columns.
MIP Presolve modified 310 coefficients.
Aggregator did 304 substitutions.
Reduced MIP has 490488 rows, 12068 columns, and 987348 nonzeros.
Reduced MIP has 2068 binaries, 0 generals, 0 SOSs, and 0 indicators.
Presolve time = 0.73 sec. (1879.64 ticks)
Found incumbent of value 192.000000 after 1.51 sec. (2650.86 ticks)
Probing time = 0.15 sec. (13.35 ticks)
Tried aggregator 1 time.
MIP Presolve eliminated 413683 rows and 6259 columns.
MIP Presolve modified 66 coefficients.
Reduced MIP has 76805 rows, 5809 columns, and 158567 nonzeros.
Reduced MIP has 1865 binaries, 0 generals, 0 SOSs, and 0 indicators.
Presolve time = 79.53 sec. (18392.75 ticks)
Probing time = 0.02 sec. (2.40 ticks)
Clique table members: 649.
MIP emphasis: balance optimality and feasibility.
MIP search method: dynamic search.
Parallel mode: deterministic, using up to 24 threads.
Root relaxation solution time = 0.14 sec. (195.27 ticks)

        Nodes                                         Cuts/
   Node  Left     Objective  IInf  Best Integer    Best Bound    ItCnt     Gap

*     0+    0                          192.0000      306.0000            59.37%
      0     0      304.2000    99      192.0000      304.2000      132   58.44%
Exception raised in listener 'MipGapPrinter': 'int' object is not callable, id=1
*     0+    0                          294.0000      304.2000             3.47%
Exception raised in listener 'MipGapPrinter': 'int' object is not callable, id=3
*     0+    0                          302.0000      304.2000             0.73%
Exception raised in listener 'MipGapPrinter': 'int' object is not callable, id=4
      0     0        cutoff            302.0000                    223     --- 
Elapsed time = 81.98 sec. (22133.26 ticks, tree = 0.01 MB, solutions = 3)

GUB cover cuts applied:  1
Clique cuts applied:  34
Cover cuts applied:  55
Implied bound cuts applied:  1
Flow cuts applied:  1
Mixed integer rounding cuts applied:  5
Zero-half cuts applied:  33
Lift and project cuts applied:  4
Gomory fractional cuts applied:  44

Root node processing (before b&c):
  Real time             =   82.01 sec. (22157.10 ticks)
Parallel b&c, 24 threads:
  Real time             =    0.00 sec. (0.00 ticks)
  Sync time (average)   =    0.00 sec.
  Wait time (average)   =    0.00 sec.
                          ------------
Total (root+branch&cut) =   82.01 sec. (22157.10 ticks)
status  = integer optimal solution
time    = 82.0214 s.
problem = MILP
gap     = 0%

Objective value: 302.0
[50, 200, 8, 2, 400, 198, 302, 302, 0.0, 82.02]
number of spatial :  286
Heuristic Solution information :  [50, 200, 8, 2, 400, 193, 288, 2, 286]
