CPXPARAM_Read_DataCheck                          1
CPXPARAM_TimeLimit                               14400
Tried aggregator 2 times.
MIP Presolve eliminated 29063 rows and 231329 columns.
MIP Presolve modified 1538 coefficients.
Aggregator did 302 substitutions.
Reduced MIP has 275016 rows, 58981 columns, and 786104 nonzeros.
Reduced MIP has 53981 binaries, 0 generals, 0 SOSs, and 0 indicators.
Presolve time = 0.87 sec. (1493.20 ticks)
Probing time = 1.88 sec. (16.01 ticks)
Tried aggregator 1 time.
MIP Presolve eliminated 196056 rows and 4120 columns.
MIP Presolve modified 271 coefficients.
Reduced MIP has 78960 rows, 54857 columns, and 392333 nonzeros.
Reduced MIP has 53845 binaries, 0 generals, 0 SOSs, and 0 indicators.
Presolve time = 5.57 sec. (2226.98 ticks)
Probing time = 1.48 sec. (11.99 ticks)
Clique table members: 27911.
MIP emphasis: balance optimality and feasibility.
MIP search method: dynamic search.
Parallel mode: deterministic, using up to 24 threads.
Root relaxation solution time = 3.78 sec. (975.42 ticks)

        Nodes                                         Cuts/
   Node  Left     Objective  IInf  Best Integer    Best Bound    ItCnt     Gap

*     0+    0                          186.0000      306.0000            64.52%
      0     0      298.8000   624      186.0000      298.8000    10532   60.65%
Exception raised in listener 'MipGapPrinter': 'int' object is not callable, id=1
*     0+    0                          222.0000      298.8000            34.59%
Exception raised in listener 'MipGapPrinter': 'int' object is not callable, id=3
      0     0      298.8000   623      222.0000     Cuts: 488    22978   34.59%
      0     0      298.8000   728      222.0000     Cuts: 358    37256   34.59%
      0     0      298.8000   751      222.0000     Cuts: 421    52352   34.59%
*     0+    0                          256.0000      298.8000            16.72%
*     0+    0                          259.0000      298.8000            15.37%
*     0+    0                          261.0000      298.8000            14.48%
*     0+    0                          263.0000      298.8000            13.61%
*     0+    0                          266.0000      298.8000            12.33%
Exception raised in listener 'MipGapPrinter': 'int' object is not callable, id=9
Heuristic still looking.
Heuristic still looking.
*     0+    0                          273.0000      298.8000             9.45%
*     0+    0                          275.0000      298.8000             8.65%
*     0+    0                          277.0000      298.8000             7.87%
Exception raised in listener 'MipGapPrinter': 'int' object is not callable, id=10
      0     2      298.8000   751      277.0000      298.8000    52352    7.87%
Elapsed time = 511.16 sec. (86281.24 ticks, tree = 0.02 MB, solutions = 10)
      1     3      298.8000   813      277.0000      298.8000    63194    7.87%
      2     3      298.8000   771      277.0000      298.8000    52893    7.87%
      3     4      298.8000   745      277.0000      298.8000    63574    7.87%
      4     4      298.8000   688      277.0000      298.8000    74560    7.87%
      6     4    infeasible            277.0000      298.8000    64650    7.87%
      7     8      298.8000   732      277.0000      298.8000    95714    7.87%
      8     7      298.8000   685      277.0000      298.8000    87980    7.87%
      9     8      298.8000   755      277.0000      298.8000    86855    7.87%
     10     5      298.8000   709      277.0000      298.8000    76904    7.87%
     11     8      298.8000   756      277.0000      298.8000   107463    7.87%
Elapsed time = 687.36 sec. (124514.88 ticks, tree = 0.65 MB, solutions = 10)
     14     8      298.8000   713      277.0000      298.8000    96380    7.87%
     16     6      298.8000   777      277.0000      298.8000    74602    7.87%
     17    11      298.8000   697      277.0000      298.8000   133891    7.87%
     18    10      298.8000   828      277.0000      298.8000   123058    7.87%
     20    12      298.8000   685      277.0000      298.8000   144794    7.87%
     22    15      298.8000   688      277.0000      298.8000   154233    7.87%
*    23+   11                          278.0000      298.8000             7.48%
*    23+   11                          283.0000      298.8000             5.58%
     23    17      298.8000   812      283.0000      298.8000   176165    5.58%
Exception raised in listener 'MipGapPrinter': 'int' object is not callable, id=17
     26    20      298.8000   637      283.0000      298.8000   210747    5.58%
     28    10      298.8000   794      283.0000      298.8000   121172    5.58%
     30    18      298.8000   734      283.0000      298.8000   188676    5.58%
Elapsed time = 1050.38 sec. (141319.17 ticks, tree = 0.65 MB, solutions = 12)
     32    23      298.8000   642      283.0000      298.8000   243885    5.58%
     35    14      298.8000   730      283.0000      298.8000   153798    5.58%
     37    24      298.8000   774      283.0000      298.8000   253740    5.58%
     39    31      298.8000   624      283.0000      298.8000   318520    5.58%
     50    41      298.8000   562      283.0000      298.8000   380049    5.58%
     69    41      298.8000   515      283.0000      298.8000   350848    5.58%
     86    47      298.8000   470      283.0000      298.8000   352707    5.58%
     95    50      298.8000   482      283.0000      298.8000   429309    5.58%
    104    55      298.8000   433      283.0000      298.8000   430849    5.58%
*   105+   15                          284.0000      298.8000             5.21%
    118    44      298.8000   548      284.0000      298.8000   392612    5.21%
Elapsed time = 1351.56 sec. (154869.45 ticks, tree = 2.06 MB, solutions = 14)
    133    63      298.8000   405      284.0000      298.8000   434769    5.21%
    156    62      298.8000   521      284.0000      298.8000   489033    5.21%
    186    46      298.8000   506      284.0000      298.8000   460274    5.21%
    215    52      298.8000   519      284.0000      298.8000   452565    5.21%
    249    71      298.8000   476      284.0000      298.8000   531199    5.21%
    276    73      298.5000   513      284.0000      298.8000   532601    5.21%
    298    77      298.8000   523      284.0000      298.8000   534157    5.21%
    324    69      298.8000   420      284.0000      298.8000   491956    5.21%
    372   171      298.8000   282      284.0000      298.8000   574105    5.21%
    428   119      298.8000   445      284.0000      298.8000   552723    5.21%
Elapsed time = 1530.87 sec. (164613.91 ticks, tree = 6.63 MB, solutions = 18)
    475   195      298.5000   444      284.0000      298.8000   605691    5.21%
    528   282      298.8000   235      284.0000      298.8000   656117    5.21%
    593   346      298.8000   310      284.0000      298.8000   679371    5.21%
    664   298      298.8000   252      284.0000      298.8000   662749    5.21%
    738   338      298.8000   386      284.0000      298.8000   675241    5.21%
    812   348      298.8000   318      284.0000      298.8000   677328    5.21%
    895   343      298.8000   323      284.0000      298.8000   672089    5.21%
    969   607      298.8000   299      284.0000      298.8000   796612    5.21%
Exception raised in listener 'MipGapPrinter': 'int' object is not callable, id=20
   1045   753      298.8000   288      284.0000      298.8000   851079    5.21%
   1122   476      298.5000   276      284.0000      298.8000   752439    5.21%
Elapsed time = 1666.94 sec. (174227.01 ticks, tree = 12.18 MB, solutions = 21)
   1213   685    infeasible            284.0000      298.8000   834759    5.21%
   1334   869      298.8000   275      284.0000      298.8000   903761    5.21%
   1433   877      298.8000   265      284.0000      298.8000   906774    5.21%
   1546  1053      288.3750   101      284.0000      298.8000   985450    5.21%
   1671  1110      298.8000   326      284.0000      298.8000  1009575    5.21%
   1795   975      298.2000   285      284.0000      298.8000   958388    5.21%
   1933   944      298.8000   228      284.0000      298.8000   959419    5.21%
   2064  1171      298.2000   249      284.0000      298.8000  1035594    5.21%
   2191  1177      298.1667   264      284.0000      298.8000  1040442    5.21%
   2322  1366      298.1667   252      284.0000      298.8000  1135674    5.21%
Elapsed time = 1785.57 sec. (183833.87 ticks, tree = 36.05 MB, solutions = 34)
*  2393+ 1601                          285.0000      298.8000             4.84%
   2455  1691      298.8000   232      285.0000      298.8000  1334837    4.84%
Exception raised in listener 'MipGapPrinter': 'int' object is not callable, id=22
   2591  1698      298.2000   239      285.0000      298.8000  1336273    4.84%
   2727  1550      298.3000   236      285.0000      298.8000  1271967    4.84%
   2873  1890      296.6971   197      285.0000      298.8000  1488888    4.84%
   3019  1999      297.0000   185      285.0000      298.8000  1566240    4.84%
   3156  1731      298.2000   203      285.0000      298.8000  1351709    4.84%
   3298  2012      298.8000   384      285.0000      298.8000  1569024    4.84%
   3433  2219      297.7500   241      285.0000      298.8000  1722204    4.84%
   3577  2093    infeasible            285.0000      298.8000  1636892    4.84%
   3711  2024      296.1328   173      285.0000      298.8000  1592536    4.84%
Elapsed time = 1908.12 sec. (193452.71 ticks, tree = 51.61 MB, solutions = 36)
   3854  2108    infeasible            285.0000      298.8000  1642388    4.84%
   4003  2497    infeasible            285.0000      298.8000  1882841    4.84%
   4148  2338      289.3750   115      285.0000      298.8000  1772929    4.84%
   4269  2885      288.1250    99      285.0000      298.8000  2159237    4.84%
   4396  2713      293.9894   202      285.0000      298.8000  2086581    4.84%
   4504  2562      298.8000   483      285.0000      298.8000  1960443    4.84%
   4613  3002    infeasible            285.0000      298.8000  2252391    4.84%
   4718  3118      298.8000   399      285.0000      298.8000  2310391    4.84%
   4826  2921      294.3738   175      285.0000      298.8000  2195813    4.84%
   4939  3349    infeasible            285.0000      298.8000  2469661    4.84%
Elapsed time = 2032.81 sec. (203067.80 ticks, tree = 87.46 MB, solutions = 38)
   5053  3318      298.8000   240      285.0000      298.8000  2449353    4.84%
*  5070+ 3525                          286.0000      298.8000             4.48%
   5124  3275      298.3000   256      286.0000      298.8000  2442118    4.48%
   5204  3226      291.4591   139      286.0000      298.8000  2423048    4.48%
   5313  3432      298.5581   217      286.0000      298.8000  2525350    4.48%
Exception raised in listener 'MipGapPrinter': 'int' object is not callable, id=26
   5410  3717      288.1250    93      286.0000      298.8000  2717306    4.48%
   5516  3821      298.8000   230      286.0000      298.8000  2796543    4.48%
   5634  3862      292.6375   103      286.0000      298.8000  2831927    4.48%
   5743  3929      290.2143   142      286.0000      298.8000  2868269    4.48%
   5854  3944      287.0429   107      286.0000      298.8000  2872542    4.48%
   5909  3838      297.2500   202      286.0000      298.8000  2816241    4.48%
Elapsed time = 2155.27 sec. (212775.65 ticks, tree = 102.73 MB, solutions = 39)
   5946  3941      298.6708   222      286.0000      298.8000  2890008    4.48%
   5956  2419      298.8000   366      286.0000      298.8000  1825420    4.48%
   5957  3881      298.8000   349      286.0000      298.8000  2850623    4.48%
   5958  2652      298.5000   404      286.0000      298.8000  2029197    4.48%
   5960    23      298.8000   759      286.0000      298.8000   244186    4.48%
*  5961+ 2958                          287.0000      296.4000             3.28%
Exception raised in listener 'MipGapPrinter': 'int' object is not callable, id=27
   5961  2959      296.4000   323      287.0000      296.4000  3410907    3.28%
   5962  2960      296.4000   522      287.0000      296.4000  3422359    3.28%
   5963  2960      296.4000   496      287.0000      296.4000  3431174    3.28%
   5964  2960      296.4000   583      287.0000      296.4000  3442699    3.28%
   5965  2960      296.4000   500      287.0000      296.4000  3453786    3.28%
Elapsed time = 4846.94 sec. (636907.25 ticks, tree = 91.88 MB, solutions = 43)
   5966  2960      296.4000   496      287.0000      296.4000  3453816    3.28%
   5970  1189      296.4000   589      287.0000      296.4000  3471920    3.28%
   5975   666      296.4000   512      287.0000      296.4000  3494486    3.28%
   5980   398      296.4000   510      287.0000      296.4000  3505878    3.28%
   5992   228      296.4000   530      287.0000      296.4000  3509216    3.28%
   6004   200      296.4000   409      287.0000      296.4000  3516161    3.28%
   6010   200      296.4000   566      287.0000      296.4000  3513544    3.28%
   6019    51      296.4000   572      287.0000      296.4000  3519481    3.28%
   6030    45      296.4000   505      287.0000      296.4000  3523769    3.28%
   6055    56      296.4000   397      287.0000      296.4000  3554714    3.28%
Elapsed time = 5423.57 sec. (679974.04 ticks, tree = 1.17 MB, solutions = 43)
   6096    78      296.4000   576      287.0000      296.4000  3585136    3.28%
   6145    80      296.4000   461      287.0000      296.4000  3591093    3.28%
   6205   170      296.4000   352      287.0000      296.4000  3755154    3.28%
   6291   176      296.4000   426      287.0000      296.4000  3761594    3.28%
   6416   269      296.4000   371      287.0000      296.4000  3810190    3.28%
   6556   277      296.4000   416      287.0000      296.4000  3818367    3.28%
   6685   516      296.4000   326      287.0000      296.4000  3956896    3.28%
   6858   588      296.4000   287      287.0000      296.4000  4018083    3.28%
   7073   796      296.4000   268      287.0000      296.4000  4203986    3.28%
   7307   851      296.4000   343      287.0000      296.4000  4254243    3.28%
Elapsed time = 5944.62 sec. (718375.99 ticks, tree = 11.79 MB, solutions = 43)
   7529  1130      296.4000   262      287.0000      296.4000  4545103    3.28%
   7717  1209      296.4000   270      287.0000      296.4000  4621212    3.28%
   7881  1113      296.4000   278      287.0000      296.4000  4525585    3.28%
   8050  1379      296.3655   260      287.0000      296.4000  4842669    3.28%
   8234  1565    infeasible            287.0000      296.4000  5087444    3.28%
   8427  1677      296.0000   223      287.0000      296.4000  5247515    3.28%
   8612  1736      296.0000   302      287.0000      296.4000  5294964    3.28%
   8808  1919      296.4000   205      287.0000      296.4000  5521399    3.28%
   8971  1949      296.4000   217      287.0000      296.4000  5547991    3.28%
   9120  2017      295.6000   241      287.0000      296.4000  5630713    3.28%
Elapsed time = 6425.70 sec. (756708.50 ticks, tree = 37.59 MB, solutions = 43)
   9246  2379      296.4000   237      287.0000      296.4000  6130967    3.28%
   9367  2291      296.0000   253      287.0000      296.4000  5983165    3.28%
   9506  2400      295.1481   214      287.0000      296.4000  6183620    3.28%
   9671  2495    infeasible            287.0000      296.4000  6395021    3.28%
   9858  2660      295.8472   226      287.0000      296.4000  6650272    3.28%
  10035  2760      294.2262   148      287.0000      296.4000  6790758    3.28%
  10252  2692      296.2000   232      287.0000      296.4000  6680367    3.28%
  10501  2879      296.4000   201      287.0000      296.4000  6992929    3.28%
  10752  3082      296.0000   194      287.0000      296.4000  7251829    3.28%
  10996  3075      292.8385   211      287.0000      296.4000  7260587    3.28%
Elapsed time = 6925.61 sec. (795095.11 ticks, tree = 65.11 MB, solutions = 43)
  11230  3163      294.6172   240      287.0000      296.4000  7348023    3.28%
  11434  3504      296.0633   227      287.0000      296.4000  7753942    3.28%
  11611  3637      296.4000   450      287.0000      296.4000  7941192    3.28%
* 11652+ 3656                          288.0000      296.4000             2.92%
  11771  3836      296.3039   247      288.0000      296.4000  8257278    2.92%
  11949  3956      296.4000   168      288.0000      296.4000  8457718    2.92%
  12154  3965      296.3577   189      288.0000      296.4000  8470017    2.92%
* 12210+ 3819                          289.0000      296.4000             2.56%
  12346  4381      296.1136   187      289.0000      296.4000  8984743    2.56%
Exception raised in listener 'MipGapPrinter': 'int' object is not callable, id=56
  12523  4282      296.2000   301      289.0000      296.4000  8875482    2.56%
  12723  4596      295.6667   210      289.0000      296.4000  9328142    2.56%
  12963  4476      292.0833   203      289.0000      296.4000  9083673    2.56%
Elapsed time = 7444.48 sec. (833466.42 ticks, tree = 101.24 MB, solutions = 45)
  13144  4650    infeasible            289.0000      296.4000  9378312    2.56%
  13268  4949      296.0833   158      289.0000      296.4000  9830000    2.56%
  13453  5048      293.5625   193      289.0000      296.4000  9955470    2.56%
  13566  5047      296.4000   424      289.0000      296.4000  9923665    2.56%
  13657  5143      295.9414   226      289.0000      296.4000 10077189    2.56%
  13747  5446      294.5213   222      289.0000      296.4000 10635755    2.56%
  13864  5530      296.3000   316      289.0000      296.4000 10758242    2.56%
  13979  5583      293.2000   191      289.0000      296.4000 11075778    2.56%
  14109  5608      291.9167   198      289.0000      296.4000 11124202    2.56%
  14230  5599      293.0000   166      289.0000      296.4000 11109619    2.56%
Elapsed time = 7948.84 sec. (871954.11 ticks, tree = 131.10 MB, solutions = 45)
  14375  5818    infeasible            289.0000      296.4000 11676225    2.56%
  14521  5974      296.3000   270      289.0000      296.4000 12132079    2.56%
  14700  6083      292.4751   210      289.0000      296.4000 12424349    2.56%
  14849  5989      296.3000   268      289.0000      296.4000 12146183    2.56%
  14989  6156      293.1250   256      289.0000      296.4000 12672368    2.56%
  15143  6307      293.6389   213      289.0000      296.4000 12957810    2.56%
  15271  6292      296.2000   213      289.0000      296.4000 12875617    2.56%
  15394  6483      295.6581   335      289.0000      296.4000 13458341    2.56%
  15542  6635      294.4481   268      289.0000      296.4000 13874305    2.56%
  15743  6667        cutoff            289.0000      296.4000 13952900    2.56%
Elapsed time = 8444.45 sec. (910357.10 ticks, tree = 159.70 MB, solutions = 45)
  15865  6669      295.1286   208      289.0000      296.4000 13964256    2.56%
  15988  6912      290.9287   208      289.0000      296.4000 14661643    2.56%
  16124  7062      292.2431   267      289.0000      296.4000 15088337    2.56%
  16212  7188      296.0000   231      289.0000      296.4000 15390344    2.56%
  16305  7317      291.0538   218      289.0000      296.4000 15908238    2.56%
  16415  7215      296.0000   237      289.0000      296.4000 15495505    2.56%
  16552  7225      290.9861   149      289.0000      296.4000 15599513    2.56%
  16704  7535    infeasible            289.0000      296.4000 16819764    2.56%
  16838  7417      293.9685   254      289.0000      296.4000 16464125    2.56%
  16979  7473      290.4286    95      289.0000      296.4000 16552745    2.56%
Elapsed time = 8969.02 sec. (948792.30 ticks, tree = 182.02 MB, solutions = 45)
  17087  7553      295.7506   280      289.0000      296.4000 16964733    2.56%
  17162  7812      292.7672   234      289.0000      296.4000 17505638    2.56%
  17237  7942      294.4750   239      289.0000      296.4000 18039731    2.56%
  17331  7941      295.9456   291      289.0000      296.4000 18006531    2.56%
  17413  8001      291.2188   173      289.0000      296.4000 18198951    2.56%
  17520  8066      291.4161   273      289.0000      296.4000 18372907    2.56%
  17634  8129      295.2236   343      289.0000      296.4000 18667258    2.56%
  17761  8237      295.6000   265      289.0000      296.4000 19096134    2.56%
  17889  8218      290.7995   253      289.0000      296.4000 18920091    2.56%
  18024  8233      295.8000   253      289.0000      296.4000 19056237    2.56%
Elapsed time = 9771.73 sec. (987585.67 ticks, tree = 202.67 MB, solutions = 45)
  18157  8516      295.2000   262      289.0000      296.4000 19969854    2.56%
  18263  8403      295.1346   246      289.0000      296.4000 19658759    2.56%
  18362  8531      294.8198   352      289.0000      296.4000 20078287    2.56%
  18451  8715      294.4000   219      289.0000      296.4000 20697492    2.56%
  18553  8701      294.3900   333      289.0000      296.4000 20650664    2.56%
  18648  8947      290.8542   173      289.0000      296.4000 21423647    2.56%
  18744  9010      291.4516   269      289.0000      296.4000 21725842    2.56%
  18830  9114      293.6426   301      289.0000      296.4000 21996463    2.56%
  18907  9001      293.3830   309      289.0000      296.4000 21670022    2.56%
  18987  9135      296.4000   317      289.0000      296.4000 22056977    2.56%
Elapsed time = 10442.36 sec. (1026045.43 ticks, tree = 228.30 MB, solutions = 45)
  19073  9203      293.0995   262      289.0000      296.4000 22273187    2.56%
  19163  9287      295.5794   417      289.0000      296.4000 22575620    2.56%
  19247  9239      294.0850   310      289.0000      296.4000 22389015    2.56%
  19343  9453      290.5556   238      289.0000      296.4000 23033569    2.56%
  19427  9556      290.5000   144      289.0000      296.4000 23388268    2.56%
  19511  9518      293.7924   302      289.0000      296.4000 23307165    2.56%
  19601  9520      293.3605   350      289.0000      296.4000 23293099    2.56%
  19695  9642      294.1197   350      289.0000      296.4000 23696029    2.56%
  19779  9696      290.4805   240      289.0000      296.4000 23899353    2.56%
  19870  9736      291.3264   190      289.0000      296.4000 24112569    2.56%
Elapsed time = 11185.93 sec. (1064465.82 ticks, tree = 244.88 MB, solutions = 45)
  19957  9667      296.3833   325      289.0000      296.4000 23841671    2.56%
  20042  9918    infeasible            289.0000      296.4000 24905145    2.56%
  20158  9954      291.1653   258      289.0000      296.4000 24985171    2.56%
  20242  9913      294.3927   365      289.0000      296.4000 24817833    2.56%
  20364 10152      290.9688   181      289.0000      296.4000 25776992    2.56%
  20478  9866      293.9805   352      289.0000      296.4000 24744270    2.56%
  20588 10183      290.0000   120      289.0000      296.4000 25783571    2.56%
  20685 10339      293.6902   258      289.0000      296.4000 26302186    2.56%
  20808 10417      295.4163   305      289.0000      296.4000 26410549    2.56%
  20895 10347      294.8335   283      289.0000      296.4000 26320271    2.56%
Elapsed time = 12040.60 sec. (1102904.01 ticks, tree = 262.53 MB, solutions = 45)
  20994 10478      295.3362   329      289.0000      296.4000 26486522    2.56%
  21110 10547      294.6500   285      289.0000      296.4000 26526464    2.56%
* 21126+10448                          290.0000      296.4000             2.21%
  21211 10553      293.7772   254      290.0000      296.4000 26550091    2.21%
  21354 10797      291.1000   196      290.0000      296.4000 26786866    2.21%
  21469 10809      295.0925   380      290.0000      296.4000 26844143    2.21%
  21571 10283      294.4696   239      290.0000      296.4000 26972235    2.21%
  21671 10817      295.0401   341      290.0000      296.4000 26861965    2.21%
Exception raised in listener 'MipGapPrinter': 'int' object is not callable, id=77
  21755 10192      294.3111   249      290.0000      296.4000 26864370    2.21%
  21823 10446      294.2281   243      290.0000      296.4000 27252330    2.21%
  21918 10565      293.5181   183      290.0000      296.4000 27293145    2.21%
Elapsed time = 13225.11 sec. (1141512.81 ticks, tree = 266.60 MB, solutions = 46)
  22011 10370      292.9281   170      290.0000      296.4000 27192896    2.21%
  22078 10580      293.5706   230      290.0000      296.4000 27301300    2.21%
  22203 10617      294.9243   273      290.0000      296.4000 27368772    2.21%
  22376 10874      294.2106   320      290.0000      296.4000 27804277    2.21%
  22567 10622      295.4633   409      290.0000      296.4000 27422905    2.21%
  22729 10811      291.7833   260      290.0000      296.4000 27777903    2.21%
  22867 11134      294.2454   267      290.0000      296.4000 28020380    2.21%
  22989 11004      291.5078   135      290.0000      296.4000 27874250    2.21%
  23177 11331    infeasible            290.0000      296.4000 28187871    2.21%
  23273 10881      294.4254   402      290.0000      296.4000 27833753    2.21%
Elapsed time = 14086.33 sec. (1179896.19 ticks, tree = 275.33 MB, solutions = 46)
  23449 11527      293.1880   236      290.0000      296.4000 28426063    2.21%
  23555 11791      293.1541   230      290.0000      296.4000 28666491    2.21%
  23676 11823    infeasible            290.0000      296.4000 28681308    2.21%
  23861 11588      294.2580   255      290.0000      296.4000 28467677    2.21%
  23952 11702      292.9167   240      290.0000      296.4000 28606148    2.21%
  24055 11845      294.6197   292      290.0000      296.4000 28686005    2.21%

GUB cover cuts applied:  84
Clique cuts applied:  29
Cover cuts applied:  444
Implied bound cuts applied:  2652
Flow cuts applied:  9
Mixed integer rounding cuts applied:  378
Zero-half cuts applied:  160
Lift and project cuts applied:  1
Gomory fractional cuts applied:  30

Root node processing (before b&c):
  Real time             =  463.14 sec. (86294.34 ticks)
Parallel b&c, 24 threads:
  Real time             = 13937.49 sec. (1118280.90 ticks)
  Sync time (average)   = 3214.82 sec.
  Wait time (average)   =    0.24 sec.
                          ------------
Total (root+branch&cut) = 14400.63 sec. (1204575.24 ticks)
status  = time limit exceeded
time    = 14400.7 s.
problem = MILP
gap     = 2.2069%

Objective value: 290.0
[50, 100, 8, 2, 400, 192, 290, 296, 2.21, 14400.7]
number of spatial :  231
Heuristic Solution information :  [50, 100, 8, 2, 400, 162, 233, 2, 231]
