CPXPARAM_Read_DataCheck                          1
CPXPARAM_TimeLimit                               14400
Tried aggregator 2 times.
MIP Presolve eliminated 883 rows and 426130 columns.
MIP Presolve added 6 rows and 0 columns.
MIP Presolve modified 263 coefficients.
Aggregator did 308 substitutions.
Reduced MIP has 367937 rows, 9174 columns, and 740802 nonzeros.
Reduced MIP has 1674 binaries, 0 generals, 0 SOSs, and 0 indicators.
Presolve time = 0.60 sec. (1410.48 ticks)
Found incumbent of value 173.000000 after 1.35 sec. (1989.01 ticks)
Probing time = 0.38 sec. (10.00 ticks)
Tried aggregator 1 time.
MIP Presolve eliminated 314806 rows and 4787 columns.
MIP Presolve modified 32 coefficients.
Reduced MIP has 53131 rows, 4387 columns, and 110239 nonzeros.
Reduced MIP has 1572 binaries, 0 generals, 0 SOSs, and 0 indicators.
Presolve time = 35.51 sec. (11278.91 ticks)
Probing time = 0.02 sec. (1.67 ticks)
Clique table members: 581.
MIP emphasis: balance optimality and feasibility.
MIP search method: dynamic search.
Parallel mode: deterministic, using up to 24 threads.
Root relaxation solution time = 0.10 sec. (137.26 ticks)

        Nodes                                         Cuts/
   Node  Left     Objective  IInf  Best Integer    Best Bound    ItCnt     Gap

*     0+    0                          173.0000      302.0000            74.57%
      0     0      297.3000   115      173.0000      297.3000      189   71.85%
Exception raised in listener 'MipGapPrinter': 'int' object is not callable, id=1
*     0+    0                          271.0000      297.3000             9.70%
*     0+    0                          288.0000      297.3000             3.23%
Exception raised in listener 'MipGapPrinter': 'int' object is not callable, id=3
      0     0      294.0000    62      288.0000     Cuts: 202      331    2.08%
      0     0      293.0000    39      288.0000     Cuts: 101      393    1.74%
*     0+    0                          293.0000      293.0000             0.00%
      0     0        cutoff            293.0000      293.0000      393    0.00%
Elapsed time = 37.90 sec. (14278.06 ticks, tree = 0.01 MB, solutions = 4)

GUB cover cuts applied:  2
Clique cuts applied:  29
Cover cuts applied:  67
Implied bound cuts applied:  1
Flow cuts applied:  4
Mixed integer rounding cuts applied:  8
Zero-half cuts applied:  53
Lift and project cuts applied:  7
Gomory fractional cuts applied:  56

Root node processing (before b&c):
  Real time             =   37.93 sec. (14299.08 ticks)
Parallel b&c, 24 threads:
  Real time             =    0.00 sec. (0.00 ticks)
  Sync time (average)   =    0.00 sec.
  Wait time (average)   =    0.00 sec.
                          ------------
Total (root+branch&cut) =   37.93 sec. (14299.08 ticks)
status  = integer optimal solution
time    = 37.9297 s.
problem = MILP
gap     = 0%

Objective value: 293.0
[50, 150, 8, 2, 400, 193, 293, 293, 0.0, 37.93]
number of spatial :  256
Heuristic Solution information :  [50, 150, 8, 2, 400, 177, 258, 2, 256]
