CPXPARAM_Read_DataCheck                          1
CPXPARAM_TimeLimit                               14400
Tried aggregator 2 times.
MIP Presolve eliminated 598 rows and 142188 columns.
MIP Presolve added 38 rows and 0 columns.
MIP Presolve modified 215 coefficients.
Aggregator did 294 substitutions.
Reduced MIP has 122863 rows, 3130 columns, and 247082 nonzeros.
Reduced MIP has 630 binaries, 0 generals, 0 SOSs, and 0 indicators.
Presolve time = 0.19 sec. (463.14 ticks)
Found incumbent of value 11.000000 after 0.39 sec. (655.49 ticks)
Probing fixed 8 vars, tightened 0 bounds.
Probing time = 0.14 sec. (3.57 ticks)
Tried aggregator 3 times.
MIP Presolve eliminated 22079 rows and 492 columns.
MIP Presolve modified 72 coefficients.
Aggregator did 2 substitutions.
Reduced MIP has 100782 rows, 2632 columns, and 202801 nonzeros.
Reduced MIP has 582 binaries, 0 generals, 0 SOSs, and 0 indicators.
Presolve time = 0.07 sec. (97.45 ticks)
Probing time = 0.08 sec. (2.72 ticks)
Tried aggregator 2 times.
MIP Presolve eliminated 80865 rows and 1674 columns.
MIP Presolve modified 39 coefficients.
Aggregator did 3 substitutions.
Reduced MIP has 19914 rows, 952 columns, and 40995 nonzeros.
Reduced MIP has 552 binaries, 0 generals, 0 SOSs, and 0 indicators.
Presolve time = 0.03 sec. (50.90 ticks)
Probing time = 0.00 sec. (0.67 ticks)
Tried aggregator 2 times.
MIP Presolve eliminated 19611 rows and 421 columns.
MIP Presolve modified 38 coefficients.
Aggregator did 2 substitutions.
Reduced MIP has 301 rows, 527 columns, and 1723 nonzeros.
Reduced MIP has 527 binaries, 0 generals, 0 SOSs, and 0 indicators.
Presolve time = 0.00 sec. (12.54 ticks)
Probing time = 0.00 sec. (0.47 ticks)
Tried aggregator 3 times.
MIP Presolve eliminated 1 rows and 3 columns.
MIP Presolve modified 23 coefficients.
Aggregator did 2 substitutions.
Reduced MIP has 298 rows, 522 columns, and 1711 nonzeros.
Reduced MIP has 522 binaries, 0 generals, 0 SOSs, and 0 indicators.
Presolve time = 0.00 sec. (3.05 ticks)
Probing time = 0.00 sec. (0.47 ticks)
Clique table members: 331.
MIP emphasis: balance optimality and feasibility.
MIP search method: dynamic search.
Parallel mode: deterministic, using up to 24 threads.
Root relaxation solution time = 0.00 sec. (2.31 ticks)

        Nodes                                         Cuts/
   Node  Left     Objective  IInf  Best Integer    Best Bound    ItCnt     Gap

*     0+    0                           26.0000      235.0000           803.85%
*     0+    0                          116.0000      235.0000           102.59%
      0     0      144.8500    74      116.0000      144.8500      321   24.87%
Exception raised in listener 'MipGapPrinter': 'int' object is not callable, id=1
*     0+    0                          117.0000      144.8500            23.80%
Exception raised in listener 'MipGapPrinter': 'int' object is not callable, id=3
      0     0      133.4429    53      117.0000     Cuts: 164      512   14.05%
*     0+    0                          121.0000      133.4429            10.28%
Exception raised in listener 'MipGapPrinter': 'int' object is not callable, id=5
      0     0      132.7917    84      121.0000      Cuts: 76      613    9.75%
*     0+    0                          125.0000      132.7917             6.23%
*     0+    0                          127.0000      132.7917             4.56%
Exception raised in listener 'MipGapPrinter': 'int' object is not callable, id=8
      0     0      132.7792    47      127.0000      Cuts: 43      649    4.55%
      0     0      132.6190    64      127.0000      Cuts: 30      677    4.42%
      0     0      132.5714    85      127.0000      Cuts: 28      706    4.39%
      0     0      132.5372    89      127.0000      Cuts: 28      740    4.36%
      0     0      132.4524    63      127.0000      Cuts: 21      768    4.29%
      0     0      132.3587    67      127.0000      Cuts: 21      787    4.22%
*     0+    0                          129.0000      132.3587             2.60%
Exception raised in listener 'MipGapPrinter': 'int' object is not callable, id=21
      0     0      132.3560   107      129.0000      Cuts: 21      809    2.60%
      0     0      132.3439    84      129.0000      Cuts: 22      832    2.59%
      0     0      132.3333    83      129.0000      Cuts: 21      863    2.58%
*     0+    0                          131.0000      132.3333             1.02%
Exception raised in listener 'MipGapPrinter': 'int' object is not callable, id=28
      0     2      132.3333    67      131.0000      132.3333      866    1.02%
Elapsed time = 1.77 sec. (1359.70 ticks, tree = 0.02 MB, solutions = 12)
*   191    54      integral     0      132.0000      132.2857     2053    0.22%
Exception raised in listener 'MipGapPrinter': 'int' object is not callable, id=42

GUB cover cuts applied:  45
Clique cuts applied:  8
Cover cuts applied:  61
Implied bound cuts applied:  1
Mixed integer rounding cuts applied:  6
Zero-half cuts applied:  26
Lift and project cuts applied:  1
Gomory fractional cuts applied:  23

Root node processing (before b&c):
  Real time             =    1.64 sec. (1372.39 ticks)
Parallel b&c, 24 threads:
  Real time             =    0.88 sec. (89.58 ticks)
  Sync time (average)   =    0.65 sec.
  Wait time (average)   =    0.00 sec.
                          ------------
Total (root+branch&cut) =    2.52 sec. (1461.97 ticks)
status  = integer optimal solution
time    = 2.52668 s.
problem = MILP
gap     = 0%

Objective value: 132.0
[50, 50, 8, 2, 400, 88, 132, 132, 0.0, 2.53]
number of spatial :  110
Heuristic Solution information :  [50, 50, 8, 2, 400, 89, 112, 2, 110]
