CPXPARAM_Read_DataCheck                          1
CPXPARAM_TimeLimit                               14400
Tried aggregator 2 times.
MIP Presolve eliminated 28913 rows and 89353 columns.
MIP Presolve modified 1422 coefficients.
Aggregator did 302 substitutions.
Reduced MIP has 152459 rows, 55957 columns, and 538740 nonzeros.
Reduced MIP has 53457 binaries, 0 generals, 0 SOSs, and 0 indicators.
Presolve time = 0.58 sec. (907.33 ticks)
Probing time = 2.17 sec. (12.61 ticks)
Tried aggregator 1 time.
MIP Presolve eliminated 73592 rows and 1602 columns.
MIP Presolve modified 203 coefficients.
Reduced MIP has 78867 rows, 54351 columns, and 390037 nonzeros.
Reduced MIP has 53351 binaries, 0 generals, 0 SOSs, and 0 indicators.
Presolve time = 0.56 sec. (364.07 ticks)
Probing time = 0.71 sec. (11.83 ticks)
Clique table members: 28056.
MIP emphasis: balance optimality and feasibility.
MIP search method: dynamic search.
Parallel mode: deterministic, using up to 24 threads.
Root relaxation solution time = 3.10 sec. (1355.81 ticks)

        Nodes                                         Cuts/
   Node  Left     Objective  IInf  Best Integer    Best Bound    ItCnt     Gap

*     0+    0                           79.0000      306.0000           287.34%
      0     0      206.2500   751       79.0000      206.2500    14796  161.08%
Exception raised in listener 'MipGapPrinter': 'int' object is not callable, id=1
*     0+    0                          115.0000      206.2500            79.35%
Exception raised in listener 'MipGapPrinter': 'int' object is not callable, id=3
      0     0      184.7000   554      115.0000     Cuts: 574    30684   60.61%
      0     0      181.1429   596      115.0000     Cuts: 339    43221   57.52%
      0     0      181.1429   611      115.0000     Cuts: 334    54279   57.52%
*     0+    0                          154.0000      181.1429            17.63%
*     0+    0                          158.0000      181.1429            14.65%
Exception raised in listener 'MipGapPrinter': 'int' object is not callable, id=9
      0     0      181.1429   510      158.0000      Cuts: 43    62311   14.65%
      0     0      181.1429   527      158.0000     Cuts: 246    77476   14.65%
Heuristic still looking.
*     0+    0                          162.0000      181.1429            11.82%
*     0+    0                          163.0000      181.1429            11.13%
Exception raised in listener 'MipGapPrinter': 'int' object is not callable, id=14
      0     2      181.1429   345      163.0000      181.1429    77476   11.13%
Elapsed time = 778.79 sec. (102027.87 ticks, tree = 0.02 MB, solutions = 6)
      1     3      181.1429   422      163.0000      181.1429    91276   11.13%
      2     3      181.1429   323      163.0000      181.1429    77547   11.13%
      3     4      181.1429   453      163.0000      181.1429   102292   11.13%
      4     5      181.1429   459      163.0000      181.1429    99653   11.13%
      5     7      181.1429   470      163.0000      181.1429   111212   11.13%
      6     8      181.1429   437      163.0000      181.1429   112272   11.13%
      7     9      181.1429   482      163.0000      181.1429   113995   11.13%
      9     9    infeasible            163.0000      181.1429   114925   11.13%
     10     6      181.1429   532      163.0000      181.1429   113443   11.13%
     11     5      181.1429   463      163.0000      181.1429   101125   11.13%
Elapsed time = 858.08 sec. (122801.09 ticks, tree = 0.02 MB, solutions = 6)
*    13+    9                          164.0000      181.1429            10.45%
     13    11      181.1429   453      164.0000      181.1429   115057   10.45%
     16     8      181.1429   458      164.0000      181.1429   111617   10.45%
Exception raised in listener 'MipGapPrinter': 'int' object is not callable, id=19
     19    13      181.1429   453      164.0000      181.1429   144280   10.45%
     21    14      181.1429   401      164.0000      181.1429   144302   10.45%
     27    12      181.1429   517      164.0000      181.1429   145953   10.45%
     29     6      181.1429   521      164.0000      181.1429   112555   10.45%
     31    15      181.1429   580      164.0000      181.1429   158669   10.45%
     42    36      181.1429   479      164.0000      181.1429   257044   10.45%
*    51+   14                          167.0000      181.1429             8.47%
*    54+   21                          168.0000      181.1429             7.82%
     54    37      181.1429   499      168.0000      181.1429   261374    7.82%
     77    42      181.1429   455      168.0000      181.1429   291526    7.82%
Elapsed time = 1004.12 sec. (135214.31 ticks, tree = 1.42 MB, solutions = 10)
    110    51      181.1429   381      168.0000      181.1429   270855    7.82%
    152    48      181.1429   439      168.0000      181.1429   320562    7.82%
*   163+   12                          169.0000      181.1429             7.19%
    188    69      181.1429   365      169.0000      181.1429   358707    7.19%
    235    95      181.1429   460      169.0000      181.1429   400513    7.19%
    275    57      181.1429   397      169.0000      181.1429   343543    7.19%
*   297+   16                          170.0000      181.1429             6.55%
    300    80      181.1429   426      170.0000      181.1429   379660    6.55%
    327   113      181.1429   429      170.0000      181.1429   458399    6.55%
Exception raised in listener 'MipGapPrinter': 'int' object is not callable, id=21
    376   197      181.1429   460      170.0000      181.1429   545363    6.55%
    445   231      181.1429   309      170.0000      181.1429   582376    6.55%
    522   238      181.1429   354      170.0000      181.1429   594714    6.55%
Elapsed time = 1101.59 sec. (144985.31 ticks, tree = 13.62 MB, solutions = 28)
    576   319      181.1429   414      170.0000      181.1429   719815    6.55%
    633   378      181.1429   358      170.0000      181.1429   788589    6.55%
    685   371      181.1429   231      170.0000      181.1429   773279    6.55%
    731   455    infeasible            170.0000      181.1429   870710    6.55%
    783   473      181.1429   261      170.0000      181.1429   882632    6.55%
    845   452      181.1429   309      170.0000      181.1429   879589    6.55%
    883   578      181.1429   294      170.0000      181.1429  1000725    6.55%
    934   606      181.1429   270      170.0000      181.1429  1018507    6.55%
    990   612      181.1429   300      170.0000      181.1429  1023043    6.55%
   1047   648      181.1429   291      170.0000      181.1429  1042483    6.55%
Elapsed time = 1187.99 sec. (154646.70 ticks, tree = 23.39 MB, solutions = 28)
   1110   690      181.1429   242      170.0000      181.1429  1072415    6.55%
   1176   746      181.1429   296      170.0000      181.1429  1132582    6.55%
   1270   709      181.1429   199      170.0000      181.1429  1103537    6.55%
   1389   783      181.1429   301      170.0000      181.1429  1169003    6.55%
   1484   857      181.1422   226      170.0000      181.1429  1261532    6.55%
   1576   972      181.1429   214      170.0000      181.1429  1357495    6.55%
   1685  1024      181.1429   263      170.0000      181.1429  1387824    6.55%
   1783  1213      181.1429   232      170.0000      181.1429  1600460    6.55%
   1893  1127      180.4318   144      170.0000      181.1429  1545972    6.55%
   2011  1074      180.8455   188      170.0000      181.1429  1459420    6.55%
Elapsed time = 1268.23 sec. (164338.66 ticks, tree = 37.25 MB, solutions = 28)
   2136  1234    infeasible            170.0000      181.1429  1619855    6.55%
   2252  1542      181.1429   221      170.0000      181.1429  1979268    6.55%
   2380  1468      181.0964   246      170.0000      181.1429  1918875    6.55%
   2491  1540      181.1429   304      170.0000      181.1429  1964750    6.55%
   2617  1462      181.0893   190      170.0000      181.1429  1905375    6.55%
   2745  1713      180.2643   162      170.0000      181.1429  2170201    6.55%
   2861  1673      181.1429   240      170.0000      181.1429  2164612    6.55%
   3010  1641      181.1429   356      170.0000      181.1429  2109766    6.55%
   3145  1684      178.6758   162      170.0000      181.1429  2143740    6.55%
   3287  1921      180.1071   138      170.0000      181.1429  2451783    6.55%
Elapsed time = 1351.38 sec. (173933.33 ticks, tree = 59.42 MB, solutions = 28)
   3443  1943    infeasible            170.0000      181.1429  2471817    6.55%
   3587  2196      179.5750   167      170.0000      181.1429  2752090    6.55%
   3733  2379      181.1429   223      170.0000      181.1429  2981095    6.55%
   3861  2320    infeasible            170.0000      181.1429  2905508    6.55%
   4004  2498      177.3607   110      170.0000      181.1429  3083079    6.55%
   4131  2591      176.2460   130      170.0000      181.1429  3144765    6.55%
   4271  2526      174.3611    63      170.0000      181.1429  3088414    6.55%
   4443  2709      176.9667   147      170.0000      181.1429  3284521    6.55%
   4603  3071      172.1936    88      170.0000      181.1429  3609838    6.55%
   4765  3035      173.7917   107      170.0000      181.1429  3599220    6.55%
Elapsed time = 1433.11 sec. (183518.23 ticks, tree = 91.35 MB, solutions = 28)
   4919  3132      173.0000    26      170.0000      181.1429  3620989    6.55%
   5082  3052      171.9458    88      170.0000      181.1429  3604339    6.55%
*  5139+ 3444                          171.0000      181.1429             5.93%
   5211  3362      176.7786   112      171.0000      181.1429  3820188    5.93%
   5314  3369    infeasible            171.0000      181.1429  3839913    5.93%
   5395  3384      180.9373   239      171.0000      181.1429  3901876    5.93%
   5454  3619    infeasible            171.0000      181.1429  4138703    5.93%
Exception raised in listener 'MipGapPrinter': 'int' object is not callable, id=33
   5516  3486      181.1429   160      171.0000      181.1429  3997563    5.93%
   5598  3791      180.5481   217      171.0000      181.1429  4299347    5.93%
   5690  3851      181.1286   190      171.0000      181.1429  4357105    5.93%
   5777   382      181.1429   469      171.0000      181.1429   804457    5.93%
Elapsed time = 1539.76 sec. (193164.24 ticks, tree = 18.58 MB, solutions = 30)
   5843  3821      181.1429   213      171.0000      181.1429  4313421    5.93%
   5882  3872      178.5714   174      171.0000      181.1429  4372647    5.93%
   5897  3866      176.9146   148      171.0000      181.1429  4401535    5.93%
