CPXPARAM_Read_DataCheck                          1
CPXPARAM_TimeLimit                               14400
Tried aggregator 2 times.
MIP Presolve eliminated 86288 rows and 267940 columns.
MIP Presolve modified 4034 coefficients.
Aggregator did 302 substitutions.
Reduced MIP has 456409 rows, 167370 columns, and 1616061 nonzeros.
Reduced MIP has 159870 binaries, 0 generals, 0 SOSs, and 0 indicators.
Presolve time = 14.12 sec. (2750.55 ticks)
Probing time = 7.42 sec. (40.14 ticks)
Tried aggregator 1 time.
MIP Presolve eliminated 220718 rows and 4786 columns.
MIP Presolve modified 603 coefficients.
Reduced MIP has 235691 rows, 162580 columns, and 1170020 nonzeros.
Reduced MIP has 159568 binaries, 0 generals, 0 SOSs, and 0 indicators.
Presolve time = 18.25 sec. (1993.47 ticks)
Probing time = 4.35 sec. (38.18 ticks)
Clique table members: 83742.
MIP emphasis: balance optimality and feasibility.
MIP search method: dynamic search.
Parallel mode: deterministic, using up to 24 threads.
Root relaxation solution time = 14.02 sec. (1162.42 ticks)

        Nodes                                         Cuts/
   Node  Left     Objective  IInf  Best Integer    Best Bound    ItCnt     Gap

*     0+    0                          205.0000      306.0000            49.27%
      0     0      306.0000  1018      205.0000      306.0000     9114   49.27%
Exception raised in listener 'MipGapPrinter': 'int' object is not callable, id=1
*     0+    0                          243.0000      306.0000            25.93%
Exception raised in listener 'MipGapPrinter': 'int' object is not callable, id=3
      0     0      306.0000   694      243.0000      Cuts: 88    12409   25.93%
      0     0      306.0000   814      243.0000     Cuts: 600    24916   25.93%
      0     0      306.0000   455      243.0000      Cuts: 99    26944   25.93%
*     0+    0                          290.0000      306.0000             5.52%
Exception raised in listener 'MipGapPrinter': 'int' object is not callable, id=9
      0     0      306.0000   795      290.0000     Cuts: 375    36426    5.52%
*     0+    0                          306.0000      306.0000             0.00%
      0     0        cutoff            306.0000      306.0000    36426    0.00%
Elapsed time = 653.97 sec. (59048.98 ticks, tree = 0.01 MB, solutions = 4)

Clique cuts applied:  13
Cover cuts applied:  32
Implied bound cuts applied:  559
Flow cuts applied:  4
Mixed integer rounding cuts applied:  156
Zero-half cuts applied:  44
Gomory fractional cuts applied:  12

Root node processing (before b&c):
  Real time             =  654.07 sec. (59075.48 ticks)
Parallel b&c, 24 threads:
  Real time             =    0.00 sec. (0.00 ticks)
  Sync time (average)   =    0.00 sec.
  Wait time (average)   =    0.00 sec.
                          ------------
Total (root+branch&cut) =  654.07 sec. (59075.48 ticks)
status  = integer optimal solution
time    = 654.79 s.
problem = MILP
gap     = 0%

Objective value: 306.0
[50, 150, 8, 2, 400, 200, 306, 306, 0.0, 654.79]
number of spatial :  280
Heuristic Solution information :  [50, 150, 8, 2, 400, 189, 282, 2, 280]
