CPXPARAM_Read_DataCheck                          1
CPXPARAM_TimeLimit                               14400
Tried aggregator 2 times.
MIP Presolve eliminated 24974 rows and 226449 columns.
MIP Presolve modified 1586 coefficients.
Aggregator did 1112 substitutions.
Reduced MIP has 279913 rows, 64483 columns, and 876397 nonzeros.
Reduced MIP has 59483 binaries, 0 generals, 0 SOSs, and 0 indicators.
Presolve time = 0.87 sec. (3897.80 ticks)
Probing time = 0.54 sec. (17.89 ticks)
Tried aggregator 1 time.
MIP Presolve eliminated 196000 rows and 4000 columns.
Reduced MIP has 83913 rows, 60483 columns, and 484397 nonzeros.
Reduced MIP has 59483 binaries, 0 generals, 0 SOSs, and 0 indicators.
Presolve time = 0.40 sec. (648.24 ticks)
Probing time = 0.20 sec. (14.20 ticks)
Clique table members: 32067.
MIP emphasis: balance optimality and feasibility.
MIP search method: dynamic search.
Parallel mode: deterministic, using up to 24 threads.
Root relaxation solution time = 3.58 sec. (2310.90 ticks)

        Nodes                                         Cuts/
   Node  Left     Objective  IInf  Best Integer    Best Bound    ItCnt     Gap

*     0+    0                          361.0000     1122.0000           210.80%
      0     0      809.0000   894      361.0000      809.0000    29049  124.10%
Exception raised in listener 'MipGapPrinter': 'int' object is not callable, id=1
*     0+    0                          571.0000      809.0000            41.68%
Exception raised in listener 'MipGapPrinter': 'int' object is not callable, id=3
      0     0      750.0769   950      571.0000    Cuts: 1007    42359   31.36%
      0     0      740.0556  1012      571.0000     Cuts: 537    55902   29.61%
      0     0      717.8333   897      571.0000     Cuts: 512    67483   25.72%
*     0+    0                          592.0000      717.8333            21.26%
*     0+    0                          601.0000      717.8333            19.44%
*     0+    0                          615.0000      717.8333            16.72%
*     0+    0                          621.0000      717.8333            15.59%
*     0+    0                          624.0000      717.8333            15.04%
Exception raised in listener 'MipGapPrinter': 'int' object is not callable, id=9
      0     0      713.0000   985      624.0000     Cuts: 384    77806   14.26%
*     0+    0                          636.0000      713.0000            12.11%
Exception raised in listener 'MipGapPrinter': 'int' object is not callable, id=12
      0     0      713.0000   882      636.0000     Cuts: 380    89134   12.11%
*     0+    0                          640.0000      713.0000            11.41%
Exception raised in listener 'MipGapPrinter': 'int' object is not callable, id=14
      0     0      713.0000   966      640.0000     Cuts: 307   102674   11.41%
*     0+    0                          654.0000      713.0000             9.02%
*     0+    0                          673.0000      713.0000             5.94%
*     0+    0                          690.0000      713.0000             3.33%
*     0+    0                          692.0000      713.0000             3.03%
Exception raised in listener 'MipGapPrinter': 'int' object is not callable, id=16
      0     0      713.0000   673      692.0000      Cuts: 37   110765    3.03%
      0     0      713.0000   862      692.0000     Cuts: 323   122406    3.03%
Heuristic still looking.
      0     2      713.0000   382      692.0000      713.0000   122406    3.03%
Elapsed time = 1158.91 sec. (160168.27 ticks, tree = 0.02 MB, solutions = 13)
      1     3      713.0000   420      692.0000      713.0000   123626    3.03%
      2     4      713.0000   408      692.0000      713.0000   124021    3.03%
      3     5      713.0000   354      692.0000      713.0000   124888    3.03%
      4     6      713.0000   381      692.0000      713.0000   126836    3.03%
      5     7      713.0000   368      692.0000      713.0000   127630    3.03%
      7     9      713.0000   385      692.0000      713.0000   128688    3.03%
      9    11      713.0000   349      692.0000      713.0000   129671    3.03%
     10    12      713.0000   346      692.0000      713.0000   130055    3.03%
     13    15      713.0000   338      692.0000      713.0000   130618    3.03%
     15    12      713.0000   336      692.0000      713.0000   129804    3.03%
Elapsed time = 1247.49 sec. (164861.27 ticks, tree = 0.02 MB, solutions = 13)
     18    16      713.0000   408      692.0000      713.0000   132971    3.03%
     29    20      713.0000   308      692.0000      713.0000   138110    3.03%
     53    32      713.0000   443      692.0000      713.0000   147952    3.03%
     94    47      713.0000   402      692.0000      713.0000   156458    3.03%
    167    64      713.0000   437      692.0000      713.0000   181177    3.03%
    281   154      713.0000   291      692.0000      713.0000   247117    3.03%
    322   259      713.0000   292      692.0000      713.0000   317654    3.03%
    411   269      713.0000   309      692.0000      713.0000   324066    3.03%
    534   312      713.0000   385      692.0000      713.0000   349853    3.03%
    665   383      713.0000   420      692.0000      713.0000   387903    3.03%
Elapsed time = 1476.81 sec. (174713.12 ticks, tree = 22.47 MB, solutions = 13)
    809   478      713.0000   280      692.0000      713.0000   443451    3.03%
    963   528      713.0000   318      692.0000      713.0000   466703    3.03%
   1107   734      713.0000   267      692.0000      713.0000   580619    3.03%
   1254   847      713.0000   276      692.0000      713.0000   663700    3.03%
   1413   830      713.0000   286      692.0000      713.0000   642943    3.03%
   1584   973      713.0000   266      692.0000      713.0000   755023    3.03%
   1756  1079      713.0000   329      692.0000      713.0000   832064    3.03%
   1962  1090      713.0000   251      692.0000      713.0000   842875    3.03%
   2137  1307      713.0000   327      692.0000      713.0000   980977    3.03%
   2346  1264      713.0000   248      692.0000      713.0000   952244    3.03%
Elapsed time = 1692.00 sec. (184298.34 ticks, tree = 92.93 MB, solutions = 13)
   2540  1555    infeasible            692.0000      713.0000  1122930    3.03%
   2704  1659      713.0000   225      692.0000      713.0000  1171962    3.03%
   2917  1648      713.0000   261      692.0000      713.0000  1169421    3.03%
   3113  2027      713.0000   244      692.0000      713.0000  1393361    3.03%
   3339  2141      712.7500   300      692.0000      713.0000  1466850    3.03%
   3586  2113      713.0000   248      692.0000      713.0000  1450275    3.03%
   3818  2451      713.0000   274      692.0000      713.0000  1651487    3.03%
   4062  2420      711.0833   226      692.0000      713.0000  1639316    3.03%
   4285  2737    infeasible            692.0000      713.0000  1819000    3.03%
   4512  2731    infeasible            692.0000      713.0000  1806006    3.03%
Elapsed time = 1878.21 sec. (193872.29 ticks, tree = 229.76 MB, solutions = 13)
   4737  2929      710.0000   167      692.0000      713.0000  1939983    3.03%
   4956  2891      705.6000   125      692.0000      713.0000  1924780    3.03%
   5152  3117      711.2500   192      692.0000      713.0000  2044642    3.03%
   5350  3398      709.5000   222      692.0000      713.0000  2235641    3.03%
   5602  3366      713.0000   302      692.0000      713.0000  2212668    3.03%
   5822  3657      713.0000   219      692.0000      713.0000  2382926    3.03%
   6045  3683    infeasible            692.0000      713.0000  2419349    3.03%
   6253  3971      713.0000   254      692.0000      713.0000  2555612    3.03%
   6439  4186    infeasible            692.0000      713.0000  2674195    3.03%
   6577  4252      708.2708   136      692.0000      713.0000  2720486    3.03%
Elapsed time = 2013.11 sec. (203458.56 ticks, tree = 444.54 MB, solutions = 13)
   6760  4307      709.6667   189      692.0000      713.0000  2751971    3.03%
   6896  4409      712.6667   227      692.0000      713.0000  2817019    3.03%
   7016  4466      712.7667   314      692.0000      713.0000  2869900    3.03%
   7140  4694      710.0000   162      692.0000      713.0000  3005489    3.03%
   7275  4884    infeasible            692.0000      713.0000  3165150    3.03%
   7368  4974    infeasible            692.0000      713.0000  3249322    3.03%
   7433  4901      713.0000   224      692.0000      713.0000  3187401    3.03%
   7489  4998      711.1667   204      692.0000      713.0000  3266875    3.03%
   7559  5120      711.1667   204      692.0000      713.0000  3326323    3.03%
   7649  5114      712.6667   229      692.0000      713.0000  3326265    3.03%
Elapsed time = 2139.73 sec. (213064.95 ticks, tree = 628.10 MB, solutions = 13)
   7726  5170      713.0000   287      692.0000      713.0000  3357963    3.03%
   7756  5170      712.6667   293      692.0000      713.0000  3371622    3.03%
*  7758+ 3574                          694.0000      713.0000             2.74%
*  7758+ 2382                          696.0000      713.0000             2.44%
*  7758+ 1588                          697.0000      713.0000             2.30%
Exception raised in listener 'MipGapPrinter': 'int' object is not callable, id=60
   7758  1589      713.0000   285      697.0000      713.0000  3670124    2.30%
   7759  1590      713.0000   495      697.0000      713.0000  3677467    2.30%
   7760  1590      713.0000   413      697.0000      713.0000  3678772    2.30%
   7761  1591      713.0000   533      697.0000      713.0000  3687407    2.30%
   7762  1591      713.0000   668      697.0000      713.0000  3694463    2.30%
   7763  1592      713.0000   637      697.0000      713.0000  3694664    2.30%
   7764  1593      713.0000   643      697.0000      713.0000  3695863    2.30%
   7765   796      713.0000   571      697.0000      713.0000  3685381    2.30%
Elapsed time = 5877.88 sec. (504787.65 ticks, tree = 110.22 MB, solutions = 16)
   7766   800      713.0000   701      697.0000      713.0000  3697844    2.30%
   7769   449      713.0000   689      697.0000      713.0000  3705734    2.30%
   7771   134      713.0000   538      697.0000      713.0000  3679122    2.30%
   7772   141      712.5000   591      697.0000      713.0000  3713398    2.30%
   7773   144      713.0000   540      697.0000      713.0000  3724540    2.30%
   7774   145      712.5000   579      697.0000      713.0000  3726066    2.30%
   7775   147      712.0000   517      697.0000      713.0000  3726523    2.30%
   7778   108      712.0000   530      697.0000      713.0000  3726966    2.30%
   7779   109      712.0000   546      697.0000      713.0000  3735348    2.30%
   7782    74      712.0000   536      697.0000      713.0000  3735742    2.30%
Elapsed time = 6518.01 sec. (522903.84 ticks, tree = 7.42 MB, solutions = 16)
   7786    70      713.0000   568      697.0000      713.0000  3742101    2.30%
   7788    44      713.0000   566      697.0000      713.0000  3742130    2.30%
   7792    34      713.0000   579      697.0000      713.0000  3742858    2.30%
   7795    34      713.0000   719      697.0000      713.0000  3742525    2.30%
   7797    37      713.0000   650      697.0000      713.0000  3755240    2.30%
   7799    38      713.0000   705      697.0000      713.0000  3755965    2.30%
   7803    34      713.0000   778      697.0000      713.0000  3758860    2.30%
   7809    35      713.0000   542      697.0000      713.0000  3759481    2.30%
   7817    36      713.0000   550      697.0000      713.0000  3760621    2.30%
   7828    45      713.0000   567      697.0000      713.0000  3772363    2.30%
Elapsed time = 7050.15 sec. (535885.49 ticks, tree = 0.33 MB, solutions = 16)
   7838    35      712.5000   777      697.0000      713.0000  3759233    2.30%
   7850    39      711.1667   539      697.0000      713.0000  3758370    2.30%
   7862    37      713.0000   599      697.0000      713.0000  3759677    2.30%
   7876    55      712.1667   638      697.0000      713.0000  3774847    2.30%
   7895    65      712.0000   579      697.0000      713.0000  3786043    2.30%
   7911    41      711.1667   492      697.0000      713.0000  3766204    2.30%
   7935    54      713.0000   551      697.0000      713.0000  3775537    2.30%
   7954    67      712.1667   610      697.0000      713.0000  3790703    2.30%
   7978    85      713.0000   552      697.0000      713.0000  3804532    2.30%
   8077    73      711.1667   574      697.0000      713.0000  3790433    2.30%
Elapsed time = 7387.23 sec. (548780.88 ticks, tree = 0.72 MB, solutions = 16)
   8207   335      713.0000   500      697.0000      713.0000  3991046    2.30%
   8392   245      713.0000   560      697.0000      713.0000  3940272    2.30%
   8530   556      712.1667   457      697.0000      713.0000  4066606    2.30%
   8706   470      712.5000   364      697.0000      713.0000  4043747    2.30%
   8846   761      712.0000   352      697.0000      713.0000  4131077    2.30%
   9057   893      703.0000   408      697.0000      713.0000  4206827    2.30%
   9362   899      713.0000   480      697.0000      713.0000  4208645    2.30%
   9713  1176      711.5000   256      697.0000      713.0000  4403662    2.30%
  10090  1448      712.0000   304      697.0000      713.0000  4573428    2.30%
  10484  1744      712.1667   313      697.0000      713.0000  4754954    2.30%
Elapsed time = 8276.90 sec. (587066.91 ticks, tree = 33.34 MB, solutions = 16)
  10935  1658      713.0000   289      697.0000      713.0000  4692184    2.30%
* 11048+ 1828                          698.0000      713.0000             2.15%
  11394  2217      709.0000   172      698.0000      713.0000  5086142    2.15%
Exception raised in listener 'MipGapPrinter': 'int' object is not callable, id=79
  11838  2595      713.0000   250      698.0000      713.0000  5401426    2.15%
* 11938+ 2326                          699.0000      713.0000             2.00%
  12139  2777      706.0000   167      699.0000      713.0000  5552796    2.00%
  12240  2896      713.0000   235      699.0000      713.0000  5664524    2.00%
Exception raised in listener 'MipGapPrinter': 'int' object is not callable, id=80
  12313  3035      711.0000   223      699.0000      713.0000  5819185    2.00%
  12412  3148      713.0000   206      699.0000      713.0000  5948754    2.00%
  12537  3166      709.5000   225      699.0000      713.0000  5982879    2.00%
  12670  3166      713.0000   222      699.0000      713.0000  5985950    2.00%
  12777  3258      713.0000   228      699.0000      713.0000  6148020    2.00%
Elapsed time = 9137.33 sec. (625516.02 ticks, tree = 75.61 MB, solutions = 19)
  12896  3308      713.0000   232      699.0000      713.0000  6213080    2.00%
* 12905+ 3238                          700.0000      713.0000             1.86%
  13035  3321      706.1833   166      700.0000      713.0000  6220155    1.86%
  13185  3399      713.0000   241      700.0000      713.0000  6307024    1.86%
Exception raised in listener 'MipGapPrinter': 'int' object is not callable, id=84
  13325  3438      712.5000   212      700.0000      713.0000  6349129    1.86%
  13470  3550      713.0000   235      700.0000      713.0000  6466776    1.86%
  13636  3658      707.8333   164      700.0000      713.0000  6602165    1.86%
  13786  3745      713.0000   246      700.0000      713.0000  6672219    1.86%
  13939  3843      710.8000   238      700.0000      713.0000  6755269    1.86%
  14086  3898      711.9762   271      700.0000      713.0000  6791972    1.86%
  14258  3985      713.0000   249      700.0000      713.0000  6855790    1.86%
Elapsed time = 9872.54 sec. (663987.92 ticks, tree = 96.16 MB, solutions = 20)
  14468  4015    infeasible            700.0000      713.0000  6884758    1.86%
* 14502+ 3733                          701.0000      713.0000             1.71%
  14578  4143    infeasible            701.0000      713.0000  6980419    1.71%
  14674  4344      713.0000   190      701.0000      713.0000  7123835    1.71%
  14818  4435      710.0000   196      701.0000      713.0000  7201740    1.71%
Exception raised in listener 'MipGapPrinter': 'int' object is not callable, id=86
  14966  4501      713.0000   236      701.0000      713.0000  7265694    1.71%
  15146  4495      711.8333   212      701.0000      713.0000  7252208    1.71%
  15325  4756      713.0000   249      701.0000      713.0000  7501564    1.71%
  15553  4888      713.0000   217      701.0000      713.0000  7607750    1.71%
  15688  4894      712.9783   228      701.0000      713.0000  7612035    1.71%
  15807  5021      711.8571   214      701.0000      713.0000  7704477    1.71%
Elapsed time = 10578.83 sec. (702380.12 ticks, tree = 126.80 MB, solutions = 21)
  15951  5092      712.0000   232      701.0000      713.0000  7801999    1.71%
  16194  4203      711.5000   256      701.0000      713.0000  7008213    1.71%
  16500  5530      713.0000   205      701.0000      713.0000  8108191    1.71%
  16851  5589      712.0000   228      701.0000      713.0000  8155992    1.71%
  17252  5956      706.5000   178      701.0000      713.0000  8519787    1.71%
  17568  6418      713.0000   173      701.0000      713.0000  8923912    1.71%
  17851  6664      713.0000   207      701.0000      713.0000  9134801    1.71%
  18166  6708      711.9167   218      701.0000      713.0000  9154527    1.71%
  18456  7255      713.0000   244      701.0000      713.0000  9634251    1.71%
  18669  7475    infeasible            701.0000      713.0000  9900421    1.71%
Elapsed time = 11295.81 sec. (740706.43 ticks, tree = 200.37 MB, solutions = 21)
  18889  7321      708.5000   205      701.0000      713.0000  9701051    1.71%
  19180  7734      709.6636   197      701.0000      713.0000 10173601    1.71%
  19380  7785      710.7969   237      701.0000      713.0000 10253439    1.71%
  19567  8116      710.9881   247      701.0000      713.0000 10708524    1.71%
  19814  8213      712.0000   251      701.0000      713.0000 10799987    1.71%
  20074  8316      712.0000   252      701.0000      713.0000 10956038    1.71%
  20405  8430      713.0000   208      701.0000      713.0000 11163225    1.71%
  20739  8928      712.0000   283      701.0000      713.0000 11870156    1.71%
  21030  9031      711.0000   205      701.0000      713.0000 11968044    1.71%
  21271  8865      712.0000   188      701.0000      713.0000 11801713    1.71%
Elapsed time = 12124.05 sec. (778957.88 ticks, tree = 242.50 MB, solutions = 21)
  21532  9291    infeasible            701.0000      713.0000 12206980    1.71%
  21815  9654      706.0000   191      701.0000      713.0000 12476356    1.71%
  22091  9708      713.0000   209      701.0000      713.0000 12558445    1.71%
  22377  9836      712.0000   208      701.0000      713.0000 12758143    1.71%
  22667 10276      712.9722   183      701.0000      713.0000 13124058    1.71%
  22888 10337      709.0000   121      701.0000      713.0000 13143333    1.71%
  23140 10800      707.8636   203      701.0000      713.0000 13522307    1.71%
  23420 10920      706.0000   165      701.0000      713.0000 13692873    1.71%
  23715 10832      708.0000   174      701.0000      713.0000 13578209    1.71%
  23993 11312    infeasible            701.0000      713.0000 14028282    1.71%
Elapsed time = 12878.92 sec. (817180.58 ticks, tree = 623.20 MB, solutions = 21)
  24277 11620      707.9286   150      701.0000      713.0000 14240806    1.71%
  24547 11398      712.0000   247      701.0000      713.0000 14106138    1.71%
  24805 11497      707.5000   110      701.0000      713.0000 14180607    1.71%
  25120 11857      713.0000   199      701.0000      713.0000 14494512    1.71%
  25386 12048      713.0000   215      701.0000      713.0000 14652953    1.71%
  25676 12434    infeasible            701.0000      713.0000 14949256    1.71%
  25906 12656    infeasible            701.0000      713.0000 15133954    1.71%
  26144 12668      707.0000   169      701.0000      713.0000 15136682    1.71%
  26461 13140      711.0000   251      701.0000      713.0000 15565844    1.71%
  26734 13107      712.0000   278      701.0000      713.0000 15530104    1.71%
Elapsed time = 13546.66 sec. (855442.66 ticks, tree = 1440.65 MB, solutions = 21)
  27030 13571      712.0000   207      701.0000      713.0000 15977873    1.71%
  27341 14045      711.0000   189      701.0000      713.0000 16309470    1.71%
  27717 14029      704.8889   142      701.0000      713.0000 16311483    1.71%
  28107 14306      709.5000   216      701.0000      713.0000 16517574    1.71%
  28469 14454      709.0000   205      701.0000      713.0000 16718116    1.71%
  28814 14715      711.0000   196      701.0000      713.0000 16924919    1.71%
  29138 14478      707.8333   243      701.0000      713.0000 16735143    1.71%
  29520 15364      713.0000   254      701.0000      713.0000 17390912    1.71%
  29873 15184      710.0000   148      701.0000      713.0000 17269032    1.71%
  30204 15372      711.0000   166      701.0000      713.0000 17390843    1.71%
Elapsed time = 14239.34 sec. (893673.64 ticks, tree = 2514.60 MB, solutions = 21)
Nodefile size = 445.32 MB (238.83 MB after compression)
  30453 16141      711.0000   247      701.0000      713.0000 17904829    1.71%
  30803 16521      710.0000   167      701.0000      713.0000 18190254    1.71%
Exception raised in listener 'MipGapPrinter': 'int' object is not callable, id=109
  31030 16054      705.5000   233      701.0000      713.0000 17844725    1.71%
* 31041+15856                          702.0000      713.0000             1.57%

GUB cover cuts applied:  314
Clique cuts applied:  12
Cover cuts applied:  106
Implied bound cuts applied:  151
Flow cuts applied:  10
Mixed integer rounding cuts applied:  44
Zero-half cuts applied:  95
Lift and project cuts applied:  8
Gomory fractional cuts applied:  56

Root node processing (before b&c):
  Real time             = 1148.33 sec. (160103.54 ticks)
Parallel b&c, 24 threads:
  Real time             = 13277.10 sec. (747618.07 ticks)
  Sync time (average)   = 3818.27 sec.
  Wait time (average)   =    0.79 sec.
                          ------------
Total (root+branch&cut) = 14425.43 sec. (907721.62 ticks)
status  = time limit exceeded
time    = 14425.5 s.
problem = MILP
gap     = 1.56695%

Objective value: 702.0
[50, 100, 8, 6, 400, 241, 702, 712, 1.57, 14425.48]
number of spatial :  622
Heuristic Solution information :  [50, 100, 8, 6, 400, 229, 634, 12, 622]
