CPXPARAM_Read_DataCheck                          1
CPXPARAM_TimeLimit                               14400
Tried aggregator 2 times.
MIP Presolve eliminated 37352 rows and 339703 columns.
MIP Presolve modified 2126 coefficients.
Aggregator did 1112 substitutions.
Reduced MIP has 419221 rows, 96229 columns, and 1313755 nonzeros.
Reduced MIP has 88729 binaries, 0 generals, 0 SOSs, and 0 indicators.
Presolve time = 1.52 sec. (5835.29 ticks)
Probing time = 0.93 sec. (27.81 ticks)
Tried aggregator 1 time.
MIP Presolve eliminated 294000 rows and 6000 columns.
Reduced MIP has 125221 rows, 90229 columns, and 725755 nonzeros.
Reduced MIP has 88729 binaries, 0 generals, 0 SOSs, and 0 indicators.
Presolve time = 0.91 sec. (965.00 ticks)
Probing time = 0.83 sec. (22.39 ticks)
Clique table members: 48041.
MIP emphasis: balance optimality and feasibility.
MIP search method: dynamic search.
Parallel mode: deterministic, using up to 24 threads.
Root relaxation solution time = 10.39 sec. (4838.60 ticks)

        Nodes                                         Cuts/
   Node  Left     Objective  IInf  Best Integer    Best Bound    ItCnt     Gap

*     0+    0                          530.0000     1122.0000           111.70%
      0     0     1002.0000   992      530.0000     1002.0000    47707   89.06%
Exception raised in listener 'MipGapPrinter': 'int' object is not callable, id=1
*     0+    0                          762.0000     1002.0000            31.50%
Exception raised in listener 'MipGapPrinter': 'int' object is not callable, id=3
      0     0      966.0000  1007      762.0000     Cuts: 849    74425   26.77%
      0     0      962.0000  1354      762.0000     Cuts: 476    98621   26.25%
      0     0      962.0000  1200      762.0000     Cuts: 536   121020   26.25%
*     0+    0                          848.0000      962.0000            13.44%
*     0+    0                          856.0000      962.0000            12.38%
*     0+    0                          880.0000      962.0000             9.32%
*     0+    0                          884.0000      962.0000             8.82%
*     0+    0                          888.0000      962.0000             8.33%
*     0+    0                          890.0000      962.0000             8.09%
Exception raised in listener 'MipGapPrinter': 'int' object is not callable, id=9
      0     0      962.0000  1268      890.0000     Cuts: 508   141696    8.09%
*     0+    0                          916.0000      962.0000             5.02%
Exception raised in listener 'MipGapPrinter': 'int' object is not callable, id=12
      0     0      962.0000   919      916.0000      Cuts: 52   156626    5.02%
      0     0      962.0000  1106      916.0000     Cuts: 409   177093    5.02%
*     0+    0                          918.0000      962.0000             4.79%
*     0+    0                          920.0000      962.0000             4.57%
*     0+    0                          922.0000      962.0000             4.34%
Exception raised in listener 'MipGapPrinter': 'int' object is not callable, id=16
Heuristic still looking.
Heuristic still looking.
*     0+    0                          934.0000      962.0000             3.00%
*     0+    0                          936.0000      962.0000             2.78%
*     0+    0                          938.0000      962.0000             2.56%
*     0+    0                          940.0000      962.0000             2.34%
*     0+    0                          946.0000      962.0000             1.69%
Exception raised in listener 'MipGapPrinter': 'int' object is not callable, id=17
      0     2      962.0000   523      946.0000      962.0000   177093    1.69%
Elapsed time = 2851.62 sec. (300817.66 ticks, tree = 0.02 MB, solutions = 17)
      1     3      962.0000   527      946.0000      962.0000   179090    1.69%
      2     4      962.0000   472      946.0000      962.0000   179713    1.69%
      3     5      962.0000   538      946.0000      962.0000   180213    1.69%
      4     6      962.0000   568      946.0000      962.0000   180594    1.69%
      5     7      962.0000   593      946.0000      962.0000   180848    1.69%
      6     8      962.0000   571      946.0000      962.0000   181779    1.69%
      7     9      962.0000   595      946.0000      962.0000   182061    1.69%
      8    10      962.0000   567      946.0000      962.0000   182726    1.69%
     10    12      962.0000   528      946.0000      962.0000   183100    1.69%
     12     9      962.0000   565      946.0000      962.0000   182045    1.69%
Elapsed time = 2953.20 sec. (309506.39 ticks, tree = 0.02 MB, solutions = 17)
     17    16      962.0000   498      946.0000      962.0000   185670    1.69%
     27    12      962.0000   553      946.0000      962.0000   182967    1.69%
     48    34      962.0000   582      946.0000      962.0000   194771    1.69%
     72    55      962.0000   566      946.0000      962.0000   202368    1.69%
    102    66      962.0000   494      946.0000      962.0000   209462    1.69%
    137    71      962.0000   583      946.0000      962.0000   214109    1.69%
    168   118      962.0000   529      946.0000      962.0000   234747    1.69%
    210   134      962.0000   471      946.0000      962.0000   242669    1.69%
    262   195      962.0000   440      946.0000      962.0000   264401    1.69%
    335   269      962.0000   561      946.0000      962.0000   295499    1.69%
Elapsed time = 3099.18 sec. (319285.64 ticks, tree = 5.39 MB, solutions = 17)
    416   272      962.0000   623      946.0000      962.0000   297336    1.69%
    488   386      962.0000   491      946.0000      962.0000   348022    1.69%
    560   435      962.0000   535      946.0000      962.0000   367476    1.69%
    616   420      962.0000   502      946.0000      962.0000   362303    1.69%
    687   470      962.0000   493      946.0000      962.0000   383673    1.69%
    778   500      962.0000   450      946.0000      962.0000   395410    1.69%
    873   566      962.0000   442      946.0000      962.0000   431171    1.69%
    957   663      962.0000   408      946.0000      962.0000   482996    1.69%
   1061   756      962.0000   446      946.0000      962.0000   520726    1.69%
   1166   784      962.0000   504      946.0000      962.0000   534101    1.69%
Elapsed time = 3242.49 sec. (328914.83 ticks, tree = 16.50 MB, solutions = 17)
   1290   897      962.0000   490      946.0000      962.0000   565701    1.69%
   1408   839      962.0000   469      946.0000      962.0000   555237    1.69%
   1521  1166      962.0000   375      946.0000      962.0000   662052    1.69%
   1644  1226      962.0000   479      946.0000      962.0000   679423    1.69%
   1759  1287      962.0000   334      946.0000      962.0000   702704    1.69%
   1862  1328    infeasible            946.0000      962.0000   714650    1.69%
   1950  1472      962.0000   380      946.0000      962.0000   754944    1.69%
   2009  1529      962.0000   360      946.0000      962.0000   770588    1.69%
   2055  1608      962.0000   402      946.0000      962.0000   789488    1.69%
   2099  1639      962.0000   383      946.0000      962.0000   801881    1.69%
Elapsed time = 3393.98 sec. (338550.64 ticks, tree = 46.28 MB, solutions = 17)
   2151  1675      962.0000   451      946.0000      962.0000   812009    1.69%
   2237  1761      962.0000   363      946.0000      962.0000   838598    1.69%
   2335  1789      962.0000   233      946.0000      962.0000   848540    1.69%
   2430  1820      962.0000   372      946.0000      962.0000   859777    1.69%
   2523  1830      962.0000   387      946.0000      962.0000   861227    1.69%
   2639  2028      962.0000   488      946.0000      962.0000   927136    1.69%
   2775  2093    infeasible            946.0000      962.0000   950925    1.69%
   2896  2118      962.0000   390      946.0000      962.0000   959523    1.69%
   3029  2038      962.0000   459      946.0000      962.0000   930828    1.69%
   3177  2178      962.0000   319      946.0000      962.0000   973373    1.69%
Elapsed time = 3523.40 sec. (348132.09 ticks, tree = 65.71 MB, solutions = 17)
   3335  2284      962.0000   401      946.0000      962.0000  1019457    1.69%
   3504  2530      962.0000   505      946.0000      962.0000  1101317    1.69%
   3672  2776      962.0000   262      946.0000      962.0000  1188200    1.69%
   3797  2756      962.0000   390      946.0000      962.0000  1184041    1.69%
   3935  2851      962.0000   274      946.0000      962.0000  1215988    1.69%
   4079  2792      962.0000   259      946.0000      962.0000  1198058    1.69%
   4252  3342      962.0000   311      946.0000      962.0000  1383246    1.69%
   4418  3143      962.0000   343      946.0000      962.0000  1309461    1.69%
   4583  3340      962.0000   255      946.0000      962.0000  1382325    1.69%
   4737  3671      962.0000   303      946.0000      962.0000  1501211    1.69%
Elapsed time = 3644.29 sec. (357704.82 ticks, tree = 127.10 MB, solutions = 17)
   4893  3821      962.0000   317      946.0000      962.0000  1547405    1.69%
   5053  3684      962.0000   281      946.0000      962.0000  1504501    1.69%
   5194  3908      962.0000   248      946.0000      962.0000  1593084    1.69%
   5301  3934      962.0000   269      946.0000      962.0000  1602201    1.69%
   5420  4183    infeasible            946.0000      962.0000  1686533    1.69%
   5546  4208      962.0000   200      946.0000      962.0000  1695328    1.69%
   5690  4393      962.0000   235      946.0000      962.0000  1781490    1.69%
*  5722+ 3964                          948.0000      962.0000             1.48%
   5842  4642      962.0000   225      948.0000      962.0000  1887097    1.48%
   5983  4729      962.0000   245      948.0000      962.0000  1941059    1.48%
   6110  4469      962.0000   250      948.0000      962.0000  1803446    1.48%
Elapsed time = 3796.46 sec. (367284.30 ticks, tree = 165.31 MB, solutions = 18)
   6230  4874      962.0000   334      948.0000      962.0000  1994947    1.48%
Exception raised in listener 'MipGapPrinter': 'int' object is not callable, id=52
   6370  4926    infeasible            948.0000      962.0000  2047582    1.48%
   6509  5106      962.0000   217      948.0000      962.0000  2117789    1.48%
   6651  5246      962.0000   325      948.0000      962.0000  2178411    1.48%
*  6659+ 3964                          950.0000      962.0000             1.26%
   6761  5198      962.0000   254      950.0000      962.0000  2161767    1.26%
   6816  5204      962.0000   265      950.0000      962.0000  2165118    1.26%
   6876  5237      962.0000   221      950.0000      962.0000  2183239    1.26%
   6926  5337      962.0000   281      950.0000      962.0000  2239198    1.26%

GUB cover cuts applied:  85
Clique cuts applied:  3
Cover cuts applied:  11
Implied bound cuts applied:  41
Flow cuts applied:  2
Mixed integer rounding cuts applied:  13
Zero-half cuts applied:  17
Gomory fractional cuts applied:  4

Root node processing (before b&c):
  Real time             = 2842.13 sec. (300703.66 ticks)
Parallel b&c, 24 threads:
  Real time             = 11562.91 sec. (621359.55 ticks)
  Sync time (average)   =  338.80 sec.
  Wait time (average)   =    0.00 sec.
                          ------------
Total (root+branch&cut) = 14405.04 sec. (922063.22 ticks)
status  = time limit exceeded
time    = 14406 s.
problem = MILP
gap     = 1.26316%

Objective value: 950.0
[50, 150, 8, 6, 400, 316, 950, 961, 1.26, 14405.98]
number of spatial :  828
Heuristic Solution information :  [50, 150, 8, 6, 400, 294, 840, 12, 828]
