CPXPARAM_Read_DataCheck                          1
CPXPARAM_TimeLimit                               14400
Tried aggregator 2 times.
MIP Presolve eliminated 49431 rows and 169802 columns.
MIP Presolve modified 2566 coefficients.
Aggregator did 1112 substitutions.
Reduced MIP has 313420 rows, 121130 columns, and 1246587 nonzeros.
Reduced MIP has 116130 binaries, 0 generals, 0 SOSs, and 0 indicators.
Presolve time = 1.17 sec. (4355.57 ticks)
Probing time = 0.46 sec. (30.67 ticks)
Tried aggregator 1 time.
MIP Presolve eliminated 147000 rows and 3000 columns.
Reduced MIP has 166420 rows, 118130 columns, and 952587 nonzeros.
Reduced MIP has 116130 binaries, 0 generals, 0 SOSs, and 0 indicators.
Presolve time = 0.88 sec. (1166.87 ticks)
Probing time = 0.41 sec. (29.99 ticks)
Clique table members: 62979.
MIP emphasis: balance optimality and feasibility.
MIP search method: dynamic search.
Parallel mode: deterministic, using up to 24 threads.
Root relaxation solution time = 11.50 sec. (6415.89 ticks)

        Nodes                                         Cuts/
   Node  Left     Objective  IInf  Best Integer    Best Bound    ItCnt     Gap

*     0+    0                          317.0000     1122.0000           253.94%
      0     0      885.2222  1295      317.0000      885.2222    58535  179.25%
Exception raised in listener 'MipGapPrinter': 'int' object is not callable, id=1
*     0+    0                          538.0000      885.2222            64.54%
Exception raised in listener 'MipGapPrinter': 'int' object is not callable, id=3
      0     0      835.2222  1231      538.0000    Cuts: 1057    93328   55.25%
      0     0      828.8974  1428      538.0000     Cuts: 646   122730   54.07%
      0     0      827.7692  1504      538.0000     Cuts: 880   156568   53.86%
*     0+    0                          679.0000      827.7692            21.91%
*     0+    0                          701.0000      827.7692            18.08%
*     0+    0                          732.0000      827.7692            13.08%
*     0+    0                          741.0000      827.7692            11.71%
Exception raised in listener 'MipGapPrinter': 'int' object is not callable, id=9
      0     0      822.5833  1534      741.0000    Cuts: 1000   192279   11.01%
*     0+    0                          749.0000      822.5833             9.82%
Exception raised in listener 'MipGapPrinter': 'int' object is not callable, id=12
      0     0      817.2179  1662      749.0000     Cuts: 797   228800    9.11%
      0     0      813.0000  1648      749.0000     Cuts: 829   264938    8.54%
*     0+    0                          762.0000      813.0000             6.69%
Exception raised in listener 'MipGapPrinter': 'int' object is not callable, id=16
*     0+    0                          764.0000      813.0000             6.41%
Exception raised in listener 'MipGapPrinter': 'int' object is not callable, id=17
      0     0      811.0000  1666      764.0000     Cuts: 689   299776    6.15%
      0     0      811.0000  1778      764.0000     Cuts: 685   336107    6.15%
*     0+    0                          767.0000      811.0000             5.74%
Exception raised in listener 'MipGapPrinter': 'int' object is not callable, id=21
      0     0      811.0000  1052      767.0000      Cuts: 67   357768    5.74%
      0     0      811.0000  1224      767.0000     Cuts: 451   389020    5.74%
Heuristic still looking.
*     0+    0                          772.0000      811.0000             5.05%
*     0+    0                          783.0000      811.0000             3.58%
Exception raised in listener 'MipGapPrinter': 'int' object is not callable, id=25
      0     2      811.0000   510      783.0000      811.0000   389020    3.58%
Elapsed time = 5064.41 sec. (1029235.72 ticks, tree = 0.02 MB, solutions = 12)
      1     3      811.0000   664      783.0000      811.0000   391616    3.58%
      2     4      811.0000   679      783.0000      811.0000   392708    3.58%
      3     3    infeasible            783.0000      811.0000   392857    3.58%
      4     3      811.0000   646      783.0000      811.0000   390273    3.58%
      5     4      811.0000   629      783.0000      811.0000   392137    3.58%
      7     4    infeasible            783.0000      811.0000   394920    3.58%
      9     7      811.0000   630      783.0000      811.0000   397032    3.58%
     11     8      811.0000   687      783.0000      811.0000   401908    3.58%
     13    10      811.0000   719      783.0000      811.0000   404121    3.58%
     19    16      811.0000   764      783.0000      811.0000   407702    3.58%
Elapsed time = 5229.41 sec. (1052772.17 ticks, tree = 0.07 MB, solutions = 12)
     25    21    infeasible            783.0000      811.0000   410821    3.58%
     26     8      811.0000   699      783.0000      811.0000   401487    3.58%
     30    25      811.0000   711      783.0000      811.0000   413076    3.58%
     38    32      811.0000   602      783.0000      811.0000   419453    3.58%
     50    32      811.0000   756      783.0000      811.0000   421499    3.58%
*    51+   20                          784.0000      811.0000             3.44%
     61    35      811.0000   727      784.0000      811.0000   424060    3.44%
     77    10      811.0000   737      784.0000      811.0000   404114    3.44%
     98    63      811.0000   740      784.0000      811.0000   437564    3.44%
    115    69      811.0000   689      784.0000      811.0000   438723    3.44%
    134    82      811.0000   631      784.0000      811.0000   446487    3.44%
Elapsed time = 5581.16 sec. (1072655.53 ticks, tree = 2.36 MB, solutions = 12)
    152   116      811.0000   738      784.0000      811.0000   467672    3.44%
    169   115      811.0000   578      784.0000      811.0000   462754    3.44%
    183   137    infeasible            784.0000      811.0000   484728    3.44%
    206   162      811.0000   665      784.0000      811.0000   496714    3.44%
    226   180      811.0000   612      784.0000      811.0000   508256    3.44%
    247   198      811.0000   616      784.0000      811.0000   514504    3.44%
    261   228      811.0000   606      784.0000      811.0000   527914    3.44%
    278   243      811.0000   558      784.0000      811.0000   533682    3.44%
    295   252      811.0000   601      784.0000      811.0000   539320    3.44%
    309   262      811.0000   531      784.0000      811.0000   542894    3.44%
Elapsed time = 5745.55 sec. (1082805.73 ticks, tree = 9.85 MB, solutions = 12)
    326   268      811.0000   518      784.0000      811.0000   544563    3.44%
    351   273      811.0000   503      784.0000      811.0000   546716    3.44%
    384   287      811.0000   714      784.0000      811.0000   555402    3.44%
    414   300      811.0000   510      784.0000      811.0000   559905    3.44%
    447   318      811.0000   606      784.0000      811.0000   568956    3.44%
*   474+   22                          788.0000      811.0000             2.92%
    478   345      811.0000   583      788.0000      811.0000   582706    2.92%
    513   370      811.0000   544      788.0000      811.0000   594877    2.92%
    542   399      811.0000   677      788.0000      811.0000   611213    2.92%
    573   456      811.0000   690      788.0000      811.0000   641943    2.92%
    612   474    infeasible            788.0000      811.0000   651226    2.92%
Elapsed time = 5902.36 sec. (1092814.25 ticks, tree = 15.28 MB, solutions = 13)
    645   490      811.0000   648      788.0000      811.0000   660015    2.92%
    675   522      811.0000   692      788.0000      811.0000   675306    2.92%
    703   515      811.0000   517      788.0000      811.0000   673745    2.92%
    728   505      811.0000   664      788.0000      811.0000   669224    2.92%
    756   537      811.0000   613      788.0000      811.0000   679022    2.92%
*   761+   22                          789.0000      811.0000             2.79%
    797   571      811.0000   503      789.0000      811.0000   693926    2.79%
    828   577      811.0000   547      789.0000      811.0000   701512    2.79%
    869   597      811.0000   718      789.0000      811.0000   709276    2.79%
    907   707      811.0000   705      789.0000      811.0000   755295    2.79%
    948   667      811.0000   511      789.0000      811.0000   736069    2.79%
Elapsed time = 6068.61 sec. (1102660.77 ticks, tree = 20.68 MB, solutions = 15)
    985   672      811.0000   551      789.0000      811.0000   737788    2.79%
   1027   770      811.0000   573      789.0000      811.0000   788890    2.79%
   1076   497      811.0000   672      789.0000      811.0000   664459    2.79%
   1128   813      811.0000   583      789.0000      811.0000   811749    2.79%
   1185   823      811.0000   732      789.0000      811.0000   818707    2.79%
   1242   907      811.0000   648      789.0000      811.0000   864528    2.79%
   1297  1021    infeasible            789.0000      811.0000   914804    2.79%
   1355  1001      811.0000   574      789.0000      811.0000   908144    2.79%
   1415   967      811.0000   506      789.0000      811.0000   894024    2.79%
   1480  1122    infeasible            789.0000      811.0000   971302    2.79%
Elapsed time = 6235.38 sec. (1112275.39 ticks, tree = 40.45 MB, solutions = 18)
   1549  1025      811.0000   710      789.0000      811.0000   920055    2.79%
   1617  1074      811.0000   744      789.0000      811.0000   940058    2.79%
   1698  1165      811.0000   577      789.0000      811.0000   995966    2.79%
   1766  1370      811.0000   573      789.0000      811.0000  1104226    2.79%
   1847  1243      811.0000   454      789.0000      811.0000  1039069    2.79%
*  1885+ 1421                          790.0000      811.0000             2.66%
   1916  1248      811.0000   479      790.0000      811.0000  1041456    2.66%
   1986  1500      811.0000   519      790.0000      811.0000  1186618    2.66%
   2056  1467      811.0000   517      790.0000      811.0000  1170767    2.66%
   2140  1384      811.0000   585      790.0000      811.0000  1113391    2.66%
   2220  1671      811.0000   681      790.0000      811.0000  1272843    2.66%
Elapsed time = 6421.52 sec. (1121925.00 ticks, tree = 64.64 MB, solutions = 19)
   2295  1675      811.0000   587      790.0000      811.0000  1274879    2.66%
   2376  1769    infeasible            790.0000      811.0000  1335477    2.66%
   2453  1806      811.0000   555      790.0000      811.0000  1359353    2.66%
   2531  1624      811.0000   555      790.0000      811.0000  1250779    2.66%
Exception raised in listener 'MipGapPrinter': 'int' object is not callable, id=35
   2613  2010    infeasible            790.0000      811.0000  1483675    2.66%
   2685  1876      811.0000   527      790.0000      811.0000  1401225    2.66%
   2766  2082      811.0000   599      790.0000      811.0000  1525495    2.66%
   2852  2186      811.0000   563      790.0000      811.0000  1582976    2.66%
   2938  2248      811.0000   546      790.0000      811.0000  1618496    2.66%
   3019  2332      811.0000   462      790.0000      811.0000  1672741    2.66%
Elapsed time = 6616.08 sec. (1131588.52 ticks, tree = 96.23 MB, solutions = 19)
   3101  2194      811.0000   581      790.0000      811.0000  1591757    2.66%
   3173  2417      811.0000   589      790.0000      811.0000  1725248    2.66%
   3246  2341      811.0000   458      790.0000      811.0000  1680682    2.66%
   3321  2520      811.0000   631      790.0000      811.0000  1808271    2.66%
   3399  2408      811.0000   532      790.0000      811.0000  1717158    2.66%
   3469  2528      811.0000   584      790.0000      811.0000  1810244    2.66%
   3546  2530      811.0000   553      790.0000      811.0000  1811691    2.66%
   3619  2727      811.0000   429      790.0000      811.0000  2006968    2.66%
   3692  2899      811.0000   428      790.0000      811.0000  2095141    2.66%
   3761  2579      811.0000   471      790.0000      811.0000  1856271    2.66%
Elapsed time = 6823.00 sec. (1141302.85 ticks, tree = 109.38 MB, solutions = 19)
   3834  2828      811.0000   568      790.0000      811.0000  2059097    2.66%
   3904  2785      811.0000   528      790.0000      811.0000  2036099    2.66%
   3980  2755      811.0000   407      790.0000      811.0000  2016903    2.66%
   4058  2995      811.0000   435      790.0000      811.0000  2164323    2.66%
   4135  2948      811.0000   478      790.0000      811.0000  2133977    2.66%
   4209  3254    infeasible            790.0000      811.0000  2340077    2.66%
   4291  3149      811.0000   606      790.0000      811.0000  2263501    2.66%
   4370  3299      811.0000   665      790.0000      811.0000  2365726    2.66%
   4460  3266      811.0000   405      790.0000      811.0000  2349796    2.66%
   4808  3390      811.0000   531      790.0000      811.0000  2426531    2.66%
Elapsed time = 7075.18 sec. (1153844.35 ticks, tree = 153.01 MB, solutions = 19)
   5080  3594      811.0000   589      790.0000      811.0000  2561362    2.66%
   5291  4021    infeasible            790.0000      811.0000  2886098    2.66%
   5552  3966    infeasible            790.0000      811.0000  2835468    2.66%
   5860  4151      811.0000   699      790.0000      811.0000  2953231    2.66%
   6123  4348      811.0000   603      790.0000      811.0000  3101670    2.66%
   6165  3969      811.0000   688      790.0000      811.0000  2834481    2.66%
   6168  4099      811.0000   617      790.0000      811.0000  2922861    2.66%

GUB cover cuts applied:  382
Clique cuts applied:  14
Cover cuts applied:  78
Implied bound cuts applied:  3535
Flow cuts applied:  59
Mixed integer rounding cuts applied:  656
Zero-half cuts applied:  382
Lift and project cuts applied:  35
Gomory fractional cuts applied:  106

Root node processing (before b&c):
  Real time             = 5055.44 sec. (1029042.93 ticks)
Parallel b&c, 24 threads:
  Real time             = 9345.47 sec. (659186.76 ticks)
  Sync time (average)   =  593.95 sec.
  Wait time (average)   =    0.00 sec.
                          ------------
Total (root+branch&cut) = 14400.91 sec. (1688229.69 ticks)
status  = time limit exceeded
time    = 14402.7 s.
problem = MILP
gap     = 2.65823%

Objective value: 790.0
[50, 100, 8, 6, 400, 267, 790, 810, 2.66, 14402.7]
number of spatial :  699
Heuristic Solution information :  [50, 100, 8, 6, 400, 251, 711, 12, 699]
