CPXPARAM_Read_DataCheck                          1
CPXPARAM_TimeLimit                               14400
Tried aggregator 2 times.
MIP Presolve eliminated 12597 rows and 113228 columns.
MIP Presolve modified 1046 coefficients.
Aggregator did 1112 substitutions.
Reduced MIP has 140612 rows, 32704 columns, and 438693 nonzeros.
Reduced MIP has 30204 binaries, 0 generals, 0 SOSs, and 0 indicators.
Presolve time = 0.36 sec. (1961.62 ticks)
Probing time = 0.19 sec. (8.64 ticks)
Tried aggregator 1 time.
MIP Presolve eliminated 98000 rows and 2000 columns.
Reduced MIP has 42612 rows, 30704 columns, and 242693 nonzeros.
Reduced MIP has 30204 binaries, 0 generals, 0 SOSs, and 0 indicators.
Presolve time = 0.17 sec. (331.34 ticks)
Probing time = 0.17 sec. (6.70 ticks)
Clique table members: 16375.
MIP emphasis: balance optimality and feasibility.
MIP search method: dynamic search.
Parallel mode: deterministic, using up to 24 threads.
Root relaxation solution time = 1.04 sec. (1190.51 ticks)

        Nodes                                         Cuts/
   Node  Left     Objective  IInf  Best Integer    Best Bound    ItCnt     Gap

*     0+    0                          189.0000     1122.0000           493.65%
      0     0      487.4667   624      189.0000      487.4667    22319  157.92%
Exception raised in listener 'MipGapPrinter': 'int' object is not callable, id=1
*     0+    0                          308.0000      487.4667            58.27%
Exception raised in listener 'MipGapPrinter': 'int' object is not callable, id=3
      0     0      428.0000   753      308.0000     Cuts: 705    29912   38.96%
      0     0      377.2083   327      308.0000     Cuts: 808    38655   22.47%
      0     0      375.7500   459      308.0000     Cuts: 211    44466   22.00%
*     0+    0                          340.0000      375.7500            10.51%
Exception raised in listener 'MipGapPrinter': 'int' object is not callable, id=9
      0     0      375.6250   476      340.0000     Cuts: 201    50531   10.48%
      0     0      375.6250   536      340.0000     Cuts: 120    56071   10.48%
      0     0      375.6250   392      340.0000      Cuts: 22    61780   10.48%
*     0+    0                          365.0000      375.6250             2.91%
*     0+    0                          367.0000      375.6250             2.35%
*     0+    0                          370.0000      375.6250             1.52%
Exception raised in listener 'MipGapPrinter': 'int' object is not callable, id=16
      0     0      375.6250   462      370.0000     Cuts: 132    67193    1.52%
      0     2      375.6250   163      370.0000      375.6250    67193    1.52%
Elapsed time = 54.72 sec. (47306.32 ticks, tree = 0.02 MB, solutions = 6)
      1     3      375.6250   272      370.0000      375.6250    71857    1.52%
      2     4      375.6250   260      370.0000      375.6250    76355    1.52%
      4     3      375.6250   350      370.0000      375.6250    72447    1.52%
      5     4      375.6250   285      370.0000      375.6250    75351    1.52%
      6     6      375.6250   334      370.0000      375.6250    89804    1.52%
      9     5      375.6250   293      370.0000      375.6250    87861    1.52%
     11     9      375.6250   323      370.0000      375.6250   101712    1.52%
     13    11      375.6250   304      370.0000      375.6250   103262    1.52%
     14    12      375.6250   299      370.0000      375.6250   103648    1.52%
     22    18      375.6250   232      370.0000      375.6250   118013    1.52%
Elapsed time = 83.12 sec. (56288.26 ticks, tree = 0.03 MB, solutions = 6)
     36    29    infeasible            370.0000      375.6250   132789    1.52%
     61    35    infeasible            370.0000      375.6250   142085    1.52%
    122    24      375.6250   220      370.0000      375.6250   125876    1.52%
    254    73    infeasible            370.0000      375.6250   201009    1.52%
    403   179      375.6250   193      370.0000      375.6250   364955    1.52%
    508   251      375.6250   189      370.0000      375.6250   466581    1.52%
    603   336      375.6250   187      370.0000      375.6250   596302    1.52%
    734   391      375.6250   166      370.0000      375.6250   697883    1.52%
    840   535    infeasible            370.0000      375.6250   915985    1.52%
    993   604      375.5625   203      370.0000      375.6250  1041271    1.52%
Elapsed time = 160.57 sec. (65898.88 ticks, tree = 9.28 MB, solutions = 6)
   1127   663    infeasible            370.0000      375.6250  1164191    1.52%
   1249   740      375.5833   264      370.0000      375.6250  1323218    1.52%
   1364   842      375.5625   159      370.0000      375.6250  1599326    1.52%
   1483   852      375.6250   115      370.0000      375.6250  1638760    1.52%
   1579  1050      375.5781   177      370.0000      375.6250  2176937    1.52%
   1658  1080      375.6043   158      370.0000      375.6250  2298822    1.52%
   1740  1107      375.5036   236      370.0000      375.6250  2369037    1.52%
   1820  1179      375.5041   178      370.0000      375.6250  2661478    1.52%
   1906  1201    infeasible            370.0000      375.6250  2724873    1.52%
   2014  1203    infeasible            370.0000      375.6250  2734959    1.52%
Elapsed time = 228.39 sec. (75544.39 ticks, tree = 14.64 MB, solutions = 6)
   2096  1384    infeasible            370.0000      375.6250  3233382    1.52%
   2184  1276      375.3578   211      370.0000      375.6250  2934943    1.52%
   2277  1460      375.4518   229      370.0000      375.6250  3448499    1.52%
   2351  1497      374.4700   170      370.0000      375.6250  3492575    1.52%
   2433  1499    infeasible            370.0000      375.6250  3499059    1.52%
   2521  1645      374.2000   149      370.0000      375.6250  3862859    1.52%
   2636  1635      375.1482   165      370.0000      375.6250  3840596    1.52%
   2731  1662      372.5214   132      370.0000      375.6250  3887162    1.52%
   2812  1774      374.7862   156      370.0000      375.6250  4130005    1.52%
   2904  1777      374.4300   161      370.0000      375.6250  4139082    1.52%
Elapsed time = 309.94 sec. (85197.59 ticks, tree = 23.24 MB, solutions = 6)
   3008  1953    infeasible            370.0000      375.6250  4587763    1.52%
   3129  1948      373.7800   179      370.0000      375.6250  4560066    1.52%
   3259  2014      375.6250   161      370.0000      375.6250  4833052    1.52%
   3362  2023    infeasible            370.0000      375.6250  4848789    1.52%
   3466  2076      375.1140   148      370.0000      375.6250  5004138    1.52%
   3565  2003      375.6250   161      370.0000      375.6250  4766198    1.52%
   3701  2342      373.0493   116      370.0000      375.6250  5224459    1.52%
   3830  2252      375.6184   186      370.0000      375.6250  5165656    1.52%
   3933  2457      373.2241   168      370.0000      375.6250  5303235    1.52%
   4051  2428      375.4722   121      370.0000      375.6250  5300202    1.52%
Elapsed time = 387.88 sec. (94815.10 ticks, tree = 33.50 MB, solutions = 6)
   4162  2449      371.0220   109      370.0000      375.6250  5280193    1.52%
   4301  2521      372.2167    93      370.0000      375.6250  5336580    1.52%
   4413  2703      375.6106   248      370.0000      375.6250  5458248    1.52%
   4498  2813      375.5860   203      370.0000      375.6250  5536969    1.52%
   4638  2982      374.5571   199      370.0000      375.6250  5627778    1.52%
   4766  2947      372.4417   117      370.0000      375.6250  5592769    1.52%
   4894  2971      374.0556   139      370.0000      375.6250  5607399    1.52%
   5017  3206        cutoff            370.0000      375.6250  5736120    1.52%
   5184  3103      375.2660   136      370.0000      375.6250  5690674    1.52%
   5298  3389      375.5069   225      370.0000      375.6250  5838854    1.52%
Elapsed time = 452.99 sec. (104414.91 ticks, tree = 49.27 MB, solutions = 6)
   5372  3332    infeasible            370.0000      375.6250  5798648    1.52%
   5469  3363      375.1125   141      370.0000      375.6250  5822447    1.52%
   5550  3434      375.4000   216      370.0000      375.6250  5860242    1.52%
   5661  3665      374.2667   103      370.0000      375.6250  5959030    1.52%
   5771  3727      375.1000   114      370.0000      375.6250  6022122    1.52%
   5927  3785      371.4167    64      370.0000      375.6250  6038362    1.52%
   6064  3951      375.4427   213      370.0000      375.6250  6116447    1.52%
   6184  3928      374.8439   220      370.0000      375.6250  6098014    1.52%
   6282  3969      375.4500   142      370.0000      375.6250  6154423    1.52%
   6406  4371      371.8417    62      370.0000      375.6250  6293942    1.52%
Elapsed time = 515.13 sec. (114007.44 ticks, tree = 64.56 MB, solutions = 6)
   6526  4145      374.7875   263      370.0000      375.6250  6227693    1.52%
   6642  4592      371.7917   160      370.0000      375.6250  6394892    1.52%
   6739  4475      375.0875   110      370.0000      375.6250  6361762    1.52%
   6820  4581      375.5030   233      370.0000      375.6250  6389669    1.52%
   6935  4682      372.4167   111      370.0000      375.6250  6431824    1.52%
   7081  4793      373.1500   126      370.0000      375.6250  6478015    1.52%
   7191  4809      372.2463   108      370.0000      375.6250  6480742    1.52%
   7274  5174        cutoff            370.0000      375.6250  6651167    1.52%
*  7289+ 5120                          371.0000      375.6250             1.25%
   7328  5197      372.2500    83      371.0000      375.6250  6664193    1.25%
Exception raised in listener 'MipGapPrinter': 'int' object is not callable, id=53
*  7366+ 5121                          372.0000      375.6250             0.97%
   7441  5250      374.4535   193      372.0000      375.6250  6675779    0.97%
Elapsed time = 584.84 sec. (123688.26 ticks, tree = 81.18 MB, solutions = 8)
   7501  4995      375.5997   245      372.0000      375.6250  6722459    0.97%
*  7566+ 5035                          373.0000      375.6250             0.70%
   7578  4953      374.7478   300      373.0000      375.6250  6701525    0.70%
   7652  4632      375.5444   166      373.0000      375.6250  6776054    0.70%
   7696  4653      375.4167   215      373.0000      375.6250  6785160    0.70%
   7740  4762      375.2838   230      373.0000      375.6250  6808214    0.70%
   7747  4736      375.5000   215      373.0000      375.6250  6808908    0.70%
Exception raised in listener 'MipGapPrinter': 'int' object is not callable, id=54
   7748  4391      375.5000   201      373.0000      375.5000  7021744    0.67%
   7749  4392      375.5000   304      373.0000      375.5000  7027695    0.67%
   7750  4393      375.5000   388      373.0000      375.5000  7033133    0.67%
   7751  4393      375.5000   425      373.0000      375.5000  7037972    0.67%
Elapsed time = 1011.85 sec. (238687.56 ticks, tree = 83.15 MB, solutions = 9)
   7752  4392      375.5000   411      373.0000      375.5000  7042095    0.67%
   7753  4392      375.5000   314      373.0000      375.5000  7027810    0.67%
   7755  4394      375.5000   377      373.0000      375.5000  7042927    0.67%
   7757  4395      375.5000   385      373.0000      375.5000  7043866    0.67%
   7758  4395      375.5000   326      373.0000      375.5000  7044762    0.67%
   7760  2197      375.5000   349      373.0000      375.5000  7039252    0.67%
   7763  2033      375.5000   343      373.0000      375.5000  7051158    0.67%
   7769   432      375.5000   259      373.0000      375.5000  7062433    0.67%
   7774   302      375.5000   292      373.0000      375.5000  7068618    0.67%
   7811    35      375.5000   296      373.0000      375.5000  7097150    0.67%
Elapsed time = 1182.49 sec. (257684.39 ticks, tree = 1.07 MB, solutions = 9)
   7866    71      375.5000   290      373.0000      375.5000  7163329    0.67%
   7994   110      375.5000   336      373.0000      375.5000  7239131    0.67%
   8173   219      375.5000   309      373.0000      375.5000  7592070    0.67%
   8330   265      375.5000   224      373.0000      375.5000  7810277    0.67%
   8454   400      375.5000   223      373.0000      375.5000  8115376    0.67%
   8684   458      375.5000   303      373.0000      375.5000  8342812    0.67%
   8905   557      375.5000   234      373.0000      375.5000  8653084    0.67%
   9127   564      375.5000   253      373.0000      375.5000  8684934    0.67%
   9332   700    infeasible            373.0000      375.5000  9217066    0.67%
   9525   816      375.5000   263      373.0000      375.5000  9646914    0.67%
Elapsed time = 1810.16 sec. (296178.74 ticks, tree = 138.12 MB, solutions = 9)
   9701   881      374.8125   181      373.0000      375.5000  9901582    0.67%
   9860   935      375.5000   242      373.0000      375.5000 10077604    0.67%
   9985  1070      375.5000   255      373.0000      375.5000 10603248    0.67%
  10131  1080      375.4582   270      373.0000      375.5000 10650766    0.67%
  10276  1147      374.9906   263      373.0000      375.5000 10815488    0.67%
  10468  1271      375.5000   280      373.0000      375.5000 11194294    0.67%
  10625  1343      374.1303   216      373.0000      375.5000 11480737    0.67%
  10776  1533      374.5469   200      373.0000      375.5000 12164327    0.67%
  10982  1486      374.3274   181      373.0000      375.5000 11970923    0.67%
  11176  1784      374.3669   234      373.0000      375.5000 12987743    0.67%
Elapsed time = 2191.28 sec. (334718.30 ticks, tree = 216.20 MB, solutions = 9)
  11401  1946      374.0625   176      373.0000      375.5000 13508351    0.67%
  11567  2056      375.4375   191      373.0000      375.5000 13773459    0.67%
  11727  2136      374.8037   240      373.0000      375.5000 14028613    0.67%
  11881  2141      374.3679   212      373.0000      375.5000 14051786    0.67%
  12038  2308      375.4545   146      373.0000      375.5000 14763248    0.67%
  12197  2491      375.4286   161      373.0000      375.5000 15470298    0.67%
  12375  2651      375.5000   217      373.0000      375.5000 15970368    0.67%
  12527  2700      375.5000   251      373.0000      375.5000 16042043    0.67%
  12647  2868      375.3520   283      373.0000      375.5000 16401656    0.67%
  12822  3017      375.2411   158      373.0000      375.5000 16620862    0.67%
Elapsed time = 2514.41 sec. (373250.24 ticks, tree = 267.08 MB, solutions = 9)
  13018  3023      375.3594   147      373.0000      375.5000 16630452    0.67%
  13205  3279      374.2227   183      373.0000      375.5000 17103727    0.67%
  13383  3196      375.5000   137      373.0000      375.5000 17001810    0.67%
  13567  3516      375.1250   196      373.0000      375.5000 17993383    0.67%
  13813  3495      375.2486   256      373.0000      375.5000 17902386    0.67%
  14013  3819      374.0306   124      373.0000      375.5000 18656764    0.67%
  14156  3948      374.2500   142      373.0000      375.5000 18815370    0.67%
  14300  4013      374.1771   174      373.0000      375.5000 18865074    0.67%
  14446  4231      374.6417   167      373.0000      375.5000 19090339    0.67%
  14602  4254      374.0417   197      373.0000      375.5000 19137604    0.67%
Elapsed time = 2810.77 sec. (411628.41 ticks, tree = 297.57 MB, solutions = 9)
  14721  4257      374.0417   213      373.0000      375.5000 19146704    0.67%
  14817  4490      375.5000   129      373.0000      375.5000 19467859    0.67%
  14927  4535      375.3594   126      373.0000      375.5000 19519873    0.67%
  15099  4680      375.4667   143      373.0000      375.5000 19721129    0.67%
  15273  4899      375.1771   165      373.0000      375.5000 20066210    0.67%
  15461  4887      375.4931   161      373.0000      375.5000 20046358    0.67%
  15779  5022      374.4896   190      373.0000      375.5000 20197310    0.67%
  15982  5367      375.5000   197      373.0000      375.5000 20671163    0.67%
  16204  5361      375.5000   219      373.0000      375.5000 20643258    0.67%
  16334  5579      375.4827   274      373.0000      375.5000 20921403    0.67%
Elapsed time = 3193.22 sec. (449935.39 ticks, tree = 396.01 MB, solutions = 9)
  16524  5726      374.1250   110      373.0000      375.5000 21088956    0.67%
  16626  5661      375.3750   255      373.0000      375.5000 21048219    0.67%
  16801  6062      375.5000   250      373.0000      375.5000 21416877    0.67%
  16972  6046      374.2917   102      373.0000      375.5000 21376516    0.67%
  17130  5721      375.4500   215      373.0000      375.5000 21094611    0.67%
  17290  6320      375.3750   235      373.0000      375.5000 21678844    0.67%
  17469  6501        cutoff            373.0000      375.5000 21759721    0.67%
  17701  6542      375.5000   183      373.0000      375.5000 21821345    0.67%
  17912  6918      375.0622   277      373.0000      375.5000 22116491    0.67%
  18101  6799      374.3750   202      373.0000      375.5000 22033015    0.67%
Elapsed time = 3689.85 sec. (488313.47 ticks, tree = 802.28 MB, solutions = 9)
  18224  6855      375.5000   260      373.0000      375.5000 22096658    0.67%
  18361  7222      375.3765   223      373.0000      375.5000 22363674    0.67%
  18451  7289      375.2229   212      373.0000      375.5000 22446457    0.67%
  18551  7512    infeasible            373.0000      375.5000 22689250    0.67%
  18650  7558      375.3434   274      373.0000      375.5000 22747515    0.67%
  18767  7544      375.4849   277      373.0000      375.5000 22742203    0.67%
  18900  7608      375.2500   261      373.0000      375.5000 22847563    0.67%
  19049  7850      375.3653   216      373.0000      375.5000 23131766    0.67%
  19234  7974      375.5000   273      373.0000      375.5000 23261644    0.67%
  19397  7975      374.3204   228      373.0000      375.5000 23202602    0.67%
Elapsed time = 4279.45 sec. (526670.93 ticks, tree = 1036.81 MB, solutions = 9)
  19617  8264        cutoff            373.0000      375.5000 23527659    0.67%
  19818  8376      374.4445   150      373.0000      375.5000 23610315    0.67%
  19965  8549      374.8595   260      373.0000      375.5000 23686470    0.67%
  20124  8387      374.0090   153      373.0000      375.5000 23611127    0.67%
  20293  8710      375.4946   226      373.0000      375.5000 23933667    0.67%
  20463  8864      375.3437   203      373.0000      375.5000 24042290    0.67%
  20633  8817      375.1250   199      373.0000      375.5000 24044522    0.67%
  20866  8968      375.5000   227      373.0000      375.5000 24158221    0.67%
  21086  9238      375.3016   170      373.0000      375.5000 24348209    0.67%
  21298  9149      375.5000   223      373.0000      375.5000 24238168    0.67%
Elapsed time = 4773.34 sec. (565015.35 ticks, tree = 1261.19 MB, solutions = 9)
  21448  9731      375.3645   232      373.0000      375.5000 24678312    0.67%
  21576  9740      374.9272   272      373.0000      375.5000 24682457    0.67%
  21773  9956      374.9333   183      373.0000      375.5000 24813507    0.67%
  22000 10141      375.3750   195      373.0000      375.5000 25003981    0.67%
  22214 10091      374.5714    94      373.0000      375.5000 24894863    0.67%
  22422 10181      375.1288   262      373.0000      375.5000 25055510    0.67%
  22754 10527      374.0875    89      373.0000      375.5000 25247793    0.67%
  22937 10782      375.5000   213      373.0000      375.5000 25431830    0.67%
  23044 10866      374.1306   204      373.0000      375.5000 25468080    0.67%
  23160 11017      375.1875   201      373.0000      375.5000 25641057    0.67%
Elapsed time = 5430.77 sec. (603297.00 ticks, tree = 1602.45 MB, solutions = 9)
  23330 10971      375.4683   209      373.0000      375.5000 25603012    0.67%
  23652 11198    infeasible            373.0000      375.5000 25826561    0.67%
  23886 11562      375.0268   245      373.0000      375.5000 26140943    0.67%
  24041 11606      375.3750   264      373.0000      375.5000 26179738    0.67%
  24203 11739      375.1278   286      373.0000      375.5000 26233510    0.67%
  24334 12146      375.2840   273      373.0000      375.5000 26525480    0.67%
  24416 12172      374.2500   166      373.0000      375.5000 26528963    0.67%
  24508 12133      375.1614   232      373.0000      375.5000 26494212    0.67%
  24614 12241      374.4845   169      373.0000      375.5000 26601165    0.67%
  24778 12326      374.9444   153      373.0000      375.5000 26718199    0.67%
Elapsed time = 6240.50 sec. (641804.53 ticks, tree = 1697.91 MB, solutions = 9)
  24973 12345      375.0542   145      373.0000      375.5000 26751519    0.67%
  25128 12600      374.6847   177      373.0000      375.5000 26981060    0.67%
  25307 12640        cutoff            373.0000      375.5000 26986748    0.67%
  25549 12673      374.8125   270      373.0000      375.5000 27036341    0.67%
  25681 12865      375.3750   240      373.0000      375.5000 27211740    0.67%
  25910 12928      374.8076   193      373.0000      375.5000 27222997    0.67%
  26085 13077      374.9541   203      373.0000      375.5000 27368158    0.67%
  26241 13197      375.5000   208      373.0000      375.5000 27464193    0.67%
  26420 13279      375.3437   265      373.0000      375.5000 27535726    0.67%
  26587 13538        cutoff            373.0000      375.5000 27740523    0.67%
Elapsed time = 7331.64 sec. (680184.14 ticks, tree = 2128.95 MB, solutions = 9)
Nodefile size = 75.05 MB (44.50 MB after compression)
  26719 13635      375.1852   239      373.0000      375.5000 27802646    0.67%
  26838 13762      375.3750   214      373.0000      375.5000 27919405    0.67%
  26964 13869      374.8545   242      373.0000      375.5000 28077655    0.67%
  27115 13811      374.0000   309      373.0000      375.5000 28019317    0.67%
  27323 14222      375.5000   273      373.0000      375.5000 28419606    0.67%
  27473 14307      375.2642   138      373.0000      375.5000 28533109    0.67%
  27562 14523      375.1950   268      373.0000      375.5000 28802980    0.67%
  27678 14393      375.4922   282      373.0000      375.5000 28659303    0.67%
  27880 14582      374.1009   188      373.0000      375.5000 28882117    0.67%
  27950 14561      375.5000   301      373.0000      375.5000 28836147    0.67%
Elapsed time = 8262.90 sec. (718725.56 ticks, tree = 2196.05 MB, solutions = 9)
Nodefile size = 129.23 MB (76.52 MB after compression)
  28040 15015      375.5000   290      373.0000      375.5000 29244396    0.67%
  28114 15098      375.5000   263      373.0000      375.5000 29403591    0.67%
  28214 15071      375.5000   263      373.0000      375.5000 29316048    0.67%
  28307 15216      374.8812   296      373.0000      375.5000 29541523    0.67%
  28390 15213      374.3750   125      373.0000      375.5000 29575214    0.67%
  28464 15365      375.2522   277      373.0000      375.5000 29866900    0.67%
  28578 15388      375.5000   284      373.0000      375.5000 29881081    0.67%
  28701 15400      374.9619   285      373.0000      375.5000 29945982    0.67%
  28813 15535      375.4867   274      373.0000      375.5000 30230040    0.67%
  28916 15654      374.8424   175      373.0000      375.5000 30353920    0.67%
Elapsed time = 9208.02 sec. (757209.56 ticks, tree = 2393.25 MB, solutions = 9)
Nodefile size = 340.25 MB (200.96 MB after compression)
  29043 15497      374.8025   226      373.0000      375.5000 30107921    0.67%
  29158 15786      375.5000   307      373.0000      375.5000 30565953    0.67%
  29311 15798      374.0417   155      373.0000      375.5000 30510993    0.67%
  29417 16018      374.8958   171      373.0000      375.5000 30736381    0.67%
  29501 16078      374.8714   173      373.0000      375.5000 30858617    0.67%
  29633 16033      375.2333   172      373.0000      375.5000 30764388    0.67%
  29802 16053      375.3658   231      373.0000      375.5000 30834566    0.67%
  29953 16150      375.0971   249      373.0000      375.5000 30892905    0.67%
  30141 16171      374.0000    27      373.0000      375.5000 30899377    0.67%
* 30172 16619      integral     0      374.0000      375.5000 31456024    0.40%
Exception raised in listener 'MipGapPrinter': 'int' object is not callable, id=123
  30262 16420      374.8611   205      374.0000      375.5000 31244840    0.40%
Elapsed time = 9975.43 sec. (795575.61 ticks, tree = 2443.95 MB, solutions = 10)
Nodefile size = 368.13 MB (217.19 MB after compression)
  30390 16496      375.3750   274      374.0000      375.5000 31415719    0.40%
  30478  9984      375.0301   205      374.0000      375.5000 31531196    0.40%
  30542  9976      375.3349   248      374.0000      375.5000 31480328    0.40%
  30660 10151      375.3384   283      374.0000      375.5000 31846530    0.40%
  30749 10153      375.2500   278      374.0000      375.5000 31854701    0.40%
  30853 10100      375.3333   148      374.0000      375.5000 31812113    0.40%
  30930 10259      375.3344   233      374.0000      375.5000 32298739    0.40%
  31002 10204      375.0984   257      374.0000      375.5000 32048425    0.40%
  31066 10318      375.3236   260      374.0000      375.5000 32421026    0.40%
  31159 10345      375.5000   261      374.0000      375.5000 32504492    0.40%
Elapsed time = 10804.45 sec. (834126.66 ticks, tree = 1473.73 MB, solutions = 10)
  31250 10394      375.5000   334      374.0000      375.5000 32664829    0.40%
  31367 10397      375.5000   296      374.0000      375.5000 32670738    0.40%
  31466 10501      375.2354   221      374.0000      375.5000 32963044    0.40%
  31555 10475      375.4687   275      374.0000      375.5000 32916546    0.40%
  31632 10781      375.4529   232      374.0000      375.5000 33269432    0.40%
  31694 10479      375.3750   303      374.0000      375.5000 32949037    0.40%
  31740 10901      375.4462   249      374.0000      375.5000 33564532    0.40%
  31808 10993      375.5000   341      374.0000      375.5000 33675171    0.40%
  31877 11060      375.0258   238      374.0000      375.5000 33828857    0.40%
  31918 11000      375.5000   308      374.0000      375.5000 33685503    0.40%
Elapsed time = 11726.96 sec. (872769.85 ticks, tree = 1601.84 MB, solutions = 10)
  31974 11037      375.3034   251      374.0000      375.5000 33767445    0.40%
  32070 11066      375.4196   209      374.0000      375.5000 33842091    0.40%
  32130 11074      375.5000   367      374.0000      375.5000 33901893    0.40%
  32234 11196      375.2930   228      374.0000      375.5000 34151053    0.40%
  32332 11205      375.4986   246      374.0000      375.5000 34236161    0.40%
  32382 11200      375.3472   174      374.0000      375.5000 34157548    0.40%
  32482 11245      375.5000   343      374.0000      375.5000 34319177    0.40%
  32593 11316      375.3750   286      374.0000      375.5000 34635420    0.40%
  32683 11279      375.5000   264      374.0000      375.5000 34519439    0.40%
  32750 11410      375.3194   153      374.0000      375.5000 34851744    0.40%
Elapsed time = 12520.22 sec. (911366.90 ticks, tree = 1623.45 MB, solutions = 10)
  32859 11522      375.3750   193      374.0000      375.5000 35158998    0.40%
  32992 11592      375.0000   124      374.0000      375.5000 35355408    0.40%
  33169 11647      375.3750   200      374.0000      375.5000 35702528    0.40%
  33263 11839      375.4722   166      374.0000      375.5000 36280703    0.40%
  33394 11809      375.3750   339      374.0000      375.5000 36181108    0.40%
  33494 12006      375.4255   228      374.0000      375.5000 36670160    0.40%
  33639 11796      375.4029   276      374.0000      375.5000 36160529    0.40%
  33749 12010    infeasible            374.0000      375.5000 36684879    0.40%
  33888 11990      375.3165   282      374.0000      375.5000 36491734    0.40%
  34003 12193      375.3932   208      374.0000      375.5000 36852513    0.40%
Elapsed time = 13284.35 sec. (949869.70 ticks, tree = 1766.14 MB, solutions = 10)
  34123 12260      375.4097   158      374.0000      375.5000 37076288    0.40%
  34213 12267      375.3468   229      374.0000      375.5000 37039543    0.40%
  34308 12274      375.2516   247      374.0000      375.5000 37087208    0.40%
  34383 12421      375.2774   302      374.0000      375.5000 37404657    0.40%
  34461 12593      375.5000   361      374.0000      375.5000 37602027    0.40%
  34525 12801      375.4777   257      374.0000      375.5000 37746690    0.40%
  34590 12923      375.3750   177      374.0000      375.5000 37897850    0.40%
  34660 12925      375.3750   167      374.0000      375.5000 37904262    0.40%
  34717 12864      375.5000   289      374.0000      375.5000 37820311    0.40%
  34779 12844      375.2842   239      374.0000      375.5000 37797897    0.40%
Elapsed time = 14077.30 sec. (988417.90 ticks, tree = 1859.96 MB, solutions = 10)
  34876 12905      375.5000   375      374.0000      375.5000 37889083    0.40%
  34939 13024        cutoff            374.0000      375.5000 38153386    0.40%
  34991 12987      375.0000   169      374.0000      375.5000 38068042    0.40%
  35062 13230      375.0429   211      374.0000      375.5000 38517805    0.40%

GUB cover cuts applied:  355
Clique cuts applied:  8
Cover cuts applied:  382
Implied bound cuts applied:  1697
Flow cuts applied:  9
Mixed integer rounding cuts applied:  163
Zero-half cuts applied:  214
Lift and project cuts applied:  11
Gomory fractional cuts applied:  178

Root node processing (before b&c):
  Real time             =   51.86 sec. (47269.64 ticks)
Parallel b&c, 24 threads:
  Real time             = 14355.73 sec. (962119.43 ticks)
  Sync time (average)   = 2582.68 sec.
  Wait time (average)   =    0.14 sec.
                          ------------
Total (root+branch&cut) = 14407.60 sec. (1009389.07 ticks)
status  = time limit exceeded
time    = 14407.6 s.
problem = MILP
gap     = 0.40107%

Objective value: 374.0
[50, 50, 8, 6, 400, 124, 374, 375, 0.4, 14407.63]
number of spatial :  334
Heuristic Solution information :  [50, 50, 8, 6, 400, 133, 346, 12, 334]
