CPXPARAM_Read_DataCheck                          1
CPXPARAM_TimeLimit                               14400
Tried aggregator 2 times.
MIP Presolve eliminated 24826 rows and 84953 columns.
MIP Presolve modified 1536 coefficients.
Aggregator did 1112 substitutions.
Reduced MIP has 157363 rows, 60979 columns, and 623411 nonzeros.
Reduced MIP has 58479 binaries, 0 generals, 0 SOSs, and 0 indicators.
Presolve time = 0.52 sec. (2187.27 ticks)
Probing time = 0.34 sec. (14.22 ticks)
Tried aggregator 1 time.
MIP Presolve eliminated 73500 rows and 1500 columns.
Reduced MIP has 83863 rows, 59479 columns, and 476411 nonzeros.
Reduced MIP has 58479 binaries, 0 generals, 0 SOSs, and 0 indicators.
Presolve time = 0.35 sec. (588.92 ticks)
Probing time = 0.24 sec. (13.65 ticks)
Clique table members: 31869.
MIP emphasis: balance optimality and feasibility.
MIP search method: dynamic search.
Parallel mode: deterministic, using up to 24 threads.
Root relaxation solution time = 3.63 sec. (3134.72 ticks)

        Nodes                                         Cuts/
   Node  Left     Objective  IInf  Best Integer    Best Bound    ItCnt     Gap

*     0+    0                          156.0000     1122.0000           619.23%
      0     0      530.1333   942      156.0000      530.1333    38919  239.83%
Exception raised in listener 'MipGapPrinter': 'int' object is not callable, id=1
*     0+    0                          296.0000      530.1333            79.10%
Exception raised in listener 'MipGapPrinter': 'int' object is not callable, id=3
      0     0      474.5303  1054      296.0000     Cuts: 586    55943   60.31%
      0     0      424.6250   714      296.0000     Cuts: 974    73218   43.45%
      0     0      420.6250   810      296.0000     Cuts: 387    85046   42.10%
*     0+    0                          382.0000      420.6250            10.11%
*     0+    0                          395.0000      420.6250             6.49%
Exception raised in listener 'MipGapPrinter': 'int' object is not callable, id=9
      0     0      420.6250   682      395.0000     Cuts: 257   101453    6.49%
      0     0      420.6250   837      395.0000     Cuts: 305   116495    6.49%
      0     0      420.6250   677      395.0000      Cuts: 73   132667    6.49%
*     0+    0                          400.0000      420.6250             5.16%
*     0+    0                          403.0000      420.6250             4.37%
Exception raised in listener 'MipGapPrinter': 'int' object is not callable, id=16
      0     0      420.6250   755      403.0000     Cuts: 239   147410    4.37%
Heuristic still looking.
*     0+    0                          404.0000      420.6250             4.12%
Exception raised in listener 'MipGapPrinter': 'int' object is not callable, id=19
      0     2      420.6250   258      404.0000      420.6250   147410    4.12%
Elapsed time = 340.90 sec. (206059.62 ticks, tree = 0.02 MB, solutions = 7)
      1     3      420.6250   338      404.0000      420.6250   149543    4.12%
      2     4      420.6250   263      404.0000      420.6250   151066    4.12%
      4     5      420.6250   335      404.0000      420.6250   152153    4.12%
      5     5      420.6250   320      404.0000      420.6250   154253    4.12%
      6     6      420.6250   360      404.0000      420.6250   155565    4.12%
      8     7      420.5625   363      404.0000      420.6250   156543    4.12%
     10     9      420.5625   374      404.0000      420.6250   159842    4.12%
     11    11      420.5625   390      404.0000      420.6250   161281    4.12%
     13    12      420.5625   370      404.0000      420.6250   161952    4.12%
     23    21    infeasible            404.0000      420.6250   170559    4.12%
Elapsed time = 378.07 sec. (216891.80 ticks, tree = 0.04 MB, solutions = 7)
     27    24      420.6250   408      404.0000      420.6250   173094    4.12%
     31    25    infeasible            404.0000      420.6250   174568    4.12%
     39    29      420.6250   348      404.0000      420.6250   177290    4.12%
     57    35      420.6250   311      404.0000      420.6250   181074    4.12%
     79    41      420.6250   354      404.0000      420.6250   189866    4.12%
    100    47      420.5625   349      404.0000      420.6250   194819    4.12%
    112    61      420.6250   399      404.0000      420.6250   204710    4.12%
    135    55      420.6250   398      404.0000      420.6250   199977    4.12%
    169   104      420.6250   344      404.0000      420.6250   236810    4.12%
*   179+   23                          406.0000      420.6250             3.60%
    222   128      420.5625   256      406.0000      420.6250   255122    3.60%
Elapsed time = 446.57 sec. (227033.34 ticks, tree = 11.61 MB, solutions = 8)
*   261+   20                          408.0000      420.6250             3.09%
    290   192      420.6250   350      408.0000      420.6250   305652    3.09%
    366   247      420.6250   336      408.0000      420.6250   346216    3.09%
    447   254      420.6250   312      408.0000      420.6250   352410    3.09%
    531   277      420.6250   304      408.0000      420.6250   374506    3.09%
    621   315      420.6250   320      408.0000      420.6250   405259    3.09%
Exception raised in listener 'MipGapPrinter': 'int' object is not callable, id=29
    684   452      420.6250   313      408.0000      420.6250   509819    3.09%
    765   488    infeasible            408.0000      420.6250   534464    3.09%
    854   622    infeasible            408.0000      420.6250   707177    3.09%
    964   642      420.6250   384      408.0000      420.6250   734260    3.09%
   1078   681      420.6250   311      408.0000      420.6250   840241    3.09%
Elapsed time = 514.42 sec. (236671.77 ticks, tree = 42.30 MB, solutions = 9)
   1209   741      420.6250   336      408.0000      420.6250   910023    3.09%
   1329   875      420.6250   329      408.0000      420.6250  1128370    3.09%
   1446   956      420.6250   311      408.0000      420.6250  1220387    3.09%
   1586   892      420.5625   300      408.0000      420.6250  1153557    3.09%
   1723   993      420.6250   240      408.0000      420.6250  1287256    3.09%
   1856  1113      420.5625   328      408.0000      420.6250  1505761    3.09%
   1988  1306    infeasible            408.0000      420.6250  1794006    3.09%
   2104  1238      420.6250   387      408.0000      420.6250  1673674    3.09%
   2224  1244      420.6250   354      408.0000      420.6250  1678188    3.09%
   2320  1573    infeasible            408.0000      420.6250  2306045    3.09%
Elapsed time = 569.71 sec. (246267.38 ticks, tree = 117.47 MB, solutions = 9)
   2399  1447      420.6250   295      408.0000      420.6250  2079917    3.09%
   2474  1684    infeasible            408.0000      420.6250  2586891    3.09%
   2547  1687      420.6250   290      408.0000      420.6250  2611736    3.09%
   2628  1720      420.5347   238      408.0000      420.6250  2705793    3.09%
   2691  1744      420.5313   205      408.0000      420.6250  2772988    3.09%
   2751  1753      420.5625   263      408.0000      420.6250  2825768    3.09%
   2820  1903    infeasible            408.0000      420.6250  3331669    3.09%
   2878  1924    infeasible            408.0000      420.6250  3396173    3.09%
   2933  1906      420.6034   214      408.0000      420.6250  3338115    3.09%
   2997  1938      420.4688   190      408.0000      420.6250  3427057    3.09%
Elapsed time = 635.63 sec. (255982.72 ticks, tree = 136.60 MB, solutions = 9)
   3067  2072      420.6250   314      408.0000      420.6250  3904008    3.09%
   3125  2101    infeasible            408.0000      420.6250  3998338    3.09%
   3183  2087      420.3333   231      408.0000      420.6250  3958921    3.09%
   3230  2185    infeasible            408.0000      420.6250  4179604    3.09%
   3291  2192      420.6250   223      408.0000      420.6250  4212220    3.09%
   3343  2253    infeasible            408.0000      420.6250  4457559    3.09%
   3392  2243      420.5880   267      408.0000      420.6250  4419722    3.09%
   3447  2264    infeasible            408.0000      420.6250  4538271    3.09%
   3501  2349      420.6250   262      408.0000      420.6250  4905887    3.09%
   3570  2296      420.5288   251      408.0000      420.6250  4671893    3.09%
Elapsed time = 700.16 sec. (265677.02 ticks, tree = 175.71 MB, solutions = 9)
   3638  2314      419.9000   225      408.0000      420.6250  4734214    3.09%
   3690  2422      419.7000   200      408.0000      420.6250  5402055    3.09%
   3755  2489      418.0667   246      408.0000      420.6250  5678381    3.09%
   3815  2471    infeasible            408.0000      420.6250  5617118    3.09%
   3875  2477      420.5271   268      408.0000      420.6250  5659682    3.09%
   3945  2589      419.2000   198      408.0000      420.6250  6254177    3.09%
   4025  2516      420.4714   241      408.0000      420.6250  5851356    3.09%
   4082  2560      420.4482   253      408.0000      420.6250  6138840    3.09%
   4141  2657      419.3470   191      408.0000      420.6250  6392900    3.09%
   4205  2658    infeasible            408.0000      420.6250  6399241    3.09%
Elapsed time = 769.77 sec. (275383.89 ticks, tree = 208.96 MB, solutions = 9)
   4251  2789      417.8000   289      408.0000      420.6250  6711347    3.09%
   4305  2782      419.7875   212      408.0000      420.6250  6690864    3.09%
   4383  2691      419.7500   223      408.0000      420.6250  6486391    3.09%
   4476  2778      419.5833   189      408.0000      420.6250  6681579    3.09%
   4553  2816      419.2000   232      408.0000      420.6250  6856063    3.09%
   4641  2880      418.5333   214      408.0000      420.6250  7192742    3.09%
   4724  2855      419.3000   240      408.0000      420.6250  7192676    3.09%
   4821  2881      418.5333   235      408.0000      420.6250  7195520    3.09%
   4904  2953      419.8125   187      408.0000      420.6250  7481420    3.09%
   4958  2841      420.5000   242      408.0000      420.6250  7120155    3.09%
Elapsed time = 847.87 sec. (285023.56 ticks, tree = 233.64 MB, solutions = 9)
   5014  3031      418.5333   252      408.0000      420.6250  7750639    3.09%
   5075  2960      419.2244   255      408.0000      420.6250  7534342    3.09%
   5140  3101      418.8333   201      408.0000      420.6250  7953499    3.09%
   5220  3119      418.4333   217      408.0000      420.6250  7979559    3.09%
   5284  3030      418.8000   212      408.0000      420.6250  7751414    3.09%
   5335  3168      416.8714   210      408.0000      420.6250  8029719    3.09%
   5410  3251      419.1048   198      408.0000      420.6250  8122291    3.09%
   5498  3148      418.7056   220      408.0000      420.6250  8026541    3.09%
   5581  3253      419.1000   221      408.0000      420.6250  8120643    3.09%
   5679  3257      418.8000   209      408.0000      420.6250  8128847    3.09%
Elapsed time = 925.59 sec. (294699.82 ticks, tree = 272.06 MB, solutions = 9)
   5793  3289      418.3083   197      408.0000      420.6250  8163492    3.09%
   5896  3243      418.8000   249      408.0000      420.6250  8116008    3.09%
   6011  3422      418.8000   245      408.0000      420.6250  8351791    3.09%
   6130  3580      411.0659    98      408.0000      420.6250  8615389    3.09%
   6252  3652      417.8722   225      408.0000      420.6250  8820454    3.09%
   6379  3700      412.9205   128      408.0000      420.6250  8864009    3.09%
   6497  3544      418.5333   178      408.0000      420.6250  8527385    3.09%
   6630  3598      410.2083   101      408.0000      420.6250  8635882    3.09%
   6787  3775      416.7833   195      408.0000      420.6250  9046817    3.09%
   7341  4127      414.6833   162      408.0000      420.6250  9841103    3.09%
Elapsed time = 1014.51 sec. (307190.61 ticks, tree = 411.27 MB, solutions = 9)
   7646  4243      418.6447   155      408.0000      420.6250  9924708    3.09%
   7804  4592      414.9190   180      408.0000      420.6250 10167408    3.09%
   7847  4632      420.6250   297      408.0000      420.6250 10220197    3.09%
   7849  4912      420.5000   365      408.0000      420.5000 10552075    3.06%
   7850  4913      420.5000   579      408.0000      420.5000 10566389    3.06%
   7852  4913      420.5000   614      408.0000      420.5000 10581212    3.06%
   7853  4913      420.5000   670      408.0000      420.5000 10595938    3.06%
   7855  3685      420.5000   600      408.0000      420.5000 10610710    3.06%
   7857  3159      420.5000   656      408.0000      420.5000 10598730    3.06%
   7859  3160      420.5000   573      408.0000      420.5000 10650693    3.06%
Elapsed time = 2138.39 sec. (800737.42 ticks, tree = 334.31 MB, solutions = 9)
   7864   528      420.5000   657      408.0000      420.5000 10580511    3.06%
   7869   499      420.5000   625      408.0000      420.5000 10664961    3.06%
   7874   431      420.5000   560      408.0000      420.5000 10692840    3.06%
   7885   334      420.5000   488      408.0000      420.5000 10703291    3.06%
   7898   190      409.2500   497      408.0000      420.5000 10703829    3.06%
   7905   173      409.2500   516      408.0000      420.5000 10713206    3.06%
   7909   144      420.5000   674      408.0000      420.5000 10718784    3.06%
   7920    61      420.5000   510      408.0000      420.5000 10747594    3.06%
   7935    54      420.5000   424      408.0000      420.5000 10754793    3.06%
   7954    10      420.5000   634      408.0000      420.5000 10649806    3.06%
Elapsed time = 2449.13 sec. (843043.92 ticks, tree = 0.02 MB, solutions = 9)
   7991    76      420.5000   535      408.0000      420.5000 10843207    3.06%
   8043    85      420.5000   461      408.0000      420.5000 10881182    3.06%
   8088   142      420.5000   502      408.0000      420.5000 10982491    3.06%
   8147   197      420.5000   432      408.0000      420.5000 11088115    3.06%
*  8189+   22                          409.0000      420.5000             2.81%
   8219   233      409.2500   456      409.0000      420.5000 11180053    2.81%
   8303   212      420.5000   416      409.0000      420.5000 11134045    2.81%
   8397   317      420.5000   370      409.0000      420.5000 11456902    2.81%
   8499   355      409.2000   316      409.0000      420.5000 11570342    2.81%
   8619   425      420.4375   310      409.0000      420.5000 11795176    2.81%
   8732   570      420.5000   361      409.0000      420.5000 12127805    2.81%
Elapsed time = 2719.01 sec. (881687.98 ticks, tree = 8.65 MB, solutions = 9)
   8859   525      420.4219   302      409.0000      420.5000 11991501    2.81%
   8998   615    infeasible            409.0000      420.5000 12257220    2.81%
   9151   678      420.3750   496      409.0000      420.5000 12410887    2.81%
   9298   734    infeasible            409.0000      420.5000 12541419    2.81%
   9425   808      420.1667   443      409.0000      420.5000 12679316    2.81%
   9560   913      419.3750   296      409.0000      420.5000 12892986    2.81%
   9681   976      420.5000   357      409.0000      420.5000 13009703    2.81%
   9800   995      420.1667   411      409.0000      420.5000 13029512    2.81%
   9919  1112      417.6250   282      409.0000      420.5000 13315112    2.81%
  10055  1153      417.2750   290      409.0000      420.5000 13422643    2.81%
Elapsed time = 2957.93 sec. (920060.04 ticks, tree = 20.33 MB, solutions = 9)
  10200  1288      419.5625   365      409.0000      420.5000 13848425    2.81%
  10330  1300      412.4917   304      409.0000      420.5000 13896274    2.81%
Exception raised in listener 'MipGapPrinter': 'int' object is not callable, id=71
  10474  1210      418.6292   294      409.0000      420.5000 14127599    2.81%
  10623  1293      416.8667   314      409.0000      420.5000 14353793    2.81%
  10788  1423      419.2750   305      409.0000      420.5000 14607505    2.81%
  10939  1509      420.5000   365      409.0000      420.5000 14748138    2.81%
  11110  1349    infeasible            409.0000      420.5000 14469840    2.81%
  11275  1629      419.6250   400      409.0000      420.5000 14958531    2.81%
  11447  1781      420.5000   433      409.0000      420.5000 15351284    2.81%
  11615  1903      414.8083   252      409.0000      420.5000 15541114    2.81%
Elapsed time = 3203.95 sec. (958452.10 ticks, tree = 38.52 MB, solutions = 10)
  11781  1874      414.1250   245      409.0000      420.5000 15482091    2.81%
  11968  1989      414.7917   317      409.0000      420.5000 15723084    2.81%
  12164  2376      420.5000   334      409.0000      420.5000 16424589    2.81%
  12340  2212      412.3000   285      409.0000      420.5000 16162534    2.81%
  12504  2647      416.0000   304      409.0000      420.5000 16974560    2.81%
  12671  2628      411.5616   304      409.0000      420.5000 16941022    2.81%
  12827  2596      419.2375   237      409.0000      420.5000 16942286    2.81%
  13021  2979      414.3792   378      409.0000      420.5000 17504092    2.81%
  13184  3156      415.3750   493      409.0000      420.5000 17857505    2.81%
  13318  3073      413.7000   320      409.0000      420.5000 17698543    2.81%
Elapsed time = 3427.43 sec. (996852.83 ticks, tree = 73.99 MB, solutions = 10)
  13471  3080      413.7000   297      409.0000      420.5000 17717324    2.81%
  13642  3581      418.5625   326      409.0000      420.5000 18720096    2.81%
  13781  3365      419.2500   351      409.0000      420.5000 18234228    2.81%
  13928  3766    infeasible            409.0000      420.5000 19091727    2.81%
  14031  3773      416.6250   396      409.0000      420.5000 19094980    2.81%
  14152  4003      418.0000   331      409.0000      420.5000 19709779    2.81%
  14274  3984      419.2500   404      409.0000      420.5000 19674451    2.81%
  14390  4095      415.3750   376      409.0000      420.5000 19842285    2.81%
  14539  4104      415.3750   320      409.0000      420.5000 19851474    2.81%
  14689  4192      420.5000   311      409.0000      420.5000 20260524    2.81%
Elapsed time = 3677.43 sec. (1035353.30 ticks, tree = 107.99 MB, solutions = 10)
  14840  4374      410.2024   131      409.0000      420.5000 20565465    2.81%
  15006  4558      419.2500   293      409.0000      420.5000 21002505    2.81%
  15186  4719      417.8125   294      409.0000      420.5000 21193292    2.81%
  15349  4728      417.6875   309      409.0000      420.5000 21209612    2.81%
  15501  4941      419.2500   407      409.0000      420.5000 21663398    2.81%
  15676  4884      418.1250   284      409.0000      420.5000 21586255    2.81%
  15845  4946      414.1710   283      409.0000      420.5000 21791743    2.81%
  16018  5016      415.0875   325      409.0000      420.5000 21876098    2.81%
  16179  5468      420.5000   309      409.0000      420.5000 22645688    2.81%
  16351  5270      417.8750   419      409.0000      420.5000 22324780    2.81%
Elapsed time = 3923.56 sec. (1073653.96 ticks, tree = 140.92 MB, solutions = 10)
  16552  5425      419.8500   339      409.0000      420.5000 22607895    2.81%
  16753  5740      420.0500   427      409.0000      420.5000 23092377    2.81%
  16933  6094      419.2480   318      409.0000      420.5000 23749258    2.81%
  17120  5938      418.7125   312      409.0000      420.5000 23419903    2.81%
  17305  6476      420.5000   360      409.0000      420.5000 24200494    2.81%
  17493  6400      411.9034   160      409.0000      420.5000 24127876    2.81%
  17644  6341      417.8750   287      409.0000      420.5000 24019759    2.81%
  17795  6682      416.9875   409      409.0000      420.5000 24656429    2.81%
  17957  6678      415.3750   350      409.0000      420.5000 24618045    2.81%
  18116  6699      411.2500   384      409.0000      420.5000 24665877    2.81%
Elapsed time = 4164.88 sec. (1112048.46 ticks, tree = 184.66 MB, solutions = 10)
  18282  6936      419.2500   330      409.0000      420.5000 25002743    2.81%
  18456  7261      419.2500   317      409.0000      420.5000 25613585    2.81%
  18634  7540      419.2000   274      409.0000      420.5000 26156183    2.81%
  18811  7580      415.1250   332      409.0000      420.5000 26241784    2.81%
  18998  7735      416.7500   426      409.0000      420.5000 26412145    2.81%
  19188  7674      419.2500   330      409.0000      420.5000 26308123    2.81%
  19384  7730      420.5000   400      409.0000      420.5000 26420830    2.81%
  19593  8186      419.2500   229      409.0000      420.5000 26808954    2.81%
  19775  8102      418.4000   372      409.0000      420.5000 26736557    2.81%
  19954  8542    infeasible            409.0000      420.5000 27195696    2.81%
Elapsed time = 4408.06 sec. (1150489.41 ticks, tree = 241.40 MB, solutions = 10)
  20108  8691      416.2500   393      409.0000      420.5000 27333299    2.81%
  20262  8702      416.2500   351      409.0000      420.5000 27339652    2.81%
  20432  8922      420.3750   345      409.0000      420.5000 27776785    2.81%
  20604  8838      419.2500   265      409.0000      420.5000 27629917    2.81%
  20784  9174      418.9405   322      409.0000      420.5000 28519369    2.81%
  20940  9436      411.0167   307      409.0000      420.5000 28869278    2.81%
  21126  9634      420.4375   259      409.0000      420.5000 29277439    2.81%
  21297  9906      419.0000   306      409.0000      420.5000 29928541    2.81%
  21509  9931      413.3437   238      409.0000      420.5000 29980756    2.81%
  21674 10065      418.0000   304      409.0000      420.5000 30163390    2.81%
Elapsed time = 4625.47 sec. (1188766.77 ticks, tree = 289.34 MB, solutions = 10)
  21810 10082      418.0000   222      409.0000      420.5000 30288609    2.81%
  21948 10138      416.7500   367      409.0000      420.5000 30263799    2.81%
  22042 10453      418.6250   180      409.0000      420.5000 31179995    2.81%
  22139 10340      418.9939   269      409.0000      420.5000 30958349    2.81%
  22221 10640      420.5000   389      409.0000      420.5000 31763810    2.81%
  22337 10856      410.4868   291      409.0000      420.5000 32151035    2.81%
  22469 10620      418.8507   299      409.0000      420.5000 31697487    2.81%
  22605 10670      417.8125   357      409.0000      420.5000 31777649    2.81%
  22767 10976      418.7715   275      409.0000      420.5000 32514859    2.81%
  22929 11129    infeasible            409.0000      420.5000 32861525    2.81%
Elapsed time = 4853.43 sec. (1227144.57 ticks, tree = 322.39 MB, solutions = 10)
  23065 11337      418.4636   281      409.0000      420.5000 33437836    2.81%
  23198 11161      417.6149   221      409.0000      420.5000 32945183    2.81%
  23378 11360      417.8750   377      409.0000      420.5000 33530729    2.81%
  23545 11718      418.9687   432      409.0000      420.5000 34361006    2.81%
  23719 11887      418.0745   264      409.0000      420.5000 34910070    2.81%
  23872 11865      416.2500   373      409.0000      420.5000 34838484    2.81%
  24021 11750      418.8000   294      409.0000      420.5000 34504579    2.81%
  24171 12188      417.1875   177      409.0000      420.5000 35574347    2.81%
  24330 12037      417.1750   310      409.0000      420.5000 35306140    2.81%
  24482 12152      411.1833   194      409.0000      420.5000 35537879    2.81%
Elapsed time = 5129.50 sec. (1265523.07 ticks, tree = 354.35 MB, solutions = 10)
  24610 12370      417.6875   290      409.0000      420.5000 36012312    2.81%
  24713 12631      416.7500   351      409.0000      420.5000 36886639    2.81%
  24839 12489      419.2500   366      409.0000      420.5000 36565903    2.81%
  24966 12649      418.2005   213      409.0000      420.5000 37020419    2.81%
  25108 13041      414.0826   224      409.0000      420.5000 38183008    2.81%
  25252 13008      412.4826   225      409.0000      420.5000 37955483    2.81%
  25402 13132      416.7500   318      409.0000      420.5000 38395585    2.81%
  25539 13151      418.0833   236      409.0000      420.5000 38489859    2.81%
  25683 13362      411.6667   176      409.0000      420.5000 39071369    2.81%
  25834 13759      418.8000   334      409.0000      420.5000 39532518    2.81%
Elapsed time = 5503.58 sec. (1303867.83 ticks, tree = 404.80 MB, solutions = 10)
  25991 13624      411.3269   286      409.0000      420.5000 39337794    2.81%
  26174 13881      417.4688   188      409.0000      420.5000 39704693    2.81%
  26331 13751      416.0173   280      409.0000      420.5000 39552038    2.81%
  26432 13826      417.7500   349      409.0000      420.5000 39656776    2.81%
  26545 14061      420.4125   261      409.0000      420.5000 39950831    2.81%
  26657 14130      419.2500   296      409.0000      420.5000 40018965    2.81%
  26790 14383      419.2500   285      409.0000      420.5000 40515303    2.81%
  26962 14276      418.2500   358      409.0000      420.5000 40229905    2.81%
  27142 14734      418.2500   354      409.0000      420.5000 41489557    2.81%
  27328 14913      410.0910   165      409.0000      420.5000 41862876    2.81%
Elapsed time = 5959.22 sec. (1342214.87 ticks, tree = 441.10 MB, solutions = 10)
  27483 14818      413.1458   286      409.0000      420.5000 41621705    2.81%
  27675 14780      420.5000   335      409.0000      420.5000 41587066    2.81%
  27841 14846      411.5625   282      409.0000      420.5000 41629245    2.81%
  28022 15383      419.3878   295      409.0000      420.5000 42653704    2.81%
  28194 15137      420.5000   326      409.0000      420.5000 42284596    2.81%
  28363 15592      416.5000   388      409.0000      420.5000 42705727    2.81%
  28544 15538      418.9970   338      409.0000      420.5000 42732457    2.81%
  28743 15733      410.3499   260      409.0000      420.5000 42882567    2.81%
  28898 15966      417.4917   363      409.0000      420.5000 43249005    2.81%
* 28965+15818                          411.0000      420.5000             2.31%
  29005 16483      419.2500   387      411.0000      420.5000 44592456    2.31%
Elapsed time = 6437.32 sec. (1380776.58 ticks, tree = 488.85 MB, solutions = 10)
* 29032+15818                          412.0000      420.5000             2.06%
  29093 16326      416.4249   251      412.0000      420.5000 44203487    2.06%
Exception raised in listener 'MipGapPrinter': 'int' object is not callable, id=102
  29201 16459      416.1250   364      412.0000      420.5000 44584872    2.06%
  29320 14123    infeasible            412.0000      420.5000 44757930    2.06%
  29417 14329      416.5000   294      412.0000      420.5000 45531545    2.06%
  29541 14233      414.3368   280      412.0000      420.5000 45014015    2.06%
  29660 14304      420.5000   355      412.0000      420.5000 45524401    2.06%
  29748 14312      419.6667   322      412.0000      420.5000 45531468    2.06%
  29842 14451      416.3630   298      412.0000      420.5000 46094086    2.06%
  29930 14634      417.8750   395      412.0000      420.5000 46664793    2.06%
  30030 14633      418.0849   302      412.0000      420.5000 46757980    2.06%
Elapsed time = 6970.82 sec. (1419260.48 ticks, tree = 427.10 MB, solutions = 13)
  30126 14678      416.4844   306      412.0000      420.5000 46843200    2.06%
* 30136+14821                          413.0000      420.5000             1.82%
  30241 14078      420.4904   350      413.0000      420.5000 48490810    1.82%
  30374 14223      415.1667   149      413.0000      420.5000 48813254    1.82%
  30467 14273      419.2500   311      413.0000      420.5000 49003800    1.82%
  30549 14052      420.5000   362      413.0000      420.5000 48386437    1.82%
Exception raised in listener 'MipGapPrinter': 'int' object is not callable, id=105
  30640 14117      417.6250   311      413.0000      420.5000 48597833    1.82%
  30740 14367      417.9390   263      413.0000      420.5000 49616063    1.82%
  30825 14375      417.2829   267      413.0000      420.5000 49624843    1.82%
  30934 14390      416.0991   241      413.0000      420.5000 49631730    1.82%
  31033 14639      419.2375   335      413.0000      420.5000 50495462    1.82%
Elapsed time = 7443.01 sec. (1457786.99 ticks, tree = 425.70 MB, solutions = 14)
  31114 14768      419.2500   385      413.0000      420.5000 50777879    1.82%
  31192 15000      417.0201   296      413.0000      420.5000 51115391    1.82%
  31258 15039      419.0000   284      413.0000      420.5000 51185132    1.82%
  31332 15030      416.0625   327      413.0000      420.5000 51196800    1.82%
  31429 15044      419.0000   301      413.0000      420.5000 51234359    1.82%
  31529 15064      419.3594   413      413.0000      420.5000 51223808    1.82%
  31628 15240      417.6250   345      413.0000      420.5000 51722532    1.82%
  31736 15244      417.6042   343      413.0000      420.5000 51729789    1.82%
  31839 15297      417.2246   330      413.0000      420.5000 52071732    1.82%
* 31954+15253                          414.0000      420.5000             1.57%
  31958 15488      419.1250   327      414.0000      420.5000 52597399    1.57%
Elapsed time = 7830.95 sec. (1496509.40 ticks, tree = 452.23 MB, solutions = 15)
  32078 15420      414.8750   389      414.0000      420.5000 52375753    1.57%
Exception raised in listener 'MipGapPrinter': 'int' object is not callable, id=107
  32174 14554      415.5000   361      414.0000      420.5000 52777830    1.57%
  32251 14560      419.9785   368      414.0000      420.5000 52997802    1.57%
  32330 14568      415.5000   440      414.0000      420.5000 52796188    1.57%
  32398 14630      416.0348   292      414.0000      420.5000 53243337    1.57%
  32477 14646      415.2685   276      414.0000      420.5000 53267857    1.57%
  32547 14928      418.3750   368      414.0000      420.5000 54345413    1.57%
  32607 14682      417.6521   355      414.0000      420.5000 53775569    1.57%
  32654 14827      417.6250   380      414.0000      420.5000 54229786    1.57%
  32716 15047      419.2473   244      414.0000      420.5000 55187101    1.57%
Elapsed time = 8246.30 sec. (1535142.04 ticks, tree = 437.14 MB, solutions = 16)
  32785 14939      415.5000   280      414.0000      420.5000 54363089    1.57%
  32849 15014      417.2661   346      414.0000      420.5000 55124357    1.57%
  32915 15045      417.9375   296      414.0000      420.5000 55090374    1.57%
  32961 15223      416.5873   361      414.0000      420.5000 55993148    1.57%
  33010 15228    infeasible            414.0000      420.5000 56024417    1.57%
  33064 15120      417.6167   373      414.0000      420.5000 55695902    1.57%
  33113 15284      416.6568   284      414.0000      420.5000 56629827    1.57%
  33160 15266      418.3960   380      414.0000      420.5000 56471580    1.57%
  33200 15381      417.5947   351      414.0000      420.5000 57120111    1.57%
  33261 15455      418.3750   281      414.0000      420.5000 57280216    1.57%
Elapsed time = 8766.26 sec. (1573716.31 ticks, tree = 450.01 MB, solutions = 16)
  33323 15578      416.3750   262      414.0000      420.5000 57852544    1.57%
  33386 15514      415.0833   259      414.0000      420.5000 57656100    1.57%
  33421 15524      416.7436   240      414.0000      420.5000 57574501    1.57%
  33455 15638      416.4689   389      414.0000      420.5000 58328002    1.57%
  33489 15627      417.5315   338      414.0000      420.5000 58312863    1.57%
  33519 15648      416.2358   335      414.0000      420.5000 58335239    1.57%
  33560 15652      416.1766   306      414.0000      420.5000 58338675    1.57%
  33583 15752    infeasible            414.0000      420.5000 58518851    1.57%
  33597 15758      419.6667   332      414.0000      420.5000 58530506    1.57%
  33628 15768      419.2500   319      414.0000      420.5000 58534101    1.57%
Elapsed time = 9365.10 sec. (1612759.48 ticks, tree = 459.73 MB, solutions = 16)
  33646 15776      419.1875   337      414.0000      420.5000 58545672    1.57%
  33658 15783      419.1875   347      414.0000      420.5000 58563910    1.57%
  33677 15824      420.5000   572      414.0000      420.5000 58678085    1.57%
  33703 15821      418.1250   336      414.0000      420.5000 58661004    1.57%
  33729 15844      420.5000   373      414.0000      420.5000 58891584    1.57%
  33762 15847      418.6875   482      414.0000      420.5000 58701723    1.57%
  33793 15872      418.2500   390      414.0000      420.5000 58653042    1.57%
  33819 15907      418.2500   385      414.0000      420.5000 59040120    1.57%
  33840 15865      418.4271   405      414.0000      420.5000 58936078    1.57%
  33868 15923      418.2500   386      414.0000      420.5000 59053061    1.57%
Elapsed time = 9909.12 sec. (1652043.12 ticks, tree = 464.77 MB, solutions = 16)
  33893 15866      418.1000   358      414.0000      420.5000 59123393    1.57%
  33929 15936      418.1250   373      414.0000      420.5000 59070530    1.57%
  33956 15937      417.4500   420      414.0000      420.5000 59235799    1.57%
  33982 16006      419.1875   349      414.0000      420.5000 59320594    1.57%
  33999 16016      419.0000   351      414.0000      420.5000 59333075    1.57%
  34016 16037      415.1250   353      414.0000      420.5000 59488202    1.57%
  34035 16010      418.0536   342      414.0000      420.5000 59568991    1.57%
  34038 16013      418.0521   331      414.0000      420.5000 59601872    1.57%
  34045 16054    infeasible            414.0000      420.5000 59687609    1.57%
  34053 16035      420.5000   475      414.0000      420.5000 59512797    1.57%
Elapsed time = 10441.85 sec. (1692302.00 ticks, tree = 468.21 MB, solutions = 16)
  34058 16063      417.9127   317      414.0000      420.5000 59762599    1.57%
  34069 16073      417.2127   255      414.0000      420.5000 59741939    1.57%
  34083 16084      417.0859   238      414.0000      420.5000 59758808    1.57%
  34098 16094        cutoff            414.0000      420.5000 59782034    1.57%
  34108 16089      416.7908   341      414.0000      420.5000 59948931    1.57%
  34114 16093      417.8404   361      414.0000      420.5000 59974069    1.57%
  34123 16100      417.8029   294      414.0000      420.5000 60004173    1.57%
  34137 16105      417.5290   289      414.0000      420.5000 60032955    1.57%
  34156 16092      416.6750   347      414.0000      420.5000 59969997    1.57%
  34181 16096      416.2500   347      414.0000      420.5000 59993010    1.57%
Elapsed time = 10952.06 sec. (1733529.47 ticks, tree = 470.09 MB, solutions = 16)
  34210 16156    infeasible            414.0000      420.5000 60261576    1.57%
  34236 16134      418.7500   457      414.0000      420.5000 60034729    1.57%
  34262 16145      418.0000   433      414.0000      420.5000 60039291    1.57%
  34283 16190      417.2250   441      414.0000      420.5000 60266915    1.57%
  34303 16214      416.6302   291      414.0000      420.5000 60455972    1.57%
  34313 16261      415.7500   296      414.0000      420.5000 60713263    1.57%
  34337 16229      415.8889   287      414.0000      420.5000 60519019    1.57%
  34355 16266    infeasible            414.0000      420.5000 60766256    1.57%
  34370 16299      415.7083   377      414.0000      420.5000 60752948    1.57%
  34396 16350      415.5000   318      414.0000      420.5000 60855439    1.57%
Elapsed time = 11350.76 sec. (1772532.10 ticks, tree = 478.10 MB, solutions = 16)
  34433 16357      415.5000   317      414.0000      420.5000 60865311    1.57%
* 34479+16022                          415.0000      420.5000             1.33%
  34488 16364      415.5000   316      415.0000      420.5000 60871822    1.33%
  34560 15115      419.0000   311      415.0000      420.5000 61338739    1.33%
  34601 15120      419.0000   301      415.0000      420.5000 61361220    1.33%
  34645 16374      417.6310   415      415.0000      420.5000 61161353    1.33%
  34679 15148      418.3750   287      415.0000      420.5000 61344864    1.33%
  34705 15157      418.3750   259      415.0000      420.5000 61350662    1.33%
  34744 15219      418.8875   358      415.0000      420.5000 61964801    1.33%
  34797 15177      417.6925   332      415.0000      420.5000 61612370    1.33%
  34858 15234      416.9792   321      415.0000      420.5000 61939270    1.33%
Elapsed time = 11804.50 sec. (1811283.51 ticks, tree = 442.05 MB, solutions = 17)
  34923 15241      418.2917   379      415.0000      420.5000 61976128    1.33%
  35000 15349      420.5000   411      415.0000      420.5000 62846877    1.33%
  35083 15331      416.0000   458      415.0000      420.5000 62517889    1.33%
  35167 15268      416.8531   319      415.0000      420.5000 61960729    1.33%
  35234 15363      419.2500   461      415.0000      420.5000 62889250    1.33%
  35306 15100      419.2341   392      415.0000      420.5000 51446233    1.33%
  35377 15450      416.8750   399      415.0000      420.5000 62988897    1.33%
  35461 15724      419.2500   397      415.0000      420.5000 63369440    1.33%
  35539 15730      419.2500   368      415.0000      420.5000 63380268    1.33%
  35620 15523      416.4832   249      415.0000      420.5000 63094926    1.33%
Elapsed time = 12302.48 sec. (1850004.74 ticks, tree = 450.77 MB, solutions = 17)
  35712 15778      419.7917   434      415.0000      420.5000 63608759    1.33%
  35790 15822      418.8125   314      415.0000      420.5000 63913422    1.33%
  35861 15795    infeasible            415.0000      420.5000 63629168    1.33%
  35920 16022      419.0228   390      415.0000      420.5000 64560423    1.33%
  35971 16062      420.4844   365      415.0000      420.5000 64726401    1.33%
  36033 15810      419.2500   428      415.0000      420.5000 63863148    1.33%
  36119 16035      418.6650   381      415.0000      420.5000 64602740    1.33%
  36200 16197      417.1250   384      415.0000      420.5000 64948408    1.33%
  36294 16093      416.0625   403      415.0000      420.5000 64759964    1.33%
  36384 16390      416.3750   320      415.0000      420.5000 65907659    1.33%
Elapsed time = 12946.31 sec. (1888422.81 ticks, tree = 477.36 MB, solutions = 17)
  36456 16403      418.7917   443      415.0000      420.5000 66014783    1.33%
  36532 16217      417.1250   373      415.0000      420.5000 65017173    1.33%
  36597 16370      420.4500   431      415.0000      420.5000 65880580    1.33%
  36666 16421      418.2500   406      415.0000      420.5000 66054723    1.33%
  36726 16660      417.1250   362      415.0000      420.5000 66877631    1.33%
  36790 16853      418.2500   414      415.0000      420.5000 67930114    1.33%
  36862 16657      419.2486   403      415.0000      420.5000 66983906    1.33%
  36937 16921      419.0625   389      415.0000      420.5000 68101870    1.33%
  37017 16902      419.2500   407      415.0000      420.5000 68007385    1.33%
  37089 16954      420.5000   488      415.0000      420.5000 68508823    1.33%
Elapsed time = 13707.22 sec. (1927628.98 ticks, tree = 495.19 MB, solutions = 17)
  37167 16756      417.3750   262      415.0000      420.5000 67555295    1.33%
  37256 17067      419.8510   377      415.0000      420.5000 69034796    1.33%
  37334 17130      417.1899   234      415.0000      420.5000 69379339    1.33%
  37421 16968      416.6250   390      415.0000      420.5000 68147266    1.33%
  37502 17209      418.2500   333      415.0000      420.5000 69555077    1.33%
  37576 17226      416.5625   331      415.0000      420.5000 69643393    1.33%
  37659 17171      416.0588   193      415.0000      420.5000 69404928    1.33%
  37735 17421      420.0833   355      415.0000      420.5000 70180613    1.33%
Exception raised in listener 'MipGapPrinter': 'int' object is not callable, id=112
  37820 17460      419.2500   245      415.0000      420.5000 70235006    1.33%
  37902 17634      419.2500   426      415.0000      420.5000 70623792    1.33%
Elapsed time = 14380.01 sec. (1966126.60 ticks, tree = 516.62 MB, solutions = 17)
  37994 17316      416.6875   343      415.0000      420.5000 69779568    1.33%
  38054 17432      416.6250   313      415.0000      420.5000 70056473    1.33%
  38078 17451      416.5000   320      415.0000      420.5000 70198748    1.33%

GUB cover cuts applied:  384
Clique cuts applied:  2
Cover cuts applied:  162
Implied bound cuts applied:  1987
Flow cuts applied:  11
Mixed integer rounding cuts applied:  282
Zero-half cuts applied:  255
Lift and project cuts applied:  26
Gomory fractional cuts applied:  185

Root node processing (before b&c):
  Real time             =  338.88 sec. (205974.31 ticks)
Parallel b&c, 24 threads:
  Real time             = 14062.03 sec. (1774901.84 ticks)
  Sync time (average)   = 3435.26 sec.
  Wait time (average)   =    0.24 sec.
                          ------------
Total (root+branch&cut) = 14400.92 sec. (1980876.15 ticks)
status  = time limit exceeded
time    = 14401 s.
problem = MILP
gap     = 1.3253%

Objective value: 415.0
[50, 50, 8, 6, 400, 143, 415, 420, 1.33, 14401.04]
number of spatial :  372
Heuristic Solution information :  [50, 50, 8, 6, 400, 147, 384, 12, 372]
