CPXPARAM_Read_DataCheck                          1
CPXPARAM_TimeLimit                               14400
Tried aggregator 2 times.
MIP Presolve eliminated 49729 rows and 453023 columns.
MIP Presolve modified 2666 coefficients.
Aggregator did 1112 substitutions.
Reduced MIP has 558517 rows, 127909 columns, and 1750668 nonzeros.
Reduced MIP has 117909 binaries, 0 generals, 0 SOSs, and 0 indicators.
Presolve time = 2.19 sec. (7777.08 ticks)
Probing time = 2.72 sec. (38.37 ticks)
Tried aggregator 1 time.
MIP Presolve eliminated 391962 rows and 7988 columns.
Reduced MIP has 166555 rows, 119921 columns, and 966744 nonzeros.
Reduced MIP has 117909 binaries, 0 generals, 0 SOSs, and 0 indicators.
Presolve time = 3.07 sec. (1798.44 ticks)
Probing time = 1.63 sec. (31.38 ticks)
Clique table members: 63597.
MIP emphasis: balance optimality and feasibility.
MIP search method: dynamic search.
Parallel mode: deterministic, using up to 24 threads.
Root relaxation solution time = 57.37 sec. (7561.24 ticks)

        Nodes                                         Cuts/
   Node  Left     Objective  IInf  Best Integer    Best Bound    ItCnt     Gap

*     0+    0                          672.0000     1122.0000            66.96%
      0     0     1106.1000  1201      672.0000     1106.1000    61066   64.60%
Exception raised in listener 'MipGapPrinter': 'int' object is not callable, id=1
*     0+    0                          850.0000     1106.1000            30.13%
Exception raised in listener 'MipGapPrinter': 'int' object is not callable, id=3
      0     0     1106.1000  1532      850.0000     Cuts: 958    99260   30.13%
      0     0     1106.1000  1255      850.0000     Cuts: 161   130271   30.13%
      0     0     1106.1000  1427      850.0000     Cuts: 682   159341   30.13%
*     0+    0                          987.0000     1106.1000            12.07%
*     0+    0                         1012.0000     1106.1000             9.30%
*     0+    0                         1022.0000     1106.1000             8.23%
*     0+    0                         1040.0000     1106.1000             6.36%
*     0+    0                         1044.0000     1106.1000             5.95%
Exception raised in listener 'MipGapPrinter': 'int' object is not callable, id=9
Heuristic still looking.
Heuristic still looking.
*     0+    0                         1072.0000     1106.1000             3.18%
*     0+    0                         1074.0000     1106.1000             2.99%
Exception raised in listener 'MipGapPrinter': 'int' object is not callable, id=10
      0     2     1106.1000   754     1074.0000     1106.1000   159341    2.99%
Elapsed time = 3700.55 sec. (328643.69 ticks, tree = 0.02 MB, solutions = 9)
      1     3     1106.1000   928     1074.0000     1106.1000   160757    2.99%
      2     4     1106.1000   855     1074.0000     1106.1000   161934    2.99%
      3     5     1106.1000   795     1074.0000     1106.1000   163011    2.99%
      4     6     1106.1000   824     1074.0000     1106.1000   164513    2.99%
      5     7     1106.1000   905     1074.0000     1106.1000   165158    2.99%
      6     8     1106.1000   895     1074.0000     1106.1000   165372    2.99%
      7     9     1106.1000   925     1074.0000     1106.1000   165913    2.99%
      8    10     1106.1000   915     1074.0000     1106.1000   166655    2.99%
      9    11     1106.1000   886     1074.0000     1106.1000   167150    2.99%
     10    12     1106.1000   930     1074.0000     1106.1000   167602    2.99%
Elapsed time = 4111.00 sec. (344870.78 ticks, tree = 0.07 MB, solutions = 9)
     13    15     1106.1000   804     1074.0000     1106.1000   168981    2.99%
*    16+    3                         1078.0000     1106.1000             2.61%
     16     5     1106.1000   752     1078.0000     1106.1000   162652    2.61%
Exception raised in listener 'MipGapPrinter': 'int' object is not callable, id=27
     17    17     1106.1000   795     1078.0000     1106.1000   172751    2.61%
*    18+    6                         1080.0000     1106.1000             2.42%
     19     3     1106.1000   868     1080.0000     1106.1000   160726    2.42%
     22    22     1106.1000   753     1080.0000     1106.1000   177480    2.42%
     24    24     1106.1000   763     1080.0000     1106.1000   178744    2.42%
     29    28     1106.1000   887     1080.0000     1106.1000   183606    2.42%
*    33+    8                         1082.0000     1106.1000             2.23%
     33    29     1106.1000   781     1082.0000     1106.1000   184637    2.23%
     39    29     1106.1000   752     1082.0000     1106.1000   186759    2.23%
     50    36     1106.1000   726     1082.0000     1106.1000   189075    2.23%
Elapsed time = 4499.85 sec. (365252.57 ticks, tree = 0.41 MB, solutions = 14)
     60    48     1106.1000   729     1082.0000     1106.1000   192910    2.23%
     72    40     1106.1000   719     1082.0000     1106.1000   190788    2.23%
     86    57     1106.1000   701     1082.0000     1106.1000   198642    2.23%
    100    63     1106.1000   776     1082.0000     1106.1000   203640    2.23%
    118    74     1106.1000   740     1082.0000     1106.1000   209864    2.23%
    139    69     1106.1000   742     1082.0000     1106.1000   206415    2.23%
    159   101     1106.1000   821     1082.0000     1106.1000   218782    2.23%
    183   103     1106.1000   736     1082.0000     1106.1000   220165    2.23%
    214   183     1106.1000   664     1082.0000     1106.1000   252270    2.23%
*   226+   21                         1084.0000     1106.1000             2.04%
    244   195     1106.1000   698     1084.0000     1106.1000   257287    2.04%
Elapsed time = 4688.71 sec. (375149.86 ticks, tree = 6.95 MB, solutions = 17)
    272   255     1106.1000   609     1084.0000     1106.1000   283924    2.04%
    303   272     1105.8750   716     1084.0000     1106.1000   289989    2.04%
    337   277     1105.8750   672     1084.0000     1106.1000   290677    2.04%
    371   304     1106.1000   554     1084.0000     1106.1000   301981    2.04%
    404   350     1106.1000   529     1084.0000     1106.1000   318848    2.04%
    442   313     1106.1000   559     1084.0000     1106.1000   304870    2.04%
Exception raised in listener 'MipGapPrinter': 'int' object is not callable, id=28
    481    21     1106.1000   743     1084.0000     1106.1000   176388    2.04%
    514   400     1106.1000   504     1084.0000     1106.1000   339355    2.04%
    559   479     1106.1000   506     1084.0000     1106.1000   385552    2.04%
    607   434     1106.1000   603     1084.0000     1106.1000   357042    2.04%
Elapsed time = 4861.10 sec. (384877.28 ticks, tree = 13.09 MB, solutions = 27)
    655   471     1106.1000   711     1084.0000     1106.1000   383378    2.04%
    719   495     1106.1000   474     1084.0000     1106.1000   393406    2.04%
    786   588     1106.1000   744     1084.0000     1106.1000   475582    2.04%
    856   565     1105.8750   642     1084.0000     1106.1000   450151    2.04%
    932   726     1106.1000   565     1084.0000     1106.1000   542846    2.04%
   1011   655     1105.8750   505     1084.0000     1106.1000   505558    2.04%
   1098   831     1106.1000   769     1084.0000     1106.1000   603151    2.04%
   1179   703     1106.1000   748     1084.0000     1106.1000   527763    2.04%
   1270   740     1106.1000   502     1084.0000     1106.1000   552641    2.04%
   1351   969     1106.1000   623     1084.0000     1106.1000   667166    2.04%
Elapsed time = 5092.27 sec. (394660.20 ticks, tree = 31.05 MB, solutions = 34)
   1424  1055     1105.8750   538     1084.0000     1106.1000   711787    2.04%
   1508  1120     1106.1000   662     1084.0000     1106.1000   743244    2.04%
   1595  1108     1105.8750   544     1084.0000     1106.1000   738384    2.04%
   1676  1235     1106.1000   602     1084.0000     1106.1000   801527    2.04%
   1764  1422     1106.1000   686     1084.0000     1106.1000   870829    2.04%
   1857  1318     1105.8750   685     1084.0000     1106.1000   834115    2.04%
   1955  1486     1106.1000   602     1084.0000     1106.1000   893337    2.04%
   2065  1588     1106.1000   714     1084.0000     1106.1000   929886    2.04%
   2170  1437     1106.1000   637     1084.0000     1106.1000   876914    2.04%
   2266  1749     1106.1000   504     1084.0000     1106.1000  1008131    2.04%
Elapsed time = 5308.50 sec. (404319.82 ticks, tree = 70.61 MB, solutions = 34)
   2365  1698     1106.1000   569     1084.0000     1106.1000   983564    2.04%
   2464  1789     1105.8750   363     1084.0000     1106.1000  1035208    2.04%
   2549  1770     1106.1000   578     1084.0000     1106.1000  1016265    2.04%
   2625  2089     1106.1000   469     1084.0000     1106.1000  1159823    2.04%
   2705  2004     1106.1000   446     1084.0000     1106.1000  1120038    2.04%
   2790  2030     1105.8750   538     1084.0000     1106.1000  1131349    2.04%
   2872  2012     1105.8750   421     1084.0000     1106.1000  1123661    2.04%
   2937  2349     1105.8750   387     1084.0000     1106.1000  1263454    2.04%
   2994  2325     1106.1000   513     1084.0000     1106.1000  1250736    2.04%
   3054  2239     1105.8750   330     1084.0000     1106.1000  1217723    2.04%
Elapsed time = 5527.19 sec. (413973.59 ticks, tree = 96.12 MB, solutions = 34)
   3105  2462     1105.8750   487     1084.0000     1106.1000  1307843    2.04%
   3160  2303     1106.1000   465     1084.0000     1106.1000  1246966    2.04%
   3210  2384     1106.1000   534     1084.0000     1106.1000  1276186    2.04%
   3250  2391     1106.1000   509     1084.0000     1106.1000  1278094    2.04%
   3283  2509     1105.8750   365     1084.0000     1106.1000  1328908    2.04%
   3330  2513     1105.8750   373     1084.0000     1106.1000  1331488    2.04%
   3382  2697     1106.1000   452     1084.0000     1106.1000  1411383    2.04%
   3436  2769     1106.1000   557     1084.0000     1106.1000  1443177    2.04%
   3495  2764     1105.8750   362     1084.0000     1106.1000  1427696    2.04%
   3552  2810     1105.8750   488     1084.0000     1106.1000  1459137    2.04%
Elapsed time = 5780.26 sec. (423617.30 ticks, tree = 128.10 MB, solutions = 34)
   3604  2776     1105.8750   343     1084.0000     1106.1000  1432926    2.04%
   3644  2246     1105.8750   590     1084.0000     1106.1000  1217610    2.04%
   3707  3005     1105.8750   331     1084.0000     1106.1000  1549290    2.04%
   3781  2958    infeasible           1084.0000     1106.1000  1533105    2.04%
   3854  2887     1105.8750   336     1084.0000     1106.1000  1499740    2.04%
   3928  3146     1105.8750   300     1084.0000     1106.1000  1610550    2.04%
   3996  3197    infeasible           1084.0000     1106.1000  1631205    2.04%
   4062  3064     1106.1000   543     1084.0000     1106.1000  1569073    2.04%
   4136  3136     1105.8750   466     1084.0000     1106.1000  1598520    2.04%
   4217  3328     1106.1000   357     1084.0000     1106.1000  1684364    2.04%
Elapsed time = 6041.30 sec. (433261.30 ticks, tree = 159.44 MB, solutions = 34)
   4300  3185     1105.8750   501     1084.0000     1106.1000  1624610    2.04%
   4375  3340     1106.1000   355     1084.0000     1106.1000  1687461    2.04%
   4452  3456     1105.8750   368     1084.0000     1106.1000  1735880    2.04%
   4538  3484     1105.8750   419     1084.0000     1106.1000  1744138    2.04%
   4623  3612     1106.1000   361     1084.0000     1106.1000  1803655    2.04%
   4701  3749     1105.8750   505     1084.0000     1106.1000  1852273    2.04%
   4789  3652     1105.8750   338     1084.0000     1106.1000  1818258    2.04%
   4872  3729     1106.1000   362     1084.0000     1106.1000  1847036    2.04%
   4958  3982     1105.8750   363     1084.0000     1106.1000  1960953    2.04%
   5237  4346     1106.1000   422     1084.0000     1106.1000  2122459    2.04%
Elapsed time = 6483.61 sec. (445752.28 ticks, tree = 224.12 MB, solutions = 34)
   5517  4299     1102.9667   306     1084.0000     1106.1000  2102892    2.04%
   5941  4600     1106.1000   370     1084.0000     1106.1000  2271596    2.04%
*  5962+ 4190                         1086.0000     1106.1000             1.85%
   6354  4758     1105.5000   317     1086.0000     1106.1000  2368436    1.85%
   6481  4946     1105.8750   552     1086.0000     1106.1000  2464882    1.85%
   6483  2200     1106.1000   641     1086.0000     1106.1000  1199876    1.85%
   6484  1685     1106.1000   507     1086.0000     1106.1000   976037    1.85%

GUB cover cuts applied:  95
Clique cuts applied:  33
Cover cuts applied:  132
Implied bound cuts applied:  2157
Flow cuts applied:  14
Mixed integer rounding cuts applied:  442
Zero-half cuts applied:  136
Gomory fractional cuts applied:  48

Root node processing (before b&c):
  Real time             = 3677.26 sec. (328529.27 ticks)
Parallel b&c, 24 threads:
  Real time             = 10727.99 sec. (452314.58 ticks)
  Sync time (average)   = 1092.76 sec.
  Wait time (average)   =    0.00 sec.
                          ------------
Total (root+branch&cut) = 14405.24 sec. (780843.85 ticks)
status  = time limit exceeded
time    = 14407.1 s.
problem = MILP
gap     = 1.39963%

Objective value: 1086.0
[50, 200, 8, 6, 400, 382, 1086, 1101, 1.4, 14407.12]
number of spatial :  961
Heuristic Solution information :  [50, 200, 8, 6, 400, 345, 973, 12, 961]
