CPXPARAM_Read_DataCheck                          1
CPXPARAM_TimeLimit                               14400
Tried aggregator 2 times.
MIP Presolve eliminated 50002 rows and 169860 columns.
MIP Presolve modified 3928 coefficients.
Aggregator did 2728 substitutions.
Reduced MIP has 314473 rows, 122161 columns, and 1406763 nonzeros.
Reduced MIP has 117161 binaries, 0 generals, 0 SOSs, and 0 indicators.
Presolve time = 1.34 sec. (9192.53 ticks)
Probing time = 0.54 sec. (36.58 ticks)
Tried aggregator 1 time.
MIP Presolve eliminated 147000 rows and 3000 columns.
Reduced MIP has 167473 rows, 119161 columns, and 1112763 nonzeros.
Reduced MIP has 117161 binaries, 0 generals, 0 SOSs, and 0 indicators.
Presolve time = 0.96 sec. (1861.81 ticks)
Probing time = 0.43 sec. (35.21 ticks)
Clique table members: 63173.
MIP emphasis: balance optimality and feasibility.
MIP search method: dynamic search.
Parallel mode: deterministic, using up to 24 threads.
Root relaxation solution time = 61.33 sec. (17318.56 ticks)

        Nodes                                         Cuts/
   Node  Left     Objective  IInf  Best Integer    Best Bound    ItCnt     Gap

*     0+    0                          669.0000     2754.0000           311.66%
      0     0     2313.5833  1501      669.0000     2313.5833   156643  245.83%
Exception raised in listener 'MipGapPrinter': 'int' object is not callable, id=1
*     0+    0                         1433.0000     2313.5833            61.45%
Exception raised in listener 'MipGapPrinter': 'int' object is not callable, id=3
      0     0     2205.1389  1629     1433.0000    Cuts: 1321   187316   53.88%
      0     0     2108.6528  1529     1433.0000     Cuts: 953   229307   47.15%
      0     0     2059.8611  1621     1433.0000     Cuts: 841   272107   43.74%
*     0+    0                         1709.0000     2059.8611            20.53%
*     0+    0                         1751.0000     2059.8611            17.64%
Exception raised in listener 'MipGapPrinter': 'int' object is not callable, id=9
      0     0     2036.1667  1463     1751.0000     Cuts: 996   302780   16.29%
      0     0     2022.7500  1642     1751.0000     Cuts: 707   336713   15.52%
*     0+    0                         1753.0000     2022.7500            15.39%
Exception raised in listener 'MipGapPrinter': 'int' object is not callable, id=13
      0     0     2016.2500  1662     1753.0000     Cuts: 821   368823   15.02%
      0     0     2015.5000  1910     1753.0000     Cuts: 634   404292   14.97%
*     0+    0                         1885.0000     2015.5000             6.92%
Exception raised in listener 'MipGapPrinter': 'int' object is not callable, id=17
      0     0     2015.5000  1777     1885.0000     Cuts: 636   446950    6.92%
      0     0     2015.5000  1669     1885.0000     Cuts: 577   479872    6.92%
*     0+    0                         1918.0000     2015.5000             5.08%
Exception raised in listener 'MipGapPrinter': 'int' object is not callable, id=21
      0     0     2015.5000  1733     1918.0000     Cuts: 570   514608    5.08%
*     0+    0                         1927.0000     2015.5000             4.59%
Exception raised in listener 'MipGapPrinter': 'int' object is not callable, id=24
      0     0     2015.5000  1269     1927.0000      Cuts: 33   536498    4.59%
      0     0     2015.5000  1280     1927.0000     Cuts: 528   569796    4.59%
*     0+    0                         1935.0000     2015.5000             4.16%
*     0+    0                         1948.0000     2015.5000             3.47%
*     0+    0                         1953.0000     2015.5000             3.20%
Exception raised in listener 'MipGapPrinter': 'int' object is not callable, id=28
Heuristic still looking.
Heuristic still looking.
Heuristic still looking.
*     0+    0                         1965.0000     2015.5000             2.57%
Exception raised in listener 'MipGapPrinter': 'int' object is not callable, id=29
      0     2     2015.5000   662     1965.0000     2015.5000   569796    2.57%
Elapsed time = 6874.12 sec. (1295955.29 ticks, tree = 0.02 MB, solutions = 12)
      1     3     2015.5000   629     1965.0000     2015.5000   571833    2.57%
      2     4     2015.5000   606     1965.0000     2015.5000   572833    2.57%
      3     5     2015.5000   577     1965.0000     2015.5000   573912    2.57%
      4     6     2015.5000   588     1965.0000     2015.5000   574837    2.57%
      5     7     2015.5000   645     1965.0000     2015.5000   576176    2.57%
      6     8     2015.5000   637     1965.0000     2015.5000   576749    2.57%
      7     9     2015.5000   588     1965.0000     2015.5000   578446    2.57%
      8    10     2015.5000   619     1965.0000     2015.5000   579080    2.57%
      9    11     2015.5000   690     1965.0000     2015.5000   581083    2.57%
     11    13     2015.5000   605     1965.0000     2015.5000   583187    2.57%
Elapsed time = 7073.69 sec. (1308149.07 ticks, tree = 0.07 MB, solutions = 12)
     13    15     2015.5000   586     1965.0000     2015.5000   585621    2.57%
     15     3     2015.5000   647     1965.0000     2015.5000   570287    2.57%
     17    17     2015.5000   641     1965.0000     2015.5000   589077    2.57%
     19     7     2015.5000   590     1965.0000     2015.5000   575982    2.57%
     23     6     2015.5000   598     1965.0000     2015.5000   574258    2.57%
     31    28     2015.5000   596     1965.0000     2015.5000   606122    2.57%
     42    33    infeasible           1965.0000     2015.5000   610996    2.57%
     60    33     2015.5000   627     1965.0000     2015.5000   611536    2.57%
     79    36     2015.5000   615     1965.0000     2015.5000   616012    2.57%
     97    37     2015.5000   594     1965.0000     2015.5000   613787    2.57%
Elapsed time = 7436.94 sec. (1329235.02 ticks, tree = 0.47 MB, solutions = 12)
    119    40     2015.5000   586     1965.0000     2015.5000   618622    2.57%
    141    78     2015.5000   631     1965.0000     2015.5000   648079    2.57%
    168    74     2015.5000   683     1965.0000     2015.5000   642733    2.57%
    192    45     2015.5000   595     1965.0000     2015.5000   623637    2.57%
    220    78     2015.5000   629     1965.0000     2015.5000   645987    2.57%
    246   100     2015.5000   566     1965.0000     2015.5000   671645    2.57%
    271   187     2015.5000   573     1965.0000     2015.5000   752334    2.57%
    295   206     2015.5000   607     1965.0000     2015.5000   772563    2.57%
    317   250    infeasible           1965.0000     2015.5000   807089    2.57%
    341   236     2015.5000   612     1965.0000     2015.5000   798290    2.57%
Elapsed time = 7649.52 sec. (1339130.33 ticks, tree = 7.35 MB, solutions = 12)
    357   275     2015.5000   625     1965.0000     2015.5000   824568    2.57%
    373   236     2015.5000   557     1965.0000     2015.5000   797823    2.57%
    396   299     2015.5000   619     1965.0000     2015.5000   843387    2.57%
    410   280     2015.5000   538     1965.0000     2015.5000   827041    2.57%
    427   283     2015.5000   561     1965.0000     2015.5000   832422    2.57%
    441   333     2015.5000   559     1965.0000     2015.5000   865805    2.57%
    452   335     2015.5000   531     1965.0000     2015.5000   867453    2.57%
    465   366     2015.5000   528     1965.0000     2015.5000   887843    2.57%
    482   368     2015.5000   521     1965.0000     2015.5000   891493    2.57%
    498   396     2015.5000   495     1965.0000     2015.5000   911544    2.57%
Elapsed time = 7915.01 sec. (1349350.17 ticks, tree = 14.16 MB, solutions = 12)
    521   397    infeasible           1965.0000     2015.5000   913995    2.57%
    545   423     2015.5000   437     1965.0000     2015.5000   930454    2.57%
    566   440     2015.5000   651     1965.0000     2015.5000   947811    2.57%
    590   476    infeasible           1965.0000     2015.5000   974774    2.57%
    616   488     2015.5000   569     1965.0000     2015.5000   987725    2.57%
    644   449     2015.5000   668     1965.0000     2015.5000   955814    2.57%
    672   494     2015.5000   555     1965.0000     2015.5000   991366    2.57%
    698   511     2015.5000   585     1965.0000     2015.5000  1005548    2.57%
    720   513     2015.5000   597     1965.0000     2015.5000  1007202    2.57%
    749   544     2015.5000   508     1965.0000     2015.5000  1037475    2.57%
Elapsed time = 8186.00 sec. (1359390.45 ticks, tree = 15.35 MB, solutions = 12)
    783   616     2015.5000   578     1965.0000     2015.5000  1100415    2.57%
    821   592     2015.5000   524     1965.0000     2015.5000  1082053    2.57%
    862   619     2015.5000   614     1965.0000     2015.5000  1103469    2.57%
    896   708     2015.5000   473     1965.0000     2015.5000  1179421    2.57%
    934   672     2015.5000   559     1965.0000     2015.5000  1144202    2.57%
    961   731     2015.5000   506     1965.0000     2015.5000  1196383    2.57%
    990   688     2015.5000   560     1965.0000     2015.5000  1153640    2.57%
   1023   270     2015.5000   579     1965.0000     2015.5000   820205    2.57%
   1058   819     2015.5000   531     1965.0000     2015.5000  1262718    2.57%
   1100   782     2015.5000   428     1965.0000     2015.5000  1234484    2.57%
Elapsed time = 8466.43 sec. (1369228.47 ticks, tree = 23.48 MB, solutions = 12)
   1133   812     2015.5000   622     1965.0000     2015.5000  1258891    2.57%
   1167   792     2015.5000   543     1965.0000     2015.5000  1241642    2.57%
   1212   813    infeasible           1965.0000     2015.5000  1266064    2.57%
   1250   922     2015.5000   520     1965.0000     2015.5000  1338187    2.57%
   1292   906     2015.5000   557     1965.0000     2015.5000  1325839    2.57%
   1336   911     2015.5000   650     1965.0000     2015.5000  1328711    2.57%
   1379  1009     2015.5000   447     1965.0000     2015.5000  1428015    2.57%
   1419   922    infeasible           1965.0000     2015.5000  1351367    2.57%
   1458   991     2015.5000   411     1965.0000     2015.5000  1411747    2.57%
   1501  1163     2015.5000   597     1965.0000     2015.5000  1556142    2.57%
Elapsed time = 8691.42 sec. (1378952.94 ticks, tree = 41.25 MB, solutions = 12)
   1547  1155     2015.5000   402     1965.0000     2015.5000  1550617    2.57%
   1591  1214     2015.5000   525     1965.0000     2015.5000  1615055    2.57%
   1638  1060     2015.5000   417     1965.0000     2015.5000  1484719    2.57%
   1701  1289     2015.5000   668     1965.0000     2015.5000  1700663    2.57%
   1766  1257     2015.5000   684     1965.0000     2015.5000  1664657    2.57%
   1833  1232    infeasible           1965.0000     2015.5000  1626154    2.57%
   1898  1308     2015.5000   696     1965.0000     2015.5000  1711105    2.57%
   1962  1274    infeasible           1965.0000     2015.5000  1696284    2.57%
   2015  1507     2015.5000   457     1965.0000     2015.5000  1964699    2.57%
   2079  1323     2015.5000   375     1965.0000     2015.5000  1742981    2.57%
Elapsed time = 8902.53 sec. (1388603.69 ticks, tree = 48.86 MB, solutions = 12)
*  2112+ 1549                         1968.0000     2015.5000             2.41%
   2145  1609     2015.5000   385     1968.0000     2015.5000  2111926    2.41%
   2203  1464     2015.5000   364     1968.0000     2015.5000  1920749    2.41%
   2260  1402    infeasible           1968.0000     2015.5000  1819637    2.41%
   2318  1643     2015.5000   409     1968.0000     2015.5000  2131811    2.41%
   2378  1523     2015.5000   415     1968.0000     2015.5000  2002789    2.41%
Exception raised in listener 'MipGapPrinter': 'int' object is not callable, id=51
   2433  1668     2015.5000   441     1968.0000     2015.5000  2153554    2.41%
   2493  1798    infeasible           1968.0000     2015.5000  2300950    2.41%
   2552  1817     2015.5000   371     1968.0000     2015.5000  2320237    2.41%
   2601  1721     2015.5000   373     1968.0000     2015.5000  2229980    2.41%
   2659  1841     2015.5000   623     1968.0000     2015.5000  2330992    2.41%
Elapsed time = 9111.61 sec. (1398224.93 ticks, tree = 74.44 MB, solutions = 13)
   2719  1684     2015.5000   459     1968.0000     2015.5000  2172291    2.41%
   2779  1982     2015.5000   420     1968.0000     2015.5000  2495163    2.41%
   2830  1850     2015.5000   392     1968.0000     2015.5000  2364196    2.41%
   2884  1912     2015.5000   364     1968.0000     2015.5000  2436160    2.41%
   2942  1913     2015.5000   386     1968.0000     2015.5000  2439858    2.41%
   2992  1932     2015.5000   382     1968.0000     2015.5000  2462286    2.41%
   3052  2137     2015.5000   548     1968.0000     2015.5000  2678847    2.41%
   3104  2093     2015.5000   428     1968.0000     2015.5000  2643640    2.41%
   3161  2022     2015.5000   395     1968.0000     2015.5000  2549723    2.41%
   3362  2234    infeasible           1968.0000     2015.5000  2862610    2.41%
Elapsed time = 9344.75 sec. (1410792.20 ticks, tree = 95.73 MB, solutions = 13)
   3559  2473     2015.5000   306     1968.0000     2015.5000  3202878    2.41%
   3783  2466     2015.5000   426     1968.0000     2015.5000  3196683    2.41%
   4000  2610     2015.5000   429     1968.0000     2015.5000  3392711    2.41%
   4198  2713     2015.5000   347     1968.0000     2015.5000  3590889    2.41%
   4424  2901     2015.5000   317     1968.0000     2015.5000  3914693    2.41%
   4653  2922     2015.5000   289     1968.0000     2015.5000  3951065    2.41%
   4852  3127     2015.5000   328     1968.0000     2015.5000  4331444    2.41%
   5049  3206     2015.5000   316     1968.0000     2015.5000  4475582    2.41%
   5201  3463    infeasible           1968.0000     2015.5000  4973245    2.41%
   5353  3487    infeasible           1968.0000     2015.5000  5034731    2.41%
Elapsed time = 10106.88 sec. (1449048.32 ticks, tree = 172.59 MB, solutions = 13)
   5493  3490    infeasible           1968.0000     2015.5000  5043310    2.41%
   5656  3566    infeasible           1968.0000     2015.5000  5204062    2.41%
   5723  3624     2015.5000   695     1968.0000     2015.5000  5315216    2.41%
   5724    24     2015.5000   619     1968.0000     2015.5000   600823    2.41%
   5725  1576     2015.5000   648     1968.0000     2015.5000  2082094    2.41%
   5726    23     2015.5000   677     1968.0000     2015.5000   599100    2.41%

GUB cover cuts applied:  527
Clique cuts applied:  16
Cover cuts applied:  59
Implied bound cuts applied:  3303
Flow cuts applied:  9
Mixed integer rounding cuts applied:  638
Zero-half cuts applied:  408
Lift and project cuts applied:  41
Gomory fractional cuts applied:  37

Root node processing (before b&c):
  Real time             = 6848.82 sec. (1295633.26 ticks)
Parallel b&c, 24 threads:
  Real time             = 7551.49 sec. (492259.00 ticks)
  Sync time (average)   =  874.88 sec.
  Wait time (average)   =    0.00 sec.
                          ------------
Total (root+branch&cut) = 14400.31 sec. (1787892.26 ticks)
status  = time limit exceeded
time    = 14402.6 s.
problem = MILP
gap     = 2.41362%

Objective value: 1968.0
[50, 100, 8, 6, 400, 260, 1968, 2015, 2.41, 14402.63]
number of spatial :  1624
Heuristic Solution information :  [50, 100, 8, 6, 400, 243, 1652, 28, 1624]
