CPXPARAM_Read_DataCheck                          1
CPXPARAM_TimeLimit                               14400
Aggregator has done 2728 substitutions...
Tried aggregator 2 times.
MIP Presolve eliminated 50300 rows and 453077 columns.
MIP Presolve modified 4028 coefficients.
Aggregator did 2728 substitutions.
Reduced MIP has 559572 rows, 128944 columns, and 1927098 nonzeros.
Reduced MIP has 118944 binaries, 0 generals, 0 SOSs, and 0 indicators.
Presolve time = 4.01 sec. (17138.31 ticks)
Probing time = 2.46 sec. (45.44 ticks)
Tried aggregator 1 time.
MIP Presolve eliminated 392000 rows and 8000 columns.
Reduced MIP has 167572 rows, 120944 columns, and 1143098 nonzeros.
Reduced MIP has 118944 binaries, 0 generals, 0 SOSs, and 0 indicators.
Presolve time = 2.45 sec. (2020.46 ticks)
Probing time = 1.91 sec. (35.26 ticks)
Clique table members: 63599.
MIP emphasis: balance optimality and feasibility.
MIP search method: dynamic search.
Parallel mode: deterministic, using up to 24 threads.
Root relaxation solution time = 84.81 sec. (9652.04 ticks)

        Nodes                                         Cuts/
   Node  Left     Objective  IInf  Best Integer    Best Bound    ItCnt     Gap

*     0+    0                         1560.0000     2754.0000            76.54%
      0     0     2724.2500  1126     1560.0000     2724.2500    84842   74.63%
Exception raised in listener 'MipGapPrinter': 'int' object is not callable, id=1
*     0+    0                         2113.0000     2724.2500            28.93%
Exception raised in listener 'MipGapPrinter': 'int' object is not callable, id=3
      0     0     2724.2500  1317     2113.0000     Cuts: 961   114115   28.93%
      0     0     2724.2500  1336     2113.0000     Cuts: 261   141118   28.93%
Heuristic still looking.
Heuristic still looking.
*     0+    0                         2420.0000     2724.2500            12.57%
*     0+    0                         2424.0000     2724.2500            12.39%
*     0+    0                         2500.0000     2724.2500             8.97%
*     0+    0                         2512.0000     2724.2500             8.45%
*     0+    0                         2516.0000     2724.2500             8.28%
Exception raised in listener 'MipGapPrinter': 'int' object is not callable, id=7
      0     2     2724.2500   698     2516.0000     2724.2500   141118    8.28%
Elapsed time = 1603.10 sec. (208128.81 ticks, tree = 0.02 MB, solutions = 7)
      1     3     2724.2500   938     2516.0000     2724.2500   160692    8.28%
      2     4     2724.2500  1141     2516.0000     2724.2500   184117    8.28%
*     3+    1                         2544.0000     2724.2500             7.09%
*     3+    1                         2602.0000     2724.2500             4.70%
      3     3     2724.2500  1075     2602.0000     2724.2500   166019    4.70%
Exception raised in listener 'MipGapPrinter': 'int' object is not callable, id=11
      4     5     2724.2500  1140     2602.0000     2724.2500   204182    4.70%
      5     7     2724.2500  1162     2602.0000     2724.2500   231620    4.70%
      6     8     2724.2500  1258     2602.0000     2724.2500   234462    4.70%
      7     9     2724.2500  1377     2602.0000     2724.2500   237884    4.70%
      8    10     2724.2500  1274     2602.0000     2724.2500   238354    4.70%
      9    11     2724.2500  1279     2602.0000     2724.2500   238745    4.70%
     10    12     2724.2500  1233     2602.0000     2724.2500   242344    4.70%
Elapsed time = 1998.02 sec. (290111.64 ticks, tree = 1.17 MB, solutions = 9)
     12    14     2724.2500  1170     2602.0000     2724.2500   245846    4.70%
     15    17     2724.2500  1111     2602.0000     2724.2500   250988    4.70%
     18    18     2724.2500  1077     2602.0000     2724.2500   252723    4.70%
     21    19     2724.2500  1415     2602.0000     2724.2500   278918    4.70%
     24    26     2724.2500   924     2602.0000     2724.2500   309849    4.70%
*    28+    5                         2626.0000     2724.2500             3.74%
     28    29     2724.2500   891     2626.0000     2724.2500   317937    3.74%
     32    31     2724.2500   885     2626.0000     2724.2500   319241    3.74%
     38    32     2724.2500  1128     2626.0000     2724.2500   321326    3.74%
     41    20     2724.2500  1146     2626.0000     2724.2500   307646    3.74%
     44    30     2724.2500  1170     2626.0000     2724.2500   322707    3.74%
Elapsed time = 2200.57 sec. (304449.71 ticks, tree = 0.11 MB, solutions = 11)
     51    38     2724.2500   804     2626.0000     2724.2500   329232    3.74%
*    52+    7                         2630.0000     2724.2500             3.58%
     56    41     2724.2500   762     2630.0000     2724.2500   333253    3.58%
     61    45     2724.2500   794     2630.0000     2724.2500   336599    3.58%
     68    34     2724.2500  1047     2630.0000     2724.2500   336375    3.58%
     76    52    infeasible           2630.0000     2724.2500   353461    3.58%
     79    65     2724.2500   975     2630.0000     2724.2500   378898    3.58%
     84    55     2724.2500   758     2630.0000     2724.2500   365318    3.58%
     94    40     2724.2500  1034     2630.0000     2724.2500   340565    3.58%
    101    89     2724.2500   763     2630.0000     2724.2500   425551    3.58%
    108    77     2724.2500   989     2630.0000     2724.2500   400892    3.58%
Elapsed time = 2373.42 sec. (314877.09 ticks, tree = 2.42 MB, solutions = 11)
    112    79     2724.2500   951     2630.0000     2724.2500   403605    3.58%
*   114+    7                         2650.0000     2724.2500             2.80%
    120    95     2724.2500   734     2650.0000     2724.2500   433445    2.80%
    127   114     2724.2500   839     2650.0000     2724.2500   471202    2.80%
    135   116     2724.2500   885     2650.0000     2724.2500   475497    2.80%
    140   119     2724.2500   833     2650.0000     2724.2500   479135    2.80%
    147   135     2724.2500   842     2650.0000     2724.2500   507136    2.80%
    154   142    infeasible           2650.0000     2724.2500   523803    2.80%
    164   154     2724.2500   723     2650.0000     2724.2500   547943    2.80%
    173   157     2724.2500   703     2650.0000     2724.2500   552244    2.80%
    181   161     2724.2500   657     2650.0000     2724.2500   555942    2.80%
Elapsed time = 2516.68 sec. (325264.11 ticks, tree = 6.69 MB, solutions = 11)
    193   172     2724.2500   796     2650.0000     2724.2500   570629    2.80%
Exception raised in listener 'MipGapPrinter': 'int' object is not callable, id=35
    204   169     2724.2500   733     2650.0000     2724.2500   564106    2.80%
    212   187     2724.2500   794     2650.0000     2724.2500   618408    2.80%
*   214+   15                         2662.0000     2724.2500             2.34%
    222   175     2724.2500  1264     2662.0000     2724.2500   607450    2.34%
Exception raised in listener 'MipGapPrinter': 'int' object is not callable, id=36
    228   199    infeasible           2662.0000     2724.2500   646612    2.34%
    237   207     2724.2500   681     2662.0000     2724.2500   668610    2.34%
    245   215     2724.2500   891     2662.0000     2724.2500   678730    2.34%
    258   229     2724.2500  1252     2662.0000     2724.2500   727678    2.34%
    273   234     2724.2500   686     2662.0000     2724.2500   722612    2.34%
    287   232     2724.2500  1171     2662.0000     2724.2500   734583    2.34%
Elapsed time = 2725.04 sec. (335706.69 ticks, tree = 8.77 MB, solutions = 23)
    302   234     2724.2500  1177     2662.0000     2724.2500   737885    2.34%
Exception raised in listener 'MipGapPrinter': 'int' object is not callable, id=38
    317   255     2724.2500   639     2662.0000     2724.2500   790388    2.34%
    334   274     2724.2500   603     2662.0000     2724.2500   812350    2.34%
    350   285     2724.2500  1112     2662.0000     2724.2500   849645    2.34%
    368   280     2724.2500   935     2662.0000     2724.2500   840130    2.34%
    388   299     2724.2500   703     2662.0000     2724.2500   892012    2.34%
    406   282     2724.2500   877     2662.0000     2724.2500   846215    2.34%
    434   333     2724.2500   573     2662.0000     2724.2500   971289    2.34%
    461   352     2724.2500   587     2662.0000     2724.2500   996485    2.34%
    482   385     2724.2500   648     2662.0000     2724.2500  1062157    2.34%
Elapsed time = 2880.50 sec. (346010.43 ticks, tree = 14.25 MB, solutions = 33)
    508   367     2724.2500  1035     2662.0000     2724.2500  1051732    2.34%
    527   423     2724.2500   541     2662.0000     2724.2500  1088855    2.34%
    541   408     2724.2500   993     2662.0000     2724.2500  1080915    2.34%
    562   431     2724.2500   514     2662.0000     2724.2500  1091928    2.34%
    584   491     2724.2500   851     2662.0000     2724.2500  1181479    2.34%
    601   470    infeasible           2662.0000     2724.2500  1172072    2.34%
    624   467     2724.2500   746     2662.0000     2724.2500  1154950    2.34%
    651   499     2724.2500   841     2662.0000     2724.2500  1185055    2.34%
    674   494     2724.2500  1047     2662.0000     2724.2500  1187250    2.34%
    689   502     2724.2500   857     2662.0000     2724.2500  1186439    2.34%
Elapsed time = 3023.41 sec. (356009.09 ticks, tree = 19.15 MB, solutions = 44)
    708   528     2724.2500   448     2662.0000     2724.2500  1230936    2.34%
    730   581     2724.2500  1006     2662.0000     2724.2500  1261571    2.34%
    746   614     2724.2500   490     2662.0000     2724.2500  1283090    2.34%
    768   571     2724.2500   621     2662.0000     2724.2500  1254206    2.34%
    798   650     2724.2500   679     2662.0000     2724.2500  1300439    2.34%
    820   626     2724.2500   437     2662.0000     2724.2500  1286559    2.34%
    847    11     2724.2500  1271     2662.0000     2724.2500   238468    2.34%
    869   588     2724.2500  1053     2662.0000     2724.2500  1269285    2.34%
    905   677     2724.2500   566     2662.0000     2724.2500  1312776    2.34%
    926   662     2724.2500   620     2662.0000     2724.2500  1307205    2.34%
Elapsed time = 3214.29 sec. (365744.82 ticks, tree = 21.59 MB, solutions = 66)
    949   729     2724.2500   467     2662.0000     2724.2500  1344874    2.34%
    979   735     2724.2500   972     2662.0000     2724.2500  1353722    2.34%
   1012   735     2724.2500   410     2662.0000     2724.2500  1348259    2.34%
   1044   771     2724.2500   748     2662.0000     2724.2500  1369498    2.34%
   1074   732     2724.2500   942     2662.0000     2724.2500  1349646    2.34%
   1105   811     2724.2500   541     2662.0000     2724.2500  1385403    2.34%
   1129   755    infeasible           2662.0000     2724.2500  1356666    2.34%
   1163   688     2724.2500   962     2662.0000     2724.2500  1322912    2.34%
   1193   822     2724.2500   702     2662.0000     2724.2500  1395881    2.34%
   1222   824    infeasible           2662.0000     2724.2500  1397408    2.34%
Elapsed time = 3359.70 sec. (375586.84 ticks, tree = 27.53 MB, solutions = 66)
   1257   897     2724.2500   350     2662.0000     2724.2500  1434555    2.34%
   1286   959     2724.2500   577     2662.0000     2724.2500  1471698    2.34%
   1314   959     2724.2500   591     2662.0000     2724.2500  1472995    2.34%
   1346   962     2724.2500   581     2662.0000     2724.2500  1475547    2.34%
   1385  1010     2717.0833   471     2662.0000     2724.2500  1505810    2.34%
   1426   906    infeasible           2662.0000     2724.2500  1444948    2.34%
   1465  1071     2724.2500   939     2662.0000     2724.2500  1542774    2.34%
   1511  1046     2724.2500   992     2662.0000     2724.2500  1533188    2.34%
   1556   971     2724.2500   939     2662.0000     2724.2500  1482756    2.34%
   1705  1168     2724.2500   860     2662.0000     2724.2500  1599231    2.34%
Elapsed time = 3560.43 sec. (388200.33 ticks, tree = 44.71 MB, solutions = 66)
   1895  1199    infeasible           2662.0000     2724.2500  1612257    2.34%
   2118  1456     2724.2500   357     2662.0000     2724.2500  1759934    2.34%
   2364  1519     2724.2500   741     2662.0000     2724.2500  1791933    2.34%
   2602  1831     2724.2500   359     2662.0000     2724.2500  1949645    2.34%
   2851  1703     2724.2500   710     2662.0000     2724.2500  1882346    2.34%
   3084  2060     2724.2500   689     2662.0000     2724.2500  2085521    2.34%
   3329  2206     2717.0833   377     2662.0000     2724.2500  2156611    2.34%
   3517  2464     2724.2500   664     2662.0000     2724.2500  2312448    2.34%
   3682  2277     2724.2500   640     2662.0000     2724.2500  2198917    2.34%
   3868  2827     2724.2500   635     2662.0000     2724.2500  2492651    2.34%
Elapsed time = 4190.45 sec. (426600.85 ticks, tree = 129.10 MB, solutions = 75)
   4122  2527     2724.2500   852     2662.0000     2724.2500  2351428    2.34%
   4412  2854     2724.2500   584     2662.0000     2724.2500  2504255    2.34%
   4679  3022    infeasible           2662.0000     2724.2500  2610242    2.34%
   4951  3389     2724.2500   423     2662.0000     2724.2500  2795123    2.34%
*  4975+ 2970                         2666.0000     2724.2500             2.18%
Exception raised in listener 'MipGapPrinter': 'int' object is not callable, id=50
   5272  3566     2724.2500   434     2666.0000     2724.2500  2886726    2.18%
   5534  3546     2724.2500   516     2666.0000     2724.2500  2870629    2.18%
   5866  4233     2724.2500   542     2666.0000     2724.2500  3234514    2.18%
*  6029+ 4095                         2674.0000     2724.2500             1.88%
*  6198+ 4095                         2682.0000     2724.2500             1.58%
   6291  4131     2724.2500   330     2682.0000     2724.2500  3191634    1.58%
*  6397+ 4095                         2686.0000     2724.2500             1.42%
   6695  4299     2724.2500   662     2686.0000     2724.2500  3267967    1.42%
Exception raised in listener 'MipGapPrinter': 'int' object is not callable, id=52
   7102  5020     2724.2500   390     2686.0000     2724.2500  3627702    1.42%
Elapsed time = 4827.14 sec. (464832.52 ticks, tree = 259.63 MB, solutions = 80)
   7493  4686     2724.2500   358     2686.0000     2724.2500  3457256    1.42%
   7902  5071     2724.2500   567     2686.0000     2724.2500  3647809    1.42%
   8304  5968     2724.2500   358     2686.0000     2724.2500  4094075    1.42%
   8620  5946     2724.2500   322     2686.0000     2724.2500  4078862    1.42%
   8899  6188     2720.0000   202     2686.0000     2724.2500  4203256    1.42%
   9110  6322     2717.0833   316     2686.0000     2724.2500  4273975    1.42%
   9300  6425     2721.6667   343     2686.0000     2724.2500  4328660    1.42%
   9495  7005     2724.2500   535     2686.0000     2724.2500  4640645    1.42%
   9620  7102     2717.0833   194     2686.0000     2724.2500  4695437    1.42%

GUB cover cuts applied:  138
Clique cuts applied:  38
Cover cuts applied:  190
Implied bound cuts applied:  3256
Flow cuts applied:  69
Mixed integer rounding cuts applied:  760
Zero-half cuts applied:  288
Lift and project cuts applied:  1
Gomory fractional cuts applied:  118

Root node processing (before b&c):
  Real time             = 1502.59 sec. (208075.22 ticks)
Parallel b&c, 24 threads:
  Real time             = 12900.12 sec. (894954.57 ticks)
  Sync time (average)   = 1405.82 sec.
  Wait time (average)   =    0.00 sec.
                          ------------
Total (root+branch&cut) = 14402.71 sec. (1103029.79 ticks)
status  = time limit exceeded
time    = 14405.4 s.
problem = MILP
gap     = 1.00056%

Objective value: 2686.0
[50, 200, 8, 6, 400, 383, 2686, 2712, 1.0, 14405.45]
number of spatial :  2432
Heuristic Solution information :  [50, 200, 8, 6, 400, 349, 2460, 28, 2432]
