CPXPARAM_Read_DataCheck                          1
CPXPARAM_TimeLimit                               14400
Tried aggregator 2 times.
MIP Presolve eliminated 25548 rows and 226465 columns.
MIP Presolve modified 2948 coefficients.
Aggregator did 2728 substitutions.
Reduced MIP has 280972 rows, 65556 columns, and 966291 nonzeros.
Reduced MIP has 60556 binaries, 0 generals, 0 SOSs, and 0 indicators.
Presolve time = 1.57 sec. (8650.00 ticks)
Probing time = 1.77 sec. (20.20 ticks)
Tried aggregator 1 time.
MIP Presolve eliminated 196000 rows and 4000 columns.
Reduced MIP has 84972 rows, 61556 columns, and 574291 nonzeros.
Reduced MIP has 60556 binaries, 0 generals, 0 SOSs, and 0 indicators.
Presolve time = 0.98 sec. (1026.44 ticks)
Probing time = 1.07 sec. (16.83 ticks)
Clique table members: 31993.
MIP emphasis: balance optimality and feasibility.
MIP search method: dynamic search.
Parallel mode: deterministic, using up to 24 threads.
Root relaxation solution time = 13.41 sec. (2830.21 ticks)

        Nodes                                         Cuts/
   Node  Left     Objective  IInf  Best Integer    Best Bound    ItCnt     Gap

*     0+    0                          841.0000     2754.0000           227.47%
      0     0     2109.3333  1343      841.0000     2109.3333    41244  150.81%
Exception raised in listener 'MipGapPrinter': 'int' object is not callable, id=1
*     0+    0                         1332.0000     2109.3333            58.36%
Exception raised in listener 'MipGapPrinter': 'int' object is not callable, id=3
      0     0     1937.1667  1322     1332.0000    Cuts: 1440    59385   45.43%
      0     0     1839.3333  1090     1332.0000    Cuts: 1007    71789   38.09%
      0     0     1822.3333  1064     1332.0000     Cuts: 794    84569   36.81%
*     0+    0                         1440.0000     1822.3333            26.55%
*     0+    0                         1491.0000     1822.3333            22.22%
*     0+    0                         1516.0000     1822.3333            20.21%
Exception raised in listener 'MipGapPrinter': 'int' object is not callable, id=9
      0     0     1814.4435  1107     1516.0000     Cuts: 756    97044   19.69%
      0     0     1812.6944  1057     1516.0000     Cuts: 636   112027   19.57%
*     0+    0                         1630.0000     1812.6944            11.21%
Exception raised in listener 'MipGapPrinter': 'int' object is not callable, id=14
      0     0     1810.1250  1116     1630.0000     Cuts: 592   125806   11.05%
      0     0     1808.0417  1186     1630.0000     Cuts: 614   144057   10.92%
*     0+    0                         1646.0000     1808.0417             9.84%
Exception raised in listener 'MipGapPrinter': 'int' object is not callable, id=18
      0     0     1806.7338  1064     1646.0000     Cuts: 574   158742    9.77%
      0     0     1806.2000  1183     1646.0000     Cuts: 527   173802    9.73%
      0     0     1804.8831  1131     1646.0000     Cuts: 566   191654    9.65%
*     0+    0                         1694.0000     1804.8831             6.55%
Exception raised in listener 'MipGapPrinter': 'int' object is not callable, id=24
      0     0     1803.7479  1052     1694.0000     Cuts: 494   206189    6.48%
      0     0     1802.1773  1202     1694.0000     Cuts: 441   224366    6.39%
      0     0     1799.7361   965     1694.0000     Cuts: 484   239608    6.24%
      0     0     1797.7806  1031     1694.0000     Cuts: 448   255037    6.13%
      0     0     1795.7296  1002     1694.0000     Cuts: 431   272939    6.01%
*     0+    0                         1702.0000     1795.7296             5.51%
*     0+    0                         1716.0000     1795.7296             4.65%
Exception raised in listener 'MipGapPrinter': 'int' object is not callable, id=34
      0     0     1794.7917  1042     1716.0000     Cuts: 455   286765    4.59%
      0     0     1794.2192   946     1716.0000     Cuts: 386   301704    4.56%
      0     0     1793.1201  1179     1716.0000     Cuts: 395   320256    4.49%
      0     0     1791.7443  1001     1716.0000     Cuts: 423   334770    4.41%
      0     0     1790.5463   973     1716.0000     Cuts: 448   351085    4.34%
      0     0     1789.5022   941     1716.0000     Cuts: 395   368816    4.28%
      0     0     1788.4374  1035     1716.0000     Cuts: 369   387486    4.22%
      0     0     1787.5377   971     1716.0000     Cuts: 355   403134    4.17%
      0     0     1785.6574   997     1716.0000     Cuts: 375   422092    4.06%
      0     0     1784.2294   999     1716.0000     Cuts: 358   439022    3.98%
      0     0     1783.1389   919     1716.0000     Cuts: 366   453546    3.91%
      0     0     1782.3440   937     1716.0000     Cuts: 368   470191    3.87%
*     0+    0                         1728.0000     1782.3440             3.14%
*     0+    0                         1732.0000     1782.3440             2.91%
Exception raised in listener 'MipGapPrinter': 'int' object is not callable, id=59
      0     0     1781.6923   960     1732.0000     Cuts: 362   485201    2.87%
      0     0     1781.2771  1024     1732.0000     Cuts: 376   503153    2.85%
      0     0     1780.3737   768     1732.0000     Cuts: 170   518097    2.79%
*     0+    0                         1734.0000     1780.3737             2.67%
*     0+    0                         1736.0000     1780.3737             2.56%
Exception raised in listener 'MipGapPrinter': 'int' object is not callable, id=66
      0     0     1779.7708   849     1736.0000     Cuts: 380   532952    2.52%
      0     0     1779.4167   886     1736.0000     Cuts: 406   548051    2.50%
Heuristic still looking.
Heuristic still looking.
Heuristic still looking.
*     0+    0                         1746.0000     1779.4167             1.91%
Exception raised in listener 'MipGapPrinter': 'int' object is not callable, id=71
      0     2     1779.4167   886     1746.0000     1779.4167   548051    1.91%
Elapsed time = 7441.49 sec. (829295.44 ticks, tree = 0.02 MB, solutions = 15)
      1     3     1779.4167   852     1746.0000     1779.4167   563267    1.91%
      2     4     1779.4167   961     1746.0000     1779.4167   583330    1.91%
      3     5     1779.4167   774     1746.0000     1779.4167   597121    1.91%
      4     4     1779.4167   850     1746.0000     1779.4167   579016    1.91%
      5     3     1779.4167   901     1746.0000     1779.4167   564350    1.91%
      6     6     1779.4167   740     1746.0000     1779.4167   611823    1.91%
      7     5     1779.4167   815     1746.0000     1779.4167   599392    1.91%
      8     7     1779.4167   802     1746.0000     1779.4167   627593    1.91%
      9     8     1779.4167   879     1746.0000     1779.4167   644204    1.91%
     10     9     1779.4167   762     1746.0000     1779.4167   657714    1.91%
Elapsed time = 8245.97 sec. (890438.68 ticks, tree = 0.04 MB, solutions = 15)
     12    10     1779.4167   833     1746.0000     1779.4167   675918    1.91%
     13     7     1779.4167   701     1746.0000     1779.4167   625648    1.91%
     14     8     1779.4167   832     1746.0000     1779.4167   643590    1.91%
     15    12     1779.4167   892     1746.0000     1779.4167   704527    1.91%
     16     6     1779.4167   796     1746.0000     1779.4167   610281    1.91%
     19    14     1779.4167   712     1746.0000     1779.4167   715257    1.91%
     20     9     1779.4167   749     1746.0000     1779.4167   660058    1.91%
     21    16     1779.4167   753     1746.0000     1779.4167   758179    1.91%
     22    15     1779.4167   846     1746.0000     1779.4167   745773    1.91%
     24    18     1779.4167   793     1746.0000     1779.4167   787060    1.91%
Elapsed time = 8532.34 sec. (908601.29 ticks, tree = 0.04 MB, solutions = 15)
     27    20     1779.4167   723     1746.0000     1779.4167   814090    1.91%
     30    21     1779.4167   763     1746.0000     1779.4167   828082    1.91%
     32    23     1779.4167   795     1746.0000     1779.4167   843694    1.91%
     34    25     1779.4167   704     1746.0000     1779.4167   873421    1.91%
     36    18     1779.4167   787     1746.0000     1779.4167   788033    1.91%
     39    16     1779.4167   871     1746.0000     1779.4167   759170    1.91%
     42    30     1779.4167   783     1746.0000     1779.4167   942848    1.91%
     46    21     1779.4167   898     1746.0000     1779.4167   827061    1.91%
     50    19     1779.4167   811     1746.0000     1779.4167   801302    1.91%
     51    34     1779.4167   873     1746.0000     1779.4167  1001686    1.91%
Elapsed time = 8914.08 sec. (925150.21 ticks, tree = 0.04 MB, solutions = 15)
     53    36     1779.4167   809     1746.0000     1779.4167  1027143    1.91%
     58    43     1779.4167   730     1746.0000     1779.4167  1125117    1.91%
     61    40     1779.4167   854     1746.0000     1779.4167  1082934    1.91%
     64    48     1779.4167   708     1746.0000     1779.4167  1190269    1.91%
     67    42     1779.4167   783     1746.0000     1779.4167  1114663    1.91%
     71    54     1779.4167   822     1746.0000     1779.4167  1269958    1.91%
     74    42     1779.4167   780     1746.0000     1779.4167  1108457    1.91%
     79    44     1779.4167   764     1746.0000     1779.4167  1138615    1.91%
*    82+   23                         1750.0000     1779.4167             1.68%
     84    41     1779.4167   772     1750.0000     1779.4167  1096973    1.68%
     86    49     1779.4167   651     1750.0000     1779.4167  1196293    1.68%
Elapsed time = 9311.86 sec. (941729.19 ticks, tree = 0.22 MB, solutions = 15)
     91    57     1779.4167   926     1750.0000     1779.4167  1320107    1.68%
     93    43     1779.4167   787     1750.0000     1779.4167  1130028    1.68%
     94    61     1779.4167   731     1750.0000     1779.4167  1366135    1.68%
     95    57     1779.4167   762     1750.0000     1779.4167  1315385    1.68%
     97    65     1779.4167   755     1750.0000     1779.4167  1422257    1.68%
     99    80     1779.4167   701     1750.0000     1779.4167  1620292    1.68%
    106    69     1779.4167   776     1750.0000     1779.4167  1475878    1.68%
    109    85     1779.4167   753     1750.0000     1779.4167  1682642    1.68%
    111    62     1779.4167   689     1750.0000     1779.4167  1378318    1.68%
    113    87     1779.4167   863     1750.0000     1779.4167  1708783    1.68%
Elapsed time = 9576.12 sec. (955244.87 ticks, tree = 0.71 MB, solutions = 15)
    115    66     1779.4167   824     1750.0000     1779.4167  1434530    1.68%
    117    68     1779.4167   696     1750.0000     1779.4167  1461574    1.68%
    120    70     1779.4167   717     1750.0000     1779.4167  1487882    1.68%
    121    93     1779.4167   832     1750.0000     1779.4167  1792998    1.68%
    124    86     1779.4167   693     1750.0000     1779.4167  1694980    1.68%
    127    64     1779.4167   802     1750.0000     1779.4167  1412567    1.68%
    131   103     1779.4167   670     1750.0000     1779.4167  1924951    1.68%
    132   107     1779.4167   766     1750.0000     1779.4167  1970135    1.68%
    135    88     1779.4167   890     1750.0000     1779.4167  1722936    1.68%
    137   111     1779.4167   774     1750.0000     1779.4167  2026613    1.68%
Elapsed time = 9836.19 sec. (966911.18 ticks, tree = 0.72 MB, solutions = 16)
    140   105     1779.4167   773     1750.0000     1779.4167  1946550    1.68%
    144    98     1779.4167   791     1750.0000     1779.4167  1858760    1.68%
    145   104     1779.4167   691     1750.0000     1779.4167  1937040    1.68%
    147   115     1779.4167   809     1750.0000     1779.4167  2081103    1.68%
    150   100     1779.4167   829     1750.0000     1779.4167  1890543    1.68%
Exception raised in listener 'MipGapPrinter': 'int' object is not callable, id=83
    155   113     1779.4167   753     1750.0000     1779.4167  2051633    1.68%
    161   118     1779.4167   709     1750.0000     1779.4167  2114723    1.68%
    162   130     1779.4167   805     1750.0000     1779.4167  2282725    1.68%
    163   106     1779.4167   668     1750.0000     1779.4167  1959264    1.68%
    169   132     1779.4167   931     1750.0000     1779.4167  2308524    1.68%
Elapsed time = 10113.69 sec. (979540.01 ticks, tree = 2.50 MB, solutions = 16)
    170   141     1779.4167   629     1750.0000     1779.4167  2414230    1.68%
    173   150     1779.4167   736     1750.0000     1779.4167  2520853    1.68%
    176   157     1779.4167   723     1750.0000     1779.4167  2613413    1.68%
    179   125     1779.4167   772     1750.0000     1779.4167  2209969    1.68%
    183   139     1779.4167   889     1750.0000     1779.4167  2393951    1.68%
    186   131     1779.4167   778     1750.0000     1779.4167  2295772    1.68%
    190   163     1779.4167   805     1750.0000     1779.4167  2688941    1.68%
    191   166     1779.4167   735     1750.0000     1779.4167  2733560    1.68%
    193   152     1779.4167   795     1750.0000     1779.4167  2553893    1.68%
    195   164     1779.4167   835     1750.0000     1779.4167  2706926    1.68%
Elapsed time = 10418.95 sec. (991175.66 ticks, tree = 6.16 MB, solutions = 16)
    202   149     1779.4167   806     1750.0000     1779.4167  2511067    1.68%
    205   170     1779.4167   725     1750.0000     1779.4167  2793461    1.68%
    208   175     1779.4167   864     1750.0000     1779.4167  2855895    1.68%
    210   144     1779.4167   852     1750.0000     1779.4167  2456694    1.68%
    213   139     1779.4167   781     1750.0000     1779.4167  2388426    1.68%
    216   183     1779.4167   695     1750.0000     1779.4167  2974072    1.68%
    220   175     1779.4167   704     1750.0000     1779.4167  2851765    1.68%
    224   189     1779.4167   798     1750.0000     1779.4167  3046475    1.68%
    226   165     1779.4167   807     1750.0000     1779.4167  2722979    1.68%
    229   171     1779.4167   807     1750.0000     1779.4167  2807609    1.68%
Elapsed time = 10746.26 sec. (1004112.92 ticks, tree = 5.55 MB, solutions = 16)
    231   176     1779.4167   879     1750.0000     1779.4167  2869296    1.68%
    233   204     1779.4167   640     1750.0000     1779.4167  3228505    1.68%
    236   181     1779.4167   586     1750.0000     1779.4167  2947357    1.68%
    241   206     1779.4167   773     1750.0000     1779.4167  3258461    1.68%
    245   197     1779.4167   913     1750.0000     1779.4167  3154372    1.68%
    248   211     1779.4167   760     1750.0000     1779.4167  3328602    1.68%
    251   200     1779.4167   723     1750.0000     1779.4167  3183227    1.68%
    253   219     1779.4167   828     1750.0000     1779.4167  3444588    1.68%
    257   217     1779.4167   850     1750.0000     1779.4167  3416247    1.68%
    266   230     1779.4167   775     1750.0000     1779.4167  3594785    1.68%
Elapsed time = 11148.69 sec. (1019341.78 ticks, tree = 4.95 MB, solutions = 16)
    278   212     1779.4167   918     1750.0000     1779.4167  3344216    1.68%
    285   247     1779.4167   710     1750.0000     1779.4167  3805855    1.68%
    300   250     1779.4167   644     1750.0000     1779.4167  3836347    1.68%
    309   277     1779.4167   699     1750.0000     1779.4167  4179338    1.68%
    322   273     1779.4167   747     1750.0000     1779.4167  4132326    1.68%
    331   266     1779.4167   772     1750.0000     1779.4167  4031569    1.68%
    344   265     1779.4167   699     1750.0000     1779.4167  4016676    1.68%
    356   267     1779.4167   758     1750.0000     1779.4167  4043851    1.68%
    369   294     1779.4167   570     1750.0000     1779.4167  4359891    1.68%
    379   318     1779.4167   621     1750.0000     1779.4167  4642288    1.68%
Elapsed time = 12100.34 sec. (1059766.15 ticks, tree = 6.47 MB, solutions = 16)
    394   325     1779.4167   668     1750.0000     1779.4167  4720810    1.68%
    402   330     1779.4167   610     1750.0000     1779.4167  4774885    1.68%
    417   369     1779.4167   563     1750.0000     1779.4167  5236496    1.68%
    431   376     1779.4167   677     1750.0000     1779.4167  5309814    1.68%
    444   332     1779.4167   683     1750.0000     1779.4167  4799753    1.68%
    454   402     1779.4167   644     1750.0000     1779.4167  5586353    1.68%
    473   351     1779.4167   758     1750.0000     1779.4167  5027647    1.68%
    485   346     1779.4167   810     1750.0000     1779.4167  4980338    1.68%
    497   404     1779.4167   610     1750.0000     1779.4167  5605104    1.68%
    513   454     1779.4167   636     1750.0000     1779.4167  6160242    1.68%
Elapsed time = 13027.10 sec. (1099729.53 ticks, tree = 8.80 MB, solutions = 16)
    527   467     1779.4167   522     1750.0000     1779.4167  6281094    1.68%
    541   485     1779.4167   670     1750.0000     1779.4167  6500283    1.68%
    553   424     1779.4167   700     1750.0000     1779.4167  5835478    1.68%
    568   514     1779.4167   462     1750.0000     1779.4167  6834877    1.68%
    581   506     1779.4167   718     1750.0000     1779.4167  6761969    1.68%
    591   530     1779.4167   713     1750.0000     1779.4167  7023692    1.68%
    611   493     1779.4167   622     1750.0000     1779.4167  6606957    1.68%
    623   517     1779.4167   699     1750.0000     1779.4167  6878061    1.68%
    638   529     1779.4167   604     1750.0000     1779.4167  7007470    1.68%
    654   519     1779.4167   809     1750.0000     1779.4167  6908996    1.68%
Elapsed time = 14191.40 sec. (1140335.41 ticks, tree = 10.49 MB, solutions = 16)
    668   553     1779.4167   520     1750.0000     1779.4167  7257794    1.68%
    684   533     1779.4167   621     1750.0000     1779.4167  7066923    1.68%
    692   519     1779.4167   776     1750.0000     1779.4167  6906231    1.68%

GUB cover cuts applied:  970
Clique cuts applied:  12
Cover cuts applied:  68
Implied bound cuts applied:  2710
Flow cuts applied:  58
Mixed integer rounding cuts applied:  601
Zero-half cuts applied:  564
Lift and project cuts applied:  1
Gomory fractional cuts applied:  298

Root node processing (before b&c):
  Real time             = 7286.28 sec. (829172.33 ticks)
Parallel b&c, 24 threads:
  Real time             = 7123.91 sec. (325751.66 ticks)
  Sync time (average)   = 1866.33 sec.
  Wait time (average)   =    0.00 sec.
                          ------------
Total (root+branch&cut) = 14410.19 sec. (1154923.98 ticks)
status  = time limit exceeded
time    = 14410.3 s.
problem = MILP
gap     = 1.68095%

Objective value: 1750.0
[50, 100, 8, 6, 400, 231, 1750, 1779, 1.68, 14410.25]
number of spatial :  1414
Heuristic Solution information :  [50, 100, 8, 6, 400, 222, 1442, 28, 1414]
