CPXPARAM_Read_DataCheck                          1
CPXPARAM_TimeLimit                               14400
Tried aggregator 2 times.
MIP Presolve eliminated 13164 rows and 113180 columns.
MIP Presolve modified 2408 coefficients.
Aggregator did 2728 substitutions.
Reduced MIP has 141673 rows, 33841 columns, and 485494 nonzeros.
Reduced MIP has 31341 binaries, 0 generals, 0 SOSs, and 0 indicators.
Presolve time = 0.89 sec. (4403.01 ticks)
Probing time = 1.26 sec. (9.53 ticks)
Tried aggregator 1 time.
MIP Presolve eliminated 98000 rows and 2000 columns.
Reduced MIP has 43673 rows, 31841 columns, and 289494 nonzeros.
Reduced MIP has 31341 binaries, 0 generals, 0 SOSs, and 0 indicators.
Presolve time = 0.38 sec. (524.94 ticks)
Probing time = 0.72 sec. (7.68 ticks)
Clique table members: 15999.
MIP emphasis: balance optimality and feasibility.
MIP search method: dynamic search.
Parallel mode: deterministic, using up to 24 threads.
Root relaxation solution time = 4.30 sec. (1262.04 ticks)

        Nodes                                         Cuts/
   Node  Left     Objective  IInf  Best Integer    Best Bound    ItCnt     Gap

*     0+    0                          499.0000     2754.0000           451.90%
      0     0     1355.7333  1578      499.0000     1355.7333     9729  171.69%
Exception raised in listener 'MipGapPrinter': 'int' object is not callable, id=1
*     0+    0                          690.0000     1355.7333            96.48%
Exception raised in listener 'MipGapPrinter': 'int' object is not callable, id=3
      0     0     1242.1419  1460      690.0000    Cuts: 1208    16615   80.02%
      0     0     1173.9535  1424      690.0000    Cuts: 1332    23639   70.14%
      0     0     1104.4856  1301      690.0000    Cuts: 1167    32859   60.07%
*     0+    0                          779.0000     1104.4856            41.78%
*     0+    0                          819.0000     1104.4856            34.86%
*     0+    0                          839.0000     1104.4856            31.64%
Exception raised in listener 'MipGapPrinter': 'int' object is not callable, id=9
      0     0     1048.1017  1328      839.0000     Cuts: 992    42085   24.92%
      0     0     1014.0418  1166      839.0000     Cuts: 815    48955   20.86%
      0     0      995.8095   977      839.0000     Cuts: 660    55662   18.69%
*     0+    0                          873.0000      995.8095            14.07%
*     0+    0                          884.0000      995.8095            12.65%
Exception raised in listener 'MipGapPrinter': 'int' object is not callable, id=16
      0     0      984.2573  1242      884.0000     Cuts: 553    62122   11.34%
      0     0      981.7143  1139      884.0000     Cuts: 364    66703   11.05%
      0     0      981.2857  1010      884.0000     Cuts: 221    71039   11.01%
      0     0      981.2857  1003      884.0000     Cuts: 198    75226   11.01%
      0     0      981.2857   938      884.0000     Cuts: 172    81252   11.01%
      0     0      981.2857   893      884.0000     Cuts: 198    86326   11.01%
*     0+    0                          899.0000      981.2857             9.15%
*     0+    0                          913.0000      981.2857             7.48%
*     0+    0                          915.0000      981.2857             7.24%
*     0+    0                          921.0000      981.2857             6.55%
*     0+    0                          925.0000      981.2857             6.08%
Exception raised in listener 'MipGapPrinter': 'int' object is not callable, id=29
      0     0      981.2857   893      925.0000     Cuts: 168    90937    6.08%
Heuristic still looking.
      0     2      981.2857   893      925.0000      981.2857    90937    6.08%
Elapsed time = 659.51 sec. (114545.60 ticks, tree = 0.02 MB, solutions = 12)
      1     3      981.2857   825      925.0000      981.2857    94324    6.08%
      3     3      981.2857   895      925.0000      981.2857    91160    6.08%
      4     4      981.2857   720      925.0000      981.2857    97313    6.08%
      5     4      981.2857   757      925.0000      981.2857   101497    6.08%
      7     5      981.2857   688      925.0000      981.2857   101051    6.08%
      8     6      981.2857   679      925.0000      981.2857   107251    6.08%
      9     7      981.2857   840      925.0000      981.2857   112480    6.08%
     10     8      981.2857   779      925.0000      981.2857   113815    6.08%
     11    10      981.2857   677      925.0000      981.2857   120792    6.08%
     12    12      981.2857   637      925.0000      981.2857   124923    6.08%
Elapsed time = 740.35 sec. (127633.61 ticks, tree = 0.03 MB, solutions = 12)
     18    12      981.2857   563      925.0000      981.2857   123330    6.08%
     21    18      981.2857   545      925.0000      981.2857   142876    6.08%
     29     9      981.2857   574      925.0000      981.2857   120514    6.08%
     37    26      981.2857   643      925.0000      981.2857   178390    6.08%
     40    15      981.2857   622      925.0000      981.2857   135634    6.08%
*    52+   22                          928.0000      981.2857             5.74%
*    53+   22                          930.0000      981.2857             5.51%
     53    20      981.2857   815      930.0000      981.2857   150092    5.51%
*    54+   20                          933.0000      981.2857             5.18%
*    56+   20                          938.0000      981.2857             4.61%
     59    44      981.2857   489      938.0000      981.2857   259057    4.61%
     69    43      981.2857   676      938.0000      981.2857   255464    4.61%
*    76+   22                          939.0000      981.2857             4.50%
     76    43      981.2857   474      939.0000      981.2857   252527    4.50%
     86    60      981.2857   496      939.0000      981.2857   330299    4.50%
Elapsed time = 896.76 sec. (139421.61 ticks, tree = 2.39 MB, solutions = 12)
    100    48      981.2857   670      939.0000      981.2857   277994    4.50%
    109    85      981.2857   422      939.0000      981.2857   441554    4.50%
    122    81      981.2857   644      939.0000      981.2857   433008    4.50%
    137    80      981.2857   592      939.0000      981.2857   423612    4.50%
Exception raised in listener 'MipGapPrinter': 'int' object is not callable, id=45
    147    25      981.2857   667      939.0000      981.2857   171772    4.50%
*   148+   22                          943.0000      981.2857             4.06%
    159   100      981.2857   606      943.0000      981.2857   517221    4.06%
    175   107      981.2857   566      943.0000      981.2857   540130    4.06%
Exception raised in listener 'MipGapPrinter': 'int' object is not callable, id=46
    192   130      981.2857   492      943.0000      981.2857   606138    4.06%
    201   157      981.2857   457      943.0000      981.2857   707813    4.06%
    219   131      981.2857   584      943.0000      981.2857   615723    4.06%
Elapsed time = 980.55 sec. (149395.06 ticks, tree = 7.74 MB, solutions = 21)
    233   173      981.2857   453      943.0000      981.2857   756777    4.06%
*   236+   20                          944.0000      981.2857             3.95%
    251   221      981.2857   469      944.0000      981.2857   931447    3.95%
*   269+   20                          946.0000      981.2857             3.73%
    270   230      979.4912   471      946.0000      981.2857   942540    3.73%
Exception raised in listener 'MipGapPrinter': 'int' object is not callable, id=48
    291   223      981.2857   446      946.0000      981.2857   935754    3.73%
    313   252      981.2857   451      946.0000      981.2857  1023092    3.73%
    335   270      981.2857   384      946.0000      981.2857  1052219    3.73%
    356   247      981.2857   461      946.0000      981.2857  1004768    3.73%
    379   281      981.2857   423      946.0000      981.2857  1077736    3.73%
    397   293      981.2857   569      946.0000      981.2857  1112072    3.73%
    418   317      978.0595   219      946.0000      981.2857  1145144    3.73%
Elapsed time = 1076.94 sec. (159561.66 ticks, tree = 43.96 MB, solutions = 25)
    440   319      978.0595   241      946.0000      981.2857  1147896    3.73%
    461   337      981.2857   303      946.0000      981.2857  1185949    3.73%
    487   339      981.2857   492      946.0000      981.2857  1193924    3.73%
    508   405      981.2857   526      946.0000      981.2857  1338169    3.73%
    527   422      980.8056   214      946.0000      981.2857  1368647    3.73%
    554   407      977.1389   194      946.0000      981.2857  1326908    3.73%
    584   456      981.2857   383      946.0000      981.2857  1449071    3.73%
    613   545      981.2857   298      946.0000      981.2857  1597352    3.73%
    646   544      981.2857   256      946.0000      981.2857  1596503    3.73%
    680   502      976.2178   282      946.0000      981.2857  1522572    3.73%
Elapsed time = 1172.87 sec. (169495.74 ticks, tree = 78.98 MB, solutions = 25)
    710   550      981.2857   581      946.0000      981.2857  1616311    3.73%
    745   562      981.2857   444      946.0000      981.2857  1650027    3.73%
    775   631      981.2857   356      946.0000      981.2857  1765909    3.73%
    811   623      980.7803   189      946.0000      981.2857  1751827    3.73%
    843   650      980.6515   176      946.0000      981.2857  1785875    3.73%
    871   626      980.7803   181      946.0000      981.2857  1756655    3.73%
    899   703    infeasible            946.0000      981.2857  1905918    3.73%
    939   669      981.2857   347      946.0000      981.2857  1847597    3.73%
    989   713      981.2857   307      946.0000      981.2857  1919844    3.73%
   1019   677      981.2857   551      946.0000      981.2857  1875932    3.73%
Elapsed time = 1262.23 sec. (179382.03 ticks, tree = 109.51 MB, solutions = 25)
   1049   688      981.2857   489      946.0000      981.2857  1900168    3.73%
*  1052+  729                          950.0000      981.2857             3.29%
   1084   760      981.0119   138      950.0000      981.2857  1983655    3.29%
   1148   887      978.9861   162      950.0000      981.2857  2165374    3.29%
Exception raised in listener 'MipGapPrinter': 'int' object is not callable, id=54
   1198   800      978.1204   149      950.0000      981.2857  2046553    3.29%
   1264   847      981.2857   282      950.0000      981.2857  2106575    3.29%
   1319   813      981.2857   333      950.0000      981.2857  2092623    3.29%
   1376   914      980.7143   197      950.0000      981.2857  2191679    3.29%
   1441   919      980.7143   166      950.0000      981.2857  2194175    3.29%
   1513   938      977.3472   104      950.0000      981.2857  2181597    3.29%
   1578  1029      973.1667   112      950.0000      981.2857  2289131    3.29%
Elapsed time = 1343.32 sec. (189080.58 ticks, tree = 216.83 MB, solutions = 26)
   1643   999      981.2857   488      950.0000      981.2857  2301785    3.29%
   1722  1198      966.3283   103      950.0000      981.2857  2426365    3.29%
   1810  1224      956.1970    59      950.0000      981.2857  2428528    3.29%
   1885  1091    infeasible            950.0000      981.2857  2404857    3.29%
   1949  1230      979.2143   306      950.0000      981.2857  2431875    3.29%
   2009  1304      967.7842   242      950.0000      981.2857  2582132    3.29%
   2097  1312      980.6843   162      950.0000      981.2857  2624462    3.29%
   2202  1376      979.3056   154      950.0000      981.2857  2685351    3.29%
   2272  1466      978.9861   175      950.0000      981.2857  2730098    3.29%
   2368  1544    infeasible            950.0000      981.2857  2772617    3.29%
Elapsed time = 1423.25 sec. (198665.00 ticks, tree = 389.01 MB, solutions = 26)
   2459  1586      981.2857   298      950.0000      981.2857  2861830    3.29%
   2514  1384      979.7998   230      950.0000      981.2857  2718166    3.29%
   2608  1670      980.7143   214      950.0000      981.2857  2900603    3.29%
   2691  1725      969.2619   182      950.0000      981.2857  2932087    3.29%
   2768  1896      974.4329   161      950.0000      981.2857  3066626    3.29%
   2858  1728      966.7708   149      950.0000      981.2857  2937374    3.29%
   2976  1988      958.6250   113      950.0000      981.2857  3110964    3.29%
   3122  2081      953.1667    56      950.0000      981.2857  3139260    3.29%
   3230  2176      958.1667   110      950.0000      981.2857  3261925    3.29%
   3330  2205      972.7659   138      950.0000      981.2857  3304945    3.29%
Elapsed time = 1505.40 sec. (208334.25 ticks, tree = 609.07 MB, solutions = 26)
   3422  2207      972.2414   234      950.0000      981.2857  3307259    3.29%
   3487  2084      981.2857   261      950.0000      981.2857  3227174    3.29%
   3580  2543      978.7455   254      950.0000      981.2857  3478978    3.29%
   3654  2259      981.2857   396      950.0000      981.2857  3411717    3.29%
   3747  2241      954.3750   146      950.0000      981.2857  3315149    3.29%
   3860  2251      969.8573   290      950.0000      981.2857  3396555    3.29%
   3989  2672    infeasible            950.0000      981.2857  3620772    3.29%
   4144  2260      968.3944   218      950.0000      981.2857  3402346    3.29%
   4274  2386      963.2917   102      950.0000      981.2857  3447937    3.29%
   4816  2883      954.0833   144      950.0000      981.2857  3775771    3.29%
Elapsed time = 1620.86 sec. (220799.94 ticks, tree = 856.34 MB, solutions = 26)
   5095  3316      981.2857   245      950.0000      981.2857  3954672    3.29%
   5354  3872      971.4497   221      950.0000      981.2857  4297762    3.29%
*  5605+ 3756                          951.0000      981.2857             3.18%
   5625  3887      978.1631   324      951.0000      981.2857  4393793    3.18%
   5903  4082      979.2391   261      951.0000      981.2857  4527987    3.18%
*  6047+ 3053                          957.0000      981.2857             2.54%
Exception raised in listener 'MipGapPrinter': 'int' object is not callable, id=63
   6047  3054      981.2857   929      957.0000      981.2857  4966908    2.54%
   6048  3055      981.2857   600      957.0000      981.2857  4973832    2.54%
   6049  3056      981.2857   674      957.0000      981.2857  4978778    2.54%
   6051  3057      981.2857   625      957.0000      981.2857  4985724    2.54%
   6055  1750      981.2857   548      957.0000      981.2857  4998408    2.54%
   6066   130      981.2857   764      957.0000      981.2857  5006673    2.54%
Elapsed time = 2485.63 sec. (387472.81 ticks, tree = 43.77 MB, solutions = 28)
   6081    29      981.2857   434      957.0000      981.2857  5021098    2.54%
   6111    27      981.2857   486      957.0000      981.2857  5030023    2.54%
   6153    41      981.2857   569      957.0000      981.2857  5088774    2.54%
   6215    96      981.2857   558      957.0000      981.2857  5280765    2.54%
   6316   180    infeasible            957.0000      981.2857  5473310    2.54%
   6494   250      981.2857   368      957.0000      981.2857  5623040    2.54%
   6661   357      981.2857   506      957.0000      981.2857  5888797    2.54%
   6872   488    infeasible            957.0000      981.2857  6203837    2.54%
   7059   515      981.2857   351      957.0000      981.2857  6289917    2.54%
   7298   650      980.9365   588      957.0000      981.2857  6699176    2.54%
Elapsed time = 2881.72 sec. (426026.03 ticks, tree = 42.40 MB, solutions = 28)
   7554   753      970.4762   672      957.0000      981.2857  7022834    2.54%
   7752   806      979.3492   445      957.0000      981.2857  7154196    2.54%
   7990   960    infeasible            957.0000      981.2857  7494912    2.54%
   8218  1091      966.8333   531      957.0000      981.2857  7773178    2.54%
   8429  1120      970.6548   537      957.0000      981.2857  7856965    2.54%
   8673  1434      971.8913   294      957.0000      981.2857  8674115    2.54%
   8855  1538      974.1429   467      957.0000      981.2857  8935335    2.54%
   9057  1627      960.1929   201      957.0000      981.2857  9054640    2.54%
   9196  1700      963.1310   327      957.0000      981.2857  9276405    2.54%
   9314  1751      972.6310   344      957.0000      981.2857  9428028    2.54%
Elapsed time = 3328.22 sec. (464400.08 ticks, tree = 61.53 MB, solutions = 28)
   9476  1968      981.2857   421      957.0000      981.2857  9708383    2.54%
   9628  2020      959.7937   280      957.0000      981.2857  9755231    2.54%
   9782  2134      978.9583   295      957.0000      981.2857  9981007    2.54%
*  9796+ 2154                          961.0000      981.2857             2.11%
Exception raised in listener 'MipGapPrinter': 'int' object is not callable, id=92
   9939  2285      981.2857   456      961.0000      981.2857 10329312    2.11%
  10081  2354      966.9626   298      961.0000      981.2857 10445315    2.11%
  10299  2349      973.7413   220      961.0000      981.2857 10418973    2.11%
  10470  2569      962.2560   219      961.0000      981.2857 10860606    2.11%
  10626  2655      981.2232   466      961.0000      981.2857 11090382    2.11%
  10839  2697      981.2857   317      961.0000      981.2857 11170147    2.11%
  11000  2943      968.3795   300      961.0000      981.2857 11491441    2.11%
Elapsed time = 3818.86 sec. (502862.74 ticks, tree = 85.96 MB, solutions = 29)
  11133  2957      980.9732   353      961.0000      981.2857 11503469    2.11%
  11294  3248      980.1905   252      961.0000      981.2857 11833464    2.11%
  11467  3318      981.2857   235      961.0000      981.2857 11962605    2.11%
  11607  3472      979.1786   322      961.0000      981.2857 12161879    2.11%
  11737  3489      979.4286   224      961.0000      981.2857 12207100    2.11%
  11907  3701      974.2642   334      961.0000      981.2857 12420737    2.11%
  12055  3812      966.2110   306      961.0000      981.2857 12521573    2.11%
  12241  3847        cutoff            961.0000      981.2857 12525620    2.11%
  12466  4025      975.1902   178      961.0000      981.2857 12764334    2.11%
  12698  4158      975.5893   226      961.0000      981.2857 12899433    2.11%
Elapsed time = 4383.11 sec. (541198.84 ticks, tree = 122.85 MB, solutions = 29)
  12930  4323      972.8571   241      961.0000      981.2857 12995616    2.11%
  13283  4439      963.5833   130      961.0000      981.2857 13060685    2.11%
  13623  4813      974.8929   268      961.0000      981.2857 13228731    2.11%
  13857  4842      969.9071   142      961.0000      981.2857 13183225    2.11%
  14118  5266      969.0185   209      961.0000      981.2857 13399496    2.11%
  14385  5476      978.0281   177      961.0000      981.2857 13453677    2.11%
* 14485+ 5740                          965.0000      981.2857             1.69%
Exception raised in listener 'MipGapPrinter': 'int' object is not callable, id=102
* 14623+ 5276                          966.0000      981.2857             1.58%
  14671  5649      981.2857   497      966.0000      981.2857 13519098    1.58%
  14878  5290      980.2837   368      966.0000      981.2857 13808541    1.58%
Exception raised in listener 'MipGapPrinter': 'int' object is not callable, id=103
  15026  5563      978.6071   207      966.0000      981.2857 14005044    1.58%
  15297  5449      979.9301   155      966.0000      981.2857 13895107    1.58%
Elapsed time = 4885.48 sec. (579443.16 ticks, tree = 143.59 MB, solutions = 31)
  15589  5732      976.3985   236      966.0000      981.2857 14155641    1.58%
  15966  5896      981.1545   100      966.0000      981.2857 14304567    1.58%
  16195  6258      975.8929   112      966.0000      981.2857 14525685    1.58%
  16434  6477      974.1865   105      966.0000      981.2857 14670155    1.58%
  16671  6494      976.1631   153      966.0000      981.2857 14626832    1.58%
  16841  6857      974.1786    93      966.0000      981.2857 14881908    1.58%
  16992  7344      974.5818   208      966.0000      981.2857 15174426    1.58%
  17147  7258      970.4589   167      966.0000      981.2857 15108895    1.58%
  17333  7535      980.5106   157      966.0000      981.2857 15334918    1.58%
  17579  7565      976.7886   143      966.0000      981.2857 15316060    1.58%
Elapsed time = 5318.27 sec. (617678.64 ticks, tree = 182.28 MB, solutions = 31)
  17835  7911      974.1444    61      966.0000      981.2857 15569346    1.58%
  18183  7948      974.3214   149      966.0000      981.2857 15575842    1.58%
  18616  8236      967.0000   127      966.0000      981.2857 15881804    1.58%
  18967  8796      981.2857   547      966.0000      981.2857 16118011    1.58%
  19294  8523      973.9886   251      966.0000      981.2857 16007029    1.58%
  19610  9240      971.1905   178      966.0000      981.2857 16341848    1.58%
  19874  9582      975.1548   164      966.0000      981.2857 16492888    1.58%
  20237  9824      968.0694    85      966.0000      981.2857 16654646    1.58%
  20671  9919      979.8513   137      966.0000      981.2857 16753851    1.58%
  20948 10057      980.6376   169      966.0000      981.2857 16793118    1.58%
Elapsed time = 5575.34 sec. (655907.15 ticks, tree = 221.76 MB, solutions = 31)
  21210 11017      969.3262   149      966.0000      981.2857 17322134    1.58%
  21579 10891      981.2857   151      966.0000      981.2857 17264334    1.58%
  21990 11240      967.6646   189      966.0000      981.2857 17383228    1.58%
* 22240+11206                          968.0000      981.2857             1.37%
* 22248+11143                          976.0000      981.2857             0.54%
  22308 11624      978.4926   157      976.0000      981.2857 17610048    0.54%
  22583 11584      968.3617   205      976.0000      981.2857 17576535    0.54%
* 22725+ 5870                          977.0000      981.2857             0.44%
Exception raised in listener 'MipGapPrinter': 'int' object is not callable, id=114
  22875  5240      980.1250   105      977.0000      981.2857 17982093    0.44%
  23032  5278      979.6259   345      977.0000      981.2857 18120416    0.44%
  23220  5586      979.9167    87      977.0000      981.2857 18332752    0.44%
  23430  5509      978.1766   211      977.0000      981.2857 18308072    0.44%
  23614  5451      980.1641   153      977.0000      981.2857 18263511    0.44%
Elapsed time = 5911.01 sec. (694230.69 ticks, tree = 141.94 MB, solutions = 38)
  23852  6036      978.0000    89      977.0000      981.2857 18709153    0.44%
  23983  6111      980.8429   163      977.0000      981.2857 18843322    0.44%
  24103  6041      981.2560   356      977.0000      981.2857 18741069    0.44%
  24215  6287      980.8770   229      977.0000      981.2857 19067943    0.44%
  24355  6344      980.0932   350      977.0000      981.2857 19155619    0.44%
  24534  6331      979.8958   124      977.0000      981.2857 19132373    0.44%
  24703  6397      981.2857   331      977.0000      981.2857 19273699    0.44%
  24942  6643      978.5341   185      977.0000      981.2857 19578715    0.44%
  25153  6938      979.5521   111      977.0000      981.2857 19848138    0.44%
  25458  6914      979.8951   167      977.0000      981.2857 19834840    0.44%
Elapsed time = 6224.15 sec. (732563.14 ticks, tree = 162.47 MB, solutions = 38)
  25671  7042      980.1979   151      977.0000      981.2857 19947053    0.44%
  25861  7600      978.5417    99      977.0000      981.2857 20412749    0.44%
  26099  7441      980.0262   166      977.0000      981.2857 20330853    0.44%
  26232  7416      979.8802   109      977.0000      981.2857 20315831    0.44%
  26319  7836      981.2857   250      977.0000      981.2857 20632422    0.44%
  26463  8230      981.2857   223      977.0000      981.2857 21036348    0.44%
  26626  8004      978.8125    77      977.0000      981.2857 20778961    0.44%
  26759  8332      981.1587   248      977.0000      981.2857 21166588    0.44%
  26897  8348      980.4866   123      977.0000      981.2857 21190878    0.44%
  27030  8487      981.2723   212      977.0000      981.2857 21280939    0.44%
Elapsed time = 6548.64 sec. (770970.33 ticks, tree = 189.35 MB, solutions = 38)
  27143  8458      981.2857   273      977.0000      981.2857 21234296    0.44%
  27232  8735      979.8413   179      977.0000      981.2857 21556188    0.44%
  27370  8750      981.2667   106      977.0000      981.2857 21576012    0.44%
  27461  8795    infeasible            977.0000      981.2857 21643578    0.44%
  27535  9045      980.5100   128      977.0000      981.2857 21918583    0.44%
  27654  9077      981.2857   181      977.0000      981.2857 21983964    0.44%
  27809  9277      979.7083    41      977.0000      981.2857 22161839    0.44%
  28023  9383      978.8681    93      977.0000      981.2857 22292087    0.44%
  28213  9344      979.1799   190      977.0000      981.2857 22280015    0.44%
  28379  9532      980.5833   234      977.0000      981.2857 22520462    0.44%
Elapsed time = 7005.41 sec. (809506.43 ticks, tree = 206.15 MB, solutions = 38)
  28509  9490      980.8906   245      977.0000      981.2857 22422997    0.44%
  28646  9645      978.0000    19      977.0000      981.2857 22558275    0.44%
  28718 10036      981.1108   163      977.0000      981.2857 22805047    0.44%
  28779 10084      981.1852   252      977.0000      981.2857 22819600    0.44%
  28818 10107      980.2374   135      977.0000      981.2857 22872084    0.44%
  28902 10164      981.2857   197      977.0000      981.2857 22935748    0.44%
  28966 10112      981.2857   157      977.0000      981.2857 22897420    0.44%
  29039 10277      981.2714   194      977.0000      981.2857 23051199    0.44%
  29110 10227      981.2593   223      977.0000      981.2857 23033021    0.44%
  29188 10352      981.2857   260      977.0000      981.2857 23161075    0.44%
Elapsed time = 7555.62 sec. (848578.59 ticks, tree = 220.75 MB, solutions = 38)
  29255 10435      981.2857   180      977.0000      981.2857 23260851    0.44%
  29334 10405      981.1786   173      977.0000      981.2857 23243159    0.44%
  29383 10589      980.8571   112      977.0000      981.2857 23446186    0.44%
  29430 10603      980.5714   148      977.0000      981.2857 23425249    0.44%
  29477 10628      978.3835   195      977.0000      981.2857 23435977    0.44%
  29519 10659      980.0810   172      977.0000      981.2857 23503154    0.44%
  29598 10760      978.1429   187      977.0000      981.2857 23563687    0.44%
  29675 10773      981.2857   123      977.0000      981.2857 23560901    0.44%
  29856 10841      981.0000   154      977.0000      981.2857 23624691    0.44%
  30000 11030        cutoff            977.0000      981.2857 23702195    0.44%
Elapsed time = 8014.48 sec. (887302.93 ticks, tree = 236.04 MB, solutions = 38)
  30097 10946      980.8571   172      977.0000      981.2857 23678010    0.44%
  30191 11249      979.9146   231      977.0000      981.2857 23842599    0.44%
  30294 11289      981.2857   345      977.0000      981.2857 23887833    0.44%
  30419 11339      980.2390   225      977.0000      981.2857 23929162    0.44%
  30603 11439      980.2500    92      977.0000      981.2857 23976950    0.44%
  30696 11475      980.7500   137      977.0000      981.2857 24005460    0.44%
  30816 11450      981.2857   223      977.0000      981.2857 24047743    0.44%
  30931 11683      978.1389    58      977.0000      981.2857 24186126    0.44%
  31086 11760      978.4500    96      977.0000      981.2857 24209843    0.44%
  31183 11999      981.2833   180      977.0000      981.2857 24456083    0.44%
Elapsed time = 8466.31 sec. (925757.52 ticks, tree = 255.50 MB, solutions = 38)
  31305 12062      980.8889   152      977.0000      981.2857 24601546    0.44%
  31437 12224      978.5556   127      977.0000      981.2857 24636946    0.44%
  31629 12050      980.9653   168      977.0000      981.2857 24597749    0.44%
  31837 12463      980.6556   124      977.0000      981.2857 24816980    0.44%
  32065 12682      979.6358    99      977.0000      981.2857 24994592    0.44%
  32286 12996      980.4493   119      977.0000      981.2857 25229934    0.44%
  32473 13124      979.9253   242      977.0000      981.2857 25296607    0.44%
  32705 12812      979.6442   130      977.0000      981.2857 25069117    0.44%
  32993 13015      981.1190   126      977.0000      981.2857 25243251    0.44%
  33249 13385      980.0521   143      977.0000      981.2857 25509811    0.44%
Elapsed time = 9045.12 sec. (964215.39 ticks, tree = 280.41 MB, solutions = 38)
  33561 13976      979.0843   194      977.0000      981.2857 25768932    0.44%
  33868 13684      978.2167    85      977.0000      981.2857 25560392    0.44%
  34148 14434      979.3000   181      977.0000      981.2857 26136423    0.44%
  34431 14021      980.9140   256      977.0000      981.2857 25790421    0.44%
  34633 15250      978.9142   164      977.0000      981.2857 26452083    0.44%
  34897 14457      980.9920   225      977.0000      981.2857 26154205    0.44%
  35178 15429      979.2244   251      977.0000      981.2857 26486916    0.44%
  35506 15605      979.4692   190      977.0000      981.2857 26620954    0.44%
  35855 15563        cutoff            977.0000      981.2857 26577303    0.44%
  36076 15959      980.6463   214      977.0000      981.2857 26872593    0.44%
Elapsed time = 9574.19 sec. (1002526.66 ticks, tree = 325.84 MB, solutions = 38)
  36311 15866      980.1415   245      977.0000      981.2857 26818735    0.44%
  36546 15945      981.2479   253      977.0000      981.2857 26869712    0.44%
  36775 16556      978.2583   179      977.0000      981.2857 27225781    0.44%
  37020 16893      980.8872   218      977.0000      981.2857 27479568    0.44%
  37373 16758      978.7000    70      977.0000      981.2857 27378417    0.44%
  37710 17363      980.3285   278      977.0000      981.2857 27781804    0.44%
  38103 17762      978.0000    90      977.0000      981.2857 28037792    0.44%
  38579 17633      980.3538   271      977.0000      981.2857 27966462    0.44%
  39070 17756      978.5019   107      977.0000      981.2857 27999544    0.44%
  39516 18874      980.4934   222      977.0000      981.2857 28583009    0.44%
Elapsed time = 10290.81 sec. (1040769.53 ticks, tree = 376.98 MB, solutions = 38)
  39931 19652      978.0935   153      977.0000      981.2857 28830638    0.44%
  40283 18497      978.8494   223      977.0000      981.2857 28393680    0.44%
  40553 20104      978.6667    90      977.0000      981.2857 29121699    0.44%
  40851 20473      980.9543   204      977.0000      981.2857 29217758    0.44%
  41117 19803      978.8333    41      977.0000      981.2857 28893220    0.44%
  41356 20758      978.4242   118      977.0000      981.2857 29356037    0.44%
  41587 20611      980.3997   255      977.0000      981.2857 29294555    0.44%
  41772 20778      978.0547   108      977.0000      981.2857 29470388    0.44%
  41952 21846      980.0600   144      977.0000      981.2857 30153055    0.44%
  42161 21172      981.2480   286      977.0000      981.2857 29660186    0.44%
Elapsed time = 11089.97 sec. (1079071.32 ticks, tree = 412.89 MB, solutions = 38)
  42390 21642      979.5079   224      977.0000      981.2857 30007956    0.44%
  42695 22141      980.8514   158      977.0000      981.2857 30282525    0.44%
  42923 22232      980.2395   218      977.0000      981.2857 30375788    0.44%
  43148 22391      978.4772   187      977.0000      981.2857 30519848    0.44%
  43362 22865      980.4065   121      977.0000      981.2857 30883304    0.44%
  43603 22655      978.2167    93      977.0000      981.2857 30651163    0.44%
  43872 23469      978.9921   133      977.0000      981.2857 31316150    0.44%
  44127 23499      978.7842   146      977.0000      981.2857 31323178    0.44%
  44335 23246      980.8065   233      977.0000      981.2857 31131602    0.44%
  44643 23866      979.6094   234      977.0000      981.2857 31621592    0.44%
Elapsed time = 11736.21 sec. (1117449.60 ticks, tree = 458.43 MB, solutions = 38)
  44919 23640      979.3019   202      977.0000      981.2857 31376159    0.44%
  45125 24032      979.1314   175      977.0000      981.2857 31739206    0.44%
  45373 24894      978.8699   161      977.0000      981.2857 32400661    0.44%
  45619 24579      979.3333   148      977.0000      981.2857 32233836    0.44%
  45812 24540      978.2778   104      977.0000      981.2857 32152404    0.44%
  46007 24871      979.6394   232      977.0000      981.2857 32380337    0.44%
  46254 25643      980.7719   223      977.0000      981.2857 32876976    0.44%
  46468 25894      980.7725   268      977.0000      981.2857 33142579    0.44%
  46780 26230      980.6323   201      977.0000      981.2857 33370304    0.44%
  47144 25982      978.9517   173      977.0000      981.2857 33157265    0.44%
Elapsed time = 12372.66 sec. (1155716.92 ticks, tree = 495.74 MB, solutions = 38)
  47519 26644      979.3056   115      977.0000      981.2857 33697951    0.44%
  47800 26684      980.4286   133      977.0000      981.2857 33735244    0.44%
  48125 26322      980.4527   175      977.0000      981.2857 33470899    0.44%
  48481 26463      981.1887   186      977.0000      981.2857 33543253    0.44%
  48860 26888      978.1944   139      977.0000      981.2857 33797639    0.44%
  49159 28369      979.5434   226      977.0000      981.2857 34690459    0.44%
  49468 26894      979.7643   240      977.0000      981.2857 33928649    0.44%
  49787 27504      979.1237   174      977.0000      981.2857 34306996    0.44%
  50131 28516      978.6774   149      977.0000      981.2857 34742320    0.44%
  50518 28545      978.6179   142      977.0000      981.2857 34795114    0.44%
Elapsed time = 12930.42 sec. (1193963.76 ticks, tree = 536.60 MB, solutions = 38)
  50821 28555      979.9944   159      977.0000      981.2857 34845791    0.44%
  51046 28561      979.9321   231      977.0000      981.2857 34855547    0.44%
  51267 29668      980.3869   130      977.0000      981.2857 35544318    0.44%
  51523 29560      980.9368   274      977.0000      981.2857 35467973    0.44%
  51843 30684      978.1667   101      977.0000      981.2857 36128250    0.44%
  52141 30516      981.2443   241      977.0000      981.2857 36008738    0.44%
  52452 31170      978.2747   217      977.0000      981.2857 36499893    0.44%
  52687 30942      980.0833   190      977.0000      981.2857 36366544    0.44%
  52973 31524      979.8383   208      977.0000      981.2857 36791534    0.44%
  53282 31495      979.2642   236      977.0000      981.2857 36769044    0.44%
Elapsed time = 13542.44 sec. (1232260.91 ticks, tree = 582.52 MB, solutions = 38)
  53719 32131      979.3684   241      977.0000      981.2857 37252893    0.44%
  54232 31912      979.7949   186      977.0000      981.2857 37072386    0.44%
  54663 32691      978.7906   194      977.0000      981.2857 37581150    0.44%
  54948 31979      980.4579   218      977.0000      981.2857 37095016    0.44%
  55138 32070      978.5362   158      977.0000      981.2857 37134953    0.44%
  55263 32443      980.8710   192      977.0000      981.2857 37406290    0.44%
  55341 34166      980.4545   180      977.0000      981.2857 38448246    0.44%
  55444 34182      980.4000   134      977.0000      981.2857 38455394    0.44%
  55566 33939      979.4179   280      977.0000      981.2857 38357460    0.44%
  55688 34218      980.0576   226      977.0000      981.2857 38510077    0.44%
Elapsed time = 14375.03 sec. (1270783.01 ticks, tree = 651.45 MB, solutions = 38)
  55844 34440      979.2318   187      977.0000      981.2857 38663253    0.44%

GUB cover cuts applied:  1032
Clique cuts applied:  39
Cover cuts applied:  647
Implied bound cuts applied:  1313
Flow cuts applied:  17
Mixed integer rounding cuts applied:  228
Zero-half cuts applied:  339
Multi commodity flow cuts applied:  1
Lift and project cuts applied:  13
Gomory fractional cuts applied:  88

Root node processing (before b&c):
  Real time             =  642.18 sec. (114505.66 ticks)
Parallel b&c, 24 threads:
  Real time             = 13758.82 sec. (1175300.87 ticks)
  Sync time (average)   = 2972.87 sec.
  Wait time (average)   =    0.46 sec.
                          ------------
Total (root+branch&cut) = 14400.99 sec. (1289806.53 ticks)
status  = time limit exceeded
time    = 14401.1 s.
problem = MILP
gap     = 0.438661%

Objective value: 977.0
[50, 50, 8, 6, 400, 126, 977, 981, 0.44, 14401.08]
number of spatial :  714
Heuristic Solution information :  [50, 50, 8, 6, 400, 127, 742, 28, 714]
