CPXPARAM_Read_DataCheck                          1
CPXPARAM_TimeLimit                               14400
Aggregator has done 2728 substitutions...
Tried aggregator 2 times.
MIP Presolve eliminated 37918 rows and 339741 columns.
MIP Presolve modified 3488 coefficients.
Aggregator did 2728 substitutions.
Reduced MIP has 420276 rows, 97280 columns, and 1447165 nonzeros.
Reduced MIP has 89780 binaries, 0 generals, 0 SOSs, and 0 indicators.
Presolve time = 4.47 sec. (12894.80 ticks)
Probing time = 2.72 sec. (32.22 ticks)
Tried aggregator 1 time.
MIP Presolve eliminated 294000 rows and 6000 columns.
Reduced MIP has 126276 rows, 91280 columns, and 859165 nonzeros.
Reduced MIP has 89780 binaries, 0 generals, 0 SOSs, and 0 indicators.
Presolve time = 2.40 sec. (1523.66 ticks)
Probing time = 1.63 sec. (27.45 ticks)
Clique table members: 47920.
MIP emphasis: balance optimality and feasibility.
MIP search method: dynamic search.
Parallel mode: deterministic, using up to 24 threads.
Root relaxation solution time = 15.95 sec. (3972.19 ticks)

        Nodes                                         Cuts/
   Node  Left     Objective  IInf  Best Integer    Best Bound    ItCnt     Gap

*     0+    0                         1299.0000     2754.0000           112.01%
      0     0     2533.8333  1156     1299.0000     2533.8333    47498   95.06%
Exception raised in listener 'MipGapPrinter': 'int' object is not callable, id=1
*     0+    0                         1936.0000     2533.8333            30.88%
Exception raised in listener 'MipGapPrinter': 'int' object is not callable, id=3
      0     0     2488.4667  1451     1936.0000    Cuts: 1070    72071   28.54%
      0     0     2435.8667  1383     1936.0000     Cuts: 824    98361   25.82%
      0     0     2411.1944  1292     1936.0000     Cuts: 746   119859   24.55%
*     0+    0                         2120.0000     2411.1944            13.74%
*     0+    0                         2186.0000     2411.1944            10.30%
*     0+    0                         2198.0000     2411.1944             9.70%
Exception raised in listener 'MipGapPrinter': 'int' object is not callable, id=9
      0     0     2403.1759  1451     2198.0000     Cuts: 667   141200    9.33%
      0     0     2395.1528  1496     2198.0000     Cuts: 671   166144    8.97%
      0     0     2381.1000  1597     2198.0000     Cuts: 858   189254    8.33%
*     0+    0                         2206.0000     2381.1000             7.94%
Exception raised in listener 'MipGapPrinter': 'int' object is not callable, id=16
      0     0     2375.9205  1337     2206.0000     Cuts: 689   212017    7.70%
      0     0     2367.6111  1485     2206.0000     Cuts: 633   233634    7.33%
      0     0     2361.9015  1423     2206.0000     Cuts: 602   259153    7.07%
*     0+    0                         2222.0000     2361.9015             6.30%
Exception raised in listener 'MipGapPrinter': 'int' object is not callable, id=22
      0     0     2356.1528  1398     2222.0000     Cuts: 624   282618    6.04%
      0     0     2349.1667  1445     2222.0000     Cuts: 703   304165    5.72%
*     0+    0                         2286.0000     2349.1667             2.76%
Exception raised in listener 'MipGapPrinter': 'int' object is not callable, id=26
      0     0     2347.0000  1457     2286.0000     Cuts: 518   327055    2.67%
*     0+    0                         2310.0000     2347.0000             1.60%
Exception raised in listener 'MipGapPrinter': 'int' object is not callable, id=28
      0     0     2347.0000  1885     2310.0000     Cuts: 510   351111    1.60%
      0     0     2347.0000  1655     2310.0000     Cuts: 542   372779    1.60%
      0     0     2347.0000  1359     2310.0000     Cuts: 538   392644    1.60%
      0     0     2347.0000  1468     2310.0000     Cuts: 431   415264    1.60%
Heuristic still looking.
      0     2     2347.0000   495     2310.0000     2347.0000   415264    1.60%
Elapsed time = 6594.87 sec. (747115.42 ticks, tree = 0.02 MB, solutions = 9)
      1     3     2347.0000   481     2310.0000     2347.0000   417157    1.60%
      2     4     2347.0000   541     2310.0000     2347.0000   418006    1.60%
      3     5     2347.0000   557     2310.0000     2347.0000   418064    1.60%
      4     6     2347.0000   617     2310.0000     2347.0000   418737    1.60%
      5     7     2347.0000   592     2310.0000     2347.0000   419688    1.60%
      6     8     2347.0000   640     2310.0000     2347.0000   420915    1.60%
      7     9     2347.0000   674     2310.0000     2347.0000   421280    1.60%
      8    10     2347.0000   713     2310.0000     2347.0000   422242    1.60%
      9     9    infeasible           2310.0000     2347.0000   422612    1.60%
     10     5     2347.0000   539     2310.0000     2347.0000   418023    1.60%
Elapsed time = 6685.28 sec. (756468.86 ticks, tree = 0.02 MB, solutions = 9)
     13    13     2347.0000   584     2310.0000     2347.0000   425979    1.60%
     21    20     2347.0000   554     2310.0000     2347.0000   432877    1.60%
     42    10     2347.0000   661     2310.0000     2347.0000   421763    1.60%
     67    37     2347.0000   648     2310.0000     2347.0000   445977    1.60%
     85    39     2347.0000   720     2310.0000     2347.0000   453453    1.60%
     91    44     2347.0000   609     2310.0000     2347.0000   458778    1.60%
     95    48     2347.0000   541     2310.0000     2347.0000   461344    1.60%
    101    20     2347.0000   667     2310.0000     2347.0000   434022    1.60%
    120    48     2347.0000   563     2310.0000     2347.0000   463638    1.60%
    153    52     2347.0000   520     2310.0000     2347.0000   466397    1.60%
Elapsed time = 6871.19 sec. (766799.63 ticks, tree = 0.63 MB, solutions = 9)
    180    52    infeasible           2310.0000     2347.0000   469581    1.60%
    211    77     2347.0000   575     2310.0000     2347.0000   476615    1.60%
    235    70     2347.0000   663     2310.0000     2347.0000   482901    1.60%
    260    91     2347.0000   743     2310.0000     2347.0000   495680    1.60%
    282   107    infeasible           2310.0000     2347.0000   502109    1.60%
    291   107     2347.0000   585     2310.0000     2347.0000   500807    1.60%
    306   130     2347.0000   621     2310.0000     2347.0000   510989    1.60%
    320   127     2347.0000   622     2310.0000     2347.0000   508492    1.60%
    350   155     2347.0000   519     2310.0000     2347.0000   523530    1.60%
*   353+   22                         2322.0000     2347.0000             1.08%
    377   175     2347.0000   698     2322.0000     2347.0000   530681    1.08%
Elapsed time = 7034.71 sec. (776794.15 ticks, tree = 4.33 MB, solutions = 9)
    423   245     2347.0000   692     2322.0000     2347.0000   557632    1.08%
    467   260     2347.0000   589     2322.0000     2347.0000   566476    1.08%
*   491+   22                         2326.0000     2347.0000             0.90%
    519   304     2347.0000   529     2326.0000     2347.0000   584876    0.90%
    586   289     2347.0000   608     2326.0000     2347.0000   578589    0.90%
    663   378     2347.0000   494     2326.0000     2347.0000   620002    0.90%
    743   479     2347.0000   556     2326.0000     2347.0000   655053    0.90%
    821   489     2347.0000   489     2326.0000     2347.0000   657190    0.90%
    888   584     2347.0000   635     2326.0000     2347.0000   695404    0.90%
    963   720     2347.0000   592     2326.0000     2347.0000   735757    0.90%
   1041   762     2347.0000   551     2326.0000     2347.0000   749521    0.90%
Elapsed time = 7219.19 sec. (786489.13 ticks, tree = 21.86 MB, solutions = 9)
   1122   747     2347.0000   557     2326.0000     2347.0000   744741    0.90%
   1208   876     2347.0000   468     2326.0000     2347.0000   791958    0.90%
   1310   852     2347.0000   693     2326.0000     2347.0000   781855    0.90%
   1411  1064     2347.0000   408     2326.0000     2347.0000   866122    0.90%
   1517  1145    infeasible           2326.0000     2347.0000   887485    0.90%
   1621  1283    infeasible           2326.0000     2347.0000   948049    0.90%
   1707  1281     2347.0000   538     2326.0000     2347.0000   944532    0.90%
   1804  1373     2347.0000   529     2326.0000     2347.0000   983149    0.90%
   1893  1465     2347.0000   677     2326.0000     2347.0000  1028032    0.90%
   1987  1478     2347.0000   528     2326.0000     2347.0000  1033768    0.90%
Elapsed time = 7387.07 sec. (796152.17 ticks, tree = 46.80 MB, solutions = 9)
   2103  1474     2347.0000   619     2326.0000     2347.0000  1030868    0.90%
   2203  1493     2347.0000   529     2326.0000     2347.0000  1037905    0.90%
   2306  1668     2347.0000   368     2326.0000     2347.0000  1110290    0.90%
   2418  1697     2347.0000   322     2326.0000     2347.0000  1130667    0.90%
   2533  1859    infeasible           2326.0000     2347.0000  1180231    0.90%
   2656  1705     2347.0000   331     2326.0000     2347.0000  1138084    0.90%
   2779  2029     2347.0000   490     2326.0000     2347.0000  1249579    0.90%
   2897  2066     2347.0000   563     2326.0000     2347.0000  1274793    0.90%
   3014  2197    infeasible           2326.0000     2347.0000  1334023    0.90%
   3132  2293     2347.0000   560     2326.0000     2347.0000  1382058    0.90%
Elapsed time = 7520.32 sec. (805773.73 ticks, tree = 78.88 MB, solutions = 9)
   3230  2458     2347.0000   466     2326.0000     2347.0000  1476701    0.90%
   3322  2359     2347.0000   404     2326.0000     2347.0000  1404642    0.90%
   3417  2373     2346.6111   314     2326.0000     2347.0000  1440169    0.90%
   3515  2471     2347.0000   547     2326.0000     2347.0000  1484375    0.90%
   3621  2698     2347.0000   449     2326.0000     2347.0000  1625153    0.90%
   3739  2816     2347.0000   368     2326.0000     2347.0000  1707677    0.90%
   3830  2747     2347.0000   428     2326.0000     2347.0000  1664130    0.90%
Exception raised in listener 'MipGapPrinter': 'int' object is not callable, id=53
   3914  2792     2347.0000   340     2326.0000     2347.0000  1688036    0.90%
   4002  2903     2342.0278   292     2326.0000     2347.0000  1792671    0.90%
   4095  2952     2347.0000   486     2326.0000     2347.0000  1813616    0.90%
Elapsed time = 7657.14 sec. (815374.41 ticks, tree = 107.40 MB, solutions = 10)
   4203  3089     2347.0000   398     2326.0000     2347.0000  1937426    0.90%
   4320  3099     2346.6111   283     2326.0000     2347.0000  1970222    0.90%
Exception raised in listener 'MipGapPrinter': 'int' object is not callable, id=54
   4450  3242     2347.0000   363     2326.0000     2347.0000  2055726    0.90%
   4582  3244    infeasible           2326.0000     2347.0000  2058500    0.90%
   4727  3297     2347.0000   544     2326.0000     2347.0000  2082646    0.90%
   4869  3306     2347.0000   514     2326.0000     2347.0000  2084330    0.90%
   5031  3453     2346.6111   330     2326.0000     2347.0000  2283741    0.90%
   5164  3395     2346.6111   297     2326.0000     2347.0000  2230298    0.90%
   5271  3802     2347.0000   537     2326.0000     2347.0000  2601836    0.90%
   5372  3969     2347.0000   478     2326.0000     2347.0000  2725563    0.90%
Elapsed time = 7775.60 sec. (824955.42 ticks, tree = 161.19 MB, solutions = 13)
   5465  4042     2347.0000   665     2326.0000     2347.0000  2790927    0.90%
   5573  4047     2347.0000   624     2326.0000     2347.0000  2793147    0.90%
   5675  3838     2347.0000   324     2326.0000     2347.0000  2620396    0.90%
   5769  4139     2347.0000   286     2326.0000     2347.0000  2881869    0.90%
   5848  4148     2347.0000   295     2326.0000     2347.0000  2892264    0.90%
*  5877+ 3697                         2330.0000     2347.0000             0.73%
   5937  4087     2346.6111   324     2330.0000     2347.0000  2826747    0.73%
*  5949+ 3697                         2334.0000     2347.0000             0.56%
   6036  4194     2347.0000   576     2334.0000     2347.0000  2909191    0.56%
   6135  3848     2347.0000   576     2334.0000     2347.0000  2617506    0.56%
   6240  4303     2340.9444   268     2334.0000     2347.0000  3110384    0.56%
   6345  4543    infeasible           2334.0000     2347.0000  3376946    0.56%
Elapsed time = 7908.07 sec. (834565.95 ticks, tree = 182.22 MB, solutions = 15)
Exception raised in listener 'MipGapPrinter': 'int' object is not callable, id=58
   6454  4355     2346.6111   287     2334.0000     2347.0000  3167259    0.56%
   6562  4359     2346.6111   292     2334.0000     2347.0000  3171568    0.56%
   6670  4640     2346.6111   262     2334.0000     2347.0000  3552346    0.56%
   6775  4604     2347.0000   347     2334.0000     2347.0000  3492567    0.56%
   6894  4819     2341.8750   291     2334.0000     2347.0000  3738667    0.56%
   7028  4825     2341.8750   280     2334.0000     2347.0000  3741567    0.56%
   7140  4747     2347.0000   525     2334.0000     2347.0000  3603241    0.56%
   7269  4966    infeasible           2334.0000     2347.0000  4032020    0.56%
   7379  5168     2341.2778   270     2334.0000     2347.0000  4245891    0.56%
   7775  5099     2342.5000   304     2334.0000     2347.0000  4158564    0.56%
Elapsed time = 8062.51 sec. (847044.20 ticks, tree = 211.49 MB, solutions = 15)
   8177  5594     2346.6111   270     2334.0000     2347.0000  4915614    0.56%
   8352  5513     2347.0000   273     2334.0000     2347.0000  4723004    0.56%

GUB cover cuts applied:  539
Clique cuts applied:  35
Cover cuts applied:  124
Implied bound cuts applied:  3694
Flow cuts applied:  14
Mixed integer rounding cuts applied:  785
Zero-half cuts applied:  440
Lift and project cuts applied:  41
Gomory fractional cuts applied:  41

Root node processing (before b&c):
  Real time             = 6587.99 sec. (746902.94 ticks)
Parallel b&c, 24 threads:
  Real time             = 7812.67 sec. (455901.89 ticks)
  Sync time (average)   =  452.80 sec.
  Wait time (average)   =    0.00 sec.
                          ------------
Total (root+branch&cut) = 14400.66 sec. (1202804.83 ticks)
status  = time limit exceeded
time    = 14401.9 s.
problem = MILP
gap     = 0.556984%

Objective value: 2334.0
[50, 150, 8, 6, 400, 316, 2334, 2346, 0.56, 14401.9]
number of spatial :  2068
Heuristic Solution information :  [50, 150, 8, 6, 400, 297, 2096, 28, 2068]
