CPXPARAM_Read_DataCheck                          1
CPXPARAM_TimeLimit                               14400
Tried aggregator 2 times.
MIP Presolve eliminated 25393 rows and 84875 columns.
MIP Presolve modified 2898 coefficients.
Aggregator did 2728 substitutions.
Reduced MIP has 158426 rows, 62146 columns, and 705714 nonzeros.
Reduced MIP has 59646 binaries, 0 generals, 0 SOSs, and 0 indicators.
Presolve time = 0.64 sec. (4677.54 ticks)
Probing time = 0.31 sec. (16.19 ticks)
Tried aggregator 1 time.
MIP Presolve eliminated 73500 rows and 1500 columns.
Reduced MIP has 84926 rows, 60646 columns, and 558714 nonzeros.
Reduced MIP has 59646 binaries, 0 generals, 0 SOSs, and 0 indicators.
Presolve time = 0.37 sec. (948.14 ticks)
Probing time = 0.19 sec. (15.91 ticks)
Clique table members: 31368.
MIP emphasis: balance optimality and feasibility.
MIP search method: dynamic search.
Parallel mode: deterministic, using up to 24 threads.
Root relaxation solution time = 6.53 sec. (4339.29 ticks)

        Nodes                                         Cuts/
   Node  Left     Objective  IInf  Best Integer    Best Bound    ItCnt     Gap

*     0+    0                          425.0000     2754.0000           548.00%
      0     0     1458.9667  1691      425.0000     1458.9667    69296  243.29%
Exception raised in listener 'MipGapPrinter': 'int' object is not callable, id=1
*     0+    0                          727.0000     1458.9667           100.68%
Exception raised in listener 'MipGapPrinter': 'int' object is not callable, id=3
      0     0     1347.2269  1745      727.0000    Cuts: 1329    84952   85.31%
      0     0     1280.2644  1609      727.0000    Cuts: 1260    99624   76.10%
      0     0     1205.1749  1450      727.0000    Cuts: 1235   117908   65.77%
*     0+    0                          814.0000     1205.1749            48.06%
*     0+    0                          868.0000     1205.1749            38.85%
*     0+    0                          880.0000     1205.1749            36.95%
Exception raised in listener 'MipGapPrinter': 'int' object is not callable, id=9
      0     0     1161.9372  1328      880.0000     Cuts: 891   135736   32.04%
      0     0     1125.7409  1186      880.0000     Cuts: 780   153833   27.93%
      0     0     1100.8135  1200      880.0000     Cuts: 748   171865   25.09%
*     0+    0                          929.0000     1100.8135            18.49%
*     0+    0                          970.0000     1100.8135            13.49%
*     0+    0                          986.0000     1100.8135            11.64%
Exception raised in listener 'MipGapPrinter': 'int' object is not callable, id=16
      0     0     1087.4725  1175      986.0000     Cuts: 714   182497   10.29%
      0     0     1085.2878  1244      986.0000     Cuts: 447   193682   10.07%
      0     0     1084.4286  1152      986.0000     Cuts: 382   207503    9.98%
*     0+    0                          997.0000     1084.4286             8.77%
*     0+    0                         1006.0000     1084.4286             7.80%
*     0+    0                         1014.0000     1084.4286             6.95%
*     0+    0                         1018.0000     1084.4286             6.53%
*     0+    0                         1024.0000     1084.4286             5.90%
Exception raised in listener 'MipGapPrinter': 'int' object is not callable, id=23
      0     0     1084.4286  1045     1024.0000     Cuts: 266   221449    5.90%
      0     0     1084.4286  1033     1024.0000     Cuts: 269   231736    5.90%
      0     0     1084.4286  1066     1024.0000     Cuts: 263   243679    5.90%
      0     0     1084.4286  1318     1024.0000     Cuts: 311   259617    5.90%
Heuristic still looking.
Heuristic still looking.
Heuristic still looking.
      0     2     1084.4286  1318     1024.0000     1084.4286   259617    5.90%
Elapsed time = 992.55 sec. (425537.51 ticks, tree = 0.02 MB, solutions = 13)
      1     3     1084.4286  1177     1024.0000     1084.4286   260849    5.90%
      2     4     1084.4286  1128     1024.0000     1084.4286   262530    5.90%
      3     5     1084.4286  1017     1024.0000     1084.4286   263973    5.90%
      4     6     1084.4286  1004     1024.0000     1084.4286   265517    5.90%
      5     7     1084.4286   775     1024.0000     1084.4286   267214    5.90%
      6     8     1084.4286   723     1024.0000     1084.4286   268598    5.90%
      7     9     1084.4286   748     1024.0000     1084.4286   269682    5.90%
      8    10     1084.4286   642     1024.0000     1084.4286   271263    5.90%
      9    11     1084.4286   651     1024.0000     1084.4286   272516    5.90%
     11    13     1084.4286   468     1024.0000     1084.4286   277080    5.90%
Elapsed time = 1031.86 sec. (434587.25 ticks, tree = 0.04 MB, solutions = 13)
     14    11     1084.4286   620     1024.0000     1084.4286   272191    5.90%
     16     9     1084.4286   731     1024.0000     1084.4286   269556    5.90%
     21    21     1084.4286   506     1024.0000     1084.4286   287482    5.90%
     32    28     1084.4286   680     1024.0000     1084.4286   296034    5.90%
     50    35     1084.4286   526     1024.0000     1084.4286   305488    5.90%
     64    40     1084.4286   353     1024.0000     1084.4286   310238    5.90%
     73    37     1084.4286   932     1024.0000     1084.4286   311417    5.90%
     77    22     1084.4286   462     1024.0000     1084.4286   289345    5.90%
     86    77     1084.4286   411     1024.0000     1084.4286   362612    5.90%
    101    78     1084.4286   380     1024.0000     1084.4286   366816    5.90%
Elapsed time = 1147.18 sec. (447385.56 ticks, tree = 1.96 MB, solutions = 13)
    124    93    infeasible           1024.0000     1084.4286   391370    5.90%
    155    54     1084.4286   726     1024.0000     1084.4286   333087    5.90%
    179   112     1084.4286   396     1024.0000     1084.4286   428604    5.90%
    209   132     1084.4286   375     1024.0000     1084.4286   464978    5.90%
    234   169     1084.4286   383     1024.0000     1084.4286   542592    5.90%
    262   182     1084.4286   408     1024.0000     1084.4286   577977    5.90%
    272   197     1084.4286   354     1024.0000     1084.4286   615272    5.90%
    281    71     1084.4286   735     1024.0000     1084.4286   363685    5.90%
    287   191     1084.4286   323     1024.0000     1084.4286   599621    5.90%
    295    39     1084.4286  1036     1024.0000     1084.4286   326623    5.90%
Elapsed time = 1234.17 sec. (457750.95 ticks, tree = 0.14 MB, solutions = 13)
    303   252     1084.4286   515     1024.0000     1084.4286   868256    5.90%
    313   263     1084.4286   609     1024.0000     1084.4286   948378    5.90%
    323   264     1084.4286   265     1024.0000     1084.4286   939390    5.90%
    338   253     1084.4286   564     1024.0000     1084.4286   874223    5.90%
    357   283     1084.4286   436     1024.0000     1084.4286  1047764    5.90%
    381   275     1084.4286   390     1024.0000     1084.4286  1016448    5.90%
    403   287     1084.4286   340     1024.0000     1084.4286  1057501    5.90%
    438   326     1084.4286   377     1024.0000     1084.4286  1188557    5.90%
    471   300     1084.4286   719     1024.0000     1084.4286  1126954    5.90%
    499   332     1084.4286   235     1024.0000     1084.4286  1226287    5.90%
Elapsed time = 1321.49 sec. (467680.60 ticks, tree = 8.50 MB, solutions = 13)
    535   351     1084.4286   428     1024.0000     1084.4286  1247651    5.90%
    567   374     1084.4286   854     1024.0000     1084.4286  1336313    5.90%
    612   419     1084.4286   247     1024.0000     1084.4286  1449924    5.90%
    661   416     1084.4286   812     1024.0000     1084.4286  1429021    5.90%
    695   471     1084.4286   304     1024.0000     1084.4286  1589984    5.90%
    728   455    infeasible           1024.0000     1084.4286  1530615    5.90%
    761   424     1084.4286   250     1024.0000     1084.4286  1471808    5.90%
    786   580    infeasible           1024.0000     1084.4286  1864720    5.90%
    809   520     1084.4286   321     1024.0000     1084.4286  1696010    5.90%
    826   567     1084.4286   319     1024.0000     1084.4286  1818725    5.90%
Elapsed time = 1406.78 sec. (477482.39 ticks, tree = 12.77 MB, solutions = 13)
    854   575     1084.4286   250     1024.0000     1084.4286  1845761    5.90%
    886   578     1084.4286   242     1024.0000     1084.4286  1848688    5.90%
    928   631    infeasible           1024.0000     1084.4286  2043828    5.90%
    967   653     1084.4286   391     1024.0000     1084.4286  2103528    5.90%
   1021   673     1084.4286   442     1024.0000     1084.4286  2172299    5.90%
   1081   749     1083.5417   262     1024.0000     1084.4286  2345959    5.90%
   1148   675     1083.3869   255     1024.0000     1084.4286  2152332    5.90%
   1210   676     1084.3595   262     1024.0000     1084.4286  2172371    5.90%
   1265   779     1083.6316   207     1024.0000     1084.4286  2388854    5.90%
   1315   794     1081.8958   223     1024.0000     1084.4286  2401800    5.90%
Elapsed time = 1483.63 sec. (487252.12 ticks, tree = 15.58 MB, solutions = 13)
   1362   814     1084.4286   177     1024.0000     1084.4286  2434402    5.90%
   1414   882     1084.3939   221     1024.0000     1084.4286  2576821    5.90%
   1461   941     1084.4286   219     1024.0000     1084.4286  2731222    5.90%
   1506   901     1084.4286   351     1024.0000     1084.4286  2599839    5.90%
   1568   949     1083.5417   230     1024.0000     1084.4286  2765472    5.90%
   1612  1033     1084.3595   215     1024.0000     1084.4286  3003428    5.90%
   1664  1107     1081.8750   212     1024.0000     1084.4286  3187537    5.90%
   1716  1003    infeasible           1024.0000     1084.4286  2948774    5.90%
   1759  1070     1084.4286   287     1024.0000     1084.4286  3084595    5.90%
   1810  1207     1081.1389   219     1024.0000     1084.4286  3479791    5.90%
Elapsed time = 1561.69 sec. (496999.48 ticks, tree = 25.26 MB, solutions = 13)
   1851  1156    infeasible           1024.0000     1084.4286  3321719    5.90%
   1897  1210     1084.4286   223     1024.0000     1084.4286  3461798    5.90%
   1929  1174    infeasible           1024.0000     1084.4286  3379616    5.90%
   1969  1244    infeasible           1024.0000     1084.4286  3670707    5.90%
   1996  1194     1084.4286   228     1024.0000     1084.4286  3439653    5.90%
   2029  1246     1083.2222   156     1024.0000     1084.4286  3664484    5.90%
   2059  1294     1084.4286   248     1024.0000     1084.4286  3806421    5.90%
   2087  1287    infeasible           1024.0000     1084.4286  3791903    5.90%
   2120  1433     1084.4286   385     1024.0000     1084.4286  4341572    5.90%
   2153  1386     1082.8671   183     1024.0000     1084.4286  4159453    5.90%
Elapsed time = 1633.50 sec. (506698.26 ticks, tree = 28.61 MB, solutions = 13)
   2188  1390     1082.7083   166     1024.0000     1084.4286  4164295    5.90%
   2223  1507     1081.8750   174     1024.0000     1084.4286  4794490    5.90%
   2270  1495     1083.2651   266     1024.0000     1084.4286  4756923    5.90%
   2313  1542    infeasible           1024.0000     1084.4286  5133084    5.90%
   2372  1464     1084.4286   200     1024.0000     1084.4286  4547196    5.90%
   2409  1531    infeasible           1024.0000     1084.4286  4973329    5.90%
   2458  1580     1083.1905   177     1024.0000     1084.4286  5295312    5.90%
   2498  1597    infeasible           1024.0000     1084.4286  5369508    5.90%
   2545  1520     1077.8274   149     1024.0000     1084.4286  4893990    5.90%
   2578  1629     1084.4286   185     1024.0000     1084.4286  5639415    5.90%
Elapsed time = 1705.47 sec. (516427.31 ticks, tree = 36.06 MB, solutions = 13)
   2622  1639    infeasible           1024.0000     1084.4286  5689308    5.90%
   2669  1626     1080.3502   168     1024.0000     1084.4286  5526612    5.90%
   2719  1761     1080.4226   171     1024.0000     1084.4286  6322738    5.90%
   2766  1780    infeasible           1024.0000     1084.4286  6408250    5.90%
   2822  1701     1080.7471   188     1024.0000     1084.4286  6112237    5.90%
   2874  1773     1084.4286   208     1024.0000     1084.4286  6370336    5.90%
   2929  1658     1077.4167   174     1024.0000     1084.4286  5757852    5.90%
   2993  1712     1084.4286   227     1024.0000     1084.4286  6169032    5.90%
   3050  1715     1083.3333   215     1024.0000     1084.4286  6201830    5.90%
   3263  2017     1081.8056   291     1024.0000     1084.4286  7234549    5.90%
Elapsed time = 1803.09 sec. (529046.99 ticks, tree = 47.83 MB, solutions = 13)
   3451  1990     1076.9325   211     1024.0000     1084.4286  7191771    5.90%
   3647  2166    infeasible           1024.0000     1084.4286  7625133    5.90%
   3785  2264     1073.7500   145     1024.0000     1084.4286  8068512    5.90%
   3934  2377     1080.7917   278     1024.0000     1084.4286  8682137    5.90%
   4111  2395     1078.2806   182     1024.0000     1084.4286  8769651    5.90%
   4252  2483     1084.4286   182     1024.0000     1084.4286  9306217    5.90%
   4435  2663     1080.1667   130     1024.0000     1084.4286 10362205    5.90%
   4623  2672     1079.9931   220     1024.0000     1084.4286 10420933    5.90%
   4840  2906     1079.9931   203     1024.0000     1084.4286 11765224    5.90%
   5026  2808     1066.8321   278     1024.0000     1084.4286 11198237    5.90%
Elapsed time = 2101.22 sec. (567372.87 ticks, tree = 72.31 MB, solutions = 13)
   5193  3034     1072.5625   178     1024.0000     1084.4286 12552423    5.90%
   5371  3230     1072.5625   197     1024.0000     1084.4286 13908927    5.90%
   5518  3208     1075.6528   162     1024.0000     1084.4286 13812681    5.90%
   5684  3440     1057.3333   198     1024.0000     1084.4286 15095663    5.90%
   5864  3332     1073.5675   240     1024.0000     1084.4286 14583933    5.90%
   5999  3565    infeasible           1024.0000     1084.4286 16073898    5.90%
   6135  3553     1074.6181   221     1024.0000     1084.4286 15859115    5.90%
   6264  3679    infeasible           1024.0000     1084.4286 16697182    5.90%
   6406  3732     1034.8333    66     1024.0000     1084.4286 16888097    5.90%
   6557  3846    infeasible           1024.0000     1084.4286 17413456    5.90%
Elapsed time = 2383.32 sec. (605792.69 ticks, tree = 104.75 MB, solutions = 13)
   6696  3869     1030.5833    75     1024.0000     1084.4286 17443977    5.90%
   6856  4110     1053.8056   147     1024.0000     1084.4286 18367839    5.90%
   7039  4174     1081.2917   183     1024.0000     1084.4286 18834929    5.90%
   7212  4173     1043.6667   121     1024.0000     1084.4286 18610735    5.90%
*  7348+ 4314                         1027.0000     1084.4286             5.59%
   7363  4224     1071.9301   227     1027.0000     1084.4286 19129707    5.59%
   7444  4288    infeasible           1027.0000     1084.4286 19455130    5.59%
   7566  4472     1084.4286   168     1027.0000     1084.4286 19972200    5.59%
Exception raised in listener 'MipGapPrinter': 'int' object is not callable, id=75
   7696  4619     1068.7087   240     1027.0000     1084.4286 20895060    5.59%
*  7849+ 4374                         1028.0000     1084.4286             5.49%
   7855  4745     1083.0000   198     1028.0000     1084.4286 21631508    5.49%
*  7971+ 4374                         1029.0000     1084.4286             5.39%
*  7978+ 4374                         1031.0000     1084.4286             5.18%
   7990  4730     1075.7976   154     1031.0000     1084.4286 21584447    5.18%
Elapsed time = 2662.73 sec. (644116.93 ticks, tree = 134.38 MB, solutions = 14)
*  8014+ 4374                         1032.0000     1084.4286             5.08%
   8100  4813     1084.4286   238     1032.0000     1084.4286 21918481    5.08%
   8152  4908     1082.8938   220     1032.0000     1084.4286 22281176    5.08%
*  8186+ 3401                         1034.0000     1084.4286             4.88%
Exception raised in listener 'MipGapPrinter': 'int' object is not callable, id=77
   8186  3402     1084.4286   992     1034.0000     1084.4286 23668771    4.88%
   8187  3403     1084.4286   903     1034.0000     1084.4286 23682996    4.88%
   8188  3404     1084.4286   819     1034.0000     1084.4286 23694774    4.88%
   8189  3404     1084.4286   792     1034.0000     1084.4286 23705568    4.88%
   8191  2722     1084.4286   749     1034.0000     1084.4286 23695732    4.88%
   8193  2042     1084.4286   719     1034.0000     1084.4286 23706521    4.88%
   8196  2044     1084.4286   761     1034.0000     1084.4286 23762603    4.88%
   8198  1364     1084.4286  1009     1034.0000     1084.4286 23754736    4.88%
Elapsed time = 4406.48 sec. (1162774.99 ticks, tree = 44.50 MB, solutions = 20)
   8201  1367     1084.4286   847     1034.0000     1084.4286 23792121    4.88%
   8204  1174     1084.4286   867     1034.0000     1084.4286 23793461    4.88%
   8209   162     1084.4286   843     1034.0000     1084.4286 23804142    4.88%
   8214    70     1084.4286   892     1034.0000     1084.4286 23815298    4.88%
   8223    48     1084.4286   927     1034.0000     1084.4286 23821027    4.88%
   8236    43     1084.4286   864     1034.0000     1084.4286 23825235    4.88%
   8251    36     1084.4286   654     1034.0000     1084.4286 23827163    4.88%
   8268    10     1084.4286   819     1034.0000     1084.4286 23766660    4.88%
   8300    43     1084.4286   794     1034.0000     1084.4286 23852996    4.88%
   8337    44     1084.4286   653     1034.0000     1084.4286 23861282    4.88%
Elapsed time = 4916.64 sec. (1207863.51 ticks, tree = 2.92 MB, solutions = 20)
   8380    57     1084.4286   493     1034.0000     1084.4286 23892987    4.88%
   8428    49     1084.4286   810     1034.0000     1084.4286 23864240    4.88%
   8481    20     1084.4286   788     1034.0000     1084.4286 23816060    4.88%
   8538   143     1084.4286   382     1034.0000     1084.4286 24039485    4.88%
   8609   298     1084.4286   645     1034.0000     1084.4286 24428181    4.88%
   8691   268     1084.4286   798     1034.0000     1084.4286 24316306    4.88%
   8795   366     1084.4286   610     1034.0000     1084.4286 24651849    4.88%
   8902   470     1084.4286   778     1034.0000     1084.4286 24919276    4.88%
   9015   464    infeasible           1034.0000     1084.4286 24916925    4.88%
   9140   463     1084.4286   563     1034.0000     1084.4286 24907839    4.88%
Elapsed time = 5431.86 sec. (1246572.23 ticks, tree = 27.27 MB, solutions = 20)
   9269   645     1084.4286   426     1034.0000     1084.4286 25323220    4.88%
   9405   860     1084.4286   490     1034.0000     1084.4286 25780370    4.88%
   9546   734     1084.4286   439     1034.0000     1084.4286 25476231    4.88%
   9680   964     1084.4286   732     1034.0000     1084.4286 26100117    4.88%
   9804  1119     1084.4286   348     1034.0000     1084.4286 26627517    4.88%
   9926  1151     1084.1548   274     1034.0000     1084.4286 26675474    4.88%
  10028  1154     1084.1548   283     1034.0000     1084.4286 26694736    4.88%
  10123  1217     1084.3095   260     1034.0000     1084.4286 26977160    4.88%
  10251  1289     1084.4286   221     1034.0000     1084.4286 27336439    4.88%
  10363  1453     1079.5185   223     1034.0000     1084.4286 28167733    4.88%
Elapsed time = 5861.92 sec. (1285091.82 ticks, tree = 59.60 MB, solutions = 20)
  10476  1501    infeasible           1034.0000     1084.4286 28407838    4.88%
  10602  1529     1077.3611   404     1034.0000     1084.4286 28555322    4.88%
  10725  1585     1084.4286   439     1034.0000     1084.4286 28877705    4.88%
  10867  1590     1084.4206   270     1034.0000     1084.4286 28912357    4.88%
  10999  1777     1084.0000   252     1034.0000     1084.4286 29729007    4.88%
  11126  1854     1083.1548   338     1034.0000     1084.4286 29984095    4.88%
  11247  1739     1078.1905   294     1034.0000     1084.4286 29481917    4.88%
  11380  2028     1084.4286   572     1034.0000     1084.4286 30597389    4.88%
  11509  2101     1082.7222   217     1034.0000     1084.4286 30952754    4.88%
  11653  2040     1084.4286   449     1034.0000     1084.4286 30617774    4.88%
Elapsed time = 6273.67 sec. (1323505.64 ticks, tree = 78.23 MB, solutions = 20)
  11774  2075     1079.1389   213     1034.0000     1084.4286 30894133    4.88%
  11884  2207     1073.5833   209     1034.0000     1084.4286 31392559    4.88%
  11985  2419     1076.1224   273     1034.0000     1084.4286 32084885    4.88%
  12105  2512     1081.6429   292     1034.0000     1084.4286 32331857    4.88%
  12225  2672     1084.4286   230     1034.0000     1084.4286 32904631    4.88%
  12323  2582     1070.0813   217     1034.0000     1084.4286 32572952    4.88%
  12416  2620     1070.9018   353     1034.0000     1084.4286 32714707    4.88%
  12511  2797     1084.4286   191     1034.0000     1084.4286 33306604    4.88%
  12623  3025     1071.8611   201     1034.0000     1084.4286 34018149    4.88%
  12745  2956     1080.1190   209     1034.0000     1084.4286 33739085    4.88%
Elapsed time = 6696.89 sec. (1361928.54 ticks, tree = 107.73 MB, solutions = 20)
* 12822+ 2892                         1036.0000     1084.4286             4.67%
  12869  3158     1079.0852   278     1036.0000     1084.4286 34438220    4.67%
  12992  3094     1072.3287   324     1036.0000     1084.4286 34204797    4.67%
  13119  3324     1081.3889   246     1036.0000     1084.4286 34939613    4.67%
Exception raised in listener 'MipGapPrinter': 'int' object is not callable, id=98
  13249  3182     1071.7083   203     1036.0000     1084.4286 34468259    4.67%
  13384  3322     1070.3611   270     1036.0000     1084.4286 34884945    4.67%
  13498  3629     1084.4286   729     1036.0000     1084.4286 35806135    4.67%
  13629  3634     1084.3810   692     1036.0000     1084.4286 35810150    4.67%
  13757  3736    infeasible           1036.0000     1084.4286 36139759    4.67%
  13875  3790     1078.9472   196     1036.0000     1084.4286 36367477    4.67%
  13996  4060     1062.8333   225     1036.0000     1084.4286 36994621    4.67%
Elapsed time = 7146.73 sec. (1400445.45 ticks, tree = 138.86 MB, solutions = 23)
  14125  4122     1071.6591   203     1036.0000     1084.4286 37146635    4.67%
  14259  4200     1081.4286   348     1036.0000     1084.4286 37384010    4.67%
  14399  4390     1084.3810   719     1036.0000     1084.4286 37830816    4.67%
  14540  4396     1084.3810   680     1036.0000     1084.4286 37834498    4.67%
  14681  4534     1060.1667   216     1036.0000     1084.4286 38229961    4.67%
  14802  4477     1051.6667   210     1036.0000     1084.4286 37997632    4.67%
  14917  4810     1051.7020   309     1036.0000     1084.4286 38806319    4.67%
  15025  4701     1045.2500   257     1036.0000     1084.4286 38515827    4.67%
  15136  5000     1080.0000   314     1036.0000     1084.4286 39286138    4.67%
  15226  5005     1080.0000   316     1036.0000     1084.4286 39299496    4.67%
Elapsed time = 7724.81 sec. (1439086.32 ticks, tree = 165.24 MB, solutions = 23)
  15288  4948     1084.4286   360     1036.0000     1084.4286 39175971    4.67%
  15333  5194     1084.0734   336     1036.0000     1084.4286 39877784    4.67%
  15375  5253     1084.4286   236     1036.0000     1084.4286 40080046    4.67%
  15408  5291     1062.9167   222     1036.0000     1084.4286 40247166    4.67%
  15440  5261     1080.5000   363     1036.0000     1084.4286 40089215    4.67%
  15457  5336     1083.6667   304     1036.0000     1084.4286 40357621    4.67%
  15474  5340     1083.6667   308     1036.0000     1084.4286 40365554    4.67%
  15489  5317     1078.7381   390     1036.0000     1084.4286 40374148    4.67%
  15503  5349     1083.6429   382     1036.0000     1084.4286 40380833    4.67%
  15518  5386     1074.3889   231     1036.0000     1084.4286 40669744    4.67%
Elapsed time = 8287.93 sec. (1478046.78 ticks, tree = 176.15 MB, solutions = 23)
  15536  5392     1072.7222   189     1036.0000     1084.4286 40684355    4.67%
  15555  5380     1083.6429   308     1036.0000     1084.4286 40588546    4.67%
  15565  5399     1070.5278   232     1036.0000     1084.4286 40724752    4.67%
  15580  5409     1068.1111   186     1036.0000     1084.4286 40817988    4.67%
  15589  5416     1084.3806   315     1036.0000     1084.4286 41021702    4.67%
  15593  5418     1084.3729   311     1036.0000     1084.4286 41056453    4.67%
  15595  5424     1084.1714   321     1036.0000     1084.4286 41152818    4.67%
  15600  5429     1037.0312   318     1036.0000     1084.4286 41195286    4.67%
  15610  5456     1075.0278   236     1036.0000     1084.4286 41234322    4.67%
* 15622+ 5413                         1043.0000     1084.4286             3.97%
  15629  5463     1070.1667   242     1043.0000     1084.4286 41243788    3.97%
Elapsed time = 8870.25 sec. (1521005.21 ticks, tree = 178.34 MB, solutions = 23)
  15646  5487     1053.8333   168     1043.0000     1084.4286 41357098    3.97%
  15673  5476     1065.7727   228     1043.0000     1084.4286 41261885    3.97%
* 15677+ 5413                         1045.0000     1084.4286             3.77%
  15699  5505     1043.1389   238     1045.0000     1084.4286 41374035    3.77%
* 15734+ 5413                         1047.0000     1084.4286             3.57%
  15740  5531     1060.4444   231     1047.0000     1084.4286 41535418    3.57%
  15768  5580     1062.9479   245     1047.0000     1084.4286 41669168    3.57%
  15808  5541     1055.5000   228     1047.0000     1084.4286 41573511    3.57%
  15860  5606     1069.4444   203     1047.0000     1084.4286 41723014    3.57%
  15934  5633     1071.4407   242     1047.0000     1084.4286 41917103    3.57%
  16020  5619     1069.1250   206     1047.0000     1084.4286 41743293    3.57%
* 16023+ 5413                         1055.0000     1084.4286             2.79%
  16105  5659     1079.2222   257     1055.0000     1084.4286 41982564    2.79%
Elapsed time = 9319.55 sec. (1560079.09 ticks, tree = 184.75 MB, solutions = 23)
  16181  5689     1039.7500   254     1055.0000     1084.4286 42080779    2.79%
  16263  5814     1083.2614   259     1055.0000     1084.4286 42511547    2.79%
  16347  5934     1039.5556   278     1055.0000     1084.4286 42801909    2.79%
  16423  6052     1084.4286   328     1055.0000     1084.4286 43227291    2.79%
  16523  5987     1084.3333   231     1055.0000     1084.4286 42953395    2.79%
  16599  6040     1075.7778   224     1055.0000     1084.4286 43103638    2.79%
  16669  6155     1067.3068   283     1055.0000     1084.4286 43592990    2.79%
  16769  6114     1075.9405   247     1055.0000     1084.4286 43445802    2.79%
  16862  6383     1075.6528   238     1055.0000     1084.4286 44261406    2.79%
  16955  6416     1084.4286   348     1055.0000     1084.4286 44381821    2.79%
Elapsed time = 9841.88 sec. (1598645.33 ticks, tree = 205.85 MB, solutions = 23)
  17033  6337     1070.3200   248     1055.0000     1084.4286 44113592    2.79%
  17121  6497     1080.9881   246     1055.0000     1084.4286 44605050    2.79%
  17194  6654     1078.6667   254     1055.0000     1084.4286 45106239    2.79%
  17274  6499     1043.4583   244     1055.0000     1084.4286 44559534    2.79%
  17366  6764     1083.5682   243     1055.0000     1084.4286 45638241    2.79%
  17475  6684     1050.0000   164     1055.0000     1084.4286 45271615    2.79%
  17577  6723     1075.6574   331     1055.0000     1084.4286 45324236    2.79%
  17689  6273    infeasible           1055.0000     1084.4286 46033661    2.79%
  17812  6429     1062.2348   249     1055.0000     1084.4286 46668383    2.79%
Exception raised in listener 'MipGapPrinter': 'int' object is not callable, id=108
  17938  6404        cutoff           1055.0000     1084.4286 46332245    2.79%
Elapsed time = 10323.23 sec. (1637123.57 ticks, tree = 204.56 MB, solutions = 27)
  18067  6311     1067.5338   299     1055.0000     1084.4286 46087714    2.79%
  18177  6535     1057.4944   280     1055.0000     1084.4286 46952276    2.79%
  18300  6855     1077.9306   292     1055.0000     1084.4286 47827667    2.79%
  18429  6488     1073.7564   307     1055.0000     1084.4286 46870705    2.79%
  18536  6611     1072.8186   305     1055.0000     1084.4286 47198433    2.79%
  18624  7019     1075.6075   348     1055.0000     1084.4286 48443110    2.79%
  18745  6816     1084.4286   205     1055.0000     1084.4286 47804894    2.79%
  18863  7175     1083.3333   269     1055.0000     1084.4286 48882710    2.79%
  18977  7149     1061.8056   304     1055.0000     1084.4286 48826728    2.79%
  19095  7088     1056.4769   287     1055.0000     1084.4286 48649930    2.79%
Elapsed time = 10702.38 sec. (1675599.57 ticks, tree = 223.57 MB, solutions = 27)
  19214  7006     1084.3720   259     1055.0000     1084.4286 48476742    2.79%
  19351  7228     1084.4286   330     1055.0000     1084.4286 49019480    2.79%
  19465  7740     1084.4286   311     1055.0000     1084.4286 50646742    2.79%
  19569  7672     1084.4157   308     1055.0000     1084.4286 50493079    2.79%
  19679  7508     1078.3889   243     1055.0000     1084.4286 49863497    2.79%
  19803  7916     1075.3690   248     1055.0000     1084.4286 50996659    2.79%
  19920  7953     1065.3690   276     1055.0000     1084.4286 51033443    2.79%
  20018  8112     1076.6184   267     1055.0000     1084.4286 51527400    2.79%
  20121  8354     1062.9091   229     1055.0000     1084.4286 52505891    2.79%
  20247  8300     1084.2500   267     1055.0000     1084.4286 52219984    2.79%
Elapsed time = 11088.88 sec. (1714216.51 ticks, tree = 259.21 MB, solutions = 27)
  20373  8066     1071.0952   267     1055.0000     1084.4286 51403628    2.79%
  20522  8150     1061.5972   218     1055.0000     1084.4286 51583076    2.79%
  20681  8586     1084.4286   383     1055.0000     1084.4286 53009291    2.79%
  20815  8889     1084.2616   295     1055.0000     1084.4286 53686887    2.79%
  20937  8565     1074.5833   302     1055.0000     1084.4286 52947675    2.79%
  21055  8878     1084.1667   247     1055.0000     1084.4286 53665081    2.79%
  21185  8847     1065.2167   262     1055.0000     1084.4286 53670997    2.79%
  21315  9076     1071.9924   367     1055.0000     1084.4286 53972518    2.79%
  21447  8814     1084.2857   203     1055.0000     1084.4286 53644215    2.79%
  21580  9088     1071.6146   369     1055.0000     1084.4286 53993583    2.79%
Elapsed time = 11468.07 sec. (1752620.17 ticks, tree = 283.67 MB, solutions = 27)
  21693  9158     1077.3889   267     1055.0000     1084.4286 54254818    2.79%
  21818  9163     1075.2276   305     1055.0000     1084.4286 54269542    2.79%
  21952  9847     1084.4286   386     1055.0000     1084.4286 55990811    2.79%
  22085  9842     1066.3889   251     1055.0000     1084.4286 55958397    2.79%
  22211  9854     1084.4286   357     1055.0000     1084.4286 56002019    2.79%
  22352 10001    infeasible           1055.0000     1084.4286 56459531    2.79%
  22475 10111     1058.8333   256     1055.0000     1084.4286 56675853    2.79%
  22597  9952     1064.0613   328     1055.0000     1084.4286 56234172    2.79%
  22720 10316     1069.1563   236     1055.0000     1084.4286 57377326    2.79%
  22809 10247     1073.5476   306     1055.0000     1084.4286 57225158    2.79%
Elapsed time = 11887.37 sec. (1791028.39 ticks, tree = 317.06 MB, solutions = 27)
  22926 10394     1084.2617   319     1055.0000     1084.4286 57538297    2.79%
  23052 10446     1068.8571   333     1055.0000     1084.4286 57636870    2.79%
  23193 10723     1083.1032   334     1055.0000     1084.4286 58637965    2.79%
  23322 10732     1082.9921   264     1055.0000     1084.4286 58649774    2.79%
  23421 10740     1069.3958   229     1055.0000     1084.4286 58710154    2.79%
  23548 10779     1084.4286   418     1055.0000     1084.4286 58846446    2.79%
  23679 10749     1076.0000   223     1055.0000     1084.4286 58879590    2.79%
  23828 11274     1064.1071   354     1055.0000     1084.4286 60133678    2.79%
  23983 11295     1084.4286   312     1055.0000     1084.4286 60327941    2.79%
  24109 11508     1067.4444   249     1055.0000     1084.4286 60857905    2.79%
Elapsed time = 12323.43 sec. (1829376.03 ticks, tree = 352.89 MB, solutions = 27)
  24241 11401     1070.0000   205     1055.0000     1084.4286 60617735    2.79%
  24394 11322     1074.3452   249     1055.0000     1084.4286 60392808    2.79%
  24555 11613     1064.7143   276     1055.0000     1084.4286 61020705    2.79%
  24717 11529     1068.5833   261     1055.0000     1084.4286 60910277    2.79%
  24846 11935     1060.2212   304     1055.0000     1084.4286 61593793    2.79%
  24969 11804     1072.6439   301     1055.0000     1084.4286 61440349    2.79%
  25098 11968     1083.5476   262     1055.0000     1084.4286 61911893    2.79%
  25220 12518     1058.7407   285     1055.0000     1084.4286 63199966    2.79%
  25342 12118     1063.9845   233     1055.0000     1084.4286 62454945    2.79%
  25487 12281     1079.0000   267     1055.0000     1084.4286 62737070    2.79%
Elapsed time = 12743.87 sec. (1867787.34 ticks, tree = 377.10 MB, solutions = 27)
  25639 12885     1057.3148   228     1055.0000     1084.4286 64198890    2.79%
  25795 12912     1084.2628   298     1055.0000     1084.4286 64286076    2.79%
  25940 13005     1066.9444   240     1055.0000     1084.4286 64555343    2.79%
  26071 13293     1075.9569   260     1055.0000     1084.4286 65464169    2.79%
  26195 12950     1081.4637   311     1055.0000     1084.4286 64473291    2.79%
  26339 13305     1070.0000   229     1055.0000     1084.4286 65481762    2.79%
  26509 13677     1081.3013   320     1055.0000     1084.4286 66471679    2.79%
  26665 13752     1059.5000   222     1055.0000     1084.4286 66616966    2.79%
  26847 13890     1072.2106   324     1055.0000     1084.4286 66952176    2.79%
  27032 13389     1068.3611   247     1055.0000     1084.4286 65698786    2.79%
Elapsed time = 13162.32 sec. (1906017.21 ticks, tree = 409.47 MB, solutions = 27)
  27204 13925    infeasible           1055.0000     1084.4286 67067829    2.79%
  27335 14305     1084.0077   281     1055.0000     1084.4286 68073167    2.79%
  27450 14225     1062.5000   298     1055.0000     1084.4286 67703435    2.79%
  27571 14013     1084.2255   320     1055.0000     1084.4286 67289816    2.79%
  27686 14496     1081.7381   251     1055.0000     1084.4286 68689455    2.79%
  27796 14279     1073.4167   279     1055.0000     1084.4286 67935536    2.79%
  27903 14357     1073.1164   262     1055.0000     1084.4286 68268838    2.79%
  28021 15019     1083.6667   277     1055.0000     1084.4286 70103843    2.79%
  28132 14667     1074.5415   324     1055.0000     1084.4286 69059685    2.79%
* 28207+15021                         1057.0000     1084.4286             2.59%
  28238 15227     1071.3799   277     1057.0000     1084.4286 70698040    2.59%
Elapsed time = 13601.30 sec. (1944477.40 ticks, tree = 463.72 MB, solutions = 28)
Exception raised in listener 'MipGapPrinter': 'int' object is not callable, id=122
  28370 14749     1076.1905   452     1057.0000     1084.4286 69262009    2.59%
  28508 14839     1078.0056   299     1057.0000     1084.4286 70996774    2.59%
  28621 14848     1071.1012   319     1057.0000     1084.4286 71002586    2.59%
  28707 15054     1061.1111   266     1057.0000     1084.4286 71559384    2.59%
  28819 14863     1067.6667   263     1057.0000     1084.4286 71019511    2.59%
  28908 15115     1084.2500   217     1057.0000     1084.4286 71630862    2.59%
  28992 15079     1061.0000   288     1057.0000     1084.4286 71575322    2.59%
  29084 14988     1073.5000   266     1057.0000     1084.4286 71328172    2.59%
  29192 15210     1075.2778   244     1057.0000     1084.4286 71970074    2.59%
  29276 15299     1073.7738   287     1057.0000     1084.4286 72263810    2.59%
Elapsed time = 14022.44 sec. (1983014.26 ticks, tree = 462.06 MB, solutions = 28)
  29351 15354     1083.0000   230     1057.0000     1084.4286 72477248    2.59%
  29434 15417     1084.4286   313     1057.0000     1084.4286 72647576    2.59%
  29528 15451     1064.8329   298     1057.0000     1084.4286 72812302    2.59%
  29644 15927     1064.6000   269     1057.0000     1084.4286 74222281    2.59%
  29755 15523     1059.4394   284     1057.0000     1084.4286 72986667    2.59%
  29878 15788     1067.4444   233     1057.0000     1084.4286 73521518    2.59%
  30043 15937     1067.1433   320     1057.0000     1084.4286 74087147    2.59%
  30210 16257     1061.7778   266     1057.0000     1084.4286 75085241    2.59%
  30371 15970     1063.9852   288     1057.0000     1084.4286 74346942    2.59%
  30458 15986     1064.5417   252     1057.0000     1084.4286 74324950    2.59%
Elapsed time = 14400.62 sec. (2021605.60 ticks, tree = 480.75 MB, solutions = 28)
  30492 16024     1084.2500   290     1057.0000     1084.4286 74428655    2.59%

GUB cover cuts applied:  947
Clique cuts applied:  29
Cover cuts applied:  422
Implied bound cuts applied:  1183
Flow cuts applied:  11
Mixed integer rounding cuts applied:  192
Zero-half cuts applied:  293
Lift and project cuts applied:  15
Gomory fractional cuts applied:  149

Root node processing (before b&c):
  Real time             =  990.61 sec. (425414.76 ticks)
Parallel b&c, 24 threads:
  Real time             = 13410.35 sec. (1602068.85 ticks)
  Sync time (average)   = 3693.68 sec.
  Wait time (average)   =    0.31 sec.
                          ------------
Total (root+branch&cut) = 14400.96 sec. (2027483.61 ticks)
status  = time limit exceeded
time    = 14401 s.
problem = MILP
gap     = 2.59495%

Objective value: 1057.0
[50, 50, 8, 6, 400, 144, 1057, 1084, 2.59, 14400.99]
number of spatial :  807
Heuristic Solution information :  [50, 50, 8, 6, 400, 137, 835, 28, 807]
