CPXPARAM_Read_DataCheck                          1
CPXPARAM_TimeLimit                               14400
Aggregator has done 2728 substitutions...
Tried aggregator 2 times.
MIP Presolve eliminated 99214 rows and 339787 columns.
MIP Presolve modified 5988 coefficients.
Aggregator did 2728 substitutions.
Reduced MIP has 626580 rows, 242234 columns, and 2809331 nonzeros.
Reduced MIP has 232234 binaries, 0 generals, 0 SOSs, and 0 indicators.
Presolve time = 5.92 sec. (18221.35 ticks)
Probing time = 1.71 sec. (73.96 ticks)
Tried aggregator 1 time.
MIP Presolve eliminated 294000 rows and 6000 columns.
Reduced MIP has 332580 rows, 236234 columns, and 2221331 nonzeros.
Reduced MIP has 232234 binaries, 0 generals, 0 SOSs, and 0 indicators.
Presolve time = 2.44 sec. (3702.01 ticks)
Probing time = 1.13 sec. (64.84 ticks)
Clique table members: 126048.
MIP emphasis: balance optimality and feasibility.
MIP search method: dynamic search.
Parallel mode: deterministic, using up to 24 threads.
Root relaxation solution time = 61.77 sec. (14422.15 ticks)

        Nodes                                         Cuts/
   Node  Left     Objective  IInf  Best Integer    Best Bound    ItCnt     Gap

*     0+    0                         1307.0000     2754.0000           110.71%
      0     0     2754.0000  1515     1307.0000     2754.0000    95791  110.71%
Exception raised in listener 'MipGapPrinter': 'int' object is not callable, id=1
*     0+    0                         2007.0000     2754.0000            37.22%
Exception raised in listener 'MipGapPrinter': 'int' object is not callable, id=3
      0     0     2754.0000  1528     2007.0000     Cuts: 263   128588   37.22%
      0     0     2754.0000  1630     2007.0000     Cuts: 276   189049   37.22%
Heuristic still looking.
Heuristic still looking.
Heuristic still looking.
*     0+    0                         2231.0000     2754.0000            23.44%
*     0+    0                         2339.0000     2754.0000            17.74%
*     0+    0                         2574.0000     2754.0000             6.99%
Exception raised in listener 'MipGapPrinter': 'int' object is not callable, id=7
      0     2     2754.0000   865     2574.0000     2754.0000   189049    6.99%
Elapsed time = 2172.36 sec. (479743.13 ticks, tree = 0.02 MB, solutions = 5)
      1     3     2754.0000  1503     2574.0000     2754.0000   227898    6.99%
      2     4     2754.0000  1631     2574.0000     2754.0000   269171    6.99%
      3     5     2754.0000  1849     2574.0000     2754.0000   315560    6.99%
      4     4     2754.0000  1733     2574.0000     2754.0000   267549    6.99%
      5     3     2754.0000  1458     2574.0000     2754.0000   249454    6.99%
      6     6     2754.0000  1797     2574.0000     2754.0000   374869    6.99%
      7     9     2754.0000  1820     2574.0000     2754.0000   479804    6.99%
      8    10     2754.0000  1926     2574.0000     2754.0000   485356    6.99%
      9    11     2754.0000  2218     2574.0000     2754.0000   487866    6.99%
     10    12     2754.0000  2137     2574.0000     2754.0000   488337    6.99%
Elapsed time = 3906.05 sec. (830353.77 ticks, tree = 0.14 MB, solutions = 5)
     11    13     2754.0000  2151     2574.0000     2754.0000   488841    6.99%
     12    14     2754.0000  1838     2574.0000     2754.0000   500900    6.99%
     13    15     2754.0000  1890     2574.0000     2754.0000   503963    6.99%
     14    16     2754.0000  1757     2574.0000     2754.0000   508428    6.99%
     15    17     2754.0000  1843     2574.0000     2754.0000   509936    6.99%
     16    18     2754.0000  1703     2574.0000     2754.0000   517913    6.99%
     17    19     2754.0000  1633     2574.0000     2754.0000   519857    6.99%
     18    20     2754.0000  1654     2574.0000     2754.0000   521631    6.99%
     19    21     2754.0000  1640     2574.0000     2754.0000   521971    6.99%
     21    23     2754.0000  1595     2574.0000     2754.0000   525150    6.99%
Elapsed time = 5441.94 sec. (885461.49 ticks, tree = 0.14 MB, solutions = 5)
     22     7     2754.0000  1895     2574.0000     2754.0000   410691    6.99%
     23    25     2754.0000  1852     2574.0000     2754.0000   581509    6.99%
     24    26     2754.0000  1915     2574.0000     2754.0000   586816    6.99%
     25    27     2754.0000  2320     2574.0000     2754.0000   590088    6.99%
     26    28     2754.0000  2122     2574.0000     2754.0000   591659    6.99%
     27    29     2754.0000  2042     2574.0000     2754.0000   595941    6.99%
     28    30     2754.0000  1993     2574.0000     2754.0000   599707    6.99%
     29    31     2754.0000  1987     2574.0000     2754.0000   603882    6.99%
     30    32     2754.0000  1970     2574.0000     2754.0000   606970    6.99%
     31    33     2754.0000  1945     2574.0000     2754.0000   612103    6.99%
Elapsed time = 6127.12 sec. (914788.72 ticks, tree = 1.02 MB, solutions = 5)
     32    34     2754.0000  1839     2574.0000     2754.0000   613389    6.99%
     33    35     2754.0000  1955     2574.0000     2754.0000   616231    6.99%
     35    37     2754.0000  1853     2574.0000     2754.0000   619581    6.99%
     36    38     2754.0000  1774     2574.0000     2754.0000   622718    6.99%
     38    28     2754.0000  1495     2574.0000     2754.0000   588624    6.99%
     41    40     2754.0000  1785     2574.0000     2754.0000   629051    6.99%
     43    30     2754.0000  1469     2574.0000     2754.0000   590252    6.99%
     46    32     2754.0000  1397     2574.0000     2754.0000   591841    6.99%
     48    34     2754.0000  1360     2574.0000     2754.0000   592927    6.99%
     49    35     2754.0000  1413     2574.0000     2754.0000   594148    6.99%
Elapsed time = 6544.68 sec. (936711.20 ticks, tree = 1.02 MB, solutions = 5)
     51    37     2754.0000  1455     2574.0000     2754.0000   595218    6.99%
     53    39     2754.0000  1547     2574.0000     2754.0000   595949    6.99%
*    55+    4                         2636.0000     2754.0000             4.48%
     55    41     2754.0000  1410     2636.0000     2754.0000   597080    4.48%
     57    43     2754.0000  1381     2636.0000     2754.0000   598068    4.48%
*    58+    4                         2646.0000     2754.0000             4.08%
     59    45     2754.0000  1417     2646.0000     2754.0000   598699    4.08%
*    61+    4                         2654.0000     2754.0000             3.77%
*    61+    4                         2666.0000     2754.0000             3.30%
     61    47     2754.0000  1330     2666.0000     2754.0000   599769    3.30%
*    63+    4                         2672.0000     2754.0000             3.07%
     63    49     2754.0000  1264     2672.0000     2754.0000   601074    3.07%
     66    51     2754.0000  1249     2672.0000     2754.0000   602295    3.07%
     68    53     2754.0000  1204     2672.0000     2754.0000   603000    3.07%
     69    54     2754.0000  1279     2672.0000     2754.0000   603780    3.07%
Elapsed time = 6859.68 sec. (951895.09 ticks, tree = 3.40 MB, solutions = 10)
     71    56     2754.0000  1190     2672.0000     2754.0000   605207    3.07%
     72    57     2754.0000  1261     2672.0000     2754.0000   605845    3.07%
     74    59     2754.0000  1326     2672.0000     2754.0000   606698    3.07%
     76    61     2754.0000  1247     2672.0000     2754.0000   607552    3.07%
     79    64     2754.0000  1197     2672.0000     2754.0000   608237    3.07%
     83    66     2754.0000  1155     2672.0000     2754.0000   609006    3.07%
     87    70     2754.0000  1119     2672.0000     2754.0000   609544    3.07%
     90    73     2754.0000  1180     2672.0000     2754.0000   610487    3.07%
     92    43     2754.0000  1814     2672.0000     2754.0000   636207    3.07%
     93     5     2754.0000  1691     2672.0000     2754.0000   330315    3.07%
Elapsed time = 7553.69 sec. (983584.00 ticks, tree = 0.02 MB, solutions = 12)
*    94+   19                         2694.0000     2754.0000             2.23%
*    94+   19                         2704.0000     2754.0000             1.85%
     94    46     2754.0000  1768     2704.0000     2754.0000   686992    1.85%
     96    48     2754.0000  1778     2704.0000     2754.0000   687719    1.85%
     98    50     2754.0000  1718     2704.0000     2754.0000   688661    1.85%
     99    29     2754.0000  1581     2704.0000     2754.0000   646876    1.85%
    102    30     2754.0000  1562     2704.0000     2754.0000   647076    1.85%
    104    31     2754.0000  1571     2704.0000     2754.0000   647733    1.85%
    108    54     2754.0000  1667     2704.0000     2754.0000   690978    1.85%
    111    55     2754.0000  1628     2704.0000     2754.0000   692118    1.85%
    114    57     2754.0000  1632     2704.0000     2754.0000   692400    1.85%
    116    55     2754.0000  1564     2704.0000     2754.0000   760779    1.85%
Elapsed time = 8320.05 sec. (999833.43 ticks, tree = 5.81 MB, solutions = 12)
    118    57     2754.0000  1515     2704.0000     2754.0000   761236    1.85%
    119    58     2754.0000  1586     2704.0000     2754.0000   761643    1.85%
    122    59     2754.0000  1635     2704.0000     2754.0000   693993    1.85%
    123    47     2754.0000  1641     2704.0000     2754.0000   781547    1.85%
    127    49     2754.0000  1624     2704.0000     2754.0000   782296    1.85%
    129    61     2754.0000  1704     2704.0000     2754.0000   697192    1.85%
Exception raised in listener 'MipGapPrinter': 'int' object is not callable, id=29
    133    51     2754.0000  1611     2704.0000     2754.0000   783577    1.85%
    137    63     2754.0000  1665     2704.0000     2754.0000   701979    1.85%
    140    52     2754.0000  1649     2704.0000     2754.0000   784537    1.85%
    144   104     2754.0000  1120     2704.0000     2754.0000   799657    1.85%
Elapsed time = 8714.47 sec. (1012076.96 ticks, tree = 11.83 MB, solutions = 12)
    149   107     2754.0000  1139     2704.0000     2754.0000   801296    1.85%
    154   109     2754.0000  1133     2704.0000     2754.0000   804677    1.85%
    158    57     2754.0000  1630     2704.0000     2754.0000   786203    1.85%
    163   114     2754.0000  1142     2704.0000     2754.0000   809833    1.85%
    166   116     2754.0000  1196     2704.0000     2754.0000   814012    1.85%
    171   118     2754.0000  1174     2704.0000     2754.0000   816807    1.85%
    174   120     2754.0000  1172     2704.0000     2754.0000   821570    1.85%
    176    60     2754.0000  1633     2704.0000     2754.0000   789540    1.85%
    179   131     2754.0000  1501     2704.0000     2754.0000   837626    1.85%
    180   132     2754.0000  1517     2704.0000     2754.0000   840471    1.85%
Elapsed time = 9056.54 sec. (1024604.40 ticks, tree = 14.70 MB, solutions = 12)
    182    62     2754.0000  1657     2704.0000     2754.0000   791036    1.85%
*   187+   19                         2712.0000     2754.0000             1.55%
    187   137     2754.0000  1477     2712.0000     2754.0000   847019    1.55%
    188   138     2754.0000  1464     2712.0000     2754.0000   849842    1.55%
    192   140     2754.0000  1474     2712.0000     2754.0000   853753    1.55%
*   196+   19                         2718.0000     2754.0000             1.32%
    196   142     2754.0000  1433     2718.0000     2754.0000   858391    1.32%
    198   144     2754.0000  1391     2718.0000     2754.0000   862272    1.32%
    203   148     2754.0000  1586     2718.0000     2754.0000   874567    1.32%
    206   165     2754.0000  1362     2718.0000     2754.0000   917322    1.32%
    210   166     2754.0000  1348     2718.0000     2754.0000   918081    1.32%
    216   171     2754.0000  1375     2718.0000     2754.0000   920397    1.32%
Elapsed time = 9389.95 sec. (1040983.45 ticks, tree = 18.81 MB, solutions = 12)
    224   178     2754.0000  1532     2718.0000     2754.0000   923779    1.32%
*   230+   19                         2730.0000     2754.0000             0.88%
    231    66     2754.0000  1589     2730.0000     2754.0000   765632    0.88%
    242   183     2754.0000  1603     2730.0000     2754.0000   929803    0.88%
    261   183     2754.0000  1946     2730.0000     2754.0000  1031198    0.88%
    275   212     2754.0000  1469     2730.0000     2754.0000  1035451    0.88%
    288   246     2754.0000  1503     2730.0000     2754.0000  1064707    0.88%
    309   228     2754.0000  1887     2730.0000     2754.0000  1066243    0.88%
    327   249     2754.0000  1183     2730.0000     2754.0000  1066324    0.88%
    348   257     2754.0000  1562     2730.0000     2754.0000  1077068    0.88%
*   367+   11                         2734.0000     2754.0000             0.73%
    370   260     2754.0000  1521     2734.0000     2754.0000  1085236    0.73%
Elapsed time = 10353.57 sec. (1080315.71 ticks, tree = 25.91 MB, solutions = 32)
    389   272     2754.0000  1491     2734.0000     2754.0000  1125165    0.73%
Exception raised in listener 'MipGapPrinter': 'int' object is not callable, id=30
    411   274     2754.0000  1475     2734.0000     2754.0000  1126898    0.73%
    436   281     2754.0000  1360     2734.0000     2754.0000  1131293    0.73%
    465   355     2754.0000  1462     2734.0000     2754.0000  1216791    0.73%
    492   342     2754.0000  1111     2734.0000     2754.0000  1187914    0.73%
    521   386     2754.0000  1926     2734.0000     2754.0000  1337119    0.73%
    551   407     2754.0000  1464     2734.0000     2754.0000  1348975    0.73%
    584   303     2754.0000  1303     2734.0000     2754.0000  1140518    0.73%
    623   463     2754.0000   984     2734.0000     2754.0000  1397683    0.73%
    659   517     2754.0000  1358     2734.0000     2754.0000  1437673    0.73%
Elapsed time = 11126.52 sec. (1120289.39 ticks, tree = 46.82 MB, solutions = 54)
    699   484     2754.0000   936     2734.0000     2754.0000  1411987    0.73%
    730   493     2754.0000   999     2734.0000     2754.0000  1420696    0.73%
    750   418     2754.0000  1773     2734.0000     2754.0000  1385558    0.73%
    762   593     2754.0000  1640     2734.0000     2754.0000  1670408    0.73%
    773   558     2754.0000  1458     2734.0000     2754.0000  1565979    0.73%
    788   570     2754.0000  1606     2734.0000     2754.0000  1584623    0.73%
    804   575     2754.0000  1793     2734.0000     2754.0000  1583721    0.73%
    825   588     2754.0000  1558     2734.0000     2754.0000  1637168    0.73%
    845   591     2754.0000  1632     2734.0000     2754.0000  1638781    0.73%
    861   634     2754.0000  1430     2734.0000     2754.0000  1786535    0.73%
Elapsed time = 12124.46 sec. (1161153.52 ticks, tree = 43.22 MB, solutions = 64)
    872   595     2754.0000  1523     2734.0000     2754.0000  1641489    0.73%
    884   648     2754.0000  1505     2734.0000     2754.0000  1799383    0.73%
    892   651     2754.0000  1577     2734.0000     2754.0000  1800807    0.73%
    897   629     2754.0000  1708     2734.0000     2754.0000  1755136    0.73%
    906   672    infeasible           2734.0000     2754.0000  1817952    0.73%
    916   677     2754.0000  1071     2734.0000     2754.0000  1821563    0.73%
    932   639     2754.0000  1776     2734.0000     2754.0000  1793382    0.73%
    947   693     2754.0000  1006     2734.0000     2754.0000  1827987    0.73%
    969   699     2754.0000  1689     2734.0000     2754.0000  1849926    0.73%
    987   662     2754.0000  1696     2734.0000     2754.0000  1838927    0.73%
Elapsed time = 13148.72 sec. (1201089.77 ticks, tree = 47.54 MB, solutions = 66)
    994   663     2754.0000  1640     2734.0000     2754.0000  1847237    0.73%
    997   719     2754.0000  1834     2734.0000     2754.0000  1894693    0.73%
   1007   770     2754.0000   969     2734.0000     2754.0000  1936162    0.73%
   1019   780     2754.0000   977     2734.0000     2754.0000  1947285    0.73%
   1022   781     2754.0000   969     2734.0000     2754.0000  1953772    0.73%
   1035   719     2754.0000  1395     2734.0000     2754.0000  1904055    0.73%
   1054   800     2754.0000   933     2734.0000     2754.0000  1977227    0.73%
   1076   728     2754.0000  1436     2734.0000     2754.0000  1920026    0.73%
   1097   821     2754.0000   857     2734.0000     2754.0000  1993367    0.73%
   1123   740     2754.0000  1370     2734.0000     2754.0000  1939198    0.73%
Elapsed time = 14169.03 sec. (1243256.14 ticks, tree = 54.74 MB, solutions = 69)
   1151   839     2754.0000   825     2734.0000     2754.0000  2006460    0.73%
   1187   872     2754.0000   853     2734.0000     2754.0000  2072605    0.73%
   1233   882     2754.0000   844     2734.0000     2754.0000  2079422    0.73%
   1268   825     2754.0000  1336     2734.0000     2754.0000  2019416    0.73%
   1292   811     2754.0000  1391     2734.0000     2754.0000  2015499    0.73%
   1303   907     2754.0000   913     2734.0000     2754.0000  2098788    0.73%
   1317   919     2754.0000   882     2734.0000     2754.0000  2104438    0.73%
*  1323+  522                         2746.0000     2754.0000             0.29%
   1323    25     2754.0000  1890     2746.0000     2754.0000   581584    0.29%
Exception raised in listener 'MipGapPrinter': 'int' object is not callable, id=34

Clique cuts applied:  6
Cover cuts applied:  48
Implied bound cuts applied:  2166
Flow cuts applied:  2
Mixed integer rounding cuts applied:  50
Zero-half cuts applied:  46
Lift and project cuts applied:  1
Gomory fractional cuts applied:  7

Root node processing (before b&c):
  Real time             = 2165.22 sec. (479062.11 ticks)
Parallel b&c, 24 threads:
  Real time             = 12236.51 sec. (871288.80 ticks)
  Sync time (average)   = 5415.07 sec.
  Wait time (average)   =    0.00 sec.
                          ------------
Total (root+branch&cut) = 14401.73 sec. (1350350.91 ticks)
status  = time limit exceeded
time    = 14401.9 s.
problem = MILP
gap     = 0.291333%

Objective value: 2746.0
[50, 200, 8, 6, 400, 399, 2746, 2754, 0.29, 14401.92]
number of spatial :  2596
Heuristic Solution information :  [50, 200, 8, 6, 400, 381, 2624, 28, 2596]
