CPXPARAM_Read_DataCheck                          1
CPXPARAM_TimeLimit                               14400
Tried aggregator 2 times.
MIP Presolve eliminated 24870 rows and 226454 columns.
MIP Presolve modified 1686 coefficients.
Aggregator did 1116 substitutions.
Reduced MIP has 280016 rows, 64572 columns, and 884690 nonzeros.
Reduced MIP has 59572 binaries, 0 generals, 0 SOSs, and 0 indicators.
Presolve time = 6.37 sec. (3917.85 ticks)
Probing time = 6.77 sec. (18.05 ticks)
Tried aggregator 1 time.
MIP Presolve eliminated 196000 rows and 4000 columns.
Reduced MIP has 84016 rows, 60572 columns, and 492690 nonzeros.
Reduced MIP has 59572 binaries, 0 generals, 0 SOSs, and 0 indicators.
Presolve time = 3.76 sec. (694.18 ticks)
Probing time = 4.18 sec. (14.31 ticks)
Clique table members: 32264.
MIP emphasis: balance optimality and feasibility.
MIP search method: dynamic search.
Parallel mode: deterministic, using up to 24 threads.
Root relaxation solution time = 22.10 sec. (2511.46 ticks)

        Nodes                                         Cuts/
   Node  Left     Objective  IInf  Best Integer    Best Bound    ItCnt     Gap

*     0+    0                          371.0000     1122.0000           202.43%
      0     0      723.0556   994      371.0000      723.0556    32552   94.89%
Exception raised in listener 'MipGapPrinter': 'int' object is not callable, id=1
*     0+    0                          502.0000      723.0556            44.03%
Exception raised in listener 'MipGapPrinter': 'int' object is not callable, id=3
      0     0      682.3333   884      502.0000    Cuts: 1080    47506   35.92%
      0     0      667.6111   966      502.0000     Cuts: 548    59155   32.99%
      0     0      653.6591  1042      502.0000     Cuts: 577    73943   30.21%
*     0+    0                          568.0000      653.6591            15.08%
*     0+    0                          581.0000      653.6591            12.51%
*     0+    0                          591.0000      653.6591            10.60%
*     0+    0                          597.0000      653.6591             9.49%
Exception raised in listener 'MipGapPrinter': 'int' object is not callable, id=9
      0     0      645.2576  1143      597.0000     Cuts: 534    89678    8.08%
      0     0      637.5625  1061      597.0000     Cuts: 716   104385    6.79%
      0     0      636.3750  1140      597.0000     Cuts: 441   117833    6.60%
      0     0      636.3750  1289      597.0000     Cuts: 354   132810    6.60%
*     0+    0                          599.0000      636.3750             6.24%
Exception raised in listener 'MipGapPrinter': 'int' object is not callable, id=18
      0     0      636.3750   688      599.0000      Cuts: 38   142190    6.24%
      0     0      636.3750   903      599.0000     Cuts: 302   154019    6.24%
*     0+    0                          605.0000      636.3750             5.19%
*     0+    0                          616.0000      636.3750             3.31%
*     0+    0                          620.0000      636.3750             2.64%
*     0+    0                          621.0000      636.3750             2.48%
Exception raised in listener 'MipGapPrinter': 'int' object is not callable, id=22
Heuristic still looking.
      0     2      636.3750   378      621.0000      636.3750   154019    2.48%
Elapsed time = 2435.61 sec. (238074.74 ticks, tree = 0.02 MB, solutions = 11)
      1     3      636.3750   396      621.0000      636.3750   155473    2.48%
      2     4      636.3750   382      621.0000      636.3750   156921    2.48%
      3     5      636.3750   389      621.0000      636.3750   157610    2.48%
      4     6      636.3750   505      621.0000      636.3750   158055    2.48%
      5     7      636.3750   503      621.0000      636.3750   159381    2.48%
      6     8      636.3750   485      621.0000      636.3750   160413    2.48%
      8    10      636.3750   488      621.0000      636.3750   161489    2.48%
      9    11      636.3750   509      621.0000      636.3750   162566    2.48%
     10    12      636.3750   472      621.0000      636.3750   163461    2.48%
     18    20      636.3750   407      621.0000      636.3750   166400    2.48%
Elapsed time = 2509.87 sec. (243264.14 ticks, tree = 0.04 MB, solutions = 11)
     20     4      636.3750   400      621.0000      636.3750   156279    2.48%
     30    28      636.3750   446      621.0000      636.3750   175578    2.48%
     59    36      636.3750   417      621.0000      636.3750   180345    2.48%
    122    55      636.3750   407      621.0000      636.3750   190679    2.48%
    200   109      636.3750   342      621.0000      636.3750   231926    2.48%
    287   221      636.3000   292      621.0000      636.3750   301019    2.48%
    393   275    infeasible            621.0000      636.3750   333284    2.48%
    487   351      636.3750   419      621.0000      636.3750   379511    2.48%
    598   467      636.3750   334      621.0000      636.3750   458964    2.48%
    723   489      636.3000   272      621.0000      636.3750   479475    2.48%
Elapsed time = 2722.13 sec. (253862.01 ticks, tree = 24.01 MB, solutions = 11)
    850   652      636.3750   353      621.0000      636.3750   586052    2.48%
    974   710      636.3750   325      621.0000      636.3750   630228    2.48%
   1043   768      636.3750   354      621.0000      636.3750   693795    2.48%
   1148   882      636.3000   289      621.0000      636.3750   758879    2.48%
   1284   936      636.3000   338      621.0000      636.3750   793068    2.48%
   1426  1093      636.3000   238      621.0000      636.3750   904393    2.48%
   1561  1211      636.3000   251      621.0000      636.3750   987146    2.48%
   1703  1238      636.0000   342      621.0000      636.3750  1015384    2.48%
   1869  1305      636.3000   242      621.0000      636.3750  1073106    2.48%
   2028  1339      636.3000   277      621.0000      636.3750  1115725    2.48%
Elapsed time = 2893.09 sec. (263477.62 ticks, tree = 96.17 MB, solutions = 11)
   2175  1430      636.3000   249      621.0000      636.3750  1188735    2.48%
   2316  1577      636.0000   261      621.0000      636.3750  1312297    2.48%
   2461  1713      636.3000   222      621.0000      636.3750  1432145    2.48%
   2601  1827      636.3000   230      621.0000      636.3750  1570219    2.48%
   2730  1880      636.3000   227      621.0000      636.3750  1625159    2.48%
   2833  1953      636.3000   279      621.0000      636.3750  1687602    2.48%
   2938  2073      636.3000   214      621.0000      636.3750  1793785    2.48%
   3041  2126      635.0889   242      621.0000      636.3750  1858928    2.48%
   3135  2169    infeasible            621.0000      636.3750  1894581    2.48%
   3239  2378      635.9000   231      621.0000      636.3750  2124021    2.48%
Elapsed time = 3087.40 sec. (273077.39 ticks, tree = 194.26 MB, solutions = 11)
   3314  2422      635.1250   170      621.0000      636.3750  2162467    2.48%
   3435  2497      636.2143   258      621.0000      636.3750  2269998    2.48%
   3576  2547      635.7857   178      621.0000      636.3750  2315526    2.48%
   3722  2591      636.3000   264      621.0000      636.3750  2361472    2.48%
   3857  2783      634.3106   170      621.0000      636.3750  2595620    2.48%
   3982  2866      636.3000   280      621.0000      636.3750  2671603    2.48%
   4096  3048      635.0556   204      621.0000      636.3750  2897376    2.48%
   4242  3041      635.6667   210      621.0000      636.3750  2891425    2.48%
   4375  3199    infeasible            621.0000      636.3750  3141684    2.48%
   4514  3242      634.0208   251      621.0000      636.3750  3206444    2.48%
Elapsed time = 3266.51 sec. (282717.75 ticks, tree = 283.22 MB, solutions = 11)
   4640  3364      636.2143   185      621.0000      636.3750  3354301    2.48%
   4759  3420      633.7396   230      621.0000      636.3750  3447515    2.48%
   4887  3398      636.3000   339      621.0000      636.3750  3391372    2.48%
   4974  3596      635.6667   158      621.0000      636.3750  3691531    2.48%
   5053  3692    infeasible            621.0000      636.3750  3812424    2.48%
   5138  3639      636.3750   244      621.0000      636.3750  3735491    2.48%
   5251  3665    infeasible            621.0000      636.3750  3765805    2.48%
*  5383+ 3551                          622.0000      636.3750             2.31%
   5385  3885      632.8333   197      622.0000      636.3750  4111192    2.31%
   5512  3830      635.1111   157      622.0000      636.3750  4002745    2.31%
*  5562+ 3551                          623.0000      636.3750             2.15%
   5617  3839      634.9444   151      623.0000      636.3750  4008030    2.15%
Elapsed time = 3467.29 sec. (292324.64 ticks, tree = 361.45 MB, solutions = 11)
   5724  3956      636.3000   192      623.0000      636.3750  4216540    2.15%
   5844  4139      631.2778   146      623.0000      636.3750  4450367    2.15%
   5965  4047      636.3000   252      623.0000      636.3750  4322328    2.15%
   6065  4315      636.3750   312      623.0000      636.3750  4679534    2.15%
   6161  4248      636.3000   232      623.0000      636.3750  4592046    2.15%
   6244  4338      634.9583   234      623.0000      636.3750  4709538    2.15%
   6331  4508      636.3000   230      623.0000      636.3750  4956391    2.15%
*  6378+ 3551                          624.0000      636.3750             1.98%
   6438  4611      636.3000   204      624.0000      636.3750  5105916    1.98%
   6517  4618      636.3000   224      624.0000      636.3750  5112410    1.98%
   6576  4626      631.0602   133      624.0000      636.3750  5171826    1.98%
Elapsed time = 3673.04 sec. (301987.62 ticks, tree = 433.43 MB, solutions = 14)
   6588  4469      633.5556   186      624.0000      636.3750  4902513    1.98%
   6592  4167      636.3000   235      624.0000      636.3750  4484219    1.98%
   6593  1602      636.3750   404      624.0000      636.3750  1313807    1.98%
   6594  4616      636.3750   364      624.0000      636.3750  5088390    1.98%
Exception raised in listener 'MipGapPrinter': 'int' object is not callable, id=66
   6595  4892      636.3750   303      624.0000      636.3750  5647276    1.98%
   6596  4893      636.3750   485      624.0000      636.3750  5654815    1.98%
   6597  4893      636.3750   599      624.0000      636.3750  5663707    1.98%
   6598  4894      636.3750   597      624.0000      636.3750  5663708    1.98%
   6599  4895      636.3750   588      624.0000      636.3750  5673175    1.98%
   6600  4896      636.3750   611      624.0000      636.3750  5673858    1.98%
Elapsed time = 10470.28 sec. (649101.66 ticks, tree = 533.36 MB, solutions = 14)
   6601  4896      636.3750   627      624.0000      636.3750  5675538    1.98%
   6602  1836      636.3750   530      624.0000      636.3750  5656716    1.98%
   6604  1844      636.3750   549      624.0000      636.3750  5686039    1.98%
   6606  1678      636.3750   543      624.0000      636.3750  5686054    1.98%
   6607   559      636.3750   643      624.0000      636.3750  5664761    1.98%
   6609   570      636.3750   525      624.0000      636.3750  5698146    1.98%
   6611   466      636.3750   549      624.0000      636.3750  5700780    1.98%
   6614   414      636.3750   515      624.0000      636.3750  5701179    1.98%
   6616   144      636.3750   528      624.0000      636.3750  5701506    1.98%
   6618   147      636.3750   506      624.0000      636.3750  5710972    1.98%
Elapsed time = 10893.39 sec. (670076.25 ticks, tree = 13.46 MB, solutions = 14)
   6621    29      636.2500   705      624.0000      636.3750  5674925    1.98%
   6625    32      636.3750   504      624.0000      636.3750  5713283    1.98%
   6630    35      636.3750   501      624.0000      636.3750  5728068    1.98%
   6634    33      636.3750   442      624.0000      636.3750  5729688    1.98%
   6639    33      636.3750   609      624.0000      636.3750  5729777    1.98%
   6643    36      636.3750   457      624.0000      636.3750  5731254    1.98%
   6647    37      636.3750   510      624.0000      636.3750  5732573    1.98%
   6653    35      636.3750   610      624.0000      636.3750  5732254    1.98%
   6659    40      636.3750   463      624.0000      636.3750  5733662    1.98%
   6699    66      636.3750   562      624.0000      636.3750  5763423    1.98%
Elapsed time = 11197.78 sec. (685220.18 ticks, tree = 0.80 MB, solutions = 14)
   6759    70      636.3750   504      624.0000      636.3750  5764866    1.98%
   6834   116      636.2500   470      624.0000      636.3750  5787638    1.98%
   6888   247      636.3750   480      624.0000      636.3750  5869919    1.98%
   6963   304      636.3750   500      624.0000      636.3750  5975938    1.98%
   7067   320      636.3750   461      624.0000      636.3750  6061068    1.98%
   7196   360      636.1667   331      624.0000      636.3750  6085597    1.98%
   7333   556      636.2500   402      624.0000      636.3750  6208251    1.98%
   7469   623      636.1111   364      624.0000      636.3750  6223932    1.98%
   7641   819      635.0000   264      624.0000      636.3750  6280925    1.98%
   7907   817      636.2500   383      624.0000      636.3750  6275508    1.98%
Elapsed time = 11882.95 sec. (723528.79 ticks, tree = 12.09 MB, solutions = 14)
   8207  1007    infeasible            624.0000      636.3750  6330089    1.98%
   8550   992      636.0909   353      624.0000      636.3750  6325078    1.98%
   8917  1762      636.1667   271      624.0000      636.3750  6533904    1.98%
   9234  1440      636.0000   247      624.0000      636.3750  6449554    1.98%
   9494  2480    infeasible            624.0000      636.3750  6708599    1.98%
   9738  2546      636.0000   357      624.0000      636.3750  6734816    1.98%
  10007  2514      636.0000   298      624.0000      636.3750  6717381    1.98%
  10414  2876      635.0000   160      624.0000      636.3750  6834455    1.98%
  10803  3119      636.0000   368      624.0000      636.3750  6951843    1.98%
  11204  3433      636.2727   283      624.0000      636.3750  7130772    1.98%
Elapsed time = 12436.36 sec. (761813.09 ticks, tree = 123.86 MB, solutions = 14)
  11533  3211      636.0000   216      624.0000      636.3750  7003530    1.98%
  11820  3825      636.1667   280      624.0000      636.3750  7315843    1.98%
  12100  4050      634.5000   252      624.0000      636.3750  7466035    1.98%
  12282  4257      636.0000   266      624.0000      636.3750  7583437    1.98%
  12463  4346      632.0000   282      624.0000      636.3750  7634488    1.98%
  12685  4672      636.0000   223      624.0000      636.3750  7785220    1.98%
  13071  4696      636.3000   309      624.0000      636.3750  7791744    1.98%
  13602  5100      635.0000   254      624.0000      636.3750  7932378    1.98%
  14015  4946      634.5909   273      624.0000      636.3750  7881102    1.98%
  14395  5540      636.0000   321      624.0000      636.3750  8075773    1.98%
Elapsed time = 13034.43 sec. (800105.31 ticks, tree = 184.15 MB, solutions = 14)
  14640  6224      636.0000   315      624.0000      636.3750  8295161    1.98%
  14812  6281      636.0000   235      624.0000      636.3750  8333548    1.98%
  14973  6361      635.0000   289      624.0000      636.3750  8377536    1.98%
  15136  6497      634.0000   294      624.0000      636.3750  8441741    1.98%
  15294  6612      636.0000   250      624.0000      636.3750  8497151    1.98%
  15493  6784      636.0000   220      624.0000      636.3750  8568238    1.98%
  15625  6896      636.1667   288      624.0000      636.3750  8614531    1.98%
  15767  6850      634.5000   288      624.0000      636.3750  8592590    1.98%
  15931  7010      634.5000   295      624.0000      636.3750  8666550    1.98%
  16083  7160      635.2000   311      624.0000      636.3750  8712091    1.98%
Elapsed time = 13411.34 sec. (838486.85 ticks, tree = 229.96 MB, solutions = 14)
  16235  7279      636.0000   183      624.0000      636.3750  8752739    1.98%
  16415  7360      636.3000   247      624.0000      636.3750  8779917    1.98%
  16617  7630      636.1667   264      624.0000      636.3750  8885741    1.98%
  16901  7892      636.0000   255      624.0000      636.3750  8969212    1.98%
  17211  7924      635.5417   241      624.0000      636.3750  8985944    1.98%
  17496  8296      635.2222   257      624.0000      636.3750  9127422    1.98%
  17797  8525      630.4167   243      624.0000      636.3750  9228812    1.98%
  18132  8475      634.0000   249      624.0000      636.3750  9197082    1.98%
  18470  8677      635.8125   269      624.0000      636.3750  9275853    1.98%
  18820  8994      636.3750   267      624.0000      636.3750  9385991    1.98%
Elapsed time = 13618.39 sec. (876813.33 ticks, tree = 283.79 MB, solutions = 14)
  19116  9215      631.9359   199      624.0000      636.3750  9506721    1.98%
  19440  9826      634.3788   192      624.0000      636.3750  9728970    1.98%
  19803  9794      635.6000   249      624.0000      636.3750  9699326    1.98%
  20193 10371      636.2727   252      624.0000      636.3750  9915316    1.98%
  20545 10368      636.0625   267      624.0000      636.3750  9908134    1.98%
  20840 10424      636.3750   261      624.0000      636.3750  9941513    1.98%
  21117 10905      633.0000   332      624.0000      636.3750 10116331    1.98%
  21368 11242      635.1944   216      624.0000      636.3750 10247979    1.98%
  21552 11592      634.2778   313      624.0000      636.3750 10433106    1.98%
* 21703+11026                          626.0000      636.3750             1.66%
Exception raised in listener 'MipGapPrinter': 'int' object is not callable, id=111
  21767 11604      634.2778   274      626.0000      636.3750 10434183    1.66%
Elapsed time = 13819.23 sec. (915035.70 ticks, tree = 598.12 MB, solutions = 15)
  22016 11919      636.3571   254      626.0000      636.3750 10581312    1.66%
  22193 11972      635.5000   195      626.0000      636.3750 10614318    1.66%
  22366 12327      636.3750   280      626.0000      636.3750 10748596    1.66%
  22550 12177      635.1364   205      626.0000      636.3750 10686000    1.66%
  22722 12448      636.0000   195      626.0000      636.3750 10808124    1.66%
  22905 12500      634.0000   229      626.0000      636.3750 10848375    1.66%
  23093 12563      633.0000   213      626.0000      636.3750 10886796    1.66%
  23249 13003      634.6250   242      626.0000      636.3750 11117937    1.66%
  23440 13010      636.3750   299      626.0000      636.3750 11123996    1.66%
  23643 13124      635.4375   289      626.0000      636.3750 11209735    1.66%
Elapsed time = 14001.26 sec. (953454.50 ticks, tree = 1257.85 MB, solutions = 16)
  23884 13139      634.0833   267      626.0000      636.3750 11212505    1.66%
  24167 13437      635.7333   264      626.0000      636.3750 11410785    1.66%
  24502 13542      633.1250   244      626.0000      636.3750 11481534    1.66%
  24838 13581      631.3750   231      626.0000      636.3750 11507314    1.66%
  25162 13827      636.3000   291      626.0000      636.3750 11604168    1.66%
  25469 14035      635.4583   227      626.0000      636.3750 11717057    1.66%
  25721 14763      634.4375   257      626.0000      636.3750 12272254    1.66%
  25963 14446      635.4762   250      626.0000      636.3750 12027617    1.66%
  26201 14806      634.9469   257      626.0000      636.3750 12320366    1.66%
  26350 14933      631.7031   246      626.0000      636.3750 12469932    1.66%
Elapsed time = 14177.15 sec. (991759.04 ticks, tree = 2096.72 MB, solutions = 16)
Nodefile size = 36.82 MB (17.83 MB after compression)
  26506 15237      636.3750   324      626.0000      636.3750 12746871    1.66%
  26660 15561      635.1597   250      626.0000      636.3750 13089104    1.66%
  26847 15641      634.0000   271      626.0000      636.3750 13160754    1.66%
  26995 15784      635.1389   232      626.0000      636.3750 13210414    1.66%
  27140 15636    infeasible            626.0000      636.3750 13156863    1.66%
  27212 15991      636.3000   299      626.0000      636.3750 13361859    1.66%
* 27216+15112                          627.0000      636.3750             1.50%
Exception raised in listener 'MipGapPrinter': 'int' object is not callable, id=120
  27329 15984      635.1389   250      627.0000      636.3750 13413353    1.50%
* 27391+14876                          628.0000      636.3750             1.33%
  27427 16022    infeasible            628.0000      636.3750 13471966    1.33%
  27569 16002      636.3000   244      628.0000      636.3750 13443289    1.33%
Exception raised in listener 'MipGapPrinter': 'int' object is not callable, id=121
  27723 16025      636.3571   331      628.0000      636.3750 13488222    1.33%
Elapsed time = 14402.07 sec. (1030105.78 ticks, tree = 2645.45 MB, solutions = 18)
Nodefile size = 589.22 MB (315.38 MB after compression)
  27850 16227    infeasible            628.0000      636.3750 13585550    1.33%
  27881 15945      635.7083   299      628.0000      636.3750 13393904    1.33%
  27882 14794      634.2500   233      628.0000      636.3750 12288083    1.33%
  27883 14860      631.0000   245      628.0000      636.3750 12360685    1.33%

GUB cover cuts applied:  322
Clique cuts applied:  11
Cover cuts applied:  74
Implied bound cuts applied:  131
Flow cuts applied:  4
Mixed integer rounding cuts applied:  38
Zero-half cuts applied:  130
Lift and project cuts applied:  3
Gomory fractional cuts applied:  90

Root node processing (before b&c):
  Real time             = 2427.66 sec. (238008.18 ticks)
Parallel b&c, 24 threads:
  Real time             = 11976.58 sec. (829461.15 ticks)
  Sync time (average)   = 2099.81 sec.
  Wait time (average)   =    0.89 sec.
                          ------------
Total (root+branch&cut) = 14404.25 sec. (1067469.33 ticks)
status  = time limit exceeded
time    = 14404.7 s.
problem = MILP
gap     = 1.3336%

Objective value: 628.0
[50, 100, 8, 4, 400, 246, 628, 636, 1.33, 14404.68]
number of spatial :  554
Heuristic Solution information :  [50, 100, 8, 4, 400, 225, 570, 16, 554]
