CPXPARAM_Read_DataCheck                          1
CPXPARAM_TimeLimit                               14400
Tried aggregator 2 times.
MIP Presolve eliminated 49624 rows and 453023 columns.
MIP Presolve modified 2766 coefficients.
Aggregator did 1116 substitutions.
Reduced MIP has 558619 rows, 128003 columns, and 1767161 nonzeros.
Reduced MIP has 118003 binaries, 0 generals, 0 SOSs, and 0 indicators.
Presolve time = 10.70 sec. (7817.50 ticks)
Probing time = 7.88 sec. (38.83 ticks)
Tried aggregator 1 time.
MIP Presolve eliminated 391982 rows and 7993 columns.
Reduced MIP has 166637 rows, 120010 columns, and 983197 nonzeros.
Reduced MIP has 118003 binaries, 0 generals, 0 SOSs, and 0 indicators.
Presolve time = 11.88 sec. (1853.21 ticks)
Probing time = 4.84 sec. (31.91 ticks)
Clique table members: 63473.
MIP emphasis: balance optimality and feasibility.
MIP search method: dynamic search.
Parallel mode: deterministic, using up to 24 threads.
Root relaxation solution time = 165.70 sec. (9489.83 ticks)

        Nodes                                         Cuts/
   Node  Left     Objective  IInf  Best Integer    Best Bound    ItCnt     Gap

*     0+    0                          685.0000     1122.0000            63.80%
      0     0     1096.8000  1271      685.0000     1096.8000    77456   60.12%
Exception raised in listener 'MipGapPrinter': 'int' object is not callable, id=1
*     0+    0                          870.0000     1096.8000            26.07%
Exception raised in listener 'MipGapPrinter': 'int' object is not callable, id=3
      0     0     1096.8000  1386      870.0000     Cuts: 977   113490   26.07%
      0     0     1096.8000  1254      870.0000     Cuts: 222   138845   26.07%
      0     0     1096.8000  1533      870.0000     Cuts: 564   169841   26.07%
*     0+    0                          954.0000     1096.8000            14.97%
*     0+    0                          969.0000     1096.8000            13.19%
*     0+    0                          972.0000     1096.8000            12.84%
Exception raised in listener 'MipGapPrinter': 'int' object is not callable, id=9
Heuristic still looking.
*     0+    0                         1009.0000     1096.8000             8.70%
*     0+    0                         1013.0000     1096.8000             8.27%
*     0+    0                         1019.0000     1096.8000             7.63%
Exception raised in listener 'MipGapPrinter': 'int' object is not callable, id=10
      0     2     1096.8000   929     1019.0000     1096.8000   169841    7.63%
Elapsed time = 3939.45 sec. (282512.75 ticks, tree = 0.02 MB, solutions = 8)
      1     3     1096.8000  1030     1019.0000     1096.8000   172857    7.63%
      2     4     1096.8000   976     1019.0000     1096.8000   174426    7.63%
      3     5     1096.8000   893     1019.0000     1096.8000   175601    7.63%
      4     6     1096.8000   956     1019.0000     1096.8000   176702    7.63%
      5     7     1096.8000   908     1019.0000     1096.8000   177842    7.63%
      6     8     1096.8000  1032     1019.0000     1096.8000   178369    7.63%
      7     9     1096.8000  1046     1019.0000     1096.8000   178975    7.63%
      8    10     1096.8000  1050     1019.0000     1096.8000   179687    7.63%
      9    11     1096.8000  1037     1019.0000     1096.8000   180053    7.63%
     10    12     1096.8000   981     1019.0000     1096.8000   180998    7.63%
Elapsed time = 4165.84 sec. (292942.91 ticks, tree = 0.07 MB, solutions = 8)
     12    14     1096.8000   883     1019.0000     1096.8000   182575    7.63%
     14    16     1096.8000   877     1019.0000     1096.8000   183569    7.63%
     16    18     1096.8000   785     1019.0000     1096.8000   184813    7.63%
     19    21     1096.8000   797     1019.0000     1096.8000   186357    7.63%
     20    22     1096.8000   834     1019.0000     1096.8000   186984    7.63%
     24    26     1096.8000   852     1019.0000     1096.8000   188559    7.63%
     26    28     1096.8000   849     1019.0000     1096.8000   190071    7.63%
     28    30     1096.8000   811     1019.0000     1096.8000   191665    7.63%
     30    17     1096.8000   835     1019.0000     1096.8000   184129    7.63%
     32    32     1096.8000   735     1019.0000     1096.8000   194380    7.63%
Elapsed time = 4769.16 sec. (310227.26 ticks, tree = 0.34 MB, solutions = 8)
     37    36     1096.8000   731     1019.0000     1096.8000   197591    7.63%
     45    41     1096.8000   736     1019.0000     1096.8000   202269    7.63%
*    50+   20                         1034.0000     1096.8000             6.07%
     60    39     1096.8000   742     1034.0000     1096.8000   201537    6.07%
*    61+   20                         1044.0000     1096.8000             5.06%
     74    55     1096.8000   834     1044.0000     1096.8000   211066    5.06%
*    92+   20                         1048.0000     1096.8000             4.66%
     98    44     1096.8000   871     1048.0000     1096.8000   205728    4.66%
    121    55     1096.8000   818     1048.0000     1096.8000   211350    4.66%
    143    66     1096.8000   780     1048.0000     1096.8000   224701    4.66%
    161    90     1096.8000   717     1048.0000     1096.8000   245992    4.66%
    188    70     1096.8000   720     1048.0000     1096.8000   227711    4.66%
    208   117     1096.8000   827     1048.0000     1096.8000   272256    4.66%
Elapsed time = 5129.60 sec. (320319.21 ticks, tree = 2.55 MB, solutions = 13)
    230   130     1096.8000   749     1048.0000     1096.8000   284834    4.66%
    248   171     1096.8000   722     1048.0000     1096.8000   317799    4.66%
    270   136     1096.8000   744     1048.0000     1096.8000   288955    4.66%
    290   242     1096.8000   747     1048.0000     1096.8000   374603    4.66%
    323   228     1096.8000   746     1048.0000     1096.8000   367241    4.66%
    359   225     1096.8000   688     1048.0000     1096.8000   362623    4.66%
    406   277     1096.8000   665     1048.0000     1096.8000   440206    4.66%
    449   253     1096.8000   691     1048.0000     1096.8000   390589    4.66%
    501   307     1096.8000   619     1048.0000     1096.8000   467786    4.66%
    556   306     1096.8000   709     1048.0000     1096.8000   463697    4.66%
Elapsed time = 5494.06 sec. (329968.91 ticks, tree = 8.04 MB, solutions = 18)
Exception raised in listener 'MipGapPrinter': 'int' object is not callable, id=38
    618   424     1096.8000   708     1048.0000     1096.8000   557580    4.66%
    674   338     1096.8000   602     1048.0000     1096.8000   493950    4.66%
    744   444     1096.8000   658     1048.0000     1096.8000   569902    4.66%
    813   620     1096.8000   843     1048.0000     1096.8000   680346    4.66%
    877   652     1096.8000   736     1048.0000     1096.8000   701371    4.66%
    947   554     1096.8000   670     1048.0000     1096.8000   633120    4.66%
   1020   794     1096.8000   653     1048.0000     1096.8000   793770    4.66%
   1095   829     1096.8000   637     1048.0000     1096.8000   821791    4.66%
   1175   784     1096.8000   673     1048.0000     1096.8000   787957    4.66%
   1250   813     1096.8000   680     1048.0000     1096.8000   806802    4.66%
Elapsed time = 5805.18 sec. (339589.93 ticks, tree = 22.76 MB, solutions = 18)
   1334   871     1096.8000   591     1048.0000     1096.8000   845893    4.66%
   1411  1046     1096.8000   625     1048.0000     1096.8000   952964    4.66%
   1493   982     1096.8000   671     1048.0000     1096.8000   904595    4.66%
   1571  1234     1096.8000   596     1048.0000     1096.8000  1060562    4.66%
   1648  1336     1096.8000   580     1048.0000     1096.8000  1115509    4.66%
   1705  1106     1096.8000   693     1048.0000     1096.8000   984036    4.66%
   1761  1014     1096.8000   821     1048.0000     1096.8000   930450    4.66%
   1806  1069     1096.8000   714     1048.0000     1096.8000   966600    4.66%
   1869  1299     1096.8000   601     1048.0000     1096.8000  1095326    4.66%
   1917  1361     1096.8000   626     1048.0000     1096.8000  1131378    4.66%
Elapsed time = 6129.92 sec. (349234.94 ticks, tree = 48.86 MB, solutions = 18)
   1960  1469     1096.8000   661     1048.0000     1096.8000  1201115    4.66%
   2000  1498     1096.8000   533     1048.0000     1096.8000  1223687    4.66%
   2041  1503     1096.8000   487     1048.0000     1096.8000  1226901    4.66%
   2065  1583     1096.8000   619     1048.0000     1096.8000  1266976    4.66%
   2085  1707     1096.8000   588     1048.0000     1096.8000  1355105    4.66%
   2124  1742     1096.8000   515     1048.0000     1096.8000  1381923    4.66%
   2181  1630     1096.8000   524     1048.0000     1096.8000  1303894    4.66%
   2258  1750     1096.8000   534     1048.0000     1096.8000  1386193    4.66%
   2331  1815     1096.8000   618     1048.0000     1096.8000  1427165    4.66%
   2400  1898     1096.8000   535     1048.0000     1096.8000  1471835    4.66%
Elapsed time = 6461.03 sec. (359190.38 ticks, tree = 80.11 MB, solutions = 18)
   2475  1812     1096.8000   679     1048.0000     1096.8000  1425663    4.66%
   2545  1910     1096.8000   548     1048.0000     1096.8000  1476277    4.66%
   2610  1931    infeasible           1048.0000     1096.8000  1502936    4.66%
   2680  1936     1096.8000   541     1048.0000     1096.8000  1506117    4.66%
   2743  1938     1096.8000   550     1048.0000     1096.8000  1508300    4.66%
   2820  1942     1096.8000   545     1048.0000     1096.8000  1511144    4.66%
   2884  1949     1096.8000   504     1048.0000     1096.8000  1512858    4.66%
   2944  2274     1096.8000   537     1048.0000     1096.8000  1724516    4.66%
   3013  2167    infeasible           1048.0000     1096.8000  1651026    4.66%
   3092  2284     1096.8000   539     1048.0000     1096.8000  1730066    4.66%
Elapsed time = 6752.36 sec. (368841.12 ticks, tree = 101.86 MB, solutions = 18)
   3169  2168     1096.8000   494     1048.0000     1096.8000  1656248    4.66%
   3232  2196     1096.8000   554     1048.0000     1096.8000  1678121    4.66%
   3296  2435     1096.8000   515     1048.0000     1096.8000  1830440    4.66%
   3356  2404    infeasible           1048.0000     1096.8000  1802629    4.66%
   3426  2446     1096.8000   509     1048.0000     1096.8000  1836341    4.66%
   3500  2409     1096.8000   605     1048.0000     1096.8000  1806352    4.66%
   3576  2631     1096.8000   532     1048.0000     1096.8000  1971704    4.66%
   3651  2712     1096.8000   629     1048.0000     1096.8000  2014695    4.66%
   3728  2763     1096.8000   476     1048.0000     1096.8000  2051604    4.66%
   3809  2844     1096.8000   674     1048.0000     1096.8000  2116456    4.66%
Elapsed time = 6993.20 sec. (378592.04 ticks, tree = 134.36 MB, solutions = 18)
   3891  2694     1096.8000   606     1048.0000     1096.8000  2002144    4.66%
   3963  2821     1096.8000   500     1048.0000     1096.8000  2098198    4.66%
   4058  2934     1096.8000   472     1048.0000     1096.8000  2194201    4.66%
   4130  2848    infeasible           1048.0000     1096.8000  2126599    4.66%
   4224  3095     1096.8000   645     1048.0000     1096.8000  2286429    4.66%
   4323  3197     1096.8000   492     1048.0000     1096.8000  2353567    4.66%
   4412  3425     1096.8000   470     1048.0000     1096.8000  2536569    4.66%
   4517  3323     1096.8000   477     1048.0000     1096.8000  2441506    4.66%
   4620  3410     1096.8000   466     1048.0000     1096.8000  2527124    4.66%
   4998  3743     1096.8000   551     1048.0000     1096.8000  2781246    4.66%
Elapsed time = 7332.50 sec. (391088.47 ticks, tree = 188.59 MB, solutions = 18)
   5294  3735     1096.8000   463     1048.0000     1096.8000  2778750    4.66%
   5598  4188     1096.3333   394     1048.0000     1096.8000  3134825    4.66%
   5957  4563     1096.8000   499     1048.0000     1096.8000  3474786    4.66%
*  6339+ 4580                         1052.0000     1096.8000             4.26%
   6353  4405     1096.1333   433     1052.0000     1096.8000  3350340    4.26%
Exception raised in listener 'MipGapPrinter': 'int' object is not callable, id=51
*  6722+ 3890                         1054.0000     1096.8000             4.06%
   6759  4769     1096.8000   439     1054.0000     1096.8000  3689825    4.06%
   7147  5003    infeasible           1054.0000     1096.8000  3927685    4.06%
   7530  5146     1096.8000   500     1054.0000     1096.8000  4089653    4.06%
   7919  5508     1096.8000   347     1054.0000     1096.8000  4462071    4.06%
   8246  5512     1096.8000   295     1054.0000     1096.8000  4459686    4.06%
   8551  6238     1096.8000   297     1054.0000     1096.8000  5001838    4.06%
Elapsed time = 8395.28 sec. (429333.97 ticks, tree = 341.12 MB, solutions = 22)
Exception raised in listener 'MipGapPrinter': 'int' object is not callable, id=54
   8877  6462     1095.4000   202     1054.0000     1096.8000  5081637    4.06%
   9205  6543     1096.8000   340     1054.0000     1096.8000  5129097    4.06%
   9485  6561     1096.3333   315     1054.0000     1096.8000  5134194    4.06%
   9665  6821     1094.8667   350     1054.0000     1096.8000  5230293    4.06%
*  9668+ 4921                         1056.0000     1096.8000             3.86%

GUB cover cuts applied:  132
Clique cuts applied:  39
Cover cuts applied:  176
Implied bound cuts applied:  3294
Flow cuts applied:  71
Mixed integer rounding cuts applied:  779
Zero-half cuts applied:  290
Gomory fractional cuts applied:  111

Root node processing (before b&c):
  Real time             = 3901.23 sec. (282348.02 ticks)
Parallel b&c, 24 threads:
  Real time             = 10498.92 sec. (660040.35 ticks)
  Sync time (average)   = 1479.33 sec.
  Wait time (average)   =    0.00 sec.
                          ------------
Total (root+branch&cut) = 14400.15 sec. (942388.36 ticks)
status  = time limit exceeded
time    = 14400.9 s.
problem = MILP
gap     = 3.22533%

Objective value: 1056.0
[50, 200, 8, 4, 400, 380, 1056, 1090, 3.23, 14400.9]
number of spatial :  908
Heuristic Solution information :  [50, 200, 8, 4, 400, 339, 924, 16, 908]
