CPXPARAM_Read_DataCheck                          1
CPXPARAM_TimeLimit                               14400
Tried aggregator 2 times.
MIP Presolve eliminated 12493 rows and 113243 columns.
MIP Presolve modified 1146 coefficients.
Aggregator did 1116 substitutions.
Reduced MIP has 140715 rows, 32783 columns, and 442751 nonzeros.
Reduced MIP has 30283 binaries, 0 generals, 0 SOSs, and 0 indicators.
Presolve time = 3.77 sec. (1971.40 ticks)
Probing time = 6.01 sec. (8.68 ticks)
Tried aggregator 1 time.
MIP Presolve eliminated 98000 rows and 2000 columns.
Reduced MIP has 42715 rows, 30783 columns, and 246751 nonzeros.
Reduced MIP has 30283 binaries, 0 generals, 0 SOSs, and 0 indicators.
Presolve time = 1.57 sec. (354.56 ticks)
Probing time = 3.47 sec. (6.75 ticks)
Clique table members: 16258.
MIP emphasis: balance optimality and feasibility.
MIP search method: dynamic search.
Parallel mode: deterministic, using up to 24 threads.
Root relaxation solution time = 13.91 sec. (1023.32 ticks)

        Nodes                                         Cuts/
   Node  Left     Objective  IInf  Best Integer    Best Bound    ItCnt     Gap

*     0+    0                          206.0000     1122.0000           444.66%
      0     0      450.8333   773      206.0000      450.8333    19530  118.85%
Exception raised in listener 'MipGapPrinter': 'int' object is not callable, id=1
*     0+    0                          245.0000      450.8333            84.01%
Exception raised in listener 'MipGapPrinter': 'int' object is not callable, id=3
      0     0      379.7372   838      245.0000    Cuts: 1040    30180   54.99%
      0     0      336.9167   655      245.0000     Cuts: 558    35447   37.52%
      0     0      332.1667   589      245.0000     Cuts: 268    40657   35.58%
*     0+    0                          292.0000      332.1667            13.76%
*     0+    0                          304.0000      332.1667             9.27%
Exception raised in listener 'MipGapPrinter': 'int' object is not callable, id=9
      0     0      332.1667   525      304.0000     Cuts: 200    45601    9.27%
      0     0      332.1667   640      304.0000     Cuts: 232    50272    9.27%
      0     0      332.1667   324      304.0000      Cuts: 23    53440    9.27%
*     0+    0                          312.0000      332.1667             6.46%
*     0+    0                          314.0000      332.1667             5.79%
Exception raised in listener 'MipGapPrinter': 'int' object is not callable, id=16
      0     0      332.1667   470      314.0000     Cuts: 171    59317    5.79%
Heuristic still looking.
*     0+    0                          320.0000      332.1667             3.80%
Exception raised in listener 'MipGapPrinter': 'int' object is not callable, id=19
      0     2      332.1667   158      320.0000      332.1667    59317    3.80%
Elapsed time = 524.15 sec. (51582.08 ticks, tree = 0.02 MB, solutions = 7)
      1     3      332.1667   228      320.0000      332.1667    61681    3.80%
      4     6      332.1667   206      320.0000      332.1667    63728    3.80%
      9     6      332.1667   232      320.0000      332.1667    63432    3.80%
     18    13      332.1667   203      320.0000      332.1667    68029    3.80%
     36     5      332.1667   229      320.0000      332.1667    62638    3.80%
     61    35      332.1667   218      320.0000      332.1667    76053    3.80%
    112    67      332.1667   163      320.0000      332.1667    89180    3.80%
*   178+   21                          321.0000      332.1667             3.48%
    186   101      332.1667   179      321.0000      332.1667   101501    3.48%
*   224+   22                          323.0000      332.1667             2.84%
    233   156      332.1667   120      323.0000      332.1667   117953    2.84%
*   281+   21                          325.0000      332.1667             2.21%
Exception raised in listener 'MipGapPrinter': 'int' object is not callable, id=34
    441   200      332.1667   157      325.0000      332.1667   131107    2.21%
Elapsed time = 564.93 sec. (55354.08 ticks, tree = 2.63 MB, solutions = 14)
    800   511      332.1667   154      325.0000      332.1667   268287    2.21%
   1128   614      332.1667   140      325.0000      332.1667   330942    2.21%
   1619   928      332.1667   184      325.0000      332.1667   452218    2.21%
*  1867+  986                          327.0000      332.1667             1.58%
Exception raised in listener 'MipGapPrinter': 'int' object is not callable, id=40
   2110  1159    infeasible            327.0000      332.1667   524888    1.58%
   2684  1483    infeasible            327.0000      332.1667   646346    1.58%
   3213  1945      332.1667    99      327.0000      332.1667   809707    1.58%
   3760  2132      331.1667    87      327.0000      332.1667   903919    1.58%
   4280  2736      329.0000    42      327.0000      332.1667  1168013    1.58%
   4733  2970      331.6667    97      327.0000      332.1667  1288909    1.58%
   5151  3288    infeasible            327.0000      332.1667  1457415    1.58%
Elapsed time = 657.99 sec. (64919.09 ticks, tree = 57.17 MB, solutions = 15)
   5384  3371    infeasible            327.0000      332.1667  1493791    1.58%
   5545  3624      330.0000    78      327.0000      332.1667  1631927    1.58%
   5852  3764      330.3333   123      327.0000      332.1667  1793313    1.58%
   6125  3951    infeasible            327.0000      332.1667  1930313    1.58%
   6470  4251      328.7500    91      327.0000      332.1667  2139662    1.58%
   6726  4378      328.4412   144      327.0000      332.1667  2235273    1.58%
   7009  4536      329.3750   133      327.0000      332.1667  2311257    1.58%
   7247  4743      329.4833   116      327.0000      332.1667  2382082    1.58%
   7384  4722      331.2333   212      327.0000      332.1667  2378996    1.58%
*  7484+ 4994                          328.0000      332.1667             1.27%
   7598  4422      330.6667    95      328.0000      332.1667  2653348    1.27%
Elapsed time = 751.27 sec. (74490.93 ticks, tree = 75.56 MB, solutions = 16)
Exception raised in listener 'MipGapPrinter': 'int' object is not callable, id=57
   8014  4609      332.0000   193      328.0000      332.1667  2800940    1.27%
   8366  4645      329.2745    55      328.0000      332.1667  2812416    1.27%
   8621  4925      330.9667   151      328.0000      332.1667  2954058    1.27%
   8832  5239      329.6667   136      328.0000      332.1667  3079243    1.27%
   8964  5017      332.1667   264      328.0000      332.1667  3000974    1.27%
   8967  5148      332.1667   220      328.0000      332.1667  3046088    1.27%
   8968  5464      332.1667   563      328.0000      332.1667  3245879    1.27%
   8969  5465      332.1667   467      328.0000      332.1667  3252162    1.27%
   8970  5465      332.1667   459      328.0000      332.1667  3256536    1.27%
   8971  5465      332.1667   365      328.0000      332.1667  3261053    1.27%
Elapsed time = 1439.42 sec. (188149.34 ticks, tree = 110.03 MB, solutions = 17)
   8972  5465      332.1667   354      328.0000      332.1667  3261136    1.27%
   8973  5466      332.1667   348      328.0000      332.1667  3261137    1.27%
   8975  2733      332.1667   573      328.0000      332.1667  3256631    1.27%
   8977   912      332.1667   560      328.0000      332.1667  3246028    1.27%
   8979   921      332.1667   469      328.0000      332.1667  3272025    1.27%
   8981   354      332.1667   448      328.0000      332.1667  3260972    1.27%
   8985   288      332.1667   542      328.0000      332.1667  3275588    1.27%
   8989   263      332.1667   474      328.0000      332.1667  3282744    1.27%
   8994    88      332.1667   377      328.0000      332.1667  3295652    1.27%
   9002    29      332.1667   428      328.0000      332.1667  3304887    1.27%
Elapsed time = 1554.17 sec. (202648.48 ticks, tree = 0.38 MB, solutions = 17)
   9011    31      332.1667   394      328.0000      332.1667  3317024    1.27%
   9026    34      332.1667   389      328.0000      332.1667  3315129    1.27%
   9040    38      332.1667   403      328.0000      332.1667  3330624    1.27%
   9060    39      332.1667   290      328.0000      332.1667  3317802    1.27%
   9081    56      332.1667   370      328.0000      332.1667  3357668    1.27%
   9103    58      332.1667   382      328.0000      332.1667  3358482    1.27%
   9135    20      332.1667   502      328.0000      332.1667  3289616    1.27%
   9176   110      332.0000   304      328.0000      332.1667  3405686    1.27%
   9230    24      332.1667   435      328.0000      332.1667  3299755    1.27%
   9278   116      332.1667   323      328.0000      332.1667  3414677    1.27%
Elapsed time = 1651.71 sec. (212511.45 ticks, tree = 3.30 MB, solutions = 17)
   9330   237      332.0000   341      328.0000      332.1667  3527129    1.27%
   9401   257      332.1667   337      328.0000      332.1667  3573348    1.27%
   9482   306    infeasible            328.0000      332.1667  3645337    1.27%
   9576   337      332.0000   263      328.0000      332.1667  3660395    1.27%
   9683   417      332.0000   221      328.0000      332.1667  3729123    1.27%
   9812   490      332.1667   291      328.0000      332.1667  3820190    1.27%
   9946   624    infeasible            328.0000      332.1667  3926170    1.27%
  10035   588      332.0000   186      328.0000      332.1667  3883213    1.27%
  10128   865      332.0000   209      328.0000      332.1667  4111090    1.27%
  10212   760      330.5000   217      328.0000      332.1667  4030832    1.27%
Elapsed time = 1742.87 sec. (222153.54 ticks, tree = 7.79 MB, solutions = 17)
  10302   829      332.1667   455      328.0000      332.1667  4087501    1.27%
  10392   944      332.0000   216      328.0000      332.1667  4174732    1.27%
  10483  1080      332.0000   241      328.0000      332.1667  4279174    1.27%
  10577  1168      332.0000   338      328.0000      332.1667  4317000    1.27%
  10662  1262      332.0000   218      328.0000      332.1667  4412404    1.27%
  10749  1169      332.0000   144      328.0000      332.1667  4316521    1.27%
  10846  1237      331.8333   265      328.0000      332.1667  4360150    1.27%
  10943  1401      332.1667   285      328.0000      332.1667  4523840    1.27%
  11043  1300      332.0000   267      328.0000      332.1667  4465145    1.27%
  11147  1531      332.0000   232      328.0000      332.1667  4598399    1.27%
Elapsed time = 1866.31 sec. (231798.53 ticks, tree = 19.16 MB, solutions = 17)
  11260  1635      329.6667   132      328.0000      332.1667  4674598    1.27%
  11408  1628      332.0000   277      328.0000      332.1667  4662347    1.27%
  11592  1701    infeasible            328.0000      332.1667  4707834    1.27%
  11750  1637      332.0000   269      328.0000      332.1667  4668699    1.27%
  11909  1921      329.0000   142      328.0000      332.1667  4842182    1.27%
  12094  1801      329.0000   144      328.0000      332.1667  4750183    1.27%
  12216  2087      332.1667   334      328.0000      332.1667  4918391    1.27%
  12358  2111      331.6667   252      328.0000      332.1667  4932618    1.27%
  12496  2492      332.0000   229      328.0000      332.1667  5137548    1.27%
  12597  2404    infeasible            328.0000      332.1667  5056045    1.27%
Elapsed time = 1969.70 sec. (241386.45 ticks, tree = 30.82 MB, solutions = 17)
  12700  2502      332.0000   190      328.0000      332.1667  5140895    1.27%
  12811  2926      331.6667   193      328.0000      332.1667  5353390    1.27%
  12927  2893      330.0000   216      328.0000      332.1667  5340045    1.27%
  13042  2860      332.0000   188      328.0000      332.1667  5334871    1.27%
  13140  2946      331.6667   181      328.0000      332.1667  5359528    1.27%
  13265  2973      331.6500   317      328.0000      332.1667  5394151    1.27%
  13396  3066      331.3333   228      328.0000      332.1667  5470598    1.27%
  13526  3154      332.0000   130      328.0000      332.1667  5532819    1.27%
  13650  3325      331.2292   317      328.0000      332.1667  5651568    1.27%
  14055  3901      332.0000   230      328.0000      332.1667  5996199    1.27%
Elapsed time = 2097.35 sec. (253866.91 ticks, tree = 52.01 MB, solutions = 17)
  14460  4094      331.6667   279      328.0000      332.1667  6148611    1.27%
* 14699+ 4131                          329.0000      332.1667             0.96%
Exception raised in listener 'MipGapPrinter': 'int' object is not callable, id=91
  14967  4246    infeasible            329.0000      332.1667  6260647    0.96%
  15491  4616      330.0000   178      329.0000      332.1667  6670543    0.96%
  15961  4695      332.0000   234      329.0000      332.1667  6727989    0.96%
  16420  5352      331.0000   164      329.0000      332.1667  7145494    0.96%
* 16763+ 4872                          330.0000      332.1667             0.66%
Exception raised in listener 'MipGapPrinter': 'int' object is not callable, id=94
  16883  4987      331.0000   325      330.0000      332.1667  7323596    0.66%
  17277  5080      331.0000   261      330.0000      332.1667  7458920    0.66%
* 17689+ 5053                          331.0000      332.1667             0.35%
  17757  3796      332.0000   205      331.0000      332.1667  7832083    0.35%
Exception raised in listener 'MipGapPrinter': 'int' object is not callable, id=96
  18199  3846      332.0000   272      331.0000      332.1667  7876588    0.35%
  18726  4091      332.0000   309      331.0000      332.1667  8041974    0.35%
Elapsed time = 2536.76 sec. (292079.64 ticks, tree = 52.14 MB, solutions = 20)
  19256  4715      332.0000   230      331.0000      332.1667  8376147    0.35%
  19901  4974      332.0000   324      331.0000      332.1667  8477728    0.35%
  20542  5839      332.0000   118      331.0000      332.1667  8829132    0.35%
  21157  5909      332.0000   210      331.0000      332.1667  8848476    0.35%
  21705  6264      332.0000   220      331.0000      332.1667  8999675    0.35%
  22017  7043      332.0000   311      331.0000      332.1667  9354360    0.35%
  22374  7322      332.0000   185      331.0000      332.1667  9556453    0.35%
  22861  7790    infeasible            331.0000      332.1667  9796517    0.35%
  23372  7985    infeasible            331.0000      332.1667  9897073    0.35%
  23958  8349      332.0000   253      331.0000      332.1667 10075954    0.35%
Elapsed time = 3105.32 sec. (330282.24 ticks, tree = 119.44 MB, solutions = 20)
  24553  8784      332.0000   201      331.0000      332.1667 10261983    0.35%
  25071  9548      332.0000   317      331.0000      332.1667 10619632    0.35%
  25562  9951    infeasible            331.0000      332.1667 10881781    0.35%
  26101  9931      332.0000   192      331.0000      332.1667 10871319    0.35%
  26740 10694      332.0000   237      331.0000      332.1667 11319156    0.35%
  27286 11103      332.0000   302      331.0000      332.1667 11504862    0.35%
  27681 11562      332.0000   385      331.0000      332.1667 11734690    0.35%
  28002 11721      332.0000   289      331.0000      332.1667 11774422    0.35%
  28387 12173      332.0000   254      331.0000      332.1667 11992650    0.35%
  28859 12441      332.0000   214      331.0000      332.1667 12136593    0.35%
Elapsed time = 3756.83 sec. (368509.96 ticks, tree = 187.14 MB, solutions = 20)
  29109 12913      332.0000   338      331.0000      332.1667 12360654    0.35%
  29374 13193      332.0000   371      331.0000      332.1667 12561025    0.35%
  29583 13400      332.0000   269      331.0000      332.1667 12653327    0.35%
  29838 13658      332.0000   367      331.0000      332.1667 12822885    0.35%
  30179 13632      332.0000   320      331.0000      332.1667 12806943    0.35%
  30635 14076      332.0000   288      331.0000      332.1667 12992525    0.35%
  31018 14407      332.0000   327      331.0000      332.1667 13139338    0.35%
  31389 14539      332.0000   284      331.0000      332.1667 13207889    0.35%
  31715 15321      332.0000   193      331.0000      332.1667 13521363    0.35%
  32157 15353      332.0000   124      331.0000      332.1667 13529107    0.35%
Elapsed time = 4267.37 sec. (406756.02 ticks, tree = 232.48 MB, solutions = 20)
  32648 15902      332.0000   284      331.0000      332.1667 13838519    0.35%
  33108 15947      332.0000   257      331.0000      332.1667 13850634    0.35%
  33681 16275      332.0000   240      331.0000      332.1667 14048113    0.35%
  34271 16596      332.0000   328      331.0000      332.1667 14125355    0.35%
  34723 17708      332.0000   288      331.0000      332.1667 14665011    0.35%
  35116 17770      332.0000   225      331.0000      332.1667 14692615    0.35%
  35692 17880      332.0000   291      331.0000      332.1667 14754064    0.35%
  36206 18383      332.0000   403      331.0000      332.1667 15063923    0.35%
  36777 19126      332.0000   281      331.0000      332.1667 15415506    0.35%
  37285 19265      332.0000   435      331.0000      332.1667 15452379    0.35%
Elapsed time = 5057.77 sec. (444986.22 ticks, tree = 295.60 MB, solutions = 20)
  37876 19811      332.0000   205      331.0000      332.1667 15711308    0.35%
  38447 21029      332.0000   316      331.0000      332.1667 16169531    0.35%
  39025 20884      332.0000   256      331.0000      332.1667 16130851    0.35%
  39649 21498      332.0000   288      331.0000      332.1667 16461584    0.35%
  40389 21805      332.0000   254      331.0000      332.1667 16638822    0.35%
  40989 22331      332.0000   292      331.0000      332.1667 16854781    0.35%
  41646 23302      332.0000   332      331.0000      332.1667 17326333    0.35%
  42368 23234      332.0000   255      331.0000      332.1667 17297389    0.35%
  42801 23904      332.0000   324      331.0000      332.1667 17689631    0.35%
  43421 24439      332.0000   286      331.0000      332.1667 17863033    0.35%
Elapsed time = 5903.97 sec. (483194.87 ticks, tree = 380.24 MB, solutions = 20)
  44013 25145      332.0000   275      331.0000      332.1667 18347438    0.35%
  44445 25510      332.0000   255      331.0000      332.1667 18532148    0.35%
  44892 25660      332.0000   431      331.0000      332.1667 18672201    0.35%
  45321 27061      332.0000   261      331.0000      332.1667 19267198    0.35%
  45755 27131      332.0000   279      331.0000      332.1667 19327708    0.35%
  46260 27825      332.0000   159      331.0000      332.1667 19819224    0.35%
  46674 27968      332.0000   388      331.0000      332.1667 19875620    0.35%
  47130 27998      332.0000   396      331.0000      332.1667 19886800    0.35%
  47542 28297      332.0000   241      331.0000      332.1667 20103331    0.35%
  48027 28655    infeasible            331.0000      332.1667 20285472    0.35%
Elapsed time = 6833.28 sec. (521433.44 ticks, tree = 448.22 MB, solutions = 20)
  48543 29604      332.0000   257      331.0000      332.1667 20716238    0.35%
  49123 29675      332.0000   225      331.0000      332.1667 20724377    0.35%
  49602 30047      332.0000   195      331.0000      332.1667 21042791    0.35%
  50054 30240      332.0000   339      331.0000      332.1667 21158333    0.35%
  50424 30600      332.0000   380      331.0000      332.1667 21380912    0.35%
  50866 31782      332.0000   341      331.0000      332.1667 22066567    0.35%
  51272 31530      332.0000   290      331.0000      332.1667 21916603    0.35%
  51782 31853      332.0000   402      331.0000      332.1667 22136675    0.35%
  52271 32634      332.0000   290      331.0000      332.1667 22673687    0.35%
  53025 32524      332.0000   328      331.0000      332.1667 22558199    0.35%
Elapsed time = 7625.68 sec. (559685.79 ticks, tree = 510.33 MB, solutions = 20)
  53787 32779      332.0000   217      331.0000      332.1667 22762348    0.35%
  54334 34290      332.0000   261      331.0000      332.1667 23466586    0.35%
  54916 34437      332.0000   171      331.0000      332.1667 23491874    0.35%
  55328 35181      332.0000   197      331.0000      332.1667 23871369    0.35%
  55814 35813      332.1667   503      331.0000      332.1667 24298000    0.35%
  56367 36353      332.0000   271      331.0000      332.1667 24566012    0.35%
  56843 36451      332.0000   375      331.0000      332.1667 24601904    0.35%
  57164 36345      332.0000   310      331.0000      332.1667 24547338    0.35%
  57403 37573      332.0000   289      331.0000      332.1667 25265596    0.35%
  57689 37918      332.0000   270      331.0000      332.1667 25398473    0.35%
Elapsed time = 8437.49 sec. (597930.42 ticks, tree = 609.13 MB, solutions = 20)
  57975 38095      332.0000   286      331.0000      332.1667 25526875    0.35%
  58168 38360      332.0000   346      331.0000      332.1667 25625680    0.35%
  58510 38611      332.0000   259      331.0000      332.1667 25770613    0.35%
  58909 38782      332.0000   202      331.0000      332.1667 25891159    0.35%
  59350 39270      332.0000   322      331.0000      332.1667 26168266    0.35%
  59834 39296    infeasible            331.0000      332.1667 26184278    0.35%
  60127 39502      332.0000   239      331.0000      332.1667 26340222    0.35%
  60455 40289    infeasible            331.0000      332.1667 26709800    0.35%
  60850 40251      332.0000   150      331.0000      332.1667 26707754    0.35%
  61140 40715      332.0000   246      331.0000      332.1667 26998530    0.35%
Elapsed time = 9137.84 sec. (636180.56 ticks, tree = 652.24 MB, solutions = 20)
  61490 41363      332.0000   364      331.0000      332.1667 27307723    0.35%
  61900 41401      332.0000   285      331.0000      332.1667 27264216    0.35%
  62261 41510      332.0000   333      331.0000      332.1667 27404954    0.35%
  62705 42302      332.0000   220      331.0000      332.1667 27816506    0.35%
  63299 42390      332.0000   214      331.0000      332.1667 27868242    0.35%
  63905 42550      332.0000   291      331.0000      332.1667 28012471    0.35%
  64386 43334    infeasible            331.0000      332.1667 28453126    0.35%
  64728 43213      332.0000   386      331.0000      332.1667 28333201    0.35%
  65156 43371      332.0000   355      331.0000      332.1667 28478918    0.35%
  65649 44370      332.0000   291      331.0000      332.1667 28877054    0.35%
Elapsed time = 9720.20 sec. (674375.48 ticks, tree = 709.52 MB, solutions = 20)
  66187 44804      332.0000   395      331.0000      332.1667 29130277    0.35%
  66572 44807      332.0000   424      331.0000      332.1667 29174909    0.35%
  66980 45764      332.0000   311      331.0000      332.1667 29589832    0.35%
  67552 46071      332.0000   194      331.0000      332.1667 29757710    0.35%
  68101 46631    infeasible            331.0000      332.1667 30029640    0.35%
  68629 46991      332.0000   342      331.0000      332.1667 30196380    0.35%
  69046 46415      332.0000   277      331.0000      332.1667 29913604    0.35%
  69425 47532      332.0000   269      331.0000      332.1667 30482430    0.35%
  69763 47945      332.0000   175      331.0000      332.1667 30723720    0.35%
* 69936+36986                          332.0000      332.1667             0.05%
  70268 48514      332.0000   383      332.0000      332.1667 31191696    0.05%
Elapsed time = 10264.28 sec. (712570.52 ticks, tree = 774.41 MB, solutions = 21)
  70683 48552      332.0000   397      332.0000      332.1667 31234534    0.05%
  70909 48703      332.0000   327      332.0000      332.1667 31289530    0.05%
  70954 48485      332.0000   336      332.0000      332.1667 31221982    0.05%
  70955 36739      332.0000   269      332.0000      332.1667 24771652    0.05%
  70956 37153    infeasible            332.0000      332.1667 25084597    0.05%
  70957 36938      332.0000   347      332.0000      332.1667 24870276    0.05%
Exception raised in listener 'MipGapPrinter': 'int' object is not callable, id=146

GUB cover cuts applied:  459
Clique cuts applied:  15
Cover cuts applied:  514
Implied bound cuts applied:  944
Flow cuts applied:  14
Mixed integer rounding cuts applied:  126
Zero-half cuts applied:  91
Lift and project cuts applied:  14
Gomory fractional cuts applied:  89

Root node processing (before b&c):
  Real time             =  519.72 sec. (51552.82 ticks)
Parallel b&c, 24 threads:
  Real time             = 11159.06 sec. (831047.88 ticks)
  Sync time (average)   = 2434.95 sec.
  Wait time (average)   =    0.23 sec.
                          ------------
Total (root+branch&cut) = 11678.78 sec. (882600.70 ticks)
status  = integer optimal solution
time    = 11681.1 s.
problem = MILP
gap     = 0%

Objective value: 332.0
[50, 50, 8, 4, 400, 141, 332, 332, 0.0, 11681.06]
number of spatial :  293
Heuristic Solution information :  [50, 50, 8, 4, 400, 127, 309, 16, 293]
