CPXPARAM_Read_DataCheck                          1
CPXPARAM_TimeLimit                               14400
Tried aggregator 2 times.
MIP Presolve eliminated 49328 rows and 169797 columns.
MIP Presolve modified 2666 coefficients.
Aggregator did 1116 substitutions.
Reduced MIP has 313523 rows, 121229 columns, and 1261692 nonzeros.
Reduced MIP has 116229 binaries, 0 generals, 0 SOSs, and 0 indicators.
Presolve time = 1.15 sec. (4383.04 ticks)
Probing time = 0.52 sec. (31.09 ticks)
Tried aggregator 1 time.
MIP Presolve eliminated 147000 rows and 3000 columns.
Reduced MIP has 166523 rows, 118229 columns, and 967692 nonzeros.
Reduced MIP has 116229 binaries, 0 generals, 0 SOSs, and 0 indicators.
Presolve time = 0.88 sec. (1256.34 ticks)
Probing time = 0.39 sec. (30.45 ticks)
Clique table members: 62978.
MIP emphasis: balance optimality and feasibility.
MIP search method: dynamic search.
Parallel mode: deterministic, using up to 24 threads.
Root relaxation solution time = 12.35 sec. (7138.86 ticks)

        Nodes                                         Cuts/
   Node  Left     Objective  IInf  Best Integer    Best Bound    ItCnt     Gap

*     0+    0                          313.0000     1122.0000           258.47%
      0     0      793.0556  1285      313.0000      793.0556    60165  153.37%
Exception raised in listener 'MipGapPrinter': 'int' object is not callable, id=1
*     0+    0                          511.0000      793.0556            55.20%
Exception raised in listener 'MipGapPrinter': 'int' object is not callable, id=3
      0     0      750.0167  1259      511.0000    Cuts: 1112   104894   46.77%
      0     0      741.0833  1520      511.0000     Cuts: 895   141648   45.03%
      0     0      731.1250  1782      511.0000     Cuts: 890   184149   43.08%
*     0+    0                          631.0000      731.1250            15.87%
*     0+    0                          646.0000      731.1250            13.18%
Exception raised in listener 'MipGapPrinter': 'int' object is not callable, id=9
      0     0      728.2500  1673      646.0000     Cuts: 993   228596   12.73%
      0     0      723.5682  1865      646.0000     Cuts: 859   264642   12.01%
      0     0      722.5000  1694      646.0000     Cuts: 911   298684   11.84%
*     0+    0                          652.0000      722.5000            10.81%
*     0+    0                          654.0000      722.5000            10.47%
*     0+    0                          655.0000      722.5000            10.31%
*     0+    0                          656.0000      722.5000            10.14%
*     0+    0                          659.0000      722.5000             9.64%
Exception raised in listener 'MipGapPrinter': 'int' object is not callable, id=16
      0     0      719.6212  1821      659.0000     Cuts: 745   342077    9.20%
      0     0      716.1250  2000      659.0000     Cuts: 997   381460    8.67%
      0     0      715.1250  1757      659.0000     Cuts: 711   416416    8.52%
*     0+    0                          677.0000      715.1250             5.63%
*     0+    0                          680.0000      715.1250             5.17%
*     0+    0                          685.0000      715.1250             4.40%
Exception raised in listener 'MipGapPrinter': 'int' object is not callable, id=23
      0     0      715.1250  1742      685.0000     Cuts: 688   452530    4.40%
      0     0      715.1250  1829      685.0000     Cuts: 623   492520    4.40%
      0     0      715.1250  1178      685.0000      Cuts: 61   529806    4.40%
*     0+    0                          692.0000      715.1250             3.34%
*     0+    0                          696.0000      715.1250             2.75%
Exception raised in listener 'MipGapPrinter': 'int' object is not callable, id=30
      0     0      715.1250  1401      696.0000     Cuts: 508   566124    2.75%
Heuristic still looking.
Heuristic still looking.
*     0+    0                          697.0000      715.1250             2.60%
*     0+    0                          699.0000      715.1250             2.31%
Exception raised in listener 'MipGapPrinter': 'int' object is not callable, id=32
      0     2      715.1250   537      699.0000      715.1250   566124    2.31%
Elapsed time = 7715.20 sec. (1573586.97 ticks, tree = 0.02 MB, solutions = 16)
      1     3      715.1250   579      699.0000      715.1250   567772    2.31%
      2     4      715.1250   551      699.0000      715.1250   568521    2.31%
      3     5      715.1250   569      699.0000      715.1250   569534    2.31%
      4     6      715.1250   562      699.0000      715.1250   570036    2.31%
      5     7      715.1250   639      699.0000      715.1250   571470    2.31%
      6     8      715.1250   676      699.0000      715.1250   571802    2.31%
      7     9      715.1250   695      699.0000      715.1250   572722    2.31%
      8    10      715.1250   690      699.0000      715.1250   573372    2.31%
      9    11      715.1250   721      699.0000      715.1250   573493    2.31%
     10    12      715.1250   722      699.0000      715.1250   573704    2.31%
Elapsed time = 7822.52 sec. (1587320.65 ticks, tree = 0.07 MB, solutions = 16)
     12     5      715.1250   590      699.0000      715.1250   569332    2.31%
     13     7      715.1250   552      699.0000      715.1250   570749    2.31%
     14    13      715.1250   562      699.0000      715.1250   576532    2.31%
     16    15      715.1250   545      699.0000      715.1250   578541    2.31%
     22     4      715.1250   549      699.0000      715.1250   568353    2.31%
     31    25      715.1250   579      699.0000      715.1250   587493    2.31%
     41    33      715.1250   565      699.0000      715.1250   590735    2.31%
     49    36      715.1250   565      699.0000      715.1250   591469    2.31%
     60    40      715.1250   601      699.0000      715.1250   592679    2.31%
     69    33      715.1250   661      699.0000      715.1250   594064    2.31%
Elapsed time = 8095.83 sec. (1608110.41 ticks, tree = 0.16 MB, solutions = 16)
     78    36      715.1250   636      699.0000      715.1250   592843    2.31%
     84    35      715.1250   685      699.0000      715.1250   595788    2.31%
     91    40    infeasible            699.0000      715.1250   598335    2.31%
     98    62      715.1250   619      699.0000      715.1250   613650    2.31%
    102    70      715.1250   565      699.0000      715.1250   618228    2.31%
    111    63    infeasible            699.0000      715.1250   614914    2.31%
    116    65      715.1250   617      699.0000      715.1250   615590    2.31%
    125    78      715.1250   578      699.0000      715.1250   622096    2.31%
    135    81      715.1250   583      699.0000      715.1250   622708    2.31%
    143    85      715.1250   577      699.0000      715.1250   623504    2.31%
Elapsed time = 8285.35 sec. (1619043.14 ticks, tree = 2.25 MB, solutions = 16)
    150   103      715.1250   675      699.0000      715.1250   632472    2.31%
    157    27      715.1250   628      699.0000      715.1250   588007    2.31%
    165   107      715.1250   630      699.0000      715.1250   634193    2.31%
    174   122      715.1250   612      699.0000      715.1250   639122    2.31%
    185   118      715.1250   642      699.0000      715.1250   637010    2.31%
    201   122    infeasible            699.0000      715.1250   642467    2.31%
    225   138      715.1250   622      699.0000      715.1250   649145    2.31%
    241   140      715.1250   617      699.0000      715.1250   649650    2.31%
    255   163      715.1250   637      699.0000      715.1250   665737    2.31%
    263    36      715.1250   678      699.0000      715.1250   598353    2.31%
Elapsed time = 8441.91 sec. (1629252.66 ticks, tree = 0.12 MB, solutions = 16)
    267   171      715.1250   607      699.0000      715.1250   674438    2.31%
    269   172      715.1250   635      699.0000      715.1250   675135    2.31%
    271   209      715.1250   608      699.0000      715.1250   695428    2.31%
    275   211      715.1250   620      699.0000      715.1250   696166    2.31%
    281    25      715.1250   532      699.0000      715.1250   587032    2.31%
    288   216      715.1250   552      699.0000      715.1250   697110    2.31%
*   299+   22                          700.0000      715.1250             2.16%
    301   216      715.1250   603      700.0000      715.1250   698320    2.16%
    319   223      715.1250   628      700.0000      715.1250   701351    2.16%
    341   226      715.1250   629      700.0000      715.1250   705151    2.16%
    359   217      715.1250   581      700.0000      715.1250   702742    2.16%
Elapsed time = 8661.99 sec. (1640400.15 ticks, tree = 7.09 MB, solutions = 16)
    383   230      715.1250   587      700.0000      715.1250   706869    2.16%
    410   259      715.1250   504      700.0000      715.1250   716619    2.16%
    434   293      715.1250   607      700.0000      715.1250   735103    2.16%
    461   238      715.1250   587      700.0000      715.1250   707386    2.16%
    485   307      715.1250   617      700.0000      715.1250   740973    2.16%
    514   153      715.1250   645      700.0000      715.1250   659202    2.16%
    548   302      715.1250   562      700.0000      715.1250   737668    2.16%
    574   335      715.1250   681      700.0000      715.1250   749732    2.16%
Exception raised in listener 'MipGapPrinter': 'int' object is not callable, id=49
    598   337      715.1250   707      700.0000      715.1250   750073    2.16%
    625   332      715.1250   519      700.0000      715.1250   748678    2.16%
Elapsed time = 8815.52 sec. (1650263.70 ticks, tree = 16.72 MB, solutions = 17)
    646   392      715.1250   588      700.0000      715.1250   768881    2.16%
    668   359      715.1250   581      700.0000      715.1250   756593    2.16%
    692   416      715.1250   587      700.0000      715.1250   779821    2.16%
    713   492      715.1250   549      700.0000      715.1250   803804    2.16%
    734   483      715.1250   596      700.0000      715.1250   799608    2.16%
    760   499      715.1250   615      700.0000      715.1250   805177    2.16%
    786   489      715.1250   584      700.0000      715.1250   801375    2.16%
    809   525      715.1250   497      700.0000      715.1250   821257    2.16%
    837   462      715.1250   733      700.0000      715.1250   795407    2.16%
    863   569      715.1250   646      700.0000      715.1250   834438    2.16%
Elapsed time = 8964.97 sec. (1660044.70 ticks, tree = 20.59 MB, solutions = 17)
    896   531      715.1250   500      700.0000      715.1250   823723    2.16%
    926   526      715.1250   528      700.0000      715.1250   818219    2.16%
    955   641      715.1250   581      700.0000      715.1250   853365    2.16%
    991   662      715.1250   577      700.0000      715.1250   863929    2.16%
   1024   651      715.1250   688      700.0000      715.1250   858806    2.16%
   1057   620      715.1250   514      700.0000      715.1250   850244    2.16%
   1093   737      715.1250   560      700.0000      715.1250   889539    2.16%
   1132   854      715.1250   527      700.0000      715.1250   931122    2.16%
   1163   858      715.1250   517      700.0000      715.1250   931931    2.16%
   1205   830      715.1250   610      700.0000      715.1250   921881    2.16%
Elapsed time = 9111.92 sec. (1669829.22 ticks, tree = 33.57 MB, solutions = 17)
   1245   848      715.1250   510      700.0000      715.1250   928729    2.16%
   1286   979      715.1000   485      700.0000      715.1250   978608    2.16%
   1333   781      715.1250   555      700.0000      715.1250   904377    2.16%
   1372   980      715.1000   493      700.0000      715.1250   980390    2.16%
   1411  1157      715.1250   480      700.0000      715.1250  1035487    2.16%
   1450  1144      715.1250   488      700.0000      715.1250  1031219    2.16%
   1488  1054      715.1250   531      700.0000      715.1250  1002785    2.16%
   1528  1088      715.1250   564      700.0000      715.1250  1016104    2.16%
   1572  1240      715.1250   492      700.0000      715.1250  1063885    2.16%
   1615  1250      715.1250   603      700.0000      715.1250  1066725    2.16%
Elapsed time = 9250.00 sec. (1679565.41 ticks, tree = 55.37 MB, solutions = 17)
   1663  1304      715.1250   599      700.0000      715.1250  1091973    2.16%
   1705  1389      715.1250   549      700.0000      715.1250  1126915    2.16%
   1758  1275      715.1000   482      700.0000      715.1250  1079820    2.16%
   1803  1461      715.1000   494      700.0000      715.1250  1155125    2.16%
   1857  1327      715.1250   561      700.0000      715.1250  1101029    2.16%
   1911  1235      715.1250   538      700.0000      715.1250  1061154    2.16%
   1970  1222    infeasible            700.0000      715.1250  1060083    2.16%
   2032  1597      715.1250   506      700.0000      715.1250  1205979    2.16%
   2095  1533      715.1250   654      700.0000      715.1250  1187140    2.16%
   2325  1731      715.1000   566      700.0000      715.1250  1265767    2.16%
Elapsed time = 9423.11 sec. (1692145.86 ticks, tree = 75.83 MB, solutions = 17)
   2566  1821      715.1250   568      700.0000      715.1250  1296858    2.16%
   2831  2210      715.1250   514      700.0000      715.1250  1473782    2.16%
   3089  2070      715.1250   521      700.0000      715.1250  1421384    2.16%
   3368  2280      715.1250   577      700.0000      715.1250  1509953    2.16%
   3691  2244      715.1000   567      700.0000      715.1250  1496317    2.16%
   4010  2476      715.1000   465      700.0000      715.1250  1683044    2.16%
   4302  2777      715.1000   419      700.0000      715.1250  2089434    2.16%
   4553  3152    infeasible            700.0000      715.1250  2572309    2.16%
   4805  3349      715.1000   441      700.0000      715.1250  2776107    2.16%
   5081  3417      715.1000   420      700.0000      715.1250  2861262    2.16%
Elapsed time = 9950.39 sec. (1730382.53 ticks, tree = 169.28 MB, solutions = 17)
   5320  3602      715.1000   428      700.0000      715.1250  3166388    2.16%
   5570  3927    infeasible            700.0000      715.1250  3572923    2.16%
   5812  4045      715.1250   666      700.0000      715.1250  3745544    2.16%
   6042  4355    infeasible            700.0000      715.1250  4091329    2.16%
*  6158+ 3717                          701.0000      715.1250             2.01%
   6269  4348      715.1000   361      701.0000      715.1250  4071465    2.01%
   6507  4449      714.0000   314      701.0000      715.1250  4220870    2.01%
   6688  4451    infeasible            701.0000      715.1250  4230794    2.01%
   6815  4548      713.8750   326      701.0000      715.1250  4395281    2.01%
   6848  4049      715.1250   651      701.0000      715.1250  3748864    2.01%

GUB cover cuts applied:  423
Clique cuts applied:  14
Cover cuts applied:  86
Implied bound cuts applied:  3734
Flow cuts applied:  10
Mixed integer rounding cuts applied:  778
Zero-half cuts applied:  410
Lift and project cuts applied:  31
Gomory fractional cuts applied:  143

Root node processing (before b&c):
  Real time             = 7705.87 sec. (1573379.21 ticks)
Parallel b&c, 24 threads:
  Real time             = 6694.73 sec. (511752.99 ticks)
  Sync time (average)   =  765.98 sec.
  Wait time (average)   =    0.00 sec.
                          ------------
Total (root+branch&cut) = 14400.60 sec. (2085132.20 ticks)
status  = time limit exceeded
time    = 14402.8 s.
problem = MILP
gap     = 2.01498%

Objective value: 701.0
[50, 100, 8, 4, 400, 269, 701, 715, 2.01, 14402.84]
number of spatial :  628
Heuristic Solution information :  [50, 100, 8, 4, 400, 247, 644, 16, 628]
