CPXPARAM_Read_DataCheck                          1
CPXPARAM_TimeLimit                               14400
Tried aggregator 2 times.
MIP Presolve eliminated 73932 rows and 254795 columns.
MIP Presolve modified 3696 coefficients.
Aggregator did 1116 substitutions.
Reduced MIP has 469575 rows, 181231 columns, and 1891102 nonzeros.
Reduced MIP has 173731 binaries, 0 generals, 0 SOSs, and 0 indicators.
Presolve time = 1.87 sec. (6547.56 ticks)
Probing time = 0.74 sec. (50.06 ticks)
Tried aggregator 1 time.
MIP Presolve eliminated 220500 rows and 4500 columns.
Reduced MIP has 249075 rows, 176731 columns, and 1450102 nonzeros.
Reduced MIP has 173731 binaries, 0 generals, 0 SOSs, and 0 indicators.
Presolve time = 1.45 sec. (1876.52 ticks)
Probing time = 0.76 sec. (49.82 ticks)
Clique table members: 94630.
MIP emphasis: balance optimality and feasibility.
MIP search method: dynamic search.
Parallel mode: deterministic, using up to 24 threads.
Root relaxation solution time = 49.94 sec. (13436.53 ticks)

        Nodes                                         Cuts/
   Node  Left     Objective  IInf  Best Integer    Best Bound    ItCnt     Gap

*     0+    0                          461.0000     1122.0000           143.38%
      0     0     1021.6667  1953      461.0000     1021.6667    67820  121.62%
Exception raised in listener 'MipGapPrinter': 'int' object is not callable, id=1
*     0+    0                          662.0000     1021.6667            54.33%
Exception raised in listener 'MipGapPrinter': 'int' object is not callable, id=3
      0     0     1007.9833  2060      662.0000    Cuts: 1252   132034   52.26%
      0     0      991.4167  2045      662.0000    Cuts: 1144   202714   49.76%
      0     0      981.6667  2162      662.0000    Cuts: 1132   262940   48.29%
*     0+    0                          849.0000      981.6667            15.63%
*     0+    0                          868.0000      981.6667            13.10%
Exception raised in listener 'MipGapPrinter': 'int' object is not callable, id=9
      0     0      978.6667  2241      868.0000    Cuts: 1177   313354   12.75%
*     0+    0                          871.0000      978.6667            12.36%
Exception raised in listener 'MipGapPrinter': 'int' object is not callable, id=11
      0     0      978.6667  2254      871.0000     Cuts: 919   387949   12.36%
      0     0      978.6667  1985      871.0000     Cuts: 230   471107   12.36%
*     0+    0                          904.0000      978.6667             8.26%
*     0+    0                          907.0000      978.6667             7.90%
*     0+    0                          911.0000      978.6667             7.43%
Exception raised in listener 'MipGapPrinter': 'int' object is not callable, id=15
*     0+    0                          918.0000      978.6667             6.61%
Exception raised in listener 'MipGapPrinter': 'int' object is not callable, id=16
      0     0      978.6667  2221      918.0000     Cuts: 830   541284    6.61%
Heuristic still looking.
Heuristic still looking.
Heuristic still looking.
*     0+    0                          926.0000      978.6667             5.69%

GUB cover cuts applied:  173
Clique cuts applied:  20
Cover cuts applied:  53
Implied bound cuts applied:  2353
Flow cuts applied:  1
Mixed integer rounding cuts applied:  679
Zero-half cuts applied:  170
Lift and project cuts applied:  9
Gomory fractional cuts applied:  86

Root node processing (before b&c):
  Real time             = 14400.87 sec. (2010279.61 ticks)
Parallel b&c, 24 threads:
  Real time             =    0.00 sec. (0.00 ticks)
  Sync time (average)   =    0.00 sec.
  Wait time (average)   =    0.00 sec.
                          ------------
Total (root+branch&cut) = 14400.87 sec. (2010279.61 ticks)
status  = time limit exceeded
time    = 14401.7 s.
problem = MILP
gap     = 5.68754%

Objective value: 926.0
[50, 150, 8, 4, 400, 344, 926, 978, 5.69, 14401.72]
number of spatial :  865
Heuristic Solution information :  [50, 150, 8, 4, 400, 325, 881, 16, 865]
