CPXPARAM_Read_DataCheck                          1
CPXPARAM_TimeLimit                               14400
Tried aggregator 2 times.
MIP Presolve eliminated 24722 rows and 84983 columns.
MIP Presolve modified 1636 coefficients.
Aggregator did 1116 substitutions.
Reduced MIP has 157465 rows, 61043 columns, and 630645 nonzeros.
Reduced MIP has 58543 binaries, 0 generals, 0 SOSs, and 0 indicators.
Presolve time = 0.53 sec. (2200.44 ticks)
Probing time = 0.34 sec. (14.33 ticks)
Tried aggregator 1 time.
MIP Presolve eliminated 73500 rows and 1500 columns.
Reduced MIP has 83965 rows, 59543 columns, and 483645 nonzeros.
Reduced MIP has 58543 binaries, 0 generals, 0 SOSs, and 0 indicators.
Presolve time = 0.34 sec. (622.71 ticks)
Probing time = 0.14 sec. (13.78 ticks)
Clique table members: 31872.
MIP emphasis: balance optimality and feasibility.
MIP search method: dynamic search.
Parallel mode: deterministic, using up to 24 threads.
Root relaxation solution time = 5.40 sec. (4476.31 ticks)

        Nodes                                         Cuts/
   Node  Left     Objective  IInf  Best Integer    Best Bound    ItCnt     Gap

*     0+    0                          148.0000     1122.0000           658.11%
      0     0      476.9667  1035      148.0000      476.9667    54488  222.27%
Exception raised in listener 'MipGapPrinter': 'int' object is not callable, id=1
*     0+    0                          265.0000      476.9667            79.99%
Exception raised in listener 'MipGapPrinter': 'int' object is not callable, id=3
      0     0      410.1667  1018      265.0000     Cuts: 778    71131   54.78%
      0     0      363.7500   901      265.0000     Cuts: 701    86751   37.26%
      0     0      360.6667   873      265.0000     Cuts: 422   100822   36.10%
*     0+    0                          316.0000      360.6667            14.14%
*     0+    0                          321.0000      360.6667            12.36%
*     0+    0                          326.0000      360.6667            10.63%
*     0+    0                          332.0000      360.6667             8.63%
Exception raised in listener 'MipGapPrinter': 'int' object is not callable, id=9
      0     0      360.1667   854      332.0000     Cuts: 368   116741    8.48%
      0     0      360.1667   835      332.0000     Cuts: 375   126946    8.48%
      0     0      360.1667  1024      332.0000     Cuts: 273   140916    8.48%
*     0+    0                          340.0000      360.1667             5.93%
Exception raised in listener 'MipGapPrinter': 'int' object is not callable, id=16
      0     0      360.1667   715      340.0000      Cuts: 48   154524    5.93%
      0     0      360.1667   768      340.0000     Cuts: 318   168900    5.93%
Heuristic still looking.
Heuristic still looking.
*     0+    0                          342.0000      360.1667             5.31%
*     0+    0                          343.0000      360.1667             5.00%
Exception raised in listener 'MipGapPrinter': 'int' object is not callable, id=21
      0     2      360.1667   422      343.0000      360.1667   168900    5.00%
Elapsed time = 436.94 sec. (228321.86 ticks, tree = 0.02 MB, solutions = 9)
      1     3      360.1667   440      343.0000      360.1667   172708    5.00%
      2     4      360.1667   483      343.0000      360.1667   174182    5.00%
      3     5      360.1667   536      343.0000      360.1667   174670    5.00%
      4     6      360.1667   533      343.0000      360.1667   175492    5.00%
      5     7      360.1667   492      343.0000      360.1667   176285    5.00%
      6     8      360.1667   491      343.0000      360.1667   176894    5.00%
      8    10      360.1667   499      343.0000      360.1667   177568    5.00%
     10     4      360.1667   461      343.0000      360.1667   173468    5.00%
     11     8      360.1667   512      343.0000      360.1667   176384    5.00%
     29    25      360.1667   457      343.0000      360.1667   190130    5.00%
Elapsed time = 465.46 sec. (234998.67 ticks, tree = 0.04 MB, solutions = 9)
     44    32      360.1667   498      343.0000      360.1667   194717    5.00%
*    65+   20                          344.0000      360.1667             4.70%
     75    53      360.1667   360      344.0000      360.1667   205203    4.70%
    139    66      360.1667   447      344.0000      360.1667   220734    4.70%
    278   140      360.1667   420      344.0000      360.1667   258784    4.70%
Exception raised in listener 'MipGapPrinter': 'int' object is not callable, id=33
    471   220      360.1667   424      344.0000      360.1667   300906    4.70%
    677   349      360.1667   321      344.0000      360.1667   369294    4.70%
    884   464      360.1667   309      344.0000      360.1667   441560    4.70%
*   955+   21                          346.0000      360.1667             4.09%
Exception raised in listener 'MipGapPrinter': 'int' object is not callable, id=36
   1058   550      360.1667   434      346.0000      360.1667   490418    4.09%
   1189   484      360.1667   392      346.0000      360.1667   449919    4.09%
   1281   697    infeasible            346.0000      360.1667   576423    4.09%
Elapsed time = 534.25 sec. (244645.69 ticks, tree = 9.79 MB, solutions = 13)
   1451   732      360.1667   312      346.0000      360.1667   592613    4.09%
   1652   748      359.4167   238      346.0000      360.1667   610323    4.09%
   1869   976      360.1667   318      346.0000      360.1667   771387    4.09%
   2121  1015      359.6667   216      346.0000      360.1667   814276    4.09%
   2372  1091      360.1667   234      346.0000      360.1667   859223    4.09%
   2615  1265      360.1667   279      346.0000      360.1667   984963    4.09%
   2826  1358      358.6667   232      346.0000      360.1667  1054047    4.09%
   3047  1469    infeasible            346.0000      360.1667  1159019    4.09%
   3277  1512      360.1667   256      346.0000      360.1667  1179741    4.09%
   3507  1551      359.1667   205      346.0000      360.1667  1229829    4.09%
Elapsed time = 587.82 sec. (254250.31 ticks, tree = 29.57 MB, solutions = 13)
   3731  1663    infeasible            346.0000      360.1667  1332511    4.09%
   3946  1792      358.6667   228      346.0000      360.1667  1486888    4.09%
   4161  1959    infeasible            346.0000      360.1667  1673501    4.09%
   4358  1920      357.6078   247      346.0000      360.1667  1634001    4.09%
   4574  2139    infeasible            346.0000      360.1667  1907779    4.09%
   4745  2219      359.6667   142      346.0000      360.1667  1971868    4.09%
   4920  2356      359.1667   100      346.0000      360.1667  2175765    4.09%
   5125  2432      358.6667   147      346.0000      360.1667  2268060    4.09%
   5323  2490      359.6667   262      346.0000      360.1667  2372734    4.09%
   5517  2686    infeasible            346.0000      360.1667  2636583    4.09%
Elapsed time = 638.53 sec. (263862.12 ticks, tree = 62.18 MB, solutions = 13)
   5732  2734      357.6667   127      346.0000      360.1667  2692721    4.09%
   5921  2831      360.1667   138      346.0000      360.1667  2814616    4.09%
   6160  2977      358.1667   189      346.0000      360.1667  3005802    4.09%
   6389  3166      358.3333    95      346.0000      360.1667  3187781    4.09%
   6611  3324      355.0000    88      346.0000      360.1667  3333081    4.09%
   6813  3290      359.1078   128      346.0000      360.1667  3324492    4.09%
   7042  3602      359.2500   186      346.0000      360.1667  3565014    4.09%
   7227  3609      358.2083   137      346.0000      360.1667  3572657    4.09%
*  7291+ 3686                          347.0000      360.1667             3.79%
Exception raised in listener 'MipGapPrinter': 'int' object is not callable, id=51
   7385  3877      360.1667   122      347.0000      360.1667  3827618    3.79%
   7583  3874      360.1667   197      347.0000      360.1667  3829356    3.79%
Elapsed time = 693.83 sec. (273434.55 ticks, tree = 103.06 MB, solutions = 14)
   7739  3916      355.1667   107      347.0000      360.1667  3862564    3.79%
   7742  4160      360.1667   409      347.0000      360.1667  4151664    3.79%
   7743  4161      360.1667   619      347.0000      360.1667  4165312    3.79%
   7744  4162      360.1667   643      347.0000      360.1667  4177038    3.79%
   7745  4163      360.1667   567      347.0000      360.1667  4189986    3.79%
   7746  2497      360.0000   574      347.0000      360.1667  4165782    3.79%
   7747  2500      360.0000   585      347.0000      360.1667  4202186    3.79%
   7748  2502      360.0000   566      347.0000      360.1667  4216542    3.79%
   7749  2502      360.0000   570      347.0000      360.1667  4218834    3.79%
   7751  1949      360.0000   620      347.0000      360.1667  4220295    3.79%
Elapsed time = 1436.06 sec. (593500.69 ticks, tree = 59.41 MB, solutions = 14)
   7752  1950      360.0000   584      347.0000      360.1667  4229466    3.79%
   7754  1952      360.0000   549      347.0000      360.1667  4231291    3.79%
   7755  1953      360.0000   577      347.0000      360.1667  4231364    3.79%
   7756  1954      360.0000   560      347.0000      360.1667  4232167    3.79%
   7757   488      360.1667   710      347.0000      360.1667  4178171    3.79%
   7759   500    infeasible            347.0000      360.1667  4245592    3.79%
   7760   500      360.0000   630      347.0000      360.1667  4232790    3.79%
   7762   187      360.1667   662      347.0000      360.1667  4246350    3.79%
   7765   186      359.5833   637      347.0000      360.1667  4248280    3.79%
   7766   187      360.1667   752      347.0000      360.1667  4249352    3.79%
Elapsed time = 1564.75 sec. (610092.53 ticks, tree = 5.77 MB, solutions = 14)
   7767    71      360.0000   593      347.0000      360.1667  4217597    3.79%
   7769    85      360.1667   823      347.0000      360.1667  4254835    3.79%
   7771    27      360.0000   592      347.0000      360.1667  4231098    3.79%
   7772    38      359.3333   751      347.0000      360.1667  4256283    3.79%
   7776    36      360.0000   527      347.0000      360.1667  4272159    3.79%
   7779    37      360.0000   588      347.0000      360.1667  4272885    3.79%
   7785    32      360.0000   480      347.0000      360.1667  4273430    3.79%
   7788    22      360.0000   508      347.0000      360.1667  4251801    3.79%
   7798    34      360.1667   713      347.0000      360.1667  4276280    3.79%
   7805    34      360.0000   547      347.0000      360.1667  4275421    3.79%
Elapsed time = 1652.29 sec. (623393.35 ticks, tree = 4.04 MB, solutions = 14)
   7817    34      360.0000   504      347.0000      360.1667  4275835    3.79%
   7826    42      360.0000   576      347.0000      360.1667  4284555    3.79%
   7837    35      360.1667   743      347.0000      360.1667  4277607    3.79%
   7847    43      360.0000   646      347.0000      360.1667  4293498    3.79%
   7859    36      360.0000   621      347.0000      360.1667  4278953    3.79%
   7868    44      360.0000   557      347.0000      360.1667  4284512    3.79%
   7874    44      360.0000   524      347.0000      360.1667  4289578    3.79%
   7885    76      360.1667   621      347.0000      360.1667  4313580    3.79%
   7898    74      360.0000   559      347.0000      360.1667  4303240    3.79%
   7912    62      360.0000   423      347.0000      360.1667  4294298    3.79%
Elapsed time = 1734.67 sec. (633701.83 ticks, tree = 14.14 MB, solutions = 14)
   7925    76      360.0000   596      347.0000      360.1667  4303291    3.79%
   7939    47      360.0000   556      347.0000      360.1667  4295773    3.79%
   7950   124      360.0000   596      347.0000      360.1667  4402440    3.79%
   7961   107      360.0000   442      347.0000      360.1667  4371301    3.79%
   7974   110      360.0000   427      347.0000      360.1667  4371487    3.79%
   7989    90      358.0000   638      347.0000      360.1667  4344824    3.79%
   8006    91      359.3333   666      347.0000      360.1667  4344902    3.79%
   8023   161      360.0000   316      347.0000      360.1667  4448475    3.79%
   8044   193      360.0000   318      347.0000      360.1667  4478850    3.79%
   8145   174      360.0000   454      347.0000      360.1667  4455995    3.79%
Elapsed time = 1820.43 sec. (647188.78 ticks, tree = 55.11 MB, solutions = 14)
   8258   225      360.0000   451      347.0000      360.1667  4517966    3.79%
   8434   279      360.0000   360      347.0000      360.1667  4548032    3.79%
   8636   562      360.1667   759      347.0000      360.1667  4714828    3.79%
   8866   638      350.0000   329      347.0000      360.1667  4751625    3.79%
   9117   781      355.6667   285      347.0000      360.1667  4815757    3.79%
   9399   674    infeasible            347.0000      360.1667  4770593    3.79%
   9702   884      360.0000   438      347.0000      360.1667  4871539    3.79%
  10010  1214    infeasible            347.0000      360.1667  5077135    3.79%
  10351  1076      360.0000   250      347.0000      360.1667  4984747    3.79%
  10690  1681      348.4167   192      347.0000      360.1667  5342737    3.79%
Elapsed time = 2019.38 sec. (685576.25 ticks, tree = 632.73 MB, solutions = 14)
  11025  1709      359.6000   242      347.0000      360.1667  5392932    3.79%
  11305  1775      355.0000   201      347.0000      360.1667  5409367    3.79%
  11466  1980      359.0000   224      347.0000      360.1667  5560923    3.79%
  11598  2002      357.6042   213      347.0000      360.1667  5576050    3.79%
  11712  2247      356.3333   189      347.0000      360.1667  5837847    3.79%
  11832  2246      354.8333   193      347.0000      360.1667  5840302    3.79%
  11932  2414      359.0000   294      347.0000      360.1667  5970892    3.79%
  12030  2362      359.5000   559      347.0000      360.1667  5920296    3.79%
  12141  2497      359.1667   509      347.0000      360.1667  6021426    3.79%
  12263  2559      348.0000   129      347.0000      360.1667  6084209    3.79%
Elapsed time = 2286.18 sec. (723925.88 ticks, tree = 1061.24 MB, solutions = 14)
  12372  2726      359.0000   432      347.0000      360.1667  6224295    3.79%
  12459  2871      356.6218   266      347.0000      360.1667  6328114    3.79%
  12583  2896      359.0000   375      347.0000      360.1667  6338317    3.79%
  12707  2902      359.0000   338      347.0000      360.1667  6342217    3.79%
  12822  3016      360.1667   514      347.0000      360.1667  6408270    3.79%
  12952  3241      349.0000   144      347.0000      360.1667  6594338    3.79%
  13082  3186      358.8750   418      347.0000      360.1667  6501757    3.79%
  13187  3274      360.0000   409      347.0000      360.1667  6617906    3.79%
  13271  3511      360.0000   439      347.0000      360.1667  6741114    3.79%
  13375  3591      359.0000   317      347.0000      360.1667  6787351    3.79%
Elapsed time = 2545.80 sec. (762397.70 ticks, tree = 1715.14 MB, solutions = 14)
  13501  3587      359.8750   455      347.0000      360.1667  6783899    3.79%
  13628  3747      360.1667   639      347.0000      360.1667  6876992    3.79%
  13811  3751      360.1667   605      347.0000      360.1667  6879227    3.79%
  14027  3896      357.0000   221      347.0000      360.1667  6944027    3.79%
  14229  4225      360.1667   580      347.0000      360.1667  7072176    3.79%
  14457  4059      360.1667   535      347.0000      360.1667  7011169    3.79%
  14691  4276      357.0000   235      347.0000      360.1667  7110005    3.79%
  14877  4483      360.0000   452      347.0000      360.1667  7159549    3.79%
  15055  4728      354.0000   224      347.0000      360.1667  7289978    3.79%
  15196  4918      360.1667   413      347.0000      360.1667  7380597    3.79%
Elapsed time = 2840.51 sec. (800802.11 ticks, tree = 2456.81 MB, solutions = 14)
Nodefile size = 383.82 MB (215.96 MB after compression)
  15335  5192      357.9306   341      347.0000      360.1667  7508262    3.79%
  15480  5522      358.0000   242      347.0000      360.1667  7666427    3.79%
  15615  5537      360.1250   549      347.0000      360.1667  7681389    3.79%
  15759  5568      360.1667   470      347.0000      360.1667  7705653    3.79%
  15923  5858      360.1667   406      347.0000      360.1667  7858130    3.79%
  16113  5827      360.0000   422      347.0000      360.1667  7807145    3.79%
  16323  6152      354.8333   316      347.0000      360.1667  7987199    3.79%
  16559  6351      356.2500   361      347.0000      360.1667  8091103    3.79%
  16778  6283      359.5000   474      347.0000      360.1667  8057314    3.79%
  16945  6815      359.0000   318      347.0000      360.1667  8328427    3.79%
Elapsed time = 3103.12 sec. (839185.67 ticks, tree = 3530.13 MB, solutions = 14)
Nodefile size = 1464.48 MB (823.63 MB after compression)
  17091  6869      359.5000   427      347.0000      360.1667  8349550    3.79%
  17252  7058      357.3333   352      347.0000      360.1667  8466629    3.79%
  17402  7005      355.0000   317      347.0000      360.1667  8430605    3.79%
  17555  7048      358.8333   279      347.0000      360.1667  8468429    3.79%
  17704  7361      357.1667   527      347.0000      360.1667  8645305    3.79%
  17858  7355      356.0000   334      347.0000      360.1667  8647645    3.79%
  18022  7464      358.0000   307      347.0000      360.1667  8718697    3.79%
  18173  7854    infeasible            347.0000      360.1667  8974596    3.79%
  18322  7985      359.5833   248      347.0000      360.1667  9067916    3.79%
  18478  8066      355.0000   332      347.0000      360.1667  9109606    3.79%
Elapsed time = 3311.73 sec. (877561.61 ticks, tree = 4320.51 MB, solutions = 14)
Nodefile size = 2247.96 MB (1264.64 MB after compression)
  18649  8351      354.1667   207      347.0000      360.1667  9307278    3.79%
  18809  8382      358.0000   165      347.0000      360.1667  9342880    3.79%
  18980  8409      357.0000   242      347.0000      360.1667  9355173    3.79%
  19161  8496      358.0000   332      347.0000      360.1667  9419211    3.79%
  19355  8599      356.1667   414      347.0000      360.1667  9475049    3.79%
  19517  8784      358.0000   355      347.0000      360.1667  9577523    3.79%
  19664  9129      360.0000   335      347.0000      360.1667  9940724    3.79%
  19819  8949      358.0000   250      347.0000      360.1667  9784971    3.79%
  19960  9302      354.5000   317      347.0000      360.1667 10075638    3.79%
  20133  9474    infeasible            347.0000      360.1667 10229830    3.79%
Elapsed time = 3546.17 sec. (915963.64 ticks, tree = 5198.03 MB, solutions = 14)
Nodefile size = 3132.71 MB (1761.15 MB after compression)
  20310  9737    infeasible            347.0000      360.1667 10436570    3.79%
  20460  9513      358.0000   204      347.0000      360.1667 10272670    3.79%
  20609  9924      358.0000   302      347.0000      360.1667 10583047    3.79%
  20767 10142      353.5000   269      347.0000      360.1667 10739085    3.79%
  20946  9999      360.0000   376      347.0000      360.1667 10620570    3.79%
  21107 10331      359.3333   399      347.0000      360.1667 10905837    3.79%
  21256 10213      359.3333   375      347.0000      360.1667 10831677    3.79%
  21425 10524      360.0000   337      347.0000      360.1667 11048763    3.79%
  21587 10750      356.5000   271      347.0000      360.1667 11206373    3.79%
  21722 10585      357.0000   432      347.0000      360.1667 11053708    3.79%
Elapsed time = 3772.97 sec. (954427.00 ticks, tree = 5850.59 MB, solutions = 14)
Nodefile size = 3764.89 MB (2115.83 MB after compression)
  21833 10868      351.0000   242      347.0000      360.1667 11375887    3.79%
  21963 11244      360.0000   418      347.0000      360.1667 11675498    3.79%
  22118 11338      358.0000   243      347.0000      360.1667 11731910    3.79%
  22301 11245      354.5000   287      347.0000      360.1667 11668312    3.79%
  22480 11498      353.1458   283      347.0000      360.1667 11900026    3.79%
  22628 11497      351.8750   335      347.0000      360.1667 11875505    3.79%
  22780 11787      355.0000   262      347.0000      360.1667 12057913    3.79%
  22945 11856      359.0000   304      347.0000      360.1667 12103129    3.79%
  23105 12031      351.1750   313      347.0000      360.1667 12279376    3.79%
  23253 12029      354.8750   332      347.0000      360.1667 12239255    3.79%
Elapsed time = 3988.73 sec. (992878.75 ticks, tree = 6703.76 MB, solutions = 14)
Nodefile size = 4628.60 MB (2600.39 MB after compression)
  23383 12339      350.0000   164      347.0000      360.1667 12532060    3.79%
  23528 12388      354.3944   232      347.0000      360.1667 12622825    3.79%
  23680 12597      360.0000   351      347.0000      360.1667 12858804    3.79%
  23848 12694      360.0000   335      347.0000      360.1667 12972970    3.79%
  24039 12554      359.1000   281      347.0000      360.1667 12747790    3.79%
  24204 12972      348.7500   279      347.0000      360.1667 13184328    3.79%
  24361 13144      352.0000   333      347.0000      360.1667 13386026    3.79%
  24530 13134      355.3333   375      347.0000      360.1667 13374894    3.79%
  24681 13333      348.6833    81      347.0000      360.1667 13532249    3.79%
  24844 13646      359.5714   415      347.0000      360.1667 13771575    3.79%
Elapsed time = 4198.76 sec. (1031198.17 ticks, tree = 7636.47 MB, solutions = 14)
Nodefile size = 5567.89 MB (3127.15 MB after compression)
  25016 13797      360.0000   330      347.0000      360.1667 13842790    3.79%
  25192 13782      360.1667   515      347.0000      360.1667 13826702    3.79%
  25364 14103      359.0000   384      347.0000      360.1667 14176040    3.79%
  25501 14013      358.5000   393      347.0000      360.1667 14016145    3.79%
  25648 14407      357.0000   322      347.0000      360.1667 14358785    3.79%
  25771 14416      357.0000   316      347.0000      360.1667 14362536    3.79%
  25884 14363      358.0000   349      347.0000      360.1667 14322643    3.79%
  25992 14735      359.3333   434      347.0000      360.1667 14683866    3.79%
  26094 14576    infeasible            347.0000      360.1667 14544032    3.79%
  26201 14750      358.3333   474      347.0000      360.1667 14688369    3.79%
Elapsed time = 4442.84 sec. (1069547.92 ticks, tree = 8266.36 MB, solutions = 14)
Nodefile size = 6186.75 MB (3474.79 MB after compression)
  26298 14940      356.0000   344      347.0000      360.1667 14798324    3.79%
  26366 14978      355.3750   317      347.0000      360.1667 14829439    3.79%
  26415 15045      359.7917   513      347.0000      360.1667 14962155    3.79%
  26467 15011      353.9861   380      347.0000      360.1667 14931192    3.79%
  26548 15087      360.0000   429      347.0000      360.1667 14994888    3.79%
  26623 15247      353.5000   349      347.0000      360.1667 15055460    3.79%
  26684 15202      359.0000   364      347.0000      360.1667 15052106    3.79%
  26733 15337      356.7500   296      347.0000      360.1667 15114836    3.79%
  26784 15347      356.7500   297      347.0000      360.1667 15122244    3.79%
* 26810+15371                          350.0000      360.1667             2.90%
  26828 15330      356.3750   332      350.0000      360.1667 15107653    2.90%
Elapsed time = 4726.98 sec. (1108541.23 ticks, tree = 8593.66 MB, solutions = 15)
Nodefile size = 6505.91 MB (3653.73 MB after compression)
  26878 15456      360.0000   286      350.0000      360.1667 15182592    2.90%
  26916 14759      358.3333   511      350.0000      360.1667 14689137    2.90%
  26967 14736      358.5000   408      350.0000      360.1667 15193937    2.90%
  27018 14779      358.3333   483      350.0000      360.1667 15201691    2.90%
Exception raised in listener 'MipGapPrinter': 'int' object is not callable, id=106
  27059 14870      358.5000   390      350.0000      360.1667 15316879    2.90%
  27124 14897      360.0000   277      350.0000      360.1667 15328652    2.90%
  27187 14926      356.7500   280      350.0000      360.1667 15355263    2.90%
  27241 15004      358.0000   510      350.0000      360.1667 15366632    2.90%
  27293 14974      358.0000   441      350.0000      360.1667 15369991    2.90%
  27336 15043      357.4000   411      350.0000      360.1667 15501381    2.90%
Elapsed time = 4983.15 sec. (1147594.24 ticks, tree = 8440.82 MB, solutions = 15)
Nodefile size = 6358.29 MB (3570.46 MB after compression)
  27360 15112      360.0000   264      350.0000      360.1667 15568992    2.90%
  27399 15119      359.7778   383      350.0000      360.1667 15589086    2.90%
  27452 15202      358.0000   389      350.0000      360.1667 15610019    2.90%
  27513 15139      359.0000   361      350.0000      360.1667 15599149    2.90%
  27586 15151      360.0000   430      350.0000      360.1667 15613980    2.90%
  27641 15363      359.0000   358      350.0000      360.1667 15716833    2.90%
  27706 15378      360.0000   408      350.0000      360.1667 15731629    2.90%
  27786 15388      360.0000   427      350.0000      360.1667 15734517    2.90%
  27877 15395      358.0000   354      350.0000      360.1667 15771329    2.90%
  27962 15602      357.0000   293      350.0000      360.1667 15952587    2.90%
Elapsed time = 5280.43 sec. (1187072.19 ticks, tree = 8738.36 MB, solutions = 15)
Nodefile size = 6655.97 MB (3737.59 MB after compression)
  28058 15615      357.0000   302      350.0000      360.1667 15956298    2.90%
  28148 15724      358.0000   360      350.0000      360.1667 16015990    2.90%
  28248 15962      357.0000   291      350.0000      360.1667 16183461    2.90%
  28329 15993      357.8750   232      350.0000      360.1667 16235437    2.90%
  28437 15746      358.0000   366      350.0000      360.1667 16025905    2.90%
  28535 16029      357.0000   292      350.0000      360.1667 16277578    2.90%
  28643 16160      357.0000   239      350.0000      360.1667 16421538    2.90%
  28759 16161      360.0000   402      350.0000      360.1667 16375099    2.90%
  28884 16171      360.0000   406      350.0000      360.1667 16378598    2.90%
  29014 16529      360.0000   402      350.0000      360.1667 16691463    2.90%
Elapsed time = 5516.37 sec. (1225692.40 ticks, tree = 9246.65 MB, solutions = 16)
Nodefile size = 7160.65 MB (4020.41 MB after compression)
  29172 16458      356.0833   229      350.0000      360.1667 16673558    2.90%
  29335 16892      357.0000   358      350.0000      360.1667 16947562    2.90%
  29494 16979      358.0000   326      350.0000      360.1667 16993101    2.90%
  29650 17184      360.0000   294      350.0000      360.1667 17220867    2.90%
  29807 16885      359.0000   382      350.0000      360.1667 16914147    2.90%
  29971 17419      360.0000   383      350.0000      360.1667 17405596    2.90%
  30142 17153      360.0000   457      350.0000      360.1667 17172625    2.90%
  30315 17669      359.0000   431      350.0000      360.1667 17563942    2.90%
  30476 17813      358.4167   605      350.0000      360.1667 17744466    2.90%
  30619 17795      359.8621   344      350.0000      360.1667 17766742    2.90%
Elapsed time = 5728.89 sec. (1264211.33 ticks, tree = 9921.22 MB, solutions = 16)
Nodefile size = 7752.65 MB (4352.01 MB after compression)
  30750 17764      359.0000   283      350.0000      360.1667 17674952    2.90%
  30885 18199      356.6667   389      350.0000      360.1667 18024043    2.90%
  31025 18533      360.0000   307      350.0000      360.1667 18354802    2.90%
  31200 18046      360.0000   494      350.0000      360.1667 17951468    2.90%
  31351 18353      356.6471   299      350.0000      360.1667 18149216    2.90%
  31492 18579      357.6667   458      350.0000      360.1667 18362330    2.90%
  31622 18696      358.0000   407      350.0000      360.1667 18539728    2.90%
  31802 19000      356.3125   274      350.0000      360.1667 18771726    2.90%
  31971 18780      360.0000   322      350.0000      360.1667 18611078    2.90%
  32149 18783      360.0000   355      350.0000      360.1667 18631142    2.90%
Elapsed time = 5933.79 sec. (1302491.82 ticks, tree = 10393.26 MB, solutions = 16)
Nodefile size = 8114.06 MB (4553.81 MB after compression)
  32337 19642      356.5000   313      350.0000      360.1667 19268322    2.90%
  32552 19313      359.0000   380      350.0000      360.1667 19095633    2.90%
  32762 19514      360.0000   320      350.0000      360.1667 19225038    2.90%
  32942 19525      359.0000   298      350.0000      360.1667 19252729    2.90%
  33098 19906      357.5833   501      350.0000      360.1667 19455706    2.90%
  33261 20446      359.3333   428      350.0000      360.1667 19807145    2.90%
  33426 20671      360.0000   339      350.0000      360.1667 19927731    2.90%
  33635 20608      356.5000   413      350.0000      360.1667 19870582    2.90%
  33851 20485      359.0000   352      350.0000      360.1667 19811330    2.90%
  34096 20653      358.0000   345      350.0000      360.1667 19907383    2.90%
Elapsed time = 6151.41 sec. (1340828.35 ticks, tree = 11156.82 MB, solutions = 16)
Nodefile size = 8888.98 MB (4985.80 MB after compression)
  34306 21135      357.5000   417      350.0000      360.1667 20165126    2.90%
  34522 21450      358.9062   265      350.0000      360.1667 20358955    2.90%
  34741 21443      359.0000   372      350.0000      360.1667 20290220    2.90%
  34952 22077      360.0000   396      350.0000      360.1667 20597803    2.90%
  35136 21928      357.0000   308      350.0000      360.1667 20563284    2.90%
  35340 21938      357.0000   319      350.0000      360.1667 20567820    2.90%
  35536 22544      358.5000   410      350.0000      360.1667 20788255    2.90%
  35727 21873      359.0000   339      350.0000      360.1667 20529622    2.90%
  35932 22807      356.5000   300      350.0000      360.1667 20929383    2.90%
  36150 23061      357.0000   352      350.0000      360.1667 21020831    2.90%
Elapsed time = 6396.16 sec. (1379129.82 ticks, tree = 12321.23 MB, solutions = 16)
Nodefile size = 10043.94 MB (5630.38 MB after compression)
  36383 22482      360.0000   425      350.0000      360.1667 20805970    2.90%
  36580 23519      356.0000   393      350.0000      360.1667 21216937    2.90%
  36803 23838      360.0000   392      350.0000      360.1667 21348830    2.90%
  37052 23849      360.0000   383      350.0000      360.1667 21351779    2.90%
  37283 24285      357.0000   440      350.0000      360.1667 21549389    2.90%
  37499 23933      359.0000   418      350.0000      360.1667 21422958    2.90%
  37703 24478      360.0000   352      350.0000      360.1667 21663203    2.90%
  37921 24619      356.5625   333      350.0000      360.1667 21733508    2.90%
  38134 24535      358.0000   321      350.0000      360.1667 21695768    2.90%
  38367 24977      360.0000   298      350.0000      360.1667 21839123    2.90%
Elapsed time = 6748.46 sec. (1417378.89 ticks, tree = 13231.49 MB, solutions = 16)
Nodefile size = 10951.11 MB (6136.75 MB after compression)
  38593 24724      357.0000   382      350.0000      360.1667 21752780    2.90%
  38799 24872      359.0000   447      350.0000      360.1667 21783006    2.90%
  39000 25589      357.0000   401      350.0000      360.1667 22034113    2.90%
  39188 25369      352.2083   178      350.0000      360.1667 22054934    2.90%
  39374 25438      360.0000   376      350.0000      360.1667 22036310    2.90%
  39550 26214      359.9483   399      350.0000      360.1667 22282847    2.90%
  39766 26424      360.0000   400      350.0000      360.1667 22360876    2.90%
  39936 26291      360.0000   423      350.0000      360.1667 22299892    2.90%
  40084 26545      358.0000   391      350.0000      360.1667 22373746    2.90%
  40234 26322      359.0000   430      350.0000      360.1667 22310833    2.90%
Elapsed time = 7009.14 sec. (1455726.14 ticks, tree = 13852.95 MB, solutions = 16)
Nodefile size = 11594.70 MB (6496.72 MB after compression)
  40413 26581      360.0000   416      350.0000      360.1667 22415579    2.90%
  40565 27112      360.0000   480      350.0000      360.1667 22629449    2.90%
  40736 27530      358.0000   377      350.0000      360.1667 22757864    2.90%
  40933 27886      359.0000   339      350.0000      360.1667 22970318    2.90%
  41093 27672      359.0000   419      350.0000      360.1667 22874491    2.90%
  41288 27799      358.6667   355      350.0000      360.1667 22923477    2.90%
  41473 27873      359.0000   465      350.0000      360.1667 22961608    2.90%
  41680 28545      360.0000   448      350.0000      360.1667 23228842    2.90%
  41893 28025      360.0000   297      350.0000      360.1667 23043697    2.90%
  42088 28831      360.0000   496      350.0000      360.1667 23303364    2.90%
Elapsed time = 7308.03 sec. (1493984.79 ticks, tree = 14954.44 MB, solutions = 16)
Nodefile size = 12658.93 MB (7091.97 MB after compression)
  42315 29272      360.0000   323      350.0000      360.1667 23539673    2.90%
  42546 28795      358.0000   461      350.0000      360.1667 23291814    2.90%
  42779 29615      358.0000   362      350.0000      360.1667 23696269    2.90%
  43040 28937      357.0000   355      350.0000      360.1667 23349691    2.90%
  43245 30125      358.0000   406      350.0000      360.1667 23812550    2.90%
  43507 30428      360.0000   466      350.0000      360.1667 23891168    2.90%
  43776 29503      360.0000   330      350.0000      360.1667 23664788    2.90%
  44049 29517      360.0000   318      350.0000      360.1667 23668998    2.90%
  44251 30649      360.0000   455      350.0000      360.1667 23971864    2.90%
  44424 31060      360.0000   418      350.0000      360.1667 24102586    2.90%
Elapsed time = 7578.30 sec. (1532292.83 ticks, tree = 15938.20 MB, solutions = 16)
Nodefile size = 13655.59 MB (7648.43 MB after compression)
  44641 31319      359.3333   344      350.0000      360.1667 24188599    2.90%
  44872 31594      358.0000   374      350.0000      360.1667 24274100    2.90%
  45098 31051      357.0000   326      350.0000      360.1667 24105003    2.90%
  45377 31217      359.0000   275      350.0000      360.1667 24206209    2.90%
  45637 31394      357.0000   409      350.0000      360.1667 24204946    2.90%
  45853 31491      359.4000   438      350.0000      360.1667 24259599    2.90%
  46085 32162      360.0000   446      350.0000      360.1667 24524562    2.90%
  46378 32031      355.7500   264      350.0000      360.1667 24543448    2.90%
  46631 32198      360.0000   490      350.0000      360.1667 24528019    2.90%
  46894 32374      360.0000   465      350.0000      360.1667 24588666    2.90%
Elapsed time = 7848.28 sec. (1570579.16 ticks, tree = 16495.41 MB, solutions = 16)
Nodefile size = 14177.64 MB (7938.85 MB after compression)
  47169 33402      360.0000   336      350.0000      360.1667 24930195    2.90%
  47417 32925      357.0000   336      350.0000      360.1667 24798425    2.90%
  47683 33756      360.0000   439      350.0000      360.1667 25100303    2.90%
  47933 33203      360.0000   432      350.0000      360.1667 24890736    2.90%
  48190 33885      360.0000   376      350.0000      360.1667 25168877    2.90%
  48414 33896      360.0000   404      350.0000      360.1667 25171952    2.90%
  48644 33808      360.0000   400      350.0000      360.1667 25109790    2.90%
  48865 34855      360.0000   437      350.0000      360.1667 25481781    2.90%
  49100 35207      360.0000   448      350.0000      360.1667 25670750    2.90%
  49347 35348      360.0000   410      350.0000      360.1667 25702091    2.90%
Elapsed time = 8344.24 sec. (1608846.90 ticks, tree = 17765.70 MB, solutions = 16)
Nodefile size = 15448.87 MB (8648.87 MB after compression)
  49615 35489      360.0000   420      350.0000      360.1667 25749405    2.90%
  49893 35857      360.0000   339      350.0000      360.1667 25874718    2.90%
  50171 35985    infeasible            350.0000      360.1667 25969986    2.90%
  50488 36586      360.0000   417      350.0000      360.1667 26126147    2.90%
  50751 36817      360.0000   237      350.0000      360.1667 26264658    2.90%
  51015 37222      359.0000   422      350.0000      360.1667 26417583    2.90%
  51291 37720      359.6667   334      350.0000      360.1667 26714886    2.90%
  51531 37313      358.1667   290      350.0000      360.1667 26532783    2.90%
  51805 37483      359.0000   462      350.0000      360.1667 26544557    2.90%
  52094 38332      360.0000   387      350.0000      360.1667 26955747    2.90%
Elapsed time = 8805.12 sec. (1647091.16 ticks, tree = 18943.01 MB, solutions = 16)
Nodefile size = 16666.89 MB (9323.45 MB after compression)
  52378 37605      360.0000   262      350.0000      360.1667 26709176    2.90%
  52645 38153      360.0000   387      350.0000      360.1667 26896319    2.90%
  52941 38800      360.0000   337      350.0000      360.1667 27238132    2.90%
  53185 38921      359.0000   455      350.0000      360.1667 27252049    2.90%
  53471 38931    infeasible            350.0000      360.1667 27255289    2.90%
  53731 38946      359.0000   402      350.0000      360.1667 27259663    2.90%
  53954 39677      359.0000   389      350.0000      360.1667 27877272    2.90%
  54194 39184      357.3542   224      350.0000      360.1667 27660289    2.90%
  54468 40474      355.3750   315      350.0000      360.1667 28282745    2.90%
  54709 40930      357.3000   253      350.0000      360.1667 28721237    2.90%
Elapsed time = 9334.46 sec. (1685421.68 ticks, tree = 20023.09 MB, solutions = 16)
Nodefile size = 17759.07 MB (9930.80 MB after compression)
  54925 40487      355.3750   260      350.0000      360.1667 28306663    2.90%
  55110 40622      360.0000   503      350.0000      360.1667 28339542    2.90%
* 55172+41720                          351.0000      360.1667             2.61%
  55267 41088      360.0000   356      351.0000      360.1667 28872984    2.61%
  55409 40919      359.0000   409      351.0000      360.1667 28628294    2.61%
  55519 40799      352.8333   344      351.0000      360.1667 28444780    2.61%
* 55541+41839                          352.0000      360.1667             2.32%
  55627 42342      353.0000   308      352.0000      360.1667 29568996    2.32%
  55704 42189      360.0000   325      352.0000      360.1667 29479756    2.32%
  55791 42456      359.0000   330      352.0000      360.1667 29608371    2.32%
  55885 42667      359.0000   365      352.0000      360.1667 30136293    2.32%
* 55980+41839                          353.0000      360.1667             2.03%
  55984 42451      356.2345   261      353.0000      360.1667 29872631    2.03%
Elapsed time = 9768.89 sec. (1723912.11 ticks, tree = 20934.58 MB, solutions = 16)
Nodefile size = 18691.90 MB (10448.35 MB after compression)
  56070 42738      359.0000   371      353.0000      360.1667 30156349    2.03%
  56167 42900      359.5000   496      353.0000      360.1667 30229548    2.03%
  56249 42597      353.0036   189      353.0000      360.1667 30239188    2.03%
  56313 43351      359.0000   406      353.0000      360.1667 30818052    2.03%
  56389 43167      355.9167   197      353.0000      360.1667 30587265    2.03%
  56458 42899      360.0000   407      353.0000      360.1667 30217447    2.03%
  56531 43381      359.0000   388      353.0000      360.1667 30823831    2.03%
  56597 42944      359.5000   430      353.0000      360.1667 30238980    2.03%
  56681 43425      359.5000   308      353.0000      360.1667 30899731    2.03%
  56753 43640      359.0000   378      353.0000      360.1667 30955919    2.03%
Elapsed time = 10253.26 sec. (1762508.52 ticks, tree = 21520.10 MB, solutions = 16)
Nodefile size = 19295.82 MB (10785.89 MB after compression)
  56840 43592      359.5000   362      353.0000      360.1667 30921575    2.03%
  56921 43638      358.5000   440      353.0000      360.1667 30955595    2.03%
  57012 43748      359.0000   462      353.0000      360.1667 31079376    2.03%
  57102 43834      360.0000   384      353.0000      360.1667 31320831    2.03%
  57213 43896      359.3333   426      353.0000      360.1667 31382493    2.03%
  57339 43909      357.5000   313      353.0000      360.1667 31384549    2.03%
  57439 43911      359.0000   403      353.0000      360.1667 31392197    2.03%
  57537 44128      359.0000   432      353.0000      360.1667 31442638    2.03%
  57616 44489      357.5000   328      353.0000      360.1667 31794079    2.03%
  57697 44501      359.9167   383      353.0000      360.1667 31812832    2.03%
Elapsed time = 10687.11 sec. (1801196.52 ticks, tree = 22020.80 MB, solutions = 16)
Nodefile size = 19789.09 MB (11062.52 MB after compression)
  57766 44608      357.3958   595      353.0000      360.1667 31863475    2.03%
  57844 44353      358.0000   420      353.0000      360.1667 31528760    2.03%
  57924 44572      359.0000   380      353.0000      360.1667 31854026    2.03%
  57985 44585      356.0000   369      353.0000      360.1667 31859052    2.03%
  58062 44666      358.7500   298      353.0000      360.1667 31982783    2.03%
  58132 44610      356.0000   431      353.0000      360.1667 31866802    2.03%
  58235 44786      358.0000   379      353.0000      360.1667 31976459    2.03%
  58341 45231      355.0000   362      353.0000      360.1667 32252784    2.03%
  58412 44859      359.6667   428      353.0000      360.1667 32011530    2.03%
  58502 45085      359.5000   425      353.0000      360.1667 32225661    2.03%
Elapsed time = 11057.60 sec. (1839803.54 ticks, tree = 22359.57 MB, solutions = 16)
Nodefile size = 20123.59 MB (11250.12 MB after compression)
  58576 45176      356.0000   375      353.0000      360.1667 32251180    2.03%
  58648 45317      360.0000   485      353.0000      360.1667 32467899    2.03%
  58747 45323      360.0000   486      353.0000      360.1667 32470785    2.03%
  58828 45329      360.0000   471      353.0000      360.1667 32473383    2.03%
  58930 45335      360.0000   458      353.0000      360.1667 32476983    2.03%
  59020 45326      356.3750   278      353.0000      360.1667 32634533    2.03%
  59115 45878      353.5000   469      353.0000      360.1667 32763047    2.03%
  59211 45697      357.5000   320      353.0000      360.1667 32686612    2.03%
  59309 45928      358.0000   393      353.0000      360.1667 32806781    2.03%
  59405 45624      358.0000   346      353.0000      360.1667 32590959    2.03%
Elapsed time = 11417.43 sec. (1878450.41 ticks, tree = 22627.92 MB, solutions = 16)
Nodefile size = 20370.71 MB (11389.35 MB after compression)
  59508 45666      359.5000   397      353.0000      360.1667 32660425    2.03%
  59615 46289      359.5000   457      353.0000      360.1667 33191918    2.03%
  59712 46247      358.0000   370      353.0000      360.1667 33151719    2.03%
  59816 46314      359.5000   337      353.0000      360.1667 33205893    2.03%
  59921 46021      359.0000   397      353.0000      360.1667 33072535    2.03%
  60028 46114      360.0000   451      353.0000      360.1667 33093807    2.03%
  60171 46690      358.0000   380      353.0000      360.1667 33430487    2.03%
  60272 46777      359.0000   355      353.0000      360.1667 33641754    2.03%
  60362 46539      360.0000   336      353.0000      360.1667 33348538    2.03%
  60468 47297      353.0000   471      353.0000      360.1667 33919753    2.03%
Elapsed time = 11845.62 sec. (1916912.78 ticks, tree = 23534.82 MB, solutions = 16)
Nodefile size = 21296.87 MB (11909.13 MB after compression)
* 60562+42058                          354.0000      360.1667             1.74%
  60571 46799      359.0000   401      354.0000      360.1667 33651826    1.74%
* 60636+42058                          355.0000      360.1667             1.46%
  60683 47402      359.6667   365      355.0000      360.1667 34001183    1.46%
  60836 46995      358.0000   316      355.0000      360.1667 33777711    1.46%
  60969 47263      360.0000   265      355.0000      360.1667 33950706    1.46%
  61079 46902      359.5417   470      355.0000      360.1667 33749525    1.46%
  61165 47662      360.0000   332      355.0000      360.1667 34162959    1.46%
  61267 47490      358.0000   383      355.0000      360.1667 34074544    1.46%
  61358 47496      358.0000   334      355.0000      360.1667 34083381    1.46%
  61459 47636      359.0000   345      355.0000      360.1667 34123111    1.46%
  61546 48253      358.0000   325      355.0000      360.1667 34582979    1.46%
Elapsed time = 12202.84 sec. (1955343.74 ticks, tree = 24011.09 MB, solutions = 16)
Nodefile size = 21788.29 MB (12185.16 MB after compression)
  61619 47732      358.9167   460      355.0000      360.1667 34221612    1.46%
  61701 48321      360.1667   444      355.0000      360.1667 34631902    1.46%
  61808 48248      358.8333   380      355.0000      360.1667 34584340    1.46%
  61889 48529      359.4375   422      355.0000      360.1667 34752842    1.46%
  61998 48294      358.0000   320      355.0000      360.1667 34614684    1.46%
  62091 48304      358.0000   327      355.0000      360.1667 34627434    1.46%
  62198 48366      359.0000   372      355.0000      360.1667 34658993    1.46%
  62301 48674      358.9167   385      355.0000      360.1667 34837437    1.46%
  62402 48752      359.0000   384      355.0000      360.1667 34894959    1.46%
  62507 48692      358.9167   385      355.0000      360.1667 34853244    1.46%
Elapsed time = 12574.10 sec. (1993800.41 ticks, tree = 24225.26 MB, solutions = 16)
Nodefile size = 21984.34 MB (12294.88 MB after compression)
  62603 48865      360.0000   429      355.0000      360.1667 35149410    1.46%
  62720 49063      357.0000   348      355.0000      360.1667 35275865    1.46%
  62823 49514      357.0000   336      355.0000      360.1667 35568678    1.46%
  62930 49256      359.5000   312      355.0000      360.1667 35380067    1.46%
  63057 49218      359.0000   280      355.0000      360.1667 35344935    1.46%
  63188 49279      359.3333   385      355.0000      360.1667 35398662    1.46%
  63314 45387      357.0000   295      355.0000      360.1667 35995097    1.46%
  63423 49782      360.0000   317      355.0000      360.1667 35907327    1.46%
  63548 49444      360.0000   345      355.0000      360.1667 35548699    1.46%
  63708 49856      356.0000   316      355.0000      360.1667 36011752    1.46%
Elapsed time = 12948.66 sec. (2032386.62 ticks, tree = 24818.95 MB, solutions = 21)
Nodefile size = 22576.89 MB (12627.55 MB after compression)
  63846 49761      360.0000   426      355.0000      360.1667 35816327    1.46%
Exception raised in listener 'MipGapPrinter': 'int' object is not callable, id=144
  63958 45618      358.1250   336      355.0000      360.1667 36257531    1.46%
  64054 45449      356.0000   364      355.0000      360.1667 36032081    1.46%
  64156 45718      360.0000   322      355.0000      360.1667 36312866    1.46%
  64291 45582      359.0000   374      355.0000      360.1667 36138206    1.46%
  64435 46361      359.3333   488      355.0000      360.1667 36795860    1.46%
  64559 46264      358.0000   349      355.0000      360.1667 36702873    1.46%
  64696 46392      359.0000   471      355.0000      360.1667 36802697    1.46%
  64832 46177      357.0000   351      355.0000      360.1667 36659731    1.46%
  64973 46857      359.0000   360      355.0000      360.1667 37260886    1.46%
Elapsed time = 13317.08 sec. (2070790.71 ticks, tree = 22968.91 MB, solutions = 21)
Nodefile size = 20741.33 MB (11597.16 MB after compression)
  65085 46662      359.0000   347      355.0000      360.1667 37062816    1.46%
  65188 46374      356.0000   322      355.0000      360.1667 36805831    1.46%
  65306 46840      360.0000   351      355.0000      360.1667 37235343    1.46%
  65409 47282      356.0000   246      355.0000      360.1667 37583333    1.46%
  65519 46659      358.5625   320      355.0000      360.1667 37022172    1.46%
  65622 46965      359.5000   385      355.0000      360.1667 37347826    1.46%
  65747 47167      357.0000   261      355.0000      360.1667 37476064    1.46%
  65844 47832      358.0000   328      355.0000      360.1667 38075468    1.46%
  65939 47669      358.9375   271      355.0000      360.1667 37987349    1.46%
  66025 47898      360.0000   377      355.0000      360.1667 38132480    1.46%
Elapsed time = 13628.02 sec. (2109497.05 ticks, tree = 23501.72 MB, solutions = 21)
Nodefile size = 21268.51 MB (11892.12 MB after compression)
  66124 47769      359.0000   355      355.0000      360.1667 38048524    1.46%
  66253 47544      359.0000   368      355.0000      360.1667 37713257    1.46%
  66358 48051      357.0000   260      355.0000      360.1667 38306182    1.46%
  66475 48239      359.0000   387      355.0000      360.1667 38447575    1.46%
  66572 48168      357.5000   319      355.0000      360.1667 38395620    1.46%
  66659 48179      357.5000   358      355.0000      360.1667 38396720    1.46%
  66737 48392      359.0000   359      355.0000      360.1667 38584275    1.46%
  66832 48266      359.0000   360      355.0000      360.1667 38463502    1.46%
  66928 48185      359.0000   572      355.0000      360.1667 38400456    1.46%
  67021 48810      360.0000   357      355.0000      360.1667 39117260    1.46%
Elapsed time = 13945.08 sec. (2147951.39 ticks, tree = 23926.10 MB, solutions = 24)
Nodefile size = 21693.70 MB (12130.14 MB after compression)
  67124 48493      360.0000   391      355.0000      360.1667 38673495    1.46%
  67223 48500      360.0000   338      355.0000      360.1667 38679251    1.46%
  67314 49191      359.0000   311      355.0000      360.1667 39306025    1.46%
  67414 49236      358.7222   399      355.0000      360.1667 39340475    1.46%
  67535 49325      359.0000   431      355.0000      360.1667 39435572    1.46%
  67649 49304      360.0000   334      355.0000      360.1667 39388321    1.46%
  67772 49398      357.6380   289      355.0000      360.1667 39513611    1.46%
  67895 49730      357.6250   384      355.0000      360.1667 39706922    1.46%
  68002 49662      359.0000   285      355.0000      360.1667 39661507    1.46%
  68125 49601      360.0000   355      355.0000      360.1667 39652415    1.46%
Elapsed time = 14264.06 sec. (2186371.09 ticks, tree = 24390.77 MB, solutions = 24)
Nodefile size = 22162.40 MB (12392.42 MB after compression)
  68236 49292      358.1111   363      355.0000      360.1667 39367645    1.46%
  68338 49424      359.3333   381      355.0000      360.1667 39577145    1.46%
  68451 49627      359.5000   371      355.0000      360.1667 39666691    1.46%
  68546 49775      357.6250   326      355.0000      360.1667 39746429    1.46%
  68617 49932      360.0000   370      355.0000      360.1667 39799916    1.46%
  68639 49833      359.0000   327      355.0000      360.1667 39770395    1.46%
  68656 49846      359.0000   340      355.0000      360.1667 39777359    1.46%
  68657 41927      358.0000   377      355.0000      360.1667 29249891    1.46%
  68658 41562      359.0000   388      355.0000      360.1667 29046515    1.46%
  68660 41377      359.0000   427      355.0000      360.1667 28986197    1.46%
Elapsed time = 14423.82 sec. (2249997.25 ticks, tree = 20251.16 MB, solutions = 53)
Nodefile size = 17947.32 MB (10034.85 MB after compression)
  68661 41640      360.0000   457      355.0000      360.1667 29079371    1.46%
  68662 42015      359.2083   487      355.0000      360.1667 29301892    1.46%
  68663 42060      359.3333   510      355.0000      360.1667 29337194    1.46%
  68664 41841      360.0000   272      355.0000      360.1667 29206161    1.46%

GUB cover cuts applied:  374
Clique cuts applied:  8
Cover cuts applied:  148
Implied bound cuts applied:  284
Flow cuts applied:  2
Mixed integer rounding cuts applied:  47
Zero-half cuts applied:  116
Lift and project cuts applied:  5
Gomory fractional cuts applied:  94

Root node processing (before b&c):
  Real time             =  436.55 sec. (228270.97 ticks)
Parallel b&c, 24 threads:
  Real time             = 13987.70 sec. (2127266.39 ticks)
  Sync time (average)   = 5012.56 sec.
  Wait time (average)   =    0.23 sec.
                          ------------
Total (root+branch&cut) = 14424.25 sec. (2355537.35 ticks)
status  = time limit exceeded
time    = 14424.4 s.
problem = MILP
gap     = 1.4554%

Objective value: 355.0
[50, 50, 8, 4, 400, 158, 355, 360, 1.46, 14424.42]
number of spatial :  314
Heuristic Solution information :  [50, 50, 8, 4, 400, 140, 330, 16, 314]
