CPXPARAM_Read_DataCheck                          1
CPXPARAM_TimeLimit                               14400
Tried aggregator 2 times.
MIP Presolve eliminated 37249 rows and 339683 columns.
MIP Presolve modified 2226 coefficients.
Aggregator did 1116 substitutions.
Reduced MIP has 419323 rows, 96343 columns, and 1326365 nonzeros.
Reduced MIP has 88843 binaries, 0 generals, 0 SOSs, and 0 indicators.
Presolve time = 6.65 sec. (5866.63 ticks)
Probing time = 6.21 sec. (28.12 ticks)
Tried aggregator 1 time.
MIP Presolve eliminated 294000 rows and 6000 columns.
Reduced MIP has 125323 rows, 90343 columns, and 738365 nonzeros.
Reduced MIP has 88843 binaries, 0 generals, 0 SOSs, and 0 indicators.
Presolve time = 3.12 sec. (1034.16 ticks)
Probing time = 4.05 sec. (22.71 ticks)
Clique table members: 47819.
MIP emphasis: balance optimality and feasibility.
MIP search method: dynamic search.
Parallel mode: deterministic, using up to 24 threads.
Root relaxation solution time = 40.23 sec. (3567.50 ticks)

        Nodes                                         Cuts/
   Node  Left     Objective  IInf  Best Integer    Best Bound    ItCnt     Gap

*     0+    0                          566.0000     1122.0000            98.23%
      0     0      937.0833  1235      566.0000      937.0833    29908   65.56%
Exception raised in listener 'MipGapPrinter': 'int' object is not callable, id=1
*     0+    0                          670.0000      937.0833            39.86%
Exception raised in listener 'MipGapPrinter': 'int' object is not callable, id=3
      0     0      905.3056  1231      670.0000     Cuts: 959    51232   35.12%
      0     0      882.0000  1377      670.0000     Cuts: 682    79700   31.64%
      0     0      878.0000  1388      670.0000     Cuts: 665    96926   31.04%
*     0+    0                          757.0000      878.0000            15.98%
*     0+    0                          773.0000      878.0000            13.58%
*     0+    0                          788.0000      878.0000            11.42%
*     0+    0                          795.0000      878.0000            10.44%
*     0+    0                          796.0000      878.0000            10.30%
*     0+    0                          804.0000      878.0000             9.20%
*     0+    0                          805.0000      878.0000             9.07%
Exception raised in listener 'MipGapPrinter': 'int' object is not callable, id=9
      0     0      878.0000  1440      805.0000     Cuts: 606   117031    9.07%
      0     0      878.0000   879      805.0000      Cuts: 42   133876    9.07%
*     0+    0                          810.0000      878.0000             8.40%
Exception raised in listener 'MipGapPrinter': 'int' object is not callable, id=14
      0     0      878.0000  1166      810.0000     Cuts: 408   158007    8.40%
*     0+    0                          816.0000      878.0000             7.60%
*     0+    0                          826.0000      878.0000             6.30%
*     0+    0                          828.0000      878.0000             6.04%
*     0+    0                          831.0000      878.0000             5.66%
*     0+    0                          834.0000      878.0000             5.28%
*     0+    0                          837.0000      878.0000             4.90%
Exception raised in listener 'MipGapPrinter': 'int' object is not callable, id=16
Heuristic still looking.
*     0+    0                          841.0000      878.0000             4.40%
*     0+    0                          849.0000      878.0000             3.42%
*     0+    0                          851.0000      878.0000             3.17%
Exception raised in listener 'MipGapPrinter': 'int' object is not callable, id=17
      0     2      878.0000   524      851.0000      878.0000   158007    3.17%
Elapsed time = 4193.66 sec. (341258.19 ticks, tree = 0.02 MB, solutions = 19)
      1     3      878.0000   552      851.0000      878.0000   159869    3.17%
      2     4      878.0000   513      851.0000      878.0000   161784    3.17%
      3     5      878.0000   507      851.0000      878.0000   162769    3.17%
      4     6      878.0000   450      851.0000      878.0000   164877    3.17%
      5     7      878.0000   477      851.0000      878.0000   165385    3.17%
      6     8      878.0000   500      851.0000      878.0000   166566    3.17%
      7     9      878.0000   505      851.0000      878.0000   166859    3.17%
      8    10      878.0000   541      851.0000      878.0000   168303    3.17%
      9    11      878.0000   588      851.0000      878.0000   169276    3.17%
     12    14      878.0000   639      851.0000      878.0000   171001    3.17%
Elapsed time = 4382.57 sec. (348229.57 ticks, tree = 0.05 MB, solutions = 19)
     14     4      878.0000   539      851.0000      878.0000   160107    3.17%
     16    16      878.0000   529      851.0000      878.0000   174334    3.17%
     21     8      878.0000   489      851.0000      878.0000   166314    3.17%
     30    25      878.0000   477      851.0000      878.0000   187483    3.17%
     41    14      878.0000   628      851.0000      878.0000   170718    3.17%
     50     3      878.0000   568      851.0000      878.0000   159143    3.17%
     64    13      878.0000   588      851.0000      878.0000   170116    3.17%
     80    49      878.0000   530      851.0000      878.0000   208174    3.17%
     97    70      878.0000   594      851.0000      878.0000   227829    3.17%
    120    78      878.0000   493      851.0000      878.0000   234734    3.17%
Elapsed time = 4938.75 sec. (362512.51 ticks, tree = 1.44 MB, solutions = 19)
    148   106      878.0000   580      851.0000      878.0000   270025    3.17%
    176   128      878.0000   493      851.0000      878.0000   287308    3.17%
    203   146      878.0000   494      851.0000      878.0000   305063    3.17%
*   220+   21                          852.0000      878.0000             3.05%
    234   167      878.0000   519      852.0000      878.0000   319560    3.05%
*   249+   21                          854.0000      878.0000             2.81%
    260    51      878.0000   529      854.0000      878.0000   210659    2.81%
    294    21      878.0000   525      854.0000      878.0000   180666    2.81%
    327   207      878.0000   424      854.0000      878.0000   355822    2.81%
Exception raised in listener 'MipGapPrinter': 'int' object is not callable, id=36
    363   222      878.0000   502      854.0000      878.0000   360159    2.81%
    393   228      878.0000   490      854.0000      878.0000   367453    2.81%
    425   280      878.0000   473      854.0000      878.0000   401998    2.81%
Elapsed time = 5257.73 sec. (372201.51 ticks, tree = 5.35 MB, solutions = 21)
    457   275      878.0000   536      854.0000      878.0000   396914    2.81%
    495   286      878.0000   486      854.0000      878.0000   406152    2.81%
    528   363      878.0000   543      854.0000      878.0000   451186    2.81%
    567   366      878.0000   504      854.0000      878.0000   452448    2.81%
    616   369      878.0000   476      854.0000      878.0000   454348    2.81%
    672   443      878.0000   353      854.0000      878.0000   498992    2.81%
    734   484      878.0000   473      854.0000      878.0000   520304    2.81%
    809   448      878.0000   346      854.0000      878.0000   504758    2.81%
    890   534      878.0000   475      854.0000      878.0000   562015    2.81%
    980   715      878.0000   565      854.0000      878.0000   675852    2.81%
Elapsed time = 5573.72 sec. (381938.88 ticks, tree = 15.77 MB, solutions = 24)
   1084   670      878.0000   516      854.0000      878.0000   646572    2.81%
   1207   791      878.0000   432      854.0000      878.0000   715754    2.81%
   1343   699    infeasible            854.0000      878.0000   662360    2.81%
   1486   890      878.0000   473      854.0000      878.0000   754989    2.81%
   1642   877      878.0000   458      854.0000      878.0000   751091    2.81%
   1790  1126      878.0000   410      854.0000      878.0000   862990    2.81%
   1952  1134      878.0000   452      854.0000      878.0000   865358    2.81%
   2097  1141      878.0000   456      854.0000      878.0000   868368    2.81%
   2235  1716      878.0000   473      854.0000      878.0000  1120553    2.81%
   2394  1300      878.0000   472      854.0000      878.0000   939101    2.81%
Elapsed time = 5818.89 sec. (391530.68 ticks, tree = 34.99 MB, solutions = 24)
   2556  1638      878.0000   520      854.0000      878.0000  1081271    2.81%
   2709  1641    infeasible            854.0000      878.0000  1082798    2.81%
   2866  1979      878.0000   361      854.0000      878.0000  1253732    2.81%
   2996  2216      878.0000   374      854.0000      878.0000  1367638    2.81%
   3119  2165      878.0000   424      854.0000      878.0000  1334250    2.81%
   3255  2263      878.0000   443      854.0000      878.0000  1381672    2.81%
   3378  2436      878.0000   470      854.0000      878.0000  1491252    2.81%
   3488  2334      877.8333   321      854.0000      878.0000  1449039    2.81%
   3587  2644      878.0000   350      854.0000      878.0000  1668990    2.81%
   3687  2587      878.0000   334      854.0000      878.0000  1619902    2.81%
Elapsed time = 6075.12 sec. (401122.28 ticks, tree = 85.25 MB, solutions = 24)
   3801  2709      878.0000   475      854.0000      878.0000  1704869    2.81%
   3913  2733      878.0000   400      854.0000      878.0000  1747608    2.81%
   4021  3024      878.0000   521      854.0000      878.0000  1997318    2.81%
   4134  3095      878.0000   371      854.0000      878.0000  2081389    2.81%
   4247  2911    infeasible            854.0000      878.0000  1930834    2.81%
   4352  3146      878.0000   305      854.0000      878.0000  2175680    2.81%
   4463  3127      878.0000   347      854.0000      878.0000  2123517    2.81%
   4567  3172      878.0000   392      854.0000      878.0000  2187639    2.81%
   4658  3426    infeasible            854.0000      878.0000  2496634    2.81%
   4764  3444      878.0000   303      854.0000      878.0000  2542581    2.81%
Elapsed time = 6356.45 sec. (410786.82 ticks, tree = 123.53 MB, solutions = 24)
   4865  3555      877.3333   313      854.0000      878.0000  2691821    2.81%
   4950  3424      877.8182   371      854.0000      878.0000  2500097    2.81%
   5030  3478      878.0000   444      854.0000      878.0000  2555429    2.81%
   5088  3773      878.0000   315      854.0000      878.0000  2970265    2.81%
   5133  3745      878.0000   442      854.0000      878.0000  2918927    2.81%
   5192  3802      877.3333   317      854.0000      878.0000  3017473    2.81%
*  5203+ 3643                          856.0000      878.0000             2.57%
   5266  3812      878.0000   310      856.0000      878.0000  3043295    2.57%
   5354  3837    infeasible            856.0000      878.0000  3081219    2.57%
Exception raised in listener 'MipGapPrinter': 'int' object is not callable, id=46
   5423  3916      878.0000   413      856.0000      878.0000  3158116    2.57%
   5499  4025      877.5833   316      856.0000      878.0000  3339640    2.57%
Elapsed time = 6664.46 sec. (420389.42 ticks, tree = 152.02 MB, solutions = 25)
   5574  4026      877.5000   313      856.0000      878.0000  3344772    2.57%
*  5626+ 3705                          858.0000      878.0000             2.33%
   5667  4110      878.0000   243      858.0000      878.0000  3478695    2.33%
   5764  4143      878.0000   374      858.0000      878.0000  3511852    2.33%
   5864  4238      878.0000   297      858.0000      878.0000  3690466    2.33%
*  5914+ 3674                          859.0000      878.0000             2.21%
   5954  4196      878.0000   232      859.0000      878.0000  3596119    2.21%
   6044  4352      878.0000   251      859.0000      878.0000  3917196    2.21%
   6110  4311      878.0000   315      859.0000      878.0000  3846187    2.21%
   6139  4322      878.0000   283      859.0000      878.0000  3870914    2.21%
   6151  4362      878.0000   270      859.0000      878.0000  3934863    2.21%
   6154  4328      878.0000   341      859.0000      878.0000  3869842    2.21%
Elapsed time = 6951.48 sec. (430362.09 ticks, tree = 167.01 MB, solutions = 30)
   6155  2525      878.0000   475      859.0000      878.0000  1570073    2.21%

GUB cover cuts applied:  149
Clique cuts applied:  4
Cover cuts applied:  8
Implied bound cuts applied:  39
Flow cuts applied:  1
Mixed integer rounding cuts applied:  20
Zero-half cuts applied:  40
Lift and project cuts applied:  2
Gomory fractional cuts applied:  57

Root node processing (before b&c):
  Real time             = 4168.12 sec. (341165.80 ticks)
Parallel b&c, 24 threads:
  Real time             = 10232.31 sec. (659450.84 ticks)
  Sync time (average)   =  827.15 sec.
  Wait time (average)   =    0.00 sec.
                          ------------
Total (root+branch&cut) = 14400.43 sec. (1000616.64 ticks)
status  = time limit exceeded
time    = 14401.2 s.
problem = MILP
gap     = 2.21187%

Objective value: 859.0
[50, 150, 8, 4, 400, 315, 859, 877, 2.21, 14401.16]
number of spatial :  761
Heuristic Solution information :  [50, 150, 8, 4, 400, 294, 777, 16, 761]
