CPXPARAM_Read_DataCheck                          1
CPXPARAM_TimeLimit                               14400
Tried aggregator 2 times.
MIP Presolve eliminated 28131 rows and 88180 columns.
MIP Presolve modified 2142 coefficients.
Aggregator did 1516 substitutions.
Reduced MIP has 154466 rows, 58013 columns, and 635083 nonzeros.
Reduced MIP has 55513 binaries, 0 generals, 0 SOSs, and 0 indicators.
Presolve time = 0.88 sec. (2777.70 ticks)
Probing time = 1.12 sec. (14.63 ticks)
Tried aggregator 1 time.
MIP Presolve eliminated 73500 rows and 1500 columns.
Reduced MIP has 80966 rows, 56513 columns, and 488083 nonzeros.
Reduced MIP has 55513 binaries, 0 generals, 0 SOSs, and 0 indicators.
Presolve time = 0.50 sec. (640.00 ticks)
Probing time = 0.93 sec. (14.16 ticks)
Clique table members: 29101.
MIP emphasis: balance optimality and feasibility.
MIP search method: dynamic search.
Parallel mode: deterministic, using up to 24 threads.
Root relaxation solution time = 6.40 sec. (3220.23 ticks)

        Nodes                                         Cuts/
   Node  Left     Objective  IInf  Best Integer    Best Bound    ItCnt     Gap

*     0+    0                          288.0000     1530.0000           431.25%
      0     0     1022.2500  1080      288.0000     1022.2500    52787  254.95%
Exception raised in listener 'MipGapPrinter': 'int' object is not callable, id=1
*     0+    0                          566.0000     1022.2500            80.61%
Exception raised in listener 'MipGapPrinter': 'int' object is not callable, id=3
      0     0      950.7700  1362      566.0000    Cuts: 1017    67608   67.98%
      0     0      905.3206  1364      566.0000     Cuts: 790    84496   59.95%
      0     0      851.0561  1258      566.0000     Cuts: 801   105648   50.36%
*     0+    0                          612.0000      851.0561            39.06%
*     0+    0                          634.0000      851.0561            34.24%
*     0+    0                          660.0000      851.0561            28.95%
*     0+    0                          678.0000      851.0561            25.52%
Exception raised in listener 'MipGapPrinter': 'int' object is not callable, id=9
      0     0      812.6639  1131      678.0000     Cuts: 655   124941   19.86%
      0     0      779.7804  1020      678.0000     Cuts: 646   142493   15.01%
      0     0      764.5449  1007      678.0000     Cuts: 596   160481   12.76%
*     0+    0                          694.0000      764.5449            10.16%
Exception raised in listener 'MipGapPrinter': 'int' object is not callable, id=16
      0     0      755.0529  1105      694.0000     Cuts: 464   175316    8.80%
      0     0      752.3333  1029      694.0000     Cuts: 398   185215    8.41%
      0     0      752.1429  1022      694.0000     Cuts: 324   196163    8.38%
*     0+    0                          710.0000      752.1429             5.94%
*     0+    0                          718.0000      752.1429             4.76%
Exception raised in listener 'MipGapPrinter': 'int' object is not callable, id=23
      0     0      752.1429  1094      718.0000     Cuts: 356   209831    4.76%
      0     0      752.1429   840      718.0000      Cuts: 28   220291    4.76%
      0     0      752.1429   997      718.0000     Cuts: 224   232114    4.76%
Heuristic still looking.
Heuristic still looking.
      0     2      752.1429   997      718.0000      752.1429   232114    4.76%
Elapsed time = 2442.61 sec. (308027.13 ticks, tree = 0.02 MB, solutions = 9)
      1     3      752.1429   865      718.0000      752.1429   234340    4.76%
      2     4      752.1429   874      718.0000      752.1429   236847    4.76%
      3     5      752.1429   701      718.0000      752.1429   238438    4.76%
      4     6      752.1429   630      718.0000      752.1429   240003    4.76%
      5     7      752.1429   553      718.0000      752.1429   241209    4.76%
      6     8      752.1429   662      718.0000      752.1429   242779    4.76%
      7     9      752.1429   641      718.0000      752.1429   244632    4.76%
      8    10      752.1429   578      718.0000      752.1429   246265    4.76%
     10     5      752.1429   850      718.0000      752.1429   237599    4.76%
     11    11      752.1429   781      718.0000      752.1429   251632    4.76%
Elapsed time = 2525.18 sec. (318742.68 ticks, tree = 0.04 MB, solutions = 9)
     15    13      752.1429   669      718.0000      752.1429   256203    4.76%
     25    23      752.1429   845      718.0000      752.1429   268149    4.76%
     37    31      752.1429   656      718.0000      752.1429   280795    4.76%
     54    36      752.1429   727      718.0000      752.1429   296532    4.76%
     73    38      752.1429   606      718.0000      752.1429   300646    4.76%
     87    59      752.1429   532      718.0000      752.1429   344358    4.76%
    111    51      752.1429   410      718.0000      752.1429   322848    4.76%
    130   114      752.1429   639      718.0000      752.1429   474846    4.76%
    149    96    infeasible            718.0000      752.1429   433351    4.76%
    166   143      752.1429   585      718.0000      752.1429   569274    4.76%
Elapsed time = 2687.23 sec. (329033.84 ticks, tree = 2.25 MB, solutions = 9)
    194   146      752.1429   630      718.0000      752.1429   572461    4.76%
    223   149      752.1429   242      718.0000      752.1429   584042    4.76%
    254   178      752.1429   700      718.0000      752.1429   632430    4.76%
    269   184      752.1429   377      718.0000      752.1429   662208    4.76%
    272   127      752.1429   789      718.0000      752.1429   527632    4.76%
    276   206      752.1429   540      718.0000      752.1429   708192    4.76%
    279   122      752.1429   792      718.0000      752.1429   505273    4.76%
    282   218      752.1429   653      718.0000      752.1429   727051    4.76%
    285   228      752.1429   807      718.0000      752.1429   740797    4.76%
    293   233      752.1429   843      718.0000      752.1429   757861    4.76%
Elapsed time = 2889.55 sec. (339515.21 ticks, tree = 4.55 MB, solutions = 9)
    309   219      752.1429   901      718.0000      752.1429   728159    4.76%
    337   268      752.1429   784      718.0000      752.1429   973595    4.76%
    363   268      752.1429   678      718.0000      752.1429   918738    4.76%
    376   252      752.1429   613      718.0000      752.1429   859545    4.76%
    383   135      752.1429   577      718.0000      752.1429   554392    4.76%
    391   291      752.1429   654      718.0000      752.1429  1014379    4.76%
    409   342      752.1429   548      718.0000      752.1429  1146954    4.76%
    426   334      751.5952   305      718.0000      752.1429  1124573    4.76%
    450   359      752.1429   500      718.0000      752.1429  1214599    4.76%
    480   352      752.1429   475      718.0000      752.1429  1169790    4.76%
Elapsed time = 3068.87 sec. (349401.58 ticks, tree = 12.25 MB, solutions = 9)
    514   388    infeasible            718.0000      752.1429  1310948    4.76%
    562   399      752.1429   442      718.0000      752.1429  1331325    4.76%
    616   405      752.1429   216      718.0000      752.1429  1359449    4.76%
    670   447      752.1429   611      718.0000      752.1429  1445078    4.76%
    718   535      752.1429   426      718.0000      752.1429  1606326    4.76%
    778   538      752.1429   430      718.0000      752.1429  1614049    4.76%
    834   533      752.1429   389      718.0000      752.1429  1605824    4.76%
    895   479      752.1429   633      718.0000      752.1429  1528225    4.76%
    949   727      752.1429   366      718.0000      752.1429  2025303    4.76%
   1019   590      752.1429   290      718.0000      752.1429  1749770    4.76%
Elapsed time = 3196.89 sec. (359148.09 ticks, tree = 13.75 MB, solutions = 9)
   1089   787      752.1429   293      718.0000      752.1429  2212384    4.76%
   1159   699      752.1429   507      718.0000      752.1429  1947261    4.76%
   1223   822      752.1429   366      718.0000      752.1429  2336499    4.76%
   1295   910    infeasible            718.0000      752.1429  2571767    4.76%
   1346   964      752.1429   235      718.0000      752.1429  2762670    4.76%
   1411   977      752.1429   299      718.0000      752.1429  2793243    4.76%
   1491   935      750.5833   219      718.0000      752.1429  2664145    4.76%
   1559  1071      752.1429   240      718.0000      752.1429  3076699    4.76%
   1619  1176      751.1171   246      718.0000      752.1429  3335159    4.76%
   1673  1213      752.1429   231      718.0000      752.1429  3468778    4.76%
Elapsed time = 3317.27 sec. (368836.55 ticks, tree = 35.09 MB, solutions = 9)
   1739  1283    infeasible            718.0000      752.1429  3696569    4.76%
   1794  1182    infeasible            718.0000      752.1429  3355244    4.76%
   1847  1199      752.1429   206      718.0000      752.1429  3421656    4.76%
   1900  1191      748.8095   193      718.0000      752.1429  3396104    4.76%
   1943  1291      752.1429   234      718.0000      752.1429  3751344    4.76%
   1983  1316      752.1429   458      718.0000      752.1429  3765912    4.76%
   2031  1449      752.1429   231      718.0000      752.1429  4353025    4.76%
   2084  1463      752.1429   280      718.0000      752.1429  4408036    4.76%
   2149  1420      752.1429   288      718.0000      752.1429  4181787    4.76%
   2223  1588    infeasible            718.0000      752.1429  5094054    4.76%
Elapsed time = 3442.01 sec. (378589.86 ticks, tree = 45.17 MB, solutions = 9)
   2280  1468      752.1429   273      718.0000      752.1429  4430672    4.76%
   2343  1557      749.0000   202      718.0000      752.1429  4892088    4.76%
*  2356+ 1562                          722.0000      752.1429             4.17%
Exception raised in listener 'MipGapPrinter': 'int' object is not callable, id=53
   2395  1567    infeasible            722.0000      752.1429  4986077    4.17%
   2443  1730      748.6875   211      722.0000      752.1429  5829927    4.17%
   2487  1569      749.9167   184      722.0000      752.1429  5001899    4.17%
   2540  1670      752.1429   301      722.0000      752.1429  5521907    4.17%
   2585  1779    infeasible            722.0000      752.1429  6267093    4.17%
   2638  1752      752.1190   213      722.0000      752.1429  6007250    4.17%
   2689  1776      751.9368   222      722.0000      752.1429  6226025    4.17%
   2744  1817    infeasible            722.0000      752.1429  6539173    4.17%
Elapsed time = 3554.34 sec. (388331.40 ticks, tree = 50.73 MB, solutions = 10)
   2799  1902      747.6855   224      722.0000      752.1429  7157713    4.17%
   2848  1820      749.0833   202      722.0000      752.1429  6551096    4.17%
   2909  1803      749.5787   224      722.0000      752.1429  6407263    4.17%
   2961  1927      752.1296   264      722.0000      752.1429  7290164    4.17%
   3006  1917    infeasible            722.0000      752.1429  7230570    4.17%
   3047  1959      751.2500   293      722.0000      752.1429  7607837    4.17%
   3080  1963      746.2262   247      722.0000      752.1429  7672479    4.17%
   3126  2008      751.3884   243      722.0000      752.1429  7988762    4.17%
   3172  2009      751.0412   205      722.0000      752.1429  7995600    4.17%
   3222  2024      750.7778   151      722.0000      752.1429  8151141    4.17%
Elapsed time = 3683.73 sec. (398041.30 ticks, tree = 54.06 MB, solutions = 10)
   3263  2076      752.1429   239      722.0000      752.1429  8519532    4.17%
   3315  2025      749.2778   151      722.0000      752.1429  8162806    4.17%
   3369  2035      752.1429   188      722.0000      752.1429  8226300    4.17%
   3409  2132    infeasible            722.0000      752.1429  8996090    4.17%
   3459  2132    infeasible            722.0000      752.1429  9004942    4.17%
   3508  2151      750.9286   267      722.0000      752.1429  9211480    4.17%
   3549  2142    infeasible            722.0000      752.1429  9120932    4.17%
   3601  2203    infeasible            722.0000      752.1429  9656655    4.17%
   3651  2155    infeasible            722.0000      752.1429  9236394    4.17%
   3861  2277    infeasible            722.0000      752.1429 10175585    4.17%
Elapsed time = 3829.17 sec. (410517.94 ticks, tree = 62.66 MB, solutions = 10)
   4005  2371      743.3743   208      722.0000      752.1429 11163774    4.17%
   4180  2476      752.0754   166      722.0000      752.1429 12067059    4.17%
   4349  2507      742.5247   149      722.0000      752.1429 12161491    4.17%
   4511  2603      743.8333   118      722.0000      752.1429 12723633    4.17%
   4712  2727      747.8046   238      722.0000      752.1429 13506509    4.17%
   4887  2838      733.0833   115      722.0000      752.1429 14172158    4.17%
   5051  3011    infeasible            722.0000      752.1429 15204196    4.17%
   5264  3047    infeasible            722.0000      752.1429 15342489    4.17%
   5443  3260      743.0833   140      722.0000      752.1429 16169656    4.17%
   5623  3378      743.1667    54      722.0000      752.1429 16664636    4.17%
Elapsed time = 4379.10 sec. (448942.61 ticks, tree = 92.49 MB, solutions = 10)
*  5751+ 3378                          734.0000      752.1429             2.47%
   5799  3447        cutoff            734.0000      752.1429 16881481    2.47%
   5999  3343      738.6667    34      734.0000      752.1429 17286943    2.47%
Exception raised in listener 'MipGapPrinter': 'int' object is not callable, id=63
   6169  3471      742.3611    97      734.0000      752.1429 18053238    2.47%
   6318  3590      752.1429   210      734.0000      752.1429 18710387    2.47%
   6450  3658      751.2779   260      734.0000      752.1429 19030163    2.47%
   6590  3711      747.2778   198      734.0000      752.1429 19234213    2.47%
   6718  3825      744.3214   249      734.0000      752.1429 19879556    2.47%
   6872  3797      752.1315   250      734.0000      752.1429 19775415    2.47%
   7039  4076      750.5119   328      734.0000      752.1429 21297905    2.47%
   7205  4081      750.0000   201      734.0000      752.1429 21250669    2.47%
Elapsed time = 5160.97 sec. (487396.50 ticks, tree = 112.26 MB, solutions = 11)
*  7306+ 4202                          740.0000      752.1429             1.64%
   7313  4244      749.6429   356      740.0000      752.1429 22150062    1.64%
   7398  3823    infeasible            740.0000      752.1429 22587547    1.64%
   7479  4258      739.1944   140      740.0000      752.1429 22320364    1.64%
Exception raised in listener 'MipGapPrinter': 'int' object is not callable, id=68
   7516  4020      752.1429   289      740.0000      752.1429 24521251    1.64%
   7517  4021      752.1429   552      740.0000      752.1429 24530492    1.64%
   7518  4022      752.1429   524      740.0000      752.1429 24540020    1.64%
   7519  4023      752.1429   696      740.0000      752.1429 24550393    1.64%
   7524  1509      752.1429   507      740.0000      752.1429 24529706    1.64%
   7529  1518      752.1429   754      740.0000      752.1429 24577459    1.64%
   7542   360    infeasible            740.0000      752.1429 24603106    1.64%
Elapsed time = 8435.84 sec. (787663.85 ticks, tree = 11.04 MB, solutions = 12)
   7543   114      752.1429   707      740.0000      752.1429 24554691    1.64%
   7548    47      752.1429   727      740.0000      752.1429 24611413    1.64%
   7591    36      752.1429   625      740.0000      752.1429 24625604    1.64%
   7684    50      752.1429   556      740.0000      752.1429 24652022    1.64%
   7808    48      752.1429   579      740.0000      752.1429 24643779    1.64%
   7955   275      752.1429   547      740.0000      752.1429 25102206    1.64%
   8149   419      752.1429   568      740.0000      752.1429 25519252    1.64%
   8245   411    infeasible            740.0000      752.1429 25533923    1.64%
   8350   569    infeasible            740.0000      752.1429 26097586    1.64%
   8520   592      752.1429   488      740.0000      752.1429 26239982    1.64%
Elapsed time = 9266.31 sec. (832270.77 ticks, tree = 7.32 MB, solutions = 12)
   8649   680    infeasible            740.0000      752.1429 26705812    1.64%
   8776   791      751.6071   240      740.0000      752.1429 27059495    1.64%
   8915   798      751.6071   227      740.0000      752.1429 27089456    1.64%
   9071   913      752.1429   188      740.0000      752.1429 27764703    1.64%
   9269  1024      752.1429   597      740.0000      752.1429 28272961    1.64%
   9437  1080      752.1429   298      740.0000      752.1429 28592679    1.64%
   9608  1102      747.6667   193      740.0000      752.1429 28805829    1.64%
   9801  1327    infeasible            740.0000      752.1429 30296859    1.64%
  10026  1329      751.7262   256      740.0000      752.1429 30332099    1.64%
  10256  1470      749.4702   307      740.0000      752.1429 31255302    1.64%
Elapsed time = 10171.85 sec. (870593.57 ticks, tree = 31.14 MB, solutions = 12)
  10454  1438      742.3840   310      740.0000      752.1429 31092105    1.64%
  10687  1592      752.0754   269      740.0000      752.1429 32015228    1.64%
  10852  1783      751.2262   330      740.0000      752.1429 33103659    1.64%
  11004  1757      750.3589   190      740.0000      752.1429 32973960    1.64%
  11162  1943      742.6290   189      740.0000      752.1429 33434115    1.64%
  11290  1915      747.8222   325      740.0000      752.1429 33388196    1.64%
  11429  2013      751.5454   348      740.0000      752.1429 33556272    1.64%
  11525  2188      749.7706   306      740.0000      752.1429 33934703    1.64%
  11638  2211      745.8778   243      740.0000      752.1429 33938148    1.64%
  11746  2226      746.1295   214      740.0000      752.1429 34066599    1.64%
Elapsed time = 10983.17 sec. (909068.01 ticks, tree = 142.36 MB, solutions = 12)
  11814  2348      746.7872   310      740.0000      752.1429 34368363    1.64%
  11897  2308      748.4095   263      740.0000      752.1429 34327446    1.64%
  11930  2430      747.1429   326      740.0000      752.1429 34636140    1.64%
  11996  2398      750.7222   237      740.0000      752.1429 34565663    1.64%
  12088  2471      750.4683   206      740.0000      752.1429 34867488    1.64%
  12169  2554      751.1592   217      740.0000      752.1429 35180488    1.64%
  12234  2580      752.1119   244      740.0000      752.1429 35409287    1.64%
  12319  2593      751.4524   253      740.0000      752.1429 35500449    1.64%
  12383  2674      741.7746   298      740.0000      752.1429 35803785    1.64%
  12464  2695      752.0435   265      740.0000      752.1429 35907105    1.64%
Elapsed time = 11751.59 sec. (947499.07 ticks, tree = 245.47 MB, solutions = 12)
  12529  2759    infeasible            740.0000      752.1429 36318581    1.64%
  12604  2839      751.6567   309      740.0000      752.1429 36579837    1.64%
  12641  2818      752.1181   195      740.0000      752.1429 36548271    1.64%
  12707  2871      752.1429   260      740.0000      752.1429 36792227    1.64%
  12737  2937      750.9808   328      740.0000      752.1429 36914315    1.64%
  12792  3025      743.8998   287      740.0000      752.1429 37164579    1.64%
  12871  3041      750.0743   277      740.0000      752.1429 37310403    1.64%
  12949  3038      750.9035   273      740.0000      752.1429 37289347    1.64%
  13012  3078      748.6353   338      740.0000      752.1429 37427446    1.64%
  13102  3099      751.6528   284      740.0000      752.1429 37644173    1.64%
Elapsed time = 12557.39 sec. (986372.66 ticks, tree = 302.95 MB, solutions = 12)
  13231  3242      751.6662   324      740.0000      752.1429 38223878    1.64%
  13328  3187    infeasible            740.0000      752.1429 38156697    1.64%
  13439  3333      750.5813   346      740.0000      752.1429 38451828    1.64%
  13523  3382      750.5525   361      740.0000      752.1429 38501825    1.64%
  13577  3393      750.3876   300      740.0000      752.1429 38503432    1.64%
  13662  3413      750.6854   262      740.0000      752.1429 38536093    1.64%
  13784  3493      745.3611   229      740.0000      752.1429 38683669    1.64%
  13938  3520      743.7896   250      740.0000      752.1429 38688935    1.64%
  14101  3792      743.4705   174      740.0000      752.1429 38972249    1.64%
  14196  3631      750.2740   352      740.0000      752.1429 38825530    1.64%
Elapsed time = 13247.14 sec. (1024901.15 ticks, tree = 617.57 MB, solutions = 12)
  14301  3736      750.8293   313      740.0000      752.1429 38970120    1.64%
  14416  3798      744.7778   293      740.0000      752.1429 39001523    1.64%
  14497  4075      751.1190   295      740.0000      752.1429 39453596    1.64%
  14533  3839      750.8619   299      740.0000      752.1429 39090681    1.64%
  14580  4094      748.8038   336      740.0000      752.1429 39462512    1.64%
  14668  4265      749.7232   361      740.0000      752.1429 39731587    1.64%
  14774  4339      744.5556   280      740.0000      752.1429 39785991    1.64%
  14890  4375      751.2381   370      740.0000      752.1429 39876307    1.64%
  14935  4472      749.4684   280      740.0000      752.1429 40027996    1.64%
  15004  4366      750.9111   286      740.0000      752.1429 39805011    1.64%
Elapsed time = 13945.11 sec. (1063683.34 ticks, tree = 844.09 MB, solutions = 12)
  15113  4607      743.6931   304      740.0000      752.1429 40234797    1.64%
  15192  4665      747.4660   370      740.0000      752.1429 40385228    1.64%
  15283  4654      747.6046   245      740.0000      752.1429 40337319    1.64%
  15356  4668      742.6552   296      740.0000      752.1429 40342263    1.64%
  15432  4759      742.5624   227      740.0000      752.1429 40642598    1.64%
  15520  4648      750.4167   255      740.0000      752.1429 40373894    1.64%
  15585  4930    infeasible            740.0000      752.1429 40936594    1.64%
  15645  4610      752.1429   358      740.0000      752.1429 40248009    1.64%
  15687  4828      750.7262   291      740.0000      752.1429 40761093    1.64%
  15700  4946      747.2500   221      740.0000      752.1429 40926705    1.64%
Elapsed time = 14400.73 sec. (1102547.43 ticks, tree = 1046.94 MB, solutions = 12)

GUB cover cuts applied:  611
Clique cuts applied:  7
Cover cuts applied:  186
Implied bound cuts applied:  476
Flow cuts applied:  2
Mixed integer rounding cuts applied:  54
Zero-half cuts applied:  194
Lift and project cuts applied:  7
Gomory fractional cuts applied:  99

Root node processing (before b&c):
  Real time             = 2438.95 sec. (307925.73 ticks)
Parallel b&c, 24 threads:
  Real time             = 11961.81 sec. (794720.55 ticks)
  Sync time (average)   = 2542.02 sec.
  Wait time (average)   =    0.73 sec.
                          ------------
Total (root+branch&cut) = 14400.77 sec. (1102646.28 ticks)
status  = time limit exceeded
time    = 14400.8 s.
problem = MILP
gap     = 1.64093%

Objective value: 740.0
[50, 50, 8, 2, 400, 123, 740, 752, 1.64, 14400.78]
number of spatial :  596
Heuristic Solution information :  [50, 50, 8, 2, 400, 123, 612, 16, 596]
