CPXPARAM_Read_DataCheck                          1
CPXPARAM_TimeLimit                               14400
Tried aggregator 2 times.
MIP Presolve eliminated 55737 rows and 176249 columns.
MIP Presolve modified 3172 coefficients.
Aggregator did 1516 substitutions.
Reduced MIP has 307524 rows, 114944 columns, and 1270534 nonzeros.
Reduced MIP has 109944 binaries, 0 generals, 0 SOSs, and 0 indicators.
Presolve time = 1.70 sec. (5501.23 ticks)
Probing time = 1.58 sec. (32.41 ticks)
Tried aggregator 1 time.
MIP Presolve eliminated 147000 rows and 3000 columns.
Reduced MIP has 160524 rows, 111944 columns, and 976534 nonzeros.
Reduced MIP has 109944 binaries, 0 generals, 0 SOSs, and 0 indicators.
Presolve time = 1.28 sec. (1274.47 ticks)
Probing time = 1.51 sec. (32.08 ticks)
Clique table members: 57806.
MIP emphasis: balance optimality and feasibility.
MIP search method: dynamic search.
Parallel mode: deterministic, using up to 24 threads.
Root relaxation solution time = 40.74 sec. (8868.61 ticks)

        Nodes                                         Cuts/
   Node  Left     Objective  IInf  Best Integer    Best Bound    ItCnt     Gap

*     0+    0                          676.0000     1530.0000           126.33%
      0     0     1530.0000   763      676.0000     1530.0000    92032  126.33%
Exception raised in listener 'MipGapPrinter': 'int' object is not callable, id=1
*     0+    0                         1098.0000     1530.0000            39.34%
Exception raised in listener 'MipGapPrinter': 'int' object is not callable, id=3
      0     0     1530.0000   907     1098.0000     Cuts: 291   114205   39.34%
      0     0     1530.0000   914     1098.0000     Cuts: 158   138855   39.34%
Heuristic still looking.
Heuristic still looking.
*     0+    0                         1158.0000     1530.0000            32.12%
*     0+    0                         1252.0000     1530.0000            22.20%
*     0+    0                         1268.0000     1530.0000            20.66%
Exception raised in listener 'MipGapPrinter': 'int' object is not callable, id=7
      0     2     1530.0000   460     1268.0000     1530.0000   138855   20.66%
Elapsed time = 1665.10 sec. (184092.22 ticks, tree = 0.02 MB, solutions = 5)
      1     3     1530.0000   743     1268.0000     1530.0000   156740   20.66%
      2     4     1530.0000   862     1268.0000     1530.0000   177485   20.66%
*     3+    1                         1282.0000     1530.0000            19.34%
*     3+    1                         1298.0000     1530.0000            17.87%
      3     3     1530.0000   740     1298.0000     1530.0000   156190   17.87%
Exception raised in listener 'MipGapPrinter': 'int' object is not callable, id=11
      4     5     1530.0000   904     1298.0000     1530.0000   200205   17.87%
*     5+    2                         1320.0000     1530.0000            15.91%
      5     6     1530.0000   922     1320.0000     1530.0000   219094   15.91%
      6     6    infeasible           1320.0000     1530.0000   242362   15.91%
*     7+    2                         1394.0000     1530.0000             9.76%
*     7+    2                         1398.0000     1530.0000             9.44%
*     7+    2                         1406.0000     1530.0000             8.82%
      7     7     1530.0000   965     1406.0000     1530.0000   239782    8.82%
*     8+    2                         1418.0000     1530.0000             7.90%
      8     8     1530.0000   966     1418.0000     1530.0000   272291    7.90%
      9     4     1530.0000   978     1418.0000     1530.0000   181021    7.90%
     10     9     1530.0000  1098     1418.0000     1530.0000   274621    7.90%
Elapsed time = 2456.72 sec. (260355.52 ticks, tree = 0.08 MB, solutions = 12)
Exception raised in listener 'MipGapPrinter': 'int' object is not callable, id=14
     11    11     1530.0000   988     1418.0000     1530.0000   299421    7.90%
     12    10     1530.0000   834     1418.0000     1530.0000   305139    7.90%
     14    14     1530.0000   902     1418.0000     1530.0000   309707    7.90%
     17    17     1530.0000   842     1418.0000     1530.0000   313884    7.90%
     18    18     1530.0000   753     1418.0000     1530.0000   315270    7.90%
     20    20     1530.0000   778     1418.0000     1530.0000   318396    7.90%
     22    22     1530.0000   728     1418.0000     1530.0000   322706    7.90%
     28    27     1530.0000   822     1418.0000     1530.0000   324922    7.90%
     30    29     1530.0000   783     1418.0000     1530.0000   328540    7.90%
     34    32     1530.0000   724     1418.0000     1530.0000   331449    7.90%
Elapsed time = 2925.17 sec. (279495.85 ticks, tree = 0.31 MB, solutions = 15)
     37    35     1530.0000   707     1418.0000     1530.0000   332714    7.90%
     42    38     1530.0000   752     1418.0000     1530.0000   336602    7.90%
     45    41     1530.0000   723     1418.0000     1530.0000   341162    7.90%
     49    31     1530.0000   892     1418.0000     1530.0000   361723    7.90%
     52    31     1530.0000   890     1418.0000     1530.0000   376389    7.90%
     54    33     1530.0000   920     1418.0000     1530.0000   379969    7.90%
     56    31     1530.0000   938     1418.0000     1530.0000   385371    7.90%
     61    36     1530.0000   865     1418.0000     1530.0000   386396    7.90%
     68    38     1530.0000   878     1418.0000     1530.0000   389989    7.90%
     71    41     1530.0000   691     1418.0000     1530.0000   404235    7.90%
Elapsed time = 3154.31 sec. (290812.72 ticks, tree = 0.73 MB, solutions = 19)
     77    36     1530.0000   852     1418.0000     1530.0000   388743    7.90%
     82    37     1530.0000   862     1418.0000     1530.0000   389397    7.90%
*    88+   18                         1448.0000     1530.0000             5.66%
     88    47     1530.0000   682     1448.0000     1530.0000   407875    5.66%
*    93+   18                         1452.0000     1530.0000             5.37%
     93    49     1530.0000   699     1452.0000     1530.0000   409143    5.37%
     98    50     1530.0000   683     1452.0000     1530.0000   410081    5.37%
    104    69     1530.0000   781     1452.0000     1530.0000   455274    5.37%
    115    41     1530.0000  1027     1452.0000     1530.0000   410423    5.37%
    126    57     1530.0000   647     1452.0000     1530.0000   447846    5.37%
*   129+   21                         1460.0000     1530.0000             4.79%
    139    92     1530.0000   590     1460.0000     1530.0000   470075    4.79%
    158    63     1530.0000   594     1460.0000     1530.0000   449875    4.79%
Elapsed time = 3299.67 sec. (301459.76 ticks, tree = 1.70 MB, solutions = 30)
    184    66     1530.0000   614     1460.0000     1530.0000   450937    4.79%
    207    97     1530.0000   643     1460.0000     1530.0000   472666    4.79%
    231    81     1530.0000   684     1460.0000     1530.0000   461671    4.79%
    253    22     1530.0000   727     1460.0000     1530.0000   324260    4.79%
    278    18     1530.0000   826     1460.0000     1530.0000   313971    4.79%
    299   116     1530.0000   735     1460.0000     1530.0000   500615    4.79%
    322   178     1530.0000   561     1460.0000     1530.0000   581065    4.79%
    352   151     1530.0000   613     1460.0000     1530.0000   553772    4.79%
    392   253     1530.0000   652     1460.0000     1530.0000   680957    4.79%
    425   194     1530.0000   684     1460.0000     1530.0000   590878    4.79%
Elapsed time = 3465.01 sec. (311410.86 ticks, tree = 5.65 MB, solutions = 36)
    460   173     1530.0000   686     1460.0000     1530.0000   576673    4.79%
    487   333     1530.0000   606     1460.0000     1530.0000   744277    4.79%
    523   280     1530.0000   600     1460.0000     1530.0000   703463    4.79%
    553   360     1530.0000   556     1460.0000     1530.0000   762044    4.79%
    587   342     1530.0000   593     1460.0000     1530.0000   747013    4.79%
Exception raised in listener 'MipGapPrinter': 'int' object is not callable, id=29
    625   380     1530.0000   502     1460.0000     1530.0000   776754    4.79%
    655   327     1530.0000   681     1460.0000     1530.0000   740916    4.79%
    683   100     1530.0000   617     1460.0000     1530.0000   473825    4.79%
    719   415     1530.0000   462     1460.0000     1530.0000   800404    4.79%
    757   572     1530.0000   628     1460.0000     1530.0000   876735    4.79%
Elapsed time = 3640.48 sec. (321099.56 ticks, tree = 18.61 MB, solutions = 40)
    786   452     1530.0000   706     1460.0000     1530.0000   813120    4.79%
    818   478     1530.0000   625     1460.0000     1530.0000   828593    4.79%
    851   439     1530.0000   601     1460.0000     1530.0000   811461    4.79%
    883   527     1530.0000   562     1460.0000     1530.0000   848324    4.79%
    915   604     1530.0000   628     1460.0000     1530.0000   903126    4.79%
    947   603    infeasible           1460.0000     1530.0000   899247    4.79%
    979   709     1530.0000   356     1460.0000     1530.0000   966493    4.79%
   1008   616     1530.0000   748     1460.0000     1530.0000   907352    4.79%
   1038   728     1530.0000   498     1460.0000     1530.0000   976237    4.79%
   1063   289     1530.0000   654     1460.0000     1530.0000   711302    4.79%
Elapsed time = 3882.05 sec. (330947.24 ticks, tree = 9.06 MB, solutions = 42)
   1089   699     1530.0000   564     1460.0000     1530.0000   958009    4.79%
   1117   659     1530.0000   614     1460.0000     1530.0000   934059    4.79%
   1140   690     1530.0000   501     1460.0000     1530.0000   952192    4.79%
   1164   661    infeasible           1460.0000     1530.0000   935997    4.79%
   1181   783     1530.0000   759     1460.0000     1530.0000  1006649    4.79%
   1201   891     1530.0000   453     1460.0000     1530.0000  1064026    4.79%
   1228   874     1530.0000   502     1460.0000     1530.0000  1055625    4.79%
   1255   878     1530.0000   467     1460.0000     1530.0000  1056655    4.79%
   1284   903     1530.0000   406     1460.0000     1530.0000  1068539    4.79%
   1316   883     1530.0000   478     1460.0000     1530.0000  1059653    4.79%
Elapsed time = 4076.48 sec. (340970.26 ticks, tree = 32.23 MB, solutions = 42)
   1347   869     1530.0000   479     1460.0000     1530.0000  1051550    4.79%
   1377   837     1530.0000   599     1460.0000     1530.0000  1035161    4.79%
   1406   968     1530.0000   503     1460.0000     1530.0000  1103282    4.79%
   1435  1004     1530.0000   544     1460.0000     1530.0000  1123464    4.79%
   1469   989     1530.0000   411     1460.0000     1530.0000  1115434    4.79%
   1497  1074     1530.0000   382     1460.0000     1530.0000  1161211    4.79%
   1535   997     1530.0000   400     1460.0000     1530.0000  1119182    4.79%
   1579  1084     1530.0000   380     1460.0000     1530.0000  1164059    4.79%
   1619  1003    infeasible           1460.0000     1530.0000  1122990    4.79%
   1663  1008     1530.0000   356     1460.0000     1530.0000  1124511    4.79%
Elapsed time = 4260.35 sec. (350805.74 ticks, tree = 39.04 MB, solutions = 42)
   1698  1160     1530.0000   401     1460.0000     1530.0000  1204211    4.79%
   1741  1170     1530.0000   676     1460.0000     1530.0000  1212481    4.79%
   1773  1166     1530.0000   428     1460.0000     1530.0000  1207345    4.79%
   1812  1200     1530.0000   735     1460.0000     1530.0000  1224710    4.79%
   1853  1306     1530.0000   385     1460.0000     1530.0000  1274047    4.79%
   1889  1279     1530.0000   577     1460.0000     1530.0000  1262190    4.79%
   1922  1204     1530.0000   468     1460.0000     1530.0000  1228638    4.79%
   1962  1343     1530.0000   370     1460.0000     1530.0000  1288731    4.79%
   1996  1271     1530.0000   439     1460.0000     1530.0000  1261048    4.79%
*  2127+ 1340                         1468.0000     1530.0000             4.22%
Exception raised in listener 'MipGapPrinter': 'int' object is not callable, id=31
   2160  1440    infeasible           1468.0000     1530.0000  1340287    4.22%
Elapsed time = 4479.23 sec. (363430.98 ticks, tree = 61.67 MB, solutions = 43)
   2416  1591     1530.0000   362     1468.0000     1530.0000  1425505    4.22%
   2698  1677     1530.0000   279     1468.0000     1530.0000  1475549    4.22%
   2996  1951     1530.0000   572     1468.0000     1530.0000  1614664    4.22%
   3323  2141    infeasible           1468.0000     1530.0000  1732098    4.22%
   3643  1925    infeasible           1468.0000     1530.0000  1605434    4.22%
   3970  2407     1530.0000   369     1468.0000     1530.0000  1879679    4.22%
   4256  2698     1526.2500   240     1468.0000     1530.0000  2027360    4.22%
   4552  2554    infeasible           1468.0000     1530.0000  1953642    4.22%
   4859  3260     1530.0000   220     1468.0000     1530.0000  2393354    4.22%
   5221  3440     1530.0000   276     1468.0000     1530.0000  2511213    4.22%
Elapsed time = 5346.63 sec. (401663.15 ticks, tree = 173.80 MB, solutions = 43)
   5484  3748     1530.0000   347     1468.0000     1530.0000  2690087    4.22%
   5726  3755     1530.0000   220     1468.0000     1530.0000  2692539    4.22%
   6002  3920     1530.0000   319     1468.0000     1530.0000  2819614    4.22%
   6146  3931    infeasible           1468.0000     1530.0000  2824897    4.22%
   6157  3420     1530.0000   628     1468.0000     1530.0000  2498019    4.22%

Clique cuts applied:  13
Cover cuts applied:  57
Implied bound cuts applied:  2240
Flow cuts applied:  4
Mixed integer rounding cuts applied:  259
Zero-half cuts applied:  146
Gomory fractional cuts applied:  37

Root node processing (before b&c):
  Real time             = 1560.30 sec. (183924.19 ticks)
Parallel b&c, 24 threads:
  Real time             = 12839.90 sec. (832698.28 ticks)
  Sync time (average)   = 1550.37 sec.
  Wait time (average)   =    0.00 sec.
                          ------------
Total (root+branch&cut) = 14400.21 sec. (1016622.47 ticks)
status  = time limit exceeded
time    = 14400.7 s.
problem = MILP
gap     = 4.22343%

Objective value: 1468.0
[50, 100, 8, 2, 400, 242, 1468, 1530, 4.22, 14400.7]
number of spatial :  1138
Heuristic Solution information :  [50, 100, 8, 2, 400, 208, 1154, 16, 1138]
