CPXPARAM_Read_DataCheck                          1
CPXPARAM_TimeLimit                               14400
Tried aggregator 2 times.
MIP Presolve eliminated 28279 rows and 230004 columns.
MIP Presolve modified 2192 coefficients.
Aggregator did 1516 substitutions.
Reduced MIP has 277018 rows, 61189 columns, and 893231 nonzeros.
Reduced MIP has 56189 binaries, 0 generals, 0 SOSs, and 0 indicators.
Presolve time = 0.93 sec. (5066.03 ticks)
Probing time = 0.47 sec. (18.49 ticks)
Tried aggregator 1 time.
MIP Presolve eliminated 196000 rows and 4000 columns.
Reduced MIP has 81018 rows, 57189 columns, and 501231 nonzeros.
Reduced MIP has 56189 binaries, 0 generals, 0 SOSs, and 0 indicators.
Presolve time = 0.50 sec. (703.41 ticks)
Probing time = 0.25 sec. (14.84 ticks)
Clique table members: 29421.
MIP emphasis: balance optimality and feasibility.
MIP search method: dynamic search.
Parallel mode: deterministic, using up to 24 threads.
Root relaxation solution time = 3.21 sec. (2518.03 ticks)

        Nodes                                         Cuts/
   Node  Left     Objective  IInf  Best Integer    Best Bound    ItCnt     Gap

*     0+    0                          814.0000     1530.0000            87.96%
      0     0     1452.5000   657      814.0000     1452.5000    38190   78.44%
Exception raised in listener 'MipGapPrinter': 'int' object is not callable, id=1
*     0+    0                         1092.0000     1452.5000            33.01%
Exception raised in listener 'MipGapPrinter': 'int' object is not callable, id=3
      0     0     1452.5000   804     1092.0000     Cuts: 626    49584   33.01%
      0     0     1442.8125   879     1092.0000     Cuts: 283    62958   32.13%
      0     0     1439.5833   980     1092.0000     Cuts: 536    76333   31.83%
*     0+    0                         1178.0000     1439.5833            22.21%
*     0+    0                         1218.0000     1439.5833            18.19%
*     0+    0                         1226.0000     1439.5833            17.42%
*     0+    0                         1230.0000     1439.5833            17.04%
*     0+    0                         1234.0000     1439.5833            16.66%
*     0+    0                         1238.0000     1439.5833            16.28%
Exception raised in listener 'MipGapPrinter': 'int' object is not callable, id=9
      0     0     1439.5556   935     1238.0000     Cuts: 470    90208   16.28%
      0     0     1437.8449  1072     1238.0000     Cuts: 558   103399   16.14%
      0     0     1434.0972   929     1238.0000     Cuts: 474   121843   15.84%
*     0+    0                         1274.0000     1434.0972            12.57%
*     0+    0                         1304.0000     1434.0972             9.98%
*     0+    0                         1316.0000     1434.0972             8.97%
*     0+    0                         1322.0000     1434.0972             8.48%
*     0+    0                         1326.0000     1434.0972             8.15%
Exception raised in listener 'MipGapPrinter': 'int' object is not callable, id=16
      0     0     1429.5370   991     1326.0000     Cuts: 473   136525    7.81%
      0     0     1428.7745   958     1326.0000     Cuts: 491   148937    7.75%
      0     0     1427.9874   827     1326.0000     Cuts: 461   164288    7.69%
      0     0     1427.6111   964     1326.0000     Cuts: 508   177965    7.66%
      0     0     1427.2917   924     1326.0000     Cuts: 447   192556    7.64%
      0     0     1426.0325   982     1326.0000     Cuts: 488   208045    7.54%
*     0+    0                         1338.0000     1426.0325             6.58%
*     0+    0                         1340.0000     1426.0325             6.42%
*     0+    0                         1350.0000     1426.0325             5.63%
*     0+    0                         1356.0000     1426.0325             5.16%
Exception raised in listener 'MipGapPrinter': 'int' object is not callable, id=29
      0     0     1425.3426   960     1356.0000     Cuts: 405   222811    5.11%
      0     0     1424.3075   966     1356.0000     Cuts: 425   238686    5.04%
      0     0     1422.1389   864     1356.0000     Cuts: 447   256561    4.88%
      0     0     1418.4893   959     1356.0000     Cuts: 409   271063    4.61%
      0     0     1416.6667   879     1356.0000     Cuts: 399   283807    4.47%
      0     0     1415.7333   983     1356.0000     Cuts: 395   298997    4.41%
      0     0     1414.6498   977     1356.0000     Cuts: 400   317556    4.33%
      0     0     1413.0698   867     1356.0000     Cuts: 411   330777    4.21%
      0     0     1412.5111   952     1356.0000     Cuts: 425   347713    4.17%
      0     0     1411.4549  1075     1356.0000     Cuts: 417   363734    4.09%
      0     0     1410.3773   918     1356.0000     Cuts: 411   379327    4.01%
      0     0     1409.8889   870     1356.0000     Cuts: 372   393789    3.97%
*     0+    0                         1358.0000     1409.8889             3.82%
*     0+    0                         1364.0000     1409.8889             3.36%
*     0+    0                         1366.0000     1409.8889             3.21%
Exception raised in listener 'MipGapPrinter': 'int' object is not callable, id=54
      0     0     1408.4236   995     1366.0000     Cuts: 383   413799    3.11%
      0     0     1406.7667   878     1366.0000     Cuts: 412   429090    2.98%
      0     0     1405.5531   898     1366.0000     Cuts: 321   447887    2.90%
      0     0     1404.4240   810     1366.0000     Cuts: 338   465016    2.81%
      0     0     1403.6389   847     1366.0000     Cuts: 327   480392    2.76%
      0     0     1402.9349   917     1366.0000     Cuts: 367   494250    2.70%
*     0+    0                         1372.0000     1402.9349             2.25%
*     0+    0                         1374.0000     1402.9349             2.11%
*     0+    0                         1376.0000     1402.9349             1.96%
Exception raised in listener 'MipGapPrinter': 'int' object is not callable, id=67
      0     0     1402.2778   906     1376.0000     Cuts: 364   507887    1.91%
      0     0     1402.0256   947     1376.0000     Cuts: 394   521339    1.89%
Heuristic still looking.
Heuristic still looking.
*     0+    0                         1378.0000     1402.0256             1.74%
Exception raised in listener 'MipGapPrinter': 'int' object is not callable, id=72
      0     2     1402.0256   490     1378.0000     1402.0256   521339    1.74%
Elapsed time = 5308.32 sec. (644146.38 ticks, tree = 0.02 MB, solutions = 24)
      1     3     1402.0256   608     1378.0000     1402.0256   529961    1.74%
      2     4     1402.0256   665     1378.0000     1402.0256   540915    1.74%
      3     5     1402.0256   672     1378.0000     1402.0256   550291    1.74%
      4     6     1402.0256   746     1378.0000     1402.0256   561855    1.74%
      5     5     1402.0256   567     1378.0000     1402.0256   551772    1.74%
      6     4     1402.0256   672     1378.0000     1402.0256   541064    1.74%
      8     7     1402.0256   652     1378.0000     1402.0256   573284    1.74%
      9     8     1402.0256   713     1378.0000     1402.0256   584127    1.74%
     10     9     1402.0256   733     1378.0000     1402.0256   594412    1.74%
     11    11     1402.0256   631     1378.0000     1402.0256   617850    1.74%
Elapsed time = 6236.89 sec. (689606.02 ticks, tree = 0.04 MB, solutions = 24)
     13     8     1402.0256   662     1378.0000     1402.0256   583617    1.74%
     14    12     1402.0256   665     1378.0000     1402.0256   629229    1.74%
     15    13     1402.0256   712     1378.0000     1402.0256   639505    1.74%
     18    11     1402.0256   649     1378.0000     1402.0256   618142    1.74%
     20    12     1402.0256   737     1378.0000     1402.0256   628898    1.74%
     21    17     1402.0256   618     1378.0000     1402.0256   686283    1.74%
     25    18     1402.0256   623     1378.0000     1402.0256   695733    1.74%
     27    19     1402.0256   764     1378.0000     1402.0256   710846    1.74%
     28    23     1402.0256   730     1378.0000     1402.0256   755277    1.74%
     31    21     1402.0256   694     1378.0000     1402.0256   734224    1.74%
Elapsed time = 6771.34 sec. (708742.93 ticks, tree = 0.04 MB, solutions = 24)
     34    25     1402.0256   644     1378.0000     1402.0256   781816    1.74%
     37    17     1402.0256   686     1378.0000     1402.0256   684335    1.74%
     40    28     1402.0256   695     1378.0000     1402.0256   818031    1.74%
     41    32     1402.0256   657     1378.0000     1402.0256   859715    1.74%
     45    20     1402.0256   688     1378.0000     1402.0256   723285    1.74%
     50    38     1402.0256   700     1378.0000     1402.0256   934469    1.74%
     53    42     1402.0256   707     1378.0000     1402.0256   979477    1.74%
     58    37     1402.0256   729     1378.0000     1402.0256   922651    1.74%
     59    39     1402.0256   747     1378.0000     1402.0256   944523    1.74%
     62    25     1402.0256   735     1378.0000     1402.0256   781244    1.74%
Elapsed time = 7409.75 sec. (726642.84 ticks, tree = 0.02 MB, solutions = 24)
     69    51     1402.0256   751     1378.0000     1402.0256  1086530    1.74%
     71    42     1402.0256   708     1378.0000     1402.0256   979196    1.74%
     73    39     1402.0256   738     1378.0000     1402.0256   947953    1.74%
     76    52     1402.0256   753     1378.0000     1402.0256  1099055    1.74%
     82    46     1402.0256   734     1378.0000     1402.0256  1025238    1.74%
     83    49     1402.0256   639     1378.0000     1402.0256  1060494    1.74%
     86    54     1402.0256   791     1378.0000     1402.0256  1122701    1.74%
     89    51     1402.0256   708     1378.0000     1402.0256  1086490    1.74%
     94    66     1402.0256   628     1378.0000     1402.0256  1288684    1.74%
     95    24     1402.0256   698     1378.0000     1402.0256   768465    1.74%
Elapsed time = 7850.74 sec. (739857.80 ticks, tree = 0.02 MB, solutions = 24)
     96    62     1402.0256   766     1378.0000     1402.0256  1242590    1.74%
    102    53     1402.0256   689     1378.0000     1402.0256  1110853    1.74%
    105    60     1402.0256   641     1378.0000     1402.0256  1199593    1.74%
    111    83     1402.0256   663     1378.0000     1402.0256  1489134    1.74%
    115    77     1402.0256   736     1378.0000     1402.0256  1418100    1.74%
    118    81     1402.0256   677     1378.0000     1402.0256  1467673    1.74%
    122    68     1402.0256   704     1378.0000     1402.0256  1312909    1.74%
    126    90     1402.0256   675     1378.0000     1402.0256  1574869    1.74%
    129    93     1402.0256   756     1378.0000     1402.0256  1606122    1.74%
    133    78     1402.0256   720     1378.0000     1402.0256  1427502    1.74%
Elapsed time = 8263.94 sec. (754928.92 ticks, tree = 0.67 MB, solutions = 24)
    135   102     1402.0256   704     1378.0000     1402.0256  1715689    1.74%
    138    80     1402.0256   778     1378.0000     1402.0256  1454509    1.74%
    141    85     1402.0256   740     1378.0000     1402.0256  1512861    1.74%
    144   111     1402.0256   670     1378.0000     1402.0256  1824912    1.74%
    149   109     1402.0256   762     1378.0000     1402.0256  1803343    1.74%
    153    92     1402.0256   761     1378.0000     1402.0256  1600314    1.74%
    156   121     1402.0256   725     1378.0000     1402.0256  1948342    1.74%
    158   103     1402.0256   647     1378.0000     1402.0256  1728546    1.74%
    161   119     1402.0256   599     1378.0000     1402.0256  1926612    1.74%
    163   108     1402.0256   580     1378.0000     1402.0256  1791325    1.74%
Elapsed time = 8553.93 sec. (767552.90 ticks, tree = 0.70 MB, solutions = 24)
    166   129     1402.0256   658     1378.0000     1402.0256  2038587    1.74%
    172   127     1402.0256   649     1378.0000     1402.0256  2015799    1.74%
    175   110     1402.0256   832     1378.0000     1402.0256  1815879    1.74%
    178   137     1402.0256   717     1378.0000     1402.0256  2134861    1.74%
    180   118     1402.0256   679     1378.0000     1402.0256  1916395    1.74%
    186   125     1402.0256   674     1378.0000     1402.0256  1989880    1.74%
    190   153     1402.0256   655     1378.0000     1402.0256  2325493    1.74%
    192   157     1402.0256   758     1378.0000     1402.0256  2367390    1.74%
    196   154     1402.0256   606     1378.0000     1402.0256  2347108    1.74%
    201   167     1402.0256   663     1378.0000     1402.0256  2495960    1.74%
Elapsed time = 8858.19 sec. (781650.33 ticks, tree = 1.43 MB, solutions = 24)
    204   138     1402.0256   730     1378.0000     1402.0256  2147047    1.74%
    207   169     1402.0256   655     1378.0000     1402.0256  2517021    1.74%
    210   154     1402.0256   596     1378.0000     1402.0256  2336489    1.74%
    213   175     1402.0256   583     1378.0000     1402.0256  2591425    1.74%
    217   170     1402.0256   811     1378.0000     1402.0256  2531646    1.74%
    219   144     1402.0256   672     1378.0000     1402.0256  2225693    1.74%
    223   171     1402.0256   811     1378.0000     1402.0256  2545878    1.74%
    225   161     1402.0256   691     1378.0000     1402.0256  2419640    1.74%
    228   168     1402.0256   686     1378.0000     1402.0256  2507523    1.74%
    231   189     1402.0256   704     1378.0000     1402.0256  2753482    1.74%
Elapsed time = 9074.39 sec. (793839.31 ticks, tree = 1.62 MB, solutions = 24)
    234   190     1402.0256   717     1378.0000     1402.0256  2768110    1.74%
    238   200     1402.0256   660     1378.0000     1402.0256  2878897    1.74%
    241   188     1402.0256   670     1378.0000     1402.0256  2739305    1.74%
    244   202     1402.0256   741     1378.0000     1402.0256  2916159    1.74%
    249   207     1402.0256   705     1378.0000     1402.0256  2979509    1.74%
    252   193     1402.0256   717     1378.0000     1402.0256  2802602    1.74%
    256   201     1402.0256   645     1378.0000     1402.0256  2888980    1.74%
    259   205     1402.0256   674     1378.0000     1402.0256  2950297    1.74%
    262   190     1402.0256   784     1378.0000     1402.0256  2767050    1.74%
    264   222     1402.0256   648     1378.0000     1402.0256  3140757    1.74%
Elapsed time = 9319.03 sec. (807181.38 ticks, tree = 1.97 MB, solutions = 24)
    268   218     1402.0256   710     1378.0000     1402.0256  3098828    1.74%
    273   234     1402.0256   616     1378.0000     1402.0256  3275324    1.74%
    278   226     1402.0256   756     1378.0000     1402.0256  3187735    1.74%
    281   232     1402.0256   660     1378.0000     1402.0256  3256078    1.74%
    283   250     1402.0256   557     1378.0000     1402.0256  3467509    1.74%
    285   223     1402.0256   674     1378.0000     1402.0256  3149613    1.74%
    289   234     1402.0256   698     1378.0000     1402.0256  3282769    1.74%
    293   258     1402.0256   634     1378.0000     1402.0256  3557039    1.74%
    297   239     1402.0256   662     1378.0000     1402.0256  3325551    1.74%
    307   265     1402.0256   635     1378.0000     1402.0256  3630799    1.74%
Elapsed time = 9659.29 sec. (822672.75 ticks, tree = 3.89 MB, solutions = 24)
    317   253     1402.0256   721     1378.0000     1402.0256  3507680    1.74%
    330   252     1402.0256   757     1378.0000     1402.0256  3496010    1.74%
    341   266     1402.0256   541     1378.0000     1402.0256  3651170    1.74%
    355   297     1402.0256   583     1378.0000     1402.0256  3977699    1.74%
    370   267     1402.0256   525     1378.0000     1402.0256  3662877    1.74%
    382   312     1402.0256   711     1378.0000     1402.0256  4139726    1.74%
    392   312     1402.0256   535     1378.0000     1402.0256  4123870    1.74%
    405   325     1402.0256   756     1378.0000     1402.0256  4283384    1.74%
    419   313     1402.0256   788     1378.0000     1402.0256  4153738    1.74%
    434   359     1402.0256   651     1378.0000     1402.0256  4679026    1.74%
Elapsed time = 10466.79 sec. (863472.61 ticks, tree = 8.45 MB, solutions = 24)
    449   351     1402.0256   616     1378.0000     1402.0256  4589350    1.74%
    458   375     1402.0256   607     1378.0000     1402.0256  4843518    1.74%
    472   385     1402.0256   580     1378.0000     1402.0256  4944161    1.74%
    483   376     1402.0256   613     1378.0000     1402.0256  4854419    1.74%
    501   445     1402.0256   570     1378.0000     1402.0256  5545937    1.74%
    541   427     1402.0256   838     1378.0000     1402.0256  5396729    1.74%
    585   476     1402.0256   357     1378.0000     1402.0256  5792703    1.74%
    653   483     1402.0256   556     1378.0000     1402.0256  5977571    1.74%
    757   445     1402.0256   514     1378.0000     1402.0256  5543376    1.74%
    860   486     1402.0256   675     1378.0000     1402.0256  6052144    1.74%
Elapsed time = 11197.77 sec. (902516.36 ticks, tree = 11.43 MB, solutions = 24)
    973   643     1402.0256   386     1378.0000     1402.0256  6500709    1.74%
   1093   533    infeasible           1378.0000     1402.0256  6188156    1.74%
   1248   500     1402.0256   384     1378.0000     1402.0256  5919582    1.74%
   1414   639     1402.0256   361     1378.0000     1402.0256  6438808    1.74%
   1538   650     1402.0256   546     1378.0000     1402.0256  6623041    1.74%
   1720   828     1402.0256   302     1378.0000     1402.0256  6996426    1.74%
   1916  1044    infeasible           1378.0000     1402.0256  7706754    1.74%
   2105   738    infeasible           1378.0000     1402.0256  6819229    1.74%
   2298  1004     1401.6923   292     1378.0000     1402.0256  7572942    1.74%
   2483  1063    infeasible           1378.0000     1402.0256  7772763    1.74%
Elapsed time = 11673.91 sec. (940917.97 ticks, tree = 25.20 MB, solutions = 24)
   2663  1254    infeasible           1378.0000     1402.0256  8205396    1.74%
   2853  1191     1402.0256   307     1378.0000     1402.0256  8085706    1.74%
   3115  1629     1402.0256   434     1378.0000     1402.0256  9274522    1.74%
   3378  1661     1402.0256   306     1378.0000     1402.0256  9354544    1.74%
   3671  1589    infeasible           1378.0000     1402.0256  9115509    1.74%
   3947  1667    infeasible           1378.0000     1402.0256  9343863    1.74%
   4227  1787     1400.6517   346     1378.0000     1402.0256  9674987    1.74%
   4476  1943     1393.9444   162     1378.0000     1402.0256 10216158    1.74%
   4690  1734    infeasible           1378.0000     1402.0256  9559069    1.74%
   4915  1900     1396.1389   184     1378.0000     1402.0256 10100304    1.74%
Elapsed time = 12168.05 sec. (979180.30 ticks, tree = 46.87 MB, solutions = 24)
   5150  3064     1398.7639   227     1378.0000     1402.0256 13935855    1.74%
   5368  2918    infeasible           1378.0000     1402.0256 13397780    1.74%
   5572  2801     1391.6111   244     1378.0000     1402.0256 12968032    1.74%
   5793  3195    infeasible           1378.0000     1402.0256 14383741    1.74%
   6069  3455     1394.2440   294     1378.0000     1402.0256 15419395    1.74%
   6352  3344     1402.0256   393     1378.0000     1402.0256 14952680    1.74%
   6560  3417     1398.9583   281     1378.0000     1402.0256 15223263    1.74%
   6768  3712    infeasible           1378.0000     1402.0256 16175963    1.74%
   6962  3750     1385.7063   122     1378.0000     1402.0256 16392515    1.74%
   7176  4290     1402.0256   291     1378.0000     1402.0256 17872378    1.74%
Elapsed time = 12716.79 sec. (1017471.50 ticks, tree = 113.43 MB, solutions = 24)
   7330  3837     1397.0833   224     1378.0000     1402.0256 16693414    1.74%
   7546  4031     1401.9812   264     1378.0000     1402.0256 17323903    1.74%
   7788  4427    infeasible           1378.0000     1402.0256 18298931    1.74%
   8049  4702     1387.1990   190     1378.0000     1402.0256 19236132    1.74%
   8286  4989     1401.5466   248     1378.0000     1402.0256 20134424    1.74%
   8510  4808     1400.9744   265     1378.0000     1402.0256 19425335    1.74%
   8720  5547     1400.6389   259     1378.0000     1402.0256 21992737    1.74%
   8977  5377     1381.1111   217     1378.0000     1402.0256 21357589    1.74%
   9255  5470     1402.0256   314     1378.0000     1402.0256 21644461    1.74%
   9505  5146     1396.0962   258     1378.0000     1402.0256 20533786    1.74%
Elapsed time = 13073.74 sec. (1055783.16 ticks, tree = 138.48 MB, solutions = 24)
   9750  5936     1398.5530   215     1378.0000     1402.0256 22720960    1.74%
   9992  6119     1401.7778   194     1378.0000     1402.0256 22986578    1.74%
  10227  6287     1402.0256   328     1378.0000     1402.0256 23393512    1.74%
  10452  5727    infeasible           1378.0000     1402.0256 22413005    1.74%
  10695  6509    infeasible           1378.0000     1402.0256 24017909    1.74%
  10908  6601     1397.8750   267     1378.0000     1402.0256 24293282    1.74%
  11142  6766     1393.7306   260     1378.0000     1402.0256 24660242    1.74%
  11362  6553     1397.2870   235     1378.0000     1402.0256 24051642    1.74%
  11511  6781     1390.6598   244     1378.0000     1402.0256 24682643    1.74%
  11658  7719     1391.2167   167     1378.0000     1402.0256 25863324    1.74%
Elapsed time = 13369.40 sec. (1094112.71 ticks, tree = 216.83 MB, solutions = 24)
  11870  7313     1383.6667   142     1378.0000     1402.0256 25321958    1.74%
  12102  7677     1397.9167   266     1378.0000     1402.0256 25831286    1.74%
  12357  7462     1394.3770   211     1378.0000     1402.0256 25518857    1.74%
  12557  7385     1401.1282   493     1378.0000     1402.0256 25457643    1.74%
  12808  8188     1401.8098   346     1378.0000     1402.0256 26384325    1.74%
  13028  8220     1393.3409   266     1378.0000     1402.0256 26397308    1.74%
  13140  8275     1399.1528   278     1378.0000     1402.0256 26450541    1.74%
  13245  8124     1402.0256   297     1378.0000     1402.0256 26299030    1.74%
  13342  8055     1390.0833   123     1378.0000     1402.0256 26253441    1.74%
  13461  8165     1380.9349   256     1378.0000     1402.0256 26362908    1.74%
Elapsed time = 13638.78 sec. (1132428.38 ticks, tree = 255.34 MB, solutions = 24)
  13517  8267     1393.2463   208     1378.0000     1402.0256 26448328    1.74%
  13562  8348     1401.7778   252     1378.0000     1402.0256 26587737    1.74%
  13569  8224     1392.3492   277     1378.0000     1402.0256 26402085    1.74%
  13570  7507     1379.8333   114     1378.0000     1402.0256 25542246    1.74%
  13571  8182     1398.5119   154     1378.0000     1402.0256 26363825    1.74%
  13572  7863     1402.0256   278     1378.0000     1402.0256 26004284    1.74%
  13573  8167     1392.4813   284     1378.0000     1402.0256 26364561    1.74%
  13574  8139     1400.7103   221     1378.0000     1402.0256 26316945    1.74%
  13575  8108     1398.4306   259     1378.0000     1402.0256 26251274    1.74%

GUB cover cuts applied:  662
Clique cuts applied:  30
Cover cuts applied:  106
Implied bound cuts applied:  3828
Flow cuts applied:  21
Mixed integer rounding cuts applied:  746
Zero-half cuts applied:  449
Lift and project cuts applied:  30
Gomory fractional cuts applied:  130

Root node processing (before b&c):
  Real time             = 5204.72 sec. (644081.74 ticks)
Parallel b&c, 24 threads:
  Real time             = 9195.73 sec. (873974.25 ticks)
  Sync time (average)   = 2550.49 sec.
  Wait time (average)   =    0.00 sec.
                          ------------
Total (root+branch&cut) = 14400.44 sec. (1518055.99 ticks)
status  = time limit exceeded
time    = 14401.8 s.
problem = MILP
gap     = 1.51278%

Objective value: 1378.0
[50, 100, 8, 2, 400, 233, 1378, 1398, 1.51, 14401.77]
number of spatial :  1060
Heuristic Solution information :  [50, 100, 8, 2, 400, 197, 1076, 16, 1060]
