CPXPARAM_Read_DataCheck                          1
CPXPARAM_TimeLimit                               14400
Tried aggregator 2 times.
MIP Presolve eliminated 14402 rows and 115015 columns.
MIP Presolve modified 1652 coefficients.
Aggregator did 1516 substitutions.
Reduced MIP has 139216 rows, 31178 columns, and 447231 nonzeros.
Reduced MIP has 28678 binaries, 0 generals, 0 SOSs, and 0 indicators.
Presolve time = 0.37 sec. (2551.03 ticks)
Probing time = 0.17 sec. (8.79 ticks)
Tried aggregator 1 time.
MIP Presolve eliminated 98000 rows and 2000 columns.
Reduced MIP has 41216 rows, 29178 columns, and 251231 nonzeros.
Reduced MIP has 28678 binaries, 0 generals, 0 SOSs, and 0 indicators.
Presolve time = 0.21 sec. (355.74 ticks)
Probing time = 0.15 sec. (6.87 ticks)
Clique table members: 14782.
MIP emphasis: balance optimality and feasibility.
MIP search method: dynamic search.
Parallel mode: deterministic, using up to 24 threads.
Root relaxation solution time = 1.15 sec. (1255.07 ticks)

        Nodes                                         Cuts/
   Node  Left     Objective  IInf  Best Integer    Best Bound    ItCnt     Gap

*     0+    0                          434.0000     1530.0000           252.53%
      0     0      983.2500   887      434.0000      983.2500    26686  126.56%
Exception raised in listener 'MipGapPrinter': 'int' object is not callable, id=1
*     0+    0                          572.0000      983.2500            71.90%
Exception raised in listener 'MipGapPrinter': 'int' object is not callable, id=3
      0     0      909.6291  1122      572.0000     Cuts: 873    33495   59.03%
      0     0      860.5309  1176      572.0000     Cuts: 755    40856   50.44%
      0     0      799.5923  1109      572.0000     Cuts: 807    48445   39.79%
*     0+    0                          578.0000      799.5923            38.34%
*     0+    0                          592.0000      799.5923            35.07%
Exception raised in listener 'MipGapPrinter': 'int' object is not callable, id=9
      0     0      755.8575   993      592.0000     Cuts: 600    58297   27.68%
      0     0      724.9066   978      592.0000     Cuts: 560    65901   22.45%
      0     0      708.7218  1036      592.0000     Cuts: 501    71481   19.72%
*     0+    0                          602.0000      708.7218            17.73%
*     0+    0                          612.0000      708.7218            15.80%
*     0+    0                          628.0000      708.7218            12.85%
Exception raised in listener 'MipGapPrinter': 'int' object is not callable, id=16
      0     0      700.8949   878      628.0000     Cuts: 362    76634   11.61%
      0     0      697.1310   769      628.0000     Cuts: 283    81522   11.01%
      0     0      696.5238   770      628.0000     Cuts: 204    86126   10.91%
*     0+    0                          655.0000      696.5238             6.34%
Exception raised in listener 'MipGapPrinter': 'int' object is not callable, id=23
      0     0      696.4762   936      655.0000     Cuts: 190    92951    6.33%
      0     0      696.4286   600      655.0000      Cuts: 24    96649    6.32%
      0     0      696.4286   587      655.0000     Cuts: 144   102890    6.32%
*     0+    0                          668.0000      696.4286             4.26%
*     0+    0                          675.0000      696.4286             3.17%
*     0+    0                          676.0000      696.4286             3.02%
Exception raised in listener 'MipGapPrinter': 'int' object is not callable, id=30
      0     0      696.4286   758      676.0000     Cuts: 143   107962    3.02%
Heuristic still looking.
*     0+    0                          679.0000      696.4286             2.57%
*     0+    0                          682.0000      696.4286             2.12%
*     0+    0                          690.0000      696.4286             0.93%
Exception raised in listener 'MipGapPrinter': 'int' object is not callable, id=33
      0     2      696.4286   758      690.0000      696.4286   107962    0.93%
Elapsed time = 135.43 sec. (83938.27 ticks, tree = 0.02 MB, solutions = 14)
      1     3      696.4286   657      690.0000      696.4286   111984    0.93%
      2     4      696.4286   578      690.0000      696.4286   113528    0.93%
      3     5      696.4286   573      690.0000      696.4286   114927    0.93%
      5     7      696.4286   635      690.0000      696.4286   116810    0.93%
      8    10      696.4286   576      690.0000      696.4286   119193    0.93%
     11    13      696.4286   521      690.0000      696.4286   121099    0.93%
     13    15      696.4286   421      690.0000      696.4286   123616    0.93%
     22    10      696.4286   572      690.0000      696.4286   119160    0.93%
     28    23      696.4286   591      690.0000      696.4286   132891    0.93%
    108    64      696.4286   739      690.0000      696.4286   198149    0.93%
Elapsed time = 149.71 sec. (87750.36 ticks, tree = 0.32 MB, solutions = 14)
    205   152      696.4286   467      690.0000      696.4286   353165    0.93%
    253   211      696.4286   646      690.0000      696.4286   472572    0.93%
    337   278      696.4286   623      690.0000      696.4286   599974    0.93%
    444   355      696.4286   378      690.0000      696.4286   738320    0.93%
    514   395      695.2778   179      690.0000      696.4286   808774    0.93%
    571   446      696.0794   317      690.0000      696.4286   927206    0.93%
    641   532      696.4286   590      690.0000      696.4286  1046112    0.93%
    743   561      694.1803   240      690.0000      696.4286  1097603    0.93%
    865   651    infeasible            690.0000      696.4286  1273686    0.93%
    984   716      694.5595   351      690.0000      696.4286  1415383    0.93%
Elapsed time = 192.12 sec. (97371.02 ticks, tree = 13.13 MB, solutions = 14)
   1122   806      693.0833   205      690.0000      696.4286  1593816    0.93%
   1261   940      693.8173   218      690.0000      696.4286  1910650    0.93%
   1397  1044      692.8308   191      690.0000      696.4286  2141048    0.93%
   1560  1028    infeasible            690.0000      696.4286  2110803    0.93%
   1684  1112      691.1111   181      690.0000      696.4286  2282859    0.93%
   1803  1220      692.6369   312      690.0000      696.4286  2557064    0.93%
   1936  1304      691.4167   136      690.0000      696.4286  2754009    0.93%
   2057  1317      695.7847   249      690.0000      696.4286  2815192    0.93%
   2205  1475    infeasible            690.0000      696.4286  3018020    0.93%
   2323  1531        cutoff            690.0000      696.4286  3078823    0.93%
Elapsed time = 235.89 sec. (107011.81 ticks, tree = 46.53 MB, solutions = 14)
   2429  1541      692.2810   183      690.0000      696.4286  3081519    0.93%
   2536  1691      694.1042   229      690.0000      696.4286  3227994    0.93%
   2644  1676      692.6111   171      690.0000      696.4286  3206243    0.93%
   2723  1707      694.2032   189      690.0000      696.4286  3241972    0.93%
   2802  1855      695.8874   299      690.0000      696.4286  3375019    0.93%
   2881  1879      692.9405   179      690.0000      696.4286  3397734    0.93%
   2973  1885        cutoff            690.0000      696.4286  3400900    0.93%
   3055  1981      695.5533   499      690.0000      696.4286  3514961    0.93%
   3137  2033      695.5122   349      690.0000      696.4286  3562895    0.93%
   3225  2148      692.5556   139      690.0000      696.4286  3747434    0.93%
Elapsed time = 294.24 sec. (116623.16 ticks, tree = 102.38 MB, solutions = 14)
   3354  2067      693.7163   263      690.0000      696.4286  3634124    0.93%
   3521  2198      692.7065   329      690.0000      696.4286  3781157    0.93%
   3639  2314      691.5833   151      690.0000      696.4286  4054715    0.93%
   3777  2514    infeasible            690.0000      696.4286  4181480    0.93%
   3875  2382      696.4286   369      690.0000      696.4286  4102150    0.93%
   3991  2591    infeasible            690.0000      696.4286  4241284    0.93%
   4115  2671      692.6071   339      690.0000      696.4286  4290876    0.93%
   4215  2769      691.9312   265      690.0000      696.4286  4332963    0.93%
   4306  2910      691.9226   368      690.0000      696.4286  4442769    0.93%
   4432  2915      694.4477   392      690.0000      696.4286  4437737    0.93%
Elapsed time = 373.47 sec. (126241.36 ticks, tree = 197.97 MB, solutions = 14)
   4523  3116    infeasible            690.0000      696.4286  4528565    0.93%
   4611  3220      694.1267   261      690.0000      696.4286  4589981    0.93%
   4710  3265      694.1614   229      690.0000      696.4286  4615629    0.93%
   4815  3243      692.1547   434      690.0000      696.4286  4597744    0.93%
   4872  3277      695.6929   271      690.0000      696.4286  4627005    0.93%
   4939  3529      695.6887   408      690.0000      696.4286  4769489    0.93%
   4999  3542      696.0119   238      690.0000      696.4286  4786903    0.93%
   5073  3541      693.7540   334      690.0000      696.4286  4768574    0.93%
   5167  3641    infeasible            690.0000      696.4286  4872494    0.93%
   5249  3713      693.9937   280      690.0000      696.4286  4893139    0.93%
Elapsed time = 445.16 sec. (135912.89 ticks, tree = 351.49 MB, solutions = 14)
   5323  3721      693.7504   341      690.0000      696.4286  4894801    0.93%
   5356  3753      696.4286   323      690.0000      696.4286  4903080    0.93%
   5357  3988      696.4286   873      690.0000      696.4286  5110269    0.93%
   5358  3989      696.4286   698      690.0000      696.4286  5117221    0.93%
   5359  3989      696.4286   684      690.0000      696.4286  5123494    0.93%
   5360  3990      696.4286   599      690.0000      696.4286  5128769    0.93%
   5361  3991      696.4286   576      690.0000      696.4286  5133997    0.93%
   5362  3991      696.4286   566      690.0000      696.4286  5135449    0.93%
   5365  1714      696.4286   511      690.0000      696.4286  5140426    0.93%
   5368  1546      696.4286   658      690.0000      696.4286  5158350    0.93%
Elapsed time = 660.15 sec. (289722.01 ticks, tree = 155.41 MB, solutions = 14)
   5371   496      696.4286   564      690.0000      696.4286  5128153    0.93%
   5373   505      696.4286   710      690.0000      696.4286  5170810    0.93%
   5375   375    infeasible            690.0000      696.4286  5180913    0.93%
   5378   312      696.4286   652      690.0000      696.4286  5179291    0.93%
   5381   317      696.4286   724      690.0000      696.4286  5184443    0.93%
   5389    35      696.4286   718      690.0000      696.4286  5185249    0.93%
   5395    33      696.4286   586      690.0000      696.4286  5202699    0.93%
   5407    38      696.4286   647      690.0000      696.4286  5219829    0.93%
   5424    33      696.4286   510      690.0000      696.4286  5209666    0.93%
   5440    39      696.4286   562      690.0000      696.4286  5222056    0.93%
Elapsed time = 766.91 sec. (300624.52 ticks, tree = 0.09 MB, solutions = 14)
   5461    36      696.4286   526      690.0000      696.4286  5215896    0.93%
   5484    38      696.4286   468      690.0000      696.4286  5216886    0.93%
   5505    18      696.4286   743      690.0000      696.4286  5177094    0.93%
   5533    77      696.4286   607      690.0000      696.4286  5292592    0.93%
   5568    90      696.4286   617      690.0000      696.4286  5311773    0.93%
   5602   103      696.4286   412      690.0000      696.4286  5338572    0.93%
   5635   180      696.4286   637      690.0000      696.4286  5501336    0.93%
   5673   122      696.4286   452      690.0000      696.4286  5379560    0.93%
   5717   241      696.4286   486      690.0000      696.4286  5631996    0.93%
   5755   240    infeasible            690.0000      696.4286  5638531    0.93%
Elapsed time = 826.81 sec. (310345.22 ticks, tree = 1.72 MB, solutions = 14)
   5804   234      696.4286   587      690.0000      696.4286  5623567    0.93%
   5848   241      696.4286   522      690.0000      696.4286  5636732    0.93%
   5888   368      696.4286   370      690.0000      696.4286  5937059    0.93%
   5937   374      696.4286   637      690.0000      696.4286  5977183    0.93%
   5990   347      696.4286   507      690.0000      696.4286  5852204    0.93%
   6016   430      696.4286   379      690.0000      696.4286  6171868    0.93%
   6048   450      696.4286   698      690.0000      696.4286  6286141    0.93%
   6083   519      696.4286   324      690.0000      696.4286  6489740    0.93%
   6129   569    infeasible            690.0000      696.4286  6638628    0.93%
   6308   639    infeasible            690.0000      696.4286  6952167    0.93%
Elapsed time = 912.81 sec. (323132.15 ticks, tree = 4.02 MB, solutions = 14)
   6526   663      696.4286   438      690.0000      696.4286  7060126    0.93%
   6718   797      696.4286   413      690.0000      696.4286  7450882    0.93%
   6885   926      696.4286   400      690.0000      696.4286  7771205    0.93%
   7022   974      696.4286   287      690.0000      696.4286  7960747    0.93%
   7151  1163      696.4286   427      690.0000      696.4286  8731256    0.93%
   7274  1156      693.2799   446      690.0000      696.4286  8707650    0.93%
   7383  1260      692.8107   390      690.0000      696.4286  9273550    0.93%
   7479  1313      696.3929   274      690.0000      696.4286  9601560    0.93%
   7569  1350      694.1429   336      690.0000      696.4286  9813780    0.93%
   7636  1385      696.0238   381      690.0000      696.4286 10045292    0.93%
Elapsed time = 1261.91 sec. (361578.17 ticks, tree = 17.50 MB, solutions = 14)
   7708  1374      696.4286   520      690.0000      696.4286  9999994    0.93%
   7811  1467      696.4286   416      690.0000      696.4286 10245524    0.93%
   7891  1531      695.7585   343      690.0000      696.4286 10428894    0.93%
   7979  1628      696.4286   469      690.0000      696.4286 10765656    0.93%
   8069  1657      693.6325   236      690.0000      696.4286 10805116    0.93%
   8181  1739      694.7959   225      690.0000      696.4286 11127710    0.93%
   8306  1774      696.4286   313      690.0000      696.4286 11188348    0.93%
   8409  1813      696.2816   311      690.0000      696.4286 11287925    0.93%
   8503  1837      692.4744   388      690.0000      696.4286 11308912    0.93%
   8607  1929      691.2454   132      690.0000      696.4286 11536307    0.93%
Elapsed time = 1659.17 sec. (400214.19 ticks, tree = 53.27 MB, solutions = 14)
   8706  2017      696.1429   641      690.0000      696.4286 11999113    0.93%
   8791  2078        cutoff            690.0000      696.4286 12177811    0.93%
   8909  2090      694.0132   213      690.0000      696.4286 12164986    0.93%
   9036  2123      691.4893   356      690.0000      696.4286 12366210    0.93%
   9134  2173      692.2381   274      690.0000      696.4286 12535393    0.93%
   9216  2312      695.9000   463      690.0000      696.4286 12743006    0.93%
   9260  2172      696.4286   513      690.0000      696.4286 12512612    0.93%
   9324  2418      696.4286   473      690.0000      696.4286 12935702    0.93%
   9411  2480      691.9589   230      690.0000      696.4286 12980081    0.93%
   9505  2535      692.0357   169      690.0000      696.4286 13058020    0.93%
Elapsed time = 2172.33 sec. (438852.60 ticks, tree = 237.99 MB, solutions = 14)
   9603  2573      696.4286   606      690.0000      696.4286 13154693    0.93%
   9688  2606      694.4212   362      690.0000      696.4286 13203148    0.93%
   9785  2621      691.5238   350      690.0000      696.4286 13239984    0.93%
   9876  2803      696.1294   527      690.0000      696.4286 13469231    0.93%
   9987  2713      691.2611   141      690.0000      696.4286 13351288    0.93%
  10054  2956      696.4286   484      690.0000      696.4286 13610602    0.93%
  10115  3053        cutoff            690.0000      696.4286 13724131    0.93%
  10177  3160      693.4112   283      690.0000      696.4286 13931318    0.93%
  10223  3200      696.3277   444      690.0000      696.4286 14047402    0.93%
  10278  3204      695.1250   369      690.0000      696.4286 14053636    0.93%
Elapsed time = 2568.37 sec. (477704.82 ticks, tree = 273.62 MB, solutions = 14)
  10340  3231      694.5714   224      690.0000      696.4286 14065738    0.93%
  10413  3254    infeasible            690.0000      696.4286 14180283    0.93%
  10489  3270      695.2996   282      690.0000      696.4286 14218806    0.93%
  10581  3366      693.9782   289      690.0000      696.4286 14423008    0.93%
  10654  3376      696.4286   418      690.0000      696.4286 14532157    0.93%
  10740  3525      696.4286   553      690.0000      696.4286 14850251    0.93%
  10802  3581    infeasible            690.0000      696.4286 14975590    0.93%
  10885  3577      696.4286   653      690.0000      696.4286 14960895    0.93%
  11002  3629      696.4286   593      690.0000      696.4286 15082992    0.93%
  11118  3641      696.4286   641      690.0000      696.4286 15103921    0.93%
Elapsed time = 2927.68 sec. (516160.49 ticks, tree = 337.04 MB, solutions = 14)
  11195  3744      693.3810   485      690.0000      696.4286 15180703    0.93%
  11312  3834      696.2212   626      690.0000      696.4286 15486049    0.93%
  11426  3987      693.2857   243      690.0000      696.4286 15760299    0.93%
  11535  4092      693.7851   294      690.0000      696.4286 15937039    0.93%
  11669  4098      696.1982   476      690.0000      696.4286 16002568    0.93%
  11741  4025      696.4286   322      690.0000      696.4286 15855509    0.93%
  11842  4150      696.4286   533      690.0000      696.4286 16160181    0.93%
  11921  4177      696.4286   421      690.0000      696.4286 16186668    0.93%
  11975  4394      696.4286   396      690.0000      696.4286 16525774    0.93%
  12061  4448      696.4286   510      690.0000      696.4286 16570570    0.93%
Elapsed time = 3341.43 sec. (554736.21 ticks, tree = 393.77 MB, solutions = 14)
  12144  4473      695.5238   402      690.0000      696.4286 16610354    0.93%
  12239  4726      696.4286   316      690.0000      696.4286 16917976    0.93%
  12350  4641      691.0424   446      690.0000      696.4286 16797923    0.93%
  12475  4681      696.4286   385      690.0000      696.4286 16875351    0.93%
  12569  4960      693.6190   351      690.0000      696.4286 17279175    0.93%
  12683  4851      691.3241   345      690.0000      696.4286 17145269    0.93%
  12805  4902      695.2262   304      690.0000      696.4286 17258384    0.93%
  12917  4938      694.6659   231      690.0000      696.4286 17265930    0.93%
  13055  5134      692.3906   266      690.0000      696.4286 17480527    0.93%
  13197  5437      692.5536   381      690.0000      696.4286 17885676    0.93%
Elapsed time = 3800.70 sec. (593207.55 ticks, tree = 638.58 MB, solutions = 14)
  13304  5421      696.4286   423      690.0000      696.4286 17848804    0.93%
  13410  5387      695.7643   399      690.0000      696.4286 17779101    0.93%
  13541  5559      693.2619   233      690.0000      696.4286 18034662    0.93%
  13674  5621      695.6586   259      690.0000      696.4286 18302305    0.93%
  13766  5689      692.0734   211      690.0000      696.4286 18342409    0.93%
  13903  6027      692.1845   262      690.0000      696.4286 18855810    0.93%
  14031  6052        cutoff            690.0000      696.4286 18860787    0.93%
  14167  5911      694.5141   428      690.0000      696.4286 18707195    0.93%
  14299  6078      695.4489   250      690.0000      696.4286 18980571    0.93%
  14405  6043      692.6250   393      690.0000      696.4286 18959361    0.93%
Elapsed time = 4368.98 sec. (631871.18 ticks, tree = 700.81 MB, solutions = 14)
  14492  6365      692.7080   286      690.0000      696.4286 19402314    0.93%
  14570  6508      696.4286   473      690.0000      696.4286 19561688    0.93%
  14666  6547      695.7940   371      690.0000      696.4286 19590391    0.93%
  14795  6653      693.8404   430      690.0000      696.4286 19780486    0.93%
  14938  6677      692.8452   305      690.0000      696.4286 19866210    0.93%
  15034  6734      691.1429   306      690.0000      696.4286 19897800    0.93%
  15102  6761      696.3813   557      690.0000      696.4286 20060952    0.93%
  15172  7076      696.4286   409      690.0000      696.4286 20532738    0.93%
  15251  7004      696.4286   294      690.0000      696.4286 20359768    0.93%
  15351  7081      696.4286   426      690.0000      696.4286 20546096    0.93%
Elapsed time = 4895.27 sec. (670416.35 ticks, tree = 720.32 MB, solutions = 14)
  15448  7272      696.4286   336      690.0000      696.4286 20929142    0.93%
  15509  7371      696.4286   595      690.0000      696.4286 21089229    0.93%
  15568  7425      696.2857   508      690.0000      696.4286 21188205    0.93%
  15606  7374      696.4286   448      690.0000      696.4286 21102669    0.93%
  15641  7534      696.4286   444      690.0000      696.4286 21525225    0.93%
  15671  7456      694.8571   510      690.0000      696.4286 21299328    0.93%
  15712  7541      696.4286   291      690.0000      696.4286 21537232    0.93%
  15752  7435      696.4286   424      690.0000      696.4286 21258205    0.93%
  15821  7736      696.4286   319      690.0000      696.4286 21963466    0.93%
  15906  7661      696.2857   286      690.0000      696.4286 21830801    0.93%
Elapsed time = 5440.35 sec. (709607.31 ticks, tree = 728.00 MB, solutions = 14)
  16012  7762      696.4286   386      690.0000      696.4286 21973924    0.93%
  16093  7881    infeasible            690.0000      696.4286 22415546    0.93%
  16164  7830      696.2832   366      690.0000      696.4286 22351334    0.93%
  16267  8027      695.8571   305      690.0000      696.4286 22819656    0.93%
  16403  7910      696.0487   398      690.0000      696.4286 22532960    0.93%
  16557  7928      696.4286   431      690.0000      696.4286 22573672    0.93%
  16689  8348      694.4762   230      690.0000      696.4286 23992661    0.93%
  16897  8407      694.0774   179      690.0000      696.4286 24003440    0.93%
  17104  8408      695.5654   344      690.0000      696.4286 24021886    0.93%
  17231  8412      694.7857   405      690.0000      696.4286 24081492    0.93%
Elapsed time = 6050.05 sec. (748051.00 ticks, tree = 862.65 MB, solutions = 14)
  17414  8242      696.4286   402      690.0000      696.4286 23561456    0.93%
  17573  8820      696.2540   217      690.0000      696.4286 25017836    0.93%
  17686  9096      693.5000   253      690.0000      696.4286 25224262    0.93%
  17868  9285      693.7789   125      690.0000      696.4286 25379490    0.93%
  18037  8880      695.5392   259      690.0000      696.4286 25025823    0.93%
  18209  8941      696.4286   289      690.0000      696.4286 25065212    0.93%
  18372  9339      693.3442   188      690.0000      696.4286 25415265    0.93%
  18613  9968      691.9116   142      690.0000      696.4286 25777769    0.93%
  18774  9767      696.3036   354      690.0000      696.4286 25684662    0.93%
  18990  9806      696.4286   285      690.0000      696.4286 25710746    0.93%
Elapsed time = 6982.48 sec. (786400.59 ticks, tree = 1294.36 MB, solutions = 14)
  19198 10408      696.2857   171      690.0000      696.4286 26108285    0.93%
  19422 10043      696.4286   305      690.0000      696.4286 25909602    0.93%
  19685 10285      693.3988   244      690.0000      696.4286 26029766    0.93%
  19967 10117      696.4286   275      690.0000      696.4286 25966203    0.93%
  20227 10735      696.4286   224      690.0000      696.4286 26341762    0.93%
  20642 10677        cutoff            690.0000      696.4286 26285597    0.93%
* 20656+11327                          696.0000      696.4286             0.06%
  20860 11091      691.7258   236      696.0000      696.4286 26549168    0.06%
  20951 10987      695.7778    87      696.0000      696.4286 26542106    0.06%
  21086 11496      696.2857   229      696.0000      696.4286 26725956    0.06%
  21109 11507      696.2857   171      696.0000      696.4286 26732116    0.06%
Elapsed time = 7930.62 sec. (825597.55 ticks, tree = 1846.30 MB, solutions = 15)
  21115 11391      696.4286   240      696.0000      696.4286 26655402    0.06%
Exception raised in listener 'MipGapPrinter': 'int' object is not callable, id=128

GUB cover cuts applied:  599
Clique cuts applied:  28
Cover cuts applied:  367
Implied bound cuts applied:  1138
Flow cuts applied:  10
Mixed integer rounding cuts applied:  146
Zero-half cuts applied:  276
Lift and project cuts applied:  8
Gomory fractional cuts applied:  92

Root node processing (before b&c):
  Real time             =  135.27 sec. (83896.52 ticks)
Parallel b&c, 24 threads:
  Real time             = 7823.93 sec. (745627.27 ticks)
  Sync time (average)   = 1561.40 sec.
  Wait time (average)   =    0.10 sec.
                          ------------
Total (root+branch&cut) = 7959.20 sec. (829523.79 ticks)
status  = integer optimal solution
time    = 7960.91 s.
problem = MILP
gap     = 0%

Objective value: 696.0
[50, 50, 8, 2, 400, 113, 696, 696, 0.0, 7960.91]
number of spatial :  548
Heuristic Solution information :  [50, 50, 8, 2, 400, 114, 564, 16, 548]
