CPXPARAM_Read_DataCheck                          1
CPXPARAM_TimeLimit                               14400
Tried aggregator 2 times.
MIP Presolve eliminated 24974 rows and 226451 columns.
MIP Presolve modified 1380 coefficients.
Aggregator did 912 substitutions.
Reduced MIP has 279709 rows, 64269 columns, and 852162 nonzeros.
Reduced MIP has 59269 binaries, 0 generals, 0 SOSs, and 0 indicators.
Presolve time = 0.81 sec. (3312.77 ticks)
Probing time = 0.75 sec. (17.23 ticks)
Tried aggregator 1 time.
MIP Presolve eliminated 196000 rows and 4000 columns.
Reduced MIP has 83709 rows, 60269 columns, and 460162 nonzeros.
Reduced MIP has 59269 binaries, 0 generals, 0 SOSs, and 0 indicators.
Presolve time = 0.53 sec. (578.97 ticks)
Probing time = 0.33 sec. (13.38 ticks)
Clique table members: 32159.
MIP emphasis: balance optimality and feasibility.
MIP search method: dynamic search.
Parallel mode: deterministic, using up to 24 threads.
Root relaxation solution time = 2.45 sec. (1830.61 ticks)

        Nodes                                         Cuts/
   Node  Left     Objective  IInf  Best Integer    Best Bound    ItCnt     Gap

*     0+    0                          315.0000      918.0000           191.43%
      0     0      663.5000   781      315.0000      663.5000    22494  110.63%
Exception raised in listener 'MipGapPrinter': 'int' object is not callable, id=1
*     0+    0                          467.0000      663.5000            42.08%
Exception raised in listener 'MipGapPrinter': 'int' object is not callable, id=3
      0     0      590.5000   657      467.0000     Cuts: 880    36169   26.45%
      0     0      579.0000   710      467.0000     Cuts: 389    48997   23.98%
      0     0      579.0000   746      467.0000     Cuts: 312    59686   23.98%
*     0+    0                          548.0000      579.0000             5.66%
*     0+    0                          555.0000      579.0000             4.32%
Exception raised in listener 'MipGapPrinter': 'int' object is not callable, id=9
      0     0      579.0000   653      555.0000      Cuts: 70    69496    4.32%
      0     0      579.0000   698      555.0000     Cuts: 329    82660    4.32%
Heuristic still looking.
*     0+    0                          574.0000      579.0000             0.87%
Exception raised in listener 'MipGapPrinter': 'int' object is not callable, id=14
      0     2      579.0000   327      574.0000      579.0000    82660    0.87%
Elapsed time = 960.09 sec. (147381.68 ticks, tree = 0.02 MB, solutions = 5)
      1     3      579.0000   335      574.0000      579.0000    83744    0.87%
      2     4      579.0000   405      574.0000      579.0000    84921    0.87%
      3     5      579.0000   452      574.0000      579.0000    85653    0.87%
      4     6      579.0000   479      574.0000      579.0000    85951    0.87%
      5     7      579.0000   429      574.0000      579.0000    87335    0.87%
*     7+    5                          575.0000      579.0000             0.70%
      7     7      579.0000   442      575.0000      579.0000    86221    0.70%
Exception raised in listener 'MipGapPrinter': 'int' object is not callable, id=22
      8     8      579.0000   416      575.0000      579.0000    88621    0.70%
      9     9      579.0000   388      575.0000      579.0000    89328    0.70%
     11    11      579.0000   375      575.0000      579.0000    90268    0.70%
     22    19      579.0000   461      575.0000      579.0000    95664    0.70%
Elapsed time = 1091.62 sec. (156504.05 ticks, tree = 0.69 MB, solutions = 8)
     39    30      579.0000   396      575.0000      579.0000   104073    0.70%
     80    36      579.0000   375      575.0000      579.0000   107422    0.70%
    185    75      579.0000   340      575.0000      579.0000   127966    0.70%
    308    96      579.0000   352      575.0000      579.0000   143474    0.70%
    442   230      579.0000   323      575.0000      579.0000   217939    0.70%
    579   383      579.0000   273      575.0000      579.0000   291649    0.70%
    754   497      579.0000   384      575.0000      579.0000   357489    0.70%
    944   666      579.0000   291      575.0000      579.0000   449788    0.70%
   1115   820      579.0000   318      575.0000      579.0000   533328    0.70%
   1297   852      579.0000   373      575.0000      579.0000   549711    0.70%
Elapsed time = 1302.52 sec. (166131.48 ticks, tree = 47.32 MB, solutions = 10)
   1508  1046    infeasible            575.0000      579.0000   647152    0.70%
   1686  1178      579.0000   219      575.0000      579.0000   711426    0.70%
   1900  1282      579.0000   274      575.0000      579.0000   759179    0.70%
   2123  1479      579.0000   407      575.0000      579.0000   862319    0.70%
   2363  1608      579.0000   274      575.0000      579.0000   922494    0.70%
   2602  1777      579.0000   255      575.0000      579.0000  1023963    0.70%
   2845  1837      579.0000   244      575.0000      579.0000  1049952    0.70%
   3106  1976      579.0000   238      575.0000      579.0000  1152266    0.70%
   3365  2226    infeasible            575.0000      579.0000  1293086    0.70%
   3629  2386    infeasible            575.0000      579.0000  1412080    0.70%
Elapsed time = 1513.13 sec. (175694.45 ticks, tree = 191.18 MB, solutions = 10)
   3884  2492      577.9722   159      575.0000      579.0000  1466795    0.70%
   4165  2638      579.0000   248      575.0000      579.0000  1573814    0.70%
   4444  3081      578.1111   279      575.0000      579.0000  1821381    0.70%
   4706  3050      577.3333   211      575.0000      579.0000  1805230    0.70%
   4961  3198      578.6435   195      575.0000      579.0000  1883460    0.70%
   5186  3358      579.0000   135      575.0000      579.0000  1971254    0.70%
   5466  3530      578.6667   250      575.0000      579.0000  2065226    0.70%
   5772  3959      576.8333    84      575.0000      579.0000  2228881    0.70%
   5909  3859      578.3333   108      575.0000      579.0000  2199734    0.70%
   5931  4437      579.0000   421      575.0000      579.0000  2508927    0.70%
Elapsed time = 5286.39 sec. (449659.58 ticks, tree = 474.28 MB, solutions = 10)
   5932  4438      579.0000   618      575.0000      579.0000  2521750    0.70%
   5933  4439      579.0000   583      575.0000      579.0000  2531843    0.70%
   5934  4439      579.0000   652      575.0000      579.0000  2542797    0.70%
   5935  4440      579.0000   672      575.0000      579.0000  2552197    0.70%
   5936  4441      579.0000   693      575.0000      579.0000  2552409    0.70%
   5939  2224      579.0000   631      575.0000      579.0000  2568088    0.70%
   5941  1948      579.0000   725      575.0000      579.0000  2580309    0.70%
   5942  1949      579.0000   604      575.0000      579.0000  2580240    0.70%
   5944   980      579.0000   780      575.0000      579.0000  2580617    0.70%
   5945   980      579.0000   658      575.0000      579.0000  2583197    0.70%
Elapsed time = 7357.61 sec. (507140.58 ticks, tree = 103.55 MB, solutions = 10)
   5947   982      579.0000   555      575.0000      579.0000  2593258    0.70%
   5950   983    infeasible            575.0000      579.0000  2594653    0.70%
   5951   983      579.0000   583      575.0000      579.0000  2594205    0.70%
   5952   985      579.0000   478      575.0000      579.0000  2596375    0.70%
   5955   935      579.0000   480      575.0000      579.0000  2596448    0.70%
   5956   845      579.0000   686      575.0000      579.0000  2595208    0.70%
   5959   849      579.0000   537      575.0000      579.0000  2599700    0.70%
   5963   818      579.0000   562      575.0000      579.0000  2604912    0.70%
   5965   789      579.0000   530      575.0000      579.0000  2605074    0.70%
   5966   789      579.0000   619      575.0000      579.0000  2607555    0.70%
Elapsed time = 8233.60 sec. (523068.45 ticks, tree = 81.26 MB, solutions = 10)
   5968   788      579.0000   468      575.0000      579.0000  2606254    0.70%
   5970   788      579.0000   451      575.0000      579.0000  2607572    0.70%
   5972   764      579.0000   509      575.0000      579.0000  2608654    0.70%
   5974   766      579.0000   399      575.0000      579.0000  2610209    0.70%
   5977   312      579.0000   588      575.0000      579.0000  2594199    0.70%
   5983    17      579.0000   667      575.0000      579.0000  2552959    0.70%
   5989    39      579.0000   458      575.0000      579.0000  2613365    0.70%
   5993    40      579.0000   484      575.0000      579.0000  2613454    0.70%
   5998    42      579.0000   385      575.0000      579.0000  2615111    0.70%
   6005    43      579.0000   375      575.0000      579.0000  2615741    0.70%
Elapsed time = 8806.71 sec. (534650.41 ticks, tree = 0.45 MB, solutions = 10)
   6013    21      579.0000   574      575.0000      579.0000  2597682    0.70%
   6022    65    infeasible            575.0000      579.0000  2640175    0.70%
   6028    48      579.0000   609      575.0000      579.0000  2627172    0.70%
   6041    70      579.0000   481      575.0000      579.0000  2641989    0.70%
   6051    50      579.0000   500      575.0000      579.0000  2633947    0.70%
   6064    69      579.0000   620      575.0000      579.0000  2649706    0.70%
   6079    69      579.0000   349      575.0000      579.0000  2639805    0.70%
   6096    53      579.0000   401      575.0000      579.0000  2635622    0.70%
   6114    72      579.0000   579      575.0000      579.0000  2644434    0.70%
   6131    73      579.0000   585      575.0000      579.0000  2644444    0.70%
Elapsed time = 9325.91 sec. (545324.32 ticks, tree = 0.67 MB, solutions = 10)
   6151    82      579.0000   585      575.0000      579.0000  2663728    0.70%
   6168   113      579.0000   325      575.0000      579.0000  2714610    0.70%
   6188    89      579.0000   571      575.0000      579.0000  2679051    0.70%
   6209   118      579.0000   306      575.0000      579.0000  2717061    0.70%
   6231   143      579.0000   469      575.0000      579.0000  2776790    0.70%
   6254   183      579.0000   380      575.0000      579.0000  2805989    0.70%
   6280   205      579.0000   313      575.0000      579.0000  2819882    0.70%
   6306   241      579.0000   535      575.0000      579.0000  2850007    0.70%
   6348   284      579.0000   291      575.0000      579.0000  2891385    0.70%
   6391   277      579.0000   504      575.0000      579.0000  2882389    0.70%
Elapsed time = 9758.15 sec. (555206.65 ticks, tree = 3.28 MB, solutions = 10)
   6424   251      579.0000   418      575.0000      579.0000  2855706    0.70%
   6466   316      579.0000   495      575.0000      579.0000  2923756    0.70%
   6513   309      579.0000   319      575.0000      579.0000  2906104    0.70%
   6566   248      579.0000   319      575.0000      579.0000  2850608    0.70%
   6610   215      579.0000   453      575.0000      579.0000  2825784    0.70%
   6667   402      579.0000   374      575.0000      579.0000  2972660    0.70%
   6733   342      579.0000   459      575.0000      579.0000  2939501    0.70%
   6804   474      578.9762   263      575.0000      579.0000  3009511    0.70%
   6876   381      579.0000   354      575.0000      579.0000  2959051    0.70%
   7182   448      579.0000   259      575.0000      579.0000  2994728    0.70%
Elapsed time = 10086.96 sec. (567732.00 ticks, tree = 6.19 MB, solutions = 10)
   7573  1010      577.9167   190      575.0000      579.0000  3220830    0.70%
   8027  1042      577.0000   122      575.0000      579.0000  3226997    0.70%
   8513  1232      577.2500   174      575.0000      579.0000  3300256    0.70%
   9001  1677      578.2000   152      575.0000      579.0000  3423459    0.70%
   9521  1641      578.8333   222      575.0000      579.0000  3412199    0.70%
  10143  1908      579.0000   192      575.0000      579.0000  3498345    0.70%
  10652  2639      578.6667   229      575.0000      579.0000  3722987    0.70%
  11078  2475      577.6667    75      575.0000      579.0000  3680358    0.70%
* 11264  2568      integral     0      576.0000      579.0000  3711513    0.52%
  11631  3164      578.3333   130      576.0000      579.0000  3906528    0.52%
Exception raised in listener 'MipGapPrinter': 'int' object is not callable, id=62
  12457  3363    infeasible            576.0000      579.0000  3962284    0.52%
Elapsed time = 11086.66 sec. (605967.06 ticks, tree = 81.49 MB, solutions = 11)
  12749  3401      577.0000   140      576.0000      579.0000  3977936    0.52%
  12911  4329      578.3333   127      576.0000      579.0000  4218936    0.52%
  13154  4333      578.6667   113      576.0000      579.0000  4225556    0.52%
  13725  4547      578.0000   148      576.0000      579.0000  4324615    0.52%
  14522  4979      578.0000   110      576.0000      579.0000  4458788    0.52%
  15233  5112      577.8333    71      576.0000      579.0000  4507331    0.52%
* 15694+ 5525                          577.0000      579.0000             0.35%
Exception raised in listener 'MipGapPrinter': 'int' object is not callable, id=67
  15810  4730      578.6667   102      577.0000      579.0000  4993326    0.35%
  16402  4820    infeasible            577.0000      579.0000  5052907    0.35%
  16968  5186      579.0000   122      577.0000      579.0000  5288672    0.35%
  17623  5397      578.0000    74      577.0000      579.0000  5364152    0.35%
Elapsed time = 12061.69 sec. (644179.82 ticks, tree = 146.59 MB, solutions = 19)
  18190  6319      579.0000   123      577.0000      579.0000  5725059    0.35%
  18742  6722      578.0000   138      577.0000      579.0000  5873359    0.35%
  19295  6720      578.0000   126      577.0000      579.0000  5858217    0.35%
  19850  7237      578.0000   126      577.0000      579.0000  6019398    0.35%
  20439  7676      578.0000   133      577.0000      579.0000  6110042    0.35%
  21011  8101      578.9583   133      577.0000      579.0000  6216523    0.35%
  21595  8828      578.2500   157      577.0000      579.0000  6421554    0.35%
  22039  9254      578.0000   126      577.0000      579.0000  6536067    0.35%
  22488  9448      578.0000    85      577.0000      579.0000  6581842    0.35%
  23015 10030      578.2500   117      577.0000      579.0000  6755333    0.35%
Elapsed time = 13317.23 sec. (682386.78 ticks, tree = 575.88 MB, solutions = 19)
  23531 10449      578.0000    83      577.0000      579.0000  6861449    0.35%
* 23773+ 7458                          578.0000      579.0000             0.17%
  24063 10795      578.0000   109      578.0000      579.0000  6960361    0.17%
Exception raised in listener 'MipGapPrinter': 'int' object is not callable, id=77
  24399  2343    infeasible            578.0000      579.0000  6976355    0.17%
  24635  2283    infeasible            578.0000      579.0000  7121510    0.17%
  24794  2286      579.0000   245      578.0000      579.0000  7115429    0.17%
  24924  2219    infeasible            578.0000      579.0000  7250375    0.17%
  25033  2225    infeasible            578.0000      579.0000  7320266    0.17%
  25164  2212      579.0000   206      578.0000      579.0000  7363713    0.17%

GUB cover cuts applied:  140
Clique cuts applied:  32
Cover cuts applied:  330
Implied bound cuts applied:  423
Flow cuts applied:  15
Mixed integer rounding cuts applied:  70
Zero-half cuts applied:  92
Lift and project cuts applied:  6
Gomory fractional cuts applied:  40

Root node processing (before b&c):
  Real time             =  954.98 sec. (147329.41 ticks)
Parallel b&c, 24 threads:
  Real time             = 13450.94 sec. (567746.15 ticks)
  Sync time (average)   = 3979.60 sec.
  Wait time (average)   =    1.98 sec.
                          ------------
Total (root+branch&cut) = 14405.91 sec. (715075.56 ticks)
status  = time limit exceeded
time    = 14407.2 s.
problem = MILP
gap     = 0.17301%

Objective value: 578.0
[50, 100, 8, 6, 400, 232, 578, 578, 0.17, 14407.19]
number of spatial :  488
Heuristic Solution information :  [50, 100, 8, 6, 400, 218, 500, 12, 488]
