CPXPARAM_Read_DataCheck                          1
CPXPARAM_TimeLimit                               14400
Tried aggregator 2 times.
MIP Presolve eliminated 49431 rows and 169803 columns.
MIP Presolve modified 2360 coefficients.
Aggregator did 912 substitutions.
Reduced MIP has 313215 rows, 120917 columns, and 1203220 nonzeros.
Reduced MIP has 115917 binaries, 0 generals, 0 SOSs, and 0 indicators.
Presolve time = 2.96 sec. (3731.55 ticks)
Probing time = 1.51 sec. (28.94 ticks)
Tried aggregator 1 time.
MIP Presolve eliminated 147000 rows and 3000 columns.
Reduced MIP has 166215 rows, 117917 columns, and 909220 nonzeros.
Reduced MIP has 115917 binaries, 0 generals, 0 SOSs, and 0 indicators.
Presolve time = 2.65 sec. (1036.11 ticks)
Probing time = 1.07 sec. (27.96 ticks)
Clique table members: 63075.
MIP emphasis: balance optimality and feasibility.
MIP search method: dynamic search.
Parallel mode: deterministic, using up to 24 threads.
Root relaxation solution time = 28.86 sec. (6813.65 ticks)

        Nodes                                         Cuts/
   Node  Left     Objective  IInf  Best Integer    Best Bound    ItCnt     Gap

*     0+    0                          266.0000      918.0000           245.11%
      0     0      712.5000  1254      266.0000      712.5000    58352  167.86%
Exception raised in listener 'MipGapPrinter': 'int' object is not callable, id=1
*     0+    0                          456.0000      712.5000            56.25%
Exception raised in listener 'MipGapPrinter': 'int' object is not callable, id=3
      0     0      664.5000  1097      456.0000     Cuts: 513    86134   45.72%
      0     0      653.3333  1410      456.0000     Cuts: 819   116961   43.27%
      0     0      644.3333  1445      456.0000     Cuts: 958   149503   41.30%
*     0+    0                          578.0000      644.3333            11.48%
*     0+    0                          615.0000      644.3333             4.77%
Exception raised in listener 'MipGapPrinter': 'int' object is not callable, id=9
      0     0      644.3333  1476      615.0000     Cuts: 734   176081    4.77%
      0     0      644.3333  1219      615.0000     Cuts: 174   208631    4.77%
      0     0      644.3333  1240      615.0000     Cuts: 455   244189    4.77%
Heuristic still looking.
Heuristic still looking.
      0     2      644.3333   554      615.0000      644.3333   244189    4.77%
Elapsed time = 3043.12 sec. (532315.43 ticks, tree = 0.02 MB, solutions = 4)
      1     3      644.3333   635      615.0000      644.3333   246257    4.77%
      2     4      644.3333   667      615.0000      644.3333   247402    4.77%
      3     5      644.3333   699      615.0000      644.3333   247756    4.77%
      4     6      644.3333   698      615.0000      644.3333   249192    4.77%
      5     7      644.3333   742      615.0000      644.3333   250308    4.77%
      6     8      644.3333   724      615.0000      644.3333   251160    4.77%
      7     9      644.3333   770      615.0000      644.3333   252046    4.77%
      8    10      644.3333   694      615.0000      644.3333   252766    4.77%
      9    11      644.3333   687      615.0000      644.3333   253197    4.77%
     10     4      644.3333   621      615.0000      644.3333   246996    4.77%
Elapsed time = 3355.18 sec. (559402.36 ticks, tree = 0.02 MB, solutions = 4)
     11    13      644.3333   555      615.0000      644.3333   255989    4.77%
     14    15      644.3333   572      615.0000      644.3333   257368    4.77%
     20     5      644.3333   663      615.0000      644.3333   247642    4.77%
     28     8      644.3333   678      615.0000      644.3333   250667    4.77%
     34     9      644.3333   718      615.0000      644.3333   251345    4.77%
     43    33      644.3333   617      615.0000      644.3333   272659    4.77%
     52    36      644.3333   593      615.0000      644.3333   274520    4.77%
     61    39      644.3333   627      615.0000      644.3333   276513    4.77%
     70    35      644.3333   666      615.0000      644.3333   276437    4.77%
     78    44      644.3333   633      615.0000      644.3333   276340    4.77%
Elapsed time = 3530.68 sec. (569832.72 ticks, tree = 0.76 MB, solutions = 4)
     89    35      644.3333   608      615.0000      644.3333   275288    4.77%
     98    52      644.3333   714      615.0000      644.3333   284482    4.77%
    109    57      644.3333   649      615.0000      644.3333   284639    4.77%
    121    42      644.3333   664      615.0000      644.3333   279893    4.77%
    132    63      644.3333   675      615.0000      644.3333   287855    4.77%
    147    65      644.3333   574      615.0000      644.3333   289894    4.77%
    164    75      644.3333   618      615.0000      644.3333   298433    4.77%
    175    52      644.3333   624      615.0000      644.3333   285858    4.77%
    190   112      644.3333   624      615.0000      644.3333   319175    4.77%
    205   115      644.3333   676      615.0000      644.3333   320273    4.77%
Elapsed time = 3695.65 sec. (579700.17 ticks, tree = 3.79 MB, solutions = 4)
    221   139    infeasible            615.0000      644.3333   334188    4.77%
    236   150      644.3333   605      615.0000      644.3333   342643    4.77%
    255    25      644.3333   646      615.0000      644.3333   262680    4.77%
    270   211      644.3333   661      615.0000      644.3333   375677    4.77%
    287   228      644.3333   667      615.0000      644.3333   384537    4.77%
    306   230      644.3333   613      615.0000      644.3333   387110    4.77%
    333   256      644.3333   652      615.0000      644.3333   407668    4.77%
    368   284      644.3333   661      615.0000      644.3333   427685    4.77%
    413   245      644.3333   710      615.0000      644.3333   403047    4.77%
    446   330      644.3333   549      615.0000      644.3333   460266    4.77%
Elapsed time = 3846.13 sec. (589733.05 ticks, tree = 10.31 MB, solutions = 4)
    487   367      644.3333   618      615.0000      644.3333   484359    4.77%
    527   338      644.3333   539      615.0000      644.3333   463680    4.77%
    571   450      644.3333   506      615.0000      644.3333   526284    4.77%
    612   492      644.3333   498      615.0000      644.3333   545334    4.77%
    663   455      644.3333   557      615.0000      644.3333   529694    4.77%
    712   574      644.3333   697      615.0000      644.3333   583237    4.77%
    757   521      644.3333   712      615.0000      644.3333   561109    4.77%
    801   546      644.3333   612      615.0000      644.3333   573339    4.77%
    845   578      644.3333   642      615.0000      644.3333   592029    4.77%
    890   726      644.3333   628      615.0000      644.3333   696139    4.77%
Elapsed time = 3980.02 sec. (599411.87 ticks, tree = 21.50 MB, solutions = 4)
    937   656      644.3333   671      615.0000      644.3333   632652    4.77%
    979   762      644.3333   678      615.0000      644.3333   731166    4.77%
   1017   723      644.3333   676      615.0000      644.3333   682030    4.77%
   1055   740      644.3333   603      615.0000      644.3333   704015    4.77%
   1091   887      644.3333   649      615.0000      644.3333   803293    4.77%
   1124   788      644.3333   612      615.0000      644.3333   752894    4.77%
   1152   956      644.3333   589      615.0000      644.3333   837546    4.77%
   1182   908      644.3333   604      615.0000      644.3333   816990    4.77%
   1213   897      644.3333   533      615.0000      644.3333   810593    4.77%
   1248   963      644.3333   644      615.0000      644.3333   843670    4.77%
Elapsed time = 4148.40 sec. (609428.78 ticks, tree = 30.55 MB, solutions = 4)
   1280   969      644.3333   519      615.0000      644.3333   846370    4.77%
   1313   987    infeasible            615.0000      644.3333   861125    4.77%
   1345   970      644.3333   734      615.0000      644.3333   846429    4.77%
   1371  1058      644.3333   556      615.0000      644.3333   901367    4.77%
   1397  1089      644.3333   552      615.0000      644.3333   924041    4.77%
   1422  1128      644.3333   618      615.0000      644.3333   940883    4.77%
   1440  1190      644.3333   552      615.0000      644.3333   977084    4.77%
   1459  1140      644.3333   628      615.0000      644.3333   950907    4.77%
   1481  1141      644.3333   654      615.0000      644.3333   954044    4.77%
   1501  1188      644.3333   510      615.0000      644.3333   973856    4.77%
Elapsed time = 4339.50 sec. (619175.46 ticks, tree = 42.02 MB, solutions = 4)
   1517  1193      644.3333   487      615.0000      644.3333   975212    4.77%
   1535  1216      644.3333   620      615.0000      644.3333  1000286    4.77%
   1555  1221      644.3333   645      615.0000      644.3333  1001728    4.77%
   1576  1250      644.3333   473      615.0000      644.3333  1012273    4.77%
   1593  1211      644.3333   469      615.0000      644.3333   992079    4.77%
   1612  1271      644.3333   604      615.0000      644.3333  1023530    4.77%
   1638  1266      644.3333   448      615.0000      644.3333  1017200    4.77%
   1667  1285    infeasible            615.0000      644.3333  1035670    4.77%
   1693  1363      644.3333   526      615.0000      644.3333  1071290    4.77%
   1716  1324      644.3333   559      615.0000      644.3333  1055833    4.77%
Elapsed time = 4543.87 sec. (629117.35 ticks, tree = 49.17 MB, solutions = 4)
   1749  1293    infeasible            615.0000      644.3333  1041952    4.77%
   1780  1297      644.3333   479      615.0000      644.3333  1044371    4.77%
   1806  1301      644.3333   590      615.0000      644.3333  1043413    4.77%
   1833  1406      644.3333   598      615.0000      644.3333  1091098    4.77%
   1863  1428      644.3333   571      615.0000      644.3333  1103111    4.77%
   1899  1481      644.3333   675      615.0000      644.3333  1127044    4.77%
   1932  1401      644.3333   426      615.0000      644.3333  1088886    4.77%
   1971  1516      644.3333   393      615.0000      644.3333  1147066    4.77%
   2020  1515      644.3333   601      615.0000      644.3333  1145581    4.77%
   2072  1514      644.3333   611      615.0000      644.3333  1147496    4.77%
Elapsed time = 4729.31 sec. (638884.52 ticks, tree = 58.10 MB, solutions = 4)
   2133  1530      644.3333   407      615.0000      644.3333  1153253    4.77%
   2198  1712      644.3333   574      615.0000      644.3333  1232700    4.77%
   2264  1648      644.3333   572      615.0000      644.3333  1204438    4.77%
   2331  1696      644.3333   465      615.0000      644.3333  1226256    4.77%
   2402  1533      644.3333   584      615.0000      644.3333  1155833    4.77%
   2476  1667      644.3333   587      615.0000      644.3333  1215482    4.77%
   2547  1742      644.3333   620      615.0000      644.3333  1244483    4.77%
   2625  1639      644.3333   558      615.0000      644.3333  1200449    4.77%
   2700  1954      644.3333   341      615.0000      644.3333  1358843    4.77%
   3039  1916      644.3333   379      615.0000      644.3333  1333617    4.77%
Elapsed time = 4980.21 sec. (651337.27 ticks, tree = 77.20 MB, solutions = 4)
   3391  2280      644.3333   578      615.0000      644.3333  1505741    4.77%
*  3621+ 2321                          619.0000      644.3333             4.09%
   3750  2212      644.3333   550      619.0000      644.3333  1476594    4.09%
   4068  2558      644.3333   554      619.0000      644.3333  1635951    4.09%
Exception raised in listener 'MipGapPrinter': 'int' object is not callable, id=42
   4364  2957      644.3333   499      619.0000      644.3333  1837688    4.09%
   4579  3013      643.8333   291      619.0000      644.3333  1880625    4.09%
   4796  3348      644.3333   474      619.0000      644.3333  2017609    4.09%
*  5020+ 3690                          620.0000      644.3333             3.92%
   5055  3584    infeasible            620.0000      644.3333  2124908    3.92%
Exception raised in listener 'MipGapPrinter': 'int' object is not callable, id=44
*  5258+ 3760                          621.0000      644.3333             3.76%
Exception raised in listener 'MipGapPrinter': 'int' object is not callable, id=45
   5307  3586      642.9375   152      621.0000      644.3333  2114908    3.76%
   5530  4058    infeasible            621.0000      644.3333  2312683    3.76%
   5779  3981      644.3333   460      621.0000      644.3333  2292165    3.76%
Elapsed time = 5874.10 sec. (689617.21 ticks, tree = 222.02 MB, solutions = 8)
*  5909+ 3705                          624.0000      644.3333             3.26%
   6040  4529      644.3333   434      624.0000      644.3333  2509627    3.26%
   6332  4517      644.3333   478      624.0000      644.3333  2506856    3.26%
Exception raised in listener 'MipGapPrinter': 'int' object is not callable, id=47
   6635  4644      644.3333   520      624.0000      644.3333  2544075    3.26%
   6930  5007      644.3333   359      624.0000      644.3333  2662429    3.26%
   7223  5276      644.3333   428      624.0000      644.3333  2728255    3.26%
*  7423+ 5447                          625.0000      644.3333             3.09%
   7487  5042      644.3333   412      625.0000      644.3333  2671846    3.09%
   7768  5393      644.3333   376      625.0000      644.3333  2760274    3.09%
Exception raised in listener 'MipGapPrinter': 'int' object is not callable, id=49
   8100  5563    infeasible            625.0000      644.3333  2828885    3.09%
   8488  5762      643.3333   332      625.0000      644.3333  2887182    3.09%
   8795  6037      644.0000   356      625.0000      644.3333  2976616    3.09%
Elapsed time = 6581.24 sec. (727920.96 ticks, tree = 342.35 MB, solutions = 15)
   8956  6070    infeasible            625.0000      644.3333  2996373    3.09%
*  9028+ 4576                          626.0000      644.3333             2.93%

GUB cover cuts applied:  136
Clique cuts applied:  3
Cover cuts applied:  7
Implied bound cuts applied:  58
Mixed integer rounding cuts applied:  14
Zero-half cuts applied:  63
Lift and project cuts applied:  1
Gomory fractional cuts applied:  13

Root node processing (before b&c):
  Real time             = 3020.46 sec. (532149.68 ticks)
Parallel b&c, 24 threads:
  Real time             = 11379.68 sec. (822577.08 ticks)
  Sync time (average)   =  959.59 sec.
  Wait time (average)   =    0.00 sec.
                          ------------
Total (root+branch&cut) = 14400.14 sec. (1354726.76 ticks)
status  = time limit exceeded
time    = 14400.7 s.
problem = MILP
gap     = 2.92865%

Objective value: 626.0
[50, 100, 8, 6, 400, 256, 626, 644, 2.93, 14400.68]
number of spatial :  547
Heuristic Solution information :  [50, 100, 8, 6, 400, 241, 559, 12, 547]
