CPXPARAM_Read_DataCheck                          1
CPXPARAM_TimeLimit                               14400
Tried aggregator 2 times.
MIP Presolve eliminated 49728 rows and 453011 columns.
MIP Presolve modified 2460 coefficients.
Aggregator did 912 substitutions.
Reduced MIP has 558313 rows, 127709 columns, and 1702912 nonzeros.
Reduced MIP has 117709 binaries, 0 generals, 0 SOSs, and 0 indicators.
Presolve time = 3.12 sec. (6623.27 ticks)
Probing time = 2.45 sec. (36.26 ticks)
Tried aggregator 1 time.
MIP Presolve eliminated 391962 rows and 7988 columns.
Reduced MIP has 166351 rows, 119721 columns, and 918988 nonzeros.
Reduced MIP has 117709 binaries, 0 generals, 0 SOSs, and 0 indicators.
Presolve time = 15.69 sec. (3825.06 ticks)
Probing time = 2.11 sec. (28.91 ticks)
Clique table members: 63486.
MIP emphasis: balance optimality and feasibility.
MIP search method: dynamic search.
Parallel mode: deterministic, using up to 24 threads.
Root relaxation solution time = 39.08 sec. (5114.46 ticks)

        Nodes                                         Cuts/
   Node  Left     Objective  IInf  Best Integer    Best Bound    ItCnt     Gap

*     0+    0                          581.0000      918.0000            58.00%
      0     0      903.3000  1313      581.0000      903.3000    43755   55.47%
Exception raised in listener 'MipGapPrinter': 'int' object is not callable, id=1
*     0+    0                          710.0000      903.3000            27.23%
Exception raised in listener 'MipGapPrinter': 'int' object is not callable, id=3
      0     0      903.3000  1409      710.0000     Cuts: 997    74963   27.23%
      0     0      903.3000  1308      710.0000     Cuts: 203   101331   27.23%
      0     0      903.3000  1450      710.0000     Cuts: 719   131005   27.23%
*     0+    0                          794.0000      903.3000            13.77%
*     0+    0                          809.0000      903.3000            11.66%
*     0+    0                          858.0000      903.3000             5.28%
Exception raised in listener 'MipGapPrinter': 'int' object is not callable, id=9
Heuristic still looking.
Heuristic still looking.
      0     2      903.3000   874      858.0000      903.3000   131005    5.28%
Elapsed time = 4005.36 sec. (300803.63 ticks, tree = 0.02 MB, solutions = 5)
      1     3      903.3000   936      858.0000      903.3000   133558    5.28%
      2     4      903.3000   874      858.0000      903.3000   134813    5.28%
      3     5      903.3000   890      858.0000      903.3000   135589    5.28%
      4     6      903.3000   882      858.0000      903.3000   136167    5.28%
      5     7      903.3000   780      858.0000      903.3000   137776    5.28%
      6     8      903.3000   819      858.0000      903.3000   138050    5.28%
      7     9      903.3000   863      858.0000      903.3000   138579    5.28%
      8    10      903.3000   888      858.0000      903.3000   139069    5.28%
     10    10    infeasible            858.0000      903.3000   139901    5.28%
     11     7      903.3000   783      858.0000      903.3000   136766    5.28%
Elapsed time = 4562.72 sec. (325349.81 ticks, tree = 0.02 MB, solutions = 5)
     14    14      903.3000   697      858.0000      903.3000   142316    5.28%
     20    20      903.3000   755      858.0000      903.3000   146389    5.28%
     25    25      903.3000   745      858.0000      903.3000   148296    5.28%
     29    10      903.3000   775      858.0000      903.3000   139059    5.28%
     37    32      903.3000   793      858.0000      903.3000   150587    5.28%
     44    40      903.3000   715      858.0000      903.3000   155305    5.28%
     50    40      903.3000   742      858.0000      903.3000   153948    5.28%
     56    46      903.3000   698      858.0000      903.3000   157691    5.28%
     63    56      903.3000   719      858.0000      903.3000   161522    5.28%
     73    68      903.3000   670      858.0000      903.3000   166859    5.28%
Elapsed time = 4981.51 sec. (336213.76 ticks, tree = 1.98 MB, solutions = 5)
     85    70      903.3000   628      858.0000      903.3000   165948    5.28%
    100    91      903.3000   661      858.0000      903.3000   178854    5.28%
    122    82    infeasible            858.0000      903.3000   171807    5.28%
    136    85      903.3000   612      858.0000      903.3000   173277    5.28%
    150   109      903.3000   789      858.0000      903.3000   195207    5.28%
    166   137      903.3000   687      858.0000      903.3000   206670    5.28%
    184   145      903.3000   664      858.0000      903.3000   213392    5.28%
    204   157      903.3000   658      858.0000      903.3000   224151    5.28%
    224   189      903.3000   662      858.0000      903.3000   251162    5.28%
    250   169      903.3000   801      858.0000      903.3000   240230    5.28%
Elapsed time = 5428.27 sec. (346466.27 ticks, tree = 5.29 MB, solutions = 5)
    279   200      903.3000   742      858.0000      903.3000   255537    5.28%
    308   252      903.3000   710      858.0000      903.3000   281757    5.28%
    348   276      903.3000   862      858.0000      903.3000   294650    5.28%
    381   260      903.3000   685      858.0000      903.3000   284951    5.28%
    425   282      903.3000   768      858.0000      903.3000   299284    5.28%
    468   337      903.3000   794      858.0000      903.3000   318935    5.28%
    521   357      903.3000   814      858.0000      903.3000   329211    5.28%
    581   342      903.3000   681      858.0000      903.3000   321629    5.28%
    614   418      903.3000   658      858.0000      903.3000   360566    5.28%
    630   420      903.3000   657      858.0000      903.3000   361755    5.28%
Elapsed time = 5971.72 sec. (356222.41 ticks, tree = 12.06 MB, solutions = 5)
    642    23      903.3000   838      858.0000      903.3000   147809    5.28%
    644   590      903.3000   625      858.0000      903.3000   428314    5.28%
    654   599      903.3000   603      858.0000      903.3000   431755    5.28%
    669    20      903.3000   755      858.0000      903.3000   146323    5.28%
    687   610      903.3000   493      858.0000      903.3000   435506    5.28%
    706   617      903.3000   633      858.0000      903.3000   438859    5.28%
    734   547      903.3000   757      858.0000      903.3000   409888    5.28%
    763   618      903.3000   782      858.0000      903.3000   439775    5.28%
    792   665      903.3000   667      858.0000      903.3000   459268    5.28%
    824   668      903.3000   722      858.0000      903.3000   459683    5.28%
Elapsed time = 6777.05 sec. (367511.56 ticks, tree = 21.81 MB, solutions = 5)
    859   532      903.3000   741      858.0000      903.3000   402672    5.28%
    892   712      903.3000   634      858.0000      903.3000   480630    5.28%
    932   714      903.3000   642      858.0000      903.3000   481842    5.28%
    986   766      903.3000   780      858.0000      903.3000   503741    5.28%
   1043   867      903.3000   711      858.0000      903.3000   553549    5.28%
   1112   802      903.3000   731      858.0000      903.3000   522263    5.28%
   1189   905      903.3000   617      858.0000      903.3000   570080    5.28%
   1262   978      903.3000   455      858.0000      903.3000   600351    5.28%
   1342   881      903.3000   731      858.0000      903.3000   558272    5.28%
   1418   987      903.3000   475      858.0000      903.3000   603773    5.28%
Elapsed time = 7323.36 sec. (377162.90 ticks, tree = 41.36 MB, solutions = 5)
   1472   992      903.3000   473      858.0000      903.3000   605711    5.28%
   1529  1196      903.3000   781      858.0000      903.3000   682759    5.28%
   1587  1137      903.3000   741      858.0000      903.3000   663808    5.28%
   1636  1268      903.3000   640      858.0000      903.3000   703037    5.28%
   1671  1313      903.3000   653      858.0000      903.3000   721913    5.28%
   1704  1155      903.3000   771      858.0000      903.3000   675668    5.28%
   1735  1208      903.3000   668      858.0000      903.3000   691575    5.28%
   1768  1336      903.3000   750      858.0000      903.3000   733452    5.28%
   1804  1325      903.3000   715      858.0000      903.3000   736475    5.28%
   1839  1411      903.3000   771      858.0000      903.3000   782723    5.28%
Elapsed time = 7890.38 sec. (387182.32 ticks, tree = 63.37 MB, solutions = 5)
   1870  1531      903.3000   522      858.0000      903.3000   861486    5.28%
   1898  1495      903.3000   720      858.0000      903.3000   832214    5.28%
   1933  1482    infeasible            858.0000      903.3000   825859    5.28%
   1976  1546      903.3000   657      858.0000      903.3000   864699    5.28%
   2013  1578      903.3000   772      858.0000      903.3000   877649    5.28%
   2044  1637      903.3000   650      858.0000      903.3000   903682    5.28%
   2074  1641      903.3000   710      858.0000      903.3000   904771    5.28%
   2100  1688      903.3000   547      858.0000      903.3000   925192    5.28%
   2121  1663      903.3000   627      858.0000      903.3000   912671    5.28%
   2155  1697      903.3000   540      858.0000      903.3000   928516    5.28%
Elapsed time = 8490.07 sec. (397070.59 ticks, tree = 82.13 MB, solutions = 5)
   2185  1703      903.3000   535      858.0000      903.3000   930738    5.28%
   2219  1803      903.3000   483      858.0000      903.3000   979391    5.28%
   2240  1781    infeasible            858.0000      903.3000   970384    5.28%
   2265  1730      903.3000   511      858.0000      903.3000   949782    5.28%
   2297  1734      903.3000   453      858.0000      903.3000   952828    5.28%
   2328  1876      903.3000   439      858.0000      903.3000  1014057    5.28%
   2358  1881      903.3000   425      858.0000      903.3000  1017402    5.28%
   2391  1924      903.3000   634      858.0000      903.3000  1027794    5.28%
   2410  1889      903.3000   433      858.0000      903.3000  1023225    5.28%
   2419  1964    infeasible            858.0000      903.3000  1045817    5.28%
Elapsed time = 8905.70 sec. (406872.63 ticks, tree = 96.28 MB, solutions = 5)
   2435  1893      903.3000   418      858.0000      903.3000  1027988    5.28%
   2449  1897      903.3000   465      858.0000      903.3000  1031302    5.28%
   2466  1974      903.3000   462      858.0000      903.3000  1052088    5.28%
   2480  2035      903.3000   661      858.0000      903.3000  1084325    5.28%
   2514  2105      903.3000   496      858.0000      903.3000  1126193    5.28%
   2562  2088      903.3000   588      858.0000      903.3000  1118818    5.28%
   2604  2137      903.3000   602      858.0000      903.3000  1145690    5.28%
   2657  2049      903.3000   698      858.0000      903.3000  1089605    5.28%
   2705  2133    infeasible            858.0000      903.3000  1144921    5.28%
   2870  2196      903.3000   624      858.0000      903.3000  1173954    5.28%
Elapsed time = 9504.33 sec. (419540.68 ticks, tree = 110.50 MB, solutions = 5)
   3030  2402      903.3000   809      858.0000      903.3000  1258551    5.28%
   3202  2383      903.3000   698      858.0000      903.3000  1246402    5.28%
   3364  2398      903.3000   648      858.0000      903.3000  1251714    5.28%
*  3509+ 2591                          862.0000      903.3000             4.79%
   3555  2860      903.3000   561      862.0000      903.3000  1458956    4.79%
   3806  2999      903.3000   565      862.0000      903.3000  1511386    4.79%
Exception raised in listener 'MipGapPrinter': 'int' object is not callable, id=26
   4151  3207      903.3000   605      862.0000      903.3000  1591164    4.79%
   4543  3143      903.3000   680      862.0000      903.3000  1564431    4.79%
   4958  3336      903.3000   665      862.0000      903.3000  1641978    4.79%
*  5332+ 4215                          864.0000      903.3000             4.55%
   5369  4183      903.3000   496      864.0000      903.3000  2027224    4.55%
*  5472+ 4374                          868.0000      903.3000             4.07%
Exception raised in listener 'MipGapPrinter': 'int' object is not callable, id=28
   5677  4754      903.3000   392      868.0000      903.3000  2268219    4.07%
Elapsed time = 10705.73 sec. (457861.09 ticks, tree = 274.48 MB, solutions = 10)
   6043  4512      900.3000   376      868.0000      903.3000  2176738    4.07%
   6399  4746      903.3000   495      868.0000      903.3000  2264143    4.07%
   6744  5334      903.3000   496      868.0000      903.3000  2569822    4.07%
*  6988+ 4442                          870.0000      903.3000             3.83%
   7122  5542      903.3000   509      870.0000      903.3000  2674197    3.83%
*  7220+ 4442                          872.0000      903.3000             3.59%
   7530  5747      903.3000   315      872.0000      903.3000  2873537    3.59%
   7905  5720      903.3000   617      872.0000      903.3000  2831379    3.59%
   8347  6228      902.8000   343      872.0000      903.3000  3174606    3.59%
*  8414+ 4444                          874.0000      903.3000             3.35%
*  8712+ 4444                          876.0000      903.3000             3.12%
   8840  6296      903.0000   300      876.0000      903.3000  3265558    3.12%
*  9268+ 4444                          878.0000      903.3000             2.88%
   9327  6603      903.3000   605      878.0000      903.3000  3444404    2.88%
*  9391+ 4444                          880.0000      903.3000             2.65%
Exception raised in listener 'MipGapPrinter': 'int' object is not callable, id=32
   9829  7560      903.3000   549      880.0000      903.3000  4036255    2.65%
Elapsed time = 11733.29 sec. (496118.49 ticks, tree = 441.98 MB, solutions = 17)
  10273  7295      903.3000   246      880.0000      903.3000  3947401    2.65%
  10701  7590      903.3000   469      880.0000      903.3000  4050053    2.65%
  11049  8478      903.3000   429      880.0000      903.3000  4674399    2.65%
  11459  8395      903.3000   509      880.0000      903.3000  4626063    2.65%
  11789  8878      902.5000   329      880.0000      903.3000  4962384    2.65%
  11810  8754      903.3000   310      880.0000      903.3000  4840279    2.65%

GUB cover cuts applied:  43
Clique cuts applied:  29
Cover cuts applied:  122
Implied bound cuts applied:  1887
Flow cuts applied:  6
Mixed integer rounding cuts applied:  237
Zero-half cuts applied:  81
Lift and project cuts applied:  2
Gomory fractional cuts applied:  20

Root node processing (before b&c):
  Real time             = 3979.07 sec. (300664.36 ticks)
Parallel b&c, 24 threads:
  Real time             = 10428.48 sec. (307734.69 ticks)
  Sync time (average)   = 2517.73 sec.
  Wait time (average)   =    0.00 sec.
                          ------------
Total (root+branch&cut) = 14407.55 sec. (608399.05 ticks)
status  = time limit exceeded
time    = 14411.4 s.
problem = MILP
gap     = 2.4858%

Objective value: 880.0
[50, 200, 8, 6, 400, 381, 880, 901, 2.49, 14411.43]
number of spatial :  773
Heuristic Solution information :  [50, 200, 8, 6, 400, 342, 785, 12, 773]
