CPXPARAM_Read_DataCheck                          1
CPXPARAM_TimeLimit                               14400
Tried aggregator 2 times.
MIP Presolve eliminated 791 rows and 141790 columns.
MIP Presolve added 124 rows and 0 columns.
MIP Presolve modified 318 coefficients.
Aggregator did 898 substitutions.
Reduced MIP has 123374 rows, 4030 columns, and 250940 nonzeros.
Reduced MIP has 1530 binaries, 0 generals, 0 SOSs, and 0 indicators.
Presolve time = 0.33 sec. (1123.33 ticks)
Found incumbent of value 8.000000 after 0.61 sec. (1319.38 ticks)
Probing fixed 32 vars, tightened 0 bounds.
Probing time = 1.01 sec. (3.94 ticks)
Tried aggregator 1 time.
MIP Presolve eliminated 29464 rows and 634 columns.
Reduced MIP has 93910 rows, 3396 columns, and 192008 nonzeros.
Reduced MIP has 1496 binaries, 0 generals, 0 SOSs, and 0 indicators.
Presolve time = 0.06 sec. (73.52 ticks)
Probing time = 0.98 sec. (2.64 ticks)
Tried aggregator 1 time.
MIP Presolve eliminated 87594 rows and 1424 columns.
Reduced MIP has 6316 rows, 1972 columns, and 16820 nonzeros.
Reduced MIP has 1496 binaries, 0 generals, 0 SOSs, and 0 indicators.
Presolve time = 6.55 sec. (1825.09 ticks)
Probing time = 0.00 sec. (0.73 ticks)
Clique table members: 1461.
MIP emphasis: balance optimality and feasibility.
MIP search method: dynamic search.
Parallel mode: deterministic, using up to 24 threads.
Root relaxation solution time = 0.04 sec. (24.08 ticks)

        Nodes                                         Cuts/
   Node  Left     Objective  IInf  Best Integer    Best Bound    ItCnt     Gap

*     0+    0                            8.0000      730.0000              --- 
*     0+    0                          220.0000      730.0000           231.82%
      0     0      327.3000   236      220.0000      327.3000      929   48.77%
Exception raised in listener 'MipGapPrinter': 'int' object is not callable, id=1
*     0+    0                          242.0000      327.3000            35.25%
Exception raised in listener 'MipGapPrinter': 'int' object is not callable, id=3
      0     0      295.0000   139      242.0000     Cuts: 487     1607   21.90%
      0     0      282.1500    69      242.0000     Cuts: 216     1906   16.59%
*     0+    0                          261.0000      282.1500             8.10%
Exception raised in listener 'MipGapPrinter': 'int' object is not callable, id=7
      0     0      280.0000    90      261.0000      Cuts: 59     2058    7.28%
      0     0      279.5000   112      261.0000      Cuts: 41     2148    7.09%
      0     0      279.0000    86      261.0000      Cuts: 50     2236    6.90%
*     0+    0                          266.0000      279.0000             4.89%
Exception raised in listener 'MipGapPrinter': 'int' object is not callable, id=14
      0     0      278.5000    89      266.0000      Cuts: 31     2266    4.70%
      0     0      278.5000    78      266.0000      Cuts: 17     2287    4.70%
*     0+    0                          271.0000      278.5000             2.77%
Exception raised in listener 'MipGapPrinter': 'int' object is not callable, id=19
      0     0      278.5000    72      271.0000      Cuts: 14     2305    2.77%
*     0+    0                          277.0000      278.5000             0.54%
Exception raised in listener 'MipGapPrinter': 'int' object is not callable, id=22
      0     2      278.5000     2      277.0000      278.5000     2305    0.54%
Elapsed time = 12.67 sec. (4065.61 ticks, tree = 0.02 MB, solutions = 7)
*   621   458      integral     0      278.0000      278.5000    20475    0.18%
Exception raised in listener 'MipGapPrinter': 'int' object is not callable, id=41

GUB cover cuts applied:  183
Clique cuts applied:  86
Cover cuts applied:  107
Flow cuts applied:  11
Mixed integer rounding cuts applied:  17
Zero-half cuts applied:  78
Lift and project cuts applied:  5
Gomory fractional cuts applied:  137

Root node processing (before b&c):
  Real time             =   11.23 sec. (4072.41 ticks)
Parallel b&c, 24 threads:
  Real time             =    9.21 sec. (219.23 ticks)
  Sync time (average)   =    7.23 sec.
  Wait time (average)   =    0.00 sec.
                          ------------
Total (root+branch&cut) =   20.44 sec. (4291.64 ticks)
status  = integer optimal solution
time    = 20.4452 s.
problem = MILP
gap     = 0%

Objective value: 278.0
[50, 50, 8, 6, 400, 117, 278, 278, 0.0, 20.45]
number of spatial :  206
Heuristic Solution information :  [50, 50, 8, 6, 400, 111, 218, 12, 206]
