CPXPARAM_Read_DataCheck                          1
CPXPARAM_TimeLimit                               14400
Tried aggregator 2 times.
MIP Presolve eliminated 24825 rows and 84971 columns.
MIP Presolve modified 1330 coefficients.
Aggregator did 912 substitutions.
Reduced MIP has 157159 rows, 60749 columns, and 601606 nonzeros.
Reduced MIP has 58249 binaries, 0 generals, 0 SOSs, and 0 indicators.
Presolve time = 0.72 sec. (1878.56 ticks)
Probing time = 1.51 sec. (13.68 ticks)
Tried aggregator 1 time.
MIP Presolve eliminated 73500 rows and 1500 columns.
Reduced MIP has 83659 rows, 59249 columns, and 454606 nonzeros.
Reduced MIP has 58249 binaries, 0 generals, 0 SOSs, and 0 indicators.
Presolve time = 0.58 sec. (522.50 ticks)
Probing time = 1.35 sec. (13.02 ticks)
Clique table members: 31854.
MIP emphasis: balance optimality and feasibility.
MIP search method: dynamic search.
Parallel mode: deterministic, using up to 24 threads.
Root relaxation solution time = 7.67 sec. (3345.24 ticks)

        Nodes                                         Cuts/
   Node  Left     Objective  IInf  Best Integer    Best Bound    ItCnt     Gap

*     0+    0                          134.0000      918.0000           585.07%
      0     0      436.7000   795      134.0000      436.7000    42773  225.90%
Exception raised in listener 'MipGapPrinter': 'int' object is not callable, id=1
*     0+    0                          260.0000      436.7000            67.96%
Exception raised in listener 'MipGapPrinter': 'int' object is not callable, id=3
      0     0      381.4000   622      260.0000     Cuts: 843    61413   46.69%
      0     0      366.7000   614      260.0000     Cuts: 460    79652   41.04%
      0     0      366.7000   659      260.0000     Cuts: 422    96339   41.04%
*     0+    0                          310.0000      366.7000            18.29%
*     0+    0                          318.0000      366.7000            15.31%
*     0+    0                          321.0000      366.7000            14.24%
Exception raised in listener 'MipGapPrinter': 'int' object is not callable, id=9
      0     0      366.7000   614      321.0000      Cuts: 62   112153   14.24%
      0     0      366.7000   681      321.0000     Cuts: 261   129982   14.24%
Heuristic still looking.
*     0+    0                          330.0000      366.7000            11.12%
*     0+    0                          332.0000      366.7000            10.45%
*     0+    0                          333.0000      366.7000            10.12%
*     0+    0                          335.0000      366.7000             9.46%
*     0+    0                          336.0000      366.7000             9.14%
Exception raised in listener 'MipGapPrinter': 'int' object is not callable, id=14
      0     2      366.7000   420      336.0000      366.7000   129982    9.14%
Elapsed time = 971.31 sec. (176267.27 ticks, tree = 0.02 MB, solutions = 10)
      1     3      366.7000   559      336.0000      366.7000   132367    9.14%
      2     4      366.7000   513      336.0000      366.7000   134407    9.14%
      3     5      366.7000   486      336.0000      366.7000   139936    9.14%
      4     6      366.7000   507      336.0000      366.7000   141847    9.14%
      5     7      366.7000   521      336.0000      366.7000   144418    9.14%
      6     8      366.7000   510      336.0000      366.7000   146534    9.14%
      7     9      366.7000   509      336.0000      366.7000   148423    9.14%
*     9+    5                          337.0000      366.7000             8.81%
      9     6      366.7000   512      337.0000      366.7000   141273    8.81%
*    10+    5                          339.0000      366.7000             8.17%
     10     7      366.7000   507      339.0000      366.7000   142807    8.17%
     14    13      366.7000   385      339.0000      366.7000   160843    8.17%
Elapsed time = 1101.03 sec. (192513.60 ticks, tree = 0.04 MB, solutions = 13)
     20    17    infeasible            339.0000      366.7000   174711    8.17%
     25    19      366.7000   485      339.0000      366.7000   184528    8.17%
     31    24      366.7000   456      339.0000      366.7000   201179    8.17%
     35    22      366.7000   471      339.0000      366.7000   199897    8.17%
*    40+    3                          340.0000      366.7000             7.85%
     40     5      366.7000   506      340.0000      366.7000   136944    7.85%
     47    30    infeasible            340.0000      366.7000   229825    7.85%
     52    32      366.7000   490      340.0000      366.7000   234188    7.85%
     65    18      366.7000   508      340.0000      366.7000   174446    7.85%
     81    50      366.7000   457      340.0000      366.7000   277158    7.85%
Exception raised in listener 'MipGapPrinter': 'int' object is not callable, id=25
     96    47      366.7000   450      340.0000      366.7000   266438    7.85%
Elapsed time = 1217.83 sec. (202865.94 ticks, tree = 1.71 MB, solutions = 21)
    112    50      366.7000   421      340.0000      366.7000   270077    7.85%
    136    62      366.7000   526      340.0000      366.7000   311154    7.85%
    164    91    infeasible            340.0000      366.7000   380086    7.85%
    188    89      366.7000   443      340.0000      366.7000   375553    7.85%
    214   144      366.7000   234      340.0000      366.7000   486111    7.85%
    241   113      366.7000   420      340.0000      366.7000   422282    7.85%
    266   160      366.7000   423      340.0000      366.7000   539059    7.85%
    281   154      366.7000   480      340.0000      366.7000   530504    7.85%
    286   187    infeasible            340.0000      366.7000   624941    7.85%
    289   118      366.7000   358      340.0000      366.7000   431615    7.85%
Elapsed time = 1322.04 sec. (213661.31 ticks, tree = 3.18 MB, solutions = 22)
*   293+   21                          342.0000      366.7000             7.22%
    293   189      366.5500   206      342.0000      366.7000   635014    7.22%
*   297+   21                          343.0000      366.7000             6.91%
    301   196      366.0500   211      343.0000      366.7000   650355    6.91%
    316   200      365.6000   212      343.0000      366.7000   656705    6.91%
    339   207      366.7000   481      343.0000      366.7000   694591    6.91%
    365   204      366.7000   506      343.0000      366.7000   668672    6.91%
    401   243      366.7000   420      343.0000      366.7000   801944    6.91%
Exception raised in listener 'MipGapPrinter': 'int' object is not callable, id=28
    447   235      364.5350   204      343.0000      366.7000   779270    6.91%
    500   271      366.7000   449      343.0000      366.7000   901394    6.91%
    556   242      366.7000   352      343.0000      366.7000   797894    6.91%
    613   274    infeasible            343.0000      366.7000   889046    6.91%
Elapsed time = 1409.27 sec. (223487.06 ticks, tree = 16.96 MB, solutions = 25)
    672   373      366.7000   318      343.0000      366.7000  1194932    6.91%
    743   487      366.7000   269      343.0000      366.7000  1442738    6.91%
    806   469      366.7000   447      343.0000      366.7000  1399487    6.91%
    890   447      366.7000   345      343.0000      366.7000  1366578    6.91%
    967   527      358.3500   107      343.0000      366.7000  1475562    6.91%
   1061   506      366.7000   361      343.0000      366.7000  1487092    6.91%
   1137   633      366.7000   468      343.0000      366.7000  1806581    6.91%
   1194   744      357.5000    68      343.0000      366.7000  1942653    6.91%
   1249   549      366.7000   363      343.0000      366.7000  1606277    6.91%
   1318   630      366.7000   362      343.0000      366.7000  1803538    6.91%
Elapsed time = 1505.96 sec. (233199.39 ticks, tree = 51.02 MB, solutions = 25)
   1365   849      366.7000   362      343.0000      366.7000  2205718    6.91%
   1438   857      364.9808   247      343.0000      366.7000  2239247    6.91%
   1519   977      347.0000    28      343.0000      366.7000  2261718    6.91%
   1592   787    infeasible            343.0000      366.7000  2073764    6.91%
   1628   896      361.6250   162      343.0000      366.7000  2273699    6.91%
   1658   987      364.7500   213      343.0000      366.7000  2412599    6.91%
   1679  1075      359.0000   109      343.0000      366.7000  2560575    6.91%
   1703   988      364.7375   207      343.0000      366.7000  2415425    6.91%
   1732   988    infeasible            343.0000      366.7000  2429090    6.91%
   1774  1101      355.5000    78      343.0000      366.7000  2566316    6.91%
Elapsed time = 1627.48 sec. (243068.31 ticks, tree = 120.05 MB, solutions = 25)
   1800  1100      363.2500   208      343.0000      366.7000  2640988    6.91%
   1825  1107      363.2500   235      343.0000      366.7000  2646264    6.91%
   1858  1167      354.5417    90      343.0000      366.7000  2714487    6.91%
   1899  1156      366.0333   377      343.0000      366.7000  2748811    6.91%
   1927  1180      353.8750   111      343.0000      366.7000  2724032    6.91%
   1966  1236      363.4808   186      343.0000      366.7000  2916547    6.91%
   2021  1212      365.5000   169      343.0000      366.7000  2875337    6.91%
   2091  1243    infeasible            343.0000      366.7000  2954616    6.91%
   2180  1238    infeasible            343.0000      366.7000  2943345    6.91%
   2238  1262      355.7500    71      343.0000      366.7000  2906775    6.91%
Elapsed time = 1721.17 sec. (252755.81 ticks, tree = 126.18 MB, solutions = 25)
   2321  1375      358.4910   144      343.0000      366.7000  3203762    6.91%
   2398  1375      366.7000   331      343.0000      366.7000  3230244    6.91%
   2474  1472      354.2917   109      343.0000      366.7000  3293625    6.91%
   2545  1498    infeasible            343.0000      366.7000  3380533    6.91%
   2614  1486    infeasible            343.0000      366.7000  3356189    6.91%
   2685  1498      351.0833    65      343.0000      366.7000  3316830    6.91%
   2756  1608      363.3750   202      343.0000      366.7000  3533900    6.91%
   2831  1719      353.9121    78      343.0000      366.7000  3706580    6.91%
   2922  1620      366.3192   299      343.0000      366.7000  3589941    6.91%
   3031  1833      346.7500    55      343.0000      366.7000  3817613    6.91%
Elapsed time = 1813.26 sec. (262433.80 ticks, tree = 150.20 MB, solutions = 25)
   3141  1748    infeasible            343.0000      366.7000  3724363    6.91%
   3245  1758    infeasible            343.0000      366.7000  3729929    6.91%
   3346  2008      357.5164   154      343.0000      366.7000  4147707    6.91%
   3456  2045      359.3889    92      343.0000      366.7000  4184054    6.91%
   3579  2034      356.6970   127      343.0000      366.7000  4157980    6.91%
*  3636+ 2264                          349.0000      366.7000             5.07%
   3698  1949      366.7000   270      349.0000      366.7000  4093515    5.07%
   3800  2221      363.8102   248      349.0000      366.7000  4531084    5.07%
   3890  2184      365.7500   237      349.0000      366.7000  4644196    5.07%
Exception raised in listener 'MipGapPrinter': 'int' object is not callable, id=37
   3978  1967      366.7000   283      349.0000      366.7000  4133273    5.07%
   4052  2190      351.5000    25      349.0000      366.7000  4606308    5.07%
Elapsed time = 1915.77 sec. (272045.25 ticks, tree = 163.30 MB, solutions = 26)
   4138  2443      359.0000    85      349.0000      366.7000  4978480    5.07%
   4222  2211    infeasible            349.0000      366.7000  4697039    5.07%
   4300  2543      365.7500   220      349.0000      366.7000  5172542    5.07%
   4374  2553    infeasible            349.0000      366.7000  5134737    5.07%
   4447  2749    infeasible            349.0000      366.7000  5512988    5.07%
   4524  2564      358.0179   136      349.0000      366.7000  5141017    5.07%
   4610  2759      359.5000    89      349.0000      366.7000  5523717    5.07%
   4686  2582      354.6250    78      349.0000      366.7000  5156832    5.07%
   4770  2934      364.6635   208      349.0000      366.7000  5818444    5.07%
   5049  3014      361.8602   187      349.0000      366.7000  5933219    5.07%
Elapsed time = 2029.09 sec. (284579.08 ticks, tree = 184.53 MB, solutions = 26)
*  5082+ 3166                          350.0000      366.7000             4.77%
Exception raised in listener 'MipGapPrinter': 'int' object is not callable, id=39
   5238  3359      364.5000   182      350.0000      366.7000  6506485    4.77%
   5492  3263      352.0833   122      350.0000      366.7000  6375099    4.77%
*  5548+ 3144                          351.0000      366.7000             4.47%
   5694  3667      360.6250   172      351.0000      366.7000  6918632    4.47%
   5798  3693      356.8106   152      351.0000      366.7000  6939997    4.47%
   5802  3449      366.7000   474      351.0000      366.7000  6699368    4.47%
   5804  2729      366.7000   381      351.0000      366.7000  5497714    4.47%
   5805  2811      366.7000   478      351.0000      366.7000  5642840    4.47%
Exception raised in listener 'MipGapPrinter': 'int' object is not callable, id=40
   5806  3903      366.7000   436      351.0000      366.7000  7588864    4.47%
   5807  3904      366.7000   545      351.0000      366.7000  7604762    4.47%
   5808  3905      366.7000   486      351.0000      366.7000  7619737    4.47%
Elapsed time = 6006.08 sec. (771486.03 ticks, tree = 264.55 MB, solutions = 28)
   5809  3906      366.7000   525      351.0000      366.7000  7632850    4.47%
   5810  3906      366.7000   555      351.0000      366.7000  7646947    4.47%
   5811  3907      366.7000   492      351.0000      366.7000  7649048    4.47%
   5813  3908      366.7000   567      351.0000      366.7000  7649635    4.47%
   5815  3474    infeasible            351.0000      366.7000  7649691    4.47%
   5817  3476      366.7000   511      351.0000      366.7000  7650481    4.47%
   5820   869      366.7000   560      351.0000      366.7000  7606445    4.47%
   5824   881      366.7000   501      351.0000      366.7000  7672085    4.47%
   5831   209    infeasible            351.0000      366.7000  7694960    4.47%
   5835   194      366.7000   534      351.0000      366.7000  7708262    4.47%
Elapsed time = 7128.44 sec. (841622.19 ticks, tree = 11.50 MB, solutions = 28)
   5840    70      366.7000   424      351.0000      366.7000  7713365    4.47%
   5851    57    infeasible            351.0000      366.7000  7717170    4.47%
   5863    38      366.7000   394      351.0000      366.7000  7723142    4.47%
   5869     9      366.7000   469      351.0000      366.7000  7651433    4.47%
   5879    50      366.7000   512      351.0000      366.7000  7774618    4.47%
   5888    52      366.7000   504      351.0000      366.7000  7794210    4.47%
   5910    69      366.7000   413      351.0000      366.7000  7869309    4.47%
   5934    58      366.7000   350      351.0000      366.7000  7791522    4.47%
   5957    88      366.7000   426      351.0000      366.7000  7969542    4.47%
   5980    92      366.2000   487      351.0000      366.7000  7997901    4.47%
Elapsed time = 7867.44 sec. (882029.08 ticks, tree = 6.06 MB, solutions = 28)
*  6009+   16                          352.0000      366.7000             4.18%
   6013   139      366.7000   385      352.0000      366.7000  8112760    4.18%
   6057   136      366.7000   441      352.0000      366.7000  8092914    4.18%
Exception raised in listener 'MipGapPrinter': 'int' object is not callable, id=63
   6106   195      366.7000   439      352.0000      366.7000  8264139    4.18%
   6155   200      366.7000   470      352.0000      366.7000  8266786    4.18%
   6217   209      366.2000   385      352.0000      366.7000  8302060    4.18%
   6287   275      366.7000   288      352.0000      366.7000  8416143    4.18%
   6359   252      366.7000   432      352.0000      366.7000  8374043    4.18%
   6445   296      366.0000   353      352.0000      366.7000  8438131    4.18%
   6532   356      364.0000   391      352.0000      366.7000  8542291    4.18%
   6615   454      366.0000   370      352.0000      366.7000  8673578    4.18%
Elapsed time = 8508.45 sec. (920792.63 ticks, tree = 133.26 MB, solutions = 30)
   6710   534      365.9929   370      352.0000      366.7000  8831468    4.18%
   6794   612      366.0000   406      352.0000      366.7000  8934904    4.18%
   6880   777      365.4528   299      352.0000      366.7000  9259684    4.18%
   6982   684    infeasible            352.0000      366.7000  9079406    4.18%
   7072   846      366.0000   411      352.0000      366.7000  9373072    4.18%
   7158   932      366.0000   396      352.0000      366.7000  9497721    4.18%
   7251   994      363.7864   333      352.0000      366.7000  9651222    4.18%
   7341  1076      366.0000   454      352.0000      366.7000  9750766    4.18%
   7432  1163      365.0000   316      352.0000      366.7000  9908839    4.18%
   7531  1177      364.0000   381      352.0000      366.7000  9931968    4.18%
Elapsed time = 9117.48 sec. (959210.58 ticks, tree = 482.01 MB, solutions = 30)
   7616  1199      365.4000   346      352.0000      366.7000  9970437    4.18%
   7712  1328      363.9167   345      352.0000      366.7000 10147812    4.18%
   7804  1431      364.0000   357      352.0000      366.7000 10302419    4.18%
   7899  1291      366.0000   343      352.0000      366.7000 10085173    4.18%
   7989  1496      360.9224   312      352.0000      366.7000 10418987    4.18%
   8074  1475      366.0000   408      352.0000      366.7000 10377525    4.18%
   8170  1429      364.4167   399      352.0000      366.7000 10285607    4.18%
   8261  1566      363.6667   341      352.0000      366.7000 10504268    4.18%
   8360  1600      363.7750   337      352.0000      366.7000 10570114    4.18%
   8465  1718      362.6667   331      352.0000      366.7000 10679558    4.18%
Elapsed time = 9605.05 sec. (997998.43 ticks, tree = 802.56 MB, solutions = 30)
   8558  1800      360.5417   264      352.0000      366.7000 10844024    4.18%
   8654  1910      363.0778   323      352.0000      366.7000 11078620    4.18%
   8751  1931      364.9722   378      352.0000      366.7000 11112460    4.18%
   8844  2133      363.4375   338      352.0000      366.7000 11423639    4.18%
   8941  2137      362.1292   289      352.0000      366.7000 11430246    4.18%
   9046  2141      363.2500   321      352.0000      366.7000 11434270    4.18%
   9141  2429      356.4000   235      352.0000      366.7000 11965321    4.18%
   9233  2237      364.0833   282      352.0000      366.7000 11531116    4.18%
   9335  2270      361.1429   330      352.0000      366.7000 11670100    4.18%
   9433  2400      359.8600   320      352.0000      366.7000 11918890    4.18%
Elapsed time = 10006.81 sec. (1036389.77 ticks, tree = 1208.70 MB, solutions = 30)
   9546  2741      363.8000   347      352.0000      366.7000 12543299    4.18%
   9642  2805      354.2750   201      352.0000      366.7000 12611474    4.18%
   9734  2686      366.2000   393      352.0000      366.7000 12462716    4.18%
   9834  2857      365.0000   349      352.0000      366.7000 12690673    4.18%
   9924  2966      363.7798   339      352.0000      366.7000 12906593    4.18%
  10014  3005      363.4722   278      352.0000      366.7000 12944306    4.18%
  10102  2993      365.0500   401      352.0000      366.7000 12932893    4.18%
  10206  3064      363.8333   299      352.0000      366.7000 13060182    4.18%
  10314  3031      366.6250   346      352.0000      366.7000 13022375    4.18%
  10407  3137      354.8750   352      352.0000      366.7000 13175637    4.18%
Elapsed time = 10459.81 sec. (1074815.38 ticks, tree = 1688.06 MB, solutions = 30)
  10519  3303      362.7500   403      352.0000      366.7000 13507552    4.18%
  10635  3572      365.1250   351      352.0000      366.7000 13883636    4.18%
  10728  3431      363.5000   314      352.0000      366.7000 13640776    4.18%
  10816  3479      354.7000   355      352.0000      366.7000 13734207    4.18%
  10911  3658      364.3000   392      352.0000      366.7000 14054495    4.18%
  11003  3730      363.7917   255      352.0000      366.7000 14198657    4.18%
  11096  3815      356.7500   311      352.0000      366.7000 14299496    4.18%
  11173  3890      359.5774   295      352.0000      366.7000 14406069    4.18%
  11236  4071      363.6250   273      352.0000      366.7000 14772152    4.18%
  11310  3951      363.8992   302      352.0000      366.7000 14544226    4.18%
Elapsed time = 10856.69 sec. (1113467.60 ticks, tree = 2207.75 MB, solutions = 30)
Nodefile size = 139.71 MB (79.50 MB after compression)
  11366  4222      359.5226   292      352.0000      366.7000 15065169    4.18%
  11430  4177      356.1714   370      352.0000      366.7000 14948630    4.18%
  11501  4202      365.5500   356      352.0000      366.7000 15024134    4.18%
  11581  4353      362.0500   379      352.0000      366.7000 15340846    4.18%
  11658  4386      362.2500   246      352.0000      366.7000 15453295    4.18%
  11727  4362      360.7125   292      352.0000      366.7000 15411942    4.18%
  11806  4495      365.5000   442      352.0000      366.7000 15802504    4.18%
  11873  4562      358.3680   315      352.0000      366.7000 15980819    4.18%
  11963  4623      355.1621   314      352.0000      366.7000 16092263    4.18%
  12046  4684      355.5504   263      352.0000      366.7000 16237134    4.18%
Elapsed time = 11267.89 sec. (1151992.42 ticks, tree = 2672.05 MB, solutions = 30)
Nodefile size = 605.87 MB (343.72 MB after compression)
  12143  4669      362.4756   313      352.0000      366.7000 16172284    4.18%
  12229  4792      365.3929   370      352.0000      366.7000 16531340    4.18%
  12315  4844    infeasible            352.0000      366.7000 16643142    4.18%
  12402  4874      362.2500   314      352.0000      366.7000 16774110    4.18%
  12486  4878      362.2500   318      352.0000      366.7000 16783640    4.18%
  12552  5073      364.5000   384      352.0000      366.7000 17227229    4.18%
  12631  4993      358.9139   269      352.0000      366.7000 17024683    4.18%
  12724  5037      365.8750   353      352.0000      366.7000 17119969    4.18%
  12800  5220      362.7500   388      352.0000      366.7000 17544805    4.18%
  12888  5143      356.8810   162      352.0000      366.7000 17370233    4.18%
Elapsed time = 11687.33 sec. (1190471.87 ticks, tree = 2952.30 MB, solutions = 30)
Nodefile size = 873.46 MB (495.33 MB after compression)
  12961  5353      361.5500   349      352.0000      366.7000 17875393    4.18%
  13022  5232      362.7500   353      352.0000      366.7000 17564795    4.18%
  13083  5379      364.2000   331      352.0000      366.7000 17934455    4.18%
  13143  5383      364.2000   366      352.0000      366.7000 17938311    4.18%
  13207  5408      354.9018   326      352.0000      366.7000 17993866    4.18%
  13266  5555      365.5000   389      352.0000      366.7000 18376153    4.18%
  13338  5740      357.0980   281      352.0000      366.7000 18778202    4.18%
  13412  5691      366.0000   444      352.0000      366.7000 18656181    4.18%
  13485  5661      362.7292   290      352.0000      366.7000 18583093    4.18%
  13550  5698      366.0000   473      352.0000      366.7000 18664932    4.18%
Elapsed time = 12110.03 sec. (1228971.94 ticks, tree = 3303.82 MB, solutions = 30)
Nodefile size = 1232.30 MB (698.55 MB after compression)
  13610  5793      364.7143   455      352.0000      366.7000 18848544    4.18%
  13684  5898      366.0000   414      352.0000      366.7000 19180507    4.18%
  13755  5972      366.2000   443      352.0000      366.7000 19336319    4.18%
  13833  6054      362.5000   346      352.0000      366.7000 19509449    4.18%
  13918  6155      361.3073   279      352.0000      366.7000 19764582    4.18%
  13998  5980      366.2000   378      352.0000      366.7000 19360918    4.18%
  14099  6180      365.7500   370      352.0000      366.7000 19810642    4.18%
  14189  6211      362.9792   328      352.0000      366.7000 19845254    4.18%
  14285  6327      365.9857   362      352.0000      366.7000 20248125    4.18%
  14374  6440      357.0476   247      352.0000      366.7000 20407318    4.18%
Elapsed time = 12520.27 sec. (1267614.35 ticks, tree = 3780.02 MB, solutions = 30)
Nodefile size = 1711.17 MB (970.05 MB after compression)
  14477  6520      361.3000   345      352.0000      366.7000 20499764    4.18%
  14571  6629      363.7500   364      352.0000      366.7000 20696442    4.18%
  14662  6623      363.2750   350      352.0000      366.7000 20644965    4.18%
  14736  6790      364.7143   417      352.0000      366.7000 20969399    4.18%
  14817  6582      365.5714   365      352.0000      366.7000 20603196    4.18%
  14881  6694      365.3750   373      352.0000      366.7000 20794264    4.18%
  14932  6989      362.9167   341      352.0000      366.7000 21210806    4.18%
  14991  7051      357.6117   303      352.0000      366.7000 21426583    4.18%
  15053  7003      363.7500   371      352.0000      366.7000 21285715    4.18%
  15122  7004      362.9167   315      352.0000      366.7000 21228298    4.18%
Elapsed time = 12992.31 sec. (1306365.31 ticks, tree = 4132.05 MB, solutions = 30)
Nodefile size = 2052.33 MB (1163.21 MB after compression)
  15193  7115      365.1429   348      352.0000      366.7000 21548225    4.18%
  15268  7172      366.0000   435      352.0000      366.7000 21591951    4.18%
  15339  7298      365.2167   380      352.0000      366.7000 21879755    4.18%
  15401  7172      366.0000   418      352.0000      366.7000 21622932    4.18%
  15474  7382      364.8750   306      352.0000      366.7000 21984259    4.18%
  15538  7325      365.1429   397      352.0000      366.7000 21903776    4.18%
  15598  7419      366.0000   392      352.0000      366.7000 22003386    4.18%
  15677  7581      361.2500   286      352.0000      366.7000 22230901    4.18%
  15745  7460      355.4961   228      352.0000      366.7000 22138007    4.18%
  15832  7732      364.0000   281      352.0000      366.7000 22483988    4.18%
Elapsed time = 13523.88 sec. (1344961.68 ticks, tree = 4597.46 MB, solutions = 30)
Nodefile size = 2524.96 MB (1430.31 MB after compression)
  15915  7740      365.1339   419      352.0000      366.7000 22603530    4.18%
  16014  7841      354.7378   262      352.0000      366.7000 22751481    4.18%
  16092  7714      364.8500   428      352.0000      366.7000 22493228    4.18%
  16176  7746      365.0647   401      352.0000      366.7000 22647454    4.18%
  16251  7924      364.2500   351      352.0000      366.7000 22882036    4.18%
  16330  8082      363.9167   260      352.0000      366.7000 23105324    4.18%
  16404  8003      363.7500   345      352.0000      366.7000 23041697    4.18%
  16466  8240      364.3333   333      352.0000      366.7000 23466883    4.18%
  16534  8355      359.2917   287      352.0000      366.7000 23700123    4.18%
  16598  8166      361.9583   299      352.0000      366.7000 23402455    4.18%
Elapsed time = 14056.93 sec. (1383855.34 ticks, tree = 4867.39 MB, solutions = 30)
Nodefile size = 2793.73 MB (1582.49 MB after compression)
  16665  8512      364.7500   325      352.0000      366.7000 23901098    4.18%
  16723  8515      364.7500   328      352.0000      366.7000 23907382    4.18%
  16794  8622      361.9583   288      352.0000      366.7000 24187325    4.18%
  16866  8433      363.5000   351      352.0000      366.7000 23768282    4.18%
  16947  8697      366.0000   398      352.0000      366.7000 24309710    4.18%
  17033  8696      365.5714   368      352.0000      366.7000 24293334    4.18%
  17129  8891      366.0000   426      352.0000      366.7000 24650186    4.18%
  17217  8781      358.7167   317      352.0000      366.7000 24452645    4.18%
  17266  8878      362.3333   365      352.0000      366.7000 24598517    4.18%
  17287  8844      357.3750   273      352.0000      366.7000 24567670    4.18%
Elapsed time = 14408.48 sec. (1422464.63 ticks, tree = 5300.31 MB, solutions = 30)
Nodefile size = 3220.71 MB (1824.65 MB after compression)

GUB cover cuts applied:  153
Clique cuts applied:  10
Cover cuts applied:  67
Implied bound cuts applied:  278
Flow cuts applied:  14
Mixed integer rounding cuts applied:  49
Zero-half cuts applied:  116
Lift and project cuts applied:  1
Gomory fractional cuts applied:  73

Root node processing (before b&c):
  Real time             =  962.39 sec. (176206.03 ticks)
Parallel b&c, 24 threads:
  Real time             = 13446.16 sec. (1246559.70 ticks)
  Sync time (average)   = 3922.64 sec.
  Wait time (average)   =    0.63 sec.
                          ------------
Total (root+branch&cut) = 14408.55 sec. (1422765.73 ticks)
status  = time limit exceeded
time    = 14408.6 s.
problem = MILP
gap     = 4.17614%

Objective value: 352.0
[50, 50, 8, 6, 400, 148, 352, 366, 4.18, 14408.57]
number of spatial :  275
Heuristic Solution information :  [50, 50, 8, 6, 400, 141, 287, 12, 275]
