CPXPARAM_Read_DataCheck                          1
CPXPARAM_TimeLimit                               14400
Tried aggregator 2 times.
MIP Presolve eliminated 832 rows and 566226 columns.
MIP Presolve added 24 rows and 0 columns.
MIP Presolve modified 504 coefficients.
Aggregator did 940 substitutions.
Reduced MIP has 491288 rows, 14478 columns, and 1001204 nonzeros.
Reduced MIP has 4478 binaries, 0 generals, 0 SOSs, and 0 indicators.
Presolve time = 2.88 sec. (5771.19 ticks)
Found incumbent of value 6.000000 after 4.43 sec. (6552.55 ticks)
Probing fixed 10 vars, tightened 0 bounds.
Probing time = 2.45 sec. (15.12 ticks)
Tried aggregator 1 time.
MIP Presolve eliminated 425156 rows and 6437 columns.
Reduced MIP has 66132 rows, 8041 columns, and 150892 nonzeros.
Reduced MIP has 4468 binaries, 0 generals, 0 SOSs, and 0 indicators.
Presolve time = 198.57 sec. (20538.10 ticks)
Probing time = 1.00 sec. (2.46 ticks)
Clique table members: 1364.
MIP emphasis: balance optimality and feasibility.
MIP search method: dynamic search.
Parallel mode: deterministic, using up to 24 threads.
Root relaxation solution time = 0.41 sec. (310.03 ticks)

        Nodes                                         Cuts/
   Node  Left     Objective  IInf  Best Integer    Best Bound    ItCnt     Gap

*     0+    0                            6.0000      908.0000              --- 
*     0+    0                          658.0000      908.0000            37.99%
      0     0      830.1250   245      658.0000      830.1250     3632   26.16%
Exception raised in listener 'MipGapPrinter': 'int' object is not callable, id=1
*     0+    0                          757.0000      830.1250             9.66%
Exception raised in listener 'MipGapPrinter': 'int' object is not callable, id=3
      0     0      815.1250   378      757.0000     Cuts: 418     5619    7.68%
      0     0      807.9000   277      757.0000     Cuts: 406     7288    6.72%
      0     0      807.2000   240      757.0000     Cuts: 164     8209    6.63%
*     0+    0                          794.0000      807.2000             1.66%
Exception raised in listener 'MipGapPrinter': 'int' object is not callable, id=9
      0     0      807.2000   278      794.0000     Cuts: 126     8855    1.66%
      0     0      807.2000   203      794.0000      Cuts: 38     9092    1.66%
      0     0      807.2000   162      794.0000      Cuts: 99     9585    1.66%
*     0+    0                          798.0000      807.2000             1.15%
*     0+    0                          800.0000      807.2000             0.90%
Exception raised in listener 'MipGapPrinter': 'int' object is not callable, id=16
      0     0      807.2000   223      800.0000      Cuts: 93    10325    0.90%
      0     2      807.2000    42      800.0000      807.2000    10325    0.90%
Elapsed time = 249.89 sec. (33739.47 ticks, tree = 0.02 MB, solutions = 6)
     11     5      807.2000    49      800.0000      807.2000    10340    0.90%
*    12+    1                          802.0000      807.2000             0.65%
*    14+    1                          804.0000      807.2000             0.40%
Exception raised in listener 'MipGapPrinter': 'int' object is not callable, id=31
     47    34      807.2000   108      804.0000      807.2000    12134    0.40%
    127   110      807.2000    95      804.0000      807.2000    15462    0.40%
    236   208      807.2000    96      804.0000      807.2000    27500    0.40%
    346   295      807.2000    84      804.0000      807.2000    33974    0.40%
    456   396      807.2000   126      804.0000      807.2000    50149    0.40%
    636   565      807.2000    92      804.0000      807.2000    63178    0.40%
    871   764      807.2000   124      804.0000      807.2000    76121    0.40%
   1080   926      807.2000    85      804.0000      807.2000    84115    0.40%
   2037  1731      807.2000   134      804.0000      807.2000   125580    0.40%
Elapsed time = 283.49 sec. (36863.65 ticks, tree = 409.52 MB, solutions = 11)
   2825  2610      807.2000   110      804.0000      807.2000   172561    0.40%
   3555  3210      807.2000   122      804.0000      807.2000   205584    0.40%
   4457  4211      807.2000   101      804.0000      807.2000   259320    0.40%
   5129  4849      807.2000   121      804.0000      807.2000   288713    0.40%
*  5323+ 3546                          806.0000      807.2000             0.15%
Exception raised in listener 'MipGapPrinter': 'int' object is not callable, id=62
   5323  3547      807.2000    32      806.0000      807.2000   316757    0.15%
   6169   468        cutoff            806.0000      807.2000   333618    0.15%
  14726  7583      807.2000    40      806.0000      807.2000   436022    0.15%
  32400 22526      807.0000    83      806.0000      807.2000   595629    0.15%
  51036 38079      807.0000    72      806.0000      807.2000   759079    0.15%
* 54640+41639                          807.0000      807.2000             0.02%
Exception raised in listener 'MipGapPrinter': 'int' object is not callable, id=154

GUB cover cuts applied:  45
Clique cuts applied:  3
Cover cuts applied:  26
Flow cuts applied:  1
Mixed integer rounding cuts applied:  2
Zero-half cuts applied:  7
Gomory fractional cuts applied:  32

Root node processing (before b&c):
  Real time             =  249.03 sec. (33801.00 ticks)
Parallel b&c, 24 threads:
  Real time             =  156.34 sec. (19953.26 ticks)
  Sync time (average)   =   60.04 sec.
  Wait time (average)   =    0.19 sec.
                          ------------
Total (root+branch&cut) =  405.37 sec. (53754.26 ticks)
status  = integer optimal solution
time    = 405.534 s.
problem = MILP
gap     = 0%

Objective value: 807.0
[50, 200, 8, 6, 400, 347, 807, 807, 0.0, 405.53]
number of spatial :  699
Heuristic Solution information :  [50, 200, 8, 6, 400, 308, 711, 12, 699]
