CPXPARAM_Read_DataCheck                          1
CPXPARAM_TimeLimit                               14400
Tried aggregator 2 times.
MIP Presolve eliminated 12596 rows and 113237 columns.
MIP Presolve modified 840 coefficients.
Aggregator did 912 substitutions.
Reduced MIP has 140409 rows, 32483 columns, and 426402 nonzeros.
Reduced MIP has 29983 binaries, 0 generals, 0 SOSs, and 0 indicators.
Presolve time = 0.35 sec. (1663.63 ticks)
Probing time = 0.20 sec. (8.40 ticks)
Tried aggregator 1 time.
MIP Presolve eliminated 98000 rows and 2000 columns.
Reduced MIP has 42409 rows, 30483 columns, and 230402 nonzeros.
Reduced MIP has 29983 binaries, 0 generals, 0 SOSs, and 0 indicators.
Presolve time = 0.18 sec. (295.53 ticks)
Probing time = 0.12 sec. (6.42 ticks)
Clique table members: 16315.
MIP emphasis: balance optimality and feasibility.
MIP search method: dynamic search.
Parallel mode: deterministic, using up to 24 threads.
Root relaxation solution time = 0.78 sec. (936.35 ticks)

        Nodes                                         Cuts/
   Node  Left     Objective  IInf  Best Integer    Best Bound    ItCnt     Gap

*     0+    0                          176.0000      918.0000           421.59%
      0     0      402.5000   571      176.0000      402.5000    16711  128.69%
Exception raised in listener 'MipGapPrinter': 'int' object is not callable, id=1
*     0+    0                          251.0000      402.5000            60.36%
Exception raised in listener 'MipGapPrinter': 'int' object is not callable, id=3
      0     0      351.5000   466      251.0000     Cuts: 696    24042   40.04%
      0     0      333.0000   330      251.0000     Cuts: 340    32254   32.67%
      0     0      331.4000   445      251.0000     Cuts: 185    38467   32.03%
*     0+    0                          286.0000      331.4000            15.87%
*     0+    0                          299.0000      331.4000            10.84%
Exception raised in listener 'MipGapPrinter': 'int' object is not callable, id=9
      0     0      329.2500   424      299.0000     Cuts: 226    42407   10.12%
      0     0      326.7500   398      299.0000     Cuts: 206    45850    9.28%
      0     0      326.7500   448      299.0000     Cuts: 128    49751    9.28%
*     0+    0                          306.0000      326.7500             6.78%
*     0+    0                          310.0000      326.7500             5.40%
*     0+    0                          312.0000      326.7500             4.73%
Exception raised in listener 'MipGapPrinter': 'int' object is not callable, id=16
      0     0      326.7500   288      312.0000      Cuts: 19    53278    4.73%
      0     0      326.7500   433      312.0000     Cuts: 135    57608    4.73%
*     0+    0                          315.0000      326.7500             3.73%
Exception raised in listener 'MipGapPrinter': 'int' object is not callable, id=21
      0     2      326.7500   280      315.0000      326.7500    57608    3.73%
Elapsed time = 35.78 sec. (38068.83 ticks, tree = 0.02 MB, solutions = 8)
      1     3      326.7500   298      315.0000      326.7500    58569    3.73%
      2     4      326.7500   288      315.0000      326.7500    62907    3.73%
      3     5      326.7500   292      315.0000      326.7500    66894    3.73%
      5     3      326.7500   312      315.0000      326.7500    62259    3.73%
      6     7      326.7500   287      315.0000      326.7500    73824    3.73%
      9     5      326.7500   287      315.0000      326.7500    67291    3.73%
     12    14      326.7500   270      315.0000      326.7500    96901    3.73%
     16    12      326.7500   316      315.0000      326.7500    95648    3.73%
     18    16    infeasible            315.0000      326.7500   108949    3.73%
*    26+   13                          317.0000      326.7500             3.08%
     39     7      326.7500   351      317.0000      326.7500    74558    3.08%
Elapsed time = 61.84 sec. (45459.72 ticks, tree = 0.02 MB, solutions = 8)
*    44+   11                          319.0000      326.7500             2.43%
    104    40      326.7500   276      319.0000      326.7500   143059    2.43%
Exception raised in listener 'MipGapPrinter': 'int' object is not callable, id=33
    232    73      326.7500   162      319.0000      326.7500   182872    2.43%
    396   201      326.7500   213      319.0000      326.7500   332876    2.43%
    595   230      325.5750   165      319.0000      326.7500   368500    2.43%
    836   427      325.5000   208      319.0000      326.7500   530169    2.43%
   1165   562      321.2500    98      319.0000      326.7500   645417    2.43%
   1515   831      324.5000   223      319.0000      326.7500   822757    2.43%
   1876  1049      324.7000   230      319.0000      326.7500   963315    2.43%
   2159  1201      321.5000    69      319.0000      326.7500  1086698    2.43%
   2528  1396      320.2500   114      319.0000      326.7500  1276816    2.43%
Elapsed time = 121.12 sec. (55056.09 ticks, tree = 14.50 MB, solutions = 23)
   2844  1623      326.5000   189      319.0000      326.7500  1437450    2.43%
   3202  1756    infeasible            319.0000      326.7500  1531490    2.43%
   3518  2067      322.5256   145      319.0000      326.7500  1736952    2.43%
   3732  2249      326.7500   218      319.0000      326.7500  1844932    2.43%
   3879  2345      326.5000   175      319.0000      326.7500  1940638    2.43%
   4024  2499      326.3750   179      319.0000      326.7500  2087878    2.43%
   4302  2641      324.6458   165      319.0000      326.7500  2187657    2.43%
   4602  2683      322.5500   208      319.0000      326.7500  2224520    2.43%
   4937  3084      320.9722    86      319.0000      326.7500  2504902    2.43%
   5284  3054      320.7500    50      319.0000      326.7500  2482885    2.43%
Elapsed time = 194.86 sec. (64616.86 ticks, tree = 40.80 MB, solutions = 23)
   5626  3299      324.5000   184      319.0000      326.7500  2630620    2.43%
   5922  3859      321.3214   151      319.0000      326.7500  3010157    2.43%
   6167  3826      326.2500   268      319.0000      326.7500  2982728    2.43%
   6441  4216      321.5357   103      319.0000      326.7500  3259880    2.43%
   6757  4299      320.2500    60      319.0000      326.7500  3285161    2.43%
   6986  4620      325.2500   214      319.0000      326.7500  3554070    2.43%
   7280  4724      326.6328   183      319.0000      326.7500  3608983    2.43%
   7438  5052      322.4904   209      319.0000      326.7500  3842667    2.43%
   7607  5061      322.3469   204      319.0000      326.7500  3850810    2.43%
   7651  4564      326.7500   244      319.0000      326.7500  3510238    2.43%
Elapsed time = 275.79 sec. (76710.92 ticks, tree = 64.19 MB, solutions = 23)
   7652  5358      326.7500   152      319.0000      326.7500  4129511    2.43%
   7653  5358      326.7500   188      319.0000      326.7500  4131377    2.43%
   7656  5360      326.7500   165      319.0000      326.7500  4133380    2.43%
   7658  5362      326.7500   175      319.0000      326.7500  4133547    2.43%
   7660  5362      326.7500   244      319.0000      326.7500  4134312    2.43%
   7663  1073      326.7500   242      319.0000      326.7500  4132495    2.43%
   7669   697      326.7500   286      319.0000      326.7500  4136981    2.43%
   7674   362      323.7500   313      319.0000      326.7500  4145056    2.43%
   7688    75      323.7500   290      319.0000      326.7500  4157514    2.43%
   7706    37      323.0000   229      319.0000      326.7500  4171925    2.43%
Elapsed time = 824.97 sec. (154851.72 ticks, tree = 0.41 MB, solutions = 23)
   7740    40      323.0000   259      319.0000      326.7500  4172150    2.43%
   7789    59      324.2500   256      319.0000      326.7500  4193020    2.43%
   7866    91      322.2500   236      319.0000      326.7500  4208862    2.43%
   7936   181      323.0000   205      319.0000      326.7500  4226327    2.43%
   8005   209    infeasible            319.0000      326.7500  4230367    2.43%
*  8105+   22                          320.0000      326.7500             2.11%
   8125   239      322.7500   217      320.0000      326.7500  4242604    2.11%
Exception raised in listener 'MipGapPrinter': 'int' object is not callable, id=71
   8240   362      324.0000   195      320.0000      326.7500  4303252    2.11%
   8325   470      323.2500   168      320.0000      326.7500  4338714    2.11%
   8394   540      325.7500   238      320.0000      326.7500  4372395    2.11%
   8540   592      322.5000   222      320.0000      326.7500  4410039    2.11%
Elapsed time = 947.02 sec. (164473.86 ticks, tree = 6.00 MB, solutions = 24)
   8736   655      321.0000   160      320.0000      326.7500  4449527    2.11%
   8949   701      322.7500   184      320.0000      326.7500  4476838    2.11%
   9133   815      321.5000   164      320.0000      326.7500  4540326    2.11%
   9288  1071      325.6526   148      320.0000      326.7500  4669868    2.11%
   9431  1225      322.1250   210      320.0000      326.7500  4733265    2.11%
   9524  1231      322.1250   238      320.0000      326.7500  4737531    2.11%
   9635  1255    infeasible            320.0000      326.7500  4747027    2.11%
   9758  1375    infeasible            320.0000      326.7500  4822190    2.11%
   9868  1373      326.7500   318      320.0000      326.7500  4815118    2.11%
   9953  1521      325.7500   300      320.0000      326.7500  4913508    2.11%
Elapsed time = 1074.47 sec. (174096.96 ticks, tree = 18.01 MB, solutions = 24)
  10011  1663      326.5000   301      320.0000      326.7500  5019896    2.11%
  10061  1677      326.7500   278      320.0000      326.7500  5022065    2.11%
  10102  1755      323.0000   227      320.0000      326.7500  5088634    2.11%
  10146  1728      326.7500   305      320.0000      326.7500  5071738    2.11%
  10189  1866      323.0000   227      320.0000      326.7500  5168966    2.11%
  10257  1851      325.5000   200      320.0000      326.7500  5150465    2.11%
  10357  1866      326.0000   205      320.0000      326.7500  5168230    2.11%
  10462  2002      324.7500   268      320.0000      326.7500  5267381    2.11%
  10573  2027      321.1000   127      320.0000      326.7500  5271429    2.11%
  10665  2108      326.7500   243      320.0000      326.7500  5311323    2.11%
Elapsed time = 1217.28 sec. (183764.39 ticks, tree = 25.74 MB, solutions = 24)
  10751  1866      326.0000   212      320.0000      326.7500  5169102    2.11%
  10878  1955      325.7500   282      320.0000      326.7500  5263691    2.11%
  11026  2168      321.5542   144      320.0000      326.7500  5346171    2.11%
  11177  2361      326.7500   265      320.0000      326.7500  5478037    2.11%
  11324  2607      326.7500   226      320.0000      326.7500  5591251    2.11%
  11436  2031      326.7500   304      320.0000      326.7500  5277090    2.11%
  11517  2791      324.5000   220      320.0000      326.7500  5692818    2.11%
  11594  2898      326.6250   244      320.0000      326.7500  5746267    2.11%
  11670  2926      324.5000   207      320.0000      326.7500  5759485    2.11%
  11746  3053      324.0320   262      320.0000      326.7500  5833476    2.11%
Elapsed time = 1358.87 sec. (193398.93 ticks, tree = 41.61 MB, solutions = 24)
  11818  2956      325.5000   214      320.0000      326.7500  5778434    2.11%
  11908  3147        cutoff            320.0000      326.7500  5903682    2.11%
  12006  3263      325.5000   203      320.0000      326.7500  5988328    2.11%
  12102  3184      325.1250   188      320.0000      326.7500  5917244    2.11%
  12201  3398      326.7500   194      320.0000      326.7500  6061391    2.11%
  12337  3520      325.7500   260      320.0000      326.7500  6127474    2.11%
  12479  3608      323.0714   252      320.0000      326.7500  6169771    2.11%
  12615  3501      325.8750   268      320.0000      326.7500  6098215    2.11%
  12714  3869      324.4850   195      320.0000      326.7500  6312891    2.11%
  13199  3960      322.2512   238      320.0000      326.7500  6381484    2.11%
Elapsed time = 1535.02 sec. (205922.57 ticks, tree = 55.92 MB, solutions = 24)
  13847  4407    infeasible            320.0000      326.7500  6579228    2.11%
  14511  5089      325.2500   197      320.0000      326.7500  6871910    2.11%
  14959  5401      325.7500   256      320.0000      326.7500  7041329    2.11%
  15285  6040      323.7150   235      320.0000      326.7500  7273797    2.11%
  15758  6188      321.9172   221      320.0000      326.7500  7350717    2.11%
  16194  6647      322.5407   172      320.0000      326.7500  7636360    2.11%
  16673  7208    infeasible            320.0000      326.7500  8079880    2.11%
  17281  7395      324.4884   239      320.0000      326.7500  8204821    2.11%
  17822  8057      324.2570   234      320.0000      326.7500  8566227    2.11%
  18332  8598    infeasible            320.0000      326.7500  8822633    2.11%
Elapsed time = 2000.38 sec. (244212.66 ticks, tree = 128.97 MB, solutions = 24)
  18602  8759      324.2500   169      320.0000      326.7500  8899215    2.11%
  18822  9256      325.7500   284      320.0000      326.7500  9220546    2.11%
  19181  9476      326.3867   275      320.0000      326.7500  9456169    2.11%
  19627  9254      326.7500   277      320.0000      326.7500  9231149    2.11%
  20063  9850      324.0917   214      320.0000      326.7500  9941368    2.11%
  20377 10562      325.2818   254      320.0000      326.7500 10630559    2.11%
  20558 10670      325.9413   255      320.0000      326.7500 10768099    2.11%
  20896 10713    infeasible            320.0000      326.7500 10822869    2.11%
  21057 10969      324.5000   245      320.0000      326.7500 11005564    2.11%
  21247 11040      323.1055   212      320.0000      326.7500 11132170    2.11%
Elapsed time = 2482.68 sec. (282435.05 ticks, tree = 171.33 MB, solutions = 24)
  21432 11238      324.0654   222      320.0000      326.7500 11374769    2.11%
  21573 11251      323.5025   216      320.0000      326.7500 11380977    2.11%
  21718 11478      322.9375   210      320.0000      326.7500 11667277    2.11%
  21900 11665    infeasible            320.0000      326.7500 11970993    2.11%
  22071 11753      326.5909   335      320.0000      326.7500 12081698    2.11%
  22171 11910      325.5000   249      320.0000      326.7500 12256579    2.11%
  22302 12107      325.2500   236      320.0000      326.7500 12538385    2.11%
  22490 12139      325.3000   344      320.0000      326.7500 12601395    2.11%
  22653 12347      322.1587   178      320.0000      326.7500 12769630    2.11%
* 22744+11863                          321.0000      326.7500             1.79%
* 22760+11863                          322.0000      326.7500             1.48%
  22760 12399      321.5433   194      322.0000      326.7500 12783291    1.48%
Elapsed time = 2954.02 sec. (320829.89 ticks, tree = 499.08 MB, solutions = 24)
  22926  9439      325.4875   257      322.0000      326.7500 12913431    1.48%
Exception raised in listener 'MipGapPrinter': 'int' object is not callable, id=111
  23081  9503        cutoff            322.0000      326.7500 13023877    1.48%
  23202  9660      326.0071   311      322.0000      326.7500 13296543    1.48%
  23320  9708      326.2500   316      322.0000      326.7500 13408905    1.48%
  23482  9881      323.0573   210      322.0000      326.7500 13663601    1.48%
  23598  9941      326.0000   263      322.0000      326.7500 13911881    1.48%
  23727  9973        cutoff            322.0000      326.7500 13893574    1.48%
  23818 10027      324.7143   242      322.0000      326.7500 14067266    1.48%
  23880 10080      326.4598   310      322.0000      326.7500 14150394    1.48%
  23973 10263      324.9808   235      322.0000      326.7500 14441394    1.48%
Elapsed time = 3551.14 sec. (359358.58 ticks, tree = 478.10 MB, solutions = 27)
  24094 10438      323.1250   221      322.0000      326.7500 14745799    1.48%
  24313 10515      325.5977   252      322.0000      326.7500 14915748    1.48%
  24513 10678      323.1053   215      322.0000      326.7500 15152823    1.48%
  24676 10593      324.6742   258      322.0000      326.7500 15067562    1.48%
  24809 10821      324.8561   259      322.0000      326.7500 15329842    1.48%
  24956 11043      324.4309   211      322.0000      326.7500 15585027    1.48%
  25114 11003      325.8462   300      322.0000      326.7500 15587131    1.48%
  25234 11172      325.7500   234      322.0000      326.7500 15812688    1.48%
  25356 10977      326.7500   368      322.0000      326.7500 15557495    1.48%
  25469 11340      326.7500   388      322.0000      326.7500 15969023    1.48%
Elapsed time = 4168.65 sec. (397741.78 ticks, tree = 497.05 MB, solutions = 27)
  25633 11438      324.1913   282      322.0000      326.7500 16106584    1.48%
  25818 11612      324.2500   329      322.0000      326.7500 16380398    1.48%
  25921 11753      324.6223   297      322.0000      326.7500 16589815    1.48%
  26044 11941      323.5909   272      322.0000      326.7500 16909600    1.48%
  26159 11847        cutoff            322.0000      326.7500 16731565    1.48%
  26252 12064      324.7863   321      322.0000      326.7500 17153575    1.48%
  26355 12197      323.5000   241      322.0000      326.7500 17493490    1.48%
  26451 12130      325.7500   231      322.0000      326.7500 17332469    1.48%
  26567 12238      324.6911   307      322.0000      326.7500 17557525    1.48%
  26685 12340      323.8620   293      322.0000      326.7500 17689979    1.48%
Elapsed time = 4756.97 sec. (436151.26 ticks, tree = 706.63 MB, solutions = 27)
* 26744+12279                          323.0000      326.7500             1.16%
  26795  9555      324.4750   194      323.0000      326.7500 17955839    1.16%
  26926 12476      325.2500   244      323.0000      326.7500 17930386    1.16%
Exception raised in listener 'MipGapPrinter': 'int' object is not callable, id=124
  27040  9645      325.7031   279      323.0000      326.7500 18222278    1.16%
  27142  9698      324.5000   333      323.0000      326.7500 18335608    1.16%
  27235  9714      326.2500   270      323.0000      326.7500 18354277    1.16%
  27333  9861      325.6707   266      323.0000      326.7500 18654142    1.16%
  27402  9773      325.3571   368      323.0000      326.7500 18528267    1.16%
  27493  9882      324.8391   272      323.0000      326.7500 18666428    1.16%
  27576  9894      326.2500   245      323.0000      326.7500 18723116    1.16%
  27649 10042    infeasible            323.0000      326.7500 19013683    1.16%
Elapsed time = 5436.74 sec. (474674.04 ticks, tree = 743.82 MB, solutions = 28)
  27754 10088      325.5000   307      323.0000      326.7500 19090290    1.16%
  27865 10201    infeasible            323.0000      326.7500 19279094    1.16%
  27969 10269      325.7650   254      323.0000      326.7500 19378225    1.16%
  28081 10368      326.5000   374      323.0000      326.7500 19545386    1.16%
  28242 10415      324.0444   211      323.0000      326.7500 19664820    1.16%
  28368 10503      326.7500   317      323.0000      326.7500 19844640    1.16%
  28510 10640      324.8125   209      323.0000      326.7500 20144420    1.16%
  28628 10423      326.5000   375      323.0000      326.7500 19728566    1.16%
  28737 10861      325.7500   271      323.0000      326.7500 20652957    1.16%
  28846 10864      326.7500   381      323.0000      326.7500 20679497    1.16%
Elapsed time = 6177.44 sec. (513190.21 ticks, tree = 900.77 MB, solutions = 28)
  28992 10933      325.1535   323      323.0000      326.7500 20760382    1.16%
  29099 11146      326.1250   304      323.0000      326.7500 21261863    1.16%
  29217 11072      324.0000   354      323.0000      326.7500 21177666    1.16%
  29327 11364      326.5000   198      323.0000      326.7500 21563325    1.16%
  29434 11378      326.7500   242      323.0000      326.7500 21628880    1.16%
  29558 11464      326.5000   245      323.0000      326.7500 21819276    1.16%
  29649 11619      325.8750   300      323.0000      326.7500 22165864    1.16%
  29776 11544      325.5000   294      323.0000      326.7500 22047320    1.16%
  29879 11639      324.6891   275      323.0000      326.7500 22179646    1.16%
  29995 11678      326.2500   254      323.0000      326.7500 22349412    1.16%
Elapsed time = 7025.94 sec. (551689.13 ticks, tree = 930.74 MB, solutions = 28)
  30060 11955      326.2500   275      323.0000      326.7500 22771976    1.16%
  30186 11911      325.2500   300      323.0000      326.7500 22654076    1.16%
  30305 11951      326.4706   449      323.0000      326.7500 22770208    1.16%
  30396 12024      325.7500   298      323.0000      326.7500 22890016    1.16%
  30501 12267      325.8612   240      323.0000      326.7500 23293177    1.16%
  30619 12302      326.0000   288      323.0000      326.7500 23359540    1.16%
  30727 12296      325.6971   303      323.0000      326.7500 23341885    1.16%
  30858 12394      326.1843   222      323.0000      326.7500 23544056    1.16%
  30983 12587      324.6729   304      323.0000      326.7500 23936883    1.16%
  31098 12761      324.7069   258      323.0000      326.7500 24197578    1.16%
Elapsed time = 7668.50 sec. (590196.94 ticks, tree = 947.09 MB, solutions = 28)
  31162 12795      324.8486   336      323.0000      326.7500 24386062    1.16%
  31237 12884      326.2952   314      323.0000      326.7500 24586309    1.16%
  31302 12905      325.4114   290      323.0000      326.7500 24590075    1.16%
  31403 12960      325.0000   274      323.0000      326.7500 24678610    1.16%
  31490 12923      325.5000   296      323.0000      326.7500 24624878    1.16%
  31592 13149      324.0000   225      323.0000      326.7500 24989676    1.16%
  31712 13019      325.8479   332      323.0000      326.7500 24870343    1.16%
  31800 13133      325.2500   423      323.0000      326.7500 24996594    1.16%
  31895 13189      324.5000   330      323.0000      326.7500 25052420    1.16%
  31998 13252      325.5000   352      323.0000      326.7500 25161225    1.16%
Elapsed time = 8455.13 sec. (628564.32 ticks, tree = 1006.24 MB, solutions = 28)
  32105 13531      324.5000   182      323.0000      326.7500 25616267    1.16%
  32249 13469      325.7500   269      323.0000      326.7500 25537924    1.16%
  32375 13712      324.2500   254      323.0000      326.7500 26062471    1.16%
  32475 13662      325.7500   223      323.0000      326.7500 25903705    1.16%
  32604 13473      326.7500   384      323.0000      326.7500 25585736    1.16%
  32688 13980      324.7000   256      323.0000      326.7500 26509214    1.16%
  32789 14061      324.5814   347      323.0000      326.7500 26639330    1.16%
  32865 13936      325.7500   446      323.0000      326.7500 26396563    1.16%
  32957 14333      325.0000   293      323.0000      326.7500 26948525    1.16%
  33079 14111      324.8129   312      323.0000      326.7500 26725295    1.16%
Elapsed time = 9273.09 sec. (666956.62 ticks, tree = 1240.71 MB, solutions = 28)
  33187 14186      324.0417   190      323.0000      326.7500 26794982    1.16%
  33300 14449      324.5000   241      323.0000      326.7500 27032019    1.16%
  33419 14516      324.5000   176      323.0000      326.7500 27131888    1.16%
  33530 14573      325.3750   404      323.0000      326.7500 27239892    1.16%
  33638 14741      324.1500   294      323.0000      326.7500 27443831    1.16%
  33748 14902      324.6000   219      323.0000      326.7500 27693225    1.16%
  33866 15095      326.2920   319      323.0000      326.7500 28063391    1.16%
  33978 14989      324.7500   243      323.0000      326.7500 27823294    1.16%
  34088 15195      326.5000   364      323.0000      326.7500 28252509    1.16%
  34204 15199      326.2222   316      323.0000      326.7500 28258139    1.16%
Elapsed time = 10203.86 sec. (705469.90 ticks, tree = 1542.22 MB, solutions = 28)
  34320 15401      324.1875   337      323.0000      326.7500 28595550    1.16%
  34443 15465      324.3501   331      323.0000      326.7500 28656461    1.16%
  34580 15484      324.8750   288      323.0000      326.7500 28692171    1.16%
  34742 15512      326.5000   369      323.0000      326.7500 28725551    1.16%
  34875 15613      325.7500   244      323.0000      326.7500 28914809    1.16%
  35001 16002        cutoff            323.0000      326.7500 29320172    1.16%
  35112 15773      324.4602   308      323.0000      326.7500 29103879    1.16%
  35282 15988      325.2500   267      323.0000      326.7500 29298008    1.16%
  35454 15909      326.1079   288      323.0000      326.7500 29218615    1.16%
  35592 16395      326.3466   335      323.0000      326.7500 29830716    1.16%
Elapsed time = 11264.31 sec. (743944.38 ticks, tree = 1821.01 MB, solutions = 28)
  35733 16536      326.4619   264      323.0000      326.7500 30081378    1.16%
  35881 16223      325.4028   290      323.0000      326.7500 29643837    1.16%
  35999 16432      325.6358   282      323.0000      326.7500 29887556    1.16%
  36090 16587      326.2000   307      323.0000      326.7500 30167263    1.16%
  36212 16699      325.0000   297      323.0000      326.7500 30377846    1.16%
  36316 16738      326.4722   398      323.0000      326.7500 30493746    1.16%
  36418 17243      324.9750   344      323.0000      326.7500 31259432    1.16%
  36493 16924      325.7500   333      323.0000      326.7500 30795544    1.16%
  36590 17426      325.2500   295      323.0000      326.7500 31651434    1.16%
  36726 17556      324.6245   182      323.0000      326.7500 31919187    1.16%
Elapsed time = 12246.64 sec. (782389.77 ticks, tree = 1842.32 MB, solutions = 28)
  36887 17424      324.7500   271      323.0000      326.7500 31641671    1.16%
  37057 17651      324.2500   261      323.0000      326.7500 32172102    1.16%
  37238 17690      325.2584   242      323.0000      326.7500 32306333    1.16%
  37413 17732      326.4519   320      323.0000      326.7500 32364351    1.16%
  37632 17800      324.9857   233      323.0000      326.7500 32503710    1.16%
  37779 17820      324.7189   266      323.0000      326.7500 32520376    1.16%
  37910 18290      324.2863   213      323.0000      326.7500 33343216    1.16%
  38063 18122      326.5000   245      323.0000      326.7500 33108085    1.16%
  38143 18308      326.2222   389      323.0000      326.7500 33411522    1.16%
  38259 18732      325.6250   267      323.0000      326.7500 34214684    1.16%
Elapsed time = 13016.74 sec. (820896.78 ticks, tree = 1860.87 MB, solutions = 28)
  38374 18801      325.3750   303      323.0000      326.7500 34309063    1.16%
  38525 18542        cutoff            323.0000      326.7500 33741793    1.16%
  38683 18889      324.8750   436      323.0000      326.7500 34521473    1.16%
  38780 18902      324.7500   360      323.0000      326.7500 34525161    1.16%
  38888 18945      325.7500   329      323.0000      326.7500 34632743    1.16%
  38984 18949      324.2716   249      323.0000      326.7500 34614253    1.16%
  39060 19306      326.5000   369      323.0000      326.7500 35112203    1.16%
  39098 19538      326.5000   327      323.0000      326.7500 35354608    1.16%
  39173 19573      325.2500   386      323.0000      326.7500 35391332    1.16%
  39253 19575      325.2500   362      323.0000      326.7500 35396998    1.16%
Elapsed time = 13899.18 sec. (859360.29 ticks, tree = 1877.75 MB, solutions = 28)
  39343 19676      325.9500   264      323.0000      326.7500 35552091    1.16%
  39411 19710      326.6788   375      323.0000      326.7500 35641502    1.16%
  39478 19804      325.2776   243      323.0000      326.7500 35828434    1.16%
  39566 19877      325.0000   393      323.0000      326.7500 35961829    1.16%
  39645 19763      325.7000   274      323.0000      326.7500 35781679    1.16%
  39736 19696      325.8200   285      323.0000      326.7500 35595293    1.16%
  39774 19870      326.7500   306      323.0000      326.7500 35961733    1.16%
  39810 19909      324.2333   229      323.0000      326.7500 35989521    1.16%

GUB cover cuts applied:  239
Clique cuts applied:  27
Cover cuts applied:  440
Implied bound cuts applied:  1391
Flow cuts applied:  12
Mixed integer rounding cuts applied:  138
Zero-half cuts applied:  141
Lift and project cuts applied:  12
Gomory fractional cuts applied:  74

Root node processing (before b&c):
  Real time             =   35.11 sec. (38053.80 ticks)
Parallel b&c, 24 threads:
  Real time             = 14370.97 sec. (863123.14 ticks)
  Sync time (average)   = 2794.40 sec.
  Wait time (average)   =    0.28 sec.
                          ------------
Total (root+branch&cut) = 14406.09 sec. (901176.93 ticks)
status  = time limit exceeded
time    = 14406.4 s.
problem = MILP
gap     = 1.16099%

Objective value: 323.0
[50, 50, 8, 6, 400, 137, 323, 326, 1.16, 14406.36]
number of spatial :  246
Heuristic Solution information :  [50, 50, 8, 6, 400, 125, 258, 12, 246]
