CPXPARAM_Read_DataCheck                          1
CPXPARAM_TimeLimit                               14400
Tried aggregator 2 times.
MIP Presolve eliminated 74035 rows and 254788 columns.
MIP Presolve modified 3390 coefficients.
Aggregator did 912 substitutions.
Reduced MIP has 469270 rows, 180932 columns, and 1803964 nonzeros.
Reduced MIP has 173432 binaries, 0 generals, 0 SOSs, and 0 indicators.
Presolve time = 5.43 sec. (5587.98 ticks)
Probing time = 4.35 sec. (45.72 ticks)
Tried aggregator 1 time.
MIP Presolve eliminated 220500 rows and 4500 columns.
Reduced MIP has 248770 rows, 176432 columns, and 1362964 nonzeros.
Reduced MIP has 173432 binaries, 0 generals, 0 SOSs, and 0 indicators.
Presolve time = 4.40 sec. (1557.57 ticks)
Probing time = 1.51 sec. (44.72 ticks)
Clique table members: 94605.
MIP emphasis: balance optimality and feasibility.
MIP search method: dynamic search.
Parallel mode: deterministic, using up to 24 threads.
Root relaxation solution time = 31.82 sec. (6185.32 ticks)

        Nodes                                         Cuts/
   Node  Left     Objective  IInf  Best Integer    Best Bound    ItCnt     Gap

*     0+    0                          387.0000      918.0000           137.21%
      0     0      854.4000  1833      387.0000      854.4000    37414  120.78%
Exception raised in listener 'MipGapPrinter': 'int' object is not callable, id=1
*     0+    0                          560.0000      854.4000            52.57%
Exception raised in listener 'MipGapPrinter': 'int' object is not callable, id=3
      0     0      840.0000  1915      560.0000    Cuts: 1138   104692   50.00%
      0     0      833.3000  2070      560.0000    Cuts: 1330   168961   48.80%
      0     0      833.2000  2133      560.0000     Cuts: 886   237692   48.79%
*     0+    0                          743.0000      833.2000            12.14%
*     0+    0                          752.0000      833.2000            10.80%
*     0+    0                          756.0000      833.2000            10.21%
*     0+    0                          758.0000      833.2000             9.92%
Exception raised in listener 'MipGapPrinter': 'int' object is not callable, id=9
      0     0      833.2000  2237      758.0000    Cuts: 1152   294780    9.92%
      0     0      833.2000  1495      758.0000      Cuts: 85   344220    9.92%

GUB cover cuts applied:  100
Clique cuts applied:  21
Cover cuts applied:  113
Implied bound cuts applied:  2048
Flow cuts applied:  75
Mixed integer rounding cuts applied:  782
Zero-half cuts applied:  180
Lift and project cuts applied:  9
Gomory fractional cuts applied:  28

Root node processing (before b&c):
  Real time             = 14400.12 sec. (1145671.30 ticks)
Parallel b&c, 24 threads:
  Real time             =    0.00 sec. (0.00 ticks)
  Sync time (average)   =    0.00 sec.
  Wait time (average)   =    0.00 sec.
                          ------------
Total (root+branch&cut) = 14400.12 sec. (1145671.30 ticks)
status  = time limit exceeded
time    = 14400.2 s.
problem = MILP
gap     = 9.92084%

Objective value: 758.0
[50, 150, 8, 6, 400, 324, 758, 833, 9.92, 14400.25]
number of spatial :  742
Heuristic Solution information :  [50, 150, 8, 6, 400, 325, 754, 12, 742]
