CPXPARAM_Read_DataCheck                          1
CPXPARAM_TimeLimit                               14400
Tried aggregator 2 times.
MIP Presolve eliminated 98645 rows and 339759 columns.
MIP Presolve modified 4420 coefficients.
Aggregator did 912 substitutions.
Reduced MIP has 625323 rows, 240961 columns, and 2404770 nonzeros.
Reduced MIP has 230961 binaries, 0 generals, 0 SOSs, and 0 indicators.
Presolve time = 6.15 sec. (7451.52 ticks)
Probing time = 3.51 sec. (64.11 ticks)
Tried aggregator 1 time.
MIP Presolve eliminated 294000 rows and 6000 columns.
Reduced MIP has 331323 rows, 234961 columns, and 1816770 nonzeros.
Reduced MIP has 230961 binaries, 0 generals, 0 SOSs, and 0 indicators.
Presolve time = 3.49 sec. (2071.47 ticks)
Probing time = 2.22 sec. (63.39 ticks)
Clique table members: 126186.
MIP emphasis: balance optimality and feasibility.
MIP search method: dynamic search.
Parallel mode: deterministic, using up to 24 threads.
Root relaxation solution time = 65.44 sec. (10965.95 ticks)

        Nodes                                         Cuts/
   Node  Left     Objective  IInf  Best Integer    Best Bound    ItCnt     Gap

*     0+    0                          478.0000      918.0000            92.05%
      0     0      918.0000  1804      478.0000      918.0000    64792   92.05%
Exception raised in listener 'MipGapPrinter': 'int' object is not callable, id=1
*     0+    0                          634.0000      918.0000            44.79%
Exception raised in listener 'MipGapPrinter': 'int' object is not callable, id=3
      0     0      918.0000  1512      634.0000     Cuts: 167   102534   44.79%
      0     0      918.0000  1978      634.0000    Cuts: 1078   154124   44.79%
      0     0      918.0000  1612      634.0000     Cuts: 160   209379   44.79%
*     0+    0                          736.0000      918.0000            24.73%
*     0+    0                          851.0000      918.0000             7.87%
*     0+    0                          879.0000      918.0000             4.44%
*     0+    0                          888.0000      918.0000             3.38%
Exception raised in listener 'MipGapPrinter': 'int' object is not callable, id=9
      0     0      918.0000  2126      888.0000    Cuts: 1126   323105    3.38%

Clique cuts applied:  14
Cover cuts applied:  73
Implied bound cuts applied:  877
Flow cuts applied:  7
Mixed integer rounding cuts applied:  238
Zero-half cuts applied:  98
Gomory fractional cuts applied:  4

Root node processing (before b&c):
  Real time             = 14400.16 sec. (1125958.61 ticks)
Parallel b&c, 24 threads:
  Real time             =    0.00 sec. (0.00 ticks)
  Sync time (average)   =    0.00 sec.
  Wait time (average)   =    0.00 sec.
                          ------------
Total (root+branch&cut) = 14400.16 sec. (1125958.61 ticks)
status  = time limit exceeded
time    = 14400.3 s.
problem = MILP
gap     = 3.37838%

Objective value: 888.0
[50, 200, 8, 6, 400, 385, 888, 918, 3.38, 14400.31]
number of spatial :  827
Heuristic Solution information :  [50, 200, 8, 6, 400, 366, 839, 12, 827]
