CPXPARAM_Read_DataCheck                          1
CPXPARAM_TimeLimit                               14400
Tried aggregator 2 times.
MIP Presolve eliminated 37351 rows and 339715 columns.
MIP Presolve modified 1920 coefficients.
Aggregator did 912 substitutions.
Reduced MIP has 419017 rows, 96005 columns, and 1277596 nonzeros.
Reduced MIP has 88505 binaries, 0 generals, 0 SOSs, and 0 indicators.
Presolve time = 1.52 sec. (4962.47 ticks)
Probing time = 0.80 sec. (26.51 ticks)
Tried aggregator 1 time.
MIP Presolve eliminated 293988 rows and 5996 columns.
Reduced MIP has 125029 rows, 90009 columns, and 689620 nonzeros.
Reduced MIP has 88505 binaries, 0 generals, 0 SOSs, and 0 indicators.
Presolve time = 1.08 sec. (1161.47 ticks)
Probing time = 0.69 sec. (20.86 ticks)
Clique table members: 48064.
MIP emphasis: balance optimality and feasibility.
MIP search method: dynamic search.
Parallel mode: deterministic, using up to 24 threads.
Root relaxation solution time = 23.54 sec. (5429.12 ticks)

        Nodes                                         Cuts/
   Node  Left     Objective  IInf  Best Integer    Best Bound    ItCnt     Gap

*     0+    0                          460.0000      918.0000            99.57%
      0     0      796.5000  1025      460.0000      796.5000    48671   73.15%
Exception raised in listener 'MipGapPrinter': 'int' object is not callable, id=1
*     0+    0                          590.0000      796.5000            35.00%
Exception raised in listener 'MipGapPrinter': 'int' object is not callable, id=3
      0     0      763.0000  1050      590.0000     Cuts: 813    70334   29.32%
      0     0      756.0000  1100      590.0000     Cuts: 649    86223   28.14%
      0     0      756.0000  1105      590.0000     Cuts: 554   105291   28.14%
*     0+    0                          701.0000      756.0000             7.85%
Exception raised in listener 'MipGapPrinter': 'int' object is not callable, id=9
      0     0      756.0000   858      701.0000      Cuts: 77   119566    7.85%
      0     0      756.0000  1090      701.0000     Cuts: 431   136570    7.85%
Heuristic still looking.
*     0+    0                          712.0000      756.0000             6.18%
Exception raised in listener 'MipGapPrinter': 'int' object is not callable, id=13
      0     2      756.0000   358      712.0000      756.0000   136570    6.18%
Elapsed time = 2773.83 sec. (242161.49 ticks, tree = 0.02 MB, solutions = 4)
      1     3      756.0000   418      712.0000      756.0000   137990    6.18%
      2     4      756.0000   471      712.0000      756.0000   138382    6.18%
      3     5      756.0000   480      712.0000      756.0000   138632    6.18%
      4     6      756.0000   464      712.0000      756.0000   139875    6.18%
      5     7      756.0000   407      712.0000      756.0000   140849    6.18%
      7     7    infeasible            712.0000      756.0000   141781    6.18%
      8     7      756.0000   460      712.0000      756.0000   140242    6.18%
      9     8      756.0000   425      712.0000      756.0000   141112    6.18%
     11    11      756.0000   424      712.0000      756.0000   144349    6.18%
     27     6      756.0000   454      712.0000      756.0000   138823    6.18%
Elapsed time = 2893.14 sec. (251105.39 ticks, tree = 0.02 MB, solutions = 4)
     49    32      756.0000   542      712.0000      756.0000   156431    6.18%
     75    38      756.0000   462      712.0000      756.0000   159498    6.18%
    105    66    infeasible            712.0000      756.0000   171100    6.18%
    132    97      756.0000   496      712.0000      756.0000   182022    6.18%
    198   119      756.0000   444      712.0000      756.0000   190423    6.18%
    276   209      756.0000   454      712.0000      756.0000   236523    6.18%
    344   274      756.0000   441      712.0000      756.0000   259760    6.18%
    427   278      756.0000   450      712.0000      756.0000   262155    6.18%
    505   302      756.0000   528      712.0000      756.0000   268620    6.18%
    592    13      756.0000   547      712.0000      756.0000   146831    6.18%
Elapsed time = 3068.14 sec. (260845.80 ticks, tree = 0.02 MB, solutions = 4)
    690   458      756.0000   576      712.0000      756.0000   349263    6.18%
    795   603      756.0000   542      712.0000      756.0000   420687    6.18%
    904   703      756.0000   553      712.0000      756.0000   457855    6.18%
   1005   742      756.0000   479      712.0000      756.0000   471006    6.18%
   1062   881      756.0000   489      712.0000      756.0000   517380    6.18%
   1099   877      756.0000   470      712.0000      756.0000   515279    6.18%
   1140   898      756.0000   558      712.0000      756.0000   521792    6.18%
   1183   914      756.0000   591      712.0000      756.0000   527957    6.18%
   1222  1023      756.0000   464      712.0000      756.0000   560368    6.18%
   1270  1064      756.0000   455      712.0000      756.0000   577971    6.18%
Elapsed time = 3241.43 sec. (270560.36 ticks, tree = 25.64 MB, solutions = 4)
   1315  1064      756.0000   489      712.0000      756.0000   577105    6.18%
   1376  1141      756.0000   411      712.0000      756.0000   601001    6.18%
   1449  1167      756.0000   463      712.0000      756.0000   608177    6.18%
   1532  1225      756.0000   493      712.0000      756.0000   622821    6.18%
   1621  1299      756.0000   436      712.0000      756.0000   639900    6.18%
   1727  1296    infeasible            712.0000      756.0000   639829    6.18%
   1836  1397      756.0000   225      712.0000      756.0000   666374    6.18%
   1953  1580      756.0000   389      712.0000      756.0000   713415    6.18%
   2062  1664      756.0000   398      712.0000      756.0000   735426    6.18%
*  2106+ 1394                          715.0000      756.0000             5.73%
   2177  1688      756.0000   396      715.0000      756.0000   740645    5.73%
Elapsed time = 3418.63 sec. (280165.51 ticks, tree = 48.73 MB, solutions = 5)
   2308  1708      756.0000   447      715.0000      756.0000   746456    5.73%
Exception raised in listener 'MipGapPrinter': 'int' object is not callable, id=31
   2455  1900      756.0000   440      715.0000      756.0000   798696    5.73%
   2609  1857      756.0000   402      715.0000      756.0000   787109    5.73%
   2782  1983      756.0000   344      715.0000      756.0000   824376    5.73%
   2946  2206    infeasible            715.0000      756.0000   892020    5.73%
   3120  2203      756.0000   424      715.0000      756.0000   887623    5.73%
   3289  2258      756.0000   352      715.0000      756.0000   905263    5.73%
   3461  2762      756.0000   351      715.0000      756.0000  1055885    5.73%
   3615  2749      756.0000   340      715.0000      756.0000  1050218    5.73%
   3784  2896      756.0000   302      715.0000      756.0000  1088302    5.73%
Elapsed time = 3572.53 sec. (289756.53 ticks, tree = 95.01 MB, solutions = 5)
   3941  3034      756.0000   372      715.0000      756.0000  1131342    5.73%
   4108  3079      756.0000   349      715.0000      756.0000  1140103    5.73%
   4259  3085      756.0000   340      715.0000      756.0000  1142026    5.73%
   4429  3528      756.0000   234      715.0000      756.0000  1244061    5.73%
   4583  3577      753.4667   170      715.0000      756.0000  1259027    5.73%
   4756  3535    infeasible            715.0000      756.0000  1249281    5.73%
   4928  3990      756.0000   265      715.0000      756.0000  1373322    5.73%
*  5085+ 4054                          723.0000      756.0000             4.56%
   5104  3669    infeasible            723.0000      756.0000  1283539    4.56%
Exception raised in listener 'MipGapPrinter': 'int' object is not callable, id=36
   5229  4292      756.0000   205      723.0000      756.0000  1446759    4.56%
   5365  4401      756.0000   233      723.0000      756.0000  1472918    4.56%
Elapsed time = 3726.30 sec. (299338.38 ticks, tree = 165.88 MB, solutions = 14)
   5530  4328      754.5000   184      723.0000      756.0000  1460031    4.56%
*  5639+ 4218                          728.0000      756.0000             3.85%
   5698  4556      756.0000   236      728.0000      756.0000  1517008    3.85%
*  5859+ 4218                          730.0000      756.0000             3.56%
   5881  2952      756.0000   462      730.0000      756.0000  1103411    3.56%
   6079  4803      756.0000   352      730.0000      756.0000  1587344    3.56%
   6301  4952      749.9000   135      730.0000      756.0000  1645322    3.56%
   6486  4834      755.0000   154      730.0000      756.0000  1599024    3.56%
   6543  4987      756.0000   326      730.0000      756.0000  1658356    3.56%
   6569  4999      756.0000   282      730.0000      756.0000  1660932    3.56%
*  6579+ 3750                          734.0000      756.0000             3.00%
*  6579+ 2500                          736.0000      756.0000             2.72%

GUB cover cuts applied:  144
Clique cuts applied:  2
Cover cuts applied:  11
Implied bound cuts applied:  38
Mixed integer rounding cuts applied:  12
Zero-half cuts applied:  14
Lift and project cuts applied:  1
Gomory fractional cuts applied:  30

Root node processing (before b&c):
  Real time             = 2758.27 sec. (242072.87 ticks)
Parallel b&c, 24 threads:
  Real time             = 11643.53 sec. (401429.84 ticks)
  Sync time (average)   =  328.80 sec.
  Wait time (average)   =    0.00 sec.
                          ------------
Total (root+branch&cut) = 14401.80 sec. (643502.71 ticks)
status  = time limit exceeded
time    = 14404.9 s.
problem = MILP
gap     = 2.71739%

Objective value: 736.0
[50, 150, 8, 6, 400, 309, 736, 755, 2.72, 14404.92]
number of spatial :  653
Heuristic Solution information :  [50, 150, 8, 6, 400, 289, 665, 12, 653]
