CPXPARAM_Read_DataCheck                          1
CPXPARAM_TimeLimit                               14400
Tried aggregator 2 times.
MIP Presolve eliminated 49928 rows and 453023 columns.
MIP Presolve modified 2466 coefficients.
Aggregator did 1116 substitutions.
Reduced MIP has 558312 rows, 127700 columns, and 1724095 nonzeros.
Reduced MIP has 117700 binaries, 0 generals, 0 SOSs, and 0 indicators.
Presolve time = 2.69 sec. (7800.01 ticks)
Probing time = 2.94 sec. (37.35 ticks)
Tried aggregator 1 time.
MIP Presolve eliminated 391962 rows and 7988 columns.
Reduced MIP has 166350 rows, 119712 columns, and 940171 nonzeros.
Reduced MIP has 117700 binaries, 0 generals, 0 SOSs, and 0 indicators.
Presolve time = 5.67 sec. (1660.89 ticks)
Probing time = 2.77 sec. (30.20 ticks)
Clique table members: 63741.
MIP emphasis: balance optimality and feasibility.
MIP search method: dynamic search.
Parallel mode: deterministic, using up to 24 threads.
Root relaxation solution time = 105.59 sec. (7289.37 ticks)

        Nodes                                         Cuts/
   Node  Left     Objective  IInf  Best Integer    Best Bound    ItCnt     Gap

*     0+    0                          666.0000     1122.0000            68.47%
      0     0     1107.9000  1211      666.0000     1107.9000    58720   66.35%
Exception raised in listener 'MipGapPrinter': 'int' object is not callable, id=1
*     0+    0                          845.0000     1107.9000            31.11%
Exception raised in listener 'MipGapPrinter': 'int' object is not callable, id=3
      0     0     1107.9000  1340      845.0000     Cuts: 963    95950   31.11%
      0     0     1107.9000  1115      845.0000     Cuts: 134   127171   31.11%
