CPXPARAM_Read_DataCheck                          1
CPXPARAM_TimeLimit                               14400
Tried aggregator 2 times.
MIP Presolve eliminated 12795 rows and 113132 columns.
MIP Presolve modified 846 coefficients.
Aggregator did 1116 substitutions.
Reduced MIP has 140413 rows, 32591 columns, and 432484 nonzeros.
Reduced MIP has 30091 binaries, 0 generals, 0 SOSs, and 0 indicators.
Presolve time = 0.36 sec. (1966.55 ticks)
Probing time = 0.21 sec. (8.57 ticks)
Tried aggregator 1 time.
MIP Presolve eliminated 98000 rows and 2000 columns.
Reduced MIP has 42413 rows, 30591 columns, and 236484 nonzeros.
Reduced MIP has 30091 binaries, 0 generals, 0 SOSs, and 0 indicators.
Presolve time = 0.20 sec. (296.62 ticks)
Probing time = 0.08 sec. (6.61 ticks)
Clique table members: 16218.
MIP emphasis: balance optimality and feasibility.
MIP search method: dynamic search.
Parallel mode: deterministic, using up to 24 threads.
Root relaxation solution time = 1.07 sec. (1061.90 ticks)

        Nodes                                         Cuts/
   Node  Left     Objective  IInf  Best Integer    Best Bound    ItCnt     Gap

*     0+    0                          233.0000     1122.0000           381.55%
      0     0      460.8000   485      233.0000      460.8000    20325   97.77%
Exception raised in listener 'MipGapPrinter': 'int' object is not callable, id=1
*     0+    0                          349.0000      460.8000            32.03%
Exception raised in listener 'MipGapPrinter': 'int' object is not callable, id=3
      0     0      428.1250   470      349.0000     Cuts: 526    25492   22.67%
      0     0      413.5000   360      349.0000     Cuts: 505    33994   18.48%
      0     0      412.0941   414      349.0000     Cuts: 194    47085   18.08%
*     0+    0                          390.0000      412.0941             5.67%
*     0+    0                          394.0000      412.0941             4.59%
*     0+    0                          396.0000      412.0941             4.06%
Exception raised in listener 'MipGapPrinter': 'int' object is not callable, id=9
      0     0      411.0000   446      396.0000     Cuts: 161    53279    3.79%
      0     0      410.2500   382      396.0000     Cuts: 180    59482    3.60%
      0     0      410.2500   391      396.0000     Cuts: 137    64420    3.60%
*     0+    0                          402.0000      410.2500             2.05%
*     0+    0                          403.0000      410.2500             1.80%
Exception raised in listener 'MipGapPrinter': 'int' object is not callable, id=16
      0     0      408.0000   413      403.0000      Cuts: 34    71120    1.24%
      0     0      408.0000   390      403.0000     Cuts: 134    76490    1.24%
      0     0      408.0000   466      403.0000     Cuts: 124    82080    1.24%
*     0+    0                          404.0000      408.0000             0.99%
Exception raised in listener 'MipGapPrinter': 'int' object is not callable, id=23
*     0+    0                          405.0000      408.0000             0.74%
Exception raised in listener 'MipGapPrinter': 'int' object is not callable, id=24
      0     2      408.0000   120      405.0000      408.0000    82080    0.74%
Elapsed time = 57.19 sec. (53458.05 ticks, tree = 0.02 MB, solutions = 9)
      1     3      408.0000   213      405.0000      408.0000    83138    0.74%
      2     3      408.0000   132      405.0000      408.0000    82099    0.74%
      3     4      408.0000   214      405.0000      408.0000    86422    0.74%
      6     8      408.0000   194      405.0000      408.0000    89296    0.74%
      7     6      408.0000   254      405.0000      408.0000    89760    0.74%
      8     9      408.0000   231      405.0000      408.0000    93133    0.74%
     11     4      408.0000   258      405.0000      408.0000    87130    0.74%
     12     8      408.0000   170      405.0000      408.0000    88685    0.74%
     15     5      408.0000   272      405.0000      408.0000    85986    0.74%
     23    14      408.0000   289      405.0000      408.0000   105305    0.74%
Elapsed time = 85.23 sec. (58585.72 ticks, tree = 0.36 MB, solutions = 9)
     35    24      408.0000   329      405.0000      408.0000   120313    0.74%
     51    26      408.0000   380      405.0000      408.0000   129127    0.74%
     83    68      408.0000   240      405.0000      408.0000   242383    0.74%
*    94+   20                          406.0000      408.0000             0.49%
    125    25      408.0000   301      406.0000      408.0000   123846    0.49%
Exception raised in listener 'MipGapPrinter': 'int' object is not callable, id=32
    155   100      408.0000   251      406.0000      408.0000   349171    0.49%
    213   136      408.0000   225      406.0000      408.0000   430440    0.49%
    251   124      408.0000   182      406.0000      408.0000   388326    0.49%
    273   168      408.0000   236      406.0000      408.0000   508586    0.49%
    297   208      407.8455   197      406.0000      408.0000   571733    0.49%
    334   247      408.0000   258      406.0000      408.0000   666411    0.49%
Elapsed time = 219.20 sec. (68632.83 ticks, tree = 17.31 MB, solutions = 10)
    370   231      408.0000   309      406.0000      408.0000   613798    0.49%
    398   307      408.0000   174      406.0000      408.0000   780603    0.49%
    426   308      407.8542   158      406.0000      408.0000   783012    0.49%
    465   359      407.5000   175      406.0000      408.0000   896325    0.49%
    551   388    infeasible            406.0000      408.0000   958474    0.49%
    671   420      408.0000   256      406.0000      408.0000  1039389    0.49%
    828   471      407.1905   208      406.0000      408.0000  1107961    0.49%
   1021   464    infeasible            406.0000      408.0000  1094395    0.49%
   1215   561      407.5000   141      406.0000      408.0000  1239071    0.49%
   1397   711      407.7698   173      406.0000      408.0000  1405740    0.49%
Elapsed time = 322.73 sec. (78333.20 ticks, tree = 36.55 MB, solutions = 10)
   1554   778      407.2500   147      406.0000      408.0000  1493279    0.49%
   1754  1007      408.0000   180      406.0000      408.0000  1795290    0.49%
   1969  1037      407.0000   151      406.0000      408.0000  1830449    0.49%
   2149  1003      407.5400   173      406.0000      408.0000  1792472    0.49%
   2307  1348      407.7500   128      406.0000      408.0000  2189933    0.49%
   2492  1176    infeasible            406.0000      408.0000  1976770    0.49%
   2675  1352      407.0000   209      406.0000      408.0000  2149252    0.49%
   2833  1518      407.5000   163      406.0000      408.0000  2398227    0.49%
   2993  1563      407.5000   171      406.0000      408.0000  2461321    0.49%
   3140  1700    infeasible            406.0000      408.0000  2652092    0.49%
Elapsed time = 409.78 sec. (87906.72 ticks, tree = 88.43 MB, solutions = 10)
   3245  1750      408.0000   221      406.0000      408.0000  2723361    0.49%
   3378  1720    infeasible            406.0000      408.0000  2671131    0.49%
   3518  1876    infeasible            406.0000      408.0000  2923602    0.49%
   3716  1920    infeasible            406.0000      408.0000  3002751    0.49%
   3889  2053      408.0000   140      406.0000      408.0000  3178000    0.49%
   4026  2093      407.0000   139      406.0000      408.0000  3223334    0.49%
   4223  2144    infeasible            406.0000      408.0000  3304151    0.49%
   4372  2304      407.3182   145      406.0000      408.0000  3531016    0.49%
   4539  2411      407.1212   155      406.0000      408.0000  3657157    0.49%
   4702  2413    infeasible            406.0000      408.0000  3635832    0.49%
Elapsed time = 501.26 sec. (97512.24 ticks, tree = 133.45 MB, solutions = 10)
   4871  2583      407.0000    66      406.0000      408.0000  3887557    0.49%
   5010  2663      407.8182   170      406.0000      408.0000  4059991    0.49%
   5124  2668      407.0000   184      406.0000      408.0000  4066849    0.49%
   5222  2985      407.4000   167      406.0000      408.0000  4463402    0.49%
   5344  2992      407.0000   134      406.0000      408.0000  4470306    0.49%
   5430  2982      407.8289   172      406.0000      408.0000  4457268    0.49%
   5581  3059      407.0000   174      406.0000      408.0000  4593742    0.49%
   5717  3098      407.0000   160      406.0000      408.0000  4683416    0.49%
   5815  3108      407.0000   175      406.0000      408.0000  4742267    0.49%
   5922  3313      407.7045   158      406.0000      408.0000  5068213    0.49%
Elapsed time = 592.67 sec. (107172.18 ticks, tree = 193.66 MB, solutions = 10)
   6043  3403      407.6250   169      406.0000      408.0000  5310974    0.49%
   6154  3338      407.0000   253      406.0000      408.0000  5097172    0.49%
   6234  3453        cutoff            406.0000      408.0000  5433276    0.49%
   6292  3486      407.5500   133      406.0000      408.0000  5448006    0.49%
   6366  3587      407.0000   153      406.0000      408.0000  5638673    0.49%
   6411  3452      407.7045   220      406.0000      408.0000  5435237    0.49%
   6454  3652      407.0000   136      406.0000      408.0000  5883699    0.49%
   6495  3595      408.0000   276      406.0000      408.0000  5667672    0.49%
   6533  3652        cutoff            406.0000      408.0000  5893567    0.49%
   6591  3686      408.0000   228      406.0000      408.0000  5953263    0.49%
Elapsed time = 718.24 sec. (116912.63 ticks, tree = 232.97 MB, solutions = 10)
   6645  3729      407.6875   143      406.0000      408.0000  6106295    0.49%
   6708  3724      407.8667   187      406.0000      408.0000  6064381    0.49%
   6793  3745      407.0000   247      406.0000      408.0000  6224670    0.49%
   6879  3869      408.0000   140      406.0000      408.0000  6453802    0.49%
   6947  3954      407.0000   160      406.0000      408.0000  6509478    0.49%
   6999  3970      407.0000   167      406.0000      408.0000  6510926    0.49%
*  7041+ 3987                          407.0000      408.0000             0.25%
Exception raised in listener 'MipGapPrinter': 'int' object is not callable, id=53
   7054  3810      408.0000   335      407.0000      408.0000  6344920    0.25%
   7096  3969      407.5000   161      407.0000      408.0000  6551692    0.25%
   7127   868        cutoff            407.0000      408.0000  6725286    0.25%
   7160   889      408.0000   227      407.0000      408.0000  6713304    0.25%
Elapsed time = 829.79 sec. (126699.09 ticks, tree = 75.56 MB, solutions = 12)
   7187   796    infeasible            407.0000      408.0000  6838498    0.25%
   7196   806        cutoff            407.0000      408.0000  6822634    0.25%
   7203   838      408.0000   246      407.0000      408.0000  6790175    0.25%
   7210   869      408.0000   289      407.0000      408.0000  6736123    0.25%
   7215   756      408.0000   236      407.0000      408.0000  6916018    0.25%
   7217   734      408.0000   163      407.0000      408.0000  7365122    0.25%
   7218   735      408.0000   263      407.0000      408.0000  7371447    0.25%
   7219   736      408.0000   327      407.0000      408.0000  7377316    0.25%
   7220   737      408.0000   322      407.0000      408.0000  7382527    0.25%
   7221   589      408.0000   240      407.0000      408.0000  7371489    0.25%
Elapsed time = 1652.41 sec. (272968.32 ticks, tree = 89.78 MB, solutions = 12)
   7224   445      408.0000   221      407.0000      408.0000  7388634    0.25%
   7226   396      408.0000   289      407.0000      408.0000  7388878    0.25%
   7230   349      408.0000   331      407.0000      408.0000  7400548    0.25%
   7234   132      408.0000   216      407.0000      408.0000  7404049    0.25%
   7242    22      408.0000   221      407.0000      408.0000  7382617    0.25%
   7253    17      408.0000   341      407.0000      408.0000  7408252    0.25%
   7263    31      408.0000   301      407.0000      408.0000  7427768    0.25%
   7275    34      408.0000   191      407.0000      408.0000  7429196    0.25%
   7294    41      408.0000   212      407.0000      408.0000  7437638    0.25%
   7423    80      408.0000   166      407.0000      408.0000  7465265    0.25%
Elapsed time = 1781.85 sec. (286805.96 ticks, tree = 6.59 MB, solutions = 12)
   7772   204      408.0000   152      407.0000      408.0000  7667726    0.25%
   8211   378    infeasible            407.0000      408.0000  7799076    0.25%
*  8383+  401                          408.0000      408.0000             0.00%
   8471   474      408.0000   121      408.0000      408.0000  7889415    0.00%
Exception raised in listener 'MipGapPrinter': 'int' object is not callable, id=72

GUB cover cuts applied:  66
Clique cuts applied:  3
Cover cuts applied:  105
Implied bound cuts applied:  186
Flow cuts applied:  3
Mixed integer rounding cuts applied:  36
Zero-half cuts applied:  59
Lift and project cuts applied:  2
Gomory fractional cuts applied:  45

Root node processing (before b&c):
  Real time             =   55.55 sec. (53426.79 ticks)
Parallel b&c, 24 threads:
  Real time             = 1821.43 sec. (245991.66 ticks)
  Sync time (average)   =  305.18 sec.
  Wait time (average)   =    0.09 sec.
                          ------------
Total (root+branch&cut) = 1876.99 sec. (299418.45 ticks)
status  = integer optimal solution
time    = 1877.35 s.
problem = MILP
gap     = 0%

Objective value: 408.0
[50, 50, 8, 10, 400, 140, 408, 408, 0.0, 1877.35]
number of spatial :  311
Heuristic Solution information :  [50, 50, 8, 10, 400, 128, 327, 16, 311]
