CPXPARAM_Read_DataCheck                          1
CPXPARAM_TimeLimit                               14400
Tried aggregator 2 times.
MIP Presolve eliminated 1023 rows and 566174 columns.
MIP Presolve added 24 rows and 0 columns.
MIP Presolve modified 509 coefficients.
Aggregator did 1156 substitutions.
Reduced MIP has 491291 rows, 14533 columns, and 1005599 nonzeros.
Reduced MIP has 4533 binaries, 0 generals, 0 SOSs, and 0 indicators.
Presolve time = 3.21 sec. (6864.60 ticks)
Found incumbent of value 7.000000 after 5.58 sec. (7651.76 ticks)
Probing fixed 9 vars, tightened 0 bounds.
Probing time = 2.73 sec. (15.06 ticks)
Tried aggregator 1 time.
MIP Presolve eliminated 425908 rows and 6466 columns.
Reduced MIP has 65383 rows, 8067 columns, and 153783 nonzeros.
Reduced MIP has 4524 binaries, 0 generals, 0 SOSs, and 0 indicators.
Presolve time = 237.33 sec. (20524.28 ticks)
Probing time = 0.79 sec. (2.60 ticks)
Clique table members: 1406.
MIP emphasis: balance optimality and feasibility.
MIP search method: dynamic search.
Parallel mode: deterministic, using up to 24 threads.
Root relaxation solution time = 0.44 sec. (331.26 ticks)

        Nodes                                         Cuts/
   Node  Left     Objective  IInf  Best Integer    Best Bound    ItCnt     Gap

*     0+    0                            7.0000     1113.0000              --- 
*     0+    0                          787.0000     1113.0000            41.42%
      0     0     1030.4000   248      787.0000     1030.4000     4074   30.93%
Exception raised in listener 'MipGapPrinter': 'int' object is not callable, id=1
*     0+    0                          940.0000     1030.4000             9.62%
Exception raised in listener 'MipGapPrinter': 'int' object is not callable, id=3
      0     0     1013.0000   350      940.0000     Cuts: 441     5379    7.77%
      0     0     1009.4000   291      940.0000     Cuts: 235     6334    7.38%
      0     0     1009.4000   250      940.0000     Cuts: 164     6934    7.38%
*     0+    0                          977.0000     1009.4000             3.32%
*     0+    0                          991.0000     1009.4000             1.86%
*     0+    0                          997.0000     1009.4000             1.24%
Exception raised in listener 'MipGapPrinter': 'int' object is not callable, id=9
      0     0     1009.4000   249      997.0000     Cuts: 109     7518    1.24%
      0     0     1009.4000   125      997.0000      Cuts: 24     7759    1.24%
      0     0     1009.4000   197      997.0000      Cuts: 78     7941    1.24%
*     0+    0                          999.0000     1009.4000             1.04%
*     0+    0                         1001.0000     1009.4000             0.84%
Exception raised in listener 'MipGapPrinter': 'int' object is not callable, id=16
      0     2     1009.4000    47     1001.0000     1009.4000     7941    0.84%
Elapsed time = 272.09 sec. (34030.80 ticks, tree = 0.02 MB, solutions = 8)
     20    15     1009.4000   107     1001.0000     1009.4000     8532    0.84%
*    89+   16                         1003.0000     1009.4000             0.64%
     98    72     1009.4000   164     1003.0000     1009.4000    13566    0.64%
Exception raised in listener 'MipGapPrinter': 'int' object is not callable, id=34
    159   126     1009.4000   134     1003.0000     1009.4000    24186    0.64%
    269   222     1009.4000   178     1003.0000     1009.4000    33260    0.64%
    420   313     1009.4000   146     1003.0000     1009.4000    40575    0.64%
    550   416     1009.4000    95     1003.0000     1009.4000    45484    0.64%
    691   577     1009.4000    63     1003.0000     1009.4000    55150    0.64%
    928   812     1009.4000    66     1003.0000     1009.4000    68961    0.64%
   1185  1103     1009.4000    77     1003.0000     1009.4000    80090    0.64%
   2126  1910     1009.4000    88     1003.0000     1009.4000   114011    0.64%
Elapsed time = 292.64 sec. (37149.57 ticks, tree = 554.24 MB, solutions = 12)
   2938  2561     1009.4000   130     1003.0000     1009.4000   140769    0.64%
   3914  3709     1009.4000    80     1003.0000     1009.4000   187648    0.64%
   4928  4375     1009.4000    68     1003.0000     1009.4000   213185    0.64%
*  5192+ 4788                         1005.0000     1009.4000             0.44%
Exception raised in listener 'MipGapPrinter': 'int' object is not callable, id=57
   5282  5049     1009.4000    76     1005.0000     1009.4000   237828    0.44%
*  5361+ 3572                         1007.0000     1009.4000             0.24%
Exception raised in listener 'MipGapPrinter': 'int' object is not callable, id=58
   5361  3573     1009.4000    16     1007.0000     1009.4000   255185    0.24%
*  7792+ 1778                         1009.0000     1009.4000             0.04%
   7865  1836     1008.5000    80     1009.0000     1009.4000   299760    0.04%
Exception raised in listener 'MipGapPrinter': 'int' object is not callable, id=80

GUB cover cuts applied:  30
Clique cuts applied:  5
Cover cuts applied:  26
Flow cuts applied:  1
Mixed integer rounding cuts applied:  4
Zero-half cuts applied:  12
Gomory fractional cuts applied:  16

Root node processing (before b&c):
  Real time             =  270.88 sec. (34092.32 ticks)
Parallel b&c, 24 threads:
  Real time             =   70.85 sec. (12461.41 ticks)
  Sync time (average)   =   27.33 sec.
  Wait time (average)   =    0.05 sec.
                          ------------
Total (root+branch&cut) =  341.72 sec. (46553.74 ticks)
status  = integer optimal solution
time    = 341.893 s.
problem = MILP
gap     = 0%

Objective value: 1009.0
[50, 200, 8, 10, 400, 350, 1009, 1009, 0.0, 341.89]
number of spatial :  877
Heuristic Solution information :  [50, 200, 8, 10, 400, 319, 893, 16, 877]
