CPXPARAM_Read_DataCheck                          1
CPXPARAM_TimeLimit                               14400
Tried aggregator 2 times.
MIP Presolve eliminated 807 rows and 283090 columns.
MIP Presolve added 64 rows and 0 columns.
MIP Presolve modified 412 coefficients.
Aggregator did 1183 substitutions.
Reduced MIP has 246119 rows, 7641 columns, and 503551 nonzeros.
Reduced MIP has 2641 binaries, 0 generals, 0 SOSs, and 0 indicators.
Presolve time = 0.52 sec. (3202.44 ticks)
Found incumbent of value 9.000000 after 1.07 sec. (3596.56 ticks)
Probing fixed 15 vars, tightened 0 bounds.
Probing time = 1.33 sec. (7.60 ticks)
Tried aggregator 1 time.
MIP Presolve eliminated 223128 rows and 3601 columns.
Reduced MIP has 22991 rows, 4040 columns, and 57295 nonzeros.
Reduced MIP has 2626 binaries, 0 generals, 0 SOSs, and 0 indicators.
Presolve time = 38.32 sec. (6292.72 ticks)
Probing time = 0.05 sec. (2.07 ticks)
Clique table members: 1321.
MIP emphasis: balance optimality and feasibility.
MIP search method: dynamic search.
Parallel mode: deterministic, using up to 24 threads.
Root relaxation solution time = 0.26 sec. (119.61 ticks)

        Nodes                                         Cuts/
   Node  Left     Objective  IInf  Best Integer    Best Bound    ItCnt     Gap

*     0+    0                            9.0000     1067.0000              --- 
*     0+    0                          454.0000     1067.0000           135.02%
      0     0      680.3667   242      454.0000      680.3667     2680   49.86%
Exception raised in listener 'MipGapPrinter': 'int' object is not callable, id=1
*     0+    0                          458.0000      680.3667            48.55%
Exception raised in listener 'MipGapPrinter': 'int' object is not callable, id=3
      0     0      630.6222   175      458.0000     Cuts: 561     4102   37.69%
*     0+    0                          555.0000      630.6222            13.63%
*     0+    0                          580.0000      630.6222             8.73%
Exception raised in listener 'MipGapPrinter': 'int' object is not callable, id=5
      0     0      613.3528   210      580.0000     Cuts: 256     4630    5.75%
      0     0      610.9444   103      580.0000     Cuts: 156     4933    5.34%
*     0+    0                          596.0000      610.9444             2.51%
*     0+    0                          597.0000      610.9444             2.34%
*     0+    0                          598.0000      610.9444             2.16%
Exception raised in listener 'MipGapPrinter': 'int' object is not callable, id=10
      0     0      609.0000    77      598.0000      Cuts: 79     5100    1.84%
      0     0      609.0000    36      598.0000      Cuts: 34     5154    1.84%
      0     0      609.0000    77      598.0000      Cuts: 18     5194    1.84%
*     0+    0                          605.0000      609.0000             0.66%
Exception raised in listener 'MipGapPrinter': 'int' object is not callable, id=17
      0     0      609.0000    34      605.0000       Cuts: 9     5235    0.66%
      0     0      609.0000   135      605.0000      Cuts: 26     5314    0.66%
*     0+    0                          606.0000      609.0000             0.50%
Exception raised in listener 'MipGapPrinter': 'int' object is not callable, id=22
      0     2      609.0000     9      606.0000      609.0000     5314    0.50%
Elapsed time = 57.39 sec. (12198.44 ticks, tree = 0.02 MB, solutions = 10)
*   121+   19                          607.0000      609.0000             0.33%
*   145+   27                          608.0000      609.0000             0.16%
Exception raised in listener 'MipGapPrinter': 'int' object is not callable, id=39
    262   208      608.0000    12      608.0000      609.0000     7241    0.16%
Exception raised in listener 'MipGapPrinter': 'int' object is not callable, id=45
    469   125      609.0000    42      608.0000      609.0000     8914    0.16%
*   668   131      integral     0      609.0000      609.0000    10684    0.00%
Exception raised in listener 'MipGapPrinter': 'int' object is not callable, id=57

GUB cover cuts applied:  205
Clique cuts applied:  23
Cover cuts applied:  149
Flow cuts applied:  4
Mixed integer rounding cuts applied:  32
Zero-half cuts applied:  128
Lift and project cuts applied:  4
Gomory fractional cuts applied:  121

Root node processing (before b&c):
  Real time             =   55.30 sec. (12223.34 ticks)
Parallel b&c, 24 threads:
  Real time             =   16.42 sec. (806.01 ticks)
  Sync time (average)   =   13.08 sec.
  Wait time (average)   =    0.00 sec.
                          ------------
Total (root+branch&cut) =   71.72 sec. (13029.36 ticks)
status  = integer optimal solution
time    = 71.8288 s.
problem = MILP
gap     = 0%

Objective value: 609.0
[50, 100, 8, 10, 400, 200, 609, 609, 0.0, 71.83]
number of spatial :  492
Heuristic Solution information :  [50, 100, 8, 10, 400, 204, 508, 16, 492]
