CPXPARAM_Read_DataCheck                          1
CPXPARAM_TimeLimit                               14400
Tried aggregator 2 times.
MIP Presolve eliminated 25021 rows and 84896 columns.
MIP Presolve modified 1336 coefficients.
Aggregator did 1116 substitutions.
Reduced MIP has 157163 rows, 60827 columns, and 611750 nonzeros.
Reduced MIP has 58327 binaries, 0 generals, 0 SOSs, and 0 indicators.
Presolve time = 1.11 sec. (2193.33 ticks)
Probing time = 0.97 sec. (14.00 ticks)
Tried aggregator 1 time.
MIP Presolve eliminated 73500 rows and 1500 columns.
Reduced MIP has 83663 rows, 59327 columns, and 464750 nonzeros.
Reduced MIP has 58327 binaries, 0 generals, 0 SOSs, and 0 indicators.
Presolve time = 0.56 sec. (524.46 ticks)
Probing time = 0.72 sec. (13.40 ticks)
Clique table members: 31925.
MIP emphasis: balance optimality and feasibility.
MIP search method: dynamic search.
Parallel mode: deterministic, using up to 24 threads.
Root relaxation solution time = 7.43 sec. (2571.60 ticks)

        Nodes                                         Cuts/
   Node  Left     Objective  IInf  Best Integer    Best Bound    ItCnt     Gap

*     0+    0                          185.0000     1122.0000           506.49%
      0     0      505.9000   759      185.0000      505.9000    34393  173.46%
Exception raised in listener 'MipGapPrinter': 'int' object is not callable, id=1
*     0+    0                          361.0000      505.9000            40.14%
Exception raised in listener 'MipGapPrinter': 'int' object is not callable, id=3
      0     0      475.3750   629      361.0000     Cuts: 343    45523   31.68%
      0     0      463.5000   656      361.0000     Cuts: 576    59542   28.39%
      0     0      455.3500   748      361.0000     Cuts: 422    78520   26.14%
*     0+    0                          384.0000      455.3500            18.58%
*     0+    0                          399.0000      455.3500            14.12%
*     0+    0                          418.0000      455.3500             8.94%
*     0+    0                          429.0000      455.3500             6.14%
Exception raised in listener 'MipGapPrinter': 'int' object is not callable, id=9
      0     0      454.8750   795      429.0000     Cuts: 382   100988    6.03%
      0     0      451.0000   812      429.0000     Cuts: 382   115926    5.13%
      0     0      449.0000   846      429.0000     Cuts: 370   127699    4.66%
*     0+    0                          437.0000      449.0000             2.75%
*     0+    0                          441.0000      449.0000             1.81%
*     0+    0                          443.0000      449.0000             1.35%
Exception raised in listener 'MipGapPrinter': 'int' object is not callable, id=16
      0     0      449.0000   819      443.0000     Cuts: 326   142603    1.35%
      0     0      449.0000   936      443.0000     Cuts: 350   154430    1.35%
      0     0      449.0000   552      443.0000       Cuts: 9   162112    1.35%
*     0+    0                          444.0000      449.0000             1.13%
Exception raised in listener 'MipGapPrinter': 'int' object is not callable, id=23
      0     0      449.0000   731      444.0000     Cuts: 221   174168    1.13%
Heuristic still looking.
      0     2      449.0000   285      444.0000      449.0000   174168    1.13%
Elapsed time = 1053.73 sec. (215934.22 ticks, tree = 0.02 MB, solutions = 10)
      1     3      449.0000   344      444.0000      449.0000   175171    1.13%
      2     4      449.0000   330      444.0000      449.0000   176973    1.13%
      3     5      449.0000   330      444.0000      449.0000   177435    1.13%
      4     6      449.0000   388      444.0000      449.0000   178117    1.13%
      5     7      449.0000   329      444.0000      449.0000   179435    1.13%
      7     9      449.0000   380      444.0000      449.0000   180474    1.13%
      9    11      449.0000   349      444.0000      449.0000   181516    1.13%
     10    12      449.0000   335      444.0000      449.0000   182074    1.13%
     12    14      449.0000   374      444.0000      449.0000   183569    1.13%
     16    16    infeasible            444.0000      449.0000   186394    1.13%
Elapsed time = 1089.75 sec. (220269.41 ticks, tree = 0.04 MB, solutions = 10)
     21     6      449.0000   360      444.0000      449.0000   177674    1.13%
     50    31      449.0000   321      444.0000      449.0000   195185    1.13%
     95    65      449.0000   314      444.0000      449.0000   209350    1.13%
    147    81      449.0000   281      444.0000      449.0000   220965    1.13%
    202   147      449.0000   289      444.0000      449.0000   261797    1.13%
    263   176      449.0000   281      444.0000      449.0000   285692    1.13%
    319   223    infeasible            444.0000      449.0000   316146    1.13%
    419   257      449.0000   317      444.0000      449.0000   336369    1.13%
    527   375      449.0000   283      444.0000      449.0000   410534    1.13%
    651   455      449.0000   191      444.0000      449.0000   464514    1.13%
Elapsed time = 1182.65 sec. (229988.21 ticks, tree = 6.14 MB, solutions = 10)
    798   519      449.0000   384      444.0000      449.0000   534600    1.13%
    939   659      449.0000   259      444.0000      449.0000   627257    1.13%
   1057   727    infeasible            444.0000      449.0000   680657    1.13%
*  1061+   23                          445.0000      449.0000             0.90%
Exception raised in listener 'MipGapPrinter': 'int' object is not callable, id=49
   1205   751    infeasible            445.0000      449.0000   718031    0.90%
   1333   856    infeasible            445.0000      449.0000   845334    0.90%
   1481   864      449.0000   267      445.0000      449.0000   853923    0.90%
   1635  1040    infeasible            445.0000      449.0000  1039292    0.90%
   1788  1116      449.0000   190      445.0000      449.0000  1127424    0.90%
   1951  1184      447.2220   133      445.0000      449.0000  1244224    0.90%
   2089  1242    infeasible            445.0000      449.0000  1347191    0.90%
Elapsed time = 1270.09 sec. (239605.24 ticks, tree = 20.49 MB, solutions = 11)
   2221  1243    infeasible            445.0000      449.0000  1359412    0.90%
   2364  1288    infeasible            445.0000      449.0000  1424446    0.90%
   2517  1300      446.0000   165      445.0000      449.0000  1452777    0.90%
   2658  1487      449.0000   239      445.0000      449.0000  1786877    0.90%
   2796  1418      449.0000   213      445.0000      449.0000  1695670    0.90%
   2920  1588      448.5000   118      445.0000      449.0000  1985765    0.90%
   3056  1601      447.5000   194      445.0000      449.0000  2019552    0.90%
   3166  1593      448.6875   163      445.0000      449.0000  2011270    0.90%
   3290  1634    infeasible            445.0000      449.0000  2113243    0.90%
   3425  1784      448.2344   250      445.0000      449.0000  2329143    0.90%
Elapsed time = 1352.11 sec. (249188.82 ticks, tree = 34.52 MB, solutions = 11)
   3564  1865    infeasible            445.0000      449.0000  2460658    0.90%
   3686  1870    infeasible            445.0000      449.0000  2478742    0.90%
   3772  1942      446.0000   184      445.0000      449.0000  2623332    0.90%
   3846  1963      448.7500   197      445.0000      449.0000  2685739    0.90%
   3955  2051      448.5000   200      445.0000      449.0000  2830757    0.90%
   4076  2038      448.5625   121      445.0000      449.0000  2821497    0.90%
   4196  2029    infeasible            445.0000      449.0000  2795588    0.90%
   4307  2123      448.5000   227      445.0000      449.0000  2972146    0.90%
   4427  2141    infeasible            445.0000      449.0000  3020070    0.90%
   4530  2214      447.5000   150      445.0000      449.0000  3114791    0.90%
Elapsed time = 1437.82 sec. (258832.45 ticks, tree = 47.02 MB, solutions = 11)
   4629  2329    infeasible            445.0000      449.0000  3376519    0.90%
   4727  2308      447.2500   227      445.0000      449.0000  3377134    0.90%
   4832  2454      446.5000   176      445.0000      449.0000  3633884    0.90%
   4975  2469      448.5625   181      445.0000      449.0000  3655579    0.90%
   5108  2484      446.0000   165      445.0000      449.0000  3667573    0.90%
   5258  2551      446.0000   211      445.0000      449.0000  3720927    0.90%
   5360  2531    infeasible            445.0000      449.0000  3717914    0.90%
   5428  2614      449.0000   234      445.0000      449.0000  3808067    0.90%
   5511  2666      446.0000   139      445.0000      449.0000  3875747    0.90%
   5591  2837      449.0000   242      445.0000      449.0000  4089799    0.90%
Elapsed time = 1528.00 sec. (268490.15 ticks, tree = 65.92 MB, solutions = 11)
   5673  2874    infeasible            445.0000      449.0000  4182260    0.90%
   5766  2896      446.0000   213      445.0000      449.0000  4234586    0.90%
   5866  2990    infeasible            445.0000      449.0000  4417605    0.90%
   5983  2948    infeasible            445.0000      449.0000  4301417    0.90%
   6107  3121      448.5000   207      445.0000      449.0000  4649863    0.90%
   6185  3114    infeasible            445.0000      449.0000  4627267    0.90%
   6278  3099      448.6750   183      445.0000      449.0000  4614470    0.90%
   6369  3233      448.5000   164      445.0000      449.0000  4903322    0.90%
   6467  3347      449.0000   221      445.0000      449.0000  5074361    0.90%
   6583  3327      446.0000   126      445.0000      449.0000  5029349    0.90%
Elapsed time = 1629.09 sec. (278097.20 ticks, tree = 91.89 MB, solutions = 11)
   6681  3171      449.0000   180      445.0000      449.0000  4800545    0.90%
   6750  3496      449.0000   101      445.0000      449.0000  5304333    0.90%
   6806  3451      446.9893   194      445.0000      449.0000  5246931    0.90%
   6870  3621      446.9834   207      445.0000      449.0000  5511713    0.90%
   6930  3595      446.9792   172      445.0000      449.0000  5489180    0.90%
   7005  3682      446.2344   157      445.0000      449.0000  5579758    0.90%
   7105  3795      446.0000    45      445.0000      449.0000  5726961    0.90%
   7176  3785      447.5000   212      445.0000      449.0000  5753449    0.90%
   7222  3782      447.9167   193      445.0000      449.0000  5746595    0.90%
*  7238+ 3937                          447.0000      449.0000             0.45%
   7251  3963    infeasible            447.0000      449.0000  5913378    0.45%
Elapsed time = 1724.80 sec. (287804.11 ticks, tree = 205.00 MB, solutions = 12)
   7292  3972      446.6667   184      447.0000      449.0000  5914997    0.45%
   7332  3998      447.8333   182      447.0000      449.0000  5943176    0.45%
   7353  2413      448.7727   253      447.0000      449.0000  6065108    0.45%
Exception raised in listener 'MipGapPrinter': 'int' object is not callable, id=70
   7374  2417      448.3125   155      447.0000      449.0000  6126322    0.45%
   7397  2415      448.8125   163      447.0000      449.0000  6117521    0.45%
   7429  2428      448.5000   151      447.0000      449.0000  6181557    0.45%
   7469  2422      449.0000   212      447.0000      449.0000  6158699    0.45%
   7516  2430      448.6412   242      447.0000      449.0000  6208939    0.45%
   7558  2458      448.0000   215      447.0000      449.0000  6260620    0.45%
   7588  2468      448.0000   217      447.0000      449.0000  6267010    0.45%
Elapsed time = 1819.88 sec. (297475.87 ticks, tree = 99.54 MB, solutions = 12)
   7592  2449      448.7857   235      447.0000      449.0000  6275355    0.45%
   7595  2469      449.0000   250      447.0000      449.0000  6320015    0.45%
   7597  2454      449.0000   226      447.0000      449.0000  6311251    0.45%
   7598  2552      449.0000   205      447.0000      449.0000  6784691    0.45%
   7599  2553      449.0000   339      447.0000      449.0000  6789641    0.45%
   7600  2554      449.0000   347      447.0000      449.0000  6797422    0.45%
   7601  2555      449.0000   467      447.0000      449.0000  6806740    0.45%
   7602  1533      449.0000   236      447.0000      449.0000  6785170    0.45%
   7604  1537      449.0000   484      447.0000      449.0000  6809131    0.45%
   7608  1347      449.0000   566      447.0000      449.0000  6817157    0.45%
Elapsed time = 3376.86 sec. (596912.11 ticks, tree = 71.57 MB, solutions = 12)
   7615   457      449.0000   248      447.0000      449.0000  6822256    0.45%
   7626   298      449.0000   270      447.0000      449.0000  6835338    0.45%
   7639    59      449.0000   283      447.0000      449.0000  6848301    0.45%
   7671    44      449.0000   274      447.0000      449.0000  6861644    0.45%
   7708    14      449.0000   351      447.0000      449.0000  6821472    0.45%
   7778    73      449.0000   388      447.0000      449.0000  6878785    0.45%
   7890   179      449.0000   200      447.0000      449.0000  6938524    0.45%
   7975   265      449.0000   314      447.0000      449.0000  6967443    0.45%
   8076   310      449.0000   242      447.0000      449.0000  6993703    0.45%
   8151   388    infeasible            447.0000      449.0000  7028125    0.45%
Elapsed time = 4082.18 sec. (637439.75 ticks, tree = 7.58 MB, solutions = 12)
   8226   424      448.0000   186      447.0000      449.0000  7063737    0.45%
   8341   471      448.0000   321      447.0000      449.0000  7100722    0.45%
   8536   612      449.0000   184      447.0000      449.0000  7179892    0.45%
   8766   661      449.0000   170      447.0000      449.0000  7220944    0.45%
   8992   799      449.0000   263      447.0000      449.0000  7328478    0.45%
   9212   945    infeasible            447.0000      449.0000  7420575    0.45%
   9389  1066      449.0000   295      447.0000      449.0000  7524228    0.45%
   9492  1127      448.0000   295      447.0000      449.0000  7581485    0.45%
   9666  1283      448.0000   349      447.0000      449.0000  7712226    0.45%
   9873  1402    infeasible            447.0000      449.0000  7984713    0.45%
Elapsed time = 4696.46 sec. (675930.09 ticks, tree = 26.43 MB, solutions = 12)
  10038  1436      449.0000   318      447.0000      449.0000  8054494    0.45%
  10211  1412    infeasible            447.0000      449.0000  8026612    0.45%
  10337  1613      449.0000   244      447.0000      449.0000  8309139    0.45%
  10488  1666      448.0000   231      447.0000      449.0000  8411735    0.45%
  10655  1711      449.0000   228      447.0000      449.0000  8497329    0.45%
  10811  1835      449.0000   287      447.0000      449.0000  8647211    0.45%
  10965  1889    infeasible            447.0000      449.0000  8677879    0.45%
  11141  2169      448.0952   200      447.0000      449.0000  8959091    0.45%
  11324  2197      449.0000   231      447.0000      449.0000  9041805    0.45%
  11535  2204      449.0000   209      447.0000      449.0000  9053147    0.45%
Elapsed time = 5347.13 sec. (714258.89 ticks, tree = 48.61 MB, solutions = 12)
  11764  2470      449.0000   281      447.0000      449.0000  9262142    0.45%
  11984  2625      449.0000   189      447.0000      449.0000  9396895    0.45%
  12192  2827      449.0000   200      447.0000      449.0000  9633173    0.45%
  12425  3037      448.7000   249      447.0000      449.0000  9825851    0.45%
  12686  3112      448.5000   200      447.0000      449.0000  9861123    0.45%
  12918  3398      448.0000   198      447.0000      449.0000 10178961    0.45%
  13113  3518      449.0000   193      447.0000      449.0000 10280648    0.45%
  13326  3432      449.0000   184      447.0000      449.0000 10206704    0.45%
  13550  3798      449.0000   188      447.0000      449.0000 10621286    0.45%
  13795  3899      448.9000   211      447.0000      449.0000 10736798    0.45%
Elapsed time = 5918.41 sec. (752605.23 ticks, tree = 96.09 MB, solutions = 12)
  14014  3831      449.0000   211      447.0000      449.0000 10634511    0.45%
  14264  4108      448.0000   179      447.0000      449.0000 10941728    0.45%
  14515  4296      448.9000   213      447.0000      449.0000 11095506    0.45%
  14772  4491      449.0000   155      447.0000      449.0000 11314442    0.45%
  15053  4667      449.0000   259      447.0000      449.0000 11403850    0.45%
  15331  5101      448.5500   169      447.0000      449.0000 11766505    0.45%
  15625  5454      449.0000   148      447.0000      449.0000 12005376    0.45%
  15850  5119      449.0000   152      447.0000      449.0000 11774684    0.45%
  16120  5616      448.0000   166      447.0000      449.0000 12163433    0.45%
  16381  6018      449.0000   130      447.0000      449.0000 12511002    0.45%
Elapsed time = 6589.19 sec. (790906.90 ticks, tree = 156.65 MB, solutions = 12)
  16573  5925      448.0000   182      447.0000      449.0000 12413108    0.45%
  16764  6426      448.0000   142      447.0000      449.0000 13007043    0.45%
  17027  6480      448.5127   205      447.0000      449.0000 13109655    0.45%
  17251  6569      448.2500   187      447.0000      449.0000 13198784    0.45%
  17456  6762      449.0000   136      447.0000      449.0000 13391951    0.45%
  17662  6879      448.9167   188      447.0000      449.0000 13483651    0.45%
  17955  7026      448.0000   134      447.0000      449.0000 13641095    0.45%
  18225  7248      448.0000   130      447.0000      449.0000 14001108    0.45%
  18492  7238      448.7500   185      447.0000      449.0000 13994152    0.45%
  18749  7359      448.0000   196      447.0000      449.0000 14114534    0.45%
Elapsed time = 7112.67 sec. (829167.82 ticks, tree = 194.84 MB, solutions = 12)
  18995  7697      449.0000   198      447.0000      449.0000 14503786    0.45%
  19276  8020      448.0000   177      447.0000      449.0000 14748459    0.45%
  19520  8109      449.0000   245      447.0000      449.0000 14832594    0.45%
  19826  8230      449.0000   167      447.0000      449.0000 14979430    0.45%
  20044  8532      449.0000   178      447.0000      449.0000 15118896    0.45%
  20305  8489      449.0000   203      447.0000      449.0000 15082739    0.45%
  20611  8819      448.8750   154      447.0000      449.0000 15268457    0.45%
  20936  8754      449.0000   219      447.0000      449.0000 15236382    0.45%
  21228  9081      448.9722   256      447.0000      449.0000 15391933    0.45%
  21557  9431      449.0000   236      447.0000      449.0000 15488691    0.45%
Elapsed time = 7745.21 sec. (867438.12 ticks, tree = 254.89 MB, solutions = 12)
  21866  9441      449.0000   249      447.0000      449.0000 15504591    0.45%
  22235 10088    infeasible            447.0000      449.0000 15755075    0.45%
  22700 10292      448.7731   144      447.0000      449.0000 15829330    0.45%
  23093 10452    infeasible            447.0000      449.0000 15892501    0.45%
  23377 10724      448.0000   138      447.0000      449.0000 16020055    0.45%
  23695 10877      448.9024   242      447.0000      449.0000 16100508    0.45%
  24062 11454      448.0000   151      447.0000      449.0000 16342762    0.45%
  24405 11725      449.0000   165      447.0000      449.0000 16433309    0.45%
  24803 11815      448.5000   232      447.0000      449.0000 16466044    0.45%
  25050 11729      448.0000   200      447.0000      449.0000 16443718    0.45%
Elapsed time = 8297.64 sec. (905726.24 ticks, tree = 321.50 MB, solutions = 12)
  25262 12454      449.0000   158      447.0000      449.0000 16785528    0.45%
  25438 12576      449.0000   179      447.0000      449.0000 16868176    0.45%
  25620 12761        cutoff            447.0000      449.0000 16991939    0.45%
  25807 12843      449.0000   250      447.0000      449.0000 17077474    0.45%
  25958 12829      448.0000   165      447.0000      449.0000 17071835    0.45%
  26127 12888      448.0000   255      447.0000      449.0000 17095845    0.45%
  26268 13210      448.0000   282      447.0000      449.0000 17361325    0.45%
  26415 13221      449.0000   209      447.0000      449.0000 17371735    0.45%
  26553 13284      449.0000   252      447.0000      449.0000 17412680    0.45%
  26712 13617      448.0000   183      447.0000      449.0000 17605847    0.45%
Elapsed time = 8785.86 sec. (944013.35 ticks, tree = 376.38 MB, solutions = 12)
  26985 13654      448.0000   206      447.0000      449.0000 17635548    0.45%
  27222 13744      448.2500   143      447.0000      449.0000 17698376    0.45%
  27459 13828      449.0000   155      447.0000      449.0000 17822573    0.45%
  27689 13961      449.0000   201      447.0000      449.0000 17999699    0.45%
  27897 13900      449.0000   167      447.0000      449.0000 17980335    0.45%
  28063 14521      448.7073   214      447.0000      449.0000 18885767    0.45%
  28197 14644      449.0000   278      447.0000      449.0000 19033571    0.45%
  28339 14855    infeasible            447.0000      449.0000 19590715    0.45%
  28536 14741      449.0000   223      447.0000      449.0000 19288638    0.45%
  28713 15038      449.0000   183      447.0000      449.0000 20249334    0.45%
Elapsed time = 9263.72 sec. (982260.18 ticks, tree = 429.37 MB, solutions = 12)
  28912 15032      448.7778   187      447.0000      449.0000 20166890    0.45%
  29066 15094      449.0000   148      447.0000      449.0000 20375492    0.45%
  29278 15350      448.2500   186      447.0000      449.0000 20871374    0.45%
  29459 15283      449.0000   220      447.0000      449.0000 20718132    0.45%
  29579 15561      449.0000   223      447.0000      449.0000 21280619    0.45%
  29735 15755      449.0000   289      447.0000      449.0000 21489209    0.45%
  29859 15764      449.0000   274      447.0000      449.0000 21493496    0.45%
  29964 15847      449.0000   292      447.0000      449.0000 21615317    0.45%
  30100 15939      448.5000   189      447.0000      449.0000 21687664    0.45%
  30241 15988      449.0000   201      447.0000      449.0000 21723656    0.45%
Elapsed time = 9801.90 sec. (1020669.86 ticks, tree = 456.54 MB, solutions = 12)
  30393 16041      448.9702   247      447.0000      449.0000 21759761    0.45%
  30567 16320      448.3066   168      447.0000      449.0000 22065481    0.45%
  30737 16352      449.0000   190      447.0000      449.0000 22204352    0.45%
  30909 16515      449.0000   181      447.0000      449.0000 22572986    0.45%
  31165 16499      448.7031   220      447.0000      449.0000 22548568    0.45%
  31420 16637      449.0000   202      447.0000      449.0000 22761409    0.45%
  31667 16601      449.0000   204      447.0000      449.0000 22669367    0.45%
  31920 16853      448.0000   177      447.0000      449.0000 23295521    0.45%
  32093 17066      448.0000   304      447.0000      449.0000 23693101    0.45%
  32190 17022      448.8750   204      447.0000      449.0000 23644775    0.45%
Elapsed time = 10300.28 sec. (1059036.85 ticks, tree = 486.56 MB, solutions = 12)
  32308 17295      448.9219   221      447.0000      449.0000 24125154    0.45%
  32442 17275      448.6250   191      447.0000      449.0000 24085345    0.45%
  32562 17517      448.0000   260      447.0000      449.0000 24590726    0.45%
  32706 17669      449.0000   234      447.0000      449.0000 24936432    0.45%
  32838 17712    infeasible            447.0000      449.0000 25393895    0.45%
  32961 17762    infeasible            447.0000      449.0000 25467405    0.45%
  33087 17769      448.5000   267      447.0000      449.0000 25470127    0.45%
  33229 17927      449.0000   218      447.0000      449.0000 25699226    0.45%
  33380 18005      448.7500   148      447.0000      449.0000 25809473    0.45%
  33526 17873      448.5521   217      447.0000      449.0000 25625358    0.45%
Elapsed time = 10888.11 sec. (1097556.15 ticks, tree = 511.35 MB, solutions = 12)
  33648 17929      448.8333   179      447.0000      449.0000 25715471    0.45%
  33805 18167      449.0000   191      447.0000      449.0000 26055772    0.45%
  33960 18195      449.0000   185      447.0000      449.0000 26131300    0.45%
  34059 18456      448.0000   166      447.0000      449.0000 27079297    0.45%
  34184 18223      449.0000   173      447.0000      449.0000 26398614    0.45%
  34294 18575      449.0000   148      447.0000      449.0000 27321102    0.45%
  34349 18757      448.0000   259      447.0000      449.0000 27621517    0.45%
  34417 18771      448.6250   214      447.0000      449.0000 27667015    0.45%
  34506 18810      449.0000   194      447.0000      449.0000 27718855    0.45%
  34591 18817      449.0000   198      447.0000      449.0000 27678554    0.45%
Elapsed time = 11474.90 sec. (1136183.41 ticks, tree = 540.68 MB, solutions = 12)
  34685 18892      449.0000   288      447.0000      449.0000 27895089    0.45%
  34811 18848      448.9984   234      447.0000      449.0000 27742319    0.45%
  34942 18863      448.6468   258      447.0000      449.0000 27843292    0.45%
  35059 19074      448.0000   224      447.0000      449.0000 28158772    0.45%
  35181 19186      449.0000   255      447.0000      449.0000 28280824    0.45%
  35306 19156      448.7500   222      447.0000      449.0000 28289201    0.45%
  35432 19314      449.0000   203      447.0000      449.0000 28411033    0.45%
  35573 19071      449.0000   251      447.0000      449.0000 28124576    0.45%
  35710 19588      448.8333   126      447.0000      449.0000 28901999    0.45%
  35847 19440      448.8571   246      447.0000      449.0000 28602145    0.45%
Elapsed time = 12028.88 sec. (1174570.86 ticks, tree = 559.55 MB, solutions = 12)
  35978 19442      449.0000   216      447.0000      449.0000 28650486    0.45%
  36088 19447      449.0000   182      447.0000      449.0000 28611146    0.45%
  36268 19885      448.8750   217      447.0000      449.0000 29818805    0.45%
  36478 19728      448.8828   239      447.0000      449.0000 29364338    0.45%
  36626 19773      449.0000   223      447.0000      449.0000 29491958    0.45%
  36731 20015      448.0000   168      447.0000      449.0000 30168054    0.45%
  36843 20405      449.0000   248      447.0000      449.0000 30909300    0.45%
  36957 20484    infeasible            447.0000      449.0000 31152712    0.45%
  37085 20551      449.0000   213      447.0000      449.0000 31344066    0.45%
  37211 20426    infeasible            447.0000      449.0000 30965593    0.45%
Elapsed time = 12605.55 sec. (1212965.90 ticks, tree = 604.34 MB, solutions = 12)
  37353 20387    infeasible            447.0000      449.0000 30880411    0.45%
  37456 20581      449.0000   187      447.0000      449.0000 31540155    0.45%
  37538 20690      449.0000   229      447.0000      449.0000 31914733    0.45%
  37627 20755      449.0000   239      447.0000      449.0000 31993030    0.45%
  37738 20786      448.8250   258      447.0000      449.0000 32151734    0.45%
  37865 20807      449.0000   210      447.0000      449.0000 32154657    0.45%
  37949 20905      448.9814   263      447.0000      449.0000 32373608    0.45%
  38068 20893      448.9167   192      447.0000      449.0000 32342401    0.45%
  38168 21005      449.0000   243      447.0000      449.0000 32560773    0.45%
  38312 20987      449.0000   339      447.0000      449.0000 32535317    0.45%
Elapsed time = 13126.12 sec. (1251366.69 ticks, tree = 878.29 MB, solutions = 12)
  38486 21028      449.0000   266      447.0000      449.0000 32565964    0.45%
  38680 21072      448.0000   131      447.0000      449.0000 32654029    0.45%
  38880 21087      448.7046   213      447.0000      449.0000 32669389    0.45%
  39035 21088      449.0000   289      447.0000      449.0000 32754280    0.45%
  39209 21245    infeasible            447.0000      449.0000 32936882    0.45%
  39374 21398      449.0000   240      447.0000      449.0000 33109216    0.45%
  39610 21343      448.9491   227      447.0000      449.0000 33068961    0.45%
  39776 21860      449.0000   267      447.0000      449.0000 33941197    0.45%
  39981 21545    infeasible            447.0000      449.0000 33342562    0.45%
  40182 21880      448.6097   315      447.0000      449.0000 33993082    0.45%
Elapsed time = 13754.89 sec. (1289687.38 ticks, tree = 1379.48 MB, solutions = 12)
  40408 21890      449.0000   291      447.0000      449.0000 33950494    0.45%
  40625 22055      448.0000   144      447.0000      449.0000 34260895    0.45%
  40806 22151      448.8264   131      447.0000      449.0000 34479715    0.45%
  41048 22233    infeasible            447.0000      449.0000 34599935    0.45%
  41235 22557      449.0000   211      447.0000      449.0000 34880572    0.45%
  41406 22564      449.0000   192      447.0000      449.0000 34882454    0.45%
  41557 22409      449.0000   220      447.0000      449.0000 34808216    0.45%
  41663 22603      449.0000   190      447.0000      449.0000 34907108    0.45%

GUB cover cuts applied:  149
Clique cuts applied:  8
Cover cuts applied:  156
Implied bound cuts applied:  224
Flow cuts applied:  4
Mixed integer rounding cuts applied:  71
Zero-half cuts applied:  90
Lift and project cuts applied:  3
Gomory fractional cuts applied:  41

Root node processing (before b&c):
  Real time             = 1051.17 sec. (215850.69 ticks)
Parallel b&c, 24 threads:
  Real time             = 13354.77 sec. (1107059.13 ticks)
  Sync time (average)   = 3057.63 sec.
  Wait time (average)   =    0.68 sec.
                          ------------
Total (root+branch&cut) = 14405.94 sec. (1322909.81 ticks)
status  = time limit exceeded
time    = 14406 s.
problem = MILP
gap     = 0.447427%

Objective value: 447.0
[50, 50, 8, 10, 400, 152, 447, 448, 0.45, 14405.97]
number of spatial :  348
Heuristic Solution information :  [50, 50, 8, 10, 400, 142, 364, 16, 348]
