CPXPARAM_Read_DataCheck                          1
CPXPARAM_TimeLimit                               14400
Tried aggregator 2 times.
MIP Presolve eliminated 629 rows and 283571 columns.
MIP Presolve added 20 rows and 0 columns.
MIP Presolve modified 302 coefficients.
Aggregator did 588 substitutions.
Reduced MIP has 245824 rows, 6980 columns, and 496956 nonzeros.
Reduced MIP has 1980 binaries, 0 generals, 0 SOSs, and 0 indicators.
Presolve time = 0.33 sec. (1867.22 ticks)
Found incumbent of value 12.000000 after 0.69 sec. (2253.58 ticks)
Probing fixed 4 vars, tightened 0 bounds.
Probing time = 0.14 sec. (7.10 ticks)
Tried aggregator 1 time.
MIP Presolve eliminated 219262 rows and 3440 columns.
Reduced MIP has 26562 rows, 3540 columns, and 58430 nonzeros.
Reduced MIP has 1973 binaries, 1 generals, 0 SOSs, and 0 indicators.
Presolve time = 14.56 sec. (6266.01 ticks)
Probing time = 0.00 sec. (1.41 ticks)
Clique table members: 817.
MIP emphasis: balance optimality and feasibility.
MIP search method: dynamic search.
Parallel mode: deterministic, using up to 24 threads.
Root relaxation solution time = 0.09 sec. (106.11 ticks)

        Nodes                                         Cuts/
   Node  Left     Objective  IInf  Best Integer    Best Bound    ItCnt     Gap

*     0+    0                           12.0000      564.0000              --- 
*     0+    0                          319.0000      564.0000            76.80%
      0     0      437.2000   184      319.0000      437.2000     1633   37.05%
Exception raised in listener 'MipGapPrinter': 'int' object is not callable, id=1
*     0+    0                          325.0000      437.2000            34.52%
Exception raised in listener 'MipGapPrinter': 'int' object is not callable, id=3
      0     0      418.2000   275      325.0000     Cuts: 466     2818   28.68%
*     0+    0                          357.0000      418.2000            17.14%
Exception raised in listener 'MipGapPrinter': 'int' object is not callable, id=5
*     0+    0                          387.0000      418.2000             8.06%
Exception raised in listener 'MipGapPrinter': 'int' object is not callable, id=6
      0     0      415.2000   254      387.0000     Cuts: 280     3245    7.29%
      0     0      415.2000   263      387.0000     Cuts: 161     3512    7.29%
*     0+    0                          401.0000      415.2000             3.54%
*     0+    0                          404.0000      415.2000             2.77%
Exception raised in listener 'MipGapPrinter': 'int' object is not callable, id=10
      0     0      415.2000   168      404.0000      Cuts: 32     3589    2.77%
      0     0      415.2000   174      404.0000      Cuts: 84     3770    2.77%
*     0+    0                          407.0000      415.2000             2.01%
Exception raised in listener 'MipGapPrinter': 'int' object is not callable, id=15
      0     2      415.2000    29      407.0000      415.2000     3770    2.01%
Elapsed time = 18.68 sec. (10991.09 ticks, tree = 0.02 MB, solutions = 8)
*    20+    2                          408.0000      415.2000             1.76%
Exception raised in listener 'MipGapPrinter': 'int' object is not callable, id=32
*   102+   23                          409.0000      415.2000             1.52%
    110    80      415.2000   236      409.0000      415.2000     5924    1.52%
    267   238      415.2000   214      409.0000      415.2000    10173    1.52%
Exception raised in listener 'MipGapPrinter': 'int' object is not callable, id=45
    538   467      415.2000   201      409.0000      415.2000    17876    1.52%
    968   814      415.2000   147      409.0000      415.2000    28590    1.52%
   1517  1335      415.2000   225      409.0000      415.2000    46139    1.52%
   2248  1987      414.9841    70      409.0000      415.2000    65371    1.52%
*  2744+ 2224                          410.0000      415.2000             1.27%
   2759  2626      413.7825    66      410.0000      415.2000    88160    1.27%
Exception raised in listener 'MipGapPrinter': 'int' object is not callable, id=59
   3283  2820      411.0000    14      410.0000      415.2000    95784    1.27%
   3788  3419      414.1667    72      410.0000      415.2000   116277    1.27%
*  4052+ 3316                          412.0000      415.2000             0.78%
Exception raised in listener 'MipGapPrinter': 'int' object is not callable, id=63
*  4977+ 4055                          413.0000      415.2000             0.53%
Exception raised in listener 'MipGapPrinter': 'int' object is not callable, id=66
*  5140+ 4136                          414.0000      415.2000             0.29%
   5199  3623      414.9722   100      414.0000      415.2000   204034    0.29%
Elapsed time = 28.93 sec. (14100.89 ticks, tree = 51.50 MB, solutions = 31)
Exception raised in listener 'MipGapPrinter': 'int' object is not callable, id=67
   5300  2498      415.2000    29      414.0000      415.2000   229338    0.29%
  13005  5106      415.2000   164      414.0000      415.2000   461574    0.29%
  18777  8723        cutoff            414.0000      415.2000   858708    0.29%
  24158 11682      415.0000    32      414.0000      415.2000  1220636    0.29%
  28611 14569        cutoff            414.0000      415.2000  1647361    0.29%
  32499 16870      415.0000    97      414.0000      415.2000  1969873    0.29%
  35972 19391      415.0000    69      414.0000      415.2000  2302666    0.29%
  39971 21788      415.0000   140      414.0000      415.2000  2654372    0.29%
  42727 23593      415.0000    68      414.0000      415.2000  2869007    0.29%
  45954 25150      415.0000    68      414.0000      415.2000  3121661    0.29%
Elapsed time = 52.16 sec. (24095.24 ticks, tree = 98.60 MB, solutions = 31)
  48981 27686      415.0000    66      414.0000      415.2000  3388157    0.29%
  49904 28391        cutoff            414.0000      415.2000  3476961    0.29%
  51755 29601        cutoff            414.0000      415.2000  3640174    0.29%
  54548 30919      415.0000    92      414.0000      415.2000  3828494    0.29%
  54973 32361      415.2000    45      414.0000      415.2000  3976602    0.29%
  58448  2232      415.1111    66      414.0000      415.2000  4036337    0.29%
  61895  4509      415.0000   135      414.0000      415.2000  4282088    0.29%
  64492  6274      415.0000    61      414.0000      415.2000  4628972    0.29%
  66692  7762        cutoff            414.0000      415.2000  4940267    0.29%
  68945  9569      415.0000    11      414.0000      415.2000  5268496    0.29%
Elapsed time = 75.41 sec. (34808.90 ticks, tree = 17.19 MB, solutions = 31)
  71097 11019      415.0000    19      414.0000      415.2000  5569645    0.29%
  73383 12632      415.0000   100      414.0000      415.2000  5876711    0.29%
  75522 13548      415.2000   172      414.0000      415.2000  6104682    0.29%
  77911 15574      415.0000    27      414.0000      415.2000  6416601    0.29%
  79760 16891      415.0000    97      414.0000      415.2000  6661641    0.29%
  82367 18583      415.0000   107      414.0000      415.2000  6855800    0.29%
  84220 20263      415.0000    65      414.0000      415.2000  7124349    0.29%
  86530 21632      415.0000    79      414.0000      415.2000  7304370    0.29%
  88841 23236        cutoff            414.0000      415.2000  7497720    0.29%
  90579 24444      415.2000   112      414.0000      415.2000  7732087    0.29%
Elapsed time = 97.74 sec. (44349.79 ticks, tree = 145.61 MB, solutions = 31)
  92306 25959        cutoff            414.0000      415.2000  8011685    0.29%
  94926 27682      415.0000    88      414.0000      415.2000  8226703    0.29%
  96236 28689      415.0000   101      414.0000      415.2000  8398009    0.29%
  98509 29744      415.0000   110      414.0000      415.2000  8635930    0.29%
 100505 30818        cutoff            414.0000      415.2000  8803502    0.29%
 102552 31923      415.0000   107      414.0000      415.2000  8977966    0.29%
 103467 33153      415.0000    39      414.0000      415.2000  9231560    0.29%
 104737 33839      415.0000   109      414.0000      415.2000  9351272    0.29%
 106921 34935      415.0000    64      414.0000      415.2000  9526886    0.29%
 108630 35853        cutoff            414.0000      415.2000  9661352    0.29%
Elapsed time = 161.08 sec. (53897.51 ticks, tree = 294.46 MB, solutions = 31)
 110693 37208      415.0000    94      414.0000      415.2000  9904132    0.29%
 112048 38288        cutoff            414.0000      415.2000 10064776    0.29%
 113259 39100      415.0000    40      414.0000      415.2000 10332950    0.29%
 115363 39939      415.0000    65      414.0000      415.2000 10493913    0.29%
 116984 41520        cutoff            414.0000      415.2000 10745939    0.29%
 118985 42736      415.0000    94      414.0000      415.2000 10943061    0.29%
 120944 43114      415.0000    60      414.0000      415.2000 11012048    0.29%
 122508 44828      415.1429    92      414.0000      415.2000 11315447    0.29%
 123546 45118      415.0000    63      414.0000      415.2000 11375243    0.29%
 124729 46026      415.2000   118      414.0000      415.2000 11669712    0.29%
Elapsed time = 180.83 sec. (63438.61 ticks, tree = 437.74 MB, solutions = 31)
 126378 47272      415.0000   116      414.0000      415.2000 11900861    0.29%
 128294 47565      415.2000   143      414.0000      415.2000 11948841    0.29%
 130211 48901        cutoff            414.0000      415.2000 12148704    0.29%
 131697 50278      415.0000   101      414.0000      415.2000 12371468    0.29%
 132691 51273        cutoff            414.0000      415.2000 12546899    0.29%
 133852 51517      415.0000    67      414.0000      415.2000 12614024    0.29%
 135462 52578      415.0000   149      414.0000      415.2000 12814739    0.29%
 137098 53354      415.0000    89      414.0000      415.2000 12944989    0.29%
 138789 54627    infeasible            414.0000      415.2000 13135491    0.29%
 140056 55064        cutoff            414.0000      415.2000 13224131    0.29%
Elapsed time = 197.35 sec. (72978.88 ticks, tree = 623.63 MB, solutions = 31)
 140890 56320      415.0000   132      414.0000      415.2000 13541827    0.29%
 142324 56485      415.0000   121      414.0000      415.2000 13630134    0.29%
 143977 57423      415.0000   103      414.0000      415.2000 13869742    0.29%
 145681 57891      415.0000   137      414.0000      415.2000 13951808    0.29%
 147038 59695        cutoff            414.0000      415.2000 14313113    0.29%
 148464 59681        cutoff            414.0000      415.2000 14306893    0.29%
 150200 60553      415.0000    95      414.0000      415.2000 14507231    0.29%
 151869 61511      415.0000    73      414.0000      415.2000 14694943    0.29%
 153362 62849        cutoff            414.0000      415.2000 14952924    0.29%
 154903 63323        cutoff            414.0000      415.2000 15055521    0.29%
Elapsed time = 214.23 sec. (82522.20 ticks, tree = 773.53 MB, solutions = 31)
 156450 64275      415.2000   101      414.0000      415.2000 15238340    0.29%
 157725 64801      415.0000    22      414.0000      415.2000 15352349    0.29%
 159266 66088      415.2000   119      414.0000      415.2000 15643848    0.29%
 160555 66561      415.0000   105      414.0000      415.2000 15727607    0.29%
 161626 67653      415.0000   123      414.0000      415.2000 15906674    0.29%
 162579 68058      415.0000    54      414.0000      415.2000 16015444    0.29%
 164130 68638        cutoff            414.0000      415.2000 16129112    0.29%
 165236 68827      415.0000    96      414.0000      415.2000 16159680    0.29%
 166201 70384      415.0000    92      414.0000      415.2000 16420160    0.29%
 167511 70858      415.2000    52      414.0000      415.2000 16550042    0.29%
Elapsed time = 230.65 sec. (92070.25 ticks, tree = 927.19 MB, solutions = 31)
 169033 71487      415.0000   143      414.0000      415.2000 16769480    0.29%
 170713 72225      415.0000   111      414.0000      415.2000 16891815    0.29%
 172326 73465      415.0000   130      414.0000      415.2000 17121624    0.29%
 173658 74596        cutoff            414.0000      415.2000 17317739    0.29%
 175011 75551      415.0000   125      414.0000      415.2000 17516211    0.29%
 176538 76493      415.0000    83      414.0000      415.2000 17715849    0.29%
 178160 76540      415.2000   143      414.0000      415.2000 17722796    0.29%
 179622 77817      415.0000    70      414.0000      415.2000 17972816    0.29%
 181023 78019      415.0000    75      414.0000      415.2000 18012844    0.29%
 187558 82551      415.0000    34      414.0000      415.2000 18940769    0.29%
Elapsed time = 249.67 sec. (104473.64 ticks, tree = 1188.08 MB, solutions = 31)
 192121 84257      415.2000   118      414.0000      415.2000 19348866    0.29%
 198392 87318      415.1429    66      414.0000      415.2000 19991708    0.29%
 203032 90262      415.1429   133      414.0000      415.2000 20742517    0.29%
 208690 92709      415.1333   161      414.0000      415.2000 21454525    0.29%
 214672 96458        cutoff            414.0000      415.2000 22282050    0.29%
 219861 98217      415.0000   128      414.0000      415.2000 22672877    0.29%
 226515 101421      415.0000   135      414.0000      415.2000 23341038    0.29%
 233020 105078      415.0000   138      414.0000      415.2000 24121700    0.29%
 238817 108023      415.2000   164      414.0000      415.2000 24846622    0.29%
 244664 110389      415.0000    72      414.0000      415.2000 25396399    0.29%
Elapsed time = 302.54 sec. (142628.86 ticks, tree = 1803.92 MB, solutions = 31)
 250352 113797      415.0000    40      414.0000      415.2000 26223523    0.29%
 256627 116681      415.0000   145      414.0000      415.2000 26898663    0.29%
 262276 118612        cutoff            414.0000      415.2000 27385459    0.29%
 267784 122305      415.1020   149      414.0000      415.2000 28262592    0.29%
 272722 123936        cutoff            414.0000      415.2000 28761569    0.29%
 278846 127188      415.0000   137      414.0000      415.2000 29507779    0.29%
 284338 129630      415.0000   151      414.0000      415.2000 30227854    0.29%
 290543 132455      415.2000   114      414.0000      415.2000 30924169    0.29%
 296337 136020        cutoff            414.0000      415.2000 31743611    0.29%
 302689 138631        cutoff            414.0000      415.2000 32290882    0.29%
Elapsed time = 379.77 sec. (180779.38 ticks, tree = 2476.37 MB, solutions = 31)
Nodefile size = 426.43 MB (371.42 MB after compression)
 309266 141431      415.0667   154      414.0000      415.2000 32933271    0.29%
 315763 144376      415.0000   118      414.0000      415.2000 33642252    0.29%
 321101 146491        cutoff            414.0000      415.2000 34128582    0.29%
 327440 149985        cutoff            414.0000      415.2000 34982371    0.29%
 333896 152686      415.0000    62      414.0000      415.2000 35662669    0.29%
 338781 155541        cutoff            414.0000      415.2000 36467769    0.29%
 343599 157357      415.0000   115      414.0000      415.2000 37012851    0.29%
 349941 160461      415.0000    30      414.0000      415.2000 37772108    0.29%
 356270 163306      415.0000   100      414.0000      415.2000 38481123    0.29%
 362507 165827      415.0000   100      414.0000      415.2000 39073017    0.29%
Elapsed time = 475.77 sec. (218931.94 ticks, tree = 3126.13 MB, solutions = 31)
Nodefile size = 1075.42 MB (936.66 MB after compression)
 367544 167935        cutoff            414.0000      415.2000 39612676    0.29%
 373717 170772      415.0000   104      414.0000      415.2000 40350153    0.29%
 379426 173261      415.0000    78      414.0000      415.2000 41004338    0.29%
 385815 175540      415.0000   120      414.0000      415.2000 41616782    0.29%
 391293 178581        cutoff            414.0000      415.2000 42332834    0.29%
 397910 182487        cutoff            414.0000      415.2000 43245305    0.29%
 404196 184714        cutoff            414.0000      415.2000 43786817    0.29%
 410800 187074      415.0000    98      414.0000      415.2000 44391370    0.29%
 416143 189537      415.0000   102      414.0000      415.2000 45132794    0.29%
 421124 192288      415.0000    93      414.0000      415.2000 45939160    0.29%
Elapsed time = 603.17 sec. (257085.29 ticks, tree = 3755.76 MB, solutions = 31)
Nodefile size = 1705.67 MB (1487.77 MB after compression)
 427324 194104      415.0000   134      414.0000      415.2000 46379196    0.29%
 433526 197448      415.0000    56      414.0000      415.2000 47276463    0.29%
 439414 200236      415.0000    44      414.0000      415.2000 48031207    0.29%
 444783 202800      415.0000    98      414.0000      415.2000 48695420    0.29%
 450846 204826      415.2000   100      414.0000      415.2000 49268408    0.29%
 456957 207063      415.0000    98      414.0000      415.2000 49871105    0.29%
 463217 210227      415.1429    93      414.0000      415.2000 50660808    0.29%
 469123 213392      415.2000    80      414.0000      415.2000 51490399    0.29%
 475211 215048      415.0000   101      414.0000      415.2000 51951839    0.29%
 480317 217191      415.0000    58      414.0000      415.2000 52563790    0.29%
Elapsed time = 775.55 sec. (295238.94 ticks, tree = 4369.67 MB, solutions = 31)
Nodefile size = 2317.80 MB (2023.57 MB after compression)
 486218 220562        cutoff            414.0000      415.2000 53473733    0.29%
 492531 223230      415.0000    65      414.0000      415.2000 54202805    0.29%
 498892 224893        cutoff            414.0000      415.2000 54636988    0.29%
 504873 227667        cutoff            414.0000      415.2000 55432700    0.29%
 509331 230462        cutoff            414.0000      415.2000 56222574    0.29%
 514847 232615      415.0000   198      414.0000      415.2000 56865352    0.29%
 520797 233936      415.1429    80      414.0000      415.2000 57328922    0.29%
 527345 236444      415.2000   123      414.0000      415.2000 58002008    0.29%
 533239 240273      415.0909   102      414.0000      415.2000 59048564    0.29%
 538634 242360      415.2000   124      414.0000      415.2000 59580961    0.29%
Elapsed time = 888.66 sec. (333394.20 ticks, tree = 4967.63 MB, solutions = 31)
Nodefile size = 2916.73 MB (2548.41 MB after compression)
 544818 244354        cutoff            414.0000      415.2000 60115965    0.29%
 551149 246565      415.2000    60      414.0000      415.2000 60743155    0.29%
 557066 249083      415.2000   106      414.0000      415.2000 61406765    0.29%
 562411 251806      415.1429    90      414.0000      415.2000 62217308    0.29%
 568446 254100      415.0000   131      414.0000      415.2000 62857381    0.29%
 574829 256393      415.1429    48      414.0000      415.2000 63510206    0.29%
 580371 258987      415.2000   106      414.0000      415.2000 64165872    0.29%
 586319 261530      415.0000   108      414.0000      415.2000 64790013    0.29%
 592645 265542      415.2000   105      414.0000      415.2000 65791867    0.29%
 598630 267793        cutoff            414.0000      415.2000 66389573    0.29%
Elapsed time = 1013.37 sec. (371550.86 ticks, tree = 5618.43 MB, solutions = 31)
Nodefile size = 3568.22 MB (3123.03 MB after compression)
 604747 270112      415.0000   105      414.0000      415.2000 67046224    0.29%
 609954 272278      415.1429   111      414.0000      415.2000 67611138    0.29%
 616190 274515      415.0000    70      414.0000      415.2000 68220603    0.29%
 622385 278010        cutoff            414.0000      415.2000 69111632    0.29%
 628547 280882        cutoff            414.0000      415.2000 69926827    0.29%
 633059 282736      415.0000   103      414.0000      415.2000 70456739    0.29%
 638636 285026        cutoff            414.0000      415.2000 71122455    0.29%
 644360 287560      415.2000   120      414.0000      415.2000 71771667    0.29%
 649607 288964      415.0000    90      414.0000      415.2000 72202572    0.29%
 655864 292760      415.1429   113      414.0000      415.2000 73318767    0.29%
Elapsed time = 1131.06 sec. (409704.12 ticks, tree = 6218.82 MB, solutions = 31)
Nodefile size = 4167.15 MB (3651.74 MB after compression)
 660847 293969      415.1333   132      414.0000      415.2000 73680890    0.29%
 667115 296918      415.0000    26      414.0000      415.2000 74479811    0.29%
 673269 298707      415.2000   174      414.0000      415.2000 74950278    0.29%
 679489 302472      415.0000    92      414.0000      415.2000 75964555    0.29%
 684745 304527      415.2000   147      414.0000      415.2000 76522647    0.29%
 690288 307009      415.0000   129      414.0000      415.2000 77224244    0.29%
 696960 309151      415.1429   201      414.0000      415.2000 77814560    0.29%
 703245 311127      415.0000   122      414.0000      415.2000 78429115    0.29%
 709286 314378      415.2000   121      414.0000      415.2000 79449037    0.29%
 714884 316527        cutoff            414.0000      415.2000 80055863    0.29%
Elapsed time = 1266.06 sec. (447857.93 ticks, tree = 6801.93 MB, solutions = 31)
Nodefile size = 4750.72 MB (4169.59 MB after compression)
 721208 318972        cutoff            414.0000      415.2000 80748110    0.29%
 727592 320295      415.0000   139      414.0000      415.2000 81130836    0.29%
 733873 323653      415.0000   134      414.0000      415.2000 82017941    0.29%
 739453 326341      415.0000   105      414.0000      415.2000 82704137    0.29%
 745405 329798      415.2000   105      414.0000      415.2000 83493100    0.29%
 752224 330817      415.0000   100      414.0000      415.2000 83736669    0.29%
 759072 335306      415.2000    99      414.0000      415.2000 84745913    0.29%
 765544 337219      415.0667   155      414.0000      415.2000 85202741    0.29%
 771184 340726      415.0000   122      414.0000      415.2000 86030212    0.29%
 777632 343179      415.2000   133      414.0000      415.2000 86626649    0.29%
Elapsed time = 1371.56 sec. (486007.77 ticks, tree = 7483.44 MB, solutions = 31)
Nodefile size = 5431.07 MB (4776.36 MB after compression)
 784121 345090        cutoff            414.0000      415.2000 87159697    0.29%
 790799 348317      415.0000   181      414.0000      415.2000 88035135    0.29%
 795986 350575      415.0000    71      414.0000      415.2000 88681853    0.29%
 801783 353160      415.0000   173      414.0000      415.2000 89481090    0.29%
 807984 355281      415.1000   148      414.0000      415.2000 90116233    0.29%
 814226 358090      415.2000   105      414.0000      415.2000 90935558    0.29%
 819740 360674      415.0000    20      414.0000      415.2000 91598920    0.29%
 826228 362159        cutoff            414.0000      415.2000 91976944    0.29%
 832745 365067      415.0000   103      414.0000      415.2000 92681289    0.29%
 839277 368055      415.2000   100      414.0000      415.2000 93512439    0.29%
Elapsed time = 1486.19 sec. (524158.72 ticks, tree = 8099.28 MB, solutions = 31)
Nodefile size = 6045.79 MB (5324.13 MB after compression)
 845227 371861      415.2000   106      414.0000      415.2000 94504675    0.29%
 850821 373713        cutoff            414.0000      415.2000 95034340    0.29%
 857175 375617      415.2000   102      414.0000      415.2000 95577289    0.29%
 863463 377802      415.2000    92      414.0000      415.2000 96213056    0.29%
 869553 380804      415.0000   107      414.0000      415.2000 97062907    0.29%
 874415 382519      415.0000   189      414.0000      415.2000 97597895    0.29%
 880491 385301        cutoff            414.0000      415.2000 98458995    0.29%
 885694 387564        cutoff            414.0000      415.2000 99194095    0.29%
 890824 388574      415.0000   131      414.0000      415.2000 99612196    0.29%
 896573 391643      415.2000    49      414.0000      415.2000 1.01e+08    0.29%
Elapsed time = 2245.74 sec. (562310.69 ticks, tree = 8574.46 MB, solutions = 31)
Nodefile size = 6522.43 MB (5748.34 MB after compression)
 901498 393628      415.0000    77      414.0000      415.2000 1.01e+08    0.29%
 907199 395049      415.2000   119      414.0000      415.2000 1.02e+08    0.29%
 912765 396639      415.0000   152      414.0000      415.2000 1.02e+08    0.29%
 917979 399474        cutoff            414.0000      415.2000 1.03e+08    0.29%
 922732 401095        cutoff            414.0000      415.2000 1.03e+08    0.29%
 927697 403162        cutoff            414.0000      415.2000 1.04e+08    0.29%
 932808 405275      415.2000    92      414.0000      415.2000 1.05e+08    0.29%
 937692 406747      415.2000   116      414.0000      415.2000 1.05e+08    0.29%
 942708 407774      415.2000   147      414.0000      415.2000 1.06e+08    0.29%
 947339 410005      415.1429   100      414.0000      415.2000 1.06e+08    0.29%
Elapsed time = 8555.21 sec. (600462.86 ticks, tree = 8855.17 MB, solutions = 31)
Nodefile size = 6802.41 MB (5995.03 MB after compression)
 950861 411538        cutoff            414.0000      415.2000 1.07e+08    0.29%
 954929 413626      415.2000   153      414.0000      415.2000 1.07e+08    0.29%
 959234 415057        cutoff            414.0000      415.2000 1.08e+08    0.29%
 962950 416678      415.0000   139      414.0000      415.2000 1.08e+08    0.29%
 965737 417473      415.0000   114      414.0000      415.2000 1.08e+08    0.29%

GUB cover cuts applied:  43
Clique cuts applied:  80
Cover cuts applied:  2269
Flow cuts applied:  54
Mixed integer rounding cuts applied:  73
Zero-half cuts applied:  64
Lift and project cuts applied:  21
Gomory fractional cuts applied:  63

Root node processing (before b&c):
  Real time             =   22.60 sec. (11035.74 ticks)
Parallel b&c, 24 threads:
  Real time             = 14461.03 sec. (609020.90 ticks)
  Sync time (average)   = 12934.20 sec.
  Wait time (average)   =    0.29 sec.
                          ------------
Total (root+branch&cut) = 14483.63 sec. (620056.64 ticks)
status  = time limit exceeded
time    = 14483.9 s.
problem = MILP
gap     = 0.289855%

Objective value: 414.0
[50, 100, 8, 4, 400, 205, 414, 415, 0.29, 14483.85]
number of spatial :  338
Heuristic Solution information :  [50, 100, 8, 4, 400, 197, 338, 0, 338]
