CPXPARAM_Read_DataCheck                          1
CPXPARAM_TimeLimit                               14400
Tried aggregator 2 times.
MIP Presolve eliminated 26976 rows and 228794 columns.
MIP Presolve modified 1280 coefficients.
Aggregator did 600 substitutions.
Reduced MIP has 277406 rows, 61730 columns, and 813986 nonzeros.
Reduced MIP has 56730 binaries, 0 generals, 0 SOSs, and 0 indicators.
Presolve time = 7.79 sec. (2366.08 ticks)
Probing time = 6.29 sec. (16.60 ticks)
Tried aggregator 1 time.
MIP Presolve eliminated 195962 rows and 3988 columns.
Reduced MIP has 81444 rows, 57742 columns, and 422062 nonzeros.
Reduced MIP has 56730 binaries, 0 generals, 0 SOSs, and 0 indicators.
Presolve time = 9.55 sec. (872.24 ticks)
Probing time = 4.45 sec. (12.68 ticks)
Clique table members: 30184.
MIP emphasis: balance optimality and feasibility.
MIP search method: dynamic search.
Parallel mode: deterministic, using up to 24 threads.
Root relaxation solution time = 18.80 sec. (1579.65 ticks)

        Nodes                                         Cuts/
   Node  Left     Objective  IInf  Best Integer    Best Bound    ItCnt     Gap

*     0+    0                          314.0000      612.0000            94.90%
      0     0      503.0000   690      314.0000      503.0000    18075   60.19%
Exception raised in listener 'MipGapPrinter': 'int' object is not callable, id=1
*     0+    0                          383.0000      503.0000            31.33%
Exception raised in listener 'MipGapPrinter': 'int' object is not callable, id=3
      0     0      487.8000   860      383.0000     Cuts: 685    30808   27.36%
      0     0      481.2000   830      383.0000     Cuts: 402    42219   25.64%
      0     0      481.2000   867      383.0000     Cuts: 354    53246   25.64%
*     0+    0                          433.0000      481.2000            11.13%
*     0+    0                          438.0000      481.2000             9.86%
Exception raised in listener 'MipGapPrinter': 'int' object is not callable, id=9
      0     0      481.2000   724      438.0000     Cuts: 114    60855    9.86%
      0     0      481.2000   874      438.0000     Cuts: 327    71371    9.86%
Heuristic still looking.
*     0+    0                          466.0000      481.2000             3.26%
*     0+    0                          467.0000      481.2000             3.04%
*     0+    0                          469.0000      481.2000             2.60%
Exception raised in listener 'MipGapPrinter': 'int' object is not callable, id=14
      0     2      481.2000   300      469.0000      481.2000    71371    2.60%
Elapsed time = 1793.44 sec. (103986.43 ticks, tree = 0.02 MB, solutions = 7)
      1     3      481.2000   342      469.0000      481.2000    72299    2.60%
      2     4      481.2000   347      469.0000      481.2000    73095    2.60%
      4     6      481.2000   365      469.0000      481.2000    74379    2.60%
      5     7      481.2000   366      469.0000      481.2000    74810    2.60%
      7     9      481.2000   404      469.0000      481.2000    75532    2.60%
     10    12      481.2000   446      469.0000      481.2000    76076    2.60%
     12    14      481.2000   438      469.0000      481.2000    77290    2.60%
     14     7      481.2000   371      469.0000      481.2000    74727    2.60%
     16    16      481.2000   394      469.0000      481.2000    80448    2.60%
     44    36      481.2000   360      469.0000      481.2000    94999    2.60%
Elapsed time = 1880.96 sec. (108611.23 ticks, tree = 0.79 MB, solutions = 7)
    101    56      481.2000   351      469.0000      481.2000   104468    2.60%
    174   116      481.2000   404      469.0000      481.2000   137565    2.60%
    268   172      481.2000   397      469.0000      481.2000   176336    2.60%
    327   243      481.2000   364      469.0000      481.2000   207289    2.60%
    357   289      481.2000   421      469.0000      481.2000   225326    2.60%
    427   336      481.2000   387      469.0000      481.2000   236335    2.60%
    535   372      481.2000   395      469.0000      481.2000   249292    2.60%
    633   471      481.2000   418      469.0000      481.2000   281647    2.60%
    775   555      481.2000   330      469.0000      481.2000   317047    2.60%
    969   593      481.2000   308      469.0000      481.2000   336133    2.60%
Elapsed time = 2106.25 sec. (118209.69 ticks, tree = 40.61 MB, solutions = 7)
   1167   805      481.2000   329      469.0000      481.2000   398776    2.60%
   1367   899      481.2000   341      469.0000      481.2000   423340    2.60%
   1581  1295      481.2000   389      469.0000      481.2000   526607    2.60%
   1852  1349      481.2000   334      469.0000      481.2000   537193    2.60%
   2142  1435      481.2000   367      469.0000      481.2000   557722    2.60%
   2425  1830      481.2000   572      469.0000      481.2000   672902    2.60%
   2738  2024      481.2000   381      469.0000      481.2000   726952    2.60%
   3047  2033      481.2000   320      469.0000      481.2000   728778    2.60%
   3326  2425      481.2000   405      469.0000      481.2000   824453    2.60%
   3638  2396      481.2000   353      469.0000      481.2000   810533    2.60%
Elapsed time = 2289.21 sec. (127796.06 ticks, tree = 219.52 MB, solutions = 7)
   3941  3011      481.2000   326      469.0000      481.2000   971426    2.60%
   4240  3377      481.2000   379      469.0000      481.2000  1083364    2.60%
   4495  3398      481.2000   379      469.0000      481.2000  1090805    2.60%
   4735  3667      481.2000   418      469.0000      481.2000  1217549    2.60%
   4973  3873      481.2000   331      469.0000      481.2000  1327444    2.60%
   5091  4081    infeasible            469.0000      481.2000  1468834    2.60%
   5220  4147      480.8095   287      469.0000      481.2000  1538521    2.60%
   5284  4172      481.2000   259      469.0000      481.2000  1552325    2.60%
*  5285+ 2913                          470.0000      481.2000             2.38%
Exception raised in listener 'MipGapPrinter': 'int' object is not callable, id=44
   5285  2914      481.2000   348      470.0000      481.2000  1843989    2.38%
   5286  2914      481.2000   586      470.0000      481.2000  1858676    2.38%
Elapsed time = 6552.01 sec. (430615.23 ticks, tree = 300.34 MB, solutions = 8)
   5287  2915      481.2000   640      470.0000      481.2000  1868778    2.38%
   5288  2915      481.2000   595      470.0000      481.2000  1879155    2.38%
   5289  1749      481.2000   500      470.0000      481.2000  1854527    2.38%
   5290  1752      481.2000   551      470.0000      481.2000  1899877    2.38%
   5292  1002      481.2000   729      470.0000      481.2000  1891523    2.38%
   5293  1004      481.2000   613      470.0000      481.2000  1900328    2.38%
   5295  1006      481.2000   726      470.0000      481.2000  1924515    2.38%
   5296  1007      481.2000   611      470.0000      481.2000  1925722    2.38%
   5297  1008      481.2000   719      470.0000      481.2000  1926259    2.38%
   5300  1011      481.2000   616      470.0000      481.2000  1934082    2.38%
Elapsed time = 6873.91 sec. (475686.81 ticks, tree = 102.68 MB, solutions = 8)
   5303   949      481.2000   656      470.0000      481.2000  1934422    2.38%
   5305   849      481.2000   618      470.0000      481.2000  1934101    2.38%
   5306   853      481.2000   618      470.0000      481.2000  1936320    2.38%
   5307   854      481.2000   617      470.0000      481.2000  1936321    2.38%
   5311   651      481.2000   719      470.0000      481.2000  1936125    2.38%
   5312   155      481.2000   756      470.0000      481.2000  1880361    2.38%
   5313   155      480.2000   573      470.0000      481.2000  1879217    2.38%
   5316    70      481.2000   580      470.0000      481.2000  1948790    2.38%
   5319    62      480.2000   595      470.0000      481.2000  1948994    2.38%
   5323    64      480.2000   541      470.0000      481.2000  1956339    2.38%
Elapsed time = 7097.35 sec. (492200.98 ticks, tree = 5.72 MB, solutions = 8)
   5325    64      481.2000   593      470.0000      481.2000  1956686    2.38%
   5329    17      480.2000   652      470.0000      481.2000  1924832    2.38%
   5335    11      481.2000   615      470.0000      481.2000  1924706    2.38%
   5341    35      480.2000   619      470.0000      481.2000  1958675    2.38%
   5345    36      480.2000   612      470.0000      481.2000  1958742    2.38%
   5353    37      480.2000   608      470.0000      481.2000  1958749    2.38%
   5362    56      481.2000   506      470.0000      481.2000  1963086    2.38%
   5370    37      480.2000   701      470.0000      481.2000  1958662    2.38%
   5383    62      481.2000   490      470.0000      481.2000  1963391    2.38%
   5392    42      480.2000   645      470.0000      481.2000  1962240    2.38%
Elapsed time = 7245.05 sec. (503276.81 ticks, tree = 3.97 MB, solutions = 8)
   5401    64      481.2000   557      470.0000      481.2000  1963987    2.38%
   5409    66      481.2000   570      470.0000      481.2000  1964147    2.38%
   5423    69      481.2000   519      470.0000      481.2000  1964313    2.38%
   5435    72      481.2000   651      470.0000      481.2000  1969578    2.38%
   5442    91      481.2000   661      470.0000      481.2000  1980815    2.38%
   5450    69      481.2000   685      470.0000      481.2000  1969149    2.38%
   5459    74      481.2000   644      470.0000      481.2000  1972749    2.38%
   5470    88      481.2000   732      470.0000      481.2000  1980900    2.38%
   5477    99      481.2000   554      470.0000      481.2000  1987905    2.38%
   5495   120      481.2000   725      470.0000      481.2000  2005861    2.38%
Elapsed time = 7393.20 sec. (514031.12 ticks, tree = 29.86 MB, solutions = 8)
   5510   111      481.2000   594      470.0000      481.2000  1999089    2.38%
   5524   153      481.2000   485      470.0000      481.2000  2010107    2.38%
   5542   108      481.2000   540      470.0000      481.2000  1995491    2.38%
   5555   178      481.2000   455      470.0000      481.2000  2037130    2.38%
   5568   217      481.2000   590      470.0000      481.2000  2056350    2.38%
   5581   218      481.2000   586      470.0000      481.2000  2057196    2.38%
   5596   235      481.2000   606      470.0000      481.2000  2070775    2.38%
   5619   220      481.2000   589      470.0000      481.2000  2058114    2.38%
   5646   238      481.2000   580      470.0000      481.2000  2071145    2.38%
   5666   259    infeasible            470.0000      481.2000  2084968    2.38%
Elapsed time = 7511.91 sec. (524110.59 ticks, tree = 67.01 MB, solutions = 8)
   5679   259    infeasible            470.0000      481.2000  2085009    2.38%
   5704   269      481.2000   434      470.0000      481.2000  2083907    2.38%
   5729   251      481.2000   567      470.0000      481.2000  2080462    2.38%
   5755   254      481.2000   556      470.0000      481.2000  2080824    2.38%
   5788   308      480.2000   550      470.0000      481.2000  2114874    2.38%
   5818   274      481.2000   659      470.0000      481.2000  2093848    2.38%
   5845   247      481.2000   665      470.0000      481.2000  2081567    2.38%
   5870   349      480.2000   664      470.0000      481.2000  2133732    2.38%
   5898   488      481.2000   631      470.0000      481.2000  2201701    2.38%
   6017   362      481.2000   674      470.0000      481.2000  2141730    2.38%
Elapsed time = 7653.54 sec. (536874.82 ticks, tree = 112.95 MB, solutions = 8)
   6178   604    infeasible            470.0000      481.2000  2296033    2.38%
   6405   706      481.2000   486      470.0000      481.2000  2330330    2.38%
   6702   751      480.9333   355      470.0000      481.2000  2348806    2.38%
   7065   977      479.2000   483      470.0000      481.2000  2428549    2.38%
   7449  1040      481.2000   532      470.0000      481.2000  2440067    2.38%
   7923  1517      481.2000   455      470.0000      481.2000  2580593    2.38%
   8432  1739      481.2000   445      470.0000      481.2000  2642063    2.38%
   8961  1980      481.2000   386      470.0000      481.2000  2734639    2.38%
   9408  2452      479.2000   288      470.0000      481.2000  2914485    2.38%
   9859  2280      480.9000   341      470.0000      481.2000  2805177    2.38%
Elapsed time = 7978.24 sec. (575089.06 ticks, tree = 924.35 MB, solutions = 8)
  10228  3064      481.2000   341      470.0000      481.2000  3172297    2.38%
  10529  3180      480.2000   425      470.0000      481.2000  3209654    2.38%
  10676  3950      480.2000   421      470.0000      481.2000  3928230    2.38%
  10827  4044      480.3667   277      470.0000      481.2000  4050950    2.38%
  10984  4170      479.1333   278      470.0000      481.2000  4318940    2.38%
  11162  4232      478.2667   134      470.0000      481.2000  4390982    2.38%
  11349  4277      480.3000   297      470.0000      481.2000  4449750    2.38%
  11530  4506      481.2000   331      470.0000      481.2000  4643051    2.38%
  11720  4580      480.8667   283      470.0000      481.2000  4727899    2.38%
  11908  4632      474.0000   174      470.0000      481.2000  4770881    2.38%
Elapsed time = 8315.35 sec. (613403.29 ticks, tree = 1966.34 MB, solutions = 8)
  12119  4915      475.8000   328      470.0000      481.2000  5006839    2.38%
  12345  4798      477.4524   320      470.0000      481.2000  4897613    2.38%
  12565  5044      474.3750    99      470.0000      481.2000  5099573    2.38%
  12819  5306      476.0714   162      470.0000      481.2000  5304364    2.38%
  13070  5386      479.2000   328      470.0000      481.2000  5374097    2.38%
  13351  5534      472.7333    67      470.0000      481.2000  5530280    2.38%
  13602  5715      481.2000   594      470.0000      481.2000  5648873    2.38%
  13855  5813      478.2000   318      470.0000      481.2000  5678939    2.38%
  14138  6124      480.5000   353      470.0000      481.2000  5938802    2.38%
* 14289+ 6158                          471.0000      481.2000             2.17%
  14404  6134      480.1333   345      471.0000      481.2000  5953200    2.17%
Elapsed time = 8636.53 sec. (651671.15 ticks, tree = 2766.20 MB, solutions = 9)
Nodefile size = 693.86 MB (388.14 MB after compression)
Exception raised in listener 'MipGapPrinter': 'int' object is not callable, id=73
  14670  6344      481.2000   317      471.0000      481.2000  6111683    2.17%
  14944  6512      475.5917   264      471.0000      481.2000  6246327    2.17%
  15223  6647      476.8333   122      471.0000      481.2000  6430863    2.17%
  15493  7161      480.2000   531      471.0000      481.2000  6736461    2.17%
  15773  7428      481.2000   433      471.0000      481.2000  6841667    2.17%
  16079  7453      481.2000   303      471.0000      481.2000  6858650    2.17%
  16277  7518      472.6269   176      471.0000      481.2000  6891942    2.17%
  16519  7900      480.8000   418      471.0000      481.2000  7184476    2.17%
  16743  7990      481.2000   321      471.0000      481.2000  7280794    2.17%
* 16767+ 7980                          473.0000      481.2000             1.73%
Exception raised in listener 'MipGapPrinter': 'int' object is not callable, id=77
  16906  8080      472.7214   135      473.0000      481.2000  7452938    1.73%
Elapsed time = 8984.29 sec. (690007.06 ticks, tree = 3722.93 MB, solutions = 12)
Nodefile size = 1651.53 MB (923.63 MB after compression)
  17037  8119      480.8000   283      473.0000      481.2000  7583065    1.73%
  17175  8219      477.9000   362      473.0000      481.2000  7729293    1.73%
  17306  8325      474.4444    89      473.0000      481.2000  7830211    1.73%
  17482  8531      480.2000   440      473.0000      481.2000  7970930    1.73%
  17582  8625      481.2000   351      473.0000      481.2000  8060073    1.73%
  17647  8632      481.2000   334      473.0000      481.2000  8063779    1.73%
  17706  8714      480.2000   450      473.0000      481.2000  8141130    1.73%
  17763  8808      481.2000   329      473.0000      481.2000  8242014    1.73%
  17834  8831      481.2000   367      473.0000      481.2000  8262299    1.73%
  17907  8850      480.2000   461      473.0000      481.2000  8267416    1.73%
Elapsed time = 9416.75 sec. (728876.34 ticks, tree = 4107.15 MB, solutions = 12)
Nodefile size = 2039.74 MB (1141.27 MB after compression)
  17974  8897      481.2000   309      473.0000      481.2000  8327897    1.73%
  18014  8954      478.8000   301      473.0000      481.2000  8363325    1.73%
  18093  9112      477.8000   282      473.0000      481.2000  8497015    1.73%
  18210  9152      478.8800   273      473.0000      481.2000  8537384    1.73%
  18374  9168      474.7310   181      473.0000      481.2000  8563006    1.73%
  18526  9252      478.0000   232      473.0000      481.2000  8707936    1.73%
  18671  9492      476.7000   250      473.0000      481.2000  8869295    1.73%
  18811  9502      476.3667   235      473.0000      481.2000  8883403    1.73%
  18944  9681      481.2000   280      473.0000      481.2000  9086335    1.73%
  19094  9781      481.2000   301      473.0000      481.2000  9222874    1.73%
Elapsed time = 9791.61 sec. (767437.59 ticks, tree = 4521.91 MB, solutions = 12)
Nodefile size = 2458.82 MB (1375.47 MB after compression)
  19317  9876      481.1000   304      473.0000      481.2000  9341899    1.73%
  19521 10096      474.5000   133      473.0000      481.2000  9614990    1.73%
  19732  9951      480.8000   281      473.0000      481.2000  9393305    1.73%
  19924 10256      479.4000   244      473.0000      481.2000  9781730    1.73%
  20102 10231      479.4000   359      473.0000      481.2000  9770027    1.73%
  20267 10398      481.2000   375      473.0000      481.2000  9938759    1.73%
  20420 10872      481.2000   350      473.0000      481.2000 10505831    1.73%
  20585 10910      481.2000   364      473.0000      481.2000 10555536    1.73%
  20741 10949      481.0000   361      473.0000      481.2000 10603312    1.73%
  20909 10976      480.7167   292      473.0000      481.2000 10662142    1.73%
Elapsed time = 10128.67 sec. (805778.77 ticks, tree = 5071.39 MB, solutions = 12)
Nodefile size = 2998.96 MB (1678.04 MB after compression)
  21076 11326      481.2000   312      473.0000      481.2000 11227759    1.73%
  21256 11259      480.2000   347      473.0000      481.2000 11099916    1.73%
  21415 11425      481.2000   348      473.0000      481.2000 11379357    1.73%
  21583 11559      481.2000   324      473.0000      481.2000 11586234    1.73%
  21809 11592      481.2000   331      473.0000      481.2000 11694148    1.73%
  21986 11699      480.2000   341      473.0000      481.2000 11819976    1.73%
  22189 11630      476.1667   142      473.0000      481.2000 11759262    1.73%
  22397 11754      480.0000   305      473.0000      481.2000 11950353    1.73%
  22584 11931    infeasible            473.0000      481.2000 12484885    1.73%
  22746 11906    infeasible            473.0000      481.2000 12391276    1.73%
Elapsed time = 10493.11 sec. (844112.67 ticks, tree = 5575.17 MB, solutions = 12)
Nodefile size = 3503.38 MB (1962.33 MB after compression)
  22850 12178      480.4000   343      473.0000      481.2000 12893602    1.73%
  22975 12191      480.4000   338      473.0000      481.2000 12897700    1.73%
  23095 12244      481.2000   360      473.0000      481.2000 13072671    1.73%
  23229 12281      479.1198   335      473.0000      481.2000 13166512    1.73%
  23337 12364    infeasible            473.0000      481.2000 13435139    1.73%
  23409 12455      478.8993   310      473.0000      481.2000 13674849    1.73%
  23467 12484      479.4000   360      473.0000      481.2000 13744758    1.73%
  23561 12469    infeasible            473.0000      481.2000 13731117    1.73%
  23627 12502      481.1250   410      473.0000      481.2000 14202397    1.73%
  23712 12475    infeasible            473.0000      481.2000 14328057    1.73%
Elapsed time = 10922.43 sec. (882573.77 ticks, tree = 5882.77 MB, solutions = 12)
Nodefile size = 3830.49 MB (2146.92 MB after compression)
  23775 12497      481.2000   341      473.0000      481.2000 14118753    1.73%
  23826 12479      475.1167   266      473.0000      481.2000 14616832    1.73%
  23876 12481    infeasible            473.0000      481.2000 14973828    1.73%
  23910 12509      477.4000   377      473.0000      481.2000 14793182    1.73%
  23945 12492      481.2000   480      473.0000      481.2000 14317496    1.73%
  24001 12474      481.2000   427      473.0000      481.2000 15441715    1.73%
  24033 12469      480.7791   342      473.0000      481.2000 15603919    1.73%
  24074 12497      478.3242   372      473.0000      481.2000 15999306    1.73%
  24125 12521      477.2000   248      473.0000      481.2000 15606552    1.73%
  24184 12519      481.1333   307      473.0000      481.2000 16739566    1.73%
Elapsed time = 11391.91 sec. (921269.61 ticks, tree = 5925.90 MB, solutions = 12)
Nodefile size = 3855.71 MB (2161.12 MB after compression)
  24227 12536      477.1333   197      473.0000      481.2000 16624681    1.73%
  24273 12488      480.9848   365      473.0000      481.2000 16649410    1.73%
  24326 12516      480.7333   332      473.0000      481.2000 17076248    1.73%
  24355 12556    infeasible            473.0000      481.2000 17677694    1.73%
  24397 12582      475.2000   171      473.0000      481.2000 17486182    1.73%
  24447 12516      481.0378   427      473.0000      481.2000 17419617    1.73%
  24506 12611      475.2000   172      473.0000      481.2000 18719234    1.73%
  24546 12576      479.2889   292      473.0000      481.2000 18031224    1.73%
  24587 12624      478.2933   289      473.0000      481.2000 19303767    1.73%
  24636 12630      475.0103   198      473.0000      481.2000 18743477    1.73%
Elapsed time = 11882.38 sec. (960447.57 ticks, tree = 5992.40 MB, solutions = 12)
Nodefile size = 3909.67 MB (2191.54 MB after compression)
  24675 12625      480.1552   376      473.0000      481.2000 19446024    1.73%
  24706 12637      481.0570   303      473.0000      481.2000 19627091    1.73%
  24737 12657    infeasible            473.0000      481.2000 19822950    1.73%
  24775 12683      474.1000   158      473.0000      481.2000 19662475    1.73%
  24814 12670      481.2000   438      473.0000      481.2000 20565398    1.73%
  24836 12708      479.4000   359      473.0000      481.2000 21114528    1.73%
  24863 12688      478.1333   247      473.0000      481.2000 20937395    1.73%
  24879 12700      481.0923   408      473.0000      481.2000 21589927    1.73%
  24912 12706      481.2000   380      473.0000      481.2000 21873279    1.73%
  24944 12713      477.9083   258      473.0000      481.2000 21687945    1.73%
Elapsed time = 12414.62 sec. (1000399.09 ticks, tree = 6033.86 MB, solutions = 12)
Nodefile size = 3966.03 MB (2223.54 MB after compression)
  24957 12715      477.9067   248      473.0000      481.2000 21690565    1.73%
  24982 12719      477.8506   281      473.0000      481.2000 21699686    1.73%
  25004 12596      479.4000   525      473.0000      481.2000 19146931    1.73%
  25033 12687    infeasible            473.0000      481.2000 22428356    1.73%
  25065 12691    infeasible            473.0000      481.2000 23157128    1.73%
  25081 12712      476.7000   224      473.0000      481.2000 22551741    1.73%
  25098 12697      481.1930   447      473.0000      481.2000 23693553    1.73%
  25112 12704      476.6000   244      473.0000      481.2000 23494424    1.73%
  25136 12700      481.1321   427      473.0000      481.2000 23697659    1.73%
  25184 12721      476.5333   195      473.0000      481.2000 23506799    1.73%
Elapsed time = 12980.59 sec. (1039562.37 ticks, tree = 6041.85 MB, solutions = 12)
Nodefile size = 3979.30 MB (2231.09 MB after compression)
  25220 12741      476.4000   193      473.0000      481.2000 24035349    1.73%
  25279 12718      480.9000   418      473.0000      481.2000 23996821    1.73%
  25321 12720      480.6083   423      473.0000      481.2000 23999646    1.73%
  25392 12744    infeasible            473.0000      481.2000 24810886    1.73%
  25434 12748      479.6000   374      473.0000      481.2000 24157412    1.73%
  25486 12749      480.9333   327      473.0000      481.2000 24663072    1.73%
  25562 12815      479.5333   346      473.0000      481.2000 24994246    1.73%
  25617 12822    infeasible            473.0000      481.2000 25216904    1.73%
  25698 12817      477.0667   301      473.0000      481.2000 25395780    1.73%
  25771 12816      480.8752   289      473.0000      481.2000 25117095    1.73%
Elapsed time = 13463.46 sec. (1078680.26 ticks, tree = 6041.79 MB, solutions = 12)
Nodefile size = 3980.01 MB (2231.33 MB after compression)
  25883 12825      481.0429   437      473.0000      481.2000 25149766    1.73%
  25970 12873      478.5119   280      473.0000      481.2000 25969448    1.73%
  26075 12880      475.5000   415      473.0000      481.2000 25995392    1.73%
  26184 12884      477.8667   279      473.0000      481.2000 25983398    1.73%
  26329 12993      479.8625   306      473.0000      481.2000 26239574    1.73%
  26497 13001      479.8500   304      473.0000      481.2000 26245128    1.73%
  26655 12956      480.3708   255      473.0000      481.2000 26206881    1.73%
  26836 13048      475.6000   374      473.0000      481.2000 26413579    1.73%
  27006 13035      478.4333   270      473.0000      481.2000 26274421    1.73%
  27185 13472      475.4000   319      473.0000      481.2000 26946334    1.73%
Elapsed time = 13922.86 sec. (1116973.38 ticks, tree = 5988.91 MB, solutions = 12)
Nodefile size = 3980.01 MB (2231.33 MB after compression)
  27371 13161      479.2000   339      473.0000      481.2000 26551191    1.73%
  27569 13463      476.7083   261      473.0000      481.2000 26924693    1.73%
  27747 13829    infeasible            473.0000      481.2000 27528377    1.73%
  27914 13498      476.1533   212      473.0000      481.2000 26945793    1.73%
  28108 14101      480.4000   414      473.0000      481.2000 27895960    1.73%
  28321 13817      478.6833   237      473.0000      481.2000 27379954    1.73%
  28513 14150      480.3333   385      473.0000      481.2000 27957938    1.73%
  28695 14215      478.7500   261      473.0000      481.2000 28009104    1.73%
  28923 14270      479.0893   260      473.0000      481.2000 28131597    1.73%
  29116 14237      478.3333   250      473.0000      481.2000 28036140    1.73%
Elapsed time = 14373.62 sec. (1155342.72 ticks, tree = 6003.44 MB, solutions = 12)
Nodefile size = 3980.01 MB (2231.33 MB after compression)
  29301 14903      479.3333   272      473.0000      481.2000 28990541    1.73%
  29481 14543      474.4722   172      473.0000      481.2000 28724041    1.73%
  29578 14737      478.4000   218      473.0000      481.2000 28851274    1.73%

GUB cover cuts applied:  106
Clique cuts applied:  40
Cover cuts applied:  400
Implied bound cuts applied:  1148
Flow cuts applied:  8
Mixed integer rounding cuts applied:  85
Zero-half cuts applied:  76
Lift and project cuts applied:  1
Gomory fractional cuts applied:  34

Root node processing (before b&c):
  Real time             = 1784.31 sec. (103926.28 ticks)
Parallel b&c, 24 threads:
  Real time             = 12618.53 sec. (1067262.01 ticks)
  Sync time (average)   = 2647.64 sec.
  Wait time (average)   =    0.32 sec.
                          ------------
Total (root+branch&cut) = 14402.84 sec. (1171188.29 ticks)
status  = time limit exceeded
time    = 14403.2 s.
problem = MILP
gap     = 1.73362%

Objective value: 473.0
[50, 100, 8, 4, 400, 232, 473, 481, 1.73, 14403.21]
number of spatial :  403
Heuristic Solution information :  [50, 100, 8, 4, 400, 216, 403, 0, 403]
