CPXPARAM_Read_DataCheck                          1
CPXPARAM_TimeLimit                               14400
Tried aggregator 2 times.
MIP Presolve eliminated 26830 rows and 87101 columns.
MIP Presolve modified 1230 coefficients.
Aggregator did 600 substitutions.
Reduced MIP has 154850 rows, 58423 columns, and 565523 nonzeros.
Reduced MIP has 55923 binaries, 0 generals, 0 SOSs, and 0 indicators.
Presolve time = 0.51 sec. (1374.22 ticks)
Probing time = 0.24 sec. (13.14 ticks)
Tried aggregator 1 time.
MIP Presolve eliminated 73500 rows and 1500 columns.
Reduced MIP has 81350 rows, 56923 columns, and 418523 nonzeros.
Reduced MIP has 55923 binaries, 0 generals, 0 SOSs, and 0 indicators.
Presolve time = 0.58 sec. (560.52 ticks)
Probing time = 0.16 sec. (12.43 ticks)
Clique table members: 30070.
MIP emphasis: balance optimality and feasibility.
MIP search method: dynamic search.
Parallel mode: deterministic, using up to 24 threads.
Root relaxation solution time = 5.07 sec. (3223.32 ticks)

        Nodes                                         Cuts/
   Node  Left     Objective  IInf  Best Integer    Best Bound    ItCnt     Gap

*     0+    0                          114.0000      612.0000           436.84%
      0     0      337.8000   870      114.0000      337.8000    39225  196.32%
Exception raised in listener 'MipGapPrinter': 'int' object is not callable, id=1
*     0+    0                          182.0000      337.8000            85.60%
Exception raised in listener 'MipGapPrinter': 'int' object is not callable, id=3
      0     0      307.6000   509      182.0000     Cuts: 783    58266   69.01%
      0     0      306.4000   595      182.0000     Cuts: 294    70272   68.35%
      0     0      306.4000   618      182.0000     Cuts: 277    80926   68.35%
*     0+    0                          260.0000      306.4000            17.85%
*     0+    0                          265.0000      306.4000            15.62%
Exception raised in listener 'MipGapPrinter': 'int' object is not callable, id=9
      0     0      306.4000   552      265.0000      Cuts: 52    92643   15.62%
      0     0      306.4000   667      265.0000     Cuts: 265   105743   15.62%
Heuristic still looking.
*     0+    0                          272.0000      306.4000            12.65%
*     0+    0                          275.0000      306.4000            11.42%
Exception raised in listener 'MipGapPrinter': 'int' object is not callable, id=14
      0     2      306.4000   444      275.0000      306.4000   105743   11.42%
Elapsed time = 270.68 sec. (91270.86 ticks, tree = 0.02 MB, solutions = 6)
      1     3      306.4000   572      275.0000      306.4000   118987   11.42%
      2     4      306.4000   509      275.0000      306.4000   130921   11.42%
*     3+    1                          277.0000      306.4000            10.61%
      3     5      306.4000   467      277.0000      306.4000   142318   10.61%
*     4+    2                          281.0000      306.4000             9.04%
      4     3      306.4000   526      281.0000      306.4000   121967    9.04%
*     5+    2                          282.0000      306.4000             8.65%
      5     4      306.4000   447      282.0000      306.4000   127724    8.65%
Exception raised in listener 'MipGapPrinter': 'int' object is not callable, id=19
      6     6      306.4000   528      282.0000      306.4000   151407    8.65%
      7     9      306.4000   448      282.0000      306.4000   179238    8.65%
      8    10      306.4000   492      282.0000      306.4000   185351    8.65%
     10    11      306.4000   476      282.0000      306.4000   186720    8.65%
     15    16      306.4000   478      282.0000      306.4000   210631    8.65%
Elapsed time = 492.05 sec. (124935.78 ticks, tree = 0.04 MB, solutions = 9)
     21    22      306.4000   484      282.0000      306.4000   217386    8.65%
     28    30      306.4000   438      282.0000      306.4000   229902    8.65%
     34    31      306.4000   392      282.0000      306.4000   232197    8.65%
     41    34      306.4000   411      282.0000      306.4000   238820    8.65%
     53    11      306.4000   489      282.0000      306.4000   186928    8.65%
     65    34      306.4000   461      282.0000      306.4000   266632    8.65%
*    72+   10                          284.0000      306.4000             7.89%
     77    34    infeasible            284.0000      306.4000   256072    7.89%
     96    18      306.4000   499      284.0000      306.4000   213682    7.89%
    118    72      306.4000   344      284.0000      306.4000   364290    7.89%
Exception raised in listener 'MipGapPrinter': 'int' object is not callable, id=26
    147    72      306.4000   471      284.0000      306.4000   368121    7.89%
Elapsed time = 632.64 sec. (135288.22 ticks, tree = 3.68 MB, solutions = 14)
    186    76      306.4000   320      284.0000      306.4000   370777    7.89%
    226   101      306.4000   375      284.0000      306.4000   438785    7.89%
    264   152      306.4000   448      284.0000      306.4000   533868    7.89%
    299   185      306.4000   419      284.0000      306.4000   595770    7.89%
    333   172      306.4000   339      284.0000      306.4000   582490    7.89%
    372   254      306.4000   326      284.0000      306.4000   720642    7.89%
    404   229      306.4000   254      284.0000      306.4000   685208    7.89%
    439   260      306.4000   385      284.0000      306.4000   736305    7.89%
    481   273      306.4000   315      284.0000      306.4000   762945    7.89%
    524   273      306.4000   319      284.0000      306.4000   764392    7.89%
Elapsed time = 724.01 sec. (145052.87 ticks, tree = 9.19 MB, solutions = 15)
    585   339      306.4000   370      284.0000      306.4000   880437    7.89%
    646   409      306.4000   405      284.0000      306.4000  1012200    7.89%
    714   348    infeasible            284.0000      306.4000   909980    7.89%
    780   440    infeasible            284.0000      306.4000  1077711    7.89%
    870   484      306.4000   379      284.0000      306.4000  1164821    7.89%
    962   516      306.4000   269      284.0000      306.4000  1242745    7.89%
   1055   514      304.0500   239      284.0000      306.4000  1216582    7.89%
   1153   682      303.5723   246      284.0000      306.4000  1528659    7.89%
   1259   696      306.2954   289      284.0000      306.4000  1601142    7.89%
   1365   598      306.4000   333      284.0000      306.4000  1401098    7.89%
Elapsed time = 804.78 sec. (154669.43 ticks, tree = 13.86 MB, solutions = 16)
   1488   731      306.4000   330      284.0000      306.4000  1686210    7.89%
   1602   696      305.7648   322      284.0000      306.4000  1598190    7.89%
   1720   825      306.4000   289      284.0000      306.4000  1878890    7.89%
   1836  1061      306.1533   297      284.0000      306.4000  2249750    7.89%
   1955   926      302.7750   217      284.0000      306.4000  2004066    7.89%
   2079   968      303.1500   236      284.0000      306.4000  2053324    7.89%
   2220  1247      304.3493   303      284.0000      306.4000  2598598    7.89%
   2357  1449      301.4750   266      284.0000      306.4000  2856680    7.89%
   2517  1316      298.0000   184      284.0000      306.4000  2651545    7.89%
   2651  1297      300.9179   226      284.0000      306.4000  2642620    7.89%
Elapsed time = 882.30 sec. (164282.61 ticks, tree = 28.04 MB, solutions = 16)
   2776  1617      303.6500   244      284.0000      306.4000  3158881    7.89%
   2927  1482    infeasible            284.0000      306.4000  2961138    7.89%
   3074  1631      293.8667   133      284.0000      306.4000  3145229    7.89%
   3213  1561      300.0333   228      284.0000      306.4000  3070873    7.89%
   3379  1971    infeasible            284.0000      306.4000  3617345    7.89%
   3541  1929      303.5250   274      284.0000      306.4000  3532181    7.89%
   3687  1945      306.4000   358      284.0000      306.4000  3590454    7.89%
   3837  2118      291.3000    82      284.0000      306.4000  3792495    7.89%
   3990  2170      294.9500   125      284.0000      306.4000  3883918    7.89%
   4122  2456      301.3100   291      284.0000      306.4000  4258905    7.89%
Elapsed time = 953.39 sec. (173895.11 ticks, tree = 59.95 MB, solutions = 16)
   4257  2559      291.4333    89      284.0000      306.4000  4378600    7.89%
   4394  2911      299.2500   221      284.0000      306.4000  4932581    7.89%
   4519  2730      294.7667   132      284.0000      306.4000  4589623    7.89%
   4653  2887      302.0055   285      284.0000      306.4000  4927265    7.89%
   4799  2895      302.9475   288      284.0000      306.4000  4934188    7.89%
   4944  3006      306.4000   339      284.0000      306.4000  5047817    7.89%
   5088  3157      293.3407   142      284.0000      306.4000  5301969    7.89%
*  5104+ 3374                          285.0000      306.4000             7.51%
   5237  3278      300.5500   246      285.0000      306.4000  5441774    7.51%
   5366  3355      290.3667    81      285.0000      306.4000  5593847    7.51%
Exception raised in listener 'MipGapPrinter': 'int' object is not callable, id=38
   5480  3359      291.8000   183      285.0000      306.4000  5553310    7.51%
Elapsed time = 1034.79 sec. (183488.17 ticks, tree = 84.36 MB, solutions = 17)
   5614  3752      297.4000   178      285.0000      306.4000  6010802    7.51%
   5733  3764      299.2000   224      285.0000      306.4000  6045545    7.51%
   5854  3732    infeasible            285.0000      306.4000  5977803    7.51%
   5972  3957      294.1042   123      285.0000      306.4000  6318556    7.51%
   6084  3909    infeasible            285.0000      306.4000  6200092    7.51%
   6205  3993    infeasible            285.0000      306.4000  6354794    7.51%
   6325  4317      293.3000   108      285.0000      306.4000  6697393    7.51%
   6422  4182      305.9944   326      285.0000      306.4000  6561917    7.51%
   6496  4253      290.8500   187      285.0000      306.4000  6645541    7.51%
   6544  4349      306.1500   225      285.0000      306.4000  6779878    7.51%
Elapsed time = 1124.65 sec. (193171.53 ticks, tree = 114.51 MB, solutions = 17)
   6568  4335    infeasible            285.0000      306.4000  6704602    7.51%
   6588  4353      306.1000   235      285.0000      306.4000  6791342    7.51%
   6590  4339      304.6000   305      285.0000      306.4000  6732893    7.51%
   6591  3936      306.4000   283      285.0000      306.4000  6241636    7.51%
   6592  4690      304.9111   418      285.0000      304.9111  7534444    6.99%
   6593  4690      304.9111   421      285.0000      304.9111  7534462    6.99%
   6594  4690      304.9111   475      285.0000      304.9111  7548834    6.99%
   6595  4691      304.9111   518      285.0000      304.9111  7561776    6.99%
   6596  3752      304.8000   403      285.0000      304.9111  7534474    6.99%
   6597  3754      304.9111   427      285.0000      304.9111  7573367    6.99%
Elapsed time = 2799.06 sec. (563848.77 ticks, tree = 116.84 MB, solutions = 17)
   6598  1877      304.8000   403      285.0000      304.9111  7534453    6.99%
   6599  1880      304.8000   419      285.0000      304.9111  7580374    6.99%
   6602  1671      304.9111   536      285.0000      304.9111  7587540    6.99%
   6603  1673      304.9111   472      285.0000      304.9111  7623518    6.99%
   6604  1520      304.8000   456      285.0000      304.9111  7602237    6.99%
   6606  1521      304.8000   434      285.0000      304.9111  7636235    6.99%
   6608  1522      304.8000   403      285.0000      304.9111  7638895    6.99%
   6610  1524      304.8000   395      285.0000      304.9111  7639879    6.99%
   6611  1525      304.8000   380      285.0000      304.9111  7641048    6.99%
   6615   396      304.9111   534      285.0000      304.9111  7654291    6.99%
Elapsed time = 3032.49 sec. (600121.94 ticks, tree = 11.73 MB, solutions = 17)
   6617   324      304.9111   380      285.0000      304.9111  7642923    6.99%
   6622   330      304.9111   364      285.0000      304.9111  7664115    6.99%
   6631    52      304.9111   355      285.0000      304.9111  7670835    6.99%
   6643    32      304.8000   578      285.0000      304.9111  7691663    6.99%
   6658    47      304.0889   529      285.0000      304.9111  7704756    6.99%
   6682    45      304.8000   430      285.0000      304.9111  7710583    6.99%
   6706    72      304.8000   367      285.0000      304.9111  7740600    6.99%
   6731    75      304.2000   299      285.0000      304.9111  7746031    6.99%
   6763    21      304.8000   336      285.0000      304.9111  7642557    6.99%
   6814   142      304.4222   402      285.0000      304.9111  7841887    6.99%
Elapsed time = 3456.19 sec. (640336.34 ticks, tree = 2.64 MB, solutions = 17)
   6878   159      304.8000   327      285.0000      304.9111  7859486    6.99%
   6938   244      304.8000   322      285.0000      304.9111  7989690    6.99%
   7013   260      303.1333   423      285.0000      304.9111  8022350    6.99%
   7065   282      304.8000   323      285.0000      304.9111  8070440    6.99%
   7132   349      302.0000   350      285.0000      304.9111  8186748    6.99%
   7188   382      303.9229   297      285.0000      304.9111  8255989    6.99%
   7253   447      304.8000   325      285.0000      304.9111  8379597    6.99%
   7332   422      304.3429   428      285.0000      304.9111  8314592    6.99%
   7423   262      303.1333   401      285.0000      304.9111  8025266    6.99%
   7529   596      304.5000   258      285.0000      304.9111  8690665    6.99%
Elapsed time = 3950.29 sec. (679089.50 ticks, tree = 9.34 MB, solutions = 17)
   7618   547      301.6000   235      285.0000      304.9111  8549833    6.99%
   7700   693      299.8857   339      285.0000      304.9111  8872572    6.99%
   7819   864      303.6333   490      285.0000      304.9111  9221712    6.99%
   7930   886      302.2000   251      285.0000      304.9111  9287720    6.99%
   8072   969      303.0000   240      285.0000      304.9111  9366036    6.99%
   8207   933      299.8857   237      285.0000      304.9111  9318188    6.99%
   8337   991      302.9000   364      285.0000      304.9111  9428815    6.99%
   8479  1301      302.1091   342      285.0000      304.9111 10069288    6.99%
   8612  1308      302.1000   251      285.0000      304.9111 10048846    6.99%
   8745  1531      303.4000   370      285.0000      304.9111 10497979    6.99%
Elapsed time = 4452.53 sec. (717434.95 ticks, tree = 28.08 MB, solutions = 17)
   8904  1396      301.5556   283      285.0000      304.9111 10234976    6.99%
   9049  1462      301.2667   424      285.0000      304.9111 10372008    6.99%
   9197  1753      303.4000   466      285.0000      304.9111 10802883    6.99%
   9330  1638      304.8000   414      285.0000      304.9111 10616357    6.99%
   9459  1766      303.4000   523      285.0000      304.9111 10812259    6.99%
   9580  2002      299.6667   385      285.0000      304.9111 11172112    6.99%
   9698  2141      300.0859   313      285.0000      304.9111 11417448    6.99%
   9836  2110    infeasible            285.0000      304.9111 11374254    6.99%
   9970  2291      300.3000   341      285.0000      304.9111 11664839    6.99%
  10112  2401      303.4000   485      285.0000      304.9111 11814295    6.99%
Elapsed time = 5087.37 sec. (755932.46 ticks, tree = 50.55 MB, solutions = 17)
  10252  2408      303.2000   428      285.0000      304.9111 11821634    6.99%
  10389  2885      303.0452   382      285.0000      304.9111 12493829    6.99%
  10546  2822      303.6000   420      285.0000      304.9111 12430006    6.99%
  10690  2943      298.1000   256      285.0000      304.9111 12573431    6.99%
  10829  3209      298.3167   301      285.0000      304.9111 13002586    6.99%
  10978  3019      301.6000   366      285.0000      304.9111 12700636    6.99%
  11141  3205      297.7333   354      285.0000      304.9111 12976318    6.99%
  11294  3082      303.4000   406      285.0000      304.9111 12814405    6.99%
  11456  3635      300.0250   325      285.0000      304.9111 13590682    6.99%
  11630  3822      294.5000   412      285.0000      304.9111 13818240    6.99%
Elapsed time = 5573.49 sec. (794415.67 ticks, tree = 89.47 MB, solutions = 17)
  11803  3592      303.7111   405      285.0000      304.9111 13495633    6.99%
  11979  4001      299.1667   317      285.0000      304.9111 14017423    6.99%
  12167  4331      302.8000   412      285.0000      304.9111 14573022    6.99%
  12324  4421      295.3791   216      285.0000      304.9111 14674544    6.99%
  12488  4183      298.6000   290      285.0000      304.9111 14258302    6.99%
  12634  4461      303.6333   439      285.0000      304.9111 14684267    6.99%
  12777  4869      301.2000   331      285.0000      304.9111 15322148    6.99%
  12915  4830      293.6000   307      285.0000      304.9111 15298776    6.99%
  13072  4946      297.6000   298      285.0000      304.9111 15448430    6.99%
  13210  4927    infeasible            285.0000      304.9111 15465361    6.99%
Elapsed time = 6222.10 sec. (832741.88 ticks, tree = 121.29 MB, solutions = 17)
  13341  5049      287.9835   268      285.0000      304.9111 15596550    6.99%
  13468  5251      300.2000   338      285.0000      304.9111 15921537    6.99%
  13608  5505      296.5290   273      285.0000      304.9111 16311925    6.99%
* 13702+ 5443                          286.0000      304.9111             6.61%
Exception raised in listener 'MipGapPrinter': 'int' object is not callable, id=72
  13736  5509      290.7137   238      286.0000      304.9111 16248584    6.61%
  13859  5694      294.1692   236      286.0000      304.9111 16690337    6.61%
  13985  5581      293.8499   233      286.0000      304.9111 16454580    6.61%
  14109  5732      304.8556   475      286.0000      304.9111 16752754    6.61%
  14265  5833    infeasible            286.0000      304.9111 16864451    6.61%
  14400  5844    infeasible            286.0000      304.9111 16877730    6.61%
  14545  6067      304.8000   454      286.0000      304.9111 17396456    6.61%
Elapsed time = 6810.88 sec. (871177.54 ticks, tree = 154.66 MB, solutions = 19)
  14694  6184      289.3581   205      286.0000      304.9111 17554389    6.61%
* 14697+ 6015                          287.0000      304.9111             6.24%
  14866  6363      298.6000   267      287.0000      304.9111 18033675    6.24%
  15049  6560    infeasible            287.0000      304.9111 18394954    6.24%
  15209  6721    infeasible            287.0000      304.9111 18738990    6.24%
Exception raised in listener 'MipGapPrinter': 'int' object is not callable, id=75
  15388  6789      299.5379   334      287.0000      304.9111 18908303    6.24%
  15533  6794      299.5867   340      287.0000      304.9111 18922887    6.24%
  15676  6872      289.9787   220      287.0000      304.9111 19110867    6.24%
  15789  7059      301.7000   257      287.0000      304.9111 19460527    6.24%
  15893  6931      304.8000   465      287.0000      304.9111 19169148    6.24%
  16002  7215      304.8000   548      287.0000      304.9111 19896486    6.24%
Elapsed time = 7409.67 sec. (909950.92 ticks, tree = 186.08 MB, solutions = 20)
  16102  7221      304.8000   511      287.0000      304.9111 19901417    6.24%
  16218  7274      304.8000   465      287.0000      304.9111 20004676    6.24%
  16325  7346    infeasible            287.0000      304.9111 20103639    6.24%
  16411  7780      296.2000   291      287.0000      304.9111 21097060    6.24%
  16512  7747      304.9111   419      287.0000      304.9111 21027145    6.24%
  16638  7754      294.3333   271      287.0000      304.9111 20990492    6.24%
  16762  7769      302.0000   419      287.0000      304.9111 21076442    6.24%
  16881  7986      304.8000   505      287.0000      304.9111 21567743    6.24%
  17005  8056      302.1667   454      287.0000      304.9111 21635023    6.24%
  17124  8292      295.6332   281      287.0000      304.9111 22056781    6.24%
Elapsed time = 8015.82 sec. (948384.86 ticks, tree = 216.58 MB, solutions = 20)
  17253  8147      295.8310   232      287.0000      304.9111 21796933    6.24%
  17387  8580      294.7833   239      287.0000      304.9111 22613458    6.24%
  17480  8712      304.2000   406      287.0000      304.9111 22837234    6.24%
  17586  8765      303.4000   458      287.0000      304.9111 23059832    6.24%
  17684  8849      304.5333   560      287.0000      304.9111 23288601    6.24%
  17781  8796      293.9044   269      287.0000      304.9111 23135865    6.24%
  17868  9014      303.1000   489      287.0000      304.9111 23836500    6.24%
  17942  8943      303.3500   475      287.0000      304.9111 23580265    6.24%
  18016  9017      302.7000   434      287.0000      304.9111 23864520    6.24%
  18090  9202      303.2000   467      287.0000      304.9111 24423659    6.24%
Elapsed time = 8669.73 sec. (987032.33 ticks, tree = 241.92 MB, solutions = 20)
  18174  9298      302.7000   457      287.0000      304.9111 24667935    6.24%
  18252  9335      302.3333   410      287.0000      304.9111 24778158    6.24%
  18324  9266      303.6000   520      287.0000      304.9111 24572562    6.24%
  18399  9331      304.3000   483      287.0000      304.9111 24741087    6.24%
  18478  9400      304.8000   457      287.0000      304.9111 25093454    6.24%
  18552  9545      292.2101   258      287.0000      304.9111 25483013    6.24%
  18619  9563      302.2000   383      287.0000      304.9111 25542735    6.24%
  18675  9630      297.6048   364      287.0000      304.9111 25797369    6.24%
  18742  9673      303.4000   404      287.0000      304.9111 25885881    6.24%
  18809  9921      297.3815   364      287.0000      304.9111 26613960    6.24%
Elapsed time = 9325.85 sec. (1025752.16 ticks, tree = 261.97 MB, solutions = 20)
  18893  9866      290.8651   221      287.0000      304.9111 26363392    6.24%
  18982 10069      304.4000   409      287.0000      304.9111 27113997    6.24%
  19071 10160      304.0000   473      287.0000      304.9111 27265845    6.24%
  19169 10132      290.7232   225      287.0000      304.9111 27180194    6.24%
  19265 10181      289.9929   292      287.0000      304.9111 27389260    6.24%
* 19281+10028                          288.0000      304.9111             5.87%
  19355 10202      304.8000   415      288.0000      304.9111 27424322    5.87%
  19447 10285      303.9370   527      288.0000      304.9111 27582535    5.87%
  19543 10434      304.8000   368      288.0000      304.9111 28118040    5.87%
Exception raised in listener 'MipGapPrinter': 'int' object is not callable, id=86
  19642 10545      296.7736   346      288.0000      304.9111 28508398    5.87%
  19766 10569      302.7000   370      288.0000      304.9111 28546941    5.87%
Elapsed time = 9813.69 sec. (1064314.19 ticks, tree = 278.36 MB, solutions = 21)
  19854 10612    infeasible            288.0000      304.9111 28737738    5.87%
  19949 10451      304.8000   468      288.0000      304.9111 28170544    5.87%
  20059 10587      302.7000   352      288.0000      304.9111 28574233    5.87%
  20171 11025      304.8000   316      288.0000      304.9111 29564599    5.87%
  20264 11014      302.2000   327      288.0000      304.9111 29516255    5.87%
  20341 10908      289.1872   175      288.0000      304.9111 29237157    5.87%
  20404 11099      303.6000   333      288.0000      304.9111 29614689    5.87%
  20446 11031      302.2000   366      288.0000      304.9111 29549853    5.87%
  20511 11111      303.6000   335      288.0000      304.9111 29631441    5.87%
  20570 11117      303.6000   362      288.0000      304.9111 29636489    5.87%
Elapsed time = 10289.46 sec. (1102871.79 ticks, tree = 293.12 MB, solutions = 21)
  20625 11314      303.6000   379      288.0000      304.9111 30031610    5.87%
  20678 11364      304.8370   534      288.0000      304.9111 30064145    5.87%
  20725 11321      303.6000   373      288.0000      304.9111 30062612    5.87%
  20770 11375      304.1106   560      288.0000      304.9111 30073987    5.87%
  20820 11079      304.8000   388      288.0000      304.9111 29602820    5.87%
  20872 11516      303.6000   448      288.0000      304.9111 30424682    5.87%
  20918 11591      303.5000   581      288.0000      304.9111 30506813    5.87%
  20953 11676      302.5802   455      288.0000      304.9111 30824990    5.87%
  20979 11603      303.4000   534      288.0000      304.9111 30513621    5.87%
  21013 11693      295.9000   288      288.0000      304.9111 30937092    5.87%
Elapsed time = 10778.28 sec. (1141479.62 ticks, tree = 308.86 MB, solutions = 21)
  21037 11688      300.2806   481      288.0000      304.9111 30854276    5.87%
  21071 11802      302.5333   522      288.0000      304.9111 31063998    5.87%
  21096 11863      303.6000   404      288.0000      304.9111 31345737    5.87%
  21115 11868      303.6000   411      288.0000      304.9111 31355926    5.87%
  21146 11725      296.8000   415      288.0000      304.9111 31068172    5.87%
  21179 11922      302.0000   399      288.0000      304.9111 31577892    5.87%
  21219 11875      295.8257   263      288.0000      304.9111 31523730    5.87%
  21261 11926      302.0000   441      288.0000      304.9111 31612245    5.87%
  21300 11848      300.8806   498      288.0000      304.9111 31301061    5.87%
  21340 11997      295.5873   284      288.0000      304.9111 31873099    5.87%
Elapsed time = 11299.71 sec. (1180718.99 ticks, tree = 317.46 MB, solutions = 21)
  21364 12097      301.8500   393      288.0000      304.9111 32111288    5.87%
  21401 12004      302.1933   540      288.0000      304.9111 31728659    5.87%
  21453 12079      302.7933   478      288.0000      304.9111 32002944    5.87%
  21506 12234      303.7111   423      288.0000      304.9111 32440074    5.87%
  21566 12240      303.7111   401      288.0000      304.9111 32444366    5.87%
  21630 12249      291.7765   230      288.0000      304.9111 32438636    5.87%
  21701 12291      303.0167   431      288.0000      304.9111 32495911    5.87%
  21791 12265      289.0069   208      288.0000      304.9111 32470153    5.87%
  21862 12313      298.8333   366      288.0000      304.9111 32616970    5.87%
  21916 12461      303.0167   456      288.0000      304.9111 32930586    5.87%
Elapsed time = 11802.96 sec. (1219458.49 ticks, tree = 329.27 MB, solutions = 21)
  21976 12548      303.6933   438      288.0000      304.9111 33064608    5.87%
  22022 12541      298.2000   340      288.0000      304.9111 33056961    5.87%
  22055 12572      304.9111   485      288.0000      304.9111 33130770    5.87%
  22096 12604      302.6000   375      288.0000      304.9111 33151063    5.87%
  22143 12572      303.6000   473      288.0000      304.9111 33084835    5.87%
  22207 12691      303.6000   422      288.0000      304.9111 33361476    5.87%
  22282 12659      302.5000   409      288.0000      304.9111 33266049    5.87%
  22336 12854      303.7111   417      288.0000      304.9111 33595648    5.87%
  22380 12713      303.6000   378      288.0000      304.9111 33384428    5.87%
  22428 12927      301.4333   337      288.0000      304.9111 33681675    5.87%
Elapsed time = 12269.13 sec. (1257989.78 ticks, tree = 342.14 MB, solutions = 21)
  22492 12899      302.6000   378      288.0000      304.9111 33679650    5.87%
  22538 12876      303.2000   395      288.0000      304.9111 33625910    5.87%
  22573 13174      303.9333   392      288.0000      304.9111 33985861    5.87%
  22612 13120      300.2667   349      288.0000      304.9111 33869724    5.87%
  22645 13126      300.2667   297      288.0000      304.9111 33877430    5.87%
  22673 13154      304.8000   389      288.0000      304.9111 33983816    5.87%
  22705 13258      301.6667   396      288.0000      304.9111 34097623    5.87%
  22735 13226      304.8000   409      288.0000      304.9111 34034856    5.87%
  22757 13263      302.6000   318      288.0000      304.9111 34106868    5.87%
  22785 13324      294.8667   353      288.0000      304.9111 34207718    5.87%
Elapsed time = 12749.30 sec. (1297142.59 ticks, tree = 352.88 MB, solutions = 21)
  22815 13334      299.4267   366      288.0000      304.9111 34210502    5.87%
  22869 13383      304.8000   432      288.0000      304.9111 34273815    5.87%
  22899 13390      304.8000   396      288.0000      304.9111 34278367    5.87%
  22930 13357      302.5333   467      288.0000      304.9111 34257715    5.87%
  22962 13474      297.7333   401      288.0000      304.9111 34460138    5.87%
  22989 13408      304.8000   404      288.0000      304.9111 34297262    5.87%
  23021 13479      296.8333   448      288.0000      304.9111 34465743    5.87%
  23048 13493      301.5333   455      288.0000      304.9111 34518673    5.87%
  23075 13595      302.7333   449      288.0000      304.9111 34651073    5.87%
  23110 13504      301.5333   446      288.0000      304.9111 34539743    5.87%
Elapsed time = 13260.00 sec. (1336122.40 ticks, tree = 357.52 MB, solutions = 21)
  23149 13526      304.8000   426      288.0000      304.9111 34530119    5.87%
  23205 13609      300.8000   376      288.0000      304.9111 34727852    5.87%
  23243 13615      300.8000   368      288.0000      304.9111 34736577    5.87%
  23291 13760      301.5333   433      288.0000      304.9111 34977890    5.87%
  23338 13737      302.6000   503      288.0000      304.9111 34937207    5.87%
  23380 13768      302.8111   430      288.0000      304.9111 35019442    5.87%
  23410 13627      295.2276   304      288.0000      304.9111 34938996    5.87%
  23464 13794      304.8000   487      288.0000      304.9111 35157518    5.87%
  23512 13935      302.2000   530      288.0000      304.9111 35400177    5.87%
  23560 13896      303.6000   401      288.0000      304.9111 35385498    5.87%
Elapsed time = 13739.10 sec. (1375314.55 ticks, tree = 368.02 MB, solutions = 21)
  23615 13970      302.4000   430      288.0000      304.9111 35425428    5.87%
  23681 13910      303.6000   428      288.0000      304.9111 35400456    5.87%
  23742 13980      302.4000   453      288.0000      304.9111 35442765    5.87%
  23819 13924      303.6000   425      288.0000      304.9111 35411699    5.87%
  23903 14166      303.6000   389      288.0000      304.9111 35925744    5.87%
  23976 14193      301.9000   372      288.0000      304.9111 35969276    5.87%
  24056 14288      301.4267   446      288.0000      304.9111 36162010    5.87%
  24156 14380      302.6000   392      288.0000      304.9111 36224443    5.87%
  24224 14393      302.6000   398      288.0000      304.9111 36231154    5.87%
  24288 14266      302.2000   351      288.0000      304.9111 36002277    5.87%
Elapsed time = 14173.76 sec. (1413789.35 ticks, tree = 377.93 MB, solutions = 21)
  24342 14558      302.4000   314      288.0000      304.9111 36534472    5.87%
  24403 14650      301.4000   358      288.0000      304.9111 36684227    5.87%
  24493 14766      299.3000   339      288.0000      304.9111 36913772    5.87%
  24583 14598      301.2000   305      288.0000      304.9111 36653723    5.87%
  24682 14670      301.1333   359      288.0000      304.9111 36726684    5.87%
  24754 14727      302.2000   382      288.0000      304.9111 36730016    5.87%
  24794 14886      301.8000   400      288.0000      304.9111 36972818    5.87%
  24811 14898      301.8000   391      288.0000      304.9111 36977094    5.87%
  24815 12936      301.2333   403      288.0000      304.9111 33688649    5.87%
  24817 12880      303.1061   409      288.0000      304.9111 33627419    5.87%
Elapsed time = 14400.68 sec. (1459935.04 ticks, tree = 340.80 MB, solutions = 21)
  24818 13163      304.8000   366      288.0000      304.9111 33990593    5.87%

GUB cover cuts applied:  190
Clique cuts applied:  22
Cover cuts applied:  98
Implied bound cuts applied:  2331
Flow cuts applied:  7
Mixed integer rounding cuts applied:  344
Zero-half cuts applied:  283
Lift and project cuts applied:  9
Gomory fractional cuts applied:  77

Root node processing (before b&c):
  Real time             =  246.88 sec. (91216.46 ticks)
Parallel b&c, 24 threads:
  Real time             = 14154.07 sec. (1384825.02 ticks)
  Sync time (average)   = 3481.80 sec.
  Wait time (average)   =    0.27 sec.
                          ------------
Total (root+branch&cut) = 14400.94 sec. (1476041.48 ticks)
status  = time limit exceeded
time    = 14401.2 s.
problem = MILP
gap     = 5.87191%

Objective value: 288.0
[50, 50, 8, 4, 400, 147, 288, 304, 5.87, 14401.16]
number of spatial :  222
Heuristic Solution information :  [50, 50, 8, 4, 400, 136, 222, 0, 222]
