CPXPARAM_Read_DataCheck                          1
CPXPARAM_TimeLimit                               14400
Tried aggregator 2 times.
MIP Presolve eliminated 53433 rows and 174123 columns.
MIP Presolve modified 2260 coefficients.
Aggregator did 600 substitutions.
Reduced MIP has 308909 rows, 116401 columns, and 1130800 nonzeros.
Reduced MIP has 111401 binaries, 0 generals, 0 SOSs, and 0 indicators.
Presolve time = 1.00 sec. (2748.51 ticks)
Probing time = 0.48 sec. (27.41 ticks)
Tried aggregator 1 time.
MIP Presolve eliminated 147000 rows and 3000 columns.
Reduced MIP has 161909 rows, 113401 columns, and 836800 nonzeros.
Reduced MIP has 111401 binaries, 0 generals, 0 SOSs, and 0 indicators.
Presolve time = 0.74 sec. (929.38 ticks)
Probing time = 0.34 sec. (26.27 ticks)
Clique table members: 59535.
MIP emphasis: balance optimality and feasibility.
MIP search method: dynamic search.
Parallel mode: deterministic, using up to 24 threads.
Root relaxation solution time = 9.42 sec. (5658.61 ticks)

        Nodes                                         Cuts/
   Node  Left     Objective  IInf  Best Integer    Best Bound    ItCnt     Gap

*     0+    0                          247.0000      612.0000           147.77%
      0     0      544.0000  1183      247.0000      544.0000    48925  120.24%
Exception raised in listener 'MipGapPrinter': 'int' object is not callable, id=1
*     0+    0                          381.0000      544.0000            42.78%
Exception raised in listener 'MipGapPrinter': 'int' object is not callable, id=3
      0     0      544.0000  1157      381.0000     Cuts: 909    91304   42.78%
      0     0      531.0000  1368      381.0000     Cuts: 755   124651   39.37%
      0     0      530.4000  1535      381.0000     Cuts: 663   165446   39.21%
*     0+    0                          466.0000      530.4000            13.82%
*     0+    0                          476.0000      530.4000            11.43%
*     0+    0                          490.0000      530.4000             8.24%
Exception raised in listener 'MipGapPrinter': 'int' object is not callable, id=9
      0     0      530.4000  1532      490.0000     Cuts: 660   212171    8.24%
*     0+    0                          497.0000      530.4000             6.72%
Exception raised in listener 'MipGapPrinter': 'int' object is not callable, id=12
      0     0      530.4000  1120      497.0000      Cuts: 97   238087    6.72%
      0     0      530.4000  1225      497.0000     Cuts: 498   267283    6.72%
Heuristic still looking.
Heuristic still looking.
*     0+    0                          510.0000      530.4000             4.00%
Exception raised in listener 'MipGapPrinter': 'int' object is not callable, id=16
      0     2      530.4000   552      510.0000      530.4000   267283    4.00%
Elapsed time = 4036.41 sec. (631198.79 ticks, tree = 0.02 MB, solutions = 7)
      1     3      530.4000   537      510.0000      530.4000   268716    4.00%
      2     4      530.4000   555      510.0000      530.4000   269168    4.00%
      3     5      530.4000   555      510.0000      530.4000   269720    4.00%
      4     6      530.4000   641      510.0000      530.4000   270622    4.00%
      5     7      530.4000   676      510.0000      530.4000   270994    4.00%
      6     8      530.4000   683      510.0000      530.4000   271163    4.00%
      7     9      530.4000   703      510.0000      530.4000   273098    4.00%
      8    10      530.4000   747      510.0000      530.4000   275550    4.00%
      9    11      530.4000   730      510.0000      530.4000   276771    4.00%
     11    13      530.4000   803      510.0000      530.4000   279199    4.00%
Elapsed time = 4157.78 sec. (639937.57 ticks, tree = 0.06 MB, solutions = 7)
     13    15      530.4000   778      510.0000      530.4000   284055    4.00%
     17     6      530.4000   509      510.0000      530.4000   269937    4.00%
     18    18      530.4000   733      510.0000      530.4000   293407    4.00%
     21    21      530.4000   700      510.0000      530.4000   297353    4.00%
     23    23      530.4000   680      510.0000      530.4000   302713    4.00%
     26     5      530.4000   566      510.0000      530.4000   269357    4.00%
     31    28      530.4000   791      510.0000      530.4000   317565    4.00%
     34    28      530.4000   818      510.0000      530.4000   318363    4.00%
     40    30      530.4000   816      510.0000      530.4000   322154    4.00%
     54    34      530.4000   756      510.0000      530.4000   352413    4.00%
Elapsed time = 4572.14 sec. (657129.89 ticks, tree = 0.27 MB, solutions = 7)
     61    36      530.4000   802      510.0000      530.4000   355389    4.00%
     68    44      530.4000   837      510.0000      530.4000   380951    4.00%
     81    45      530.4000   844      510.0000      530.4000   370700    4.00%
    100    39      530.4000   748      510.0000      530.4000   362373    4.00%
    123    52      530.4000   841      510.0000      530.4000   401534    4.00%
    140    69      530.4000   790      510.0000      530.4000   435267    4.00%
    153   100      530.4000   830      510.0000      530.4000   476335    4.00%
    165    94      530.4000   759      510.0000      530.4000   469592    4.00%
    172   114      530.4000   719      510.0000      530.4000   497264    4.00%
    181   122      530.4000   844      510.0000      530.4000   514277    4.00%
Elapsed time = 4827.42 sec. (667324.66 ticks, tree = 2.65 MB, solutions = 7)
    189   125      530.4000   854      510.0000      530.4000   517422    4.00%
    194   125      530.4000   951      510.0000      530.4000   543654    4.00%
    201   126      530.4000   878      510.0000      530.4000   547423    4.00%
    209   135      530.4000   780      510.0000      530.4000   604331    4.00%
    219   141      530.4000   873      510.0000      530.4000   656882    4.00%
    232   139      530.4000   838      510.0000      530.4000   625313    4.00%
    241   146      530.4000   721      510.0000      530.4000   691985    4.00%
    252   147      530.4000   763      510.0000      530.4000   685683    4.00%
    260   175      530.4000   792      510.0000      530.4000   762307    4.00%
    265   182      530.4000   809      510.0000      530.4000   772406    4.00%
Elapsed time = 5105.16 sec. (677744.09 ticks, tree = 4.43 MB, solutions = 7)
    269   184      530.4000   831      510.0000      530.4000   776056    4.00%
    274   187      530.4000   829      510.0000      530.4000   780690    4.00%
    277   193      530.4000   827      510.0000      530.4000   792304    4.00%
    280   196      530.4000   830      510.0000      530.4000   796877    4.00%
    282   198      530.4000   784      510.0000      530.4000   801872    4.00%
    288   202      530.4000   802      510.0000      530.4000   805747    4.00%
    295   206      530.4000   764      510.0000      530.4000   818413    4.00%
    303   213      530.4000   805      510.0000      530.4000   822244    4.00%
    309   223      530.4000   758      510.0000      530.4000   835459    4.00%
    316   227      530.4000   697      510.0000      530.4000   840008    4.00%
Elapsed time = 5361.04 sec. (688841.85 ticks, tree = 6.45 MB, solutions = 7)
    324   233      530.4000   684      510.0000      530.4000   843701    4.00%
    330   243      530.4000   770      510.0000      530.4000   866982    4.00%
    337   240      530.4000   631      510.0000      530.4000   851742    4.00%
    349   244      530.4000   687      510.0000      530.4000   855508    4.00%
    361   241      530.4000   843      510.0000      530.4000   879627    4.00%
    374   265      530.4000   603      510.0000      530.4000   888226    4.00%
    388   281      530.4000   885      510.0000      530.4000   949475    4.00%
    406   273      530.4000   802      510.0000      530.4000   903040    4.00%
    426   297      530.4000   794      510.0000      530.4000   976543    4.00%
    448   322      530.4000   848      510.0000      530.4000  1016053    4.00%
Elapsed time = 5588.85 sec. (699443.77 ticks, tree = 9.53 MB, solutions = 7)
    459   306      530.4000   832      510.0000      530.4000   984953    4.00%
    476   308      530.4000   807      510.0000      530.4000   988351    4.00%
    487   323      530.4000   604      510.0000      530.4000  1011242    4.00%
    499   356      530.4000   830      510.0000      530.4000  1069264    4.00%
    510   357      530.4000   845      510.0000      530.4000  1071020    4.00%
    519   361      530.4000   791      510.0000      530.4000  1104636    4.00%
    528   371      530.4000   786      510.0000      530.4000  1118912    4.00%
    536   417      530.4000   736      510.0000      530.4000  1199624    4.00%
    543   390      530.4000   877      510.0000      530.4000  1145686    4.00%
    550   391      530.4000   849      510.0000      530.4000  1151553    4.00%
Elapsed time = 5828.30 sec. (709747.83 ticks, tree = 12.22 MB, solutions = 7)
    560   446      530.4000   754      510.0000      530.4000  1243156    4.00%
    570   435    infeasible            510.0000      530.4000  1226533    4.00%
    577   438      530.4000   784      510.0000      530.4000  1231885    4.00%
    586   458      530.4000   768      510.0000      530.4000  1262337    4.00%
    592   460      530.4000   782      510.0000      530.4000  1266288    4.00%
    599   465      530.4000   738      510.0000      530.4000  1269420    4.00%
    605   468      530.4000   751      510.0000      530.4000  1274848    4.00%
    614   477      530.4000   662      510.0000      530.4000  1304624    4.00%
    626   473      530.4000   766      510.0000      530.4000  1282436    4.00%
    637   507      530.4000   660      510.0000      530.4000  1351288    4.00%
Elapsed time = 6047.11 sec. (721016.58 ticks, tree = 16.44 MB, solutions = 7)
    651   488      530.4000   693      510.0000      530.4000  1313575    4.00%
    664   480      530.4000   651      510.0000      530.4000  1300274    4.00%
    676   517      530.4000   603      510.0000      530.4000  1370258    4.00%
    686   521      530.4000   611      510.0000      530.4000  1375846    4.00%
    699   523      530.4000   612      510.0000      530.4000  1380901    4.00%
    709   535      530.4000   616      510.0000      530.4000  1384747    4.00%
    721   546      530.4000   624      510.0000      530.4000  1413653    4.00%
    733   548      530.4000   643      510.0000      530.4000  1419795    4.00%
    747   552      530.4000   592      510.0000      530.4000  1425346    4.00%
    760   583      530.4000   567      510.0000      530.4000  1473580    4.00%
Elapsed time = 6283.92 sec. (731411.20 ticks, tree = 19.93 MB, solutions = 7)
    773   588      530.4000   593      510.0000      530.4000  1478877    4.00%
    787   592      530.4000   521      510.0000      530.4000  1482012    4.00%
    801   596      530.4000   506      510.0000      530.4000  1487773    4.00%
    822   655      530.4000   780      510.0000      530.4000  1584123    4.00%
    842   660      530.4000   793      510.0000      530.4000  1587763    4.00%
    864   651      530.4000   515      510.0000      530.4000  1573947    4.00%
    887   681      530.4000   780      510.0000      530.4000  1643503    4.00%
    914   639      530.4000   712      510.0000      530.4000  1561485    4.00%
    933   673      530.4000   762      510.0000      530.4000  1604966    4.00%
   1031   783      530.4000   629      510.0000      530.4000  1787613    4.00%
Elapsed time = 6566.72 sec. (744274.19 ticks, tree = 28.59 MB, solutions = 7)
   1134   774      530.4000   694      510.0000      530.4000  1779004    4.00%
   1240   923      530.4000   611      510.0000      530.4000  2023862    4.00%
   1352   915      530.4000   742      510.0000      530.4000  2021006    4.00%
   1532  1075      530.4000   690      510.0000      530.4000  2315946    4.00%
   1775  1152      530.4000   725      510.0000      530.4000  2500211    4.00%
   2104  1268      530.4000   478      510.0000      530.4000  2640260    4.00%
   2443  1341      530.4000   831      510.0000      530.4000  2773508    4.00%
   2795  1571      530.4000   568      510.0000      530.4000  2895012    4.00%
   3210  1707      530.4000   506      510.0000      530.4000  2941761    4.00%
   3660  1784      529.3333   339      510.0000      530.4000  3055883    4.00%
Elapsed time = 7190.34 sec. (782527.43 ticks, tree = 74.30 MB, solutions = 7)
   4103  2373      530.4000   683      510.0000      530.4000  3354964    4.00%
   4498  2865      530.4000   909      510.0000      530.4000  3647053    4.00%
   4871  3248      530.4000   627      510.0000      530.4000  3851909    4.00%
   5265  3558      530.4000   539      510.0000      530.4000  4097802    4.00%
*  5493+ 3902                          511.0000      530.4000             3.80%
*  5564+ 3864                          513.0000      530.4000             3.39%
   5624  3334      530.4000   435      513.0000      530.4000  3983357    3.39%
   5868  4202      530.3333   411      513.0000      530.4000  4446504    3.39%
Exception raised in listener 'MipGapPrinter': 'int' object is not callable, id=44
   6124  4260      528.6667   279      513.0000      530.4000  4588888    3.39%
*  6241+ 4474                          514.0000      530.4000             3.19%
Exception raised in listener 'MipGapPrinter': 'int' object is not callable, id=45
   6375  4629      530.4000   465      514.0000      530.4000  4775631    3.19%
   6632  4726      530.0000   428      514.0000      530.4000  4983228    3.19%
   6921  4888    infeasible            514.0000      530.4000  5218868    3.19%
Elapsed time = 7945.89 sec. (820807.41 ticks, tree = 246.48 MB, solutions = 15)
   7197  4917      530.4000   545      514.0000      530.4000  5179544    3.19%
   7491  5178    infeasible            514.0000      530.4000  5701383    3.19%
   7766  5253      527.2667   202      514.0000      530.4000  5862014    3.19%
*  7779+ 5087                          515.0000      530.4000             2.99%
   8019  5557      528.4000   301      515.0000      530.4000  6243748    2.99%
   8290  5646      527.0444   301      515.0000      530.4000  6402151    2.99%
Exception raised in listener 'MipGapPrinter': 'int' object is not callable, id=48
   8553  5967      530.4000   636      515.0000      530.4000  6950576    2.99%
   8880  6161      530.0000   395      515.0000      530.4000  7262337    2.99%
   9195  6173      529.5333   409      515.0000      530.4000  7284222    2.99%
   9469  6354      528.3333   344      515.0000      530.4000  7822810    2.99%
   9730  6591      530.0000   343      515.0000      530.4000  8036863    2.99%
Elapsed time = 8560.95 sec. (859118.10 ticks, tree = 340.94 MB, solutions = 18)
   9933  7104    infeasible            515.0000      530.4000  8911867    2.99%
  10158  7281      530.4000   449      515.0000      530.4000  9227615    2.99%
  10403  7163      530.2500   391      515.0000      530.4000  9110965    2.99%
  10619  7410      528.1333   311      515.0000      530.4000  9641670    2.99%
  10800  7647      530.0167   388      515.0000      530.4000 10190706    2.99%
  10974  7571      526.2667   265      515.0000      530.4000  9904898    2.99%
  11182  7781      528.4667   349      515.0000      530.4000 10399241    2.99%
  11405  7980      529.5667   444      515.0000      530.4000 10779693    2.99%
  11672  8072      516.1667   201      515.0000      530.4000 11147060    2.99%
  11924  8174      530.2667   376      515.0000      530.4000 11476859    2.99%
Elapsed time = 9178.64 sec. (897457.40 ticks, tree = 434.33 MB, solutions = 18)
  12198  8284      523.1000   227      515.0000      530.4000 11740931    2.99%
  12467  8907      528.8333   265      515.0000      530.4000 13375131    2.99%
  12669  8916      528.6333   290      515.0000      530.4000 13398850    2.99%
  12830  8842      517.0000    81      515.0000      530.4000 13142156    2.99%
  12929  9095      530.0000   422      515.0000      530.4000 13532835    2.99%
  12940  8843      530.4000   809      515.0000      530.4000 13144730    2.99%

GUB cover cuts applied:  145
Clique cuts applied:  17
Cover cuts applied:  66
Implied bound cuts applied:  3418
Flow cuts applied:  11
Mixed integer rounding cuts applied:  569
Zero-half cuts applied:  234
Lift and project cuts applied:  35
Gomory fractional cuts applied:  100

Root node processing (before b&c):
  Real time             = 4018.43 sec. (631056.78 ticks)
Parallel b&c, 24 threads:
  Real time             = 10382.33 sec. (709019.93 ticks)
  Sync time (average)   = 1291.01 sec.
  Wait time (average)   =    0.00 sec.
                          ------------
Total (root+branch&cut) = 14400.76 sec. (1340076.71 ticks)
status  = time limit exceeded
time    = 14403.1 s.
problem = MILP
gap     = 2.99029%

Objective value: 515.0
[50, 100, 8, 4, 400, 253, 515, 530, 2.99, 14403.05]
number of spatial :  435
Heuristic Solution information :  [50, 100, 8, 4, 400, 228, 435, 0, 435]
