CPXPARAM_Read_DataCheck                          1
CPXPARAM_TimeLimit                               14400
Tried aggregator 2 times.
MIP Presolve eliminated 703 rows and 142021 columns.
MIP Presolve added 36 rows and 0 columns.
MIP Presolve modified 212 coefficients.
Aggregator did 542 substitutions.
Reduced MIP has 123112 rows, 3604 columns, and 248502 nonzeros.
Reduced MIP has 1102 binaries, 2 generals, 0 SOSs, and 0 indicators.
Presolve time = 0.16 sec. (739.77 ticks)
Found incumbent of value 12.000000 after 0.33 sec. (933.92 ticks)
Probing fixed 8 vars, tightened 0 bounds.
Probing time = 0.16 sec. (3.64 ticks)
Tried aggregator 1 time.
MIP Presolve eliminated 22066 rows and 462 columns.
Reduced MIP has 101046 rows, 3142 columns, and 204366 nonzeros.
Reduced MIP has 1088 binaries, 4 generals, 0 SOSs, and 0 indicators.
Presolve time = 0.05 sec. (69.47 ticks)
Probing time = 0.09 sec. (2.76 ticks)
Tried aggregator 1 time.
MIP Presolve eliminated 95550 rows and 1950 columns.
Reduced MIP has 5496 rows, 1192 columns, and 13266 nonzeros.
Reduced MIP has 1088 binaries, 4 generals, 0 SOSs, and 0 indicators.
Presolve time = 0.02 sec. (37.35 ticks)
Probing time = 0.00 sec. (0.42 ticks)
Tried aggregator 1 time.
MIP Presolve eliminated 4900 rows and 100 columns.
Reduced MIP has 596 rows, 1092 columns, and 3466 nonzeros.
Reduced MIP has 1088 binaries, 4 generals, 0 SOSs, and 0 indicators.
Presolve time = 0.00 sec. (7.42 ticks)
Probing time = 0.00 sec. (0.93 ticks)
Clique table members: 592.
MIP emphasis: balance optimality and feasibility.
MIP search method: dynamic search.
Parallel mode: deterministic, using up to 24 threads.
Root relaxation solution time = 0.01 sec. (6.42 ticks)

        Nodes                                         Cuts/
   Node  Left     Objective  IInf  Best Integer    Best Bound    ItCnt     Gap

*     0+    0                           12.0000      471.0000              --- 
*     0+    0                          184.0000      471.0000           155.98%
      0     0      258.8500   180      184.0000      258.8500      761   40.68%
Exception raised in listener 'MipGapPrinter': 'int' object is not callable, id=1
*     0+    0                          190.0000      258.8500            36.24%
Exception raised in listener 'MipGapPrinter': 'int' object is not callable, id=3
      0     0      240.7143   136      190.0000     Cuts: 249     1174   26.69%
*     0+    0                          207.0000      240.7143            16.29%
Exception raised in listener 'MipGapPrinter': 'int' object is not callable, id=5
      0     0      234.1286   111      207.0000     Cuts: 241     1589   13.11%
      0     0      231.1000   141      207.0000      Cuts: 91     1688   11.64%
*     0+    0                          215.0000      231.1000             7.49%
Exception raised in listener 'MipGapPrinter': 'int' object is not callable, id=10
      0     0      231.1000   146      215.0000      Cuts: 59     1757    7.49%
      0     0      231.0400    91      215.0000      Cuts: 18     1793    7.46%
*     0+    0                          223.0000      231.0400             3.61%
Exception raised in listener 'MipGapPrinter': 'int' object is not callable, id=15
      0     0      231.0400   150      223.0000      Cuts: 41     1833    3.61%
*     0+    0                          226.0000      231.0400             2.23%
Exception raised in listener 'MipGapPrinter': 'int' object is not callable, id=18
      0     2      231.0400    73      226.0000      230.6872     1833    2.07%
Elapsed time = 1.96 sec. (1664.67 ticks, tree = 0.02 MB, solutions = 7)
*   138+   18                          227.0000      230.6872             1.62%
*   191   108      integral     0      229.0000      230.6872     3855    0.74%
Exception raised in listener 'MipGapPrinter': 'int' object is not callable, id=39
Exception raised in listener 'MipGapPrinter': 'int' object is not callable, id=41
*   238+  171                          230.0000      230.6872             0.30%
Exception raised in listener 'MipGapPrinter': 'int' object is not callable, id=43

GUB cover cuts applied:  135
Clique cuts applied:  58
Cover cuts applied:  79
Implied bound cuts applied:  1
Flow cuts applied:  7
Mixed integer rounding cuts applied:  13
Zero-half cuts applied:  46
Lift and project cuts applied:  1
Gomory fractional cuts applied:  85

Root node processing (before b&c):
  Real time             =    1.85 sec. (1680.10 ticks)
Parallel b&c, 24 threads:
  Real time             =    0.88 sec. (136.84 ticks)
  Sync time (average)   =    0.64 sec.
  Wait time (average)   =    0.00 sec.
                          ------------
Total (root+branch&cut) =    2.73 sec. (1816.94 ticks)
status  = integer optimal solution
time    = 2.73068 s.
problem = MILP
gap     = 0%

Objective value: 230.0
[50, 50, 8, 4, 400, 120, 230, 230, 0.0, 2.73]
number of spatial :  176
Heuristic Solution information :  [50, 50, 8, 4, 400, 112, 176, 0, 176]
