CPXPARAM_Read_DataCheck                          1
CPXPARAM_TimeLimit                               14400
Tried aggregator 2 times.
MIP Presolve eliminated 13600 rows and 114450 columns.
MIP Presolve modified 740 coefficients.
Aggregator did 600 substitutions.
Reduced MIP has 139100 rows, 31074 columns, and 407056 nonzeros.
Reduced MIP has 28574 binaries, 0 generals, 0 SOSs, and 0 indicators.
Presolve time = 2.97 sec. (1184.33 ticks)
Probing time = 5.56 sec. (8.13 ticks)
Tried aggregator 1 time.
MIP Presolve eliminated 98000 rows and 2000 columns.
Reduced MIP has 41100 rows, 29074 columns, and 211056 nonzeros.
Reduced MIP has 28574 binaries, 0 generals, 0 SOSs, and 0 indicators.
Presolve time = 1.65 sec. (266.92 ticks)
Probing time = 3.71 sec. (6.14 ticks)
Clique table members: 15229.
MIP emphasis: balance optimality and feasibility.
MIP search method: dynamic search.
Parallel mode: deterministic, using up to 24 threads.
Root relaxation solution time = 8.45 sec. (907.38 ticks)

        Nodes                                         Cuts/
   Node  Left     Objective  IInf  Best Integer    Best Bound    ItCnt     Gap

*     0+    0                          150.0000      612.0000           308.00%
      0     0      307.3500   516      150.0000      307.3500    16447  104.90%
Exception raised in listener 'MipGapPrinter': 'int' object is not callable, id=1
*     0+    0                          187.0000      307.3500            64.36%
Exception raised in listener 'MipGapPrinter': 'int' object is not callable, id=3
      0     0      273.5000   347      187.0000     Cuts: 567    21544   46.26%
      0     0      267.3250   369      187.0000     Cuts: 230    26558   42.95%
      0     0      266.6000   369      187.0000     Cuts: 192    29961   42.57%
*     0+    0                          228.0000      266.6000            16.93%
*     0+    0                          233.0000      266.6000            14.42%
*     0+    0                          234.0000      266.6000            13.93%
Exception raised in listener 'MipGapPrinter': 'int' object is not callable, id=9
      0     0      266.1000   422      234.0000     Cuts: 130    34150   13.72%
      0     0      265.0000   462      234.0000     Cuts: 151    38466   13.25%
      0     0      264.6000   481      234.0000     Cuts: 137    43080   13.08%
*     0+    0                          245.0000      264.6000             8.00%
*     0+    0                          248.0000      264.6000             6.69%
Exception raised in listener 'MipGapPrinter': 'int' object is not callable, id=16
      0     0      264.6000   440      248.0000     Cuts: 115    47138    6.69%
      0     0      264.6000   475      248.0000     Cuts: 117    51485    6.69%
      0     0      264.6000   306      248.0000      Cuts: 10    54399    6.69%
*     0+    0                          250.0000      264.6000             5.84%
Exception raised in listener 'MipGapPrinter': 'int' object is not callable, id=23
      0     0      264.6000   409      250.0000     Cuts: 112    58417    5.84%
*     0+    0                          252.0000      264.6000             5.00%
Exception raised in listener 'MipGapPrinter': 'int' object is not callable, id=26
      0     2      264.6000   292      252.0000      264.6000    58417    5.00%
Elapsed time = 500.73 sec. (36559.05 ticks, tree = 0.02 MB, solutions = 9)
      1     3      264.6000   319      252.0000      264.6000    60310    5.00%
      3     4      264.6000   289      252.0000      264.6000    61028    5.00%
      4     4      264.6000   264      252.0000      264.6000    62951    5.00%
      6     6      264.6000   298      252.0000      264.6000    65238    5.00%
     10     9      264.6000   267      252.0000      264.6000    66650    5.00%
     12    11      264.6000   258      252.0000      264.6000    70088    5.00%
     17    15      264.6000   264      252.0000      264.6000    75582    5.00%
     20     8      264.6000   263      252.0000      264.6000    65926    5.00%
     26     7      264.6000   305      252.0000      264.6000    65564    5.00%
     58    14      264.6000   291      252.0000      264.6000    73489    5.00%
Elapsed time = 582.52 sec. (41031.53 ticks, tree = 0.02 MB, solutions = 9)
    128    83      264.6000   272      252.0000      264.6000   181270    5.00%
    166    26      264.6000   306      252.0000      264.6000    93272    5.00%
    239   181      264.5381   221      252.0000      264.6000   322897    5.00%
    332   228      264.6000   282      252.0000      264.6000   415340    5.00%
    432   279      263.7176   190      252.0000      264.6000   503253    5.00%
    509   304      263.4333   172      252.0000      264.6000   546309    5.00%
    638   427      259.5280   187      252.0000      264.6000   653298    5.00%
    833   564      263.7400   136      252.0000      264.6000   751996    5.00%
   1062   692    infeasible            252.0000      264.6000   837215    5.00%
   1334   930      253.5000    68      252.0000      264.6000   981689    5.00%
Elapsed time = 795.70 sec. (50661.63 ticks, tree = 45.28 MB, solutions = 9)
   1519   998      257.9413   250      252.0000      264.6000   989957    5.00%
   1605  1152        cutoff            252.0000      264.6000  1085420    5.00%
   1719  1206      261.7720   127      252.0000      264.6000  1102389    5.00%
   1865  1387      255.8000   120      252.0000      264.6000  1172350    5.00%
   2029  1443      258.8333   170      252.0000      264.6000  1199589    5.00%
   2196  1448      260.1397   189      252.0000      264.6000  1201697    5.00%
   2381  1603        cutoff            252.0000      264.6000  1259801    5.00%
   2517  1642      258.4778   177      252.0000      264.6000  1281749    5.00%
   2701  1727      253.3910   231      252.0000      264.6000  1319139    5.00%
   2898  1773      263.8000   457      252.0000      264.6000  1348273    5.00%
Elapsed time = 1066.96 sec. (60258.25 ticks, tree = 181.81 MB, solutions = 9)
   3028  2068      256.9000   195      252.0000      264.6000  1440742    5.00%
   3233  1907      261.5333   175      252.0000      264.6000  1402417    5.00%
   3373  2381      260.5053   221      252.0000      264.6000  1541066    5.00%
   3530  2316      260.5172   244      252.0000      264.6000  1526250    5.00%
   3701  2707      253.1667    45      252.0000      264.6000  1637954    5.00%
   3937  2637      259.2510   235      252.0000      264.6000  1619666    5.00%
   4166  2945        cutoff            252.0000      264.6000  1714778    5.00%
   4357  3176      257.4556   244      252.0000      264.6000  1792928    5.00%
   4468  3235      258.6738   246      252.0000      264.6000  1797720    5.00%
   4620  3457        cutoff            252.0000      264.6000  1883849    5.00%
Elapsed time = 1302.10 sec. (69827.53 ticks, tree = 271.52 MB, solutions = 9)
   4777  3646      257.9462   260      252.0000      264.6000  1936003    5.00%
*  4948+ 3836                          253.0000      264.6000             4.58%
   4967  3731      253.4717   143      253.0000      264.6000  1952118    4.58%
   5128  3813      254.0476   200      253.0000      264.6000  1990621    4.58%
Exception raised in listener 'MipGapPrinter': 'int' object is not callable, id=51
   5192  3756      259.8538   259      253.0000      264.6000  2076863    4.58%
   5253  3775      259.1000   209      253.0000      264.6000  2078759    4.58%
   5350  3870      262.3027   320      253.0000      264.6000  2154928    4.58%
   5416  3872      262.7336   305      253.0000      264.6000  2156544    4.58%
   5461  3829      263.0000   352      253.0000      264.6000  2143457    4.58%
   5465  4164      264.6000   284      253.0000      264.6000  2319817    4.58%
   5466  4164      264.6000   317      253.0000      264.6000  2325852    4.58%
Elapsed time = 2532.00 sec. (141096.77 ticks, tree = 366.27 MB, solutions = 11)
   5467  4165      264.5500   327      253.0000      264.6000  2330868    4.58%
   5469  3125      264.5000   343      253.0000      264.6000  2336003    4.58%
   5471  3125      264.5000   329      253.0000      264.6000  2336095    4.58%
   5473  3124      264.5000   383      253.0000      264.6000  2339210    4.58%
   5475  1789      264.5000   375      253.0000      264.6000  2339372    4.58%
   5477   895      264.5000   353      253.0000      264.6000  2340015    4.58%
   5481   235      264.5000   334      253.0000      264.6000  2350334    4.58%
   5484   157      264.5000   290      253.0000      264.6000  2358911    4.58%
   5489    81      264.5000   301      253.0000      264.6000  2366894    4.58%
   5499    38      264.5000   318      253.0000      264.6000  2375606    4.58%
Elapsed time = 2820.38 sec. (159935.46 ticks, tree = 1.84 MB, solutions = 11)
   5513    11      264.5000   350      253.0000      264.6000  2345932    4.58%
   5521    36      264.5000   301      253.0000      264.6000  2406874    4.58%
   5540    38      264.5000   365      253.0000      264.6000  2408810    4.58%
   5564    51      264.4059   280      253.0000      264.6000  2431833    4.58%
   5589    42      264.5000   263      253.0000      264.6000  2410754    4.58%
   5618    72      264.4500   358      253.0000      264.6000  2480852    4.58%
   5661    75      263.5000   284      253.0000      264.6000  2486720    4.58%
   5700   105      264.0634   370      253.0000      264.6000  2526295    4.58%
   5733   124      263.7241   309      253.0000      264.6000  2541700    4.58%
   5772   167      264.3542   304      253.0000      264.6000  2629486    4.58%
Elapsed time = 3035.16 sec. (170029.51 ticks, tree = 1.24 MB, solutions = 11)
   5813   184      262.7604   337      253.0000      264.6000  2650055    4.58%
   5858   182      264.6000   302      253.0000      264.6000  2638559    4.58%
   5908   235      263.9865   356      253.0000      264.6000  2770358    4.58%
   5967   248      263.7556   334      253.0000      264.6000  2795119    4.58%
   6027   308      262.2167   263      253.0000      264.6000  2870597    4.58%
   6075   348      262.7036   300      253.0000      264.6000  2916335    4.58%
   6126   393      262.1667   262      253.0000      264.6000  3003069    4.58%
   6182   406      261.8550   266      253.0000      264.6000  3049728    4.58%
   6238   391      263.3855   390      253.0000      264.6000  3004520    4.58%
   6300   456      257.9250   162      253.0000      264.6000  3183672    4.58%
Elapsed time = 3236.05 sec. (179751.84 ticks, tree = 2.85 MB, solutions = 11)
   6365   496      260.9227   290      253.0000      264.6000  3322196    4.58%
   6428   479      262.1667   233      253.0000      264.6000  3264645    4.58%
   6491   485      263.3500   232      253.0000      264.6000  3292291    4.58%
   6569   562      262.6143   264      253.0000      264.6000  3450873    4.58%
   6640   613      260.5023   314      253.0000      264.6000  3531478    4.58%
   6707   669      255.1542   181      253.0000      264.6000  3616440    4.58%
   6786   632      262.2629   240      253.0000      264.6000  3563703    4.58%
   6859   750      260.3500   186      253.0000      264.6000  3743874    4.58%
   6931   837      262.1722   275      253.0000      264.6000  3889072    4.58%
   7004   801      262.2819   244      253.0000      264.6000  3828695    4.58%
Elapsed time = 3491.45 sec. (189408.85 ticks, tree = 6.10 MB, solutions = 11)
   7097   871      260.2800   191      253.0000      264.6000  3924555    4.58%
   7182   877      264.0667   303      253.0000      264.6000  3938227    4.58%
   7287   937      258.1792   227      253.0000      264.6000  3971168    4.58%
   7412  1033      259.9357   147      253.0000      264.6000  4132772    4.58%
   7525  1128      262.6250   272      253.0000      264.6000  4216155    4.58%
   7628  1073      261.9501   268      253.0000      264.6000  4189158    4.58%
   7703  1300      258.1167   234      253.0000      264.6000  4446937    4.58%
   7755  1142      258.7429   220      253.0000      264.6000  4231018    4.58%
   7834  1333      254.5571   182      253.0000      264.6000  4467411    4.58%
   8054  1576      260.3316   317      253.0000      264.6000  4832934    4.58%
Elapsed time = 3830.04 sec. (201894.13 ticks, tree = 15.45 MB, solutions = 11)
   8297  1689      263.1667   305      253.0000      264.6000  5100578    4.58%
   8552  1772      257.9455   168      253.0000      264.6000  5109334    4.58%
   8742  1926      263.4956   295      253.0000      264.6000  5352719    4.58%
   8928  2145      263.4192   297      253.0000      264.6000  5591978    4.58%
   9171  2255      261.9167   284      253.0000      264.6000  5646036    4.58%
   9678  2583      254.4885   166      253.0000      264.6000  5798997    4.58%
  10166  2548      257.3815   213      253.0000      264.6000  5783333    4.58%
* 10234+ 2479                          254.0000      264.6000             4.17%
Exception raised in listener 'MipGapPrinter': 'int' object is not callable, id=80
  10573  3005      257.7181   199      254.0000      264.6000  5953193    4.17%
  10922  3541      261.9477   273      254.0000      264.6000  6124137    4.17%
  11232  3546      256.9861   169      254.0000      264.6000  6109243    4.17%
Elapsed time = 4795.44 sec. (240146.40 ticks, tree = 42.44 MB, solutions = 13)
  11664  3698      258.5144   207      254.0000      264.6000  6175156    4.17%
  12051  4107      257.7668   166      254.0000      264.6000  6281512    4.17%
  12534  4697      260.9679   317      254.0000      264.6000  6438431    4.17%
  12992  5063      261.7760   270      254.0000      264.6000  6541076    4.17%
  13499  5345      258.2317   238      254.0000      264.6000  6612603    4.17%
  13989  5743      260.3563   227      254.0000      264.6000  6695735    4.17%
  14366  6257      263.5092   345      254.0000      264.6000  6857116    4.17%
  14710  6485      259.5134   290      254.0000      264.6000  6905085    4.17%
  15061  6958      258.2015   324      254.0000      264.6000  7056698    4.17%
  15381  7519      257.5001   274      254.0000      264.6000  7216861    4.17%
Elapsed time = 5525.62 sec. (278383.89 ticks, tree = 100.51 MB, solutions = 13)
  15684  7612      262.6075   314      254.0000      264.6000  7265528    4.17%
  15992  7911      260.5067   238      254.0000      264.6000  7377551    4.17%
  16270  8202      263.8535   398      254.0000      264.6000  7462033    4.17%
  16609  8309      264.1554   408      254.0000      264.6000  7516303    4.17%
  17009  8627      262.2553   378      254.0000      264.6000  7620591    4.17%
  17434  8975      258.5725   325      254.0000      264.6000  7717210    4.17%
  17875  9373      261.9002   309      254.0000      264.6000  7848929    4.17%
  18189  9893      261.2904   336      254.0000      264.6000  7994027    4.17%
  18442 10007      261.8796   414      254.0000      264.6000  8030914    4.17%
  18739 10458      264.4923   435      254.0000      264.6000  8198324    4.17%
Elapsed time = 5918.86 sec. (316600.64 ticks, tree = 141.59 MB, solutions = 13)
  18933 10613      264.4034   435      254.0000      264.6000  8266648    4.17%
  19139 10995      263.7236   409      254.0000      264.6000  8427379    4.17%
  19290 10998      264.4093   426      254.0000      264.6000  8437471    4.17%
  19550 11430      262.7744   322      254.0000      264.6000  8646985    4.17%
  19818 11507      263.0699   356      254.0000      264.6000  8674391    4.17%
* 19857+11492                          255.0000      264.6000             3.76%
Exception raised in listener 'MipGapPrinter': 'int' object is not callable, id=96
  20131 11662      263.5050   326      255.0000      264.6000  8722717    3.76%
* 20173+11434                          256.0000      264.6000             3.36%
  20326 11116      259.2858   285      256.0000      264.6000  8778277    3.36%
  20464 11121      261.9363   364      256.0000      264.6000  8806651    3.36%
  20657 11383      259.8003   359      256.0000      264.6000  8861351    3.36%
  20825 11682      261.4452   262      256.0000      264.6000  8919802    3.36%
Elapsed time = 6165.95 sec. (354968.42 ticks, tree = 345.85 MB, solutions = 15)
  20991 11752      257.7952   183      256.0000      264.6000  8947812    3.36%
  21070 11857      262.6344   363      256.0000      264.6000  8962518    3.36%
  21220 11956      263.6455   499      256.0000      264.6000  9005192    3.36%
  21490 12093      257.9784   267      256.0000      264.6000  9014038    3.36%
  21768 12160      257.4092   225      256.0000      264.6000  9016303    3.36%
  22110 12603      257.1333   165      256.0000      264.6000  9110307    3.36%
  22390 12702      258.9850   326      256.0000      264.6000  9124372    3.36%
  22591 12970      258.7239   284      256.0000      264.6000  9192244    3.36%
  22777 13202      261.6267   317      256.0000      264.6000  9260916    3.36%
  22892 13264      261.0529   408      256.0000      264.6000  9298833    3.36%
Elapsed time = 6422.64 sec. (393265.13 ticks, tree = 576.89 MB, solutions = 15)
Exception raised in listener 'MipGapPrinter': 'int' object is not callable, id=97
  23037 13553      260.3173   306      256.0000      264.6000  9381680    3.36%
  23322 13369      263.6840   435      256.0000      264.6000  9345773    3.36%
  23707 13987      260.2918   409      256.0000      264.6000  9496135    3.36%
  24148 14163      257.5867   197      256.0000      264.6000  9512505    3.36%
  24615 14860      258.2306   207      256.0000      264.6000  9696760    3.36%
  24926 15234    infeasible            256.0000      264.6000  9770858    3.36%
  25299 15105      261.7174   448      256.0000      264.6000  9754994    3.36%
  25576 15608      257.4784   437      256.0000      264.6000  9863540    3.36%
  25823 16178      259.3281   297      256.0000      264.6000 10033845    3.36%
  26068 16581      262.1714   439      256.0000      264.6000 10153685    3.36%
Elapsed time = 6722.12 sec. (431566.85 ticks, tree = 1472.57 MB, solutions = 15)
  26278 16512      264.0854   444      256.0000      264.6000 10134598    3.36%
  26513 16686      264.0724   442      256.0000      264.6000 10192835    3.36%
  26827 17185      263.3282   444      256.0000      264.6000 10370351    3.36%
  27141 17208      262.8536   459      256.0000      264.6000 10386386    3.36%
  27517 17684      259.3469   348      256.0000      264.6000 10515849    3.36%
  27856 17719      258.9819   261      256.0000      264.6000 10518830    3.36%
  28325 18158      259.2247   359      256.0000      264.6000 10682865    3.36%
  28730 18633      257.5728   361      256.0000      264.6000 10845604    3.36%
  29059 18831      258.4777   327      256.0000      264.6000 10889603    3.36%
  29494 19140      261.4158   361      256.0000      264.6000 10998065    3.36%
Elapsed time = 7069.97 sec. (469936.53 ticks, tree = 1817.36 MB, solutions = 15)
  29938 19299      259.5324   304      256.0000      264.6000 11014624    3.36%
  30223 20211      258.9343   355      256.0000      264.6000 11238519    3.36%
  30484 20262      258.4639   341      256.0000      264.6000 11244059    3.36%
  30800 20709      260.0206   364      256.0000      264.6000 11412586    3.36%
  31168 20531      258.2424   177      256.0000      264.6000 11328380    3.36%
  31475 21266      258.1910   320      256.0000      264.6000 11526299    3.36%
  31849 21355      259.2618   393      256.0000      264.6000 11543731    3.36%
  32053 21927      258.7143   374      256.0000      264.6000 11770765    3.36%
  32402 21985      258.2264   312      256.0000      264.6000 11774106    3.36%
  32733 22154      259.1472   361      256.0000      264.6000 11849826    3.36%
Elapsed time = 7577.12 sec. (508255.81 ticks, tree = 1944.52 MB, solutions = 15)
  33115 22597      257.6206   261      256.0000      264.6000 11980385    3.36%
  33324 22350      263.8843   374      256.0000      264.6000 11969313    3.36%
  33536 23408      264.2470   435      256.0000      264.6000 12145342    3.36%
  33776 23439      263.7910   477      256.0000      264.6000 12149042    3.36%
  33951 23574      261.0451   414      256.0000      264.6000 12240948    3.36%
  34133 24101      263.1684   498      256.0000      264.6000 12400224    3.36%
  34378 24353      258.0712   297      256.0000      264.6000 12456617    3.36%
  34620 24363      263.4319   358      256.0000      264.6000 12471580    3.36%
  34955 24781      262.2266   432      256.0000      264.6000 12587686    3.36%
  35351 25162      258.7464   393      256.0000      264.6000 12659565    3.36%
Elapsed time = 8068.49 sec. (546608.23 ticks, tree = 2509.12 MB, solutions = 15)
Nodefile size = 458.59 MB (280.66 MB after compression)
  35712 25226      261.9623   427      256.0000      264.6000 12668412    3.36%
  36063 25216      264.4215   481      256.0000      264.6000 12677068    3.36%
  36408 25790      260.8921   460      256.0000      264.6000 12799446    3.36%
  36651 25801      262.4082   475      256.0000      264.6000 12821497    3.36%
  36931 26252      260.5611   358      256.0000      264.6000 12928822    3.36%
  37182 27074      263.5612   429      256.0000      264.6000 13152015    3.36%
  37473 27200      257.9770   233      256.0000      264.6000 13172339    3.36%
  37744 27627      262.4000   359      256.0000      264.6000 13365055    3.36%
  38064 27430      263.6691   509      256.0000      264.6000 13294417    3.36%
  38386 27784      259.5732   391      256.0000      264.6000 13401915    3.36%
Elapsed time = 8572.96 sec. (584936.59 ticks, tree = 2690.79 MB, solutions = 15)
Nodefile size = 633.71 MB (385.37 MB after compression)
  38638 28067      262.1004   449      256.0000      264.6000 13454016    3.36%
  38869 28547      263.9856   541      256.0000      264.6000 13655875    3.36%
  39165 28855      261.8194   365      256.0000      264.6000 13754640    3.36%
  39392 28895      261.2267   319      256.0000      264.6000 13759971    3.36%
  39519 28930      260.7238   331      256.0000      264.6000 13763273    3.36%
  39689 29522      262.4205   393      256.0000      264.6000 13935724    3.36%
  39856 28660      263.7913   608      256.0000      264.6000 13718298    3.36%
  40101 28606      263.8386   603      256.0000      264.6000 13688571    3.36%
  40340 29828      262.5838   392      256.0000      264.6000 14132349    3.36%
  40597 30100      262.4482   419      256.0000      264.6000 14332407    3.36%
Elapsed time = 9064.56 sec. (623253.35 ticks, tree = 3245.37 MB, solutions = 15)
Nodefile size = 1194.94 MB (732.04 MB after compression)
  40931 30627      262.0934   448      256.0000      264.6000 14491025    3.36%
  41279 30352      263.5464   532      256.0000      264.6000 14435629    3.36%
  41702 30493      258.1495   377      256.0000      264.6000 14455871    3.36%
  42115 30776      259.5940   374      256.0000      264.6000 14500643    3.36%
  42624 31721      260.7479   445      256.0000      264.6000 14742717    3.36%
  43137 31632      258.7197   354      256.0000      264.6000 14706890    3.36%
  43542 31685      258.0139   324      256.0000      264.6000 14709884    3.36%
  43856 32594      262.9905   479      256.0000      264.6000 14898962    3.36%
  44171 32162      262.6634   388      256.0000      264.6000 14848180    3.36%
  44471 32767      263.7429   546      256.0000      264.6000 14933794    3.36%
Elapsed time = 9636.90 sec. (661460.32 ticks, tree = 3641.91 MB, solutions = 15)
Nodefile size = 1578.16 MB (973.41 MB after compression)
  44754 33667      263.3013   447      256.0000      264.6000 15118933    3.36%
  45019 34329      262.7384   420      256.0000      264.6000 15251143    3.36%
  45236 34340      262.3144   361      256.0000      264.6000 15253118    3.36%
  45428 34357      261.8627   420      256.0000      264.6000 15256309    3.36%
  45663 34764      257.8288   324      256.0000      264.6000 15348305    3.36%
  45922 35300      258.3522   343      256.0000      264.6000 15504663    3.36%
  46248 35486      259.0822   330      256.0000      264.6000 15530336    3.36%
  46525 35904      257.8669   372      256.0000      264.6000 15643313    3.36%
  46849 35955      257.0998   352      256.0000      264.6000 15646058    3.36%
  47116 35967      263.5688   375      256.0000      264.6000 15649393    3.36%
Elapsed time = 10205.14 sec. (699855.13 ticks, tree = 4517.02 MB, solutions = 15)
Nodefile size = 2463.55 MB (1550.08 MB after compression)
  47445 36255      261.2517   387      256.0000      264.6000 15751662    3.36%
  47804 36318      260.3745   382      256.0000      264.6000 15755418    3.36%
  48073 36368      258.9709   345      256.0000      264.6000 15758541    3.36%
  48269 36594      263.2124   373      256.0000      264.6000 15845124    3.36%
  48432 37564      263.7000   459      256.0000      264.6000 16055658    3.36%
  48549 37848      261.6877   466      256.0000      264.6000 16134905    3.36%
  48688 37857      262.4600   435      256.0000      264.6000 16152057    3.36%
  48850 38132      260.7117   468      256.0000      264.6000 16234623    3.36%
  49038 38187      261.6773   447      256.0000      264.6000 16258939    3.36%
  49224 38411      262.0788   458      256.0000      264.6000 16331693    3.36%
Elapsed time = 10791.35 sec. (738259.88 ticks, tree = 4905.17 MB, solutions = 15)
Nodefile size = 2849.46 MB (1800.32 MB after compression)
  49500 38443      261.2404   449      256.0000      264.6000 16335664    3.36%
  49847 38493      259.8345   385      256.0000      264.6000 16339391    3.36%
  50135 38672      260.2622   292      256.0000      264.6000 16402065    3.36%
  50407 38701      257.5819   224      256.0000      264.6000 16408488    3.36%
  50524 38700      263.3599   500      256.0000      264.6000 16444449    3.36%
  50663 39175      263.0523   424      256.0000      264.6000 16537447    3.36%
  50829 39402      263.8600   418      256.0000      264.6000 16619249    3.36%
  50990 39911      261.1433   357      256.0000      264.6000 16784963    3.36%
  51202 39820      261.9718   403      256.0000      264.6000 16758803    3.36%
  51434 40238      258.9308   320      256.0000      264.6000 16879492    3.36%
Elapsed time = 11406.77 sec. (776577.16 ticks, tree = 5410.97 MB, solutions = 15)
Nodefile size = 3353.78 MB (2158.95 MB after compression)
  51663 40272      258.7889   371      256.0000      264.6000 16882851    3.36%
  51911 40369      261.0265   367      256.0000      264.6000 16970560    3.36%
  52208 40578      262.2667   387      256.0000      264.6000 17112147    3.36%
  52470 40909      262.6328   445      256.0000      264.6000 17176004    3.36%
  52741 41670      261.3305   366      256.0000      264.6000 17386555    3.36%
  53070 41133      261.0294   426      256.0000      264.6000 17211900    3.36%
  53381 41426      264.0998   432      256.0000      264.6000 17337311    3.36%
  53630 41647      258.9558   359      256.0000      264.6000 17359764    3.36%
  53856 42576      263.3820   484      256.0000      264.6000 17650875    3.36%
  53998 42619      261.2108   364      256.0000      264.6000 17655299    3.36%
Elapsed time = 12006.43 sec. (814892.86 ticks, tree = 5673.84 MB, solutions = 15)
Nodefile size = 3597.77 MB (2316.86 MB after compression)
  54120 43263      262.7000   339      256.0000      264.6000 17742629    3.36%
  54209 43412      263.6904   451      256.0000      264.6000 17798278    3.36%
  54431 43335      261.8186   410      256.0000      264.6000 17751063    3.36%
  54649 43407      259.2115   326      256.0000      264.6000 17791228    3.36%
  54904 43646      260.0924   300      256.0000      264.6000 17867812    3.36%
  55163 44148      261.0947   368      256.0000      264.6000 17971903    3.36%
  55337 44242      259.1221   347      256.0000      264.6000 18008945    3.36%
  55505 44317      260.9461   410      256.0000      264.6000 18049181    3.36%
  55577 44588      261.3593   363      256.0000      264.6000 18120946    3.36%
  55712 44435      261.5287   497      256.0000      264.6000 18086773    3.36%
Elapsed time = 12521.88 sec. (853250.30 ticks, tree = 6034.42 MB, solutions = 15)
Nodefile size = 3953.52 MB (2557.19 MB after compression)
  55950 44466      260.7720   403      256.0000      264.6000 18090759    3.36%
  56171 45198      263.1743   458      256.0000      264.6000 18265087    3.36%
  56436 45462      259.2768   364      256.0000      264.6000 18300593    3.36%
  56627 44956      262.9281   452      256.0000      264.6000 18187792    3.36%
  56803 45625      262.3245   366      256.0000      264.6000 18381269    3.36%
  57039 45779      262.7874   444      256.0000      264.6000 18456328    3.36%
  57278 45724      259.8355   366      256.0000      264.6000 18388672    3.36%
  57554 46247      258.5959   298      256.0000      264.6000 18611436    3.36%
  57860 46034      264.2000   497      256.0000      264.6000 18598263    3.36%
  58117 45924      260.8784   358      256.0000      264.6000 18532554    3.36%
Elapsed time = 13050.11 sec. (891525.03 ticks, tree = 6437.34 MB, solutions = 15)
Nodefile size = 4379.70 MB (2842.24 MB after compression)
  58480 45932      262.9417   340      256.0000      264.6000 18568201    3.36%
  58869 47403      259.6194   328      256.0000      264.6000 18867578    3.36%
  59344 46854        cutoff            256.0000      264.6000 18754759    3.36%
  59580 47488      258.3708   306      256.0000      264.6000 18874331    3.36%
  59750 47825      262.6740   476      256.0000      264.6000 19048333    3.36%
  59888 48401      259.0128   280      256.0000      264.6000 19170185    3.36%
  59972 47891      262.8614   399      256.0000      264.6000 19087576    3.36%
  60099 48694      261.2886   380      256.0000      264.6000 19207162    3.36%
  60218 49017      264.4714   485      256.0000      264.6000 19277554    3.36%
  60273 48112      263.3701   535      256.0000      264.6000 19129637    3.36%
Elapsed time = 13587.30 sec. (929856.44 ticks, tree = 6617.06 MB, solutions = 15)
Nodefile size = 4552.86 MB (2951.72 MB after compression)
  60372 48707      264.1230   399      256.0000      264.6000 19225364    3.36%
  60466 49368      263.3033   387      256.0000      264.6000 19438468    3.36%
  60643 49308      261.5774   389      256.0000      264.6000 19401019    3.36%
  60873 49343      260.8309   305      256.0000      264.6000 19405049    3.36%
  61081 49541      259.4588   435      256.0000      264.6000 19529456    3.36%
  61330 49591      258.7018   391      256.0000      264.6000 19533192    3.36%
  61617 49679      260.6645   407      256.0000      264.6000 19557202    3.36%
  61966 49870      257.8414   185      256.0000      264.6000 19600643    3.36%
  62271 49666      261.5238   465      256.0000      264.6000 19578960    3.36%
  62486 50073      261.1509   386      256.0000      264.6000 19663026    3.36%
Elapsed time = 14076.38 sec. (968221.08 ticks, tree = 6875.07 MB, solutions = 15)
Nodefile size = 4786.55 MB (3101.48 MB after compression)
  62780 50639      258.0272   243      256.0000      264.6000 19787135    3.36%
  63087 50312      260.0938   421      256.0000      264.6000 19710631    3.36%
  63437 51032      257.9704   344      256.0000      264.6000 19848913    3.36%
  63913 51345      257.6402   237      256.0000      264.6000 19903465    3.36%
  64299 51801      255.3529   342      256.0000      264.6000 19987191    3.36%
  64592 52435      262.8002   400      256.0000      264.6000 20074747    3.36%
  64891 51834      260.0691   354      256.0000      264.6000 19989981    3.36%
  65046 51996      260.3678   335      256.0000      264.6000 20019501    3.36%

GUB cover cuts applied:  159
Clique cuts applied:  23
Cover cuts applied:  343
Implied bound cuts applied:  1188
Flow cuts applied:  9
Mixed integer rounding cuts applied:  289
Zero-half cuts applied:  239
Lift and project cuts applied:  11
Gomory fractional cuts applied:  79

Root node processing (before b&c):
  Real time             =  491.49 sec. (36533.56 ticks)
Parallel b&c, 24 threads:
  Real time             = 13934.71 sec. (967263.68 ticks)
  Sync time (average)   = 3085.16 sec.
  Wait time (average)   =    0.42 sec.
                          ------------
Total (root+branch&cut) = 14426.20 sec. (1003797.24 ticks)
status  = time limit exceeded
time    = 14426.6 s.
problem = MILP
gap     = 3.35937%

Objective value: 256.0
[50, 50, 8, 4, 400, 130, 256, 264, 3.36, 14426.6]
number of spatial :  193
Heuristic Solution information :  [50, 50, 8, 4, 400, 122, 193, 0, 193]
