CPXPARAM_Read_DataCheck                          1
CPXPARAM_TimeLimit                               14400
Tried aggregator 2 times.
MIP Presolve eliminated 827 rows and 567063 columns.
MIP Presolve added 12 rows and 0 columns.
MIP Presolve modified 404 coefficients.
Aggregator did 616 substitutions.
Reduced MIP has 490986 rows, 13451 columns, and 993109 nonzeros.
Reduced MIP has 3451 binaries, 0 generals, 0 SOSs, and 0 indicators.
Presolve time = 0.88 sec. (3990.63 ticks)
Found incumbent of value 12.000000 after 1.92 sec. (4762.73 ticks)
Probing fixed 4 vars, tightened 0 bounds.
Probing time = 1.28 sec. (14.12 ticks)
Tried aggregator 1 time.
MIP Presolve eliminated 420322 rows and 6275 columns.
Reduced MIP has 70664 rows, 7176 columns, and 152463 nonzeros.
Reduced MIP has 3444 binaries, 1 generals, 0 SOSs, and 0 indicators.
Presolve time = 196.05 sec. (19567.23 ticks)
Probing time = 1.21 sec. (2.37 ticks)
Clique table members: 1191.
MIP emphasis: balance optimality and feasibility.
MIP search method: dynamic search.
Parallel mode: deterministic, using up to 24 threads.
Root relaxation solution time = 0.25 sec. (203.19 ticks)

        Nodes                                         Cuts/
   Node  Left     Objective  IInf  Best Integer    Best Bound    ItCnt     Gap

*     0+    0                           12.0000      607.0000              --- 
      0     0      597.2000   126       12.0000      597.2000      550     --- 
Exception raised in listener 'MipGapPrinter': 'int' object is not callable, id=1
*     0+    0                          552.0000      597.2000             8.19%
Exception raised in listener 'MipGapPrinter': 'int' object is not callable, id=3
*     0+    0                          577.0000      597.2000             3.50%
Exception raised in listener 'MipGapPrinter': 'int' object is not callable, id=4
      0     0      595.0000    88      577.0000     Cuts: 235      886    3.12%
      0     0      594.0000    56      577.0000     Cuts: 115     1002    2.95%
*     0+    0                          593.0000      594.0000             0.17%
Exception raised in listener 'MipGapPrinter': 'int' object is not callable, id=8
      0     0      594.0000    26      593.0000      Cuts: 48     1055    0.17%
*     0+    0                          594.0000      594.0000             0.00%
      0     0        cutoff            594.0000      594.0000     1055    0.00%
Elapsed time = 202.39 sec. (26122.92 ticks, tree = 0.01 MB, solutions = 5)

GUB cover cuts applied:  4
Clique cuts applied:  44
Cover cuts applied:  101
Implied bound cuts applied:  1
Flow cuts applied:  7
Mixed integer rounding cuts applied:  14
Zero-half cuts applied:  72
Lift and project cuts applied:  9
Gomory fractional cuts applied:  45

Root node processing (before b&c):
  Real time             =  202.44 sec. (26154.88 ticks)
Parallel b&c, 24 threads:
  Real time             =    0.00 sec. (0.00 ticks)
  Sync time (average)   =    0.00 sec.
  Wait time (average)   =    0.00 sec.
                          ------------
Total (root+branch&cut) =  202.44 sec. (26154.88 ticks)
status  = integer optimal solution
time    = 202.447 s.
problem = MILP
gap     = 0%

Objective value: 594.0
[50, 200, 8, 4, 400, 294, 594, 594, 0.0, 202.45]
number of spatial :  553
Heuristic Solution information :  [50, 200, 8, 4, 400, 283, 553, 0, 553]
