CPXPARAM_Read_DataCheck                          1
CPXPARAM_TimeLimit                               14400
Tried aggregator 2 times.
MIP Presolve eliminated 80040 rows and 261195 columns.
MIP Presolve modified 3290 coefficients.
Aggregator did 600 substitutions.
Reduced MIP has 462959 rows, 174329 columns, and 1695858 nonzeros.
Reduced MIP has 166829 binaries, 0 generals, 0 SOSs, and 0 indicators.
Presolve time = 1.91 sec. (4127.88 ticks)
Probing time = 1.44 sec. (42.83 ticks)
Tried aggregator 1 time.
MIP Presolve eliminated 220500 rows and 4500 columns.
Reduced MIP has 242459 rows, 169829 columns, and 1254858 nonzeros.
Reduced MIP has 166829 binaries, 0 generals, 0 SOSs, and 0 indicators.
Presolve time = 1.63 sec. (1391.01 ticks)
Probing time = 1.10 sec. (41.44 ticks)
Clique table members: 89475.
MIP emphasis: balance optimality and feasibility.
MIP search method: dynamic search.
Parallel mode: deterministic, using up to 24 threads.
Root relaxation solution time = 9.81 sec. (3961.09 ticks)

        Nodes                                         Cuts/
   Node  Left     Objective  IInf  Best Integer    Best Bound    ItCnt     Gap

*     0+    0                          355.0000      612.0000            72.39%
      0     0      612.0000  1182      355.0000      612.0000    32354   72.39%
Exception raised in listener 'MipGapPrinter': 'int' object is not callable, id=1
*     0+    0                          423.0000      612.0000            44.68%
Exception raised in listener 'MipGapPrinter': 'int' object is not callable, id=3
      0     0      612.0000   883      423.0000      Cuts: 86    47706   44.68%
      0     0      612.0000  1250      423.0000     Cuts: 673    71373   44.68%
      0     0      612.0000   795      423.0000      Cuts: 89    82735   44.68%
*     0+    0                          557.0000      612.0000             9.87%
*     0+    0                          580.0000      612.0000             5.52%
Exception raised in listener 'MipGapPrinter': 'int' object is not callable, id=9
      0     0      612.0000  1177      580.0000     Cuts: 553   106294    5.52%
Heuristic still looking.
Heuristic still looking.
*     0+    0                          602.0000      612.0000             1.66%
*     0+    0                          612.0000      612.0000             0.00%
      0     0        cutoff            612.0000      612.0000   106294    0.00%
Elapsed time = 1149.61 sec. (178978.11 ticks, tree = 0.01 MB, solutions = 6)

Clique cuts applied:  2
Cover cuts applied:  44
Implied bound cuts applied:  611
Flow cuts applied:  14
Mixed integer rounding cuts applied:  193
Zero-half cuts applied:  72
Lift and project cuts applied:  1
Gomory fractional cuts applied:  2

Root node processing (before b&c):
  Real time             = 1149.73 sec. (179010.79 ticks)
Parallel b&c, 24 threads:
  Real time             =    0.00 sec. (0.00 ticks)
  Sync time (average)   =    0.00 sec.
  Wait time (average)   =    0.00 sec.
                          ------------
Total (root+branch&cut) = 1149.73 sec. (179010.79 ticks)
status  = integer optimal solution
time    = 1150.01 s.
problem = MILP
gap     = 0%

Objective value: 612.0
[50, 150, 8, 4, 400, 300, 612, 612, 0.0, 1150.01]
number of spatial :  563
Heuristic Solution information :  [50, 150, 8, 4, 400, 285, 563, 0, 563]
