CPXPARAM_Read_DataCheck                          1
CPXPARAM_TimeLimit                               14400
Tried aggregator 2 times.
MIP Presolve eliminated 106649 rows and 348231 columns.
MIP Presolve modified 4320 coefficients.
Aggregator did 600 substitutions.
Reduced MIP has 617017 rows, 232293 columns, and 2261050 nonzeros.
Reduced MIP has 222293 binaries, 0 generals, 0 SOSs, and 0 indicators.
Presolve time = 2.82 sec. (5512.04 ticks)
Probing time = 1.87 sec. (59.46 ticks)
Tried aggregator 1 time.
MIP Presolve eliminated 293968 rows and 5991 columns.
Reduced MIP has 323049 rows, 226302 columns, and 1673114 nonzeros.
Reduced MIP has 222293 binaries, 0 generals, 0 SOSs, and 0 indicators.
Presolve time = 3.91 sec. (2160.66 ticks)
Probing time = 1.74 sec. (58.03 ticks)
Clique table members: 119174.
MIP emphasis: balance optimality and feasibility.
MIP search method: dynamic search.
Parallel mode: deterministic, using up to 24 threads.
Root relaxation solution time = 5.41 sec. (2202.15 ticks)

        Nodes                                         Cuts/
   Node  Left     Objective  IInf  Best Integer    Best Bound    ItCnt     Gap

*     0+    0                          439.0000      612.0000            39.41%
      0     0      612.0000  1321      439.0000      612.0000    16468   39.41%
Exception raised in listener 'MipGapPrinter': 'int' object is not callable, id=1
*     0+    0                          533.0000      612.0000            14.82%
Exception raised in listener 'MipGapPrinter': 'int' object is not callable, id=3
      0     0      612.0000   796      533.0000     Cuts: 158    19923   14.82%
      0     0      612.0000  1091      533.0000     Cuts: 688    35386   14.82%
      0     0      612.0000   498      533.0000      Cuts: 70    37592   14.82%
*     0+    0                          565.0000      612.0000             8.32%
*     0+    0                          591.0000      612.0000             3.55%
Exception raised in listener 'MipGapPrinter': 'int' object is not callable, id=9
      0     0      612.0000   791      591.0000     Cuts: 411    43393    3.55%
*     0+    0                          610.0000      612.0000             0.33%
Exception raised in listener 'MipGapPrinter': 'int' object is not callable, id=12
      0     2      612.0000   217      610.0000      612.0000    43393    0.33%
Elapsed time = 259.68 sec. (80354.88 ticks, tree = 0.02 MB, solutions = 5)
      3     5      612.0000   186      610.0000      612.0000    43482    0.33%
      4     6      612.0000   308      610.0000      612.0000    45368    0.33%
      6     8      612.0000   321      610.0000      612.0000    45669    0.33%
     11     4      612.0000   231      610.0000      612.0000    43452    0.33%
     12    10      612.0000   388      610.0000      612.0000    47792    0.33%
     14    13      612.0000   431      610.0000      612.0000    47808    0.33%
     19    14      612.0000   351      610.0000      612.0000    47541    0.33%
     23    11      612.0000   358      610.0000      612.0000    47196    0.33%
     27    20      612.0000   459      610.0000      612.0000    57867    0.33%
     42    19      612.0000   378      610.0000      612.0000    55669    0.33%
Elapsed time = 305.48 sec. (85158.32 ticks, tree = 0.11 MB, solutions = 5)
     53    43      612.0000   467      610.0000      612.0000    85648    0.33%
     69    49      612.0000   454      610.0000      612.0000    95446    0.33%
     83    53      612.0000   462      610.0000      612.0000   105167    0.33%
     92    76      612.0000   524      610.0000      612.0000   179529    0.33%
    114    99      612.0000   496      610.0000      612.0000   234637    0.33%
    159   104      612.0000   504      610.0000      612.0000   239666    0.33%
    204   107      612.0000   555      610.0000      612.0000   274573    0.33%
    252   197      612.0000   439      610.0000      612.0000   328378    0.33%
    308   216      612.0000   517      610.0000      612.0000   356459    0.33%
    377   283      612.0000   405      610.0000      612.0000   392109    0.33%
Elapsed time = 453.47 sec. (94943.29 ticks, tree = 230.24 MB, solutions = 5)
    447   301      612.0000   377      610.0000      612.0000   394168    0.33%
    503   371      612.0000   325      610.0000      612.0000   412194    0.33%
    590   414      612.0000   325      610.0000      612.0000   415823    0.33%
    669   478      612.0000   362      610.0000      612.0000   437047    0.33%
    762   508      612.0000   332      610.0000      612.0000   441132    0.33%
    848   612      612.0000   276      610.0000      612.0000   452897    0.33%
    951   588      612.0000   443      610.0000      612.0000   454175    0.33%
*   969+  602                          612.0000      612.0000             0.00%
   1009   767      612.0000   437      612.0000      612.0000   479361    0.00%
   1041   749      612.0000   307      612.0000      612.0000   474169    0.00%
Exception raised in listener 'MipGapPrinter': 'int' object is not callable, id=28
   1047   771      612.0000   356      612.0000      612.0000   483008    0.00%
Elapsed time = 558.54 sec. (104905.02 ticks, tree = 678.11 MB, solutions = 7)

Clique cuts applied:  19
Cover cuts applied:  34
Implied bound cuts applied:  2533
Flow cuts applied:  10
Mixed integer rounding cuts applied:  168
Zero-half cuts applied:  62
Lift and project cuts applied:  5
Gomory fractional cuts applied:  11

Root node processing (before b&c):
  Real time             =  254.93 sec. (79972.34 ticks)
Parallel b&c, 24 threads:
  Real time             =  304.27 sec. (25010.14 ticks)
  Sync time (average)   =   96.31 sec.
  Wait time (average)   =    0.00 sec.
                          ------------
Total (root+branch&cut) =  559.20 sec. (104982.47 ticks)
status  = integer optimal solution
time    = 560.272 s.
problem = MILP
gap     = 0%

Objective value: 612.0
[50, 200, 8, 4, 400, 300, 612, 612, 0.0, 560.27]
number of spatial :  583
Heuristic Solution information :  [50, 200, 8, 4, 400, 293, 583, 0, 583]
