CPXPARAM_Read_DataCheck                          1
CPXPARAM_TimeLimit                               14400
Tried aggregator 2 times.
MIP Presolve eliminated 25338 rows and 226466 columns.
MIP Presolve modified 2796 coefficients.
Aggregator did 2427 substitutions.
Reduced MIP has 280873 rows, 65447 columns, and 975742 nonzeros.
Reduced MIP has 60447 binaries, 0 generals, 0 SOSs, and 0 indicators.
Presolve time = 3.06 sec. (7787.23 ticks)
Probing time = 3.40 sec. (20.40 ticks)
Tried aggregator 1 time.
MIP Presolve eliminated 196000 rows and 4000 columns.
Reduced MIP has 84873 rows, 61447 columns, and 583742 nonzeros.
Reduced MIP has 60447 binaries, 0 generals, 0 SOSs, and 0 indicators.
Presolve time = 1.09 sec. (1001.36 ticks)
Probing time = 1.62 sec. (17.02 ticks)
Clique table members: 31946.
MIP emphasis: balance optimality and feasibility.
MIP search method: dynamic search.
Parallel mode: deterministic, using up to 24 threads.
Root relaxation solution time = 21.37 sec. (4073.09 ticks)

        Nodes                                         Cuts/
   Node  Left     Objective  IInf  Best Integer    Best Bound    ItCnt     Gap

*     0+    0                          803.0000     2448.0000           204.86%
      0     0     1863.2500  1461      803.0000     1863.2500    56657  132.04%
Exception raised in listener 'MipGapPrinter': 'int' object is not callable, id=1
*     0+    0                         1125.0000     1863.2500            65.62%
Exception raised in listener 'MipGapPrinter': 'int' object is not callable, id=3
      0     0     1743.1111  1212     1125.0000    Cuts: 1420    74977   54.94%
      0     0     1675.0917  1243     1125.0000     Cuts: 968    92126   48.90%
      0     0     1657.2025  1224     1125.0000     Cuts: 789   105281   47.31%
*     0+    0                         1287.0000     1657.2025            28.76%
*     0+    0                         1318.0000     1657.2025            25.74%
*     0+    0                         1369.0000     1657.2025            21.05%
*     0+    0                         1376.0000     1657.2025            20.44%
Exception raised in listener 'MipGapPrinter': 'int' object is not callable, id=9
      0     0     1640.6159   879     1376.0000     Cuts: 825   116840   19.23%
      0     0     1633.8142  1012     1376.0000     Cuts: 630   130419   18.74%
      0     0     1632.1250   990     1376.0000     Cuts: 549   144105   18.61%
*     0+    0                         1492.0000     1632.1250             9.39%
*     0+    0                         1507.0000     1632.1250             8.30%
Exception raised in listener 'MipGapPrinter': 'int' object is not callable, id=16
      0     0     1631.0719   960     1507.0000     Cuts: 457   159679    8.23%
      0     0     1630.2187   946     1507.0000     Cuts: 512   173033    8.18%
      0     0     1628.9611  1172     1507.0000     Cuts: 461   188622    8.09%
      0     0     1628.1747  1073     1507.0000     Cuts: 481   204493    8.04%
      0     0     1626.6944  1069     1507.0000     Cuts: 478   219112    7.94%
      0     0     1624.6822  1044     1507.0000     Cuts: 460   238625    7.81%
      0     0     1622.0434  1056     1507.0000     Cuts: 443   258043    7.63%
      0     0     1620.9874  1078     1507.0000     Cuts: 499   275097    7.56%
      0     0     1620.3142  1115     1507.0000     Cuts: 414   290641    7.52%
      0     0     1619.4977  1086     1507.0000     Cuts: 393   307861    7.47%
      0     0     1618.6944  1007     1507.0000     Cuts: 438   324245    7.41%
      0     0     1617.6982   978     1507.0000     Cuts: 360   339921    7.35%
*     0+    0                         1516.0000     1617.6982             6.71%
*     0+    0                         1525.0000     1617.6982             6.08%
*     0+    0                         1528.0000     1617.6982             5.87%
Exception raised in listener 'MipGapPrinter': 'int' object is not callable, id=41
      0     0     1616.0501   997     1528.0000     Cuts: 421   355923    5.76%
      0     0     1614.7500  1033     1528.0000     Cuts: 457   375285    5.68%
      0     0     1613.5265   954     1528.0000     Cuts: 419   392851    5.60%
*     0+    0                         1546.0000     1613.5265             4.37%
Exception raised in listener 'MipGapPrinter': 'int' object is not callable, id=48
      0     0     1612.4396  1069     1546.0000     Cuts: 383   409892    4.30%
      0     0     1611.2874  1029     1546.0000     Cuts: 394   428130    4.22%
      0     0     1610.1959   992     1546.0000     Cuts: 339   445023    4.15%
*     0+    0                         1561.0000     1610.1959             3.15%
*     0+    0                         1569.0000     1610.1959             2.63%
*     0+    0                         1572.0000     1610.1959             2.43%
Exception raised in listener 'MipGapPrinter': 'int' object is not callable, id=55
      0     0     1609.3024  1028     1572.0000     Cuts: 410   465854    2.37%
*     0+    0                         1577.0000     1609.3024             2.05%
Exception raised in listener 'MipGapPrinter': 'int' object is not callable, id=58
      0     0     1608.5417   942     1577.0000     Cuts: 350   482050    2.00%
      0     0     1608.0956   957     1577.0000     Cuts: 433   497799    1.97%
*     0+    0                         1579.0000     1608.0956             1.84%
Exception raised in listener 'MipGapPrinter': 'int' object is not callable, id=62
      0     0     1607.3611   960     1579.0000     Cuts: 376   517455    1.80%
      0     0     1606.4796  1000     1579.0000     Cuts: 392   534877    1.74%
      0     0     1606.1325  1167     1579.0000     Cuts: 385   553308    1.72%
      0     0     1606.0641   823     1579.0000     Cuts: 150   563367    1.71%
      0     0     1605.9191   809     1579.0000     Cuts: 409   579156    1.70%
      0     2     1605.9191   437     1579.0000     1605.9191   579156    1.70%
Elapsed time = 10566.65 sec. (721075.85 ticks, tree = 0.02 MB, solutions = 17)
      1     3     1605.9191   473     1579.0000     1605.9191   582025    1.70%
      2     4     1605.9191   390     1579.0000     1605.9191   584891    1.70%
      3     5     1605.9191   456     1579.0000     1605.9191   587358    1.70%
      4     6     1605.9191   423     1579.0000     1605.9191   590316    1.70%
      5     7     1605.9191   428     1579.0000     1605.9191   592240    1.70%
      6     8     1605.9191   439     1579.0000     1605.9191   593976    1.70%
      7     9     1605.9191   418     1579.0000     1605.9191   598509    1.70%
      8    10     1605.9191   413     1579.0000     1605.9191   600252    1.70%
      9    11     1605.9191   398     1579.0000     1605.9191   605799    1.70%
     13    14     1605.9191   396     1579.0000     1605.9191   613734    1.70%
Elapsed time = 10633.96 sec. (729180.83 ticks, tree = 0.04 MB, solutions = 17)
     22    18     1605.9191   419     1579.0000     1605.9191   625482    1.70%
     41    35     1605.9191   417     1579.0000     1605.9191   680673    1.70%
     66    39     1605.9191   351     1579.0000     1605.9191   693700    1.70%
     91    12     1605.9191   408     1579.0000     1605.9191   608566    1.70%
    124    77     1605.9191   395     1579.0000     1605.9191   813163    1.70%
    160   112     1605.9191   363     1579.0000     1605.9191   909419    1.70%
    192   154     1605.9191   397     1579.0000     1605.9191  1022557    1.70%
    230   181     1605.9191   413     1579.0000     1605.9191  1126696    1.70%
    267   206     1605.9191   367     1579.0000     1605.9191  1213617    1.70%
    309   262     1605.9191   406     1579.0000     1605.9191  1378998    1.70%
Elapsed time = 10789.29 sec. (738995.47 ticks, tree = 3.28 MB, solutions = 17)
    342   257     1605.9191   387     1579.0000     1605.9191  1375165    1.70%
    372   313    infeasible           1579.0000     1605.9191  1562478    1.70%
    412   295     1605.9191   384     1579.0000     1605.9191  1503693    1.70%
    457   335     1605.9191   330     1579.0000     1605.9191  1628807    1.70%
    507   377    infeasible           1579.0000     1605.9191  1755041    1.70%
    570   456     1605.9191   327     1579.0000     1605.9191  1997841    1.70%
    635   431     1605.9191   355     1579.0000     1605.9191  1912679    1.70%
    696   478     1605.7917   330     1579.0000     1605.9191  2031985    1.70%
    753   616     1605.9191   361     1579.0000     1605.9191  2305871    1.70%
    800   600     1605.9044   381     1579.0000     1605.9191  2290457    1.70%
Elapsed time = 10918.52 sec. (748701.89 ticks, tree = 7.78 MB, solutions = 17)
    850   667     1605.9191   386     1579.0000     1605.9191  2503190    1.70%
    907   669     1605.9191   372     1579.0000     1605.9191  2509519    1.70%
    961   755     1605.7917   324     1579.0000     1605.9191  2766880    1.70%
   1014   749     1605.8194   397     1579.0000     1605.9191  2739172    1.70%
   1055   854     1605.9191   367     1579.0000     1605.9191  3062016    1.70%
   1091   864     1605.9191   340     1579.0000     1605.9191  3086498    1.70%
   1135   924    infeasible           1579.0000     1605.9191  3253450    1.70%
   1177   950    infeasible           1579.0000     1605.9191  3344712    1.70%
   1222  1011     1605.9191   352     1579.0000     1605.9191  3591282    1.70%
   1266   963     1605.9191   294     1579.0000     1605.9191  3381677    1.70%
Elapsed time = 11068.74 sec. (758623.55 ticks, tree = 14.76 MB, solutions = 17)
   1311  1058     1605.9191   326     1579.0000     1605.9191  3729787    1.70%
   1360  1093     1605.9191   391     1579.0000     1605.9191  3832692    1.70%
   1413  1125     1605.9191   340     1579.0000     1605.9191  3887844    1.70%
   1466  1162     1605.5000   287     1579.0000     1605.9191  3961806    1.70%
   1520  1151     1605.5833   374     1579.0000     1605.9191  3941515    1.70%
   1571  1217    infeasible           1579.0000     1605.9191  4113114    1.70%
   1624  1332     1605.0539   298     1579.0000     1605.9191  4557561    1.70%
   1689  1329    infeasible           1579.0000     1605.9191  4530883    1.70%
   1743  1359     1605.9191   358     1579.0000     1605.9191  4618393    1.70%
   1799  1417     1603.8889   291     1579.0000     1605.9191  4844868    1.70%
Elapsed time = 11208.56 sec. (768311.87 ticks, tree = 26.13 MB, solutions = 17)
   1868  1374     1605.9191   370     1579.0000     1605.9191  4662387    1.70%
   1927  1502     1605.7917   362     1579.0000     1605.9191  5163466    1.70%
   1999  1505     1605.6806   363     1579.0000     1605.9191  5171666    1.70%
   2077  1624     1605.4838   306     1579.0000     1605.9191  5585239    1.70%
   2149  1659     1605.9191   343     1579.0000     1605.9191  5711928    1.70%
   2204  1707     1605.5538   310     1579.0000     1605.9191  5859704    1.70%
   2266  1732     1605.9191   344     1579.0000     1605.9191  5879669    1.70%
   2328  1808     1603.1774   290     1579.0000     1605.9191  6100792    1.70%
   2384  1681     1605.6176   301     1579.0000     1605.9191  5786300    1.70%
   2443  1879     1605.9191   318     1579.0000     1605.9191  6278449    1.70%
Elapsed time = 11336.42 sec. (777967.98 ticks, tree = 37.73 MB, solutions = 17)
   2504  1859     1605.5192   288     1579.0000     1605.9191  6216955    1.70%
   2565  2010     1604.0833   301     1579.0000     1605.9191  6662721    1.70%
   2632  2022     1603.8889   267     1579.0000     1605.9191  6705059    1.70%
   2686  1885     1605.7917   359     1579.0000     1605.9191  6308735    1.70%
   2743  2093     1604.8155   242     1579.0000     1605.9191  6952119    1.70%
   2809  2068     1603.7639   251     1579.0000     1605.9191  6876857    1.70%
   2876  2118     1605.5762   355     1579.0000     1605.9191  7083379    1.70%
   2937  2154     1604.8467   276     1579.0000     1605.9191  7236044    1.70%
   2996  2210    infeasible           1579.0000     1605.9191  7474281    1.70%
   3062  2299     1602.8591   330     1579.0000     1605.9191  7800873    1.70%
Elapsed time = 11487.39 sec. (787672.51 ticks, tree = 49.01 MB, solutions = 17)
   3123  2191     1605.9191   348     1579.0000     1605.9191  7390120    1.70%
   3178  2332     1605.3246   329     1579.0000     1605.9191  7934845    1.70%
   3233  2263     1605.4432   307     1579.0000     1605.9191  7709312    1.70%
   3290  2361     1605.5833   328     1579.0000     1605.9191  8073055    1.70%
   3342  2327    infeasible           1579.0000     1605.9191  7918390    1.70%
   3408  2530     1603.5694   236     1579.0000     1605.9191  8649779    1.70%
   3471  2403     1605.1145   317     1579.0000     1605.9191  8199884    1.70%
   3542  2561     1605.6806   364     1579.0000     1605.9191  8772765    1.70%
   3618  2632     1601.8157   278     1579.0000     1605.9191  8998519    1.70%
   3695  2568     1605.6806   325     1579.0000     1605.9191  8781918    1.70%
Elapsed time = 11600.02 sec. (797352.94 ticks, tree = 60.49 MB, solutions = 17)
   3764  2637     1601.8157   285     1579.0000     1605.9191  9008288    1.70%
   3839  2586     1605.5000   309     1579.0000     1605.9191  8837454    1.70%
   3903  2661     1604.3270   328     1579.0000     1605.9191  9095061    1.70%
   3964  2891     1599.6404   314     1579.0000     1605.9191  9469387    1.70%
   4019  2784     1603.0351   253     1579.0000     1605.9191  9282370    1.70%
   4081  2815     1602.4689   295     1579.0000     1605.9191  9292414    1.70%
   4135  3027     1601.8513   318     1579.0000     1605.9191  9694838    1.70%
   4184  2905     1599.1085   282     1579.0000     1605.9191  9477886    1.70%
   4227  2970     1603.0417   276     1579.0000     1605.9191  9646937    1.70%
   4262  3086     1602.5852   276     1579.0000     1605.9191  9742648    1.70%
Elapsed time = 11711.45 sec. (807012.10 ticks, tree = 195.68 MB, solutions = 17)
   4297  3243     1602.4694   282     1579.0000     1605.9191 10023293    1.70%
   4345  3267     1605.0379   291     1579.0000     1605.9191 10058404    1.70%
   4380  3101     1605.9191   427     1579.0000     1605.9191  9794256    1.70%
   4422  3171     1602.7126   283     1579.0000     1605.9191  9890798    1.70%
   4458  3157     1598.4722   266     1579.0000     1605.9191  9852382    1.70%
   4502  3293     1601.7778   283     1579.0000     1605.9191 10106411    1.70%
   4532  3407     1604.1389   278     1579.0000     1605.9191 10381750    1.70%
   4567  3386     1604.7206   397     1579.0000     1605.9191 10311906    1.70%
   4606  3509     1600.2183   271     1579.0000     1605.9191 10678763    1.70%
   4791  3588     1603.3083   270     1579.0000     1605.9191 10867875    1.70%
Elapsed time = 11877.27 sec. (819622.38 ticks, tree = 313.66 MB, solutions = 17)
   5016  3572     1604.4640   305     1579.0000     1605.9191 10812311    1.70%
   5257  3759     1600.8278   293     1579.0000     1605.9191 11225390    1.70%
   5437  4090     1590.5840   199     1579.0000     1605.9191 11418703    1.70%
   5607  4148     1597.4989   284     1579.0000     1605.9191 11460816    1.70%
   5640  4483     1602.7143   356     1579.0000     1602.7143 11998367    1.50%
   5641  4484     1602.7143   679     1579.0000     1602.7143 12012109    1.50%
   5642  4485     1602.7143   769     1579.0000     1602.7143 12022604    1.50%
   5643  4486     1602.7143   604     1579.0000     1602.7143 12031210    1.50%
   5644  4487     1602.7143   714     1579.0000     1602.7143 12041722    1.50%
   5645  4488     1602.7143   718     1579.0000     1602.7143 12041834    1.50%
Elapsed time = 13763.63 sec. (1351348.46 ticks, tree = 831.91 MB, solutions = 17)
   5646  4489     1602.7143   657     1579.0000     1602.7143 12045157    1.50%
   5648  1683     1602.7143   536     1579.0000     1602.7143 12008728    1.50%
   5650  1689     1602.7143   515     1579.0000     1602.7143 12057231    1.50%
   5651  1689     1602.7143   644     1579.0000     1602.7143 12068035    1.50%
   5653  1691     1602.7143   545     1579.0000     1602.7143 12072180    1.50%
   5656  1452     1602.7143   536     1579.0000     1602.7143 12076935    1.50%
   5658  1453     1602.7143   706     1579.0000     1602.7143 12082485    1.50%
   5663   378     1602.7143   510     1579.0000     1602.7143 12090491    1.50%
   5669   379     1602.7143   451     1579.0000     1602.7143 12129929    1.50%
   5673    36     1602.7143   673     1579.0000     1602.7143 12056967    1.50%
Elapsed time = 14308.25 sec. (1404846.59 ticks, tree = 5.02 MB, solutions = 17)
   5677    32     1602.7143   540     1579.0000     1602.7143 12139814    1.50%
   5687    33     1602.7143   583     1579.0000     1602.7143 12153278    1.50%
   5696    36     1602.7143   545     1579.0000     1602.7143 12160652    1.50%
   5698     8     1602.7143   677     1579.0000     1602.7143 12046665    1.50%

GUB cover cuts applied:  1016
Clique cuts applied:  38
Cover cuts applied:  217
Implied bound cuts applied:  3452
Flow cuts applied:  20
Mixed integer rounding cuts applied:  729
Zero-half cuts applied:  690
Lift and project cuts applied:  8
Gomory fractional cuts applied:  300

Root node processing (before b&c):
  Real time             = 10561.71 sec. (720947.33 ticks)
Parallel b&c, 24 threads:
  Real time             = 3839.00 sec. (708399.23 ticks)
  Sync time (average)   =  874.27 sec.
  Wait time (average)   =    0.29 sec.
                          ------------
Total (root+branch&cut) = 14400.71 sec. (1429346.56 ticks)
status  = time limit exceeded
time    = 14400.9 s.
problem = MILP
gap     = 1.50185%

Objective value: 1579.0
[50, 100, 8, 4, 400, 233, 1579, 1602, 1.5, 14400.93]
number of spatial :  1269
Heuristic Solution information :  [50, 100, 8, 4, 400, 220, 1296, 27, 1269]
