CPXPARAM_Read_DataCheck                          1
CPXPARAM_TimeLimit                               14400
Tried aggregator 2 times.
MIP Presolve eliminated 12958 rows and 113171 columns.
MIP Presolve modified 2256 coefficients.
Aggregator did 2427 substitutions.
Reduced MIP has 141574 rows, 33742 columns, and 490308 nonzeros.
Reduced MIP has 31242 binaries, 0 generals, 0 SOSs, and 0 indicators.
Presolve time = 0.77 sec. (3955.60 ticks)
Probing time = 2.09 sec. (9.60 ticks)
Tried aggregator 1 time.
MIP Presolve eliminated 98000 rows and 2000 columns.
Reduced MIP has 43574 rows, 31742 columns, and 294308 nonzeros.
Reduced MIP has 31242 binaries, 0 generals, 0 SOSs, and 0 indicators.
Presolve time = 0.26 sec. (510.76 ticks)
Probing time = 2.30 sec. (7.78 ticks)
Clique table members: 16025.
MIP emphasis: balance optimality and feasibility.
MIP search method: dynamic search.
Parallel mode: deterministic, using up to 24 threads.
Root relaxation solution time = 3.84 sec. (1507.44 ticks)

        Nodes                                         Cuts/
   Node  Left     Objective  IInf  Best Integer    Best Bound    ItCnt     Gap

*     0+    0                          528.0000     2448.0000           363.64%
      0     0     1179.2500  1389      528.0000     1179.2500    30666  123.34%
Exception raised in listener 'MipGapPrinter': 'int' object is not callable, id=1
*     0+    0                          694.0000     1179.2500            69.92%
Exception raised in listener 'MipGapPrinter': 'int' object is not callable, id=3
      0     0     1132.3179  1631      694.0000    Cuts: 1540    36592   63.16%
      0     0     1030.0616  1330      694.0000    Cuts: 1363    45537   48.42%
      0     0      976.6859  1214      694.0000     Cuts: 976    53829   40.73%
*     0+    0                          740.0000      976.6859            31.98%
*     0+    0                          753.0000      976.6859            29.71%
*     0+    0                          768.0000      976.6859            27.17%
Exception raised in listener 'MipGapPrinter': 'int' object is not callable, id=9
      0     0      924.0414  1204      768.0000     Cuts: 845    62886   20.32%
      0     0      892.1767  1103      768.0000     Cuts: 788    70365   16.17%
      0     0      874.7464   903      768.0000     Cuts: 626    77624   13.90%
*     0+    0                          780.0000      874.7464            12.15%
*     0+    0                          782.0000      874.7464            11.86%
*     0+    0                          783.0000      874.7464            11.72%
*     0+    0                          785.0000      874.7464            11.43%
Exception raised in listener 'MipGapPrinter': 'int' object is not callable, id=16
      0     0      867.2186   862      785.0000     Cuts: 401    82626   10.47%
      0     0      865.0000   933      785.0000     Cuts: 247    87562   10.19%
      0     0      864.6429   959      785.0000     Cuts: 225    93227   10.15%
*     0+    0                          800.0000      864.6429             8.08%
*     0+    0                          810.0000      864.6429             6.75%
*     0+    0                          814.0000      864.6429             6.22%
*     0+    0                          817.0000      864.6429             5.83%
*     0+    0                          819.0000      864.6429             5.57%
*     0+    0                          822.0000      864.6429             5.19%
Exception raised in listener 'MipGapPrinter': 'int' object is not callable, id=23
      0     0      864.6429  1047      822.0000     Cuts: 207    99241    5.19%
      0     0      864.4286   875      822.0000     Cuts: 215   104654    5.16%
      0     0      864.4286  1043      822.0000     Cuts: 202   112501    5.16%
Heuristic still looking.
      0     2      864.4286  1043      822.0000      864.4286   112501    5.16%
Elapsed time = 671.60 sec. (109037.96 ticks, tree = 0.02 MB, solutions = 15)
      1     3      864.4286   831      822.0000      864.4286   118009    5.16%
      2     4      864.4286   827      822.0000      864.4286   124426    5.16%
      3     3      864.4286   695      822.0000      864.4286   119788    5.16%
      4     5      864.4286   669      822.0000      864.4286   125332    5.16%
      5     7      864.4286   544      822.0000      864.4286   134804    5.16%
      6     8      864.4286   551      822.0000      864.4286   136627    5.16%
      8     9      864.4286   655      822.0000      864.4286   138318    5.16%
     10    10      864.4286   789      822.0000      864.4286   147678    5.16%
     12     7      864.4286   533      822.0000      864.4286   135837    5.16%
     17    10      864.4286   798      822.0000      864.4286   146151    5.16%
Elapsed time = 743.05 sec. (119465.01 ticks, tree = 0.02 MB, solutions = 15)
     37    32      864.4286   350      822.0000      864.4286   184633    5.16%
*    77+   23                          824.0000      864.4286             4.91%
     77    39      864.4286   562      824.0000      864.4286   206335    4.91%
*    91+   21                          825.0000      864.4286             4.78%
    126    84      864.4286   399      825.0000      864.4286   282626    4.78%
*   182+   21                          830.0000      864.4286             4.15%
    206    64      864.4286   564      830.0000      864.4286   244568    4.15%
*   238+   21                          835.0000      864.4286             3.52%
Exception raised in listener 'MipGapPrinter': 'int' object is not callable, id=44
    296   226      864.4286   541      835.0000      864.4286   519499    3.52%
    354   280      864.4286   282      835.0000      864.4286   622869    3.52%
    414   359      864.4286   317      835.0000      864.4286   881752    3.52%
    484   389      864.4286   473      835.0000      864.4286   916972    3.52%
    565   481      864.4286   377      835.0000      864.4286  1103345    3.52%
    661   493      864.4286   331      835.0000      864.4286  1121885    3.52%
Elapsed time = 897.38 sec. (129192.88 ticks, tree = 16.42 MB, solutions = 21)
    787   651    infeasible            835.0000      864.4286  1411622    3.52%
    907   753      864.3214   205      835.0000      864.4286  1567175    3.52%
   1011   797      864.4286   308      835.0000      864.4286  1662423    3.52%
   1119   906      862.9048   284      835.0000      864.4286  1829993    3.52%
   1216   894      862.6667    99      835.0000      864.4286  1835181    3.52%
   1320  1023    infeasible            835.0000      864.4286  1968972    3.52%
   1430  1055      861.9167    78      835.0000      864.4286  2037693    3.52%
   1538  1150    infeasible            835.0000      864.4286  2343025    3.52%
   1690  1221      858.9127   177      835.0000      864.4286  2529752    3.52%
   1822  1320    infeasible            835.0000      864.4286  2822477    3.52%
Elapsed time = 1004.37 sec. (138794.70 ticks, tree = 56.74 MB, solutions = 26)
   1965  1402      862.2789   169      835.0000      864.4286  2861122    3.52%
   2125  1463      857.7083   160      835.0000      864.4286  2905967    3.52%
   2369  1668      861.1262   139      835.0000      864.4286  3093344    3.52%
*  2543+ 1624                          842.0000      864.4286             2.66%
   2548  1764      844.4432   138      842.0000      864.4286  3143995    2.66%
Exception raised in listener 'MipGapPrinter': 'int' object is not callable, id=56
   2725  2061      864.0056   189      842.0000      864.4286  3282901    2.66%
   2896  2065      864.4286   420      842.0000      864.4286  3294720    2.66%
   3084  2009      860.0370   152      842.0000      864.4286  3251816    2.66%
   3258  2231      864.4286   113      842.0000      864.4286  3355696    2.66%
   3379  2347      856.3373   125      842.0000      864.4286  3391077    2.66%
   3540  2463      860.2708   115      842.0000      864.4286  3423565    2.66%
Elapsed time = 1104.44 sec. (148376.17 ticks, tree = 75.12 MB, solutions = 27)
   3711  2734      852.6667   136      842.0000      864.4286  3592226    2.66%
   3888  2644      855.9444    92      842.0000      864.4286  3540394    2.66%
   4117  2918      848.4196   174      842.0000      864.4286  3707066    2.66%
   4303  2964      863.4048   213      842.0000      864.4286  3744985    2.66%
   4470  3297    infeasible            842.0000      864.4286  3882352    2.66%
   4598  3308      854.0119    97      842.0000      864.4286  3885765    2.66%
   4741  3333      861.9750   128      842.0000      864.4286  3924520    2.66%
   4906  3573      860.6894    97      842.0000      864.4286  3999120    2.66%
   5000  3890      851.0162   142      842.0000      864.4286  4191288    2.66%
   5144  3879      863.1952   176      842.0000      864.4286  4185332    2.66%
Elapsed time = 1212.74 sec. (157957.99 ticks, tree = 103.12 MB, solutions = 27)
   5256  3976      863.7619   267      842.0000      864.4286  4245226    2.66%
   5378  3985      850.1667    80      842.0000      864.4286  4231424    2.66%
   5538  4054      860.6151   174      842.0000      864.4286  4280022    2.66%
*  5650+ 3785                          846.0000      864.4286             2.18%
   5746  4185      848.0000    89      846.0000      864.4286  4348191    2.18%
   5878  4326      853.9444    99      846.0000      864.4286  4428500    2.18%
   5923  4259      859.9010   179      846.0000      864.4286  4410365    2.18%
*  5925+ 3032                          848.0000      864.4286             1.94%
*  5925+ 2021                          849.0000      864.4286             1.82%
*  5925+ 1346                          850.0000      864.4286             1.70%
*  5925+  897                          851.0000      864.4286             1.58%
Exception raised in listener 'MipGapPrinter': 'int' object is not callable, id=64
   5925   898      864.4286   835      851.0000      864.4286  4671002    1.58%
   5926   899      864.4286   736      851.0000      864.4286  4679275    1.58%
   5927   898      864.4286   457      851.0000      864.4286  4683219    1.58%
   5928   898      864.4286   443      851.0000      864.4286  4684256    1.58%
Elapsed time = 2530.15 sec. (330994.58 ticks, tree = 28.35 MB, solutions = 32)
   5929   899      864.4286   480      851.0000      864.4286  4684386    1.58%
   5930   900      864.4286   574      851.0000      864.4286  4684400    1.58%
   5931   901      864.4286   567      851.0000      864.4286  4684440    1.58%
   5933   773      864.4286   571      851.0000      864.4286  4684483    1.58%
   5934   773      864.4286   555      851.0000      864.4286  4684796    1.58%
   5935   773      864.4286   443      851.0000      864.4286  4685385    1.58%
   5936   257      864.4286   882      851.0000      864.4286  4677060    1.58%
   5939   131      864.4286   515      851.0000      864.4286  4691684    1.58%
   5943    44      864.4286   565      851.0000      864.4286  4688428    1.58%
   5945    49      864.4286   480      851.0000      864.4286  4712824    1.58%
Elapsed time = 2692.50 sec. (346167.99 ticks, tree = 1.45 MB, solutions = 32)
   5947    28      864.4286   552      851.0000      864.4286  4697572    1.58%
   5951    38      864.4286   755      851.0000      864.4286  4732000    1.58%
   5954    39      864.4286   752      851.0000      864.4286  4746936    1.58%
   5963    27      864.4286   635      851.0000      864.4286  4764316    1.58%
   5969    37      864.4286   684      851.0000      864.4286  4790005    1.58%
   5979    37      864.4286   625      851.0000      864.4286  4790559    1.58%
   5990    40      864.4286   512      851.0000      864.4286  4797212    1.58%
   6008    43      864.4286   520      851.0000      864.4286  4798121    1.58%
   6025    58      864.4286   549      851.0000      864.4286  4824108    1.58%
   6045    41      864.4286   459      851.0000      864.4286  4807169    1.58%
Elapsed time = 2869.14 sec. (357971.38 ticks, tree = 0.42 MB, solutions = 32)
   6067    72      864.4286   574      851.0000      864.4286  4852121    1.58%
   6096    71    infeasible            851.0000      864.4286  4853049    1.58%
   6126    17      864.4286   491      851.0000      864.4286  4731541    1.58%
   6149   119      864.4286   661      851.0000      864.4286  4937587    1.58%
   6174   156      864.4286   525      851.0000      864.4286  4989369    1.58%
   6199   145      864.4286   607      851.0000      864.4286  4972949    1.58%
   6232    22      864.4286   609      851.0000      864.4286  4737273    1.58%
   6275   211      864.4286   702      851.0000      864.4286  5072577    1.58%
   6330   229      864.4286   408      851.0000      864.4286  5113066    1.58%
   6384   234      864.4286   480      851.0000      864.4286  5126512    1.58%
Elapsed time = 3009.57 sec. (367771.20 ticks, tree = 1.84 MB, solutions = 32)
   6436   240      864.4286   311      851.0000      864.4286  5131491    1.58%
   6472   314      864.4286   368      851.0000      864.4286  5302914    1.58%
   6517   288      864.4286   429      851.0000      864.4286  5253324    1.58%
   6573   295      864.4286   455      851.0000      864.4286  5268911    1.58%
   6617   227      864.4286   434      851.0000      864.4286  5104973    1.58%
   6650   422      864.4286   390      851.0000      864.4286  5564740    1.58%
   6686   472    infeasible            851.0000      864.4286  5700708    1.58%
   6720   416    infeasible            851.0000      864.4286  5567900    1.58%
   6763   538      864.4286   362      851.0000      864.4286  5892118    1.58%
   6885   579      864.4286   641      851.0000      864.4286  6044788    1.58%
Elapsed time = 3236.85 sec. (380385.81 ticks, tree = 4.18 MB, solutions = 32)
   7088   668      863.0476   415      851.0000      864.4286  6256269    1.58%
   7250   735    infeasible            851.0000      864.4286  6468148    1.58%
   7379   840      864.4286   239      851.0000      864.4286  6766012    1.58%
   7514   885      864.4286   445      851.0000      864.4286  6972738    1.58%
   7698   929      864.4286   319      851.0000      864.4286  7165811    1.58%
   7858   965      864.4286   429      851.0000      864.4286  7374670    1.58%
   8016  1169      859.2775   344      851.0000      864.4286  7977460    1.58%
*  8027+ 1115                          852.0000      864.4286             1.46%
Exception raised in listener 'MipGapPrinter': 'int' object is not callable, id=89
   8191  1212      864.0774   230      852.0000      864.4286  8062720    1.46%
*  8222+ 1106                          853.0000      864.4286             1.34%
*  8230+ 1135                          855.0000      864.4286             1.10%
   8350  1324      857.2513   562      855.0000      864.4286  8361933    1.10%
   8480  1433      859.8929   606      855.0000      864.4286  8774100    1.10%
Elapsed time = 3772.15 sec. (418635.90 ticks, tree = 15.27 MB, solutions = 37)
Exception raised in listener 'MipGapPrinter': 'int' object is not callable, id=90
   8639  1505      857.2513   434      855.0000      864.4286  8963279    1.10%
   8836  1547      864.4286   316      855.0000      864.4286  9097530    1.10%
   8980  1711      864.4286   463      855.0000      864.4286  9321693    1.10%
   9127  1741      864.4286   326      855.0000      864.4286  9368081    1.10%
   9283  1946      864.4286   490      855.0000      864.4286  9608942    1.10%
   9401  2001      861.7143   489      855.0000      864.4286  9751786    1.10%
   9544  1982      864.4286   236      855.0000      864.4286  9678999    1.10%
   9684  2162      861.1528   317      855.0000      864.4286  9900538    1.10%
   9824  2271      864.4286   342      855.0000      864.4286 10015107    1.10%
  10014  2339      864.3659   295      855.0000      864.4286 10106517    1.10%
Elapsed time = 4393.04 sec. (456992.36 ticks, tree = 48.99 MB, solutions = 37)
  10186  2532      863.7083   461      855.0000      864.4286 10296619    1.10%
  10309  2656      862.6071   198      855.0000      864.4286 10460510    1.10%
  10482  2686      860.8099   228      855.0000      864.4286 10464813    1.10%
  10692  2819      859.6607   220      855.0000      864.4286 10566238    1.10%
  10929  3073        cutoff            855.0000      864.4286 10759060    1.10%
  11072  3077      863.9127   207      855.0000      864.4286 10764093    1.10%
  11188  3219      863.5619   135      855.0000      864.4286 10873840    1.10%
  11314  3268      861.1429   248      855.0000      864.4286 10933501    1.10%
  11394  3324      864.3894   193      855.0000      864.4286 10986443    1.10%
  11525  3502      863.5476   326      855.0000      864.4286 11127532    1.10%
Elapsed time = 5100.95 sec. (495321.22 ticks, tree = 275.43 MB, solutions = 37)
  11603  3533      861.4286   127      855.0000      864.4286 11114512    1.10%
  11792  3669      864.4286   347      855.0000      864.4286 11265166    1.10%
  11892  3676      860.4286   153      855.0000      864.4286 11242521    1.10%
  12020  3954      858.7755   170      855.0000      864.4286 11387315    1.10%
  12183  3888      863.7222   308      855.0000      864.4286 11383468    1.10%
  12297  4210      863.4811   168      855.0000      864.4286 11542059    1.10%
  12607  4372        cutoff            855.0000      864.4286 11646911    1.10%
  12959  4494      859.3328   120      855.0000      864.4286 11673196    1.10%
  13184  4529      857.1019    75      855.0000      864.4286 11679690    1.10%
  13448  4812      858.9088   206      855.0000      864.4286 11805463    1.10%
Elapsed time = 6065.16 sec. (533798.03 ticks, tree = 615.15 MB, solutions = 37)
  13700  4844      863.5556   162      855.0000      864.4286 11825214    1.10%
  13983  5144      864.4286   323      855.0000      864.4286 11953179    1.10%
  14211  5512      856.9405   198      855.0000      864.4286 12056789    1.10%
  14402  5752      864.4286   250      855.0000      864.4286 12300594    1.10%
  14587  5863      864.4286   255      855.0000      864.4286 12308870    1.10%
  14831  6210      863.5833   151      855.0000      864.4286 12516083    1.10%
  15217  6380      863.6667   353      855.0000      864.4286 12620529    1.10%
  15514  6518      863.0255   136      855.0000      864.4286 12690938    1.10%
  15827  7164      862.0000   321      855.0000      864.4286 12972582    1.10%
  16407  6903      864.4286   138      855.0000      864.4286 12842810    1.10%
Elapsed time = 7095.49 sec. (572138.33 ticks, tree = 932.00 MB, solutions = 37)
  16857  7697      856.0167    43      855.0000      864.4286 13230378    1.10%
* 17106+ 7583                          856.0000      864.4286             0.98%
* 17303+ 7857                          858.0000      864.4286             0.75%
  17357  8196      860.7793    85      858.0000      864.4286 13333878    0.75%
* 17558+ 7783                          860.0000      864.4286             0.51%
  17860  7987      859.4107   231      860.0000      864.4286 13280580    0.51%
Exception raised in listener 'MipGapPrinter': 'int' object is not callable, id=103
  18222  6115      864.4286   236      860.0000      864.4286 13516283    0.51%
  18645  6416      864.4286   166      860.0000      864.4286 13697266    0.51%
  19041  6443      861.3225   250      860.0000      864.4286 13690221    0.51%
  19500  6799      861.0500   102      860.0000      864.4286 13855170    0.51%
  19983  7548      862.7647   111      860.0000      864.4286 14237597    0.51%
  20328  7541      861.1979   122      860.0000      864.4286 14224206    0.51%
* 20383+ 7557                          862.0000      864.4286             0.28%
  20695  5755      864.1263   117      862.0000      864.4286 14497960    0.28%
Elapsed time = 7924.98 sec. (610320.25 ticks, tree = 665.71 MB, solutions = 42)
* 20850+ 5695                          864.0000      864.4286             0.05%
  21035  7996      862.3771   153      864.0000      864.4286 14456634    0.05%
  21234  5932      864.3426   179      864.0000      864.4286 14644810    0.05%
Exception raised in listener 'MipGapPrinter': 'int' object is not callable, id=106

GUB cover cuts applied:  927
Clique cuts applied:  22
Cover cuts applied:  463
Implied bound cuts applied:  802
Flow cuts applied:  14
Mixed integer rounding cuts applied:  133
Zero-half cuts applied:  311
Lift and project cuts applied:  5
Gomory fractional cuts applied:  154

Root node processing (before b&c):
  Real time             =  654.22 sec. (109003.86 ticks)
Parallel b&c, 24 threads:
  Real time             = 7395.84 sec. (512021.60 ticks)
  Sync time (average)   = 1651.16 sec.
  Wait time (average)   =    0.25 sec.
                          ------------
Total (root+branch&cut) = 8050.06 sec. (621025.46 ticks)
status  = integer optimal solution
time    = 8051.44 s.
problem = MILP
gap     = 0%

Objective value: 864.0
[50, 50, 8, 4, 400, 121, 864, 864, 0.0, 8051.44]
number of spatial :  664
Heuristic Solution information :  [50, 50, 8, 4, 400, 127, 691, 27, 664]
