CPXPARAM_Read_DataCheck                          1
CPXPARAM_TimeLimit                               14400
Tried aggregator 2 times.
MIP Presolve eliminated 49792 rows and 169858 columns.
MIP Presolve modified 3776 coefficients.
Aggregator did 2427 substitutions.
Reduced MIP has 314375 rows, 122055 columns, and 1423819 nonzeros.
Reduced MIP has 117055 binaries, 0 generals, 0 SOSs, and 0 indicators.
Presolve time = 1.47 sec. (8330.06 ticks)
Probing time = 0.57 sec. (37.07 ticks)
Tried aggregator 1 time.
MIP Presolve eliminated 147000 rows and 3000 columns.
Reduced MIP has 167375 rows, 119055 columns, and 1129819 nonzeros.
Reduced MIP has 117055 binaries, 0 generals, 0 SOSs, and 0 indicators.
Presolve time = 0.88 sec. (1815.87 ticks)
Probing time = 0.46 sec. (35.16 ticks)
Clique table members: 63331.
MIP emphasis: balance optimality and feasibility.
MIP search method: dynamic search.
Parallel mode: deterministic, using up to 24 threads.
Root relaxation solution time = 39.13 sec. (13088.24 ticks)

        Nodes                                         Cuts/
   Node  Left     Objective  IInf  Best Integer    Best Bound    ItCnt     Gap

*     0+    0                          683.0000     2448.0000           258.42%
      0     0     2062.0000  1427      683.0000     2062.0000   124795  201.90%
Exception raised in listener 'MipGapPrinter': 'int' object is not callable, id=1
*     0+    0                         1386.0000     2062.0000            48.77%
Exception raised in listener 'MipGapPrinter': 'int' object is not callable, id=3
      0     0     1972.1389  1561     1386.0000    Cuts: 1291   156029   42.29%
      0     0     1905.9167  1438     1386.0000     Cuts: 864   187777   37.51%
      0     0     1862.9484  1576     1386.0000    Cuts: 1079   218477   34.41%
*     0+    0                         1593.0000     1862.9484            16.95%
*     0+    0                         1641.0000     1862.9484            13.53%
*     0+    0                         1720.0000     1862.9484             8.31%
Exception raised in listener 'MipGapPrinter': 'int' object is not callable, id=9
      0     0     1843.2262  1652     1720.0000     Cuts: 861   252517    7.16%
      0     0     1838.1429  1757     1720.0000     Cuts: 738   287359    6.87%
      0     0     1836.4643  1678     1720.0000     Cuts: 681   329840    6.77%
*     0+    0                         1739.0000     1836.4643             5.60%
Exception raised in listener 'MipGapPrinter': 'int' object is not callable, id=16
      0     0     1836.1429  1574     1739.0000     Cuts: 664   377372    5.59%
      0     0     1836.1429  1720     1739.0000     Cuts: 610   410950    5.59%
      0     0     1836.1429  1252     1739.0000     Cuts: 104   444329    5.59%
      0     0     1836.1429  1543     1739.0000     Cuts: 473   478679    5.59%
Heuristic still looking.
Heuristic still looking.
*     0+    0                         1742.0000     1836.1429             5.40%
Exception raised in listener 'MipGapPrinter': 'int' object is not callable, id=24
      0     2     1836.1429   742     1742.0000     1836.1429   478679    5.40%
Elapsed time = 3518.48 sec. (895119.88 ticks, tree = 0.02 MB, solutions = 7)
      1     3     1836.1429   796     1742.0000     1836.1429   480165    5.40%
      2     4     1836.1429   801     1742.0000     1836.1429   481604    5.40%
      3     5     1836.1429   814     1742.0000     1836.1429   482142    5.40%
      4     6     1836.1429   815     1742.0000     1836.1429   483022    5.40%
      5     7     1836.1429   884     1742.0000     1836.1429   483981    5.40%
      6     8     1836.1429   860     1742.0000     1836.1429   484769    5.40%
      7     9     1836.1429   884     1742.0000     1836.1429   485213    5.40%
      8    10     1836.1429   779     1742.0000     1836.1429   487688    5.40%
      9    11     1836.1429   792     1742.0000     1836.1429   488325    5.40%
     11    13     1836.1429   855     1742.0000     1836.1429   489424    5.40%
Elapsed time = 3687.12 sec. (907046.81 ticks, tree = 0.07 MB, solutions = 7)
     12    14     1836.1429   797     1742.0000     1836.1429   490978    5.40%
     14     8     1836.1429   884     1742.0000     1836.1429   484348    5.40%
     15    15     1836.1429   821     1742.0000     1836.1429   493300    5.40%
     17    17     1836.1429   855     1742.0000     1836.1429   495643    5.40%
     19     9     1836.1429   848     1742.0000     1836.1429   485676    5.40%
     21     7     1836.1429   875     1742.0000     1836.1429   484313    5.40%
     25    21    infeasible           1742.0000     1836.1429   501252    5.40%
     29    15     1836.1429   792     1742.0000     1836.1429   491249    5.40%
     36    10     1836.1429   866     1742.0000     1836.1429   485711    5.40%
     41    36     1836.1429   810     1742.0000     1836.1429   521635    5.40%
Elapsed time = 4102.09 sec. (934844.76 ticks, tree = 0.17 MB, solutions = 7)
     47    39     1836.1429   766     1742.0000     1836.1429   528125    5.40%
     58    34     1836.1429   803     1742.0000     1836.1429   520287    5.40%
     71    43     1836.1429   826     1742.0000     1836.1429   539067    5.40%
     84    43     1836.1429   751     1742.0000     1836.1429   532648    5.40%
     99    43     1836.1429   773     1742.0000     1836.1429   529091    5.40%
    110    38     1836.1429   745     1742.0000     1836.1429   526219    5.40%
    130    50     1836.1429   777     1742.0000     1836.1429   536884    5.40%
    143    48     1836.1429   757     1742.0000     1836.1429   543426    5.40%
    158    57     1836.1429   671     1742.0000     1836.1429   552134    5.40%
    175    51     1836.1429   709     1742.0000     1836.1429   549308    5.40%
Elapsed time = 4285.50 sec. (945162.63 ticks, tree = 0.82 MB, solutions = 7)
    195    52     1836.1429   791     1742.0000     1836.1429   547634    5.40%
    215    80     1836.1429   707     1742.0000     1836.1429   580836    5.40%
    233   134     1836.1429   678     1742.0000     1836.1429   630727    5.40%
    246    84     1836.1429   726     1742.0000     1836.1429   583160    5.40%
    261    86     1836.1429   763     1742.0000     1836.1429   584812    5.40%
    273   108     1836.1429   715     1742.0000     1836.1429   603264    5.40%
    286   172     1836.1429   705     1742.0000     1836.1429   667570    5.40%
    300   135     1836.1429   788     1742.0000     1836.1429   635553    5.40%
    309   166     1836.1429   806     1742.0000     1836.1429   662813    5.40%
    324   217     1836.1429   758     1742.0000     1836.1429   718641    5.40%
Elapsed time = 4440.14 sec. (955485.65 ticks, tree = 6.20 MB, solutions = 7)
    332   240     1836.1429   776     1742.0000     1836.1429   739708    5.40%
    344   219     1836.1429   712     1742.0000     1836.1429   721123    5.40%
    355   221     1836.1429   647     1742.0000     1836.1429   722605    5.40%
    373   250     1836.1429   775     1742.0000     1836.1429   749276    5.40%
    391   252     1836.1429   832     1742.0000     1836.1429   750490    5.40%
    405   261     1836.1429   642     1742.0000     1836.1429   761756    5.40%
    417   254     1836.1429   610     1742.0000     1836.1429   757668    5.40%
    435   247     1836.1429   775     1742.0000     1836.1429   751962    5.40%
    449   251    infeasible           1742.0000     1836.1429   758744    5.40%
    461   293     1836.1429   628     1742.0000     1836.1429   792597    5.40%
Elapsed time = 4626.06 sec. (965696.53 ticks, tree = 8.46 MB, solutions = 7)
    469   311     1836.1429   737     1742.0000     1836.1429   822914    5.40%
    476   306     1836.1429   815     1742.0000     1836.1429   815968    5.40%
    481   321     1836.1429   721     1742.0000     1836.1429   834256    5.40%
    486    44     1836.1429   737     1742.0000     1836.1429   530020    5.40%
    490   310     1836.1429   778     1742.0000     1836.1429   821175    5.40%
    495   342    infeasible           1742.0000     1836.1429   854972    5.40%
    498   326     1836.1429   739     1742.0000     1836.1429   841819    5.40%
    507   360     1836.1429   709     1742.0000     1836.1429   877451    5.40%
    514   362     1836.1429   691     1742.0000     1836.1429   878735    5.40%
    525   366     1836.1429   706     1742.0000     1836.1429   887413    5.40%
Elapsed time = 4815.01 sec. (976880.48 ticks, tree = 9.40 MB, solutions = 7)
    536   374     1836.1429   699     1742.0000     1836.1429   895378    5.40%
    547   369     1836.1429   616     1742.0000     1836.1429   888459    5.40%
    559   379     1836.1429   683     1742.0000     1836.1429   903521    5.40%
    569   381     1836.1429   654     1742.0000     1836.1429   906257    5.40%
    580   381     1836.1429   676     1742.0000     1836.1429   907363    5.40%
    591   391     1836.1429   604     1742.0000     1836.1429   916920    5.40%
    603   405     1836.1429   811     1742.0000     1836.1429   932865    5.40%
    622   414     1836.1429   589     1742.0000     1836.1429   941799    5.40%
    637   415     1836.1429   720     1742.0000     1836.1429   943294    5.40%
    656   439     1836.1429   649     1742.0000     1836.1429   957046    5.40%
Elapsed time = 4957.44 sec. (987293.09 ticks, tree = 12.07 MB, solutions = 7)
    670   440     1836.1429   658     1742.0000     1836.1429   958486    5.40%
    689   461    infeasible           1742.0000     1836.1429   977071    5.40%
    712   464     1836.1429   595     1742.0000     1836.1429   978925    5.40%
    738   460     1836.1429   823     1742.0000     1836.1429   976113    5.40%
    760   484     1836.1429   622     1742.0000     1836.1429  1004800    5.40%
    783   471     1836.1429   572     1742.0000     1836.1429   984273    5.40%
    808   488     1836.1429   650     1742.0000     1836.1429  1009357    5.40%
    832   529     1836.1429   705     1742.0000     1836.1429  1045905    5.40%
    858   556     1836.1429   621     1742.0000     1836.1429  1073955    5.40%
    883   517     1836.1429   650     1742.0000     1836.1429  1038303    5.40%
Elapsed time = 5114.97 sec. (997194.51 ticks, tree = 14.45 MB, solutions = 7)
    909   559     1836.1429   610     1742.0000     1836.1429  1078699    5.40%
    939   565     1836.1429   737     1742.0000     1836.1429  1084119    5.40%
    970   611     1836.1429   607     1742.0000     1836.1429  1127666    5.40%
    997   525     1836.1429   621     1742.0000     1836.1429  1043036    5.40%
   1035   712     1836.1429   642     1742.0000     1836.1429  1214768    5.40%
   1078   684     1836.1429   608     1742.0000     1836.1429  1189862    5.40%
   1118   658     1836.1429   623     1742.0000     1836.1429  1163815    5.40%
   1167   816     1836.1429   604     1742.0000     1836.1429  1302209    5.40%
   1213   819     1836.1429   666     1742.0000     1836.1429  1303906    5.40%
   1258   806     1836.1429   502     1742.0000     1836.1429  1298989    5.40%
Elapsed time = 5242.55 sec. (1006997.26 ticks, tree = 24.82 MB, solutions = 7)
   1300   857     1836.1429   622     1742.0000     1836.1429  1335190    5.40%
   1335   789     1836.1429   542     1742.0000     1836.1429  1289258    5.40%
   1381   951     1836.1429   574     1742.0000     1836.1429  1432304    5.40%
   1428  1019     1836.1429   573     1742.0000     1836.1429  1508247    5.40%
   1475   866     1836.1429   674     1742.0000     1836.1429  1342887    5.40%
   1530  1092     1836.1429   699     1742.0000     1836.1429  1577546    5.40%
   1579   940     1836.1429   680     1742.0000     1836.1429  1422429    5.40%
   1631   968     1836.1429   556     1742.0000     1836.1429  1447129    5.40%
   1684  1080     1836.1429   663     1742.0000     1836.1429  1570336    5.40%
   1916  1051    infeasible           1742.0000     1836.1429  1542843    5.40%
Elapsed time = 5393.42 sec. (1019569.24 ticks, tree = 35.92 MB, solutions = 7)
   2161  1437     1836.1429   682     1742.0000     1836.1429  2045897    5.40%
   2434  1234    infeasible           1742.0000     1836.1429  1743331    5.40%
   2703  1475     1836.1429   546     1742.0000     1836.1429  2083735    5.40%
   2951  1894     1836.1429   575     1742.0000     1836.1429  2511328    5.40%
   3205  1966     1836.1429   487     1742.0000     1836.1429  2582406    5.40%
   3461  2307    infeasible           1742.0000     1836.1429  2913753    5.40%
   3771  2037    infeasible           1742.0000     1836.1429  2670765    5.40%
   4059  2353     1836.1429   618     1742.0000     1836.1429  2971281    5.40%
   4280  2474    infeasible           1742.0000     1836.1429  3113903    5.40%
   4502  2591     1836.1429   472     1742.0000     1836.1429  3232048    5.40%
Elapsed time = 5903.29 sec. (1057908.12 ticks, tree = 118.96 MB, solutions = 7)
   4717  2959    infeasible           1742.0000     1836.1429  3647948    5.40%
   4975  3043     1836.1429   363     1742.0000     1836.1429  3759260    5.40%
*  5220+ 3236                         1750.0000     1836.1429             4.92%
   5251  3157     1836.1429   480     1750.0000     1836.1429  3919280    4.92%
Exception raised in listener 'MipGapPrinter': 'int' object is not callable, id=50
   5437  3457     1836.1429   420     1750.0000     1836.1429  4368250    4.92%
   5616  3461     1836.1429   334     1750.0000     1836.1429  4379839    4.92%
*  5619+ 3319                         1762.0000     1836.1429             4.21%
   5830  3567    infeasible           1762.0000     1836.1429  4537770    4.21%
Exception raised in listener 'MipGapPrinter': 'int' object is not callable, id=51
   6064  3617     1836.1429   351     1762.0000     1836.1429  4619378    4.21%
*  6233+ 3318                         1767.0000     1836.1429             3.91%
   6287  3769    infeasible           1767.0000     1836.1429  4868127    3.91%
   6525  3800    infeasible           1767.0000     1836.1429  4932599    3.91%
   6812  3854     1836.1429   444     1767.0000     1836.1429  5047153    3.91%
Elapsed time = 6469.14 sec. (1096296.89 ticks, tree = 194.62 MB, solutions = 11)
   7115  4120     1836.0000   284     1767.0000     1836.1429  5599452    3.91%
   7410  4266     1836.1429   411     1767.0000     1836.1429  5952084    3.91%
   7706  4271    infeasible           1767.0000     1836.1429  5966198    3.91%
   7950  4459    infeasible           1767.0000     1836.1429  6458790    3.91%
Exception raised in listener 'MipGapPrinter': 'int' object is not callable, id=54
   8207  4378     1836.1429   439     1767.0000     1836.1429  6191686    3.91%
   8476  4469     1832.5476   284     1767.0000     1836.1429  6483763    3.91%
   8740  4747     1833.4167   350     1767.0000     1836.1429  7128943    3.91%
   8975  4781    infeasible           1767.0000     1836.1429  7196595    3.91%
   9216  4980     1836.0000   270     1767.0000     1836.1429  7794134    3.91%
   9466  4887     1836.1429   305     1767.0000     1836.1429  7527531    3.91%
Elapsed time = 6992.03 sec. (1134643.49 ticks, tree = 255.43 MB, solutions = 13)
   9684  5002     1834.5536   318     1767.0000     1836.1429  7892300    3.91%
   9912  5289     1836.0000   300     1767.0000     1836.1429  8665717    3.91%
  10099  5370     1836.1429   678     1767.0000     1836.1429  8894045    3.91%
  10212  5444     1836.0000   316     1767.0000     1836.1429  9105735    3.91%
  10258  5538     1836.1429   400     1767.0000     1836.1429  9246536    3.91%
  10261  5417     1836.1429   444     1767.0000     1836.1429  9009612    3.91%

GUB cover cuts applied:  424
Clique cuts applied:  15
Cover cuts applied:  76
Implied bound cuts applied:  3597
Flow cuts applied:  15
Mixed integer rounding cuts applied:  703
Zero-half cuts applied:  462
Lift and project cuts applied:  50
Gomory fractional cuts applied:  100

Root node processing (before b&c):
  Real time             = 3511.95 sec. (894794.31 ticks)
Parallel b&c, 24 threads:
  Real time             = 10888.68 sec. (840922.96 ticks)
  Sync time (average)   =  998.49 sec.
  Wait time (average)   =    0.00 sec.
                          ------------
Total (root+branch&cut) = 14400.62 sec. (1735717.27 ticks)
status  = time limit exceeded
time    = 14402.3 s.
problem = MILP
gap     = 3.91301%

Objective value: 1767.0
[50, 100, 8, 4, 400, 259, 1767, 1836, 3.91, 14402.26]
number of spatial :  1496
Heuristic Solution information :  [50, 100, 8, 4, 400, 246, 1523, 27, 1496]
