CPXPARAM_Read_DataCheck                          1
CPXPARAM_TimeLimit                               14400
Tried aggregator 2 times.
MIP Presolve eliminated 25186 rows and 84913 columns.
MIP Presolve modified 2746 coefficients.
Aggregator did 2427 substitutions.
Reduced MIP has 158324 rows, 62000 columns, and 713510 nonzeros.
Reduced MIP has 59500 binaries, 0 generals, 0 SOSs, and 0 indicators.
Presolve time = 0.64 sec. (4229.31 ticks)
Probing time = 0.37 sec. (16.30 ticks)
Tried aggregator 1 time.
MIP Presolve eliminated 73500 rows and 1500 columns.
Reduced MIP has 84824 rows, 60500 columns, and 566510 nonzeros.
Reduced MIP has 59500 binaries, 0 generals, 0 SOSs, and 0 indicators.
Presolve time = 0.39 sec. (922.76 ticks)
Probing time = 0.12 sec. (16.02 ticks)
Clique table members: 31750.
MIP emphasis: balance optimality and feasibility.
MIP search method: dynamic search.
Parallel mode: deterministic, using up to 24 threads.
Root relaxation solution time = 5.89 sec. (4867.12 ticks)

        Nodes                                         Cuts/
   Node  Left     Objective  IInf  Best Integer    Best Bound    ItCnt     Gap

*     0+    0                          430.0000     2448.0000           469.30%
      0     0     1267.0000  1668      430.0000     1267.0000    69844  194.65%
Exception raised in listener 'MipGapPrinter': 'int' object is not callable, id=1
*     0+    0                          681.0000     1267.0000            86.05%
Exception raised in listener 'MipGapPrinter': 'int' object is not callable, id=3
      0     0     1223.7917  1694      681.0000    Cuts: 1030    81900   79.71%
      0     0     1146.9554  1599      681.0000    Cuts: 1441    99211   68.42%
      0     0     1078.2655  1415      681.0000    Cuts: 1087   116224   58.34%
*     0+    0                          726.0000     1078.2655            48.52%
*     0+    0                          745.0000     1078.2655            44.73%
*     0+    0                          771.0000     1078.2655            39.85%
*     0+    0                          796.0000     1078.2655            35.46%
Exception raised in listener 'MipGapPrinter': 'int' object is not callable, id=9
      0     0     1033.1373  1533      796.0000     Cuts: 810   135454   29.79%
      0     0      998.7850  1192      796.0000     Cuts: 919   154397   25.48%
      0     0      977.7911  1240      796.0000     Cuts: 684   174992   22.84%
*     0+    0                          832.0000      977.7911            17.52%
*     0+    0                          842.0000      977.7911            16.13%
Exception raised in listener 'MipGapPrinter': 'int' object is not callable, id=16
      0     0      965.2300  1301      842.0000     Cuts: 654   189027   14.64%
      0     0      960.5119  1204      842.0000     Cuts: 482   201542   14.08%
      0     0      959.3571  1305      842.0000     Cuts: 343   214625   13.94%
*     0+    0                          864.0000      959.3571            11.04%
*     0+    0                          887.0000      959.3571             8.16%
*     0+    0                          898.0000      959.3571             6.83%
*     0+    0                          913.0000      959.3571             5.08%
Exception raised in listener 'MipGapPrinter': 'int' object is not callable, id=23
      0     0      959.3571  1074      913.0000     Cuts: 293   228272    5.08%
      0     0      959.1429  1019      913.0000     Cuts: 327   241070    5.05%
      0     0      959.1429  1094      913.0000     Cuts: 269   255656    5.05%
      0     0      959.1429  1162      913.0000     Cuts: 275   267454    5.05%
Heuristic still looking.
Heuristic still looking.
      0     2      959.1429  1162      913.0000      959.1429   267454    5.05%
Elapsed time = 998.17 sec. (396813.85 ticks, tree = 0.02 MB, solutions = 12)
      1     3      959.1429  1073      913.0000      959.1429   269348    5.05%
      2     4      959.1429  1049      913.0000      959.1429   271011    5.05%
      3     5      959.1429   915      913.0000      959.1429   272793    5.05%
      4     6      959.1429   881      913.0000      959.1429   273719    5.05%
      5     7      959.1429   883      913.0000      959.1429   274631    5.05%
      6     8      959.1429   906      913.0000      959.1429   275353    5.05%
      7     9      959.1429   852      913.0000      959.1429   276483    5.05%
      8    10      959.1429   831      913.0000      959.1429   277982    5.05%
      9    11      959.1429   762      913.0000      959.1429   278746    5.05%
     12    14      959.1429   660      913.0000      959.1429   281587    5.05%
Elapsed time = 1027.41 sec. (403617.04 ticks, tree = 0.04 MB, solutions = 12)
     15    15      959.1429   662      913.0000      959.1429   282367    5.05%
     18    16      959.1429   772      913.0000      959.1429   287703    5.05%
     25     6      959.1429   859      913.0000      959.1429   273588    5.05%
     36    30      959.1429   703      913.0000      959.1429   305280    5.05%
     51    34      959.1429   464      913.0000      959.1429   311472    5.05%
     67    33      959.1429   681      913.0000      959.1429   311880    5.05%
     95    40      959.1429   700      913.0000      959.1429   320873    5.05%
    131    50      959.1429   449      913.0000      959.1429   339943    5.05%
    174   101      959.1429   761      913.0000      959.1429   416787    5.05%
    223   105      959.1429   659      913.0000      959.1429   420048    5.05%
Elapsed time = 1124.51 sec. (416923.13 ticks, tree = 1.22 MB, solutions = 12)
    274   143      959.1429   582      913.0000      959.1429   505551    5.05%
    328   162      959.1429   411      913.0000      959.1429   537896    5.05%
    369   258      959.1429   360      913.0000      959.1429   727104    5.05%
    411   238      959.1429   375      913.0000      959.1429   688797    5.05%
    445   301      959.1429   605      913.0000      959.1429   784987    5.05%
    471   295      959.1429   537      913.0000      959.1429   774540    5.05%
    498   342      959.1429   336      913.0000      959.1429   885439    5.05%
    530   368      959.1429   366      913.0000      959.1429   927204    5.05%
    550   415      959.1111   221      913.0000      959.1429  1050056    5.05%
    560   397    infeasible            913.0000      959.1429   996623    5.05%
Elapsed time = 1213.14 sec. (426823.63 ticks, tree = 5.16 MB, solutions = 12)
    572   411      959.1429   624      913.0000      959.1429  1040324    5.05%
    594   447      958.8889   275      913.0000      959.1429  1168100    5.05%
    626   260      959.1429   617      913.0000      959.1429   715781    5.05%
    654   469      959.1429   559      913.0000      959.1429  1224199    5.05%
    698   491    infeasible            913.0000      959.1429  1266843    5.05%
    738   501      959.1429   431      913.0000      959.1429  1284744    5.05%
    778   551      959.1111   236      913.0000      959.1429  1439623    5.05%
    826   523      959.1429   310      913.0000      959.1429  1353220    5.05%
    878   568      959.1111   244      913.0000      959.1429  1499096    5.05%
    927   684      959.1429   332      913.0000      959.1429  1795933    5.05%
Elapsed time = 1294.69 sec. (436741.55 ticks, tree = 10.12 MB, solutions = 12)
    981   649      959.1429   494      913.0000      959.1429  1674059    5.05%
   1033   655      959.1111   220      913.0000      959.1429  1711545    5.05%
   1083   689      959.1111   264      913.0000      959.1429  1813753    5.05%
   1144   785      959.1429   273      913.0000      959.1429  2072435    5.05%
   1197   872    infeasible            913.0000      959.1429  2350613    5.05%
   1244   862      959.1429   264      913.0000      959.1429  2322101    5.05%
   1284   875      959.1111   261      913.0000      959.1429  2361654    5.05%
   1315   853      959.1111   192      913.0000      959.1429  2274056    5.05%
   1335   854      959.1429   210      913.0000      959.1429  2297820    5.05%
   1359   937      958.2083   305      913.0000      959.1429  2563196    5.05%
Elapsed time = 1379.29 sec. (446603.59 ticks, tree = 15.69 MB, solutions = 12)
*  1391+ 1002                          918.0000      959.1429             4.48%
   1404  1051      959.1429   289      918.0000      959.1429  2975422    4.48%
Exception raised in listener 'MipGapPrinter': 'int' object is not callable, id=61
   1442   988      959.1429   657      918.0000      959.1429  2707065    4.48%
   1469  1034      959.1429   464      918.0000      959.1429  2886994    4.48%
   1482  1044      958.8889   253      918.0000      959.1429  2944867    4.48%
   1522  1054      959.1111   229      918.0000      959.1429  2985297    4.48%
   1568  1132      958.5833   387      918.0000      959.1429  3397533    4.48%
   1626  1062      959.1111   227      918.0000      959.1429  3064413    4.48%
   1686  1140      959.1111   191      918.0000      959.1429  3477063    4.48%
   1731  1129      959.1429   456      918.0000      959.1429  3374993    4.48%
   1777  1174      958.5833   247      918.0000      959.1429  3635968    4.48%
Elapsed time = 1463.57 sec. (456439.94 ticks, tree = 28.87 MB, solutions = 13)
   1823  1144      959.0805   211      918.0000      959.1429  3480432    4.48%
   1856  1121      959.1111   191      918.0000      959.1429  3351380    4.48%
   1904  1170      959.1111   157      918.0000      959.1429  3605128    4.48%
   1939  1255      959.1111   186      918.0000      959.1429  3956787    4.48%
   1984  1236      959.1429   229      918.0000      959.1429  3892524    4.48%
   2029  1220      958.5833   238      918.0000      959.1429  3841084    4.48%
   2067  1350      959.1111   211      918.0000      959.1429  4434818    4.48%
   2107  1269      959.1111   179      918.0000      959.1429  4030912    4.48%
   2147  1360      959.1111   278      918.0000      959.1429  4489447    4.48%
   2178  1363      959.1111   250      918.0000      959.1429  4494108    4.48%
Elapsed time = 1538.59 sec. (466245.49 ticks, tree = 45.87 MB, solutions = 13)
   2216  1434      957.7778   266      918.0000      959.1429  4845286    4.48%
   2249  1421    infeasible            918.0000      959.1429  4742800    4.48%
   2294  1403      959.1111   199      918.0000      959.1429  4642738    4.48%
   2332  1484      959.1111   195      918.0000      959.1429  5164975    4.48%
   2372  1443      957.1373   224      918.0000      959.1429  4858315    4.48%
   2422  1522      959.1111   236      918.0000      959.1429  5354684    4.48%
   2468  1566      956.2361   193      918.0000      959.1429  5508451    4.48%
   2503  1508      958.0833   193      918.0000      959.1429  5293800    4.48%
   2536  1505      958.8889   228      918.0000      959.1429  5224519    4.48%
   2576  1577      958.3929   291      918.0000      959.1429  5562720    4.48%
Elapsed time = 1603.35 sec. (476072.85 ticks, tree = 72.21 MB, solutions = 13)
   2623  1605    infeasible            918.0000      959.1429  5622333    4.48%
   2659  1560      957.1373   186      918.0000      959.1429  5478028    4.48%
   2698  1566      955.1111   179      918.0000      959.1429  5521557    4.48%
   2738  1640      958.8889   276      918.0000      959.1429  5756879    4.48%
   2775  1697    infeasible            918.0000      959.1429  6144163    4.48%
   2808  1748      959.1111   186      918.0000      959.1429  6616615    4.48%
   2846  1694      957.0694   196      918.0000      959.1429  6098973    4.48%
   2896  1804      957.7500   127      918.0000      959.1429  7100763    4.48%
   2932  1727      959.1111   178      918.0000      959.1429  6277051    4.48%
   2970  1804    infeasible            918.0000      959.1429  7152628    4.48%
Elapsed time = 1668.14 sec. (485869.74 ticks, tree = 82.47 MB, solutions = 13)
   3011  1829    infeasible            918.0000      959.1429  7248964    4.48%
   3044  1804      955.3299   245      918.0000      959.1429  7061531    4.48%
   3076  1756      959.1111   206      918.0000      959.1429  6703709    4.48%
   3115  1873    infeasible            918.0000      959.1429  7559695    4.48%
   3139  1841      959.1111   231      918.0000      959.1429  7270843    4.48%
   3166  1927      957.8333   228      918.0000      959.1429  8052807    4.48%
   3208  1935    infeasible            918.0000      959.1429  8108654    4.48%
   3247  1907      958.3095   307      918.0000      959.1429  7770719    4.48%
   3288  1925    infeasible            918.0000      959.1429  8022264    4.48%
   3437  1901      958.1521   294      918.0000      959.1429  7733975    4.48%
Elapsed time = 1760.79 sec. (498573.53 ticks, tree = 90.81 MB, solutions = 13)
   3599  2028      958.3095   235      918.0000      959.1429  8775420    4.48%
   3768  2087      958.3095   229      918.0000      959.1429  9253975    4.48%
   3918  2196      957.4524   198      918.0000      959.1429  9957642    4.48%
   4063  2253    infeasible            918.0000      959.1429 10303173    4.48%
   4219  2331      958.5833   242      918.0000      959.1429 10626649    4.48%
   4362  2463    infeasible            918.0000      959.1429 11559003    4.48%
   4539  2526      956.9167   160      918.0000      959.1429 11940227    4.48%
   4764  2605      952.9286   162      918.0000      959.1429 12457089    4.48%
   4967  2733      958.4167   286      918.0000      959.1429 12958439    4.48%
   5199  2700      950.6563   188      918.0000      959.1429 12930529    4.48%
Elapsed time = 2010.38 sec. (537029.32 ticks, tree = 120.38 MB, solutions = 13)
   5494  2925      952.4120   268      918.0000      959.1429 13167943    4.48%
   5930  3121        cutoff            918.0000      959.1429 13345476    4.48%
   6263  3304      951.3056   157      918.0000      959.1429 13555539    4.48%
   6573  3417      925.8333    60      918.0000      959.1429 13613423    4.48%
   6862  3461      947.5444   129      918.0000      959.1429 13740162    4.48%
   7116  3767      923.8333    70      918.0000      959.1429 13962141    4.48%
*  7379+ 3827                          922.0000      959.1429             4.03%
   7391  3889      945.4583   194      922.0000      959.1429 14103356    4.03%
   7535  4166      925.0690   193      922.0000      959.1429 14431445    4.03%
Exception raised in listener 'MipGapPrinter': 'int' object is not callable, id=77
   7664  4151      940.0000   109      922.0000      959.1429 14424449    4.03%
*  7755+ 4070                          923.0000      959.1429             3.92%
   7761  4237      943.3833   113      923.0000      959.1429 14501636    3.92%
Elapsed time = 2402.02 sec. (575369.27 ticks, tree = 167.66 MB, solutions = 16)
*  7794+ 4244                          926.0000      959.1429             3.58%
   7882  4271        cutoff            926.0000      959.1429 14715268    3.58%
Exception raised in listener 'MipGapPrinter': 'int' object is not callable, id=78
   7957  4306      932.1667    79      926.0000      959.1429 14693673    3.58%
   8018  4360      929.4062   106      926.0000      959.1429 14986792    3.58%
   8072  4321      948.0598   243      926.0000      959.1429 14950676    3.58%
   8114  4430    infeasible            926.0000      959.1429 15291367    3.58%
   8161  4369      958.7679   673      926.0000      959.1429 15059361    3.58%
   8188  4435      959.1429   610      926.0000      959.1429 15343187    3.58%
   8197  4415      959.1429   631      926.0000      959.1429 15297941    3.58%
   8201  4444      959.1429   677      926.0000      959.1429 15445670    3.58%
*  8202+ 3014                          927.0000      959.1429             3.47%
Exception raised in listener 'MipGapPrinter': 'int' object is not callable, id=80
   8202  3015      959.1429  1133      927.0000      959.1429 15889350    3.47%
Elapsed time = 3305.65 sec. (950393.88 ticks, tree = 139.72 MB, solutions = 20)
   8203  3016      959.1429   942      927.0000      959.1429 15904123    3.47%
   8204  3016      959.1429   732      927.0000      959.1429 15917405    3.47%
   8205  3016      959.1429   791      927.0000      959.1429 15929860    3.47%
   8209  3018      959.1429   779      927.0000      959.1429 15944672    3.47%
   8213   823      959.1429   971      927.0000      959.1429 15902638    3.47%
   8217   832      959.1429   909      927.0000      959.1429 15971397    3.47%
   8223   835      959.1429   694      927.0000      959.1429 15985958    3.47%
   8238    87      959.1429   762      927.0000      959.1429 16027195    3.47%
   8274    36      959.1429   695      927.0000      959.1429 16038109    3.47%
   8331    51      959.1429   528      927.0000      959.1429 16053086    3.47%
Elapsed time = 3690.26 sec. (1027903.34 ticks, tree = 0.59 MB, solutions = 20)
   8394   111      959.1429   466      927.0000      959.1429 16156360    3.47%
   8456   125      959.1429   688      927.0000      959.1429 16173531    3.47%
   8530   271      959.1429   365      927.0000      959.1429 16404918    3.47%
   8624   333      959.1429   531      927.0000      959.1429 16528864    3.47%
   8769   362      959.1429   834      927.0000      959.1429 16607665    3.47%
   8900   453      959.1429   685      927.0000      959.1429 16822256    3.47%
   9044   558      959.1429   509      927.0000      959.1429 17139342    3.47%
   9203   723    infeasible            927.0000      959.1429 17619304    3.47%
   9420   923      959.1429   419      927.0000      959.1429 18029517    3.47%
   9628  1036      959.1429   588      927.0000      959.1429 18395232    3.47%
Elapsed time = 4166.24 sec. (1066375.03 ticks, tree = 17.30 MB, solutions = 20)
   9836  1073      959.1429   635      927.0000      959.1429 18482954    3.47%
  10045  1163      959.1429   527      927.0000      959.1429 18729970    3.47%
  10310  1328      959.0476   244      927.0000      959.1429 19124272    3.47%
  10604  1563      959.1429   627      927.0000      959.1429 19725655    3.47%
  10804  1695      959.1429   688      927.0000      959.1429 20085858    3.47%
  10991  2120      959.1429   478      927.0000      959.1429 21460376    3.47%
  11102  2012      959.1429   335      927.0000      959.1429 21125518    3.47%
  11236  2129      959.1429   416      927.0000      959.1429 21503650    3.47%
  11374  2461      959.1429   385      927.0000      959.1429 23140856    3.47%
  11561  2466      959.1429   426      927.0000      959.1429 23168339    3.47%
Elapsed time = 4604.26 sec. (1104682.53 ticks, tree = 53.23 MB, solutions = 20)
  11734  2649      959.1429   378      927.0000      959.1429 24308234    3.47%
  11930  2632    infeasible            927.0000      959.1429 24163699    3.47%
  12082  2859      958.9898   320      927.0000      959.1429 25244087    3.47%
  12203  3019      942.4043   398      927.0000      959.1429 25974593    3.47%
  12359  2953    infeasible            927.0000      959.1429 25902207    3.47%
  12494  3165      957.6669   232      927.0000      959.1429 26363601    3.47%
  12612  3266      957.4167   219      927.0000      959.1429 26745018    3.47%
  12719  3235      958.0327   312      927.0000      959.1429 26688516    3.47%
  12858  3505      959.0595   276      927.0000      959.1429 28174925    3.47%
  12992  3179      959.1429   594      927.0000      959.1429 26380438    3.47%
Elapsed time = 5097.70 sec. (1143125.43 ticks, tree = 75.05 MB, solutions = 20)
  13080  3492      954.5833   266      927.0000      959.1429 28080597    3.47%
  13168  3722    infeasible            927.0000      959.1429 28937189    3.47%
  13241  3803      958.2323   342      927.0000      959.1429 29110226    3.47%
* 13262+ 3731                          929.0000      959.1429             3.24%
  13293  3857      955.8378   357      929.0000      959.1429 29245854    3.24%
  13381  3885      959.1429   409      929.0000      959.1429 29354398    3.24%
Exception raised in listener 'MipGapPrinter': 'int' object is not callable, id=100
  13466  3930      959.1429   313      929.0000      959.1429 29497139    3.24%
  13537  3969      958.5714   292      929.0000      959.1429 29713184    3.24%
  13618  4042      959.1429   479      929.0000      959.1429 30188960    3.24%
  13686  4095      959.1429   572      929.0000      959.1429 30461711    3.24%
  13753  4145      956.6531   388      929.0000      959.1429 30670019    3.24%
Elapsed time = 5598.05 sec. (1181559.38 ticks, tree = 260.73 MB, solutions = 21)
  13824  4182      958.6585   355      929.0000      959.1429 30887768    3.24%
  13885  4155      959.1429   338      929.0000      959.1429 30718807    3.24%
  13943  4214      957.4338   238      929.0000      959.1429 30974087    3.24%
  13991  4313      951.8258   436      929.0000      959.1429 31259173    3.24%
  14041  4321      958.4693   214      929.0000      959.1429 31283320    3.24%
  14080  4357      955.3994   316      929.0000      959.1429 31508108    3.24%
  14127  4324      959.0752   453      929.0000      959.1429 31301253    3.24%
  14185  4401    infeasible            929.0000      959.1429 31644391    3.24%
  14218  4355      958.0893   340      929.0000      959.1429 31489398    3.24%
  14238  4201      959.1429   679      929.0000      959.1429 30936522    3.24%
Elapsed time = 6156.91 sec. (1220936.84 ticks, tree = 282.37 MB, solutions = 22)
  14264  4477      958.5476   388      929.0000      959.1429 32175896    3.24%
  14294  4473      956.1721   361      929.0000      959.1429 32095346    3.24%
  14341  4551      959.0705   367      929.0000      959.1429 32466976    3.24%
  14396  4548      959.0278   165      929.0000      959.1429 32436124    3.24%
  14443  4595      959.1429   631      929.0000      959.1429 32617151    3.24%
  14485  4600      958.3250   361      929.0000      959.1429 32669763    3.24%
  14552  4631      959.1429   547      929.0000      959.1429 32655016    3.24%
* 14572+ 4415                          933.0000      959.1429             2.80%
  14587  4740      950.4272   354      933.0000      959.1429 33155612    2.80%
Exception raised in listener 'MipGapPrinter': 'int' object is not callable, id=107
  14636  4684      958.7767   378      933.0000      959.1429 33038724    2.80%
  14704  4691    infeasible            933.0000      959.1429 33045340    2.80%
Elapsed time = 6689.10 sec. (1259735.54 ticks, tree = 398.55 MB, solutions = 23)
  14758  4767      958.4677   302      933.0000      959.1429 33341488    2.80%
  14809  4840      959.1429   327      933.0000      959.1429 33683065    2.80%
  14871  4945      956.4639   320      933.0000      959.1429 33895442    2.80%
  14940  4918      958.1203   296      933.0000      959.1429 33892005    2.80%
  14987  4954      959.1429   435      933.0000      959.1429 33973645    2.80%
  15017  5017      959.1429   409      933.0000      959.1429 34086215    2.80%
  15069  4990      957.8727   320      933.0000      959.1429 34049014    2.80%
  15132  5121      958.4107   441      933.0000      959.1429 34297635    2.80%
  15183  5069      954.4884   245      933.0000      959.1429 34203491    2.80%
  15212  5201      954.0119   288      933.0000      959.1429 34648587    2.80%
Elapsed time = 7261.02 sec. (1298952.54 ticks, tree = 430.17 MB, solutions = 23)
  15231  5204    infeasible            933.0000      959.1429 34672715    2.80%
  15260  5067      959.1429   515      933.0000      959.1429 34211453    2.80%
  15299  5239      956.7399   285      933.0000      959.1429 34786911    2.80%
  15328  5263      959.1429   440      933.0000      959.1429 34971011    2.80%
  15382  5273      955.6592   380      933.0000      959.1429 35117023    2.80%
* 15447+ 5207                          934.0000      959.1429             2.69%
  15456  5294      957.2855   338      934.0000      959.1429 35198857    2.69%
* 15477+ 5207                          936.0000      959.1429             2.47%
Exception raised in listener 'MipGapPrinter': 'int' object is not callable, id=111
  15529  5351      959.1429   460      936.0000      959.1429 35466719    2.47%
  15584  5348      959.1429   493      936.0000      959.1429 35355853    2.47%
  15644  5388    infeasible            936.0000      959.1429 35493812    2.47%
  15688  5403      959.0837   329      936.0000      959.1429 35658329    2.47%
Elapsed time = 7623.19 sec. (1337863.44 ticks, tree = 469.71 MB, solutions = 25)
  15705  3899      959.1429   832      936.0000      959.1429 29449351    2.47%
  15742  5510      958.3329   336      936.0000      959.1429 35949735    2.47%
  15776  5532      959.1429   485      936.0000      959.1429 36005603    2.47%
  15821  5589      956.5143   251      936.0000      959.1429 36179559    2.47%
  15880  5593      954.9962   240      936.0000      959.1429 36202685    2.47%
  15942  5619      959.1429   429      936.0000      959.1429 36257822    2.47%
  16001  5621      959.1429   323      936.0000      959.1429 36262704    2.47%
  16109  5654      951.3313   354      936.0000      959.1429 36335377    2.47%
  16179  5762      959.1429   517      936.0000      959.1429 36689659    2.47%
  16257  5852      956.7221   307      936.0000      959.1429 36993781    2.47%
Elapsed time = 8025.40 sec. (1376864.33 ticks, tree = 593.63 MB, solutions = 25)
  16316  5880      950.9891   406      936.0000      959.1429 37154550    2.47%
  16364  5796      958.5814   384      936.0000      959.1429 36871629    2.47%
  16426  5885      950.8424   344      936.0000      959.1429 37183818    2.47%
  16487  6069      959.1429   493      936.0000      959.1429 37612378    2.47%
  16556  6146      959.1429   527      936.0000      959.1429 37805424    2.47%
  16610  6158      959.1429   467      936.0000      959.1429 37827198    2.47%
  16651  6110      959.1429   501      936.0000      959.1429 37667559    2.47%
  16698  6239      956.7424   427      936.0000      959.1429 38137327    2.47%
  16747  6244      956.6804   419      936.0000      959.1429 38151652    2.47%
  16797  6162      958.8997   319      936.0000      959.1429 37947779    2.47%
Elapsed time = 8439.86 sec. (1415372.50 ticks, tree = 611.33 MB, solutions = 25)
  16864  6311      959.1429   640      936.0000      959.1429 38314366    2.47%
  16943  6476      952.7349   410      936.0000      959.1429 38988522    2.47%
  16990  6565      959.1429   557      936.0000      959.1429 39150307    2.47%
  17021  6629        cutoff            936.0000      959.1429 39396568    2.47%
  17077  6647      958.1117   446      936.0000      959.1429 39422892    2.47%
  17123  6702      959.0476   304      936.0000      959.1429 39618840    2.47%
  17176  6545      959.1429   400      936.0000      959.1429 39129501    2.47%
  17227  6744      950.9257   385      936.0000      959.1429 39639357    2.47%
  17288  6823      956.3272   337      936.0000      959.1429 39945860    2.47%
  17332  6802      958.3479   345      936.0000      959.1429 39898969    2.47%
Elapsed time = 8869.50 sec. (1454211.73 ticks, tree = 674.05 MB, solutions = 25)
  17386  6883      959.1429   376      936.0000      959.1429 40057596    2.47%
  17457  6873      959.0476   436      936.0000      959.1429 40041401    2.47%
  17583  6968      958.9524   320      936.0000      959.1429 40257384    2.47%
  17675  6911      959.1429   322      936.0000      959.1429 40139057    2.47%
  17777  7198      959.0426   266      936.0000      959.1429 41165171    2.47%
  17903  7201      959.0426   253      936.0000      959.1429 41200979    2.47%
  17995  7163      956.7434   319      936.0000      959.1429 40965053    2.47%
  18108  7207      959.0426   251      936.0000      959.1429 41258357    2.47%
  18233  7325      953.7500   316      936.0000      959.1429 41623758    2.47%
  18364  7650      959.1429   304      936.0000      959.1429 43051215    2.47%
Elapsed time = 9277.54 sec. (1492965.12 ticks, tree = 827.95 MB, solutions = 25)
  18484  7588      956.4164   345      936.0000      959.1429 42713039    2.47%
  18602  7777    infeasible            936.0000      959.1429 43714590    2.47%
  18734  7785      945.4994   324      936.0000      959.1429 43729635    2.47%
  18865  7793    infeasible            936.0000      959.1429 43741066    2.47%
  18963  7870      955.0868   325      936.0000      959.1429 44097019    2.47%
  19090  7894      958.2475   406      936.0000      959.1429 44165599    2.47%
  19212  7860      952.9125   402      936.0000      959.1429 43955962    2.47%
  19337  8197      957.1143   298      936.0000      959.1429 44972221    2.47%
  19404  8187      946.6751   391      936.0000      959.1429 44929322    2.47%
  19480  8436    infeasible            936.0000      959.1429 45438459    2.47%
Elapsed time = 9728.05 sec. (1531632.05 ticks, tree = 987.20 MB, solutions = 25)
  19535  8364      951.7715   467      936.0000      959.1429 45180326    2.47%
  19623  8534      953.1883   310      936.0000      959.1429 45558612    2.47%
  19703  8600      959.1429   406      936.0000      959.1429 45661453    2.47%
  19761  8487      958.2917   382      936.0000      959.1429 45513542    2.47%
  19837  8562    infeasible            936.0000      959.1429 45574726    2.47%
  19915  8583      950.1754   290      936.0000      959.1429 45580309    2.47%
  20002  8796      939.4865   281      936.0000      959.1429 46056800    2.47%
  20053  8701      959.1429   366      936.0000      959.1429 45987324    2.47%
  20091  8834    infeasible            936.0000      959.1429 46120785    2.47%
  20128  8848      959.1429   394      936.0000      959.1429 46300795    2.47%
Elapsed time = 10254.64 sec. (1570801.79 ticks, tree = 1266.56 MB, solutions = 25)
  20159  8680      959.1429   396      936.0000      959.1429 45914893    2.47%
  20186  8998      954.2068   306      936.0000      959.1429 46670734    2.47%
  20204  9004      952.7929   325      936.0000      959.1429 46673304    2.47%
  20243  8915      959.1429   457      936.0000      959.1429 46508932    2.47%
  20287  9050      958.3155   610      936.0000      959.1429 46848530    2.47%
  20349  8965      957.4234   260      936.0000      959.1429 46737656    2.47%
  20419  9064      958.3155   590      936.0000      959.1429 46879463    2.47%
  20485  9217      959.1429   483      936.0000      959.1429 47304709    2.47%
  20573  9133      956.3605   238      936.0000      959.1429 47099871    2.47%
  20612  9202      959.1429   462      936.0000      959.1429 47283305    2.47%
Elapsed time = 10726.80 sec. (1610074.90 ticks, tree = 1366.55 MB, solutions = 25)
  20670  9209      957.1722   363      936.0000      959.1429 47283391    2.47%
  20758  9269      958.7143   392      936.0000      959.1429 47388425    2.47%
  20795  9423      954.2123   286      936.0000      959.1429 48341354    2.47%
  20857  9405      959.1429   428      936.0000      959.1429 48144808    2.47%
  20914  9402      955.6190   511      936.0000      959.1429 48221057    2.47%
  20986  9411      959.1429   335      936.0000      959.1429 48175166    2.47%
  21047  9451      955.7698   397      936.0000      959.1429 48610826    2.47%
  21110  9674      959.1429   276      936.0000      959.1429 49529475    2.47%
  21215  9699      950.7602   253      936.0000      959.1429 49661598    2.47%
  21305  9684      959.1429   233      936.0000      959.1429 49548114    2.47%
Elapsed time = 11190.15 sec. (1648983.50 ticks, tree = 1443.43 MB, solutions = 25)
  21383  9762      953.9762   330      936.0000      959.1429 50017843    2.47%
  21444  9712      957.8386   358      936.0000      959.1429 49802551    2.47%
  21500  9772      953.1699   376      936.0000      959.1429 50025446    2.47%
  21564  9736      950.1755   257      936.0000      959.1429 49847010    2.47%
  21631  9861      959.0794   253      936.0000      959.1429 50282185    2.47%
  21689  9835      943.0833   353      936.0000      959.1429 50208503    2.47%
  21726  9941      959.1429   419      936.0000      959.1429 50511744    2.47%
  21783  9887      953.4048   373      936.0000      959.1429 50414256    2.47%
  21852 10083      954.2335   499      936.0000      959.1429 50871411    2.47%
  21909 10109      948.3731   317      936.0000      959.1429 50786369    2.47%
Elapsed time = 11691.61 sec. (1687804.92 ticks, tree = 1495.94 MB, solutions = 25)
  21950 10095      956.4474   424      936.0000      959.1429 50813746    2.47%
  21991 10221      958.8046   475      936.0000      959.1429 51133366    2.47%
  22031 10347      956.7412   357      936.0000      959.1429 51400996    2.47%
  22072 10222      958.5588   462      936.0000      959.1429 51143805    2.47%
  22135 10345      954.1321   456      936.0000      959.1429 51433882    2.47%
  22190 10442      957.2172   538      936.0000      959.1429 51697115    2.47%
  22269 10424      959.1429   321      936.0000      959.1429 51684131    2.47%
  22317 10431      959.1429   248      936.0000      959.1429 51710617    2.47%
  22362 10456      955.3838   491      936.0000      959.1429 51706815    2.47%
  22439 10428      955.4970   385      936.0000      959.1429 51683527    2.47%
Elapsed time = 12155.45 sec. (1726425.75 ticks, tree = 1590.89 MB, solutions = 25)
  22552 10436      959.0238   226      936.0000      959.1429 51713035    2.47%
  22675 10664      947.2543   394      936.0000      959.1429 52060555    2.47%
  22747 10493      959.1429   296      936.0000      959.1429 51908205    2.47%
  22841 10701      958.5424   307      936.0000      959.1429 52154628    2.47%
  22916 10884      959.1429   377      936.0000      959.1429 52615062    2.47%
  23010 10809      955.1595   262      936.0000      959.1429 52389389    2.47%
  23093 10885      950.5180   326      936.0000      959.1429 52636075    2.47%
  23162 11036      949.7441   535      936.0000      959.1429 53133500    2.47%
  23231 10900      959.1429   363      936.0000      959.1429 52679536    2.47%
  23273 11314      948.7324   321      936.0000      959.1429 54242701    2.47%
Elapsed time = 12625.33 sec. (1765433.87 ticks, tree = 1819.68 MB, solutions = 25)
  23320 11089      958.8817   308      936.0000      959.1429 53338947    2.47%
  23377 11371      959.1429   357      936.0000      959.1429 54332810    2.47%
  23448 11379      959.1429   332      936.0000      959.1429 54337417    2.47%
  23490 11565    infeasible            936.0000      959.1429 54624871    2.47%
  23538 11565        cutoff            936.0000      959.1429 54629565    2.47%
  23592 11536      958.3778   380      936.0000      959.1429 54609500    2.47%
  23651 11421      958.9762   367      936.0000      959.1429 54579618    2.47%
  23707 11798      956.6880   362      936.0000      959.1429 55107090    2.47%
  23776 11611      955.2926   315      936.0000      959.1429 54760391    2.47%
  23835 11751      955.6906   271      936.0000      959.1429 54926328    2.47%
Elapsed time = 13122.44 sec. (1803893.17 ticks, tree = 1853.06 MB, solutions = 25)
  23890 11824      951.3097   258      936.0000      959.1429 55005832    2.47%
  23959 11836      939.2534   278      936.0000      959.1429 55010225    2.47%
  24029 11784    infeasible            936.0000      959.1429 54939879    2.47%
  24089 11835      958.8869   514      936.0000      959.1429 55268377    2.47%
  24148 11866    infeasible            936.0000      959.1429 55305257    2.47%
  24216 11899      956.8855   382      936.0000      959.1429 55332262    2.47%
  24284 12041      959.1429   357      936.0000      959.1429 55883161    2.47%
  24379 12052      949.6231   410      936.0000      959.1429 55882684    2.47%
  24481 11970      959.1429   467      936.0000      959.1429 55850890    2.47%
  24545 12118      947.2713   377      936.0000      959.1429 55947460    2.47%
Elapsed time = 13593.94 sec. (1842464.87 ticks, tree = 1985.18 MB, solutions = 25)
  24635 12186      959.1429   672      936.0000      959.1429 56129261    2.47%
  24716 12198      952.9179   386      936.0000      959.1429 56201309    2.47%
  24818 12208      954.3979   384      936.0000      959.1429 56192959    2.47%
  24896 12450      959.1190   313      936.0000      959.1429 56989137    2.47%
  24928 12434      958.9444   258      936.0000      959.1429 56831040    2.47%
  24947 12567      959.1429   395      936.0000      959.1429 57466705    2.47%
  24981 12568      959.1429   453      936.0000      959.1429 57472701    2.47%
  25010 12614      959.1310   367      936.0000      959.1429 57606993    2.47%
  25053 12668      959.1429   400      936.0000      959.1429 57845021    2.47%
  25083 12689      953.3614   316      936.0000      959.1429 57871873    2.47%
Elapsed time = 14166.61 sec. (1881897.86 ticks, tree = 2203.11 MB, solutions = 25)
Nodefile size = 151.34 MB (87.57 MB after compression)
  25116 12694      951.9495   337      936.0000      959.1429 57874774    2.47%
  25130 12696      951.9295   324      936.0000      959.1429 57875059    2.47%
  25172 12791      947.3036   279      936.0000      959.1429 58132691    2.47%
  25206 12795      946.5873   278      936.0000      959.1429 58136058    2.47%
  25239 12922      958.8690   432      936.0000      959.1429 58320174    2.47%
  25257 12910      958.9444   274      936.0000      959.1429 58264502    2.47%

GUB cover cuts applied:  876
Clique cuts applied:  31
Cover cuts applied:  336
Implied bound cuts applied:  1382
Flow cuts applied:  13
Mixed integer rounding cuts applied:  191
Zero-half cuts applied:  338
Lift and project cuts applied:  10
Gomory fractional cuts applied:  156

Root node processing (before b&c):
  Real time             =  995.52 sec. (396688.63 ticks)
Parallel b&c, 24 threads:
  Real time             = 13410.72 sec. (1513472.50 ticks)
  Sync time (average)   = 2953.50 sec.
  Wait time (average)   =    0.32 sec.
                          ------------
Total (root+branch&cut) = 14406.25 sec. (1910161.13 ticks)
status  = time limit exceeded
time    = 14406.3 s.
problem = MILP
gap     = 2.47253%

Objective value: 936.0
[50, 50, 8, 4, 400, 141, 936, 959, 2.47, 14406.27]
number of spatial :  768
Heuristic Solution information :  [50, 50, 8, 4, 400, 139, 795, 27, 768]
