CPXPARAM_Read_DataCheck                          1
CPXPARAM_TimeLimit                               14400
Aggregator has done 2427 substitutions...
Tried aggregator 2 times.
MIP Presolve eliminated 50093 rows and 453067 columns.
MIP Presolve modified 3876 coefficients.
Aggregator did 2427 substitutions.
Reduced MIP has 559472 rows, 128846 columns, and 1946400 nonzeros.
Reduced MIP has 118846 binaries, 0 generals, 0 SOSs, and 0 indicators.
Presolve time = 7.20 sec. (15444.26 ticks)
Probing time = 4.12 sec. (46.15 ticks)
Tried aggregator 1 time.
MIP Presolve eliminated 392000 rows and 8000 columns.
Reduced MIP has 167472 rows, 120846 columns, and 1162400 nonzeros.
Reduced MIP has 118846 binaries, 0 generals, 0 SOSs, and 0 indicators.
Presolve time = 3.02 sec. (1970.93 ticks)
Probing time = 2.37 sec. (35.17 ticks)
Clique table members: 63731.
MIP emphasis: balance optimality and feasibility.
MIP search method: dynamic search.
Parallel mode: deterministic, using up to 24 threads.
Root relaxation solution time = 87.19 sec. (9507.96 ticks)

        Nodes                                         Cuts/
   Node  Left     Objective  IInf  Best Integer    Best Bound    ItCnt     Gap

*     0+    0                         1490.0000     2448.0000            64.30%
      0     0     2433.3000  1070     1490.0000     2433.3000    90109   63.31%
Exception raised in listener 'MipGapPrinter': 'int' object is not callable, id=1
*     0+    0                         2054.0000     2433.3000            18.47%
Exception raised in listener 'MipGapPrinter': 'int' object is not callable, id=3
      0     0     2433.3000  1352     2054.0000     Cuts: 944   117519   18.47%
      0     0     2433.3000  1278     2054.0000     Cuts: 196   142501   18.47%
      0     0     2433.3000  1382     2054.0000     Cuts: 577   171134   18.47%
*     0+    0                         2297.0000     2433.3000             5.93%
*     0+    0                         2312.0000     2433.3000             5.25%
*     0+    0                         2316.0000     2433.3000             5.06%
*     0+    0                         2342.0000     2433.3000             3.90%
Exception raised in listener 'MipGapPrinter': 'int' object is not callable, id=9
Heuristic still looking.
Heuristic still looking.
*     0+    0                         2388.0000     2433.3000             1.90%
*     0+    0                         2396.0000     2433.3000             1.56%
*     0+    0                         2398.0000     2433.3000             1.47%
Exception raised in listener 'MipGapPrinter': 'int' object is not callable, id=10
      0     2     2433.3000   861     2398.0000     2433.3000   171134    1.47%
Elapsed time = 2854.31 sec. (273384.60 ticks, tree = 0.02 MB, solutions = 9)
      1     3     2433.3000  1174     2398.0000     2433.3000   201800    1.47%
      2     4     2433.3000  1171     2398.0000     2433.3000   226171    1.47%
      3     3     2433.3000  1191     2398.0000     2433.3000   203056    1.47%
      4     5     2433.3000  1259     2398.0000     2433.3000   252537    1.47%
      5     7     2433.3000  1245     2398.0000     2433.3000   287069    1.47%
      6     8     2433.3000  1313     2398.0000     2433.3000   291500    1.47%
      7     6     2433.3000  1203     2398.0000     2433.3000   284337    1.47%
      8     9     2433.3000  1533     2398.0000     2433.3000   293739    1.47%
      9    10     2433.3000  1684     2398.0000     2433.3000   320144    1.47%
     12     4     2433.3000  1163     2398.0000     2433.3000   226090    1.47%
Elapsed time = 5291.31 sec. (387628.17 ticks, tree = 0.02 MB, solutions = 9)
     13    13     2433.3000  1357     2398.0000     2433.3000   323842    1.47%
     14    16     2433.3000  1195     2398.0000     2433.3000   356964    1.47%
     16    17     2433.3000  1229     2398.0000     2433.3000   361316    1.47%
     19    20     2433.3000  1237     2398.0000     2433.3000   364049    1.47%
     21    21     2433.3000  1062     2398.0000     2433.3000   370066    1.47%
     23    15     2433.3000  1086     2398.0000     2433.3000   350658    1.47%
     24    22     2433.3000  1215     2398.0000     2433.3000   377241    1.47%
*    25+    5                         2400.0000     2433.3000             1.39%
     25    23     2433.3000  1381     2400.0000     2433.3000   379993    1.39%
     27    25     2433.3000  1188     2400.0000     2433.3000   383256    1.39%
     28    26     2433.3000  1191     2400.0000     2433.3000   387858    1.39%
Elapsed time = 7053.32 sec. (417328.08 ticks, tree = 0.07 MB, solutions = 9)
     30    28     2433.3000  1036     2400.0000     2433.3000   390195    1.39%
     32    30     2433.3000  1004     2400.0000     2433.3000   394853    1.39%
*    34+    3                         2402.0000     2433.3000             1.30%
     35    32     2433.3000   996     2402.0000     2433.3000   397571    1.30%
     39    36     2433.3000   953     2402.0000     2433.3000   402201    1.30%
     41    38     2433.3000   951     2402.0000     2433.3000   406905    1.30%
     44    39     2433.3000   909     2402.0000     2433.3000   410600    1.30%
     47    42     2433.3000   926     2402.0000     2433.3000   415818    1.30%
     49    28     2433.3000  1236     2402.0000     2433.3000   420939    1.30%
     53    29     2433.3000  1260     2402.0000     2433.3000   425047    1.30%
     55    49     2433.3000   948     2402.0000     2433.3000   462612    1.30%
Elapsed time = 7476.87 sec. (432215.37 ticks, tree = 1.20 MB, solutions = 10)
*    56+    4                         2406.0000     2433.3000             1.13%
     57    50     2433.3000   864     2406.0000     2433.3000   465039    1.13%
     61    32     2433.3000  1262     2406.0000     2433.3000   430538    1.13%
*    66+    4                         2410.0000     2433.3000             0.97%
     66    52     2433.3000   827     2410.0000     2433.3000   473822    0.97%
     70    53     2433.3000   859     2410.0000     2433.3000   480451    0.97%
     73    53    infeasible           2410.0000     2433.3000   485234    0.97%
     77    56     2433.3000   789     2410.0000     2433.3000   492680    0.97%
     80    22     2433.3000  1186     2410.0000     2433.3000   377325    0.97%
Exception raised in listener 'MipGapPrinter': 'int' object is not callable, id=28
     86    58     2433.3000  1030     2410.0000     2433.3000   514708    0.97%
     93    70     2433.3000   693     2410.0000     2433.3000   558794    0.97%
    103    73     2433.3000   665     2410.0000     2433.3000   561359    0.97%
Elapsed time = 7786.84 sec. (443796.76 ticks, tree = 2.24 MB, solutions = 13)
    113    61     2433.3000  1036     2410.0000     2433.3000   524663    0.97%
    121    79     2433.3000   589     2410.0000     2433.3000   566507    0.97%
    128    63     2433.3000   828     2410.0000     2433.3000   500582    0.97%
*   134+    6                         2414.0000     2433.3000             0.80%
    138    66     2433.3000   795     2414.0000     2433.3000   502617    0.80%
    148    75     2433.3000  1072     2414.0000     2433.3000   583643    0.80%
    155   102     2433.3000   557     2414.0000     2433.3000   609367    0.80%
    160   106     2433.3000   517     2414.0000     2433.3000   612136    0.80%
    165   109    infeasible           2414.0000     2433.3000   614194    0.80%
    170   114     2433.3000   525     2414.0000     2433.3000   617158    0.80%
    174   118     2433.3000   515     2414.0000     2433.3000   621251    0.80%
Elapsed time = 7993.91 sec. (454926.20 ticks, tree = 4.32 MB, solutions = 14)
    178    67     2433.3000  1013     2414.0000     2433.3000   538161    0.80%
    183   150     2433.3000   888     2414.0000     2433.3000   678743    0.80%
    187   152     2433.3000   891     2414.0000     2433.3000   681030    0.80%
    192   155     2433.3000   835     2414.0000     2433.3000   682401    0.80%
    198   157     2433.3000  1105     2414.0000     2433.3000   690355    0.80%
    206   168     2433.3000   835     2414.0000     2433.3000   708504    0.80%
    213   168     2433.3000   763     2414.0000     2433.3000   704139    0.80%
    224   171     2433.3000   754     2414.0000     2433.3000   705556    0.80%
    233   155     2433.3000   960     2414.0000     2433.3000   698997    0.80%
    237   190     2433.3000   490     2414.0000     2433.3000   724310    0.80%
Elapsed time = 8172.73 sec. (466340.18 ticks, tree = 6.27 MB, solutions = 21)
    245   194     2433.3000   479     2414.0000     2433.3000   726809    0.80%
    254   170     2433.3000   937     2414.0000     2433.3000   716844    0.80%
    264   202     2433.3000   519     2414.0000     2433.3000   729489    0.80%
    279   186     2433.3000   954     2414.0000     2433.3000   761871    0.80%
    300   188     2433.3000   918     2414.0000     2433.3000   762714    0.80%
    320   210     2433.3000   629     2414.0000     2433.3000   771203    0.80%
    332   233     2433.3000   472     2414.0000     2433.3000   785276    0.80%
    350   245     2433.3000   818     2414.0000     2433.3000   806655    0.80%
    364   194     2433.3000   895     2414.0000     2433.3000   766724    0.80%
    380    10     2433.3000  1584     2414.0000     2433.3000   320709    0.80%
Elapsed time = 8339.78 sec. (476147.79 ticks, tree = 0.02 MB, solutions = 28)
    392    17     2433.3000  1172     2414.0000     2433.3000   358529    0.80%
Exception raised in listener 'MipGapPrinter': 'int' object is not callable, id=29
    409   270     2433.3000   673     2414.0000     2433.3000   817294    0.80%
    428   248     2433.3000   798     2414.0000     2433.3000   814860    0.80%
    445   275     2433.3000   634     2414.0000     2433.3000   821338    0.80%
    473   278     2433.3000   601     2414.0000     2433.3000   822519    0.80%
    489   294     2433.3000   756     2414.0000     2433.3000   837118    0.80%
    510   288     2433.3000   933     2414.0000     2433.3000   840033    0.80%
    529   338     2433.3000  1027     2414.0000     2433.3000   901402    0.80%
    547   300     2433.3000   777     2414.0000     2433.3000   840641    0.80%
    565   246     2433.3000  1003     2414.0000     2433.3000   814696    0.80%
Elapsed time = 8561.57 sec. (485989.99 ticks, tree = 6.94 MB, solutions = 29)
    582   367     2433.3000   987     2414.0000     2433.3000   920693    0.80%
    604   308     2433.3000   857     2414.0000     2433.3000   871113    0.80%
    622   400     2433.3000   543     2414.0000     2433.3000   940933    0.80%
    645   355     2433.3000   370     2414.0000     2433.3000   912860    0.80%
    670   375     2433.3000   911     2414.0000     2433.3000   924955    0.80%
    695   429     2433.3000   710     2414.0000     2433.3000   969671    0.80%
    720   378     2433.3000   852     2414.0000     2433.3000   928070    0.80%
    745   381     2433.3000   839     2414.0000     2433.3000   929200    0.80%
    761   234     2433.3000   782     2414.0000     2433.3000   802019    0.80%
    785   497     2433.3000   786     2414.0000     2433.3000  1033530    0.80%
Elapsed time = 8767.95 sec. (495936.60 ticks, tree = 15.65 MB, solutions = 30)
    806   440     2433.3000   679     2414.0000     2433.3000   975670    0.80%
    834   546     2433.3000   546     2414.0000     2433.3000  1061269    0.80%
    859   496     2433.3000   410     2414.0000     2433.3000  1039862    0.80%
    886   517     2433.3000   608     2414.0000     2433.3000  1044210    0.80%
    918   557     2433.3000   543     2414.0000     2433.3000  1068648    0.80%
    950   520     2433.3000   653     2414.0000     2433.3000  1047378    0.80%
    980   565     2433.3000   538     2414.0000     2433.3000  1073385    0.80%
   1011   568     2433.3000   525     2414.0000     2433.3000  1076018    0.80%
   1037   527     2433.3000   778     2414.0000     2433.3000  1051061    0.80%
   1154   837     2433.3000   508     2414.0000     2433.3000  1267324    0.80%
Elapsed time = 9044.02 sec. (508691.23 ticks, tree = 30.25 MB, solutions = 30)
   1301   923     2433.3000   707     2414.0000     2433.3000  1320680    0.80%
   1457   951     2433.3000   747     2414.0000     2433.3000  1345106    0.80%
   1651   842     2433.3000   598     2414.0000     2433.3000  1258751    0.80%
   1869  1326     2433.3000   746     2414.0000     2433.3000  1573661    0.80%
   2078  1385     2433.3000   648     2414.0000     2433.3000  1601605    0.80%
   2317  1581    infeasible           2414.0000     2433.3000  1746778    0.80%
   2551  1553     2433.3000   708     2414.0000     2433.3000  1701949    0.80%
   2796  1633     2433.3000   614     2414.0000     2433.3000  1770749    0.80%
   3052  1743     2433.3000   486     2414.0000     2433.3000  1856019    0.80%
   3322  2198     2433.3000   638     2414.0000     2433.3000  2128853    0.80%
Elapsed time = 9703.02 sec. (547010.14 ticks, tree = 94.09 MB, solutions = 31)
   3607  2629     2433.3000   785     2414.0000     2433.3000  2450290    0.80%
   3904  2675     2433.3000   598     2414.0000     2433.3000  2493372    0.80%
   4203  2362     2433.3000   538     2414.0000     2433.3000  2270140    0.80%
   4521  3072     2433.3000   652     2414.0000     2433.3000  2735042    0.80%
   4811  3574     2433.3000   548     2414.0000     2433.3000  3128389    0.80%
   5103  3291     2433.3000   415     2414.0000     2433.3000  2945974    0.80%
   5412  3723     2433.3000   581     2414.0000     2433.3000  3231828    0.80%
   5628  4525     2433.3000   541     2414.0000     2433.3000  3926111    0.80%
   5840  4317     2433.3000   305     2414.0000     2433.3000  3778856    0.80%
*  5948+ 3995                         2416.0000     2433.3000             0.72%
*  5958+ 3995                         2418.0000     2433.3000             0.63%
   6083  4368    infeasible           2418.0000     2433.3000  3816955    0.63%
Elapsed time = 10303.91 sec. (585343.51 ticks, tree = 226.00 MB, solutions = 37)
   6284  4631     2433.3000   405     2418.0000     2433.3000  4030602    0.63%
   6342  4740     2433.3000   404     2418.0000     2433.3000  4158704    0.63%
   6353    22     2433.3000  1130     2418.0000     2433.3000   370815    0.63%

GUB cover cuts applied:  50
Clique cuts applied:  26
Cover cuts applied:  136
Implied bound cuts applied:  3187
Flow cuts applied:  13
Mixed integer rounding cuts applied:  526
Zero-half cuts applied:  185
Gomory fractional cuts applied:  47

Root node processing (before b&c):
  Real time             = 2844.50 sec. (273150.12 ticks)
Parallel b&c, 24 threads:
  Real time             = 11557.70 sec. (1089811.91 ticks)
  Sync time (average)   = 3748.15 sec.
  Wait time (average)   =    0.00 sec.
                          ------------
Total (root+branch&cut) = 14402.20 sec. (1362962.03 ticks)
status  = time limit exceeded
time    = 14405.2 s.
problem = MILP
gap     = 0.430108%

Objective value: 2418.0
[50, 200, 8, 4, 400, 385, 2418, 2428, 0.43, 14405.17]
number of spatial :  2179
Heuristic Solution information :  [50, 200, 8, 4, 400, 353, 2206, 27, 2179]
