CPXPARAM_Read_DataCheck                          1
CPXPARAM_TimeLimit                               14400
Aggregator has done 2427 substitutions...
Tried aggregator 2 times.
MIP Presolve eliminated 99008 rows and 339775 columns.
MIP Presolve modified 5836 coefficients.
Aggregator did 2427 substitutions.
Reduced MIP has 626482 rows, 242138 columns, and 2843847 nonzeros.
Reduced MIP has 232138 binaries, 0 generals, 0 SOSs, and 0 indicators.
Presolve time = 3.14 sec. (16527.45 ticks)
Probing time = 1.02 sec. (73.85 ticks)
Tried aggregator 1 time.
MIP Presolve eliminated 294000 rows and 6000 columns.
Reduced MIP has 332482 rows, 236138 columns, and 2255847 nonzeros.
Reduced MIP has 232138 binaries, 0 generals, 0 SOSs, and 0 indicators.
Presolve time = 2.17 sec. (3611.53 ticks)
Probing time = 0.72 sec. (64.79 ticks)
Clique table members: 126168.
MIP emphasis: balance optimality and feasibility.
MIP search method: dynamic search.
Parallel mode: deterministic, using up to 24 threads.
Root relaxation solution time = 60.36 sec. (13196.63 ticks)

        Nodes                                         Cuts/
   Node  Left     Objective  IInf  Best Integer    Best Bound    ItCnt     Gap

*     0+    0                         1251.0000     2448.0000            95.68%
      0     0     2448.0000  1585     1251.0000     2448.0000    88921   95.68%
Exception raised in listener 'MipGapPrinter': 'int' object is not callable, id=1
*     0+    0                         1719.0000     2448.0000            42.41%
Exception raised in listener 'MipGapPrinter': 'int' object is not callable, id=3
      0     0     2448.0000  1628     1719.0000     Cuts: 302   124993   42.41%
      0     0     2448.0000  1402     1719.0000     Cuts: 237   150972   42.41%
      0     0     2448.0000  1843     1719.0000     Cuts: 888   230559   42.41%
*     0+    0                         1959.0000     2448.0000            24.96%
*     0+    0                         2231.0000     2448.0000             9.73%
*     0+    0                         2384.0000     2448.0000             2.68%
*     0+    0                         2422.0000     2448.0000             1.07%
*     0+    0                         2426.0000     2448.0000             0.91%
Exception raised in listener 'MipGapPrinter': 'int' object is not callable, id=9
Heuristic still looking.
Heuristic still looking.
Heuristic still looking.
      0     2     2448.0000   762     2426.0000     2448.0000   230559    0.91%
Elapsed time = 3378.15 sec. (790444.93 ticks, tree = 0.02 MB, solutions = 7)
      1     3     2448.0000  1446     2426.0000     2448.0000   282182    0.91%
      2     4     2448.0000  1522     2426.0000     2448.0000   323565    0.91%
      3     3     2448.0000  1326     2426.0000     2448.0000   269752    0.91%
      4     5     2448.0000  1795     2426.0000     2448.0000   369298    0.91%
      5     4     2448.0000  1714     2426.0000     2448.0000   320274    0.91%
      6     6     2448.0000  1740     2426.0000     2448.0000   425852    0.91%
      7     9     2448.0000  1771     2426.0000     2448.0000   516011    0.91%
      8    10     2448.0000  1755     2426.0000     2448.0000   522279    0.91%
      9    11     2448.0000  1947     2426.0000     2448.0000   525803    0.91%
     10    12     2448.0000  1849     2426.0000     2448.0000   526157    0.91%
Elapsed time = 8499.40 sec. (1143916.18 ticks, tree = 0.14 MB, solutions = 7)
     11     7     2448.0000  1736     2426.0000     2448.0000   469525    0.91%
     12    13     2448.0000  1837     2426.0000     2448.0000   526536    0.91%
     13    15     2448.0000  1716     2426.0000     2448.0000   589624    0.91%
     14    16     2448.0000  1652     2426.0000     2448.0000   591645    0.91%
     15    17     2448.0000  1620     2426.0000     2448.0000   597195    0.91%
     16    14     2448.0000  1688     2426.0000     2448.0000   588334    0.91%
     17    19     2448.0000  2294     2426.0000     2448.0000   601462    0.91%
     18    20     2448.0000  1945     2426.0000     2448.0000   605148    0.91%
     19    21     2448.0000  1921     2426.0000     2448.0000   617086    0.91%
     20    22     2448.0000  2131     2426.0000     2448.0000   619298    0.91%
Elapsed time = 9848.99 sec. (1195986.07 ticks, tree = 0.14 MB, solutions = 7)
     21    23     2448.0000  1944     2426.0000     2448.0000   622565    0.91%
     22    24     2448.0000  1945     2426.0000     2448.0000   623543    0.91%
     23    25     2448.0000  1848     2426.0000     2448.0000   626158    0.91%
     24    26     2448.0000  1914     2426.0000     2448.0000   628179    0.91%
     25    27     2448.0000  1813     2426.0000     2448.0000   630841    0.91%
     26    28     2448.0000  1762     2426.0000     2448.0000   633238    0.91%
     27    29     2448.0000  1719     2426.0000     2448.0000   636149    0.91%
     28    30     2448.0000  1669     2426.0000     2448.0000   640698    0.91%
     30    32     2448.0000  1574     2426.0000     2448.0000   645468    0.91%
*    31+    8                         2430.0000     2448.0000             0.74%
     31     5     2448.0000  1892     2430.0000     2448.0000   390474    0.74%
Elapsed time = 10612.70 sec. (1231144.44 ticks, tree = 0.02 MB, solutions = 7)
     32    18     2448.0000  1669     2430.0000     2448.0000   599855    0.74%
     33    29     2448.0000  1504     2430.0000     2448.0000   701397    0.74%
     34    30     2448.0000  1508     2430.0000     2448.0000   704068    0.74%
     36    30    infeasible           2430.0000     2448.0000   706775    0.74%
     38    32     2448.0000  1526     2430.0000     2448.0000   707667    0.74%
     41    35     2448.0000  1498     2430.0000     2448.0000   709357    0.74%
     43    37     2448.0000  1476     2430.0000     2448.0000   711736    0.74%
     45    39     2448.0000  1454     2430.0000     2448.0000   714946    0.74%
     47    41     2448.0000  1488     2430.0000     2448.0000   717958    0.74%
     50    43     2448.0000  1453     2430.0000     2448.0000   720756    0.74%
Elapsed time = 11158.65 sec. (1252564.51 ticks, tree = 1.87 MB, solutions = 7)
     53    45     2448.0000  1497     2430.0000     2448.0000   723684    0.74%
     54    46     2448.0000  1521     2430.0000     2448.0000   725990    0.74%
     56    47     2448.0000  1455     2430.0000     2448.0000   730224    0.74%
     57    48     2448.0000  1411     2430.0000     2448.0000   733377    0.74%
     61    49     2448.0000  1433     2430.0000     2448.0000   736360    0.74%
     65    52     2448.0000  1371     2430.0000     2448.0000   738101    0.74%
     67    54     2448.0000  1375     2430.0000     2448.0000   739891    0.74%
     69    56     2448.0000  1386     2430.0000     2448.0000   742774    0.74%
     73    34     2448.0000  1622     2430.0000     2448.0000   743167    0.74%
     75    35     2448.0000  1566     2430.0000     2448.0000   743945    0.74%
Elapsed time = 11404.93 sec. (1265119.43 ticks, tree = 1.11 MB, solutions = 7)
     78    61     2448.0000  1336     2430.0000     2448.0000   751095    0.74%
     80    63     2448.0000  1316     2430.0000     2448.0000   754478    0.74%
     81    64     2448.0000  1319     2430.0000     2448.0000   756889    0.74%
     83    66     2448.0000  1281     2430.0000     2448.0000   759705    0.74%
     85    68     2448.0000  1289     2430.0000     2448.0000   765030    0.74%
     88    71     2448.0000  1294     2430.0000     2448.0000   767390    0.74%
     90    73     2448.0000  1277     2430.0000     2448.0000   770724    0.74%
     91    74     2448.0000  1280     2430.0000     2448.0000   772898    0.74%
     93    76     2448.0000  1213     2430.0000     2448.0000   776558    0.74%
     94    77     2448.0000  1211     2430.0000     2448.0000   780330    0.74%
Elapsed time = 11715.98 sec. (1277487.88 ticks, tree = 6.23 MB, solutions = 7)
     98    81     2448.0000  1226     2430.0000     2448.0000   782886    0.74%
    101    84     2448.0000  1227     2430.0000     2448.0000   783556    0.74%
    104    87     2448.0000  1238     2430.0000     2448.0000   787083    0.74%
    107    90     2448.0000  1161     2430.0000     2448.0000   790951    0.74%
    110    93     2448.0000  1159     2430.0000     2448.0000   793692    0.74%
*   111+    8                         2444.0000     2448.0000             0.16%
    112    95     2448.0000  1233     2444.0000     2448.0000   798114    0.16%
    114    97     2448.0000  1165     2444.0000     2448.0000   799789    0.16%
    116    99     2448.0000  1141     2444.0000     2448.0000   803041    0.16%
    118   101     2448.0000  1155     2444.0000     2448.0000   806576    0.16%
    120   101    infeasible           2444.0000     2448.0000   810619    0.16%
Elapsed time = 11886.90 sec. (1291775.84 ticks, tree = 9.35 MB, solutions = 7)
    122   103     2448.0000  1140     2444.0000     2448.0000   812548    0.16%
    125   106     2448.0000  1144     2444.0000     2448.0000   819259    0.16%
    127   108     2448.0000  1105     2444.0000     2448.0000   822371    0.16%
    129   110     2448.0000  1095     2444.0000     2448.0000   824145    0.16%
    131     6     2448.0000  1706     2444.0000     2448.0000   439953    0.16%
    132   102     2448.0000  1612     2444.0000     2448.0000   907891    0.16%
    133   103     2448.0000  1653     2444.0000     2448.0000   911183    0.16%
    135   105     2448.0000  1601     2444.0000     2448.0000   917556    0.16%
    137   107     2448.0000  1605     2444.0000     2448.0000   920664    0.16%
    138   108     2448.0000  1611     2444.0000     2448.0000   923637    0.16%
Elapsed time = 12588.20 sec. (1323774.99 ticks, tree = 9.28 MB, solutions = 7)
    139   109     2448.0000  1583     2444.0000     2448.0000   929181    0.16%
    140   110     2448.0000  1535     2444.0000     2448.0000   932842    0.16%
*   141+    8                         2446.0000     2448.0000             0.08%
    141    12     2448.0000  1751     2446.0000     2448.0000   526126    0.08%
    143   112     2448.0000  1476     2446.0000     2448.0000   943772    0.08%
    144   113     2448.0000  1528     2446.0000     2448.0000   946807    0.08%
    146    25     2448.0000  1891     2446.0000     2448.0000   624844    0.08%
    148     8     2448.0000  1919     2446.0000     2448.0000   534071    0.08%
Exception raised in listener 'MipGapPrinter': 'int' object is not callable, id=25
    151   108     2448.0000  1583     2446.0000     2448.0000   937867    0.08%
    153   109     2448.0000  1571     2446.0000     2448.0000   941971    0.08%
    156   109     2448.0000  1513     2446.0000     2448.0000   938246    0.08%
Elapsed time = 13030.42 sec. (1342785.89 ticks, tree = 7.89 MB, solutions = 11)
    158   122     2448.0000  1372     2446.0000     2448.0000  1059220    0.08%
    163   112     2448.0000  1565     2446.0000     2448.0000   949133    0.08%
    168   124     2448.0000  1384     2446.0000     2448.0000  1063593    0.08%
    174   109     2448.0000  1586     2446.0000     2448.0000   938686    0.08%
    181   126     2448.0000  1379     2446.0000     2448.0000  1069311    0.08%
    185   111     2448.0000  1570     2446.0000     2448.0000   942873    0.08%
    189   135     2448.0000  1303     2446.0000     2448.0000  1096483    0.08%
    194   131     2448.0000  1397     2446.0000     2448.0000  1077880    0.08%
    198   133     2448.0000  1381     2446.0000     2448.0000  1080251    0.08%
    207   137     2448.0000  1309     2446.0000     2448.0000  1090142    0.08%
Elapsed time = 13404.77 sec. (1357040.54 ticks, tree = 10.47 MB, solutions = 11)
    216   142     2448.0000  1310     2446.0000     2448.0000  1100919    0.08%
    224   176     2448.0000  2012     2446.0000     2448.0000  1254362    0.08%
    233   179     2448.0000  1899     2446.0000     2448.0000  1256442    0.08%
    244   185     2448.0000  1288     2446.0000     2448.0000  1213265    0.08%
    261   183     2448.0000  1788     2446.0000     2448.0000  1265761    0.08%
    272   209     2448.0000  1033     2446.0000     2448.0000  1335442    0.08%
    279   215     2448.0000  1120     2446.0000     2448.0000  1338181    0.08%
    289   223     2448.0000   994     2446.0000     2448.0000  1340691    0.08%
    308   235     2448.0000   957     2446.0000     2448.0000  1383647    0.08%
    334   243     2448.0000  1047     2446.0000     2448.0000  1387219    0.08%
Elapsed time = 14380.97 sec. (1398705.65 ticks, tree = 19.03 MB, solutions = 21)
    364   268     2448.0000   940     2446.0000     2448.0000  1398682    0.08%
    392   283     2448.0000  1159     2446.0000     2448.0000  1411929    0.08%
    395    11     2448.0000  1900     2446.0000     2448.0000   524381    0.08%
    396     7     2448.0000  1794     2446.0000     2448.0000   478227    0.08%
    398    24     2448.0000  1987     2446.0000     2448.0000   623976    0.08%
    399    13     2448.0000  1825     2446.0000     2448.0000   526204    0.08%
    401    21     2448.0000  1873     2446.0000     2448.0000   606683    0.08%
    402    19     2448.0000  1991     2446.0000     2448.0000   599781    0.08%
*   403+   13                         2448.0000     2448.0000             0.00%
    403    23     2448.0000  1997     2448.0000     2448.0000   621364    0.00%
Exception raised in listener 'MipGapPrinter': 'int' object is not callable, id=26

Clique cuts applied:  8
Cover cuts applied:  53
Implied bound cuts applied:  2079
Flow cuts applied:  7
Mixed integer rounding cuts applied:  176
Zero-half cuts applied:  91
Gomory fractional cuts applied:  5

Root node processing (before b&c):
  Real time             = 3373.07 sec. (789657.36 ticks)
Parallel b&c, 24 threads:
  Real time             = 11028.55 sec. (849581.32 ticks)
  Sync time (average)   = 6600.02 sec.
  Wait time (average)   =    0.00 sec.
                          ------------
Total (root+branch&cut) = 14401.62 sec. (1639238.68 ticks)
status  = time limit exceeded
time    = 14401.9 s.
problem = MILP
gap     = 0%

Objective value: 2448.0
[50, 200, 8, 4, 400, 400, 2448, 2448, 0.0, 14401.86]
number of spatial :  2290
Heuristic Solution information :  [50, 200, 8, 4, 400, 378, 2317, 27, 2290]
