CPXPARAM_Read_DataCheck                          1
CPXPARAM_TimeLimit                               14400
Tried aggregator 2 times.
MIP Presolve eliminated 49833 rows and 452999 columns.
MIP Presolve modified 2666 coefficients.
Aggregator did 1208 substitutions.
Reduced MIP has 558511 rows, 127941 columns, and 1741180 nonzeros.
Reduced MIP has 117941 binaries, 0 generals, 0 SOSs, and 0 indicators.
Presolve time = 10.03 sec. (8307.15 ticks)
Probing time = 5.29 sec. (38.34 ticks)
Tried aggregator 1 time.
MIP Presolve eliminated 392000 rows and 8000 columns.
Reduced MIP has 166511 rows, 119941 columns, and 957180 nonzeros.
Reduced MIP has 117941 binaries, 0 generals, 0 SOSs, and 0 indicators.
Presolve time = 4.08 sec. (1276.33 ticks)
Probing time = 3.58 sec. (31.39 ticks)
Clique table members: 63735.
MIP emphasis: balance optimality and feasibility.
MIP search method: dynamic search.
Parallel mode: deterministic, using up to 24 threads.
Root relaxation solution time = 92.21 sec. (7355.09 ticks)

        Nodes                                         Cuts/
   Node  Left     Objective  IInf  Best Integer    Best Bound    ItCnt     Gap

*     0+    0                          740.0000     1224.0000            65.41%
      0     0     1210.5000  1239      740.0000     1210.5000    56800   63.58%
Exception raised in listener 'MipGapPrinter': 'int' object is not callable, id=1
*     0+    0                          967.0000     1210.5000            25.18%
Exception raised in listener 'MipGapPrinter': 'int' object is not callable, id=3
      0     0     1210.5000  1207      967.0000     Cuts: 921    84046   25.18%
      0     0     1210.5000  1415      967.0000     Cuts: 659   115299   25.18%
      0     0     1210.5000  1233      967.0000     Cuts: 143   139603   25.18%
*     0+    0                         1106.0000     1210.5000             9.45%
*     0+    0                         1118.0000     1210.5000             8.27%
*     0+    0                         1148.0000     1210.5000             5.44%
Exception raised in listener 'MipGapPrinter': 'int' object is not callable, id=9
      0     0     1209.0333  1421     1148.0000     Cuts: 600   167901    5.32%
*     0+    0                         1157.0000     1209.0333             4.50%
Exception raised in listener 'MipGapPrinter': 'int' object is not callable, id=12
      0     0     1207.2000  1529     1157.0000     Cuts: 714   205401    4.34%
      0     0     1207.2000  1777     1157.0000     Cuts: 631   238425    4.34%
Heuristic still looking.
Heuristic still looking.
*     0+    0                         1164.0000     1207.2000             3.71%
Exception raised in listener 'MipGapPrinter': 'int' object is not callable, id=16
      0     2     1207.2000   668     1164.0000     1207.2000   238425    3.71%
Elapsed time = 10355.84 sec. (596532.23 ticks, tree = 0.02 MB, solutions = 7)
      1     3     1207.2000   784     1164.0000     1207.2000   240020    3.71%
      2     4     1207.2000   850     1164.0000     1207.2000   241282    3.71%
      3     5     1207.2000   882     1164.0000     1207.2000   242147    3.71%
      4     6     1207.2000   768     1164.0000     1207.2000   243454    3.71%
      5     7     1207.2000   902     1164.0000     1207.2000   244253    3.71%
      6     8     1207.2000   924     1164.0000     1207.2000   244508    3.71%
      7     9     1207.2000   929     1164.0000     1207.2000   244998    3.71%
      8    10     1207.2000   974     1164.0000     1207.2000   245402    3.71%
      9    11     1207.2000   877     1164.0000     1207.2000   246241    3.71%
     10    12     1207.2000   926     1164.0000     1207.2000   247279    3.71%
Elapsed time = 11005.54 sec. (619364.96 ticks, tree = 0.07 MB, solutions = 7)
     12    14     1207.2000   976     1164.0000     1207.2000   248930    3.71%
     14    11     1207.2000   866     1164.0000     1207.2000   245912    3.71%
     16    17     1207.2000   810     1164.0000     1207.2000   251715    3.71%
     21    23     1207.2000   789     1164.0000     1207.2000   255735    3.71%
     27     4     1207.2000   789     1164.0000     1207.2000   240926    3.71%
     33    30     1207.2000   824     1164.0000     1207.2000   258357    3.71%
     42    41     1207.2000   638     1164.0000     1207.2000   264875    3.71%
     52    43     1207.2000   625     1164.0000     1207.2000   266177    3.71%
     65    41     1207.2000   754     1164.0000     1207.2000   264423    3.71%
     74    49     1207.2000   717     1164.0000     1207.2000   270181    3.71%
Elapsed time = 11380.92 sec. (629912.57 ticks, tree = 1.13 MB, solutions = 7)
     90    80     1207.2000   570     1164.0000     1207.2000   281923    3.71%
    107    93     1207.2000   589     1164.0000     1207.2000   285964    3.71%
    118    93     1207.2000   818     1164.0000     1207.2000   288237    3.71%
    136   117     1207.2000   655     1164.0000     1207.2000   294821    3.71%
    153   124     1207.2000   558     1164.0000     1207.2000   300389    3.71%
    172   155     1207.2000   660     1164.0000     1207.2000   311976    3.71%
    191    12     1207.2000   832     1164.0000     1207.2000   246984    3.71%
    223   173     1207.2000   760     1164.0000     1207.2000   320873    3.71%
    259   213     1207.2000   741     1164.0000     1207.2000   342504    3.71%
    309   247     1207.2000   554     1164.0000     1207.2000   362523    3.71%
Elapsed time = 11708.10 sec. (639910.89 ticks, tree = 7.55 MB, solutions = 7)
    357   254     1207.2000   745     1164.0000     1207.2000   366557    3.71%
    425   299     1207.2000   722     1164.0000     1207.2000   389474    3.71%
    502   330     1207.2000   566     1164.0000     1207.2000   400256    3.71%
    566   368     1207.2000   796     1164.0000     1207.2000   417124    3.71%
    630   384     1207.2000   687     1164.0000     1207.2000   422817    3.71%
    700   431     1207.2000   687     1164.0000     1207.2000   448016    3.71%
    771   646     1207.2000   692     1164.0000     1207.2000   549576    3.71%
    836   634     1207.2000   670     1164.0000     1207.2000   541556    3.71%
    908   586     1207.2000   527     1164.0000     1207.2000   513773    3.71%
    965   703     1207.2000   708     1164.0000     1207.2000   584846    3.71%
Elapsed time = 12024.44 sec. (649577.14 ticks, tree = 19.73 MB, solutions = 7)
   1024   797     1207.2000   727     1164.0000     1207.2000   659756    3.71%
   1085   869     1207.2000   700     1164.0000     1207.2000   697379    3.71%
   1142   797     1207.2000   524     1164.0000     1207.2000   653191    3.71%
   1201  1001     1207.2000   538     1164.0000     1207.2000   749488    3.71%
   1257   913     1207.2000   701     1164.0000     1207.2000   721219    3.71%
   1312  1063     1207.2000   617     1164.0000     1207.2000   776539    3.71%
   1363  1084     1207.2000   608     1164.0000     1207.2000   782912    3.71%
   1417  1089     1207.2000   566     1164.0000     1207.2000   784235    3.71%
   1468  1157     1207.2000   660     1164.0000     1207.2000   812813    3.71%
   1527  1206     1207.2000   748     1164.0000     1207.2000   831037    3.71%
Elapsed time = 12334.30 sec. (659269.42 ticks, tree = 42.92 MB, solutions = 7)
   1587  1183     1207.2000   546     1164.0000     1207.2000   822620    3.71%
   1647  1231     1207.2000   621     1164.0000     1207.2000   840009    3.71%
   1711  1301     1207.2000   674     1164.0000     1207.2000   872784    3.71%
   1774  1356     1207.2000   523     1164.0000     1207.2000   893770    3.71%
   1836  1544     1207.2000   652     1164.0000     1207.2000   960339    3.71%
   1897  1559     1207.2000   731     1164.0000     1207.2000   970583    3.71%
   1973  1620     1207.2000   681     1164.0000     1207.2000   991055    3.71%
   2046  1607     1207.2000   501     1164.0000     1207.2000   986727    3.71%
   2142  1667     1207.2000   577     1164.0000     1207.2000  1009401    3.71%
   2232  1674     1207.2000   588     1164.0000     1207.2000  1011230    3.71%
Elapsed time = 12579.90 sec. (668888.87 ticks, tree = 65.99 MB, solutions = 7)
   2335  1840     1207.2000   684     1164.0000     1207.2000  1077276    3.71%
   2430  1663     1207.2000   688     1164.0000     1207.2000  1008069    3.71%
   2522  1847     1207.2000   656     1164.0000     1207.2000  1080682    3.71%
   2593  1875     1207.2000   609     1164.0000     1207.2000  1089386    3.71%
   2659  1984     1207.2000   639     1164.0000     1207.2000  1130041    3.71%
   2733  1989     1207.2000   709     1164.0000     1207.2000  1131566    3.71%
   2800  2073     1207.2000   537     1164.0000     1207.2000  1164903    3.71%
   2878  2235     1207.2000   561     1164.0000     1207.2000  1222825    3.71%
   2954  2367     1207.2000   522     1164.0000     1207.2000  1276225    3.71%
   3026  2339     1207.2000   706     1164.0000     1207.2000  1262213    3.71%
Elapsed time = 12877.68 sec. (678533.98 ticks, tree = 98.81 MB, solutions = 7)
   3091  2391     1207.2000   634     1164.0000     1207.2000  1283168    3.71%
   3153  2490     1207.2000   601     1164.0000     1207.2000  1318282    3.71%
   3212  2442     1207.2000   601     1164.0000     1207.2000  1303487    3.71%
   3271  2501     1207.2000   592     1164.0000     1207.2000  1321858    3.71%
   3335  2584     1207.2000   555     1164.0000     1207.2000  1353546    3.71%
   3412  2767     1207.2000   578     1164.0000     1207.2000  1418374    3.71%
*  3477+ 2675                         1170.0000     1207.2000             3.18%
   3478  2884     1207.2000   559     1170.0000     1207.2000  1471768    3.18%
*  3519+ 2675                         1172.0000     1207.2000             3.00%
   3529  2797     1207.2000   491     1172.0000     1207.2000  1433110    3.00%
Exception raised in listener 'MipGapPrinter': 'int' object is not callable, id=54
   3584  2993     1207.2000   636     1172.0000     1207.2000  1510131    3.00%
   3643  2792     1207.2000   525     1172.0000     1207.2000  1425120    3.00%
Elapsed time = 13167.40 sec. (688219.51 ticks, tree = 124.70 MB, solutions = 10)
   3698  2978     1207.2000   447     1172.0000     1207.2000  1507293    3.00%
   3759  3128     1207.2000   741     1172.0000     1207.2000  1550426    3.00%
   3819  3181     1207.2000   620     1172.0000     1207.2000  1570272    3.00%
   3891  3123     1207.2000   468     1172.0000     1207.2000  1549518    3.00%
   3962  3213     1207.2000   550     1172.0000     1207.2000  1588909    3.00%
   4014  3108    infeasible           1172.0000     1207.2000  1544121    3.00%
   4065  3448     1207.2000   468     1172.0000     1207.2000  1693472    3.00%
   4125  3220    infeasible           1172.0000     1207.2000  1591479    3.00%
   4185  3325     1207.2000   612     1172.0000     1207.2000  1642251    3.00%
   4250  3520    infeasible           1172.0000     1207.2000  1725206    3.00%
Elapsed time = 13496.07 sec. (697915.26 ticks, tree = 165.53 MB, solutions = 10)
   4323  3361    infeasible           1172.0000     1207.2000  1657997    3.00%
   4401  3571     1207.2000   585     1172.0000     1207.2000  1746213    3.00%
   4475  3537     1207.2000   493     1172.0000     1207.2000  1733852    3.00%
   4563  3819     1207.2000   499     1172.0000     1207.2000  1857718    3.00%
   4640  3741     1207.2000   451     1172.0000     1207.2000  1818534    3.00%
   4720  3935     1207.2000   565     1172.0000     1207.2000  1901050    3.00%
   4804  3703     1207.1667   396     1172.0000     1207.2000  1804231    3.00%
   4901  3978     1207.2000   653     1172.0000     1207.2000  1911980    3.00%
   4991  4113     1207.1667   406     1172.0000     1207.2000  1989330    3.00%
*  5252+ 4363                         1174.0000     1207.2000             2.83%
   5279  4129     1207.1667   365     1174.0000     1207.2000  2006801    2.83%
Elapsed time = 13834.66 sec. (710454.86 ticks, tree = 200.72 MB, solutions = 10)
Exception raised in listener 'MipGapPrinter': 'int' object is not callable, id=58
   5505  4608     1207.2000   583     1174.0000     1207.2000  2205843    2.83%
   5771  4740     1207.1667   448     1174.0000     1207.2000  2295860    2.83%
*  5813+ 4528                         1178.0000     1207.2000             2.48%
   6048  4884    infeasible           1178.0000     1207.2000  2381731    2.48%
*  6139+ 4450                         1180.0000     1207.2000             2.31%
Exception raised in listener 'MipGapPrinter': 'int' object is not callable, id=60
   6279  5262     1207.2000   582     1180.0000     1207.2000  2597531    2.31%
   6478  5213     1207.2000   535     1180.0000     1207.2000  2560811    2.31%
*  6567+ 4775                         1182.0000     1207.2000             2.13%
   6637  5332     1207.2000   607     1182.0000     1207.2000  2644060    2.13%
   6767  5606     1207.2000   432     1182.0000     1207.2000  2816134    2.13%
   6785  4591     1206.7000   489     1182.0000     1207.2000  2211869    2.13%
   6786  4038     1207.2000   490     1182.0000     1207.2000  1937331    2.13%
*  6787+ 4668                         1190.0000     1207.2000             1.45%
   6788  4452     1207.2000   432     1190.0000     1207.2000  2137398    1.45%
Elapsed time = 14400.72 sec. (760091.34 ticks, tree = 232.54 MB, solutions = 32)
Exception raised in listener 'MipGapPrinter': 'int' object is not callable, id=62

GUB cover cuts applied:  63
Clique cuts applied:  25
Cover cuts applied:  110
Implied bound cuts applied:  2185
Flow cuts applied:  6
Mixed integer rounding cuts applied:  415
Zero-half cuts applied:  113

Root node processing (before b&c):
  Real time             = 10327.28 sec. (596413.90 ticks)
Parallel b&c, 24 threads:
  Real time             = 4073.72 sec. (170098.70 ticks)
  Sync time (average)   = 1206.25 sec.
  Wait time (average)   =    0.00 sec.
                          ------------
Total (root+branch&cut) = 14401.00 sec. (766512.60 ticks)
status  = time limit exceeded
time    = 14401.5 s.
problem = MILP
gap     = 1.44538%

Objective value: 1190.0
[50, 200, 8, 8, 400, 384, 1190, 1207, 1.45, 14401.46]
number of spatial :  1046
Heuristic Solution information :  [50, 200, 8, 8, 400, 352, 1054, 8, 1046]
