CPXPARAM_Read_DataCheck                          1
CPXPARAM_TimeLimit                               14400
Tried aggregator 2 times.
MIP Presolve eliminated 24928 rows and 84912 columns.
MIP Presolve modified 1536 coefficients.
Aggregator did 1208 substitutions.
Reduced MIP has 157360 rows, 61028 columns, and 619480 nonzeros.
Reduced MIP has 58528 binaries, 0 generals, 0 SOSs, and 0 indicators.
Presolve time = 4.60 sec. (2322.87 ticks)
Probing time = 6.00 sec. (14.24 ticks)
Tried aggregator 1 time.
MIP Presolve eliminated 73500 rows and 1500 columns.
Reduced MIP has 83860 rows, 59528 columns, and 472480 nonzeros.
Reduced MIP has 58528 binaries, 0 generals, 0 SOSs, and 0 indicators.
Presolve time = 2.51 sec. (586.14 ticks)
Probing time = 3.75 sec. (13.68 ticks)
Clique table members: 31978.
MIP emphasis: balance optimality and feasibility.
MIP search method: dynamic search.
Parallel mode: deterministic, using up to 24 threads.
Root relaxation solution time = 33.95 sec. (3834.12 ticks)

        Nodes                                         Cuts/
   Node  Left     Objective  IInf  Best Integer    Best Bound    ItCnt     Gap

*     0+    0                          197.0000     1224.0000           521.32%
      0     0      595.6667   936      197.0000      595.6667    46348  202.37%
Exception raised in listener 'MipGapPrinter': 'int' object is not callable, id=1
*     0+    0                          330.0000      595.6667            80.51%
Exception raised in listener 'MipGapPrinter': 'int' object is not callable, id=3
      0     0      507.8333   836      330.0000     Cuts: 974    60160   53.89%
      0     0      461.5000   696      330.0000     Cuts: 632    75336   39.85%
      0     0      454.0000   636      330.0000     Cuts: 404    87676   37.58%
*     0+    0                          405.0000      454.0000            12.10%
*     0+    0                          414.0000      454.0000             9.66%
Exception raised in listener 'MipGapPrinter': 'int' object is not callable, id=9
      0     0      451.0000   831      414.0000     Cuts: 287    99325    8.94%
      0     0      451.0000   773      414.0000     Cuts: 289   110357    8.94%
      0     0      451.0000   956      414.0000     Cuts: 315   123377    8.94%
*     0+    0                          435.0000      451.0000             3.68%
*     0+    0                          441.0000      451.0000             2.27%
Exception raised in listener 'MipGapPrinter': 'int' object is not callable, id=16
      0     0      451.0000   622      441.0000      Cuts: 43   131123    2.27%
      0     0      451.0000   744      441.0000     Cuts: 236   141478    2.27%
Heuristic still looking.
      0     2      451.0000   285      441.0000      451.0000   141478    2.27%
Elapsed time = 1212.40 sec. (137095.39 ticks, tree = 0.02 MB, solutions = 6)
      1     3      451.0000   366      441.0000      451.0000   142989    2.27%
      3     5      451.0000   319      441.0000      451.0000   143453    2.27%
      4     6      451.0000   313      441.0000      451.0000   143889    2.27%
      5     7      451.0000   331      441.0000      451.0000   144462    2.27%
      6     8      451.0000   285      441.0000      451.0000   145798    2.27%
      8     8    infeasible            441.0000      451.0000   146740    2.27%
      9    10      451.0000   289      441.0000      451.0000   146661    2.27%
     11     3      451.0000   283      441.0000      451.0000   141579    2.27%
     13    11      451.0000   277      441.0000      451.0000   148867    2.27%
     24    20      451.0000   359      441.0000      451.0000   155014    2.27%
Elapsed time = 1286.72 sec. (142764.50 ticks, tree = 0.04 MB, solutions = 6)
     28     5      451.0000   330      441.0000      451.0000   143312    2.27%
     36    16      451.0000   253      441.0000      451.0000   151744    2.27%
     60    38      451.0000   292      441.0000      451.0000   164499    2.27%
    108    47    infeasible            441.0000      451.0000   171468    2.27%
    190    62    infeasible            441.0000      451.0000   182262    2.27%
    304   179      451.0000   255      441.0000      451.0000   251767    2.27%
    425   206      451.0000   340      441.0000      451.0000   271554    2.27%
*   523+   20                          442.0000      451.0000             2.04%
    551   366      451.0000   334      442.0000      451.0000   357114    2.04%
    666   446      451.0000   316      442.0000      451.0000   414156    2.04%
    779   433      451.0000   228      442.0000      451.0000   404378    2.04%
Elapsed time = 1481.23 sec. (153218.57 ticks, tree = 24.96 MB, solutions = 6)
*   816+   21                          443.0000      451.0000             1.81%
    885   561      451.0000   254      443.0000      451.0000   511328    1.81%
*   972+   20                          444.0000      451.0000             1.58%
   1001   580      451.0000   247      444.0000      451.0000   527053    1.58%
Exception raised in listener 'MipGapPrinter': 'int' object is not callable, id=39
   1111   704      451.0000   250      444.0000      451.0000   637285    1.58%
   1241   755      451.0000   276      444.0000      451.0000   692530    1.58%
   1368   826      451.0000   270      444.0000      451.0000   739820    1.58%
   1513   883    infeasible            444.0000      451.0000   784076    1.58%
   1648  1052      451.0000   287      444.0000      451.0000   913419    1.58%
   1793  1106      451.0000   261      444.0000      451.0000   949010    1.58%
   1948  1136      451.0000   249      444.0000      451.0000   978308    1.58%
   2137  1304      450.2500   193      444.0000      451.0000  1148335    1.58%
Elapsed time = 1621.26 sec. (162801.59 ticks, tree = 86.90 MB, solutions = 13)
   2330  1298    infeasible            444.0000      451.0000  1125978    1.58%
   2543  1486      447.5000   222      444.0000      451.0000  1311935    1.58%
   2741  1607      448.0000   245      444.0000      451.0000  1380374    1.58%
   2951  1639      447.5000   160      444.0000      451.0000  1408463    1.58%
   3179  1685      450.0000   311      444.0000      451.0000  1479847    1.58%
   3413  1955    infeasible            444.0000      451.0000  1682386    1.58%
   3626  1979    infeasible            444.0000      451.0000  1709951    1.58%
   3850  2099      445.1500   112      444.0000      451.0000  1773209    1.58%
   4046  2130    infeasible            444.0000      451.0000  1810472    1.58%
   4225  2322    infeasible            444.0000      451.0000  1984546    1.58%
Elapsed time = 1759.78 sec. (172395.14 ticks, tree = 178.18 MB, solutions = 13)
   4434  2310    infeasible            444.0000      451.0000  1951443    1.58%
   4674  2537    infeasible            444.0000      451.0000  2143336    1.58%
   4925  2650    infeasible            444.0000      451.0000  2207724    1.58%
   5175  2770      448.6875   225      444.0000      451.0000  2337842    1.58%
   5408  2934    infeasible            444.0000      451.0000  2417103    1.58%
   5647  3211      445.0667   196      444.0000      451.0000  2646469    1.58%
   5884  3196        cutoff            444.0000      451.0000  2638500    1.58%
   6100  3367      450.0000   178      444.0000      451.0000  2734495    1.58%
   6279  3621      445.1250   287      444.0000      451.0000  2906499    1.58%
   6437  3542      449.0000   204      444.0000      451.0000  2861030    1.58%
Elapsed time = 1899.99 sec. (181976.74 ticks, tree = 288.41 MB, solutions = 13)
   6590  3839      445.0000    97      444.0000      451.0000  3068147    1.58%
   6756  3781      451.0000   259      444.0000      451.0000  3038455    1.58%
   6927  4003      451.0000   246      444.0000      451.0000  3200050    1.58%
   7090  4093      449.9250   200      444.0000      451.0000  3285940    1.58%
   7255  3922      451.0000   277      444.0000      451.0000  3143666    1.58%
   7350  4455      450.6500   268      444.0000      451.0000  3595099    1.58%
   7463  4504      451.0000   266      444.0000      451.0000  3618378    1.58%
   7579  4462      450.0000   240      444.0000      451.0000  3604914    1.58%
   7733  4633      450.0000   235      444.0000      451.0000  3798337    1.58%
   7911  4606      449.9062   208      444.0000      451.0000  3761258    1.58%
Elapsed time = 2054.18 sec. (191585.50 ticks, tree = 399.85 MB, solutions = 13)
   8057  4702      447.0000   199      444.0000      451.0000  3849650    1.58%
   8143  4783      449.4000   200      444.0000      451.0000  3950534    1.58%
   8163  4785      450.0000   205      444.0000      451.0000  3982580    1.58%
*  8166+ 3368                          445.0000      451.0000             1.35%
Exception raised in listener 'MipGapPrinter': 'int' object is not callable, id=54
   8166  3369      451.0000   362      445.0000      451.0000  4356091    1.35%
   8167  3370      451.0000   476      445.0000      451.0000  4369818    1.35%
   8168  3370      451.0000   547      445.0000      451.0000  4379947    1.35%
   8169  3370      451.0000   597      445.0000      451.0000  4389603    1.35%
   8170  3371      451.0000   599      445.0000      451.0000  4389661    1.35%
   8171  2022      451.0000   466      445.0000      451.0000  4369036    1.35%
   8172  2025      451.0000   597      445.0000      451.0000  4389667    1.35%
Elapsed time = 5373.73 sec. (514713.46 ticks, tree = 205.72 MB, solutions = 14)
   8173  2026      451.0000   633      445.0000      451.0000  4402700    1.35%
   8174  2027      451.0000   569      445.0000      451.0000  4402821    1.35%
   8175  2028      451.0000   565      445.0000      451.0000  4402838    1.35%
   8176  1419      451.0000   568      445.0000      451.0000  4415104    1.35%
   8178  1425      451.0000   585      445.0000      451.0000  4415477    1.35%
   8179  1315      451.0000   566      445.0000      451.0000  4415338    1.35%
   8180  1316      451.0000   629      445.0000      451.0000  4417333    1.35%
   8182  1317      451.0000   656      445.0000      451.0000  4417495    1.35%
   8184  1318      451.0000   649      445.0000      451.0000  4417757    1.35%
   8187  1317      451.0000   541      445.0000      451.0000  4418224    1.35%
Elapsed time = 5773.38 sec. (535836.01 ticks, tree = 132.40 MB, solutions = 14)
   8189   280      451.0000   533      445.0000      451.0000  4418992    1.35%
   8191   281      451.0000   534      445.0000      451.0000  4429328    1.35%
   8192   282      451.0000   569      445.0000      451.0000  4429735    1.35%
   8194   271      451.0000   563      445.0000      451.0000  4429856    1.35%
   8196    48      451.0000   591      445.0000      451.0000  4390216    1.35%
   8199    69      451.0000   610      445.0000      451.0000  4430980    1.35%
   8200    69      451.0000   512      445.0000      451.0000  4431277    1.35%
   8204    66      451.0000   508      445.0000      451.0000  4442272    1.35%
   8207    26      451.0000   645      445.0000      451.0000  4415966    1.35%
   8211    39    infeasible            445.0000      451.0000  4443834    1.35%
Elapsed time = 6242.04 sec. (550912.71 ticks, tree = 5.77 MB, solutions = 14)
   8216    36      451.0000   637      445.0000      451.0000  4444067    1.35%
   8218    33      451.0000   580      445.0000      451.0000  4443108    1.35%
   8221    44      451.0000   583      445.0000      451.0000  4461399    1.35%
   8225    45      451.0000   565      445.0000      451.0000  4461641    1.35%
   8229    16      451.0000   673      445.0000      451.0000  4418351    1.35%
   8236    47      451.0000   557      445.0000      451.0000  4462441    1.35%
   8241    48      451.0000   474      445.0000      451.0000  4466746    1.35%
   8249    40      451.0000   675      445.0000      451.0000  4458527    1.35%
   8259    52      451.0000   663      445.0000      451.0000  4471033    1.35%
   8305    50      451.0000   577      445.0000      451.0000  4464512    1.35%
Elapsed time = 6552.54 sec. (565238.01 ticks, tree = 12.08 MB, solutions = 14)
   8349   132      449.0000   553      445.0000      451.0000  4514343    1.35%
   8395   123      451.0000   654      445.0000      451.0000  4503292    1.35%
   8443   162      451.0000   487      445.0000      451.0000  4564299    1.35%
   8522   265      451.0000   453      445.0000      451.0000  4702961    1.35%
   8635   257      451.0000   497      445.0000      451.0000  4698351    1.35%
   8746   294      451.0000   460      445.0000      451.0000  4725704    1.35%
   8863   416      451.0000   484      445.0000      451.0000  4823219    1.35%
   9022   467      451.0000   402      445.0000      451.0000  4837688    1.35%
   9155   704      449.0000   341      445.0000      451.0000  4915541    1.35%
   9310   666      449.5000   580      445.0000      451.0000  4903758    1.35%
Elapsed time = 7226.55 sec. (603814.52 ticks, tree = 215.11 MB, solutions = 14)
   9474   850      451.0000   327      445.0000      451.0000  4967925    1.35%
   9631   953      449.5000   347      445.0000      451.0000  5016355    1.35%
   9803   982      449.0000   293      445.0000      451.0000  5048213    1.35%
   9994  1273      448.8250   257      445.0000      451.0000  5240934    1.35%
  10205  1286    infeasible            445.0000      451.0000  5244106    1.35%
  10402  1407      448.5000   315      445.0000      451.0000  5333638    1.35%
  10600  1551      448.0000   363      445.0000      451.0000  5448613    1.35%
  10823  1758      446.5000   290      445.0000      451.0000  5638251    1.35%
  11076  1750    infeasible            445.0000      451.0000  5632419    1.35%
  11263  1789      451.0000   342      445.0000      451.0000  5660128    1.35%
Elapsed time = 7482.86 sec. (642209.08 ticks, tree = 757.31 MB, solutions = 14)
  11444  1934      448.0000   360      445.0000      451.0000  5816105    1.35%
  11654  2089      450.9167   252      445.0000      451.0000  5958538    1.35%
  11787  2101      450.5833   252      445.0000      451.0000  5970555    1.35%
  11903  2207      451.0000   316      445.0000      451.0000  6113296    1.35%
  11974  2466      451.0000   318      445.0000      451.0000  6491336    1.35%
  12071  1584      451.0000   630      445.0000      451.0000  5477823    1.35%
  12172  2574      448.1250   210      445.0000      451.0000  6762152    1.35%
  12274  2572      449.0000   229      445.0000      451.0000  6730031    1.35%
  12364  2654      450.8333   242      445.0000      451.0000  7008977    1.35%
  12456  2620      447.0000   204      445.0000      451.0000  6941895    1.35%
Elapsed time = 7876.72 sec. (680729.25 ticks, tree = 1145.01 MB, solutions = 14)
  12562  2680      451.0000   544      445.0000      451.0000  7013184    1.35%
  12659  2763      450.9028   288      445.0000      451.0000  7228228    1.35%
  12750  2825      450.3333   339      445.0000      451.0000  7305925    1.35%
  12860  2851      451.0000   434      445.0000      451.0000  7373137    1.35%
  12976  2990      449.4167   331      445.0000      451.0000  7713535    1.35%
  13083  2880      449.4917   233      445.0000      451.0000  7517923    1.35%
  13211  3094      449.6435   287      445.0000      451.0000  7947051    1.35%
  13344  3018      449.9714   298      445.0000      451.0000  7766010    1.35%
  13480  3181      451.0000   290      445.0000      451.0000  8104827    1.35%
  13619  3262      448.7857   270      445.0000      451.0000  8294162    1.35%
Elapsed time = 8087.04 sec. (719099.54 ticks, tree = 1530.67 MB, solutions = 14)
  13744  3305      451.0000   446      445.0000      451.0000  8356662    1.35%
  13866  3313      451.0000   411      445.0000      451.0000  8358670    1.35%
  13999  3353      451.0000   391      445.0000      451.0000  8402706    1.35%
  14142  3608    infeasible            445.0000      451.0000  8930617    1.35%
  14300  3595      448.5000   213      445.0000      451.0000  8918230    1.35%
  14444  3591      449.7500   240      445.0000      451.0000  8886248    1.35%
  14566  3811      450.2857   271      445.0000      451.0000  9323301    1.35%
  14719  3690      451.0000   337      445.0000      451.0000  9098953    1.35%
* 14770+ 3718                          446.0000      451.0000             1.12%
Exception raised in listener 'MipGapPrinter': 'int' object is not callable, id=87
  14849  3902      450.6667   289      446.0000      451.0000  9437462    1.12%
  14967  3880      449.6571   272      446.0000      451.0000  9588704    1.12%
Elapsed time = 8335.46 sec. (757545.48 ticks, tree = 1901.66 MB, solutions = 15)
  15078  3996      450.0000   241      446.0000      451.0000  9763777    1.12%
  15185  3937      449.4286   203      446.0000      451.0000  9668459    1.12%
  15332  4009      448.5000   238      446.0000      451.0000  9769430    1.12%
  15472  4060      449.6667   289      446.0000      451.0000  9873799    1.12%
  15598  4248    infeasible            446.0000      451.0000 10198453    1.12%
  15724  4350      451.0000   275      446.0000      451.0000 10377136    1.12%
  15818  4365      450.6875   253      446.0000      451.0000 10429308    1.12%
  15917  4284      449.5000   336      446.0000      451.0000 10235093    1.12%
  16034  4498      449.0000   261      446.0000      451.0000 10648956    1.12%
  16145  4561      448.9286   243      446.0000      451.0000 10812133    1.12%
Elapsed time = 8567.03 sec. (796117.23 ticks, tree = 2306.20 MB, solutions = 15)
Nodefile size = 241.07 MB (135.13 MB after compression)
  16270  4505      448.0000   271      446.0000      451.0000 10674486    1.12%
  16419  4579      450.4479   283      446.0000      451.0000 10844930    1.12%
  16530  4661      450.0000   463      446.0000      451.0000 10979066    1.12%
  16673  4868      450.5000   290      446.0000      451.0000 11268124    1.12%
  16789  5081      450.5000   317      446.0000      451.0000 11437762    1.12%
  16885  4913      450.0000   299      446.0000      451.0000 11344942    1.12%
  16986  5055      449.3333   297      446.0000      451.0000 11425985    1.12%
  17085  5256      450.0000   299      446.0000      451.0000 11498216    1.12%
  17170  5350      447.9624   300      446.0000      451.0000 11596008    1.12%
  17315  5268      450.0000   328      446.0000      451.0000 11501970    1.12%
Elapsed time = 8884.76 sec. (834424.12 ticks, tree = 2742.98 MB, solutions = 15)
Nodefile size = 665.88 MB (374.26 MB after compression)
  17459  5402      451.0000   254      446.0000      451.0000 11618423    1.12%
  17619  5430      450.0000   291      446.0000      451.0000 11628916    1.12%
  17787  5441      450.0000   304      446.0000      451.0000 11631729    1.12%
  17946  5603      451.0000   345      446.0000      451.0000 11684849    1.12%
  18130  5696      450.5000   309      446.0000      451.0000 11746435    1.12%
  18329  6012      451.0000   463      446.0000      451.0000 11865465    1.12%
  18539  6009      450.8182   279      446.0000      451.0000 11871182    1.12%
  18747  6318      450.0000   181      446.0000      451.0000 11976254    1.12%
  18956  6588      451.0000   333      446.0000      451.0000 12094888    1.12%
  19130  6693      449.7500   328      446.0000      451.0000 12132786    1.12%
Elapsed time = 9137.75 sec. (872912.86 ticks, tree = 3550.94 MB, solutions = 15)
Nodefile size = 1481.15 MB (835.40 MB after compression)
  19342  6862      450.9201   281      446.0000      451.0000 12208808    1.12%
  19559  6629      449.8528   265      446.0000      451.0000 12109517    1.12%
  19750  7213      447.3333   251      446.0000      451.0000 12364099    1.12%
  19965  7118    infeasible            446.0000      451.0000 12320936    1.12%
  20179  7131      447.0000   192      446.0000      451.0000 12324539    1.12%
  20344  7445      448.0417   310      446.0000      451.0000 12493779    1.12%
  20521  7464      448.0000   254      446.0000      451.0000 12496084    1.12%
  20653  7845      451.0000   410      446.0000      451.0000 12712569    1.12%
  20782  7872      449.5000   182      446.0000      451.0000 12729453    1.12%
  20892  7990      450.0000   333      446.0000      451.0000 12795580    1.12%
Elapsed time = 9393.18 sec. (911306.77 ticks, tree = 4207.98 MB, solutions = 15)
Nodefile size = 2128.80 MB (1201.41 MB after compression)
  20981  8156    infeasible            446.0000      451.0000 12928207    1.12%
  21091  8220    infeasible            446.0000      451.0000 12969416    1.12%
  21247  8465      450.0000   343      446.0000      451.0000 13187445    1.12%
  21411  8349      449.0000   287      446.0000      451.0000 13033103    1.12%
  21549  8529      450.0000   366      446.0000      451.0000 13218262    1.12%
  21694  8550      450.0000   366      446.0000      451.0000 13222646    1.12%
  21817  8835      449.5000   364      446.0000      451.0000 13412944    1.12%
  21960  8919      451.0000   336      446.0000      451.0000 13454729    1.12%
  22095  9134      450.6190   354      446.0000      451.0000 13628357    1.12%
  22208  9122      450.0000   273      446.0000      451.0000 13626058    1.12%
Elapsed time = 9655.26 sec. (949809.36 ticks, tree = 4744.34 MB, solutions = 15)
Nodefile size = 2671.70 MB (1507.11 MB after compression)
  22313  9229      450.9556   298      446.0000      451.0000 13801731    1.12%
  22438  9196      450.9919   296      446.0000      451.0000 13777338    1.12%
  22584  9418      450.0000   303      446.0000      451.0000 14031950    1.12%
  22738  9501    infeasible            446.0000      451.0000 14167115    1.12%
  22876  9473    infeasible            446.0000      451.0000 14157023    1.12%
  23019  9530    infeasible            446.0000      451.0000 14233067    1.12%
  23220  9823      451.0000   464      446.0000      451.0000 14693112    1.12%
  23396  9831      451.0000   387      446.0000      451.0000 14701482    1.12%
  23492  9831      450.0000   242      446.0000      451.0000 14635979    1.12%
  23589  9851      449.0000   368      446.0000      451.0000 14715396    1.12%
Elapsed time = 9885.62 sec. (988311.69 ticks, tree = 5116.70 MB, solutions = 15)
Nodefile size = 3037.62 MB (1713.48 MB after compression)
  23679 10138      451.0000   337      446.0000      451.0000 15179949    1.12%
  23805 10382      450.6667   365      446.0000      451.0000 15574909    1.12%
  23978 10238      448.0000   288      446.0000      451.0000 15310353    1.12%
  24145 10483      448.3333   362      446.0000      451.0000 15837142    1.12%
  24308 10611      448.7500   317      446.0000      451.0000 15966080    1.12%
  24467 10588      449.5000   237      446.0000      451.0000 15940051    1.12%
  24606 10780      451.0000   277      446.0000      451.0000 16057597    1.12%
  24749 10890      450.5000   323      446.0000      451.0000 16145028    1.12%
  24895 10954      447.8333   322      446.0000      451.0000 16195130    1.12%
  25045 10881      450.0000   337      446.0000      451.0000 16142507    1.12%
Elapsed time = 10106.02 sec. (1026657.87 ticks, tree = 5636.73 MB, solutions = 15)
Nodefile size = 3557.68 MB (2007.71 MB after compression)
  25198 11133      450.0000   413      446.0000      451.0000 16312449    1.12%
  25346 11120      450.0000   338      446.0000      451.0000 16291406    1.12%
  25513 11149      449.5000   371      446.0000      451.0000 16332621    1.12%
  25698 11236      447.0000   169      446.0000      451.0000 16450344    1.12%
  25879 11524      447.0000   361      446.0000      451.0000 16828603    1.12%
  26097 11752      447.3333   412      446.0000      451.0000 17268988    1.12%
  26305 11743      451.0000   337      446.0000      451.0000 17275694    1.12%
  26445 11936      450.0000   348      446.0000      451.0000 17639389    1.12%
  26592 11796      449.9167   333      446.0000      451.0000 17372013    1.12%
  26729 12418      449.0000   357      446.0000      451.0000 18720698    1.12%
Elapsed time = 10272.99 sec. (1064970.95 ticks, tree = 6395.11 MB, solutions = 15)
Nodefile size = 4318.28 MB (2438.36 MB after compression)
  26868 12467      449.6667   286      446.0000      451.0000 18789302    1.12%
  27012 12510      450.8750   279      446.0000      451.0000 18910499    1.12%
  27156 12578      448.0000   331      446.0000      451.0000 19079711    1.12%
  27314 12624      449.7500   317      446.0000      451.0000 19200057    1.12%
  27472 12820      449.0000   247      446.0000      451.0000 19497568    1.12%
  27629 12766      449.0000   215      446.0000      451.0000 19378837    1.12%
  27781 12949      451.0000   399      446.0000      451.0000 19841088    1.12%
  27924 13172      447.5000   278      446.0000      451.0000 20283800    1.12%
  28103 13287      447.8000   282      446.0000      451.0000 20569550    1.12%
  28330 13355      450.6250   258      446.0000      451.0000 20686903    1.12%
Elapsed time = 10465.71 sec. (1103276.84 ticks, tree = 6866.62 MB, solutions = 15)
Nodefile size = 4790.36 MB (2705.31 MB after compression)
  28469 13331      449.8250   326      446.0000      451.0000 20659621    1.12%
  28613 13332    infeasible            446.0000      451.0000 20631160    1.12%
  28804 13684      448.5000   199      446.0000      451.0000 21356734    1.12%
  28956 13503      447.7500   324      446.0000      451.0000 20997655    1.12%
  29111 13837      450.5000   244      446.0000      451.0000 21788496    1.12%
  29287 14089      447.6667   194      446.0000      451.0000 21969491    1.12%
  29466 14151    infeasible            446.0000      451.0000 22007529    1.12%
  29595 14288      451.0000   406      446.0000      451.0000 22123242    1.12%
  29733 14130      449.0000   388      446.0000      451.0000 22004062    1.12%
  29881 14438      450.0000   312      446.0000      451.0000 22218317    1.12%
Elapsed time = 10697.39 sec. (1141613.72 ticks, tree = 7382.72 MB, solutions = 15)
Nodefile size = 5308.06 MB (2997.98 MB after compression)
  30048 14618      450.0000   302      446.0000      451.0000 22330104    1.12%
  30228 14632      449.0000   304      446.0000      451.0000 22333080    1.12%
  30429 14819    infeasible            446.0000      451.0000 22470894    1.12%
  30654 14905      450.8333   294      446.0000      451.0000 22536472    1.12%
  30897 14686      450.0000   289      446.0000      451.0000 22378171    1.12%
  31170 14869      448.3750   260      446.0000      451.0000 22520033    1.12%
  31401 15023      450.0000   355      446.0000      451.0000 22609881    1.12%
  31628 15375      447.0000   255      446.0000      451.0000 22814849    1.12%
  31892 15105      448.0000   209      446.0000      451.0000 22650902    1.12%
  32111 15509      448.0000   241      446.0000      451.0000 22866302    1.12%
Elapsed time = 11014.89 sec. (1179874.27 ticks, tree = 7923.57 MB, solutions = 15)
Nodefile size = 5832.84 MB (3294.97 MB after compression)
  32326 15567      450.0000   285      446.0000      451.0000 22945449    1.12%
  32495 15541      449.0000   353      446.0000      451.0000 22893736    1.12%
  32650 15840    infeasible            446.0000      451.0000 23044124    1.12%
  32793 15922      451.0000   330      446.0000      451.0000 23097889    1.12%
  33001 16116      449.0000   310      446.0000      451.0000 23222180    1.12%
  33185 16337      449.0000   289      446.0000      451.0000 23304671    1.12%
  33385 16925      450.0000   221      446.0000      451.0000 23711792    1.12%
  33558 16757      450.7917   275      446.0000      451.0000 23590428    1.12%
  33706 16945      449.5000   240      446.0000      451.0000 23743053    1.12%
  33843 16852      449.0000   245      446.0000      451.0000 23710184    1.12%
Elapsed time = 11449.02 sec. (1218281.54 ticks, tree = 8515.57 MB, solutions = 15)
Nodefile size = 6428.12 MB (3630.47 MB after compression)
  34021 17068      449.0000   254      446.0000      451.0000 23864897    1.12%
  34240 17226      450.0000   263      446.0000      451.0000 23984527    1.12%
  34475 17697      448.0000   231      446.0000      451.0000 24709553    1.12%
  34728 17407      449.5000   256      446.0000      451.0000 24150766    1.12%
  34955 17513      450.0000   268      446.0000      451.0000 24414003    1.12%
  35163 17660      448.0000   341      446.0000      451.0000 24617374    1.12%
  35391 17404      451.0000   375      446.0000      451.0000 24163670    1.12%
  35619 18333      450.0000   286      446.0000      451.0000 25942474    1.12%
  35784 18546    infeasible            446.0000      451.0000 26145527    1.12%
  35907 18660      450.9417   352      446.0000      451.0000 26395972    1.12%
Elapsed time = 11872.97 sec. (1256586.61 ticks, tree = 8950.69 MB, solutions = 15)
Nodefile size = 6868.40 MB (3874.74 MB after compression)
  36102 18644      450.7381   339      446.0000      451.0000 26327576    1.12%
  36287 18682      447.3333   341      446.0000      451.0000 26406224    1.12%
  36431 18614      449.0000   219      446.0000      451.0000 26283104    1.12%
  36562 18782      448.3333   285      446.0000      451.0000 26654243    1.12%
  36706 19142      450.6667   331      446.0000      451.0000 27282203    1.12%
  36822 19362      450.8167   326      446.0000      451.0000 27507988    1.12%
  36963 19018    infeasible            446.0000      451.0000 27091867    1.12%
  37110 19537      449.5882   339      446.0000      451.0000 27715844    1.12%
  37344 19458      449.0000   281      446.0000      451.0000 27617015    1.12%
  37488 19627      449.0000   361      446.0000      451.0000 27770255    1.12%
Elapsed time = 12328.32 sec. (1295004.44 ticks, tree = 8946.99 MB, solutions = 15)
Nodefile size = 6874.94 MB (3877.34 MB after compression)
  37590 19862      449.8750   275      446.0000      451.0000 27917980    1.12%
  37711 19919      449.6667   321      446.0000      451.0000 28003181    1.12%
  37829 19910    infeasible            446.0000      451.0000 27985139    1.12%
  37902 19814      449.5000   237      446.0000      451.0000 27889220    1.12%
  37984 20095      450.8125   315      446.0000      451.0000 28274704    1.12%
  38108 19992      447.6667   357      446.0000      451.0000 28097790    1.12%
  38236 20044      450.0000   392      446.0000      451.0000 28213796    1.12%
  38385 20355      448.0000   239      446.0000      451.0000 28722550    1.12%
  38585 20176      448.0000   307      446.0000      451.0000 28454013    1.12%
  38763 20377      450.6250   260      446.0000      451.0000 28749213    1.12%
Elapsed time = 12760.56 sec. (1333423.19 ticks, tree = 8966.51 MB, solutions = 15)
Nodefile size = 6892.23 MB (3884.16 MB after compression)
  38927 20289      449.0000   295      446.0000      451.0000 28586989    1.12%
  39088 20892      449.0000   252      446.0000      451.0000 29741721    1.12%
  39297 21069      447.0000   224      446.0000      451.0000 30154167    1.12%
  39467 20672      450.6500   341      446.0000      451.0000 29367805    1.12%
  39620 20704    infeasible            446.0000      451.0000 29497341    1.12%
  39781 21333      450.7500   277      446.0000      451.0000 30674062    1.12%
  39926 21208      451.0000   246      446.0000      451.0000 30409331    1.12%
  40094 21254      449.5000   324      446.0000      451.0000 30544818    1.12%
  40264 21663      450.8333   290      446.0000      451.0000 31159032    1.12%
  40414 21268      450.0000   270      446.0000      451.0000 30557143    1.12%
Elapsed time = 13095.70 sec. (1371771.80 ticks, tree = 8995.37 MB, solutions = 15)
Nodefile size = 6918.15 MB (3893.87 MB after compression)
  40586 21764      450.5000   358      446.0000      451.0000 31294571    1.12%
  40758 22019      448.4000   228      446.0000      451.0000 31502022    1.12%
  40940 21716      448.4000   247      446.0000      451.0000 31186703    1.12%
  41171 21788      450.0000   291      446.0000      451.0000 31308533    1.12%
  41467 22063      448.0000   225      446.0000      451.0000 31522000    1.12%
  41753 22144      449.0000   286      446.0000      451.0000 31612564    1.12%
  42101 22216      448.0000   249      446.0000      451.0000 31663261    1.12%
  42387 22243      448.0000   233      446.0000      451.0000 31667537    1.12%
  42628 23201      448.5000   239      446.0000      451.0000 32248036    1.12%
  42768 22979      450.0000   228      446.0000      451.0000 32127342    1.12%
Elapsed time = 13401.00 sec. (1410088.80 ticks, tree = 9039.16 MB, solutions = 15)
Nodefile size = 6954.34 MB (3907.37 MB after compression)
  42920 22555      448.0000   255      446.0000      451.0000 31898504    1.12%
  43115 23321      449.5000   224      446.0000      451.0000 32320274    1.12%
  43258 23188      448.0000   224      446.0000      451.0000 32234429    1.12%
  43418 23350      450.5000   248      446.0000      451.0000 32347230    1.12%
  43572 23568      448.9167   296      446.0000      451.0000 32488388    1.12%
  43742 23714      449.4000   261      446.0000      451.0000 32553089    1.12%
  43872 24350      448.0000   231      446.0000      451.0000 32888703    1.12%
  44060 24629      450.0000   269      446.0000      451.0000 33065934    1.12%
  44222 24267      449.5000   254      446.0000      451.0000 32839395    1.12%
  44383 24655      448.0000   253      446.0000      451.0000 33074472    1.12%
Elapsed time = 13686.26 sec. (1448401.17 ticks, tree = 9078.71 MB, solutions = 15)
Nodefile size = 6997.88 MB (3922.83 MB after compression)
  44571 24614      447.7500   268      446.0000      451.0000 33079129    1.12%
  44725 25028  -1.00000e+75   269      446.0000      451.0000 33317241    1.12%
  44876 25206      448.5667   255      446.0000      451.0000 33441155    1.12%
  45015 24926      449.0714   318      446.0000      451.0000 33230718    1.12%
  45162 24847      449.9333   266      446.0000      451.0000 33171480    1.12%
  45280 25482      450.1667   290      446.0000      451.0000 33598683    1.12%
  45402 25017      448.0000   372      446.0000      451.0000 33303148    1.12%
  45514 25615      450.1786   281      446.0000      451.0000 33704694    1.12%
  45617 25721      450.9500   368      446.0000      451.0000 33841130    1.12%
  45704 25774      447.0000   218      446.0000      451.0000 33811389    1.12%
Elapsed time = 13948.83 sec. (1486859.91 ticks, tree = 9158.74 MB, solutions = 15)
Nodefile size = 7094.93 MB (3946.93 MB after compression)
  45781 25741      449.2500   402      446.0000      451.0000 33849130    1.12%
  45889 25631      449.5000   281      446.0000      451.0000 33722874    1.12%
  45996 25792    infeasible            446.0000      451.0000 33900426    1.12%
* 46047+25814                          447.0000      451.0000             0.89%
  46073 25837      450.2619   262      447.0000      451.0000 34000706    0.89%
  46144 25808      450.9167   320      447.0000      451.0000 33914782    0.89%
  46224 25816      448.0000   216      447.0000      451.0000 33913209    0.89%
  46321 25869      450.7500   309      447.0000      451.0000 34035935    0.89%
  46405 25916        cutoff            447.0000      451.0000 34064427    0.89%
  46525 23761      449.7643   295      447.0000      451.0000 34123409    0.89%
  46615 23937      449.0417   370      447.0000      451.0000 34241968    0.89%
Elapsed time = 14272.91 sec. (1525423.54 ticks, tree = 8547.03 MB, solutions = 18)
Nodefile size = 6472.30 MB (3609.66 MB after compression)
  46682 24004      449.7500   333      447.0000      451.0000 34332896    0.89%
  46758 23858      448.4000   264      447.0000      451.0000 34175441    0.89%
  46793 24014      449.7222   261      447.0000      451.0000 34342892    0.89%
  46828 24025    infeasible            447.0000      451.0000 34349965    0.89%
  46837 23884      451.0000   295      447.0000      451.0000 34227466    0.89%
  46839 23766      451.0000   304      447.0000      451.0000 34125357    0.89%
  46840 23767      450.7500   319      447.0000      451.0000 34133666    0.89%
Exception raised in listener 'MipGapPrinter': 'int' object is not callable, id=127

GUB cover cuts applied:  338
Clique cuts applied:  16
Cover cuts applied:  285
Implied bound cuts applied:  657
Flow cuts applied:  11
Mixed integer rounding cuts applied:  123
Zero-half cuts applied:  192
Lift and project cuts applied:  10
Gomory fractional cuts applied:  122

Root node processing (before b&c):
  Real time             = 1207.23 sec. (137014.01 ticks)
Parallel b&c, 24 threads:
  Real time             = 13200.95 sec. (1432159.38 ticks)
  Sync time (average)   = 3456.81 sec.
  Wait time (average)   =    0.54 sec.
                          ------------
Total (root+branch&cut) = 14408.18 sec. (1569173.39 ticks)
status  = time limit exceeded
time    = 14408.6 s.
problem = MILP
gap     = 0.894855%

Objective value: 447.0
[50, 50, 8, 8, 400, 151, 447, 450, 0.89, 14408.63]
number of spatial :  376
Heuristic Solution information :  [50, 50, 8, 8, 400, 135, 384, 8, 376]
