CPXPARAM_Read_DataCheck                          1
CPXPARAM_TimeLimit                               14400
Tried aggregator 2 times.
MIP Presolve eliminated 12701 rows and 113165 columns.
MIP Presolve modified 1046 coefficients.
Aggregator did 1208 substitutions.
Reduced MIP has 140609 rows, 32775 columns, and 436816 nonzeros.
Reduced MIP has 30275 binaries, 0 generals, 0 SOSs, and 0 indicators.
Presolve time = 0.50 sec. (2098.30 ticks)
Probing time = 1.82 sec. (8.68 ticks)
Tried aggregator 1 time.
MIP Presolve eliminated 98000 rows and 2000 columns.
Reduced MIP has 42609 rows, 30775 columns, and 240816 nonzeros.
Reduced MIP has 30275 binaries, 0 generals, 0 SOSs, and 0 indicators.
Presolve time = 0.27 sec. (330.28 ticks)
Probing time = 1.17 sec. (6.74 ticks)
Clique table members: 16322.
MIP emphasis: balance optimality and feasibility.
MIP search method: dynamic search.
Parallel mode: deterministic, using up to 24 threads.
Root relaxation solution time = 1.63 sec. (986.02 ticks)

        Nodes                                         Cuts/
   Node  Left     Objective  IInf  Best Integer    Best Bound    ItCnt     Gap

*     0+    0                          243.0000     1224.0000           403.70%
      0     0      540.8333   663      243.0000      540.8333     6252  122.57%
Exception raised in listener 'MipGapPrinter': 'int' object is not callable, id=1
*     0+    0                          357.0000      540.8333            51.49%
Exception raised in listener 'MipGapPrinter': 'int' object is not callable, id=3
      0     0      454.4792   549      357.0000     Cuts: 588    15302   27.31%
      0     0      414.7083   385      357.0000     Cuts: 606    23872   16.16%
      0     0      407.0000   403      357.0000     Cuts: 257    29234   14.01%
*     0+    0                          371.0000      407.0000             9.70%
*     0+    0                          373.0000      407.0000             9.12%
*     0+    0                          380.0000      407.0000             7.11%
Exception raised in listener 'MipGapPrinter': 'int' object is not callable, id=9
      0     0      404.0000   455      380.0000     Cuts: 203    35379    6.32%
      0     0      404.0000   518      380.0000     Cuts: 188    40853    6.32%
      0     0      404.0000   285      380.0000      Cuts: 33    44079    6.32%
*     0+    0                          384.0000      404.0000             5.21%
*     0+    0                          389.0000      404.0000             3.86%
*     0+    0                          393.0000      404.0000             2.80%
*     0+    0                          394.0000      404.0000             2.54%
Exception raised in listener 'MipGapPrinter': 'int' object is not callable, id=16
      0     0      404.0000   492      394.0000     Cuts: 123    48486    2.54%
*     0+    0                          395.0000      404.0000             2.28%
Exception raised in listener 'MipGapPrinter': 'int' object is not callable, id=19
      0     2      404.0000   141      395.0000      404.0000    48486    2.28%
Elapsed time = 150.57 sec. (41089.24 ticks, tree = 0.02 MB, solutions = 10)
      1     3      404.0000   292      395.0000      404.0000    51488    2.28%
      2     4      404.0000   317      395.0000      404.0000    55918    2.28%
      3     3      404.0000   272      395.0000      404.0000    52821    2.28%
      5     7      404.0000   297      395.0000      404.0000    64220    2.28%
      8     7    infeasible            395.0000      404.0000    68597    2.28%
     11    11      403.6000   191      395.0000      404.0000    72986    2.28%
     17    12    infeasible            395.0000      404.0000    74244    2.28%
     25    15    infeasible            395.0000      404.0000    77567    2.28%
     53    25    infeasible            395.0000      404.0000    86354    2.28%
    201    66    infeasible            395.0000      404.0000   121593    2.28%
Elapsed time = 198.53 sec. (46881.45 ticks, tree = 0.36 MB, solutions = 10)
    395   135      401.0000   229      395.0000      404.0000   160570    2.28%
    725   262      402.9600   160      395.0000      404.0000   211629    2.28%
   1182   687      398.9000   103      395.0000      404.0000   314362    2.28%
   1684   913      403.3273   194      395.0000      404.0000   381035    2.28%
   2164  1324      400.0000   114      395.0000      404.0000   486764    2.28%
   2587  1658      396.0000    74      395.0000      404.0000   600057    2.28%
   2964  2058      398.9000    76      395.0000      404.0000   709086    2.28%
   3361  2161      396.9600    66      395.0000      404.0000   732524    2.28%
   3729  2507      400.0000   155      395.0000      404.0000   822470    2.28%
   4011  2925    infeasible            395.0000      404.0000   975000    2.28%
Elapsed time = 312.53 sec. (56446.22 ticks, tree = 37.80 MB, solutions = 10)
   4358  3126    infeasible            395.0000      404.0000  1040130    2.28%
   4727  3400      400.0000   182      395.0000      404.0000  1147162    2.28%
   5082  3775      400.5000   125      395.0000      404.0000  1299417    2.28%
*  5083+ 3681                          397.0000      404.0000             1.76%
*  5260+ 3664                          400.0000      404.0000             1.00%
Exception raised in listener 'MipGapPrinter': 'int' object is not callable, id=65
   5390  3165      402.0000   175      400.0000      404.0000  1379428    1.00%
   5549  1311      402.0000   192      400.0000      404.0000  1453996    1.00%
   5564  1264      404.0000   169      400.0000      404.0000  1439783    1.00%
Exception raised in listener 'MipGapPrinter': 'int' object is not callable, id=66
   5565  1405      404.0000   157      400.0000      404.0000  1632625    1.00%
   5566  1405      404.0000   247      400.0000      404.0000  1636749    1.00%
   5567  1406      404.0000   214      400.0000      404.0000  1640719    1.00%
   5568  1406      404.0000   318      400.0000      404.0000  1644244    1.00%
Elapsed time = 808.22 sec. (136466.60 ticks, tree = 21.15 MB, solutions = 13)
   5570  1127      404.0000   344      400.0000      404.0000  1645125    1.00%
   5571  1128      404.0000   347      400.0000      404.0000  1645217    1.00%
   5574   430      404.0000   231      400.0000      404.0000  1652844    1.00%
   5577   388      404.0000   243      400.0000      404.0000  1657414    1.00%
   5582   148      404.0000   243      400.0000      404.0000  1660632    1.00%
   5585   144      404.0000   312      400.0000      404.0000  1665313    1.00%
   5589    66      404.0000   249      400.0000      404.0000  1672103    1.00%
   5603    32      404.0000   258      400.0000      404.0000  1677175    1.00%
   5621    30      404.0000   172      400.0000      404.0000  1676792    1.00%
   5650    19      404.0000   296      400.0000      404.0000  1665633    1.00%
Elapsed time = 891.07 sec. (147322.76 ticks, tree = 0.02 MB, solutions = 13)
   5687    64      404.0000   322      400.0000      404.0000  1695494    1.00%
   5730    45    infeasible            400.0000      404.0000  1687555    1.00%
   5762    89      404.0000   254      400.0000      404.0000  1706981    1.00%
   5796   112      404.0000   278      400.0000      404.0000  1720779    1.00%
   5854   175      403.0000   163      400.0000      404.0000  1755762    1.00%
*  5901+   20                          401.0000      404.0000             0.75%
   5936   216      403.0000   219      401.0000      404.0000  1828767    0.75%
   6019   267      403.0000   286      401.0000      404.0000  1869455    0.75%
Exception raised in listener 'MipGapPrinter': 'int' object is not callable, id=81
   6094   296    infeasible            401.0000      404.0000  1893929    0.75%
   6132   309      404.0000   207      401.0000      404.0000  1907217    0.75%
   6213   444      403.3626   216      401.0000      404.0000  2033295    0.75%
Elapsed time = 982.14 sec. (156960.70 ticks, tree = 3.32 MB, solutions = 15)
   6305   475      403.0000   179      401.0000      404.0000  2067580    0.75%
   6403   582      402.5000   150      401.0000      404.0000  2141102    0.75%
   6460   639      402.7399   221      401.0000      404.0000  2197596    0.75%
   6511   677      404.0000   215      401.0000      404.0000  2220120    0.75%
   6568   690      403.3333   145      401.0000      404.0000  2234938    0.75%
   6625   732      403.4940   158      401.0000      404.0000  2304932    0.75%
   6684   779        cutoff            401.0000      404.0000  2375942    0.75%
   6733   767      403.0000    78      401.0000      404.0000  2336300    0.75%
   6804   799      402.2000   181      401.0000      404.0000  2382738    0.75%
   6904   856      404.0000   176      401.0000      404.0000  2423409    0.75%
Elapsed time = 1068.32 sec. (166618.96 ticks, tree = 6.92 MB, solutions = 15)
   7013   930    infeasible            401.0000      404.0000  2455580    0.75%
   7137   935      403.2273   208      401.0000      404.0000  2458777    0.75%
   7323  1027      402.0000   158      401.0000      404.0000  2506035    0.75%
   7557   994      403.3333   196      401.0000      404.0000  2478734    0.75%
   7740  1042      404.0000   239      401.0000      404.0000  2503610    0.75%
   7881  1254      402.7500   142      401.0000      404.0000  2580495    0.75%
   8004   985      404.0000   192      401.0000      404.0000  2482512    0.75%
   8102  1263      404.0000   147      401.0000      404.0000  2582245    0.75%
   8197  1415      404.0000   166      401.0000      404.0000  2625559    0.75%
*  8220+ 1680                          402.0000      404.0000             0.50%
Exception raised in listener 'MipGapPrinter': 'int' object is not callable, id=89
   8301  1325      403.0000   125      402.0000      404.0000  2764284    0.50%
Elapsed time = 1181.47 sec. (176204.19 ticks, tree = 12.00 MB, solutions = 16)
   8404  1370      403.6944   178      402.0000      404.0000  2783460    0.50%
   8525  1307      404.0000   206      402.0000      404.0000  2754771    0.50%
   8634  1380      403.0000   158      402.0000      404.0000  2786377    0.50%
   8749  1399      403.0000   217      402.0000      404.0000  2812547    0.50%
   8879  1578      404.0000   148      402.0000      404.0000  2885075    0.50%
   9004  1439    infeasible            402.0000      404.0000  2823471    0.50%
   9164  1615      403.0833   162      402.0000      404.0000  2896838    0.50%
   9334  1534      403.2500   162      402.0000      404.0000  2873338    0.50%
   9450  1879      403.5000   113      402.0000      404.0000  2991766    0.50%
   9537  1796      404.0000   140      402.0000      404.0000  2969700    0.50%
Elapsed time = 1341.50 sec. (185857.16 ticks, tree = 18.95 MB, solutions = 16)
*  9571+ 1477                          403.0000      404.0000             0.25%
Exception raised in listener 'MipGapPrinter': 'int' object is not callable, id=92
   9634  1916      404.0000   149      403.0000      404.0000  3010531    0.25%
   9734  2042      403.0000   205      403.0000      404.0000  3030557    0.25%
   9797  1998      403.0000   146      403.0000      404.0000  3022155    0.25%
   9854  2053      403.0000   146      403.0000      404.0000  3031779    0.25%
   9893   958      404.0000   117      403.0000      404.0000  3100945    0.25%
   9940   908      404.0000   191      403.0000      404.0000  3160319    0.25%
   9970   958      404.0000   105      403.0000      404.0000  3087951    0.25%
  10010   911      404.0000   168      403.0000      404.0000  3125085    0.25%
  10051   934      404.0000   139      403.0000      404.0000  3161988    0.25%
  10091   937      404.0000   163      403.0000      404.0000  3221405    0.25%
Elapsed time = 1530.53 sec. (195591.66 ticks, tree = 6.91 MB, solutions = 17)
  10138   932      404.0000   165      403.0000      404.0000  3221388    0.25%
  10163   961      404.0000   240      403.0000      404.0000  3231805    0.25%
  10189   952      404.0000   236      403.0000      404.0000  3269454    0.25%
  10202   955    infeasible            403.0000      404.0000  3305877    0.25%
  10220   953      404.0000   234      403.0000      404.0000  3273595    0.25%
  10255  1002      404.0000   128      403.0000      404.0000  3371790    0.25%
  10316  1010      404.0000   227      403.0000      404.0000  3379316    0.25%
  10363  1027      404.0000   260      403.0000      404.0000  3443910    0.25%
  10405  1018      404.0000   226      403.0000      404.0000  3423295    0.25%
  10645  1114      404.0000    63      403.0000      404.0000  3583614    0.25%
Elapsed time = 1775.27 sec. (208494.41 ticks, tree = 10.19 MB, solutions = 17)
  10972  1194      404.0000   220      403.0000      404.0000  3703725    0.25%
* 11006+ 1136                          404.0000      404.0000             0.00%
  11090  1196    infeasible            404.0000      404.0000  3737826    0.00%
  11115  1222      404.0000   181      404.0000      404.0000  3773904    0.00%
Exception raised in listener 'MipGapPrinter': 'int' object is not callable, id=97

GUB cover cuts applied:  290
Clique cuts applied:  13
Cover cuts applied:  182
Implied bound cuts applied:  278
Flow cuts applied:  6
Mixed integer rounding cuts applied:  68
Zero-half cuts applied:  114
Lift and project cuts applied:  9
Gomory fractional cuts applied:  144

Root node processing (before b&c):
  Real time             =  144.21 sec. (41058.78 ticks)
Parallel b&c, 24 threads:
  Real time             = 1836.24 sec. (181538.89 ticks)
  Sync time (average)   =  396.96 sec.
  Wait time (average)   =    0.14 sec.
                          ------------
Total (root+branch&cut) = 1980.45 sec. (222597.68 ticks)
status  = integer optimal solution
time    = 1981.28 s.
problem = MILP
gap     = 0%

Objective value: 404.0
[50, 50, 8, 8, 400, 137, 404, 404, 0.0, 1981.28]
number of spatial :  328
Heuristic Solution information :  [50, 50, 8, 8, 400, 126, 336, 8, 328]
