CPXPARAM_Read_DataCheck                          1
CPXPARAM_TimeLimit                               14400
Tried aggregator 2 times.
MIP Presolve eliminated 25079 rows and 226425 columns.
MIP Presolve modified 1586 coefficients.
Aggregator did 1208 substitutions.
Reduced MIP has 279909 rows, 64515 columns, and 871752 nonzeros.
Reduced MIP has 59515 binaries, 0 generals, 0 SOSs, and 0 indicators.
Presolve time = 1.75 sec. (4165.09 ticks)
Probing time = 1.82 sec. (17.90 ticks)
Tried aggregator 1 time.
MIP Presolve eliminated 196000 rows and 4000 columns.
Reduced MIP has 83909 rows, 60515 columns, and 479752 nonzeros.
Reduced MIP has 59515 binaries, 0 generals, 0 SOSs, and 0 indicators.
Presolve time = 1.16 sec. (644.70 ticks)
Probing time = 2.02 sec. (14.15 ticks)
Clique table members: 32017.
MIP emphasis: balance optimality and feasibility.
MIP search method: dynamic search.
Parallel mode: deterministic, using up to 24 threads.
Root relaxation solution time = 13.63 sec. (2906.38 ticks)

        Nodes                                         Cuts/
   Node  Left     Objective  IInf  Best Integer    Best Bound    ItCnt     Gap

*     0+    0                          410.0000     1224.0000           198.54%
      0     0      874.2222   928      410.0000      874.2222    35100  113.22%
Exception raised in listener 'MipGapPrinter': 'int' object is not callable, id=1
*     0+    0                          579.0000      874.2222            50.99%
Exception raised in listener 'MipGapPrinter': 'int' object is not callable, id=3
      0     0      799.9444   994      579.0000     Cuts: 991    47920   38.16%
      0     0      745.8889   757      579.0000     Cuts: 714    61801   28.82%
      0     0      730.1667   920      579.0000     Cuts: 422    74551   26.11%
*     0+    0                          645.0000      730.1667            13.20%
*     0+    0                          653.0000      730.1667            11.82%
*     0+    0                          661.0000      730.1667            10.46%
*     0+    0                          664.0000      730.1667             9.96%
*     0+    0                          665.0000      730.1667             9.80%
*     0+    0                          668.0000      730.1667             9.31%
Exception raised in listener 'MipGapPrinter': 'int' object is not callable, id=9
      0     0      721.7500  1017      668.0000     Cuts: 453    85470    8.05%
      0     0      721.0000   968      668.0000     Cuts: 356    96478    7.93%
      0     0      721.0000   789      668.0000     Cuts: 316   105967    7.93%
*     0+    0                          681.0000      721.0000             5.87%
*     0+    0                          692.0000      721.0000             4.19%
*     0+    0                          694.0000      721.0000             3.89%
*     0+    0                          695.0000      721.0000             3.74%
*     0+    0                          698.0000      721.0000             3.30%
*     0+    0                          704.0000      721.0000             2.41%
Exception raised in listener 'MipGapPrinter': 'int' object is not callable, id=16
      0     0      721.0000   937      704.0000     Cuts: 332   118301    2.41%
      0     0      721.0000   708      704.0000      Cuts: 88   127965    2.41%
      0     0      721.0000   715      704.0000     Cuts: 255   139307    2.41%
Heuristic still looking.
*     0+    0                          716.0000      721.0000             0.70%
Exception raised in listener 'MipGapPrinter': 'int' object is not callable, id=23
      0     2      721.0000   415      716.0000      721.0000   139307    0.70%
Elapsed time = 1135.95 sec. (155378.16 ticks, tree = 0.02 MB, solutions = 15)
      1     3      721.0000   434      716.0000      721.0000   140392    0.70%
      2     4      721.0000   414      716.0000      721.0000   141189    0.70%
      3     5      721.0000   422      716.0000      721.0000   141652    0.70%
      4     6      721.0000   481      716.0000      721.0000   142423    0.70%
      5     7      721.0000   512      716.0000      721.0000   142741    0.70%
      6     8      721.0000   466      716.0000      721.0000   143215    0.70%
      7     9      721.0000   465      716.0000      721.0000   143926    0.70%
      8    10      721.0000   471      716.0000      721.0000   144279    0.70%
      9    11      721.0000   524      716.0000      721.0000   145295    0.70%
     17    19      721.0000   368      716.0000      721.0000   147712    0.70%
Elapsed time = 1215.68 sec. (160112.33 ticks, tree = 0.04 MB, solutions = 15)
     29    14      721.0000   417      716.0000      721.0000   145928    0.70%
     61    46      721.0000   352      716.0000      721.0000   164071    0.70%
    128    63      721.0000   307      716.0000      721.0000   172140    0.70%
    243   108      721.0000   263      716.0000      721.0000   192963    0.70%
    407   265      721.0000   352      716.0000      721.0000   256048    0.70%
    599   296      721.0000   265      716.0000      721.0000   271128    0.70%
    778   542      721.0000   250      716.0000      721.0000   361688    0.70%
    917   622    infeasible            716.0000      721.0000   391825    0.70%
   1142   779      721.0000   315      716.0000      721.0000   443205    0.70%
   1376   802      721.0000   243      716.0000      721.0000   448924    0.70%
Elapsed time = 1418.56 sec. (169789.75 ticks, tree = 51.49 MB, solutions = 15)
   1621  1050      721.0000   229      716.0000      721.0000   532915    0.70%
   1870  1364      721.0000   227      716.0000      721.0000   649578    0.70%
   2118  1308      721.0000   304      716.0000      721.0000   628937    0.70%
   2308  1522      721.0000   312      716.0000      721.0000   698551    0.70%
   2558  1660      721.0000   340      716.0000      721.0000   735779    0.70%
   2820  1792      721.0000   307      716.0000      721.0000   788916    0.70%
   3087  2017      721.0000   237      716.0000      721.0000   834147    0.70%
   3372  2142      721.0000   264      716.0000      721.0000   856604    0.70%
   3651  2484      721.0000   321      716.0000      721.0000   914050    0.70%
   3923  2497      720.5000   343      716.0000      721.0000   915981    0.70%
Elapsed time = 1585.10 sec. (179362.30 ticks, tree = 201.09 MB, solutions = 15)
   4190  2598      721.0000   257      716.0000      721.0000   932948    0.70%
   4447  3004      720.0000   202      716.0000      721.0000  1003931    0.70%
   4701  2981      720.5000   161      716.0000      721.0000   997011    0.70%
   4949  3191      720.5000   217      716.0000      721.0000  1030952    0.70%
*  4987+ 3408                          718.0000      721.0000             0.42%
Exception raised in listener 'MipGapPrinter': 'int' object is not callable, id=65
   5126  3610      721.0000   311      718.0000      721.0000  1104892    0.42%
   5325  3605      720.0000   126      718.0000      721.0000  1105527    0.42%
   5549  3721      721.0000   221      718.0000      721.0000  1122978    0.42%
   5802  3895    infeasible            718.0000      721.0000  1156377    0.42%
   6054  4186      720.0000   261      718.0000      721.0000  1207867    0.42%
   6296  4216      721.0000   267      718.0000      721.0000  1211431    0.42%
Elapsed time = 1735.58 sec. (188923.40 ticks, tree = 391.26 MB, solutions = 16)
   6446  4547      719.0000   178      718.0000      721.0000  1267240    0.42%
*  6562+ 3462                          719.0000      721.0000             0.28%
   6604  4804      721.0000   266      719.0000      721.0000  1304382    0.28%
   6775  4826      721.0000   212      719.0000      721.0000  1306425    0.28%
Exception raised in listener 'MipGapPrinter': 'int' object is not callable, id=70
   6877  4383      721.0000   342      719.0000      721.0000  1464785    0.28%
   6878  4384      721.0000   528      719.0000      721.0000  1474198    0.28%
   6879  4385      721.0000   720      719.0000      721.0000  1485337    0.28%
   6880  4386      721.0000   718      719.0000      721.0000  1485338    0.28%
   6881  2631      721.0000   543      719.0000      721.0000  1473059    0.28%
   6883  1756      721.0000   578      719.0000      721.0000  1484456    0.28%
   6884  1759      721.0000   649      719.0000      721.0000  1504117    0.28%
Elapsed time = 4751.23 sec. (443784.02 ticks, tree = 204.97 MB, solutions = 18)
   6885  1760      721.0000   577      719.0000      721.0000  1513745    0.28%
   6886  1760      721.0000   647      719.0000      721.0000  1515638    0.28%
   6887  1761      721.0000   587      719.0000      721.0000  1516944    0.28%
   6888  1761      721.0000   692      719.0000      721.0000  1516950    0.28%
   6890  1032      721.0000   719      719.0000      721.0000  1519205    0.28%
   6891  1032      721.0000   690      719.0000      721.0000  1519229    0.28%
   6892  1034      721.0000   595      719.0000      721.0000  1533196    0.28%
   6896   336      721.0000   540      719.0000      721.0000  1533680    0.28%
   6897   339      721.0000   540      719.0000      721.0000  1534433    0.28%
   6899   280      721.0000   665      719.0000      721.0000  1533839    0.28%
Elapsed time = 5103.57 sec. (460819.42 ticks, tree = 30.59 MB, solutions = 18)
   6903   284      721.0000   577      719.0000      721.0000  1535436    0.28%
   6905   225      721.0000   546      719.0000      721.0000  1536629    0.28%
   6908    91      721.0000   551      719.0000      721.0000  1537225    0.28%
   6909    92      721.0000   587      719.0000      721.0000  1537727    0.28%
   6914    44      721.0000   557      719.0000      721.0000  1538226    0.28%
   6918    44      721.0000   524      719.0000      721.0000  1538546    0.28%
   6922    41      721.0000   521      719.0000      721.0000  1538855    0.28%
   6927    37      721.0000   710      719.0000      721.0000  1546573    0.28%
   6933    12      721.0000   702      719.0000      721.0000  1516365    0.28%
   6941    34      721.0000   642      719.0000      721.0000  1539641    0.28%
Elapsed time = 5387.83 sec. (472620.36 ticks, tree = 0.14 MB, solutions = 18)
   6948    42      721.0000   625      719.0000      721.0000  1550705    0.28%
   6957    46      721.0000   565      719.0000      721.0000  1553061    0.28%
   6971    45      721.0000   507      719.0000      721.0000  1552386    0.28%
   6982    42      721.0000   638      719.0000      721.0000  1558392    0.28%
   6995    54      721.0000   626      719.0000      721.0000  1558520    0.28%
   7010    49      721.0000   455      719.0000      721.0000  1552107    0.28%
   7027    94      721.0000   490      719.0000      721.0000  1588923    0.28%
   7043    96      721.0000   515      719.0000      721.0000  1588656    0.28%
   7059    98      721.0000   458      719.0000      721.0000  1589099    0.28%
   7078    63      721.0000   611      719.0000      721.0000  1562010    0.28%
Elapsed time = 5571.38 sec. (482749.62 ticks, tree = 0.60 MB, solutions = 18)
   7102   112      721.0000   544      719.0000      721.0000  1607577    0.28%
   7133    63      720.0000   685      719.0000      721.0000  1579764    0.28%
   7166   133      721.0000   619      719.0000      721.0000  1620192    0.28%
   7199   126      721.0000   449      719.0000      721.0000  1615531    0.28%
   7239   251      721.0000   410      719.0000      721.0000  1697915    0.28%
   7276   227      721.0000   629      719.0000      721.0000  1688829    0.28%
   7325   245      721.0000   539      719.0000      721.0000  1695768    0.28%
   7373   266      720.5000   685      719.0000      721.0000  1710237    0.28%
   7423   350      721.0000   364      719.0000      721.0000  1734611    0.28%
   7472   362      721.0000   438      719.0000      721.0000  1741417    0.28%
Elapsed time = 5762.67 sec. (492480.06 ticks, tree = 4.53 MB, solutions = 18)
   7517   367      721.0000   424      719.0000      721.0000  1742063    0.28%
   7571   424    infeasible            719.0000      721.0000  1762114    0.28%
   7615   505      721.0000   462      719.0000      721.0000  1789577    0.28%
   7668   467      720.0000   431      719.0000      721.0000  1774692    0.28%
   7736   551      721.0000   497      719.0000      721.0000  1805762    0.28%
   7799   434      721.0000   304      719.0000      721.0000  1765318    0.28%
   7863   417      721.0000   414      719.0000      721.0000  1761511    0.28%
   7950   605      720.5000   338      719.0000      721.0000  1826667    0.28%
   8028   569      720.5000   291      719.0000      721.0000  1808606    0.28%
   8403   608      721.0000   512      719.0000      721.0000  1827578    0.28%
Elapsed time = 6004.68 sec. (505009.42 ticks, tree = 7.92 MB, solutions = 18)
   8875  1099      720.0000   257      719.0000      721.0000  1975105    0.28%
   9390  1286      720.0000   308      719.0000      721.0000  2037250    0.28%
   9951  1909    infeasible            719.0000      721.0000  2253366    0.28%
  10484  1773      721.0000   300      719.0000      721.0000  2198060    0.28%
  10975  2412      720.5000   259      719.0000      721.0000  2446491    0.28%
  11564  2598      721.0000   275      719.0000      721.0000  2525047    0.28%
  12002  2726        cutoff            719.0000      721.0000  2566826    0.28%
  12592  3009      721.0000   219      719.0000      721.0000  2700699    0.28%
  13488  3174      720.0000   268      719.0000      721.0000  2778431    0.28%
  14292  3974      721.0000   182      719.0000      721.0000  3080486    0.28%
Elapsed time = 6865.45 sec. (543201.75 ticks, tree = 98.32 MB, solutions = 18)
  14708  4367      720.4167   198      719.0000      721.0000  3257367    0.28%
  14939  4592      721.0000   188      719.0000      721.0000  3394461    0.28%
  15200  4820      721.0000   155      719.0000      721.0000  3524629    0.28%
  15610  4895      720.0000   189      719.0000      721.0000  3545313    0.28%
  16163  5432      720.5000   152      719.0000      721.0000  3741430    0.28%
  16813  5770      720.0000   233      719.0000      721.0000  3864960    0.28%
  17406  6072      720.0000   210      719.0000      721.0000  3987795    0.28%
  18007  6527    infeasible            719.0000      721.0000  4141922    0.28%
  18627  6774      720.0000   145      719.0000      721.0000  4222659    0.28%
  19301  7083      720.0000   238      719.0000      721.0000  4323699    0.28%
Elapsed time = 7554.96 sec. (581436.67 ticks, tree = 192.63 MB, solutions = 18)
  19735  7555      721.0000   209      719.0000      721.0000  4521620    0.28%
  20181  7942      720.0000   208      719.0000      721.0000  4729212    0.28%
  20514  8410      720.0000   198      719.0000      721.0000  4880079    0.28%
  20789  8518      720.7500   236      719.0000      721.0000  4950846    0.28%
  21210  8524      721.0000   218      719.0000      721.0000  4965049    0.28%
  21831  9116      721.0000   219      719.0000      721.0000  5179221    0.28%
  22639  9216      720.0000   173      719.0000      721.0000  5215267    0.28%
  23488  9641      720.0000   195      719.0000      721.0000  5342611    0.28%
  24210 10483      720.0000   238      719.0000      721.0000  5645175    0.28%
  24740 11382      720.0000   194      719.0000      721.0000  5945026    0.28%
Elapsed time = 8342.55 sec. (619667.93 ticks, tree = 324.87 MB, solutions = 18)
  25372 11556      721.0000   226      719.0000      721.0000  6030165    0.28%
  26226 11743      720.0000   197      719.0000      721.0000  6131464    0.28%
  27026 12669      720.0000   225      719.0000      721.0000  6470957    0.28%
  27864 12934      720.0000   191      719.0000      721.0000  6569916    0.28%
  28698 13376      720.0000   190      719.0000      721.0000  6748406    0.28%
  29590 13881      720.0000   182      719.0000      721.0000  6939167    0.28%
  30384 14117      720.0000   235      719.0000      721.0000  7045541    0.28%
  30951 14663      720.0000   174      719.0000      721.0000  7245975    0.28%
  31628 15240      720.5000   182      719.0000      721.0000  7432206    0.28%
  32151 15610      721.0000   235      719.0000      721.0000  7598739    0.28%
Elapsed time = 9058.16 sec. (657856.18 ticks, tree = 454.39 MB, solutions = 18)
  32665 16012      720.0000   238      719.0000      721.0000  7785232    0.28%
  33201 16541      720.0000   226      719.0000      721.0000  7982726    0.28%
  33718 16601      720.0000   193      719.0000      721.0000  8024301    0.28%
  34213 17216      720.0000   220      719.0000      721.0000  8286244    0.28%
  34853 17161      720.0000   202      719.0000      721.0000  8273674    0.28%
  35487 17676      720.0000   172      719.0000      721.0000  8481310    0.28%
  36185 17989      720.5000   200      719.0000      721.0000  8612230    0.28%
  36912 18454      720.0000   206      719.0000      721.0000  8790392    0.28%
  37662 18681      720.0000   209      719.0000      721.0000  8879536    0.28%
  38239 19605      720.0000   200      719.0000      721.0000  9291064    0.28%
Elapsed time = 9644.89 sec. (696073.09 ticks, tree = 577.30 MB, solutions = 18)
  38753 19730      720.0000   232      719.0000      721.0000  9324052    0.28%
  39332 19946      721.0000   193      719.0000      721.0000  9429522    0.28%
  39903 20294      720.0000   247      719.0000      721.0000  9601684    0.28%
  40375 20854    infeasible            719.0000      721.0000  9836575    0.28%
  40872 21262      720.0000   198      719.0000      721.0000  9998775    0.28%
  41357 21295      720.0000   247      719.0000      721.0000 10027029    0.28%
  41830 22084      720.3333   189      719.0000      721.0000 10315063    0.28%
  42429 22021      720.0000   174      719.0000      721.0000 10298732    0.28%
  42940 22507      720.0000   219      719.0000      721.0000 10531282    0.28%
  43511 23105    infeasible            719.0000      721.0000 10820194    0.28%
Elapsed time = 10238.83 sec. (734292.92 ticks, tree = 684.31 MB, solutions = 18)
  44078 23417    infeasible            719.0000      721.0000 10936566    0.28%
  44573 23544      720.0000   167      719.0000      721.0000 11007019    0.28%
  45030 23545    infeasible            719.0000      721.0000 11008714    0.28%
  45499 24377      721.0000   200      719.0000      721.0000 11331827    0.28%
  45997 24676      720.9737   168      719.0000      721.0000 11451888    0.28%
  46522 24604      720.0000    97      719.0000      721.0000 11411476    0.28%
  47004 25320      721.0000   203      719.0000      721.0000 11693784    0.28%
  47580 25349    infeasible            719.0000      721.0000 11722332    0.28%
  48325 25649    infeasible            719.0000      721.0000 11882477    0.28%
  48994 26077      720.0000   115      719.0000      721.0000 12131333    0.28%
Elapsed time = 10837.10 sec. (772524.25 ticks, tree = 774.00 MB, solutions = 18)
  49714 26760      720.8333   173      719.0000      721.0000 12635628    0.28%
  50332 26814      721.0000   130      719.0000      721.0000 12688748    0.28%
  50987 26975      720.0000    42      719.0000      721.0000 12804808    0.28%
  51576 28064      720.0000    72      719.0000      721.0000 13905262    0.28%
* 51967 28648      integral     0      720.0000      721.0000 14608880    0.14%
  52069 28226      720.8333    51      720.0000      721.0000 14093092    0.14%
Exception raised in listener 'MipGapPrinter': 'int' object is not callable, id=133
  52475 28372      720.6667    66      720.0000      721.0000 14293228    0.14%
  53007  5689    infeasible            720.0000      721.0000 14619672    0.14%
  53579  5814        cutoff            720.0000      721.0000 15526073    0.14%
  53944  5909      721.0000   121      720.0000      721.0000 15830886    0.14%
  54100  5852      721.0000   120      720.0000      721.0000 15769126    0.14%
Elapsed time = 11513.84 sec. (810890.66 ticks, tree = 136.13 MB, solutions = 20)
  54246  5936    infeasible            720.0000      721.0000 16241815    0.14%
* 54264+ 5921                          721.0000      721.0000             0.00%
  54316  5872    infeasible            721.0000      721.0000 16379704    0.00%
  54368  5806      721.0000   111      721.0000      721.0000 16575536    0.00%
Exception raised in listener 'MipGapPrinter': 'int' object is not callable, id=136

GUB cover cuts applied:  266
Clique cuts applied:  17
Cover cuts applied:  240
Implied bound cuts applied:  343
Flow cuts applied:  7
Mixed integer rounding cuts applied:  66
Zero-half cuts applied:  138
Lift and project cuts applied:  5
Gomory fractional cuts applied:  78

Root node processing (before b&c):
  Real time             = 1125.75 sec. (155311.67 ticks)
Parallel b&c, 24 threads:
  Real time             = 13274.87 sec. (891659.61 ticks)
  Sync time (average)   = 2666.59 sec.
  Wait time (average)   =    0.52 sec.
                          ------------
Total (root+branch&cut) = 14400.62 sec. (1046971.27 ticks)
status  = time limit exceeded
time    = 14401.8 s.
problem = MILP
gap     = 0%

Objective value: 721.0
[50, 100, 8, 8, 400, 238, 721, 720, 0.0, 14401.81]
number of spatial :  638
Heuristic Solution information :  [50, 100, 8, 8, 400, 225, 646, 8, 638]
