CPXPARAM_Read_DataCheck                          1
CPXPARAM_TimeLimit                               14400
Tried aggregator 2 times.
MIP Presolve eliminated 49534 rows and 169795 columns.
MIP Presolve modified 2566 coefficients.
Aggregator did 1208 substitutions.
Reduced MIP has 313415 rows, 121145 columns, and 1238046 nonzeros.
Reduced MIP has 116145 binaries, 0 generals, 0 SOSs, and 0 indicators.
Presolve time = 11.49 sec. (4620.61 ticks)
Probing time = 7.10 sec. (30.67 ticks)
Tried aggregator 1 time.
MIP Presolve eliminated 147000 rows and 3000 columns.
Reduced MIP has 166415 rows, 118145 columns, and 944046 nonzeros.
Reduced MIP has 116145 binaries, 0 generals, 0 SOSs, and 0 indicators.
Presolve time = 6.72 sec. (1159.58 ticks)
Probing time = 4.44 sec. (30.00 ticks)
Clique table members: 63133.
MIP emphasis: balance optimality and feasibility.
MIP search method: dynamic search.
Parallel mode: deterministic, using up to 24 threads.
Root relaxation solution time = 84.93 sec. (6995.98 ticks)

        Nodes                                         Cuts/
   Node  Left     Objective  IInf  Best Integer    Best Bound    ItCnt     Gap

*     0+    0                          371.0000     1224.0000           229.92%
      0     0      955.1111  1385      371.0000      955.1111    60922  157.44%
Exception raised in listener 'MipGapPrinter': 'int' object is not callable, id=1
*     0+    0                          594.0000      955.1111            60.79%
Exception raised in listener 'MipGapPrinter': 'int' object is not callable, id=3
      0     0      894.3889  1482      594.0000    Cuts: 1163    95878   50.57%
      0     0      848.5833  1367      594.0000     Cuts: 838   127960   42.86%
      0     0      835.5000  1426      594.0000     Cuts: 727   157813   40.66%
*     0+    0                          701.0000      835.5000            19.19%
*     0+    0                          719.0000      835.5000            16.20%
*     0+    0                          729.0000      835.5000            14.61%
*     0+    0                          760.0000      835.5000             9.93%
Exception raised in listener 'MipGapPrinter': 'int' object is not callable, id=9
      0     0      835.1667  1629      760.0000     Cuts: 751   196199    9.89%
      0     0      830.7222  1439      760.0000     Cuts: 805   226271    9.31%
*     0+    0                          776.0000      830.7222             7.05%
Exception raised in listener 'MipGapPrinter': 'int' object is not callable, id=14
      0     0      829.7500  1591      776.0000     Cuts: 722   259217    6.93%
*     0+    0                          796.0000      829.7500             4.24%
Exception raised in listener 'MipGapPrinter': 'int' object is not callable, id=16
      0     0      825.0000  1539      796.0000     Cuts: 699   292594    3.64%
*     0+    0                          797.0000      825.0000             3.51%
Exception raised in listener 'MipGapPrinter': 'int' object is not callable, id=18
      0     0      825.0000  1439      797.0000     Cuts: 617   335849    3.51%
      0     0      825.0000  1640      797.0000     Cuts: 574   378413    3.51%
*     0+    0                          800.0000      825.0000             3.12%
Exception raised in listener 'MipGapPrinter': 'int' object is not callable, id=22
      0     0      825.0000  1115      800.0000      Cuts: 63   399365    3.12%
      0     0      825.0000  1381      800.0000     Cuts: 491   424337    3.12%
Heuristic still looking.
Heuristic still looking.
*     0+    0                          802.0000      825.0000             2.87%
*     0+    0                          805.0000      825.0000             2.48%
*     0+    0                          809.0000      825.0000             1.98%
Exception raised in listener 'MipGapPrinter': 'int' object is not callable, id=26
      0     2      825.0000   619      809.0000      825.0000   424337    1.98%
Elapsed time = 10542.71 sec. (980933.78 ticks, tree = 0.02 MB, solutions = 13)
      1     3      825.0000   615      809.0000      825.0000   426500    1.98%
      2     4      825.0000   634      809.0000      825.0000   428087    1.98%
      3     5      825.0000   626      809.0000      825.0000   429257    1.98%
      4     6      825.0000   616      809.0000      825.0000   429945    1.98%
      5     7      825.0000   625      809.0000      825.0000   431387    1.98%
      6     8      825.0000   679      809.0000      825.0000   431986    1.98%
      7     7    infeasible            809.0000      825.0000   432712    1.98%
      8     6      825.0000   649      809.0000      825.0000   429464    1.98%
      9     9      825.0000   710      809.0000      825.0000   434516    1.98%
     11    11      825.0000   749      809.0000      825.0000   436814    1.98%
Elapsed time = 10742.52 sec. (1000709.65 ticks, tree = 0.07 MB, solutions = 13)
     13     5      825.0000   636      809.0000      825.0000   428189    1.98%
     14    12      825.0000   653      809.0000      825.0000   439699    1.98%
     17    14      825.0000   671      809.0000      825.0000   441799    1.98%
     22    20      825.0000   716      809.0000      825.0000   446005    1.98%
     29    25      825.0000   774      809.0000      825.0000   450842    1.98%
     38    30      825.0000   828      809.0000      825.0000   453903    1.98%
     47    31      825.0000   690      809.0000      825.0000   458108    1.98%
     57    33      825.0000   792      809.0000      825.0000   460141    1.98%
     68    46      825.0000   805      809.0000      825.0000   461466    1.98%
     76    38      825.0000   738      809.0000      825.0000   462683    1.98%
Elapsed time = 10928.07 sec. (1011646.52 ticks, tree = 0.46 MB, solutions = 13)
     86    46      825.0000   679      809.0000      825.0000   467920    1.98%
     96    50      825.0000   709      809.0000      825.0000   469575    1.98%
    109    70      825.0000   658      809.0000      825.0000   481983    1.98%
    116    73      825.0000   666      809.0000      825.0000   483715    1.98%
    125    80      825.0000   740      809.0000      825.0000   489216    1.98%
    136    95      825.0000   749      809.0000      825.0000   499566    1.98%
    145    94      825.0000   738      809.0000      825.0000   495953    1.98%
    158    20      825.0000   635      809.0000      825.0000   445971    1.98%
    175   108      825.0000   734      809.0000      825.0000   504965    1.98%
    193   134      825.0000   669      809.0000      825.0000   522299    1.98%
Elapsed time = 11129.66 sec. (1022102.77 ticks, tree = 3.46 MB, solutions = 13)
    216   146      825.0000   703      809.0000      825.0000   530465    1.98%
    251   159      825.0000   719      809.0000      825.0000   539533    1.98%
    285   158      825.0000   647      809.0000      825.0000   537564    1.98%
    325   180    infeasible            809.0000      825.0000   544057    1.98%
    366   208      825.0000   688      809.0000      825.0000   560407    1.98%
    406   287      825.0000   647      809.0000      825.0000   600779    1.98%
    447   263      825.0000   794      809.0000      825.0000   584869    1.98%
    482   226      825.0000   691      809.0000      825.0000   575129    1.98%
    503    81      825.0000   724      809.0000      825.0000   490878    1.98%
    528   334      825.0000   739      809.0000      825.0000   626318    1.98%
Elapsed time = 11314.63 sec. (1032042.00 ticks, tree = 9.87 MB, solutions = 13)
    548   361      825.0000   747      809.0000      825.0000   638671    1.98%
    577   419      825.0000   703      809.0000      825.0000   667273    1.98%
    601   414      825.0000   645      809.0000      825.0000   664175    1.98%
    616   415      825.0000   637      809.0000      825.0000   664572    1.98%
    628   434      825.0000   740      809.0000      825.0000   673941    1.98%
    638   440      825.0000   749      809.0000      825.0000   675471    1.98%
*   645+   20                          810.0000      825.0000             1.85%
    646   452      825.0000   655      810.0000      825.0000   680610    1.85%
    657   447      825.0000   774      810.0000      825.0000   678009    1.85%
    662   482      825.0000   704      810.0000      825.0000   692415    1.85%
    670   482      825.0000   718      810.0000      825.0000   694545    1.85%
Elapsed time = 11501.78 sec. (1042128.80 ticks, tree = 14.40 MB, solutions = 13)
    680   493      825.0000   698      810.0000      825.0000   695081    1.85%
    692   503      825.0000   667      810.0000      825.0000   701785    1.85%
    708   500      825.0000   779      810.0000      825.0000   698797    1.85%
    719   225      825.0000   729      810.0000      825.0000   570306    1.85%
    734   537      825.0000   713      810.0000      825.0000   711955    1.85%
    753   547      825.0000   664      810.0000      825.0000   715316    1.85%
    774   580      825.0000   638      810.0000      825.0000   729000    1.85%
    798   598      825.0000   751      810.0000      825.0000   735255    1.85%
    825   621      825.0000   661      810.0000      825.0000   743225    1.85%
    862   615      825.0000   770      810.0000      825.0000   740654    1.85%
Elapsed time = 11677.90 sec. (1052155.31 ticks, tree = 17.74 MB, solutions = 13)
    910   624      825.0000   679      810.0000      825.0000   746030    1.85%
    948   627      825.0000   677      810.0000      825.0000   747603    1.85%
    988   660      825.0000   716      810.0000      825.0000   762727    1.85%
*   996+   20                          811.0000      825.0000             1.73%
   1027   787      825.0000   705      811.0000      825.0000   814804    1.73%
   1072   772      825.0000   732      811.0000      825.0000   811504    1.73%
Exception raised in listener 'MipGapPrinter': 'int' object is not callable, id=40
   1120   864      825.0000   723      811.0000      825.0000   842900    1.73%
   1174   762      825.0000   741      811.0000      825.0000   797946    1.73%
   1231   963      825.0000   738      811.0000      825.0000   872944    1.73%
   1292   783      825.0000   604      811.0000      825.0000   818568    1.73%
   1351   815    infeasible            811.0000      825.0000   827341    1.73%
Elapsed time = 11828.59 sec. (1061866.46 ticks, tree = 25.45 MB, solutions = 15)
   1414  1040      825.0000   547      811.0000      825.0000   907763    1.73%
   1486  1102      825.0000   581      811.0000      825.0000   934774    1.73%
   1572  1149      825.0000   680      811.0000      825.0000   952183    1.73%
   1655  1286      825.0000   656      811.0000      825.0000   999035    1.73%
   1739  1150      825.0000   795      811.0000      825.0000   950714    1.73%
   1822  1190      825.0000   706      811.0000      825.0000   974422    1.73%
   1909  1423      825.0000   649      811.0000      825.0000  1052828    1.73%
   2008  1485      825.0000   644      811.0000      825.0000  1086296    1.73%
   2103  1282      825.0000   647      811.0000      825.0000   999737    1.73%
   2202  1379      825.0000   516      811.0000      825.0000  1043905    1.73%
Elapsed time = 11970.61 sec. (1071514.89 ticks, tree = 50.11 MB, solutions = 15)
   2290  1671      825.0000   635      811.0000      825.0000  1154227    1.73%
   2378  1563      825.0000   638      811.0000      825.0000  1116786    1.73%
   2463  1763      825.0000   667      811.0000      825.0000  1200067    1.73%
   2554  1572      825.0000   625      811.0000      825.0000  1119180    1.73%
   2655  1750      825.0000   665      811.0000      825.0000  1193240    1.73%
   2754  1962      825.0000   685      811.0000      825.0000  1296512    1.73%
   2853  1836      825.0000   503      811.0000      825.0000  1234811    1.73%
   2923  2100      825.0000   606      811.0000      825.0000  1345964    1.73%
   3020  2009      825.0000   829      811.0000      825.0000  1322445    1.73%
   3096  1911      825.0000   665      811.0000      825.0000  1270311    1.73%
Elapsed time = 12105.56 sec. (1081204.49 ticks, tree = 75.07 MB, solutions = 15)
   3180  2200    infeasible            811.0000      825.0000  1405053    1.73%
   3265  2187      825.0000   719      811.0000      825.0000  1387469    1.73%
   3346  2499      825.0000   698      811.0000      825.0000  1584654    1.73%
   3423  2293      825.0000   619      811.0000      825.0000  1444508    1.73%
   3508  2611      825.0000   679      811.0000      825.0000  1643434    1.73%
   3595  2359      825.0000   554      811.0000      825.0000  1490101    1.73%
   3675  2572      825.0000   595      811.0000      825.0000  1623785    1.73%
   3756  2496      825.0000   679      811.0000      825.0000  1578519    1.73%
   3836  2853      825.0000   583      811.0000      825.0000  1785688    1.73%
   4190  2978      825.0000   548      811.0000      825.0000  1869253    1.73%
Elapsed time = 12289.17 sec. (1093705.74 ticks, tree = 128.48 MB, solutions = 15)
   4556  3108      825.0000   708      811.0000      825.0000  1936865    1.73%
   4939  3621    infeasible            811.0000      825.0000  2212141    1.73%
   5207  3659      825.0000   556      811.0000      825.0000  2235288    1.73%
   5502  4060    infeasible            811.0000      825.0000  2470782    1.73%
   5853  4308      825.0000   502      811.0000      825.0000  2644401    1.73%
   6242  4257    infeasible            811.0000      825.0000  2626271    1.73%
   6676  4542      825.0000   534      811.0000      825.0000  2792559    1.73%
   7146  4640      822.0000   376      811.0000      825.0000  2929853    1.73%
   7544  4854      825.0000   338      811.0000      825.0000  3075218    1.73%
   7693  5023      825.0000   514      811.0000      825.0000  3259649    1.73%
Elapsed time = 12778.56 sec. (1132008.37 ticks, tree = 243.78 MB, solutions = 15)

GUB cover cuts applied:  375
Clique cuts applied:  7
Cover cuts applied:  69
Implied bound cuts applied:  3013
Flow cuts applied:  4
Mixed integer rounding cuts applied:  666
Zero-half cuts applied:  334
Lift and project cuts applied:  8
Gomory fractional cuts applied:  100

Root node processing (before b&c):
  Real time             = 10535.14 sec. (980730.64 ticks)
Parallel b&c, 24 threads:
  Real time             = 3864.98 sec. (407622.46 ticks)
  Sync time (average)   =  638.68 sec.
  Wait time (average)   =    0.00 sec.
                          ------------
Total (root+branch&cut) = 14400.11 sec. (1388353.10 ticks)
status  = time limit exceeded
time    = 14401 s.
problem = MILP
gap     = 1.72626%

Objective value: 811.0
[50, 100, 8, 8, 400, 268, 811, 824, 1.73, 14400.99]
number of spatial :  733
Heuristic Solution information :  [50, 100, 8, 8, 400, 245, 741, 8, 733]
