CPXPARAM_Read_DataCheck                          1
CPXPARAM_TimeLimit                               14400
Tried aggregator 2 times.
MIP Presolve eliminated 74139 rows and 254763 columns.
MIP Presolve modified 3596 coefficients.
Aggregator did 1208 substitutions.
Reduced MIP has 469471 rows, 181177 columns, and 1855912 nonzeros.
Reduced MIP has 173677 binaries, 0 generals, 0 SOSs, and 0 indicators.
Presolve time = 12.86 sec. (6898.33 ticks)
Probing time = 7.04 sec. (49.29 ticks)
Tried aggregator 1 time.
MIP Presolve eliminated 220500 rows and 4500 columns.
Reduced MIP has 248971 rows, 176677 columns, and 1414912 nonzeros.
Reduced MIP has 173677 binaries, 0 generals, 0 SOSs, and 0 indicators.
Presolve time = 6.17 sec. (1742.64 ticks)
Probing time = 3.16 sec. (48.88 ticks)
Clique table members: 94744.
MIP emphasis: balance optimality and feasibility.
MIP search method: dynamic search.
Parallel mode: deterministic, using up to 24 threads.
Root relaxation solution time = 118.06 sec. (9684.12 ticks)

        Nodes                                         Cuts/
   Node  Left     Objective  IInf  Best Integer    Best Bound    ItCnt     Gap

*     0+    0                          522.0000     1224.0000           134.48%
      0     0     1148.5333  1816      522.0000     1148.5333    54539  120.03%
Exception raised in listener 'MipGapPrinter': 'int' object is not callable, id=1
*     0+    0                          821.0000     1148.5333            39.89%
Exception raised in listener 'MipGapPrinter': 'int' object is not callable, id=3
      0     0     1130.2000  1939      821.0000    Cuts: 1253   106950   37.66%
      0     0     1124.1667  1873      821.0000    Cuts: 1069   162056   36.93%
      0     0     1123.4333  2090      821.0000    Cuts: 1315   227835   36.84%
*     0+    0                          985.0000     1123.4333            14.05%
*     0+    0                         1000.0000     1123.4333            12.34%
Exception raised in listener 'MipGapPrinter': 'int' object is not callable, id=9
      0     0     1123.1667  2050     1000.0000    Cuts: 1061   310276   12.32%
      0     0     1123.1667  2109     1000.0000    Cuts: 1264   399538   12.32%

GUB cover cuts applied:  102
Clique cuts applied:  46
Cover cuts applied:  118
Implied bound cuts applied:  2442
Flow cuts applied:  1284
Mixed integer rounding cuts applied:  1208
Zero-half cuts applied:  197
Gomory fractional cuts applied:  48

Root node processing (before b&c):
  Real time             = 14404.53 sec. (1074317.94 ticks)
Parallel b&c, 24 threads:
  Real time             =    0.00 sec. (0.00 ticks)
  Sync time (average)   =    0.00 sec.
  Wait time (average)   =    0.00 sec.
                          ------------
Total (root+branch&cut) = 14404.53 sec. (1074317.94 ticks)
status  = time limit exceeded
time    = 14405.3 s.
problem = MILP
gap     = 12.3167%

Objective value: 1000.0
[50, 150, 8, 8, 400, 323, 1000, 1123, 12.32, 14405.33]
number of spatial :  980
Heuristic Solution information :  [50, 150, 8, 8, 400, 330, 988, 8, 980]
