CPXPARAM_Read_DataCheck                          1
CPXPARAM_TimeLimit                               14400
Tried aggregator 2 times.
MIP Presolve eliminated 37455 rows and 339678 columns.
MIP Presolve modified 2126 coefficients.
Aggregator did 1208 substitutions.
Reduced MIP has 419216 rows, 96262 columns, and 1306682 nonzeros.
Reduced MIP has 88762 binaries, 0 generals, 0 SOSs, and 0 indicators.
Presolve time = 5.83 sec. (6234.08 ticks)
Probing time = 5.51 sec. (27.82 ticks)
Tried aggregator 1 time.
MIP Presolve eliminated 294000 rows and 6000 columns.
Reduced MIP has 125216 rows, 90262 columns, and 718682 nonzeros.
Reduced MIP has 88762 binaries, 0 generals, 0 SOSs, and 0 indicators.
Presolve time = 2.58 sec. (960.68 ticks)
Probing time = 3.12 sec. (22.38 ticks)
Clique table members: 48085.
MIP emphasis: balance optimality and feasibility.
MIP search method: dynamic search.
Parallel mode: deterministic, using up to 24 threads.
Root relaxation solution time = 39.70 sec. (5673.59 ticks)

        Nodes                                         Cuts/
   Node  Left     Objective  IInf  Best Integer    Best Bound    ItCnt     Gap

*     0+    0                          613.0000     1224.0000            99.67%
      0     0     1081.8000  1018      613.0000     1081.8000    54661   76.48%
Exception raised in listener 'MipGapPrinter': 'int' object is not callable, id=1
*     0+    0                          804.0000     1081.8000            34.55%
Exception raised in listener 'MipGapPrinter': 'int' object is not callable, id=3
      0     0     1047.4333  1051      804.0000     Cuts: 914    76568   30.28%
      0     0     1037.3333  1321      804.0000     Cuts: 538   100028   29.02%
      0     0     1022.5000  1239      804.0000     Cuts: 623   121409   27.18%
*     0+    0                          928.0000     1022.5000            10.18%
*     0+    0                          936.0000     1022.5000             9.24%
*     0+    0                          942.0000     1022.5000             8.55%
Exception raised in listener 'MipGapPrinter': 'int' object is not callable, id=9
      0     0     1012.0000  1226      942.0000     Cuts: 599   139400    7.43%
      0     0     1012.0000  1347      942.0000     Cuts: 644   161133    7.43%
      0     0     1009.0000  1028      942.0000     Cuts: 243   179730    7.11%
*     0+    0                          969.0000     1009.0000             4.13%
*     0+    0                          974.0000     1009.0000             3.59%
Exception raised in listener 'MipGapPrinter': 'int' object is not callable, id=16
      0     0     1008.8000  1080      974.0000     Cuts: 502   199010    3.57%
      0     0     1008.8000  1030      974.0000     Cuts: 464   219912    3.57%
      0     0     1008.8000  1194      974.0000     Cuts: 459   242997    3.57%
Heuristic still looking.
Heuristic still looking.
*     0+    0                          980.0000     1008.8000             2.94%
Exception raised in listener 'MipGapPrinter': 'int' object is not callable, id=23
      0     2     1008.8000   423      980.0000     1008.8000   242997    2.94%
Elapsed time = 6241.46 sec. (442017.79 ticks, tree = 0.02 MB, solutions = 8)
      1     3     1008.8000   451      980.0000     1008.8000   245267    2.94%
      2     4     1008.8000   465      980.0000     1008.8000   245745    2.94%
      3     5     1008.8000   551      980.0000     1008.8000   246360    2.94%
      4     6     1008.8000   559      980.0000     1008.8000   247536    2.94%
      5     7     1008.8000   549      980.0000     1008.8000   248144    2.94%
      6     8     1008.8000   546      980.0000     1008.8000   248468    2.94%
      7     9     1008.8000   607      980.0000     1008.8000   248782    2.94%
      8    10     1008.8000   598      980.0000     1008.8000   249173    2.94%
     10    12     1008.8000   599      980.0000     1008.8000   249419    2.94%
     15    17     1008.8000   525      980.0000     1008.8000   251384    2.94%
Elapsed time = 6394.80 sec. (447150.08 ticks, tree = 0.06 MB, solutions = 8)
     19    21     1008.8000   580      980.0000     1008.8000   253469    2.94%
     20    12     1008.8000   599      980.0000     1008.8000   249396    2.94%
     27    28     1008.8000   455      980.0000     1008.8000   256780    2.94%
     42    33     1008.8000   495      980.0000     1008.8000   259730    2.94%
     60    43     1008.8000   447      980.0000     1008.8000   262533    2.94%
     87    76     1008.8000   507      980.0000     1008.8000   279398    2.94%
    139    83     1008.8000   546      980.0000     1008.8000   280560    2.94%
    198   149     1008.8000   475      980.0000     1008.8000   316888    2.94%
    274   205     1008.8000   498      980.0000     1008.8000   337303    2.94%
    337   239     1008.8000   423      980.0000     1008.8000   346997    2.94%
Elapsed time = 6931.19 sec. (461391.74 ticks, tree = 5.11 MB, solutions = 8)
    392   295     1008.8000   421      980.0000     1008.8000   366782    2.94%
    440   353     1008.8000   428      980.0000     1008.8000   390405    2.94%
    504   316     1008.8000   498      980.0000     1008.8000   375934    2.94%
    583   420     1008.8000   421      980.0000     1008.8000   420151    2.94%
    663   455     1008.8000   545      980.0000     1008.8000   432651    2.94%
    740   519     1008.8000   469      980.0000     1008.8000   464221    2.94%
    820   497     1008.8000   471      980.0000     1008.8000   454927    2.94%
    893   635     1008.8000   444      980.0000     1008.8000   496973    2.94%
    971   583     1008.8000   435      980.0000     1008.8000   485308    2.94%
   1058   778     1008.8000   456      980.0000     1008.8000   539704    2.94%
Elapsed time = 7179.22 sec. (471033.19 ticks, tree = 17.53 MB, solutions = 8)
   1157   839    infeasible            980.0000     1008.8000   561109    2.94%
   1270   798     1008.8000   445      980.0000     1008.8000   548373    2.94%
   1389  1013     1008.8000   436      980.0000     1008.8000   619586    2.94%
   1516   904     1008.8000   452      980.0000     1008.8000   586826    2.94%
   1650  1155     1008.8000   512      980.0000     1008.8000   670276    2.94%
   1786  1351     1008.8000   461      980.0000     1008.8000   735141    2.94%
   1932  1146     1008.8000   417      980.0000     1008.8000   668404    2.94%
   2102  1595     1008.8000   482      980.0000     1008.8000   825831    2.94%
   2272  1602     1008.8000   481      980.0000     1008.8000   827473    2.94%
   2436  1670     1008.8000   357      980.0000     1008.8000   850752    2.94%
Elapsed time = 7407.54 sec. (480618.40 ticks, tree = 49.37 MB, solutions = 8)
   2617  1811     1008.8000   457      980.0000     1008.8000   903646    2.94%
   2783  2003     1008.8000   355      980.0000     1008.8000   977478    2.94%
   2952  1839     1008.8000   370      980.0000     1008.8000   916434    2.94%
   3124  2170     1008.8000   458      980.0000     1008.8000  1034986    2.94%
   3288  2291     1008.8000   329      980.0000     1008.8000  1087087    2.94%
   3450  2476     1007.8000   434      980.0000     1008.8000  1147237    2.94%
   3593  2351    infeasible            980.0000     1008.8000  1102620    2.94%
   3752  2567     1008.8000   465      980.0000     1008.8000  1187356    2.94%
   3865  2968     1008.8000   367      980.0000     1008.8000  1412306    2.94%
   4011  2986     1008.8000   378      980.0000     1008.8000  1427502    2.94%
Elapsed time = 7620.67 sec. (490191.30 ticks, tree = 101.54 MB, solutions = 8)
   4144  2917     1008.8000   328      980.0000     1008.8000  1388617    2.94%
   4273  3108     1008.8000   358      980.0000     1008.8000  1500617    2.94%
   4395  3126     1008.8000   427      980.0000     1008.8000  1502208    2.94%
   4522  3371     1008.8000   496      980.0000     1008.8000  1635771    2.94%
   4663  3378     1008.8000   469      980.0000     1008.8000  1638096    2.94%
   4799  3531     1008.8000   385      980.0000     1008.8000  1707551    2.94%
   4927  3402     1008.8000   463      980.0000     1008.8000  1643105    2.94%
   5023  3609     1008.8000   364      980.0000     1008.8000  1783150    2.94%
   5091  3864     1007.8000   339      980.0000     1008.8000  1927201    2.94%
*  5152+ 3869                          981.0000     1008.8000             2.83%
   5164  3914     1008.8000   382      981.0000     1008.8000  1986990    2.83%
Elapsed time = 7839.54 sec. (499804.00 ticks, tree = 144.53 MB, solutions = 8)
   5239  3875     1008.8000   307      981.0000     1008.8000  1958690    2.83%
   5306  4000     1007.8000   297      981.0000     1008.8000  2064910    2.83%
   5378  3969    infeasible            981.0000     1008.8000  2037580    2.83%
   5454  4004    infeasible            981.0000     1008.8000  2072703    2.83%
   5540  4135     1008.8000   282      981.0000     1008.8000  2211579    2.83%
Exception raised in listener 'MipGapPrinter': 'int' object is not callable, id=57
   5639  4181     1008.8000   486      981.0000     1008.8000  2263612    2.83%
   5754  4281     1008.8000   406      981.0000     1008.8000  2353557    2.83%
   5867  4174    infeasible            981.0000     1008.8000  2272198    2.83%
   5987  4340     1006.3000   264      981.0000     1008.8000  2422780    2.83%
   6110  4440    infeasible            981.0000     1008.8000  2538156    2.83%
Elapsed time = 8088.27 sec. (509437.02 ticks, tree = 168.18 MB, solutions = 14)
   6243  4339     1008.8000   281      981.0000     1008.8000  2419789    2.83%
*  6299+ 3747                          984.0000     1008.8000             2.52%
   6373  4536     1008.8000   389      984.0000     1008.8000  2637514    2.52%
   6511  4508    infeasible            984.0000     1008.8000  2615904    2.52%
*  6572+ 3747                          986.0000     1008.8000             2.31%
   6630  4575     1007.6583   206      986.0000     1008.8000  2705248    2.31%
   6758  4890     1008.8000   426      986.0000     1008.8000  3010032    2.31%
   6873  4832     1008.8000   415      986.0000     1008.8000  2968430    2.31%
   7000  4819     1008.8000   291      986.0000     1008.8000  2968870    2.31%
   7119  4947     1008.8000   318      986.0000     1008.8000  3077409    2.31%
   7230  5134     1008.8000   258      986.0000     1008.8000  3341502    2.31%
   7340  5134     1008.8000   484      986.0000     1008.8000  3312823    2.31%
Elapsed time = 8279.37 sec. (519036.40 ticks, tree = 199.17 MB, solutions = 14)
   7470  5464     1008.8000   166      986.0000     1008.8000  3680387    2.31%
   7602  5329     1001.8333   199      986.0000     1008.8000  3535844    2.31%
   7720  5608     1008.8000   297      986.0000     1008.8000  3855380    2.31%
Exception raised in listener 'MipGapPrinter': 'int' object is not callable, id=62
*  7841+ 3818                          990.0000     1008.8000             1.90%
   7854  5613     1008.8000   285      990.0000     1008.8000  3859187    1.90%
   7978  5540     1008.8000   319      990.0000     1008.8000  3770147    1.90%
   8088  5879     1008.8000   421      990.0000     1008.8000  4170800    1.90%
   8193  5815     1005.7993   209      990.0000     1008.8000  4114728    1.90%
   8297  5952     1008.3000   249      990.0000     1008.8000  4242234    1.90%
   8413  5906     1008.3722   251      990.0000     1008.8000  4211162    1.90%
*  8503+ 3818                          994.0000     1008.8000             1.49%
   8515  6174     1008.2933   175      994.0000     1008.8000  4558814    1.49%
Elapsed time = 8456.68 sec. (528621.54 ticks, tree = 247.33 MB, solutions = 15)
   8606  5959     1002.7778   113      994.0000     1008.8000  4287627    1.49%
   8706  6389     1005.8667   223      994.0000     1008.8000  4816912    1.49%
   8792  6296     1007.9444   217      994.0000     1008.8000  4685205    1.49%
   8879  6569     1008.8000   342      994.0000     1008.8000  5056894    1.49%
   8979  6442     1002.5370   157      994.0000     1008.8000  4932575    1.49%
   9070  6399     1006.1667   204      994.0000     1008.8000  4875653    1.49%
Exception raised in listener 'MipGapPrinter': 'int' object is not callable, id=65
   9161  6596     1008.8000   303      994.0000     1008.8000  5073122    1.49%
   9254  6661     1004.2778   166      994.0000     1008.8000  5185895    1.49%
   9354  6673     1008.7037   235      994.0000     1008.8000  5203742    1.49%
   9760  7111     1008.8000   354      994.0000     1008.8000  5972867    1.49%
Elapsed time = 8729.44 sec. (541119.15 ticks, tree = 289.76 MB, solutions = 19)
  10183  7536    infeasible            994.0000     1008.8000  6573648    1.49%
  10578  7739      999.1389   143      994.0000     1008.8000  6828314    1.49%
  10943  8115     1007.5000   249      994.0000     1008.8000  7418653    1.49%

GUB cover cuts applied:  294
Clique cuts applied:  30
Cover cuts applied:  135
Implied bound cuts applied:  2386
Flow cuts applied:  10
Mixed integer rounding cuts applied:  509
Zero-half cuts applied:  228
Lift and project cuts applied:  12
Gomory fractional cuts applied:  113

Root node processing (before b&c):
  Real time             = 6204.78 sec. (441908.69 ticks)
Parallel b&c, 24 threads:
  Real time             = 8195.55 sec. (366134.64 ticks)
  Sync time (average)   =  691.11 sec.
  Wait time (average)   =    0.00 sec.
                          ------------
Total (root+branch&cut) = 14400.33 sec. (808043.33 ticks)
status  = time limit exceeded
time    = 14401.7 s.
problem = MILP
gap     = 1.48893%

Objective value: 994.0
[50, 150, 8, 8, 400, 319, 994, 1008, 1.49, 14401.71]
number of spatial :  874
Heuristic Solution information :  [50, 150, 8, 8, 400, 306, 882, 8, 874]
